Connected to the server 127.0.0.1:5801
Current table:

    A   B   C   D   E   F   G   H   I
  +---+---+---+---+---+---+---+---+---+
 1    |   |   | B | B | B |   |   |    |
  +---+---+---+---+---+---+---+---+---+
 2    |   |   |   | B |   |   |   |    |
  +---+---+---+---+---+---+---+---+---+
 3    |   |   |   | W |   |   |   |    |
  +---+---+---+---+---+---+---+---+---+
 4  B |   |   |   | W |   |   |   | B  |
  +---+---+---+---+---+---+---+---+---+
 5  B | B | W | W | K | W | W | B | B  |
  +---+---+---+---+---+---+---+---+---+
 6  B |   |   |   | W |   |   |   | B  |
  +---+---+---+---+---+---+---+---+---+
 7    |   |   |   | W |   |   |   |    |
  +---+---+---+---+---+---+---+---+---+
 8    |   |   |   | B |   |   |   |    |
  +---+---+---+---+---+---+---+---+---+
 9    |   |   | B | B | B |   |   |    |
  +---+---+---+---+---+---+---+---+---+
Waiting for your opponent move...
Current table:

    A   B   C   D   E   F   G   H   I
  +---+---+---+---+---+---+---+---+---+
 1    |   |   | B | B | B |   |   |    |
  +---+---+---+---+---+---+---+---+---+
 2    |   |   |   | B |   |   |   |    |
  +---+---+---+---+---+---+---+---+---+
 3    |   |   |   | W |   |   |   |    |
  +---+---+---+---+---+---+---+---+---+
 4  B |   |   |   | W |   |   |   | B  |
  +---+---+---+---+---+---+---+---+---+
 5  B | B | W | W | K | W |   | B | B  |
  +---+---+---+---+---+---+---+---+---+
 6  B |   |   |   | W |   |   |   | B  |
  +---+---+---+---+---+---+---+---+---+
 7    |   |   |   | W |   |   |   |    |
  +---+---+---+---+---+---+---+---+---+
 8    |   |   |   | B |   |   |   |    |
  +---+---+---+---+---+---+---+---+---+
 9    |   |   | B | B | B | W |   |    |
  +---+---+---+---+---+---+---+---+---+
It's your turn
Move BLACK : e8 --> d8
After my move:

    A   B   C   D   E   F   G   H   I
  +---+---+---+---+---+---+---+---+---+
 1    |   |   | B | B | B |   |   |    |
  +---+---+---+---+---+---+---+---+---+
 2    |   |   |   | B |   |   |   |    |
  +---+---+---+---+---+---+---+---+---+
 3    |   |   |   | W |   |   |   |    |
  +---+---+---+---+---+---+---+---+---+
 4  B |   |   |   | W |   |   |   | B  |
  +---+---+---+---+---+---+---+---+---+
 5  B | B | W | W | K | W |   | B | B  |
  +---+---+---+---+---+---+---+---+---+
 6  B |   |   |   | W |   |   |   | B  |
  +---+---+---+---+---+---+---+---+---+
 7    |   |   |   | W |   |   |   |    |
  +---+---+---+---+---+---+---+---+---+
 8    |   |   | B |   |   |   |   |    |
  +---+---+---+---+---+---+---+---+---+
 9    |   |   | B | B | B | W |   |    |
  +---+---+---+---+---+---+---+---+---+
Current table:

    A   B   C   D   E   F   G   H   I
  +---+---+---+---+---+---+---+---+---+
 1    |   |   | B | B | B | W |   |    |
  +---+---+---+---+---+---+---+---+---+
 2    |   |   |   | B |   |   |   |    |
  +---+---+---+---+---+---+---+---+---+
 3    |   |   |   | W |   |   |   |    |
  +---+---+---+---+---+---+---+---+---+
 4  B |   |   |   | W |   |   |   | B  |
  +---+---+---+---+---+---+---+---+---+
 5  B | B | W | W | K | W |   | B | B  |
  +---+---+---+---+---+---+---+---+---+
 6  B |   |   |   | W |   |   |   | B  |
  +---+---+---+---+---+---+---+---+---+
 7    |   |   |   | W |   |   |   |    |
  +---+---+---+---+---+---+---+---+---+
 8    |   |   | B |   |   |   |   |    |
  +---+---+---+---+---+---+---+---+---+
 9    |   |   | B | B | B |   |   |    |
  +---+---+---+---+---+---+---+---+---+
It's your turn
Move BLACK : e2 --> b2
After my move:

    A   B   C   D   E   F   G   H   I
  +---+---+---+---+---+---+---+---+---+
 1    |   |   | B | B | B | W |   |    |
  +---+---+---+---+---+---+---+---+---+
 2    | B |   |   |   |   |   |   |    |
  +---+---+---+---+---+---+---+---+---+
 3    |   |   |   | W |   |   |   |    |
  +---+---+---+---+---+---+---+---+---+
 4  B |   |   |   | W |   |   |   | B  |
  +---+---+---+---+---+---+---+---+---+
 5  B | B | W | W | K | W |   | B | B  |
  +---+---+---+---+---+---+---+---+---+
 6  B |   |   |   | W |   |   |   | B  |
  +---+---+---+---+---+---+---+---+---+
 7    |   |   |   | W |   |   |   |    |
  +---+---+---+---+---+---+---+---+---+
 8    |   |   | B |   |   |   |   |    |
  +---+---+---+---+---+---+---+---+---+
 9    |   |   | B | B | B |   |   |    |
  +---+---+---+---+---+---+---+---+---+
Current table:

    A   B   C   D   E   F   G   H   I
  +---+---+---+---+---+---+---+---+---+
 1    |   |   | B | B | B |   |   |    |
  +---+---+---+---+---+---+---+---+---+
 2    | B |   |   |   |   |   |   |    |
  +---+---+---+---+---+---+---+---+---+
 3    |   |   |   | W |   |   |   |    |
  +---+---+---+---+---+---+---+---+---+
 4  B |   |   |   | W |   |   |   | B  |
  +---+---+---+---+---+---+---+---+---+
 5  B | B | W | W | K | W |   | B | B  |
  +---+---+---+---+---+---+---+---+---+
 6  B |   |   |   | W |   |   |   | B  |
  +---+---+---+---+---+---+---+---+---+
 7    |   |   |   | W |   |   |   |    |
  +---+---+---+---+---+---+---+---+---+
 8    |   |   | B |   |   |   |   |    |
  +---+---+---+---+---+---+---+---+---+
 9    |   |   | B | B | B | W |   |    |
  +---+---+---+---+---+---+---+---+---+
It's your turn
Move BLACK : h5 --> h9
After my move:

    A   B   C   D   E   F   G   H   I
  +---+---+---+---+---+---+---+---+---+
 1    |   |   | B | B | B |   |   |    |
  +---+---+---+---+---+---+---+---+---+
 2    | B |   |   |   |   |   |   |    |
  +---+---+---+---+---+---+---+---+---+
 3    |   |   |   | W |   |   |   |    |
  +---+---+---+---+---+---+---+---+---+
 4  B |   |   |   | W |   |   |   | B  |
  +---+---+---+---+---+---+---+---+---+
 5  B | B | W | W | K | W |   |   | B  |
  +---+---+---+---+---+---+---+---+---+
 6  B |   |   |   | W |   |   |   | B  |
  +---+---+---+---+---+---+---+---+---+
 7    |   |   |   | W |   |   |   |    |
  +---+---+---+---+---+---+---+---+---+
 8    |   |   | B |   |   |   |   |    |
  +---+---+---+---+---+---+---+---+---+
 9    |   |   | B | B | B |   | B |    |
  +---+---+---+---+---+---+---+---+---+
Current table:

    A   B   C   D   E   F   G   H   I
  +---+---+---+---+---+---+---+---+---+
 1    |   |   | B | B | B |   |   |    |
  +---+---+---+---+---+---+---+---+---+
 2    | B |   |   |   |   |   |   |    |
  +---+---+---+---+---+---+---+---+---+
 3    |   |   |   | W |   |   |   |    |
  +---+---+---+---+---+---+---+---+---+
 4  B |   |   |   | W |   |   |   | B  |
  +---+---+---+---+---+---+---+---+---+
 5  B | B | W | W | K | W |   |   | B  |
  +---+---+---+---+---+---+---+---+---+
 6  B |   |   |   | W |   |   |   | B  |
  +---+---+---+---+---+---+---+---+---+
 7  W |   |   |   |   |   |   |   |    |
  +---+---+---+---+---+---+---+---+---+
 8    |   |   | B |   |   |   |   |    |
  +---+---+---+---+---+---+---+---+---+
 9    |   |   | B | B | B |   | B |    |
  +---+---+---+---+---+---+---+---+---+
It's your turn
Move BLACK : b5 --> b4
After my move:

    A   B   C   D   E   F   G   H   I
  +---+---+---+---+---+---+---+---+---+
 1    |   |   | B | B | B |   |   |    |
  +---+---+---+---+---+---+---+---+---+
 2    | B |   |   |   |   |   |   |    |
  +---+---+---+---+---+---+---+---+---+
 3    |   |   |   | W |   |   |   |    |
  +---+---+---+---+---+---+---+---+---+
 4  B | B |   |   | W |   |   |   | B  |
  +---+---+---+---+---+---+---+---+---+
 5  B |   | W | W | K | W |   |   | B  |
  +---+---+---+---+---+---+---+---+---+
 6  B |   |   |   | W |   |   |   | B  |
  +---+---+---+---+---+---+---+---+---+
 7  W |   |   |   |   |   |   |   |    |
  +---+---+---+---+---+---+---+---+---+
 8    |   |   | B |   |   |   |   |    |
  +---+---+---+---+---+---+---+---+---+
 9    |   |   | B | B | B |   | B |    |
  +---+---+---+---+---+---+---+---+---+
Current table:

    A   B   C   D   E   F   G   H   I
  +---+---+---+---+---+---+---+---+---+
 1    |   |   | B | B | B |   |   |    |
  +---+---+---+---+---+---+---+---+---+
 2    | B |   |   |   |   |   |   |    |
  +---+---+---+---+---+---+---+---+---+
 3    |   |   |   | W |   |   |   |    |
  +---+---+---+---+---+---+---+---+---+
 4  B |   | W |   |   |   |   |   | B  |
  +---+---+---+---+---+---+---+---+---+
 5  B |   | W | W | K | W |   |   | B  |
  +---+---+---+---+---+---+---+---+---+
 6  B |   |   |   | W |   |   |   | B  |
  +---+---+---+---+---+---+---+---+---+
 7  W |   |   |   |   |   |   |   |    |
  +---+---+---+---+---+---+---+---+---+
 8    |   |   | B |   |   |   |   |    |
  +---+---+---+---+---+---+---+---+---+
 9    |   |   | B | B | B |   | B |    |
  +---+---+---+---+---+---+---+---+---+
It's your turn
Move BLACK : f1 --> f4
After my move:

    A   B   C   D   E   F   G   H   I
  +---+---+---+---+---+---+---+---+---+
 1    |   |   | B | B |   |   |   |    |
  +---+---+---+---+---+---+---+---+---+
 2    | B |   |   |   |   |   |   |    |
  +---+---+---+---+---+---+---+---+---+
 3    |   |   |   | W |   |   |   |    |
  +---+---+---+---+---+---+---+---+---+
 4  B |   | W |   |   | B |   |   | B  |
  +---+---+---+---+---+---+---+---+---+
 5  B |   | W | W | K | W |   |   | B  |
  +---+---+---+---+---+---+---+---+---+
 6  B |   |   |   | W |   |   |   | B  |
  +---+---+---+---+---+---+---+---+---+
 7  W |   |   |   |   |   |   |   |    |
  +---+---+---+---+---+---+---+---+---+
 8    |   |   | B |   |   |   |   |    |
  +---+---+---+---+---+---+---+---+---+
 9    |   |   | B | B | B |   | B |    |
  +---+---+---+---+---+---+---+---+---+
Current table:

    A   B   C   D   E   F   G   H   I
  +---+---+---+---+---+---+---+---+---+
 1    |   |   | B | B |   |   |   |    |
  +---+---+---+---+---+---+---+---+---+
 2    | B |   |   |   |   |   |   |    |
  +---+---+---+---+---+---+---+---+---+
 3  W |   |   |   |   |   |   |   |    |
  +---+---+---+---+---+---+---+---+---+
 4  B |   | W |   |   | B |   |   | B  |
  +---+---+---+---+---+---+---+---+---+
 5  B |   | W | W | K | W |   |   | B  |
  +---+---+---+---+---+---+---+---+---+
 6  B |   |   |   | W |   |   |   | B  |
  +---+---+---+---+---+---+---+---+---+
 7  W |   |   |   |   |   |   |   |    |
  +---+---+---+---+---+---+---+---+---+
 8    |   |   | B |   |   |   |   |    |
  +---+---+---+---+---+---+---+---+---+
 9    |   |   | B | B | B |   | B |    |
  +---+---+---+---+---+---+---+---+---+
It's your turn
Move BLACK : f4 --> e4
After my move:

    A   B   C   D   E   F   G   H   I
  +---+---+---+---+---+---+---+---+---+
 1    |   |   | B | B |   |   |   |    |
  +---+---+---+---+---+---+---+---+---+
 2    | B |   |   |   |   |   |   |    |
  +---+---+---+---+---+---+---+---+---+
 3  W |   |   |   |   |   |   |   |    |
  +---+---+---+---+---+---+---+---+---+
 4  B |   | W |   | B |   |   |   | B  |
  +---+---+---+---+---+---+---+---+---+
 5  B |   | W | W | K | W |   |   | B  |
  +---+---+---+---+---+---+---+---+---+
 6  B |   |   |   | W |   |   |   | B  |
  +---+---+---+---+---+---+---+---+---+
 7  W |   |   |   |   |   |   |   |    |
  +---+---+---+---+---+---+---+---+---+
 8    |   |   | B |   |   |   |   |    |
  +---+---+---+---+---+---+---+---+---+
 9    |   |   | B | B | B |   | B |    |
  +---+---+---+---+---+---+---+---+---+
Current table:

    A   B   C   D   E   F   G   H   I
  +---+---+---+---+---+---+---+---+---+
 1    |   |   | B | B |   |   |   |    |
  +---+---+---+---+---+---+---+---+---+
 2    | B |   |   |   |   |   |   |    |
  +---+---+---+---+---+---+---+---+---+
 3  W |   |   |   |   |   |   |   |    |
  +---+---+---+---+---+---+---+---+---+
 4  B |   | W |   | B |   |   |   | B  |
  +---+---+---+---+---+---+---+---+---+
 5  B |   | W |   | K | W |   |   | B  |
  +---+---+---+---+---+---+---+---+---+
 6  B |   |   |   | W |   |   |   | B  |
  +---+---+---+---+---+---+---+---+---+
 7  W |   |   | W |   |   |   |   |    |
  +---+---+---+---+---+---+---+---+---+
 8    |   |   |   |   |   |   |   |    |
  +---+---+---+---+---+---+---+---+---+
 9    |   |   | B | B | B |   | B |    |
  +---+---+---+---+---+---+---+---+---+
It's your turn
Move BLACK : d9 --> d8
After my move:

    A   B   C   D   E   F   G   H   I
  +---+---+---+---+---+---+---+---+---+
 1    |   |   | B | B |   |   |   |    |
  +---+---+---+---+---+---+---+---+---+
 2    | B |   |   |   |   |   |   |    |
  +---+---+---+---+---+---+---+---+---+
 3  W |   |   |   |   |   |   |   |    |
  +---+---+---+---+---+---+---+---+---+
 4  B |   | W |   | B |   |   |   | B  |
  +---+---+---+---+---+---+---+---+---+
 5  B |   | W |   | K | W |   |   | B  |
  +---+---+---+---+---+---+---+---+---+
 6  B |   |   |   | W |   |   |   | B  |
  +---+---+---+---+---+---+---+---+---+
 7  W |   |   | W |   |   |   |   |    |
  +---+---+---+---+---+---+---+---+---+
 8    |   |   | B |   |   |   |   |    |
  +---+---+---+---+---+---+---+---+---+
 9    |   |   |   | B | B |   | B |    |
  +---+---+---+---+---+---+---+---+---+
Current table:

    A   B   C   D   E   F   G   H   I
  +---+---+---+---+---+---+---+---+---+
 1    |   |   | B | B |   |   |   |    |
  +---+---+---+---+---+---+---+---+---+
 2    | B |   |   |   |   |   |   |    |
  +---+---+---+---+---+---+---+---+---+
 3  W |   |   |   |   |   |   |   |    |
  +---+---+---+---+---+---+---+---+---+
 4  B |   | W |   | B |   |   |   | B  |
  +---+---+---+---+---+---+---+---+---+
 5  B |   | W |   | K | W |   |   | B  |
  +---+---+---+---+---+---+---+---+---+
 6  B |   |   |   | W |   |   |   | B  |
  +---+---+---+---+---+---+---+---+---+
 7  W |   |   |   |   |   |   |   | W  |
  +---+---+---+---+---+---+---+---+---+
 8    |   |   | B |   |   |   |   |    |
  +---+---+---+---+---+---+---+---+---+
 9    |   |   |   | B | B |   | B |    |
  +---+---+---+---+---+---+---+---+---+
It's your turn
Move BLACK : i4 --> g4
After my move:

    A   B   C   D   E   F   G   H   I
  +---+---+---+---+---+---+---+---+---+
 1    |   |   | B | B |   |   |   |    |
  +---+---+---+---+---+---+---+---+---+
 2    | B |   |   |   |   |   |   |    |
  +---+---+---+---+---+---+---+---+---+
 3  W |   |   |   |   |   |   |   |    |
  +---+---+---+---+---+---+---+---+---+
 4  B |   | W |   | B |   | B |   |    |
  +---+---+---+---+---+---+---+---+---+
 5  B |   | W |   | K | W |   |   | B  |
  +---+---+---+---+---+---+---+---+---+
 6  B |   |   |   | W |   |   |   | B  |
  +---+---+---+---+---+---+---+---+---+
 7  W |   |   |   |   |   |   |   | W  |
  +---+---+---+---+---+---+---+---+---+
 8    |   |   | B |   |   |   |   |    |
  +---+---+---+---+---+---+---+---+---+
 9    |   |   |   | B | B |   | B |    |
  +---+---+---+---+---+---+---+---+---+
Current table:

    A   B   C   D   E   F   G   H   I
  +---+---+---+---+---+---+---+---+---+
 1    |   |   | B | B |   |   |   |    |
  +---+---+---+---+---+---+---+---+---+
 2    | B |   |   |   |   |   |   |    |
  +---+---+---+---+---+---+---+---+---+
 3  W |   |   |   |   |   |   |   |    |
  +---+---+---+---+---+---+---+---+---+
 4  B |   | W |   | B |   | B |   |    |
  +---+---+---+---+---+---+---+---+---+
 5  B |   | W |   | K | W |   |   | B  |
  +---+---+---+---+---+---+---+---+---+
 6  B |   |   |   | W |   |   |   | B  |
  +---+---+---+---+---+---+---+---+---+
 7  W |   |   | W |   |   |   |   |    |
  +---+---+---+---+---+---+---+---+---+
 8    |   |   |   |   |   |   |   |    |
  +---+---+---+---+---+---+---+---+---+
 9    |   |   |   | B | B |   | B |    |
  +---+---+---+---+---+---+---+---+---+
It's your turn
Move BLACK : f9 --> f6
After my move:

    A   B   C   D   E   F   G   H   I
  +---+---+---+---+---+---+---+---+---+
 1    |   |   | B | B |   |   |   |    |
  +---+---+---+---+---+---+---+---+---+
 2    | B |   |   |   |   |   |   |    |
  +---+---+---+---+---+---+---+---+---+
 3  W |   |   |   |   |   |   |   |    |
  +---+---+---+---+---+---+---+---+---+
 4  B |   | W |   | B |   | B |   |    |
  +---+---+---+---+---+---+---+---+---+
 5  B |   | W |   | K | W |   |   | B  |
  +---+---+---+---+---+---+---+---+---+
 6  B |   |   |   | W | B |   |   | B  |
  +---+---+---+---+---+---+---+---+---+
 7  W |   |   | W |   |   |   |   |    |
  +---+---+---+---+---+---+---+---+---+
 8    |   |   |   |   |   |   |   |    |
  +---+---+---+---+---+---+---+---+---+
 9    |   |   |   | B |   |   | B |    |
  +---+---+---+---+---+---+---+---+---+
Current table:

    A   B   C   D   E   F   G   H   I
  +---+---+---+---+---+---+---+---+---+
 1    |   |   | B | B |   |   |   |    |
  +---+---+---+---+---+---+---+---+---+
 2    | B |   |   |   |   |   |   |    |
  +---+---+---+---+---+---+---+---+---+
 3  W |   |   |   |   |   |   |   |    |
  +---+---+---+---+---+---+---+---+---+
 4  B |   | W |   | B |   | B |   |    |
  +---+---+---+---+---+---+---+---+---+
 5  B |   | W |   | K | W |   |   | B  |
  +---+---+---+---+---+---+---+---+---+
 6  B |   |   |   | W | B |   |   | B  |
  +---+---+---+---+---+---+---+---+---+
 7  W |   |   |   |   |   |   |   | W  |
  +---+---+---+---+---+---+---+---+---+
 8    |   |   |   |   |   |   |   |    |
  +---+---+---+---+---+---+---+---+---+
 9    |   |   |   | B |   |   | B |    |
  +---+---+---+---+---+---+---+---+---+
It's your turn
Move BLACK : a6 --> b6
After my move:

    A   B   C   D   E   F   G   H   I
  +---+---+---+---+---+---+---+---+---+
 1    |   |   | B | B |   |   |   |    |
  +---+---+---+---+---+---+---+---+---+
 2    | B |   |   |   |   |   |   |    |
  +---+---+---+---+---+---+---+---+---+
 3  W |   |   |   |   |   |   |   |    |
  +---+---+---+---+---+---+---+---+---+
 4  B |   | W |   | B |   | B |   |    |
  +---+---+---+---+---+---+---+---+---+
 5  B |   | W |   | K | W |   |   | B  |
  +---+---+---+---+---+---+---+---+---+
 6    | B |   |   | W | B |   |   | B  |
  +---+---+---+---+---+---+---+---+---+
 7  W |   |   |   |   |   |   |   | W  |
  +---+---+---+---+---+---+---+---+---+
 8    |   |   |   |   |   |   |   |    |
  +---+---+---+---+---+---+---+---+---+
 9    |   |   |   | B |   |   | B |    |
  +---+---+---+---+---+---+---+---+---+
Current table:

    A   B   C   D   E   F   G   H   I
  +---+---+---+---+---+---+---+---+---+
 1    |   |   | B | B |   |   |   |    |
  +---+---+---+---+---+---+---+---+---+
 2    | B |   |   |   |   |   |   |    |
  +---+---+---+---+---+---+---+---+---+
 3  W |   |   |   |   |   |   |   |    |
  +---+---+---+---+---+---+---+---+---+
 4  B |   | W |   | B |   | B |   |    |
  +---+---+---+---+---+---+---+---+---+
 5  B |   | W |   | K | W |   |   | B  |
  +---+---+---+---+---+---+---+---+---+
 6    |   |   |   | W | B |   |   | B  |
  +---+---+---+---+---+---+---+---+---+
 7  W | W |   |   |   |   |   |   |    |
  +---+---+---+---+---+---+---+---+---+
 8    |   |   |   |   |   |   |   |    |
  +---+---+---+---+---+---+---+---+---+
 9    |   |   |   | B |   |   | B |    |
  +---+---+---+---+---+---+---+---+---+
It's your turn
Move BLACK : g4 --> f4
After my move:

    A   B   C   D   E   F   G   H   I
  +---+---+---+---+---+---+---+---+---+
 1    |   |   | B | B |   |   |   |    |
  +---+---+---+---+---+---+---+---+---+
 2    | B |   |   |   |   |   |   |    |
  +---+---+---+---+---+---+---+---+---+
 3  W |   |   |   |   |   |   |   |    |
  +---+---+---+---+---+---+---+---+---+
 4  B |   | W |   | B | B |   |   |    |
  +---+---+---+---+---+---+---+---+---+
 5  B |   | W |   | K |   |   |   | B  |
  +---+---+---+---+---+---+---+---+---+
 6    |   |   |   | W | B |   |   | B  |
  +---+---+---+---+---+---+---+---+---+
 7  W | W |   |   |   |   |   |   |    |
  +---+---+---+---+---+---+---+---+---+
 8    |   |   |   |   |   |   |   |    |
  +---+---+---+---+---+---+---+---+---+
 9    |   |   |   | B |   |   | B |    |
  +---+---+---+---+---+---+---+---+---+
Current table:

    A   B   C   D   E   F   G   H   I
  +---+---+---+---+---+---+---+---+---+
 1    |   | W | B | B |   |   |   |    |
  +---+---+---+---+---+---+---+---+---+
 2    | B |   |   |   |   |   |   |    |
  +---+---+---+---+---+---+---+---+---+
 3  W |   |   |   |   |   |   |   |    |
  +---+---+---+---+---+---+---+---+---+
 4  B |   |   |   | B | B |   |   |    |
  +---+---+---+---+---+---+---+---+---+
 5  B |   | W |   | K |   |   |   | B  |
  +---+---+---+---+---+---+---+---+---+
 6    |   |   |   | W | B |   |   | B  |
  +---+---+---+---+---+---+---+---+---+
 7  W | W |   |   |   |   |   |   |    |
  +---+---+---+---+---+---+---+---+---+
 8    |   |   |   |   |   |   |   |    |
  +---+---+---+---+---+---+---+---+---+
 9    |   |   |   | B |   |   | B |    |
  +---+---+---+---+---+---+---+---+---+
It's your turn
Move BLACK : b2 --> a2
After my move:

    A   B   C   D   E   F   G   H   I
  +---+---+---+---+---+---+---+---+---+
 1    |   | W | B | B |   |   |   |    |
  +---+---+---+---+---+---+---+---+---+
 2  B |   |   |   |   |   |   |   |    |
  +---+---+---+---+---+---+---+---+---+
 3    |   |   |   |   |   |   |   |    |
  +---+---+---+---+---+---+---+---+---+
 4  B |   |   |   | B | B |   |   |    |
  +---+---+---+---+---+---+---+---+---+
 5  B |   | W |   | K |   |   |   | B  |
  +---+---+---+---+---+---+---+---+---+
 6    |   |   |   | W | B |   |   | B  |
  +---+---+---+---+---+---+---+---+---+
 7  W | W |   |   |   |   |   |   |    |
  +---+---+---+---+---+---+---+---+---+
 8    |   |   |   |   |   |   |   |    |
  +---+---+---+---+---+---+---+---+---+
 9    |   |   |   | B |   |   | B |    |
  +---+---+---+---+---+---+---+---+---+
Current table:

    A   B   C   D   E   F   G   H   I
  +---+---+---+---+---+---+---+---+---+
 1    |   | W | B | B |   |   |   |    |
  +---+---+---+---+---+---+---+---+---+
 2  B |   |   |   |   |   |   |   |    |
  +---+---+---+---+---+---+---+---+---+
 3    |   |   |   |   |   |   |   |    |
  +---+---+---+---+---+---+---+---+---+
 4  B |   |   |   | B | B |   |   |    |
  +---+---+---+---+---+---+---+---+---+
 5  B |   | W | K | T |   |   |   | B  |
  +---+---+---+---+---+---+---+---+---+
 6    |   |   |   | W | B |   |   | B  |
  +---+---+---+---+---+---+---+---+---+
 7  W | W |   |   |   |   |   |   |    |
  +---+---+---+---+---+---+---+---+---+
 8    |   |   |   |   |   |   |   |    |
  +---+---+---+---+---+---+---+---+---+
 9    |   |   |   | B |   |   | B |    |
  +---+---+---+---+---+---+---+---+---+
It's your turn
Move BLACK : a4 --> a3
After my move:

    A   B   C   D   E   F   G   H   I
  +---+---+---+---+---+---+---+---+---+
 1    |   | W | B | B |   |   |   |    |
  +---+---+---+---+---+---+---+---+---+
 2  B |   |   |   |   |   |   |   |    |
  +---+---+---+---+---+---+---+---+---+
 3  B |   |   |   |   |   |   |   |    |
  +---+---+---+---+---+---+---+---+---+
 4    |   |   |   | B | B |   |   |    |
  +---+---+---+---+---+---+---+---+---+
 5  B |   | W | K | T |   |   |   | B  |
  +---+---+---+---+---+---+---+---+---+
 6    |   |   |   | W | B |   |   | B  |
  +---+---+---+---+---+---+---+---+---+
 7  W | W |   |   |   |   |   |   |    |
  +---+---+---+---+---+---+---+---+---+
 8    |   |   |   |   |   |   |   |    |
  +---+---+---+---+---+---+---+---+---+
 9    |   |   |   | B |   |   | B |    |
  +---+---+---+---+---+---+---+---+---+
Current table:

    A   B   C   D   E   F   G   H   I
  +---+---+---+---+---+---+---+---+---+
 1    |   | W | B | B |   |   |   |    |
  +---+---+---+---+---+---+---+---+---+
 2  B |   |   |   |   |   |   |   |    |
  +---+---+---+---+---+---+---+---+---+
 3  B |   |   |   |   |   |   |   |    |
  +---+---+---+---+---+---+---+---+---+
 4    |   |   |   | B | B |   |   |    |
  +---+---+---+---+---+---+---+---+---+
 5  B |   | W |   | T |   |   |   | B  |
  +---+---+---+---+---+---+---+---+---+
 6    |   |   |   | W | B |   |   | B  |
  +---+---+---+---+---+---+---+---+---+
 7  W | W |   |   |   |   |   |   |    |
  +---+---+---+---+---+---+---+---+---+
 8    |   |   | K |   |   |   |   |    |
  +---+---+---+---+---+---+---+---+---+
 9    |   |   |   | B |   |   | B |    |
  +---+---+---+---+---+---+---+---+---+
It's your turn
Move BLACK : d1 --> d3
After my move:

    A   B   C   D   E   F   G   H   I
  +---+---+---+---+---+---+---+---+---+
 1    |   | W |   | B |   |   |   |    |
  +---+---+---+---+---+---+---+---+---+
 2  B |   |   |   |   |   |   |   |    |
  +---+---+---+---+---+---+---+---+---+
 3  B |   |   | B |   |   |   |   |    |
  +---+---+---+---+---+---+---+---+---+
 4    |   |   |   | B | B |   |   |    |
  +---+---+---+---+---+---+---+---+---+
 5  B |   | W |   | T |   |   |   | B  |
  +---+---+---+---+---+---+---+---+---+
 6    |   |   |   | W | B |   |   | B  |
  +---+---+---+---+---+---+---+---+---+
 7  W | W |   |   |   |   |   |   |    |
  +---+---+---+---+---+---+---+---+---+
 8    |   |   | K |   |   |   |   |    |
  +---+---+---+---+---+---+---+---+---+
 9    |   |   |   | B |   |   | B |    |
  +---+---+---+---+---+---+---+---+---+
Current table:

    A   B   C   D   E   F   G   H   I
  +---+---+---+---+---+---+---+---+---+
 1    |   | W |   | B |   |   |   |    |
  +---+---+---+---+---+---+---+---+---+
 2  B |   |   |   |   |   |   |   |    |
  +---+---+---+---+---+---+---+---+---+
 3  B |   |   | B |   |   |   |   |    |
  +---+---+---+---+---+---+---+---+---+
 4    |   |   |   | B | B |   |   |    |
  +---+---+---+---+---+---+---+---+---+
 5  B |   | W |   | T |   |   |   | B  |
  +---+---+---+---+---+---+---+---+---+
 6    |   |   |   | W | B |   |   | B  |
  +---+---+---+---+---+---+---+---+---+
 7  W | W |   |   |   |   |   |   |    |
  +---+---+---+---+---+---+---+---+---+
 8  K |   |   |   |   |   |   |   |    |
  +---+---+---+---+---+---+---+---+---+
 9    |   |   |   | B |   |   | B |    |
  +---+---+---+---+---+---+---+---+---+
WHITE wins!
