Connected to the server 127.0.0.1:5801
Current table:

    A   B   C   D   E   F   G   H   I
  +---+---+---+---+---+---+---+---+---+
 1    |   |   | B | B | B |   |   |    |
  +---+---+---+---+---+---+---+---+---+
 2    |   |   |   | B |   |   |   |    |
  +---+---+---+---+---+---+---+---+---+
 3    |   |   |   | W |   |   |   |    |
  +---+---+---+---+---+---+---+---+---+
 4  B |   |   |   | W |   |   |   | B  |
  +---+---+---+---+---+---+---+---+---+
 5  B | B | W | W | K | W | W | B | B  |
  +---+---+---+---+---+---+---+---+---+
 6  B |   |   |   | W |   |   |   | B  |
  +---+---+---+---+---+---+---+---+---+
 7    |   |   |   | W |   |   |   |    |
  +---+---+---+---+---+---+---+---+---+
 8    |   |   |   | B |   |   |   |    |
  +---+---+---+---+---+---+---+---+---+
 9    |   |   | B | B | B |   |   |    |
  +---+---+---+---+---+---+---+---+---+
Waiting for your opponent move...
Current table:

    A   B   C   D   E   F   G   H   I
  +---+---+---+---+---+---+---+---+---+
 1    |   |   | B | B | B |   |   |    |
  +---+---+---+---+---+---+---+---+---+
 2    |   |   |   | B |   |   |   |    |
  +---+---+---+---+---+---+---+---+---+
 3    |   |   |   | W |   |   |   |    |
  +---+---+---+---+---+---+---+---+---+
 4  B |   |   |   | W | W |   |   | B  |
  +---+---+---+---+---+---+---+---+---+
 5  B | B | W | W | K |   | W | B | B  |
  +---+---+---+---+---+---+---+---+---+
 6  B |   |   |   | W |   |   |   | B  |
  +---+---+---+---+---+---+---+---+---+
 7    |   |   |   | W |   |   |   |    |
  +---+---+---+---+---+---+---+---+---+
 8    |   |   |   | B |   |   |   |    |
  +---+---+---+---+---+---+---+---+---+
 9    |   |   | B | B | B |   |   |    |
  +---+---+---+---+---+---+---+---+---+
It's your turn

Exploration recap:
- Score=2.3333333333333335
- Nodes_explored=346
- Time=2.334s

Move BLACK : i6 --> f6
After my move:

    A   B   C   D   E   F   G   H   I
  +---+---+---+---+---+---+---+---+---+
 1    |   |   | B | B | B |   |   |    |
  +---+---+---+---+---+---+---+---+---+
 2    |   |   |   | B |   |   |   |    |
  +---+---+---+---+---+---+---+---+---+
 3    |   |   |   | W |   |   |   |    |
  +---+---+---+---+---+---+---+---+---+
 4  B |   |   |   | W | W |   |   | B  |
  +---+---+---+---+---+---+---+---+---+
 5  B | B | W | W | K |   | W | B | B  |
  +---+---+---+---+---+---+---+---+---+
 6  B |   |   |   | W | B |   |   |    |
  +---+---+---+---+---+---+---+---+---+
 7    |   |   |   | W |   |   |   |    |
  +---+---+---+---+---+---+---+---+---+
 8    |   |   |   | B |   |   |   |    |
  +---+---+---+---+---+---+---+---+---+
 9    |   |   | B | B | B |   |   |    |
  +---+---+---+---+---+---+---+---+---+
Current table:

    A   B   C   D   E   F   G   H   I
  +---+---+---+---+---+---+---+---+---+
 1    |   | W | B | B | B |   |   |    |
  +---+---+---+---+---+---+---+---+---+
 2    |   |   |   | B |   |   |   |    |
  +---+---+---+---+---+---+---+---+---+
 3    |   |   |   | W |   |   |   |    |
  +---+---+---+---+---+---+---+---+---+
 4  B |   |   |   | W | W |   |   | B  |
  +---+---+---+---+---+---+---+---+---+
 5  B | B |   | W | K |   | W | B | B  |
  +---+---+---+---+---+---+---+---+---+
 6  B |   |   |   | W | B |   |   |    |
  +---+---+---+---+---+---+---+---+---+
 7    |   |   |   | W |   |   |   |    |
  +---+---+---+---+---+---+---+---+---+
 8    |   |   |   | B |   |   |   |    |
  +---+---+---+---+---+---+---+---+---+
 9    |   |   | B | B | B |   |   |    |
  +---+---+---+---+---+---+---+---+---+
It's your turn

Exploration recap:
- Score=2.3333333333333335
- Nodes_explored=246
- Time=2.083s

Move BLACK : i4 --> g4
After my move:

    A   B   C   D   E   F   G   H   I
  +---+---+---+---+---+---+---+---+---+
 1    |   | W | B | B | B |   |   |    |
  +---+---+---+---+---+---+---+---+---+
 2    |   |   |   | B |   |   |   |    |
  +---+---+---+---+---+---+---+---+---+
 3    |   |   |   | W |   |   |   |    |
  +---+---+---+---+---+---+---+---+---+
 4  B |   |   |   | W | W | B |   |    |
  +---+---+---+---+---+---+---+---+---+
 5  B | B |   | W | K |   | W | B | B  |
  +---+---+---+---+---+---+---+---+---+
 6  B |   |   |   | W | B |   |   |    |
  +---+---+---+---+---+---+---+---+---+
 7    |   |   |   | W |   |   |   |    |
  +---+---+---+---+---+---+---+---+---+
 8    |   |   |   | B |   |   |   |    |
  +---+---+---+---+---+---+---+---+---+
 9    |   |   | B | B | B |   |   |    |
  +---+---+---+---+---+---+---+---+---+
Current table:

    A   B   C   D   E   F   G   H   I
  +---+---+---+---+---+---+---+---+---+
 1    |   | W | B | B | B |   |   |    |
  +---+---+---+---+---+---+---+---+---+
 2    |   |   |   | B |   |   |   |    |
  +---+---+---+---+---+---+---+---+---+
 3    |   |   |   | W |   |   |   |    |
  +---+---+---+---+---+---+---+---+---+
 4  B |   |   |   | W | W | B |   |    |
  +---+---+---+---+---+---+---+---+---+
 5  B | B |   | W | K |   | W | B | B  |
  +---+---+---+---+---+---+---+---+---+
 6  B |   |   |   | W | B |   |   |    |
  +---+---+---+---+---+---+---+---+---+
 7  W |   |   |   |   |   |   |   |    |
  +---+---+---+---+---+---+---+---+---+
 8    |   |   |   | B |   |   |   |    |
  +---+---+---+---+---+---+---+---+---+
 9    |   |   | B | B | B |   |   |    |
  +---+---+---+---+---+---+---+---+---+
It's your turn

Exploration recap:
- Score=2.0
- Nodes_explored=237
- Time=1.95s

Move BLACK : f6 --> g6
After my move:

    A   B   C   D   E   F   G   H   I
  +---+---+---+---+---+---+---+---+---+
 1    |   | W | B | B | B |   |   |    |
  +---+---+---+---+---+---+---+---+---+
 2    |   |   |   | B |   |   |   |    |
  +---+---+---+---+---+---+---+---+---+
 3    |   |   |   | W |   |   |   |    |
  +---+---+---+---+---+---+---+---+---+
 4  B |   |   |   | W | W | B |   |    |
  +---+---+---+---+---+---+---+---+---+
 5  B | B |   | W | K |   |   | B | B  |
  +---+---+---+---+---+---+---+---+---+
 6  B |   |   |   | W |   | B |   |    |
  +---+---+---+---+---+---+---+---+---+
 7  W |   |   |   |   |   |   |   |    |
  +---+---+---+---+---+---+---+---+---+
 8    |   |   |   | B |   |   |   |    |
  +---+---+---+---+---+---+---+---+---+
 9    |   |   | B | B | B |   |   |    |
  +---+---+---+---+---+---+---+---+---+
Current table:

    A   B   C   D   E   F   G   H   I
  +---+---+---+---+---+---+---+---+---+
 1    |   | W | B | B | B |   |   |    |
  +---+---+---+---+---+---+---+---+---+
 2    |   |   |   | B |   |   |   |    |
  +---+---+---+---+---+---+---+---+---+
 3    |   |   |   | W |   |   |   |    |
  +---+---+---+---+---+---+---+---+---+
 4  B |   |   |   | W |   | B |   |    |
  +---+---+---+---+---+---+---+---+---+
 5  B | B |   | W | K |   |   | B | B  |
  +---+---+---+---+---+---+---+---+---+
 6  B |   |   |   | W | W | B |   |    |
  +---+---+---+---+---+---+---+---+---+
 7  W |   |   |   |   |   |   |   |    |
  +---+---+---+---+---+---+---+---+---+
 8    |   |   |   | B |   |   |   |    |
  +---+---+---+---+---+---+---+---+---+
 9    |   |   | B | B | B |   |   |    |
  +---+---+---+---+---+---+---+---+---+
It's your turn

Exploration recap:
- Score=2.0
- Nodes_explored=221
- Time=2.128s

Move BLACK : h5 --> f5
After my move:

    A   B   C   D   E   F   G   H   I
  +---+---+---+---+---+---+---+---+---+
 1    |   | W | B | B | B |   |   |    |
  +---+---+---+---+---+---+---+---+---+
 2    |   |   |   | B |   |   |   |    |
  +---+---+---+---+---+---+---+---+---+
 3    |   |   |   | W |   |   |   |    |
  +---+---+---+---+---+---+---+---+---+
 4  B |   |   |   | W |   | B |   |    |
  +---+---+---+---+---+---+---+---+---+
 5  B | B |   | W | K | B |   |   | B  |
  +---+---+---+---+---+---+---+---+---+
 6  B |   |   |   | W | W | B |   |    |
  +---+---+---+---+---+---+---+---+---+
 7  W |   |   |   |   |   |   |   |    |
  +---+---+---+---+---+---+---+---+---+
 8    |   |   |   | B |   |   |   |    |
  +---+---+---+---+---+---+---+---+---+
 9    |   |   | B | B | B |   |   |    |
  +---+---+---+---+---+---+---+---+---+
Current table:

    A   B   C   D   E   F   G   H   I
  +---+---+---+---+---+---+---+---+---+
 1    |   | W | B | B | B |   |   |    |
  +---+---+---+---+---+---+---+---+---+
 2    |   |   |   | B |   |   |   |    |
  +---+---+---+---+---+---+---+---+---+
 3    |   | W |   |   |   |   |   |    |
  +---+---+---+---+---+---+---+---+---+
 4  B |   |   |   | W |   | B |   |    |
  +---+---+---+---+---+---+---+---+---+
 5  B | B |   | W | K | B |   |   | B  |
  +---+---+---+---+---+---+---+---+---+
 6  B |   |   |   | W | W | B |   |    |
  +---+---+---+---+---+---+---+---+---+
 7  W |   |   |   |   |   |   |   |    |
  +---+---+---+---+---+---+---+---+---+
 8    |   |   |   | B |   |   |   |    |
  +---+---+---+---+---+---+---+---+---+
 9    |   |   | B | B | B |   |   |    |
  +---+---+---+---+---+---+---+---+---+
It's your turn

Exploration recap:
- Score=1.6666666666666667
- Nodes_explored=230
- Time=2.079s

Move BLACK : f9 --> f7
After my move:

    A   B   C   D   E   F   G   H   I
  +---+---+---+---+---+---+---+---+---+
 1    |   | W | B | B | B |   |   |    |
  +---+---+---+---+---+---+---+---+---+
 2    |   |   |   | B |   |   |   |    |
  +---+---+---+---+---+---+---+---+---+
 3    |   | W |   |   |   |   |   |    |
  +---+---+---+---+---+---+---+---+---+
 4  B |   |   |   | W |   | B |   |    |
  +---+---+---+---+---+---+---+---+---+
 5  B | B |   | W | K | B |   |   | B  |
  +---+---+---+---+---+---+---+---+---+
 6  B |   |   |   | W |   | B |   |    |
  +---+---+---+---+---+---+---+---+---+
 7  W |   |   |   |   | B |   |   |    |
  +---+---+---+---+---+---+---+---+---+
 8    |   |   |   | B |   |   |   |    |
  +---+---+---+---+---+---+---+---+---+
 9    |   |   | B | B |   |   |   |    |
  +---+---+---+---+---+---+---+---+---+
Current table:

    A   B   C   D   E   F   G   H   I
  +---+---+---+---+---+---+---+---+---+
 1    |   | W | B | B | B |   |   |    |
  +---+---+---+---+---+---+---+---+---+
 2    |   |   |   | B |   |   |   |    |
  +---+---+---+---+---+---+---+---+---+
 3    |   | W |   |   |   |   |   |    |
  +---+---+---+---+---+---+---+---+---+
 4  B |   |   | W | W |   | B |   |    |
  +---+---+---+---+---+---+---+---+---+
 5  B | B |   |   | K | B |   |   | B  |
  +---+---+---+---+---+---+---+---+---+
 6  B |   |   |   | W |   | B |   |    |
  +---+---+---+---+---+---+---+---+---+
 7  W |   |   |   |   | B |   |   |    |
  +---+---+---+---+---+---+---+---+---+
 8    |   |   |   | B |   |   |   |    |
  +---+---+---+---+---+---+---+---+---+
 9    |   |   | B | B |   |   |   |    |
  +---+---+---+---+---+---+---+---+---+
It's your turn

Exploration recap:
- Score=1.3333333333333333
- Nodes_explored=232
- Time=2.056s

Move BLACK : f7 --> e7
After my move:

    A   B   C   D   E   F   G   H   I
  +---+---+---+---+---+---+---+---+---+
 1    |   | W | B | B | B |   |   |    |
  +---+---+---+---+---+---+---+---+---+
 2    |   |   |   | B |   |   |   |    |
  +---+---+---+---+---+---+---+---+---+
 3    |   | W |   |   |   |   |   |    |
  +---+---+---+---+---+---+---+---+---+
 4  B |   |   | W | W |   | B |   |    |
  +---+---+---+---+---+---+---+---+---+
 5  B | B |   |   | K | B |   |   | B  |
  +---+---+---+---+---+---+---+---+---+
 6  B |   |   |   |   |   | B |   |    |
  +---+---+---+---+---+---+---+---+---+
 7  W |   |   |   | B |   |   |   |    |
  +---+---+---+---+---+---+---+---+---+
 8    |   |   |   | B |   |   |   |    |
  +---+---+---+---+---+---+---+---+---+
 9    |   |   | B | B |   |   |   |    |
  +---+---+---+---+---+---+---+---+---+
Current table:

    A   B   C   D   E   F   G   H   I
  +---+---+---+---+---+---+---+---+---+
 1    |   | W | B | B | B |   |   |    |
  +---+---+---+---+---+---+---+---+---+
 2    |   |   |   | B |   |   |   |    |
  +---+---+---+---+---+---+---+---+---+
 3    |   | W |   |   |   |   |   |    |
  +---+---+---+---+---+---+---+---+---+
 4  B |   |   |   | W |   | B |   |    |
  +---+---+---+---+---+---+---+---+---+
 5  B | B |   |   | K | B |   |   | B  |
  +---+---+---+---+---+---+---+---+---+
 6  B |   |   |   |   |   | B |   |    |
  +---+---+---+---+---+---+---+---+---+
 7  W |   |   |   | B |   |   |   |    |
  +---+---+---+---+---+---+---+---+---+
 8    |   |   | W | B |   |   |   |    |
  +---+---+---+---+---+---+---+---+---+
 9    |   |   | B | B |   |   |   |    |
  +---+---+---+---+---+---+---+---+---+
It's your turn

Exploration recap:
- Score=1.0
- Nodes_explored=236
- Time=2.158s

Move BLACK : e7 --> d7
After my move:

    A   B   C   D   E   F   G   H   I
  +---+---+---+---+---+---+---+---+---+
 1    |   | W | B | B | B |   |   |    |
  +---+---+---+---+---+---+---+---+---+
 2    |   |   |   | B |   |   |   |    |
  +---+---+---+---+---+---+---+---+---+
 3    |   | W |   |   |   |   |   |    |
  +---+---+---+---+---+---+---+---+---+
 4  B |   |   |   | W |   | B |   |    |
  +---+---+---+---+---+---+---+---+---+
 5  B | B |   |   | K | B |   |   | B  |
  +---+---+---+---+---+---+---+---+---+
 6  B |   |   |   |   |   | B |   |    |
  +---+---+---+---+---+---+---+---+---+
 7  W |   |   | B |   |   |   |   |    |
  +---+---+---+---+---+---+---+---+---+
 8    |   |   |   | B |   |   |   |    |
  +---+---+---+---+---+---+---+---+---+
 9    |   |   | B | B |   |   |   |    |
  +---+---+---+---+---+---+---+---+---+
Current table:

    A   B   C   D   E   F   G   H   I
  +---+---+---+---+---+---+---+---+---+
 1    | W |   | B | B | B |   |   |    |
  +---+---+---+---+---+---+---+---+---+
 2    |   |   |   | B |   |   |   |    |
  +---+---+---+---+---+---+---+---+---+
 3    |   | W |   |   |   |   |   |    |
  +---+---+---+---+---+---+---+---+---+
 4  B |   |   |   | W |   | B |   |    |
  +---+---+---+---+---+---+---+---+---+
 5  B | B |   |   | K | B |   |   | B  |
  +---+---+---+---+---+---+---+---+---+
 6  B |   |   |   |   |   | B |   |    |
  +---+---+---+---+---+---+---+---+---+
 7  W |   |   | B |   |   |   |   |    |
  +---+---+---+---+---+---+---+---+---+
 8    |   |   |   | B |   |   |   |    |
  +---+---+---+---+---+---+---+---+---+
 9    |   |   | B | B |   |   |   |    |
  +---+---+---+---+---+---+---+---+---+
It's your turn

Exploration recap:
- Score=1.0
- Nodes_explored=223
- Time=2.34s

Move BLACK : g6 --> b6
After my move:

    A   B   C   D   E   F   G   H   I
  +---+---+---+---+---+---+---+---+---+
 1    | W |   | B | B | B |   |   |    |
  +---+---+---+---+---+---+---+---+---+
 2    |   |   |   | B |   |   |   |    |
  +---+---+---+---+---+---+---+---+---+
 3    |   | W |   |   |   |   |   |    |
  +---+---+---+---+---+---+---+---+---+
 4  B |   |   |   | W |   | B |   |    |
  +---+---+---+---+---+---+---+---+---+
 5  B | B |   |   | K | B |   |   | B  |
  +---+---+---+---+---+---+---+---+---+
 6  B | B |   |   |   |   |   |   |    |
  +---+---+---+---+---+---+---+---+---+
 7  W |   |   | B |   |   |   |   |    |
  +---+---+---+---+---+---+---+---+---+
 8    |   |   |   | B |   |   |   |    |
  +---+---+---+---+---+---+---+---+---+
 9    |   |   | B | B |   |   |   |    |
  +---+---+---+---+---+---+---+---+---+
Current table:

    A   B   C   D   E   F   G   H   I
  +---+---+---+---+---+---+---+---+---+
 1    | W |   | B | B | B |   |   |    |
  +---+---+---+---+---+---+---+---+---+
 2    |   |   |   | B |   |   |   |    |
  +---+---+---+---+---+---+---+---+---+
 3    |   | W |   |   |   |   |   |    |
  +---+---+---+---+---+---+---+---+---+
 4  B |   |   |   | W |   | B |   |    |
  +---+---+---+---+---+---+---+---+---+
 5  B | B | K |   | T | B |   |   | B  |
  +---+---+---+---+---+---+---+---+---+
 6  B | B |   |   |   |   |   |   |    |
  +---+---+---+---+---+---+---+---+---+
 7  W |   |   | B |   |   |   |   |    |
  +---+---+---+---+---+---+---+---+---+
 8    |   |   |   | B |   |   |   |    |
  +---+---+---+---+---+---+---+---+---+
 9    |   |   | B | B |   |   |   |    |
  +---+---+---+---+---+---+---+---+---+
It's your turn

Exploration recap:
- Score=1.0
- Nodes_explored=204
- Time=2.209s

Move BLACK : g4 --> f4
After my move:

    A   B   C   D   E   F   G   H   I
  +---+---+---+---+---+---+---+---+---+
 1    | W |   | B | B | B |   |   |    |
  +---+---+---+---+---+---+---+---+---+
 2    |   |   |   | B |   |   |   |    |
  +---+---+---+---+---+---+---+---+---+
 3    |   | W |   |   |   |   |   |    |
  +---+---+---+---+---+---+---+---+---+
 4  B |   |   |   | W | B |   |   |    |
  +---+---+---+---+---+---+---+---+---+
 5  B | B | K |   | T | B |   |   | B  |
  +---+---+---+---+---+---+---+---+---+
 6  B | B |   |   |   |   |   |   |    |
  +---+---+---+---+---+---+---+---+---+
 7  W |   |   | B |   |   |   |   |    |
  +---+---+---+---+---+---+---+---+---+
 8    |   |   |   | B |   |   |   |    |
  +---+---+---+---+---+---+---+---+---+
 9    |   |   | B | B |   |   |   |    |
  +---+---+---+---+---+---+---+---+---+
Current table:

    A   B   C   D   E   F   G   H   I
  +---+---+---+---+---+---+---+---+---+
 1    | W |   | B | B | B |   |   |    |
  +---+---+---+---+---+---+---+---+---+
 2    |   |   |   | B |   |   |   |    |
  +---+---+---+---+---+---+---+---+---+
 3    |   |   |   |   | W |   |   |    |
  +---+---+---+---+---+---+---+---+---+
 4  B |   |   |   | W | B |   |   |    |
  +---+---+---+---+---+---+---+---+---+
 5  B | B | K |   | T | B |   |   | B  |
  +---+---+---+---+---+---+---+---+---+
 6  B | B |   |   |   |   |   |   |    |
  +---+---+---+---+---+---+---+---+---+
 7  W |   |   | B |   |   |   |   |    |
  +---+---+---+---+---+---+---+---+---+
 8    |   |   |   | B |   |   |   |    |
  +---+---+---+---+---+---+---+---+---+
 9    |   |   | B | B |   |   |   |    |
  +---+---+---+---+---+---+---+---+---+
It's your turn

Exploration recap:
- Score=0.6666666666666666
- Nodes_explored=196
- Time=1.972s

Move BLACK : f1 --> f2
After my move:

    A   B   C   D   E   F   G   H   I
  +---+---+---+---+---+---+---+---+---+
 1    | W |   | B | B |   |   |   |    |
  +---+---+---+---+---+---+---+---+---+
 2    |   |   |   | B | B |   |   |    |
  +---+---+---+---+---+---+---+---+---+
 3    |   |   |   |   |   |   |   |    |
  +---+---+---+---+---+---+---+---+---+
 4  B |   |   |   | W | B |   |   |    |
  +---+---+---+---+---+---+---+---+---+
 5  B | B | K |   | T | B |   |   | B  |
  +---+---+---+---+---+---+---+---+---+
 6  B | B |   |   |   |   |   |   |    |
  +---+---+---+---+---+---+---+---+---+
 7  W |   |   | B |   |   |   |   |    |
  +---+---+---+---+---+---+---+---+---+
 8    |   |   |   | B |   |   |   |    |
  +---+---+---+---+---+---+---+---+---+
 9    |   |   | B | B |   |   |   |    |
  +---+---+---+---+---+---+---+---+---+
Current table:

    A   B   C   D   E   F   G   H   I
  +---+---+---+---+---+---+---+---+---+
 1    | W |   | B | B |   |   |   |    |
  +---+---+---+---+---+---+---+---+---+
 2    |   |   |   | B | B |   |   |    |
  +---+---+---+---+---+---+---+---+---+
 3    |   |   |   |   |   |   |   |    |
  +---+---+---+---+---+---+---+---+---+
 4  B |   |   |   | W | B |   |   |    |
  +---+---+---+---+---+---+---+---+---+
 5  B | B |   | K | T | B |   |   | B  |
  +---+---+---+---+---+---+---+---+---+
 6  B | B |   |   |   |   |   |   |    |
  +---+---+---+---+---+---+---+---+---+
 7  W |   |   | B |   |   |   |   |    |
  +---+---+---+---+---+---+---+---+---+
 8    |   |   |   | B |   |   |   |    |
  +---+---+---+---+---+---+---+---+---+
 9    |   |   | B | B |   |   |   |    |
  +---+---+---+---+---+---+---+---+---+
It's your turn

Exploration recap:
- Score=0.6666666666666666
- Nodes_explored=148
- Time=1.702s

Move BLACK : f5 --> f8
After my move:

    A   B   C   D   E   F   G   H   I
  +---+---+---+---+---+---+---+---+---+
 1    | W |   | B | B |   |   |   |    |
  +---+---+---+---+---+---+---+---+---+
 2    |   |   |   | B | B |   |   |    |
  +---+---+---+---+---+---+---+---+---+
 3    |   |   |   |   |   |   |   |    |
  +---+---+---+---+---+---+---+---+---+
 4  B |   |   |   | W | B |   |   |    |
  +---+---+---+---+---+---+---+---+---+
 5  B | B |   | K | T |   |   |   | B  |
  +---+---+---+---+---+---+---+---+---+
 6  B | B |   |   |   |   |   |   |    |
  +---+---+---+---+---+---+---+---+---+
 7  W |   |   | B |   |   |   |   |    |
  +---+---+---+---+---+---+---+---+---+
 8    |   |   |   | B | B |   |   |    |
  +---+---+---+---+---+---+---+---+---+
 9    |   |   | B | B |   |   |   |    |
  +---+---+---+---+---+---+---+---+---+
Current table:

    A   B   C   D   E   F   G   H   I
  +---+---+---+---+---+---+---+---+---+
 1    | W |   | B | B |   |   |   |    |
  +---+---+---+---+---+---+---+---+---+
 2    |   |   |   | B | B |   |   |    |
  +---+---+---+---+---+---+---+---+---+
 3    |   |   |   |   |   |   |   |    |
  +---+---+---+---+---+---+---+---+---+
 4  B |   |   |   | W | B |   |   |    |
  +---+---+---+---+---+---+---+---+---+
 5  B | B |   | K | T |   |   |   | B  |
  +---+---+---+---+---+---+---+---+---+
 6  B | B |   |   |   |   |   |   |    |
  +---+---+---+---+---+---+---+---+---+
 7    |   | W | B |   |   |   |   |    |
  +---+---+---+---+---+---+---+---+---+
 8    |   |   |   | B | B |   |   |    |
  +---+---+---+---+---+---+---+---+---+
 9    |   |   | B | B |   |   |   |    |
  +---+---+---+---+---+---+---+---+---+
It's your turn

Exploration recap:
- Score=0.6666666666666666
- Nodes_explored=163
- Time=1.696s

Move BLACK : f8 --> i8
After my move:

    A   B   C   D   E   F   G   H   I
  +---+---+---+---+---+---+---+---+---+
 1    | W |   | B | B |   |   |   |    |
  +---+---+---+---+---+---+---+---+---+
 2    |   |   |   | B | B |   |   |    |
  +---+---+---+---+---+---+---+---+---+
 3    |   |   |   |   |   |   |   |    |
  +---+---+---+---+---+---+---+---+---+
 4  B |   |   |   | W | B |   |   |    |
  +---+---+---+---+---+---+---+---+---+
 5  B | B |   | K | T |   |   |   | B  |
  +---+---+---+---+---+---+---+---+---+
 6  B | B |   |   |   |   |   |   |    |
  +---+---+---+---+---+---+---+---+---+
 7    |   | W | B |   |   |   |   |    |
  +---+---+---+---+---+---+---+---+---+
 8    |   |   |   | B |   |   |   | B  |
  +---+---+---+---+---+---+---+---+---+
 9    |   |   | B | B |   |   |   |    |
  +---+---+---+---+---+---+---+---+---+
Current table:

    A   B   C   D   E   F   G   H   I
  +---+---+---+---+---+---+---+---+---+
 1    | W |   | B | B |   |   |   |    |
  +---+---+---+---+---+---+---+---+---+
 2    |   |   | K | B | B |   |   |    |
  +---+---+---+---+---+---+---+---+---+
 3    |   |   |   |   |   |   |   |    |
  +---+---+---+---+---+---+---+---+---+
 4  B |   |   |   | W | B |   |   |    |
  +---+---+---+---+---+---+---+---+---+
 5  B | B |   |   | T |   |   |   | B  |
  +---+---+---+---+---+---+---+---+---+
 6  B | B |   |   |   |   |   |   |    |
  +---+---+---+---+---+---+---+---+---+
 7    |   | W | B |   |   |   |   |    |
  +---+---+---+---+---+---+---+---+---+
 8    |   |   |   | B |   |   |   | B  |
  +---+---+---+---+---+---+---+---+---+
 9    |   |   | B | B |   |   |   |    |
  +---+---+---+---+---+---+---+---+---+
It's your turn

Exploration recap:
- Score=0.6666666666666666
- Nodes_explored=171
- Time=1.742s

Move BLACK : i8 --> f8
After my move:

    A   B   C   D   E   F   G   H   I
  +---+---+---+---+---+---+---+---+---+
 1    | W |   | B | B |   |   |   |    |
  +---+---+---+---+---+---+---+---+---+
 2    |   |   | K | B | B |   |   |    |
  +---+---+---+---+---+---+---+---+---+
 3    |   |   |   |   |   |   |   |    |
  +---+---+---+---+---+---+---+---+---+
 4  B |   |   |   | W | B |   |   |    |
  +---+---+---+---+---+---+---+---+---+
 5  B | B |   |   | T |   |   |   | B  |
  +---+---+---+---+---+---+---+---+---+
 6  B | B |   |   |   |   |   |   |    |
  +---+---+---+---+---+---+---+---+---+
 7    |   | W | B |   |   |   |   |    |
  +---+---+---+---+---+---+---+---+---+
 8    |   |   |   | B | B |   |   |    |
  +---+---+---+---+---+---+---+---+---+
 9    |   |   | B | B |   |   |   |    |
  +---+---+---+---+---+---+---+---+---+
Current table:

    A   B   C   D   E   F   G   H   I
  +---+---+---+---+---+---+---+---+---+
 1    | W |   | B | B |   |   |   |    |
  +---+---+---+---+---+---+---+---+---+
 2    |   |   | K | B | B |   |   |    |
  +---+---+---+---+---+---+---+---+---+
 3    |   |   |   |   |   |   |   |    |
  +---+---+---+---+---+---+---+---+---+
 4  B |   | W |   |   | B |   |   |    |
  +---+---+---+---+---+---+---+---+---+
 5  B | B |   |   | T |   |   |   | B  |
  +---+---+---+---+---+---+---+---+---+
 6  B | B |   |   |   |   |   |   |    |
  +---+---+---+---+---+---+---+---+---+
 7    |   | W | B |   |   |   |   |    |
  +---+---+---+---+---+---+---+---+---+
 8    |   |   |   | B | B |   |   |    |
  +---+---+---+---+---+---+---+---+---+
 9    |   |   | B | B |   |   |   |    |
  +---+---+---+---+---+---+---+---+---+
It's your turn

Exploration recap:
- Score=0.6666666666666666
- Nodes_explored=188
- Time=1.794s

Move BLACK : f8 --> i8
After my move:

    A   B   C   D   E   F   G   H   I
  +---+---+---+---+---+---+---+---+---+
 1    | W |   | B | B |   |   |   |    |
  +---+---+---+---+---+---+---+---+---+
 2    |   |   | K | B | B |   |   |    |
  +---+---+---+---+---+---+---+---+---+
 3    |   |   |   |   |   |   |   |    |
  +---+---+---+---+---+---+---+---+---+
 4  B |   | W |   |   | B |   |   |    |
  +---+---+---+---+---+---+---+---+---+
 5  B | B |   |   | T |   |   |   | B  |
  +---+---+---+---+---+---+---+---+---+
 6  B | B |   |   |   |   |   |   |    |
  +---+---+---+---+---+---+---+---+---+
 7    |   | W | B |   |   |   |   |    |
  +---+---+---+---+---+---+---+---+---+
 8    |   |   |   | B |   |   |   | B  |
  +---+---+---+---+---+---+---+---+---+
 9    |   |   | B | B |   |   |   |    |
  +---+---+---+---+---+---+---+---+---+
Current table:

    A   B   C   D   E   F   G   H   I
  +---+---+---+---+---+---+---+---+---+
 1    | W | W | B | B |   |   |   |    |
  +---+---+---+---+---+---+---+---+---+
 2    |   |   | K | B | B |   |   |    |
  +---+---+---+---+---+---+---+---+---+
 3    |   |   |   |   |   |   |   |    |
  +---+---+---+---+---+---+---+---+---+
 4  B |   |   |   |   | B |   |   |    |
  +---+---+---+---+---+---+---+---+---+
 5  B | B |   |   | T |   |   |   | B  |
  +---+---+---+---+---+---+---+---+---+
 6  B | B |   |   |   |   |   |   |    |
  +---+---+---+---+---+---+---+---+---+
 7    |   | W | B |   |   |   |   |    |
  +---+---+---+---+---+---+---+---+---+
 8    |   |   |   | B |   |   |   | B  |
  +---+---+---+---+---+---+---+---+---+
 9    |   |   | B | B |   |   |   |    |
  +---+---+---+---+---+---+---+---+---+
It's your turn

Exploration recap:
- Score=0.6666666666666666
- Nodes_explored=346
- Time=2.436s

Move BLACK : i8 --> f8
After my move:

    A   B   C   D   E   F   G   H   I
  +---+---+---+---+---+---+---+---+---+
 1    | W | W | B | B |   |   |   |    |
  +---+---+---+---+---+---+---+---+---+
 2    |   |   | K | B | B |   |   |    |
  +---+---+---+---+---+---+---+---+---+
 3    |   |   |   |   |   |   |   |    |
  +---+---+---+---+---+---+---+---+---+
 4  B |   |   |   |   | B |   |   |    |
  +---+---+---+---+---+---+---+---+---+
 5  B | B |   |   | T |   |   |   | B  |
  +---+---+---+---+---+---+---+---+---+
 6  B | B |   |   |   |   |   |   |    |
  +---+---+---+---+---+---+---+---+---+
 7    |   | W | B |   |   |   |   |    |
  +---+---+---+---+---+---+---+---+---+
 8    |   |   |   | B | B |   |   |    |
  +---+---+---+---+---+---+---+---+---+
 9    |   |   | B | B |   |   |   |    |
  +---+---+---+---+---+---+---+---+---+
Current table:

    A   B   C   D   E   F   G   H   I
  +---+---+---+---+---+---+---+---+---+
 1    | W | W | B | B |   |   |   |    |
  +---+---+---+---+---+---+---+---+---+
 2    |   |   |   | B | B |   |   |    |
  +---+---+---+---+---+---+---+---+---+
 3    |   |   |   |   |   |   |   |    |
  +---+---+---+---+---+---+---+---+---+
 4  B |   |   |   |   | B |   |   |    |
  +---+---+---+---+---+---+---+---+---+
 5  B | B |   | K | T |   |   |   | B  |
  +---+---+---+---+---+---+---+---+---+
 6  B | B |   |   |   |   |   |   |    |
  +---+---+---+---+---+---+---+---+---+
 7    |   | W | B |   |   |   |   |    |
  +---+---+---+---+---+---+---+---+---+
 8    |   |   |   | B | B |   |   |    |
  +---+---+---+---+---+---+---+---+---+
 9    |   |   | B | B |   |   |   |    |
  +---+---+---+---+---+---+---+---+---+
It's your turn

Exploration recap:
- Score=0.6666666666666666
- Nodes_explored=322
- Time=2.278s

Move BLACK : f8 --> i8
After my move:

    A   B   C   D   E   F   G   H   I
  +---+---+---+---+---+---+---+---+---+
 1    | W | W | B | B |   |   |   |    |
  +---+---+---+---+---+---+---+---+---+
 2    |   |   |   | B | B |   |   |    |
  +---+---+---+---+---+---+---+---+---+
 3    |   |   |   |   |   |   |   |    |
  +---+---+---+---+---+---+---+---+---+
 4  B |   |   |   |   | B |   |   |    |
  +---+---+---+---+---+---+---+---+---+
 5  B | B |   | K | T |   |   |   | B  |
  +---+---+---+---+---+---+---+---+---+
 6  B | B |   |   |   |   |   |   |    |
  +---+---+---+---+---+---+---+---+---+
 7    |   | W | B |   |   |   |   |    |
  +---+---+---+---+---+---+---+---+---+
 8    |   |   |   | B |   |   |   | B  |
  +---+---+---+---+---+---+---+---+---+
 9    |   |   | B | B |   |   |   |    |
  +---+---+---+---+---+---+---+---+---+
Current table:

    A   B   C   D   E   F   G   H   I
  +---+---+---+---+---+---+---+---+---+
 1    | W |   | B | B |   |   |   |    |
  +---+---+---+---+---+---+---+---+---+
 2    |   | W |   | B | B |   |   |    |
  +---+---+---+---+---+---+---+---+---+
 3    |   |   |   |   |   |   |   |    |
  +---+---+---+---+---+---+---+---+---+
 4  B |   |   |   |   | B |   |   |    |
  +---+---+---+---+---+---+---+---+---+
 5  B | B |   | K | T |   |   |   | B  |
  +---+---+---+---+---+---+---+---+---+
 6  B | B |   |   |   |   |   |   |    |
  +---+---+---+---+---+---+---+---+---+
 7    |   | W | B |   |   |   |   |    |
  +---+---+---+---+---+---+---+---+---+
 8    |   |   |   | B |   |   |   | B  |
  +---+---+---+---+---+---+---+---+---+
 9    |   |   | B | B |   |   |   |    |
  +---+---+---+---+---+---+---+---+---+
It's your turn

Exploration recap:
- Score=0.6666666666666666
- Nodes_explored=203
- Time=1.844s

Move BLACK : i8 --> f8
After my move:

    A   B   C   D   E   F   G   H   I
  +---+---+---+---+---+---+---+---+---+
 1    | W |   | B | B |   |   |   |    |
  +---+---+---+---+---+---+---+---+---+
 2    |   | W |   | B | B |   |   |    |
  +---+---+---+---+---+---+---+---+---+
 3    |   |   |   |   |   |   |   |    |
  +---+---+---+---+---+---+---+---+---+
 4  B |   |   |   |   | B |   |   |    |
  +---+---+---+---+---+---+---+---+---+
 5  B | B |   | K | T |   |   |   | B  |
  +---+---+---+---+---+---+---+---+---+
 6  B | B |   |   |   |   |   |   |    |
  +---+---+---+---+---+---+---+---+---+
 7    |   | W | B |   |   |   |   |    |
  +---+---+---+---+---+---+---+---+---+
 8    |   |   |   | B | B |   |   |    |
  +---+---+---+---+---+---+---+---+---+
 9    |   |   | B | B |   |   |   |    |
  +---+---+---+---+---+---+---+---+---+
Current table:

    A   B   C   D   E   F   G   H   I
  +---+---+---+---+---+---+---+---+---+
 1    | W |   | B | B |   |   |   |    |
  +---+---+---+---+---+---+---+---+---+
 2    |   | W |   | B | B |   |   |    |
  +---+---+---+---+---+---+---+---+---+
 3    |   |   |   |   |   |   |   |    |
  +---+---+---+---+---+---+---+---+---+
 4  B |   |   |   |   | B |   |   |    |
  +---+---+---+---+---+---+---+---+---+
 5  B | B |   |   | T |   |   |   | B  |
  +---+---+---+---+---+---+---+---+---+
 6  B | B |   | K |   |   |   |   |    |
  +---+---+---+---+---+---+---+---+---+
 7    |   | W | B |   |   |   |   |    |
  +---+---+---+---+---+---+---+---+---+
 8    |   |   |   | B | B |   |   |    |
  +---+---+---+---+---+---+---+---+---+
 9    |   |   | B | B |   |   |   |    |
  +---+---+---+---+---+---+---+---+---+
It's your turn

Exploration recap:
- Score=0.6666666666666666
- Nodes_explored=197
- Time=1.778s

Move BLACK : f8 --> i8
After my move:

    A   B   C   D   E   F   G   H   I
  +---+---+---+---+---+---+---+---+---+
 1    | W |   | B | B |   |   |   |    |
  +---+---+---+---+---+---+---+---+---+
 2    |   | W |   | B | B |   |   |    |
  +---+---+---+---+---+---+---+---+---+
 3    |   |   |   |   |   |   |   |    |
  +---+---+---+---+---+---+---+---+---+
 4  B |   |   |   |   | B |   |   |    |
  +---+---+---+---+---+---+---+---+---+
 5  B | B |   |   | T |   |   |   | B  |
  +---+---+---+---+---+---+---+---+---+
 6  B | B |   | K |   |   |   |   |    |
  +---+---+---+---+---+---+---+---+---+
 7    |   | W | B |   |   |   |   |    |
  +---+---+---+---+---+---+---+---+---+
 8    |   |   |   | B |   |   |   | B  |
  +---+---+---+---+---+---+---+---+---+
 9    |   |   | B | B |   |   |   |    |
  +---+---+---+---+---+---+---+---+---+
Current table:

    A   B   C   D   E   F   G   H   I
  +---+---+---+---+---+---+---+---+---+
 1    | W |   | B | B |   |   |   |    |
  +---+---+---+---+---+---+---+---+---+
 2    |   |   |   | B | B |   |   |    |
  +---+---+---+---+---+---+---+---+---+
 3    |   | W |   |   |   |   |   |    |
  +---+---+---+---+---+---+---+---+---+
 4  B |   |   |   |   | B |   |   |    |
  +---+---+---+---+---+---+---+---+---+
 5  B | B |   |   | T |   |   |   | B  |
  +---+---+---+---+---+---+---+---+---+
 6  B | B |   | K |   |   |   |   |    |
  +---+---+---+---+---+---+---+---+---+
 7    |   | W | B |   |   |   |   |    |
  +---+---+---+---+---+---+---+---+---+
 8    |   |   |   | B |   |   |   | B  |
  +---+---+---+---+---+---+---+---+---+
 9    |   |   | B | B |   |   |   |    |
  +---+---+---+---+---+---+---+---+---+
It's your turn

Exploration recap:
- Score=0.6666666666666666
- Nodes_explored=222
- Time=1.886s

Move BLACK : i8 --> f8
After my move:

    A   B   C   D   E   F   G   H   I
  +---+---+---+---+---+---+---+---+---+
 1    | W |   | B | B |   |   |   |    |
  +---+---+---+---+---+---+---+---+---+
 2    |   |   |   | B | B |   |   |    |
  +---+---+---+---+---+---+---+---+---+
 3    |   | W |   |   |   |   |   |    |
  +---+---+---+---+---+---+---+---+---+
 4  B |   |   |   |   | B |   |   |    |
  +---+---+---+---+---+---+---+---+---+
 5  B | B |   |   | T |   |   |   | B  |
  +---+---+---+---+---+---+---+---+---+
 6  B | B |   | K |   |   |   |   |    |
  +---+---+---+---+---+---+---+---+---+
 7    |   | W | B |   |   |   |   |    |
  +---+---+---+---+---+---+---+---+---+
 8    |   |   |   | B | B |   |   |    |
  +---+---+---+---+---+---+---+---+---+
 9    |   |   | B | B |   |   |   |    |
  +---+---+---+---+---+---+---+---+---+
Current table:

    A   B   C   D   E   F   G   H   I
  +---+---+---+---+---+---+---+---+---+
 1    |   | W | B | B |   |   |   |    |
  +---+---+---+---+---+---+---+---+---+
 2    |   |   |   | B | B |   |   |    |
  +---+---+---+---+---+---+---+---+---+
 3    |   | W |   |   |   |   |   |    |
  +---+---+---+---+---+---+---+---+---+
 4  B |   |   |   |   | B |   |   |    |
  +---+---+---+---+---+---+---+---+---+
 5  B | B |   |   | T |   |   |   | B  |
  +---+---+---+---+---+---+---+---+---+
 6  B | B |   | K |   |   |   |   |    |
  +---+---+---+---+---+---+---+---+---+
 7    |   | W | B |   |   |   |   |    |
  +---+---+---+---+---+---+---+---+---+
 8    |   |   |   | B | B |   |   |    |
  +---+---+---+---+---+---+---+---+---+
 9    |   |   | B | B |   |   |   |    |
  +---+---+---+---+---+---+---+---+---+
It's your turn

Exploration recap:
- Score=0.6666666666666666
- Nodes_explored=172
- Time=1.749s

Move BLACK : f8 --> i8
After my move:

    A   B   C   D   E   F   G   H   I
  +---+---+---+---+---+---+---+---+---+
 1    |   | W | B | B |   |   |   |    |
  +---+---+---+---+---+---+---+---+---+
 2    |   |   |   | B | B |   |   |    |
  +---+---+---+---+---+---+---+---+---+
 3    |   | W |   |   |   |   |   |    |
  +---+---+---+---+---+---+---+---+---+
 4  B |   |   |   |   | B |   |   |    |
  +---+---+---+---+---+---+---+---+---+
 5  B | B |   |   | T |   |   |   | B  |
  +---+---+---+---+---+---+---+---+---+
 6  B | B |   | K |   |   |   |   |    |
  +---+---+---+---+---+---+---+---+---+
 7    |   | W | B |   |   |   |   |    |
  +---+---+---+---+---+---+---+---+---+
 8    |   |   |   | B |   |   |   | B  |
  +---+---+---+---+---+---+---+---+---+
 9    |   |   | B | B |   |   |   |    |
  +---+---+---+---+---+---+---+---+---+
Current table:

    A   B   C   D   E   F   G   H   I
  +---+---+---+---+---+---+---+---+---+
 1    |   | W | B | B |   |   |   |    |
  +---+---+---+---+---+---+---+---+---+
 2    |   |   | K | B | B |   |   |    |
  +---+---+---+---+---+---+---+---+---+
 3    |   | W |   |   |   |   |   |    |
  +---+---+---+---+---+---+---+---+---+
 4  B |   |   |   |   | B |   |   |    |
  +---+---+---+---+---+---+---+---+---+
 5  B | B |   |   | T |   |   |   | B  |
  +---+---+---+---+---+---+---+---+---+
 6  B | B |   |   |   |   |   |   |    |
  +---+---+---+---+---+---+---+---+---+
 7    |   | W | B |   |   |   |   |    |
  +---+---+---+---+---+---+---+---+---+
 8    |   |   |   | B |   |   |   | B  |
  +---+---+---+---+---+---+---+---+---+
 9    |   |   | B | B |   |   |   |    |
  +---+---+---+---+---+---+---+---+---+
It's your turn

Exploration recap:
- Score=0.6666666666666666
- Nodes_explored=178
- Time=1.805s

Move BLACK : i8 --> f8
After my move:

    A   B   C   D   E   F   G   H   I
  +---+---+---+---+---+---+---+---+---+
 1    |   | W | B | B |   |   |   |    |
  +---+---+---+---+---+---+---+---+---+
 2    |   |   | K | B | B |   |   |    |
  +---+---+---+---+---+---+---+---+---+
 3    |   | W |   |   |   |   |   |    |
  +---+---+---+---+---+---+---+---+---+
 4  B |   |   |   |   | B |   |   |    |
  +---+---+---+---+---+---+---+---+---+
 5  B | B |   |   | T |   |   |   | B  |
  +---+---+---+---+---+---+---+---+---+
 6  B | B |   |   |   |   |   |   |    |
  +---+---+---+---+---+---+---+---+---+
 7    |   | W | B |   |   |   |   |    |
  +---+---+---+---+---+---+---+---+---+
 8    |   |   |   | B | B |   |   |    |
  +---+---+---+---+---+---+---+---+---+
 9    |   |   | B | B |   |   |   |    |
  +---+---+---+---+---+---+---+---+---+
Current table:

    A   B   C   D   E   F   G   H   I
  +---+---+---+---+---+---+---+---+---+
 1    |   | W | B | B |   |   |   |    |
  +---+---+---+---+---+---+---+---+---+
 2  K |   |   |   | B | B |   |   |    |
  +---+---+---+---+---+---+---+---+---+
 3    |   | W |   |   |   |   |   |    |
  +---+---+---+---+---+---+---+---+---+
 4  B |   |   |   |   | B |   |   |    |
  +---+---+---+---+---+---+---+---+---+
 5  B | B |   |   | T |   |   |   | B  |
  +---+---+---+---+---+---+---+---+---+
 6  B | B |   |   |   |   |   |   |    |
  +---+---+---+---+---+---+---+---+---+
 7    |   | W | B |   |   |   |   |    |
  +---+---+---+---+---+---+---+---+---+
 8    |   |   |   | B | B |   |   |    |
  +---+---+---+---+---+---+---+---+---+
 9    |   |   | B | B |   |   |   |    |
  +---+---+---+---+---+---+---+---+---+
WHITE wins!
