Connected to the server 127.0.0.1:5801
Current table:

    A   B   C   D   E   F   G   H   I
  +---+---+---+---+---+---+---+---+---+
 1    |   |   | B | B | B |   |   |    |
  +---+---+---+---+---+---+---+---+---+
 2    |   |   |   | B |   |   |   |    |
  +---+---+---+---+---+---+---+---+---+
 3    |   |   |   | W |   |   |   |    |
  +---+---+---+---+---+---+---+---+---+
 4  B |   |   |   | W |   |   |   | B  |
  +---+---+---+---+---+---+---+---+---+
 5  B | B | W | W | K | W | W | B | B  |
  +---+---+---+---+---+---+---+---+---+
 6  B |   |   |   | W |   |   |   | B  |
  +---+---+---+---+---+---+---+---+---+
 7    |   |   |   | W |   |   |   |    |
  +---+---+---+---+---+---+---+---+---+
 8    |   |   |   | B |   |   |   |    |
  +---+---+---+---+---+---+---+---+---+
 9    |   |   | B | B | B |   |   |    |
  +---+---+---+---+---+---+---+---+---+
Waiting for your opponent move...
Current table:

    A   B   C   D   E   F   G   H   I
  +---+---+---+---+---+---+---+---+---+
 1    |   | W | B | B | B |   |   |    |
  +---+---+---+---+---+---+---+---+---+
 2    |   |   |   | B |   |   |   |    |
  +---+---+---+---+---+---+---+---+---+
 3    |   |   |   | W |   |   |   |    |
  +---+---+---+---+---+---+---+---+---+
 4  B |   |   |   | W |   |   |   | B  |
  +---+---+---+---+---+---+---+---+---+
 5  B | B |   | W | K | W | W | B | B  |
  +---+---+---+---+---+---+---+---+---+
 6  B |   |   |   | W |   |   |   | B  |
  +---+---+---+---+---+---+---+---+---+
 7    |   |   |   | W |   |   |   |    |
  +---+---+---+---+---+---+---+---+---+
 8    |   |   |   | B |   |   |   |    |
  +---+---+---+---+---+---+---+---+---+
 9    |   |   | B | B | B |   |   |    |
  +---+---+---+---+---+---+---+---+---+
It's your turn

Exploration recap:
- Score=-0.3333333333333333
- Nodes_explored=315
- Time=3.051s

Move BLACK : i6 --> f6
After my move:

    A   B   C   D   E   F   G   H   I
  +---+---+---+---+---+---+---+---+---+
 1    |   | W | B | B | B |   |   |    |
  +---+---+---+---+---+---+---+---+---+
 2    |   |   |   | B |   |   |   |    |
  +---+---+---+---+---+---+---+---+---+
 3    |   |   |   | W |   |   |   |    |
  +---+---+---+---+---+---+---+---+---+
 4  B |   |   |   | W |   |   |   | B  |
  +---+---+---+---+---+---+---+---+---+
 5  B | B |   | W | K | W | W | B | B  |
  +---+---+---+---+---+---+---+---+---+
 6  B |   |   |   | W | B |   |   |    |
  +---+---+---+---+---+---+---+---+---+
 7    |   |   |   | W |   |   |   |    |
  +---+---+---+---+---+---+---+---+---+
 8    |   |   |   | B |   |   |   |    |
  +---+---+---+---+---+---+---+---+---+
 9    |   |   | B | B | B |   |   |    |
  +---+---+---+---+---+---+---+---+---+
Current table:

    A   B   C   D   E   F   G   H   I
  +---+---+---+---+---+---+---+---+---+
 1    |   |   | B | B | B |   |   |    |
  +---+---+---+---+---+---+---+---+---+
 2    |   |   |   | B |   |   |   |    |
  +---+---+---+---+---+---+---+---+---+
 3    |   |   |   | W |   |   |   |    |
  +---+---+---+---+---+---+---+---+---+
 4  B |   |   |   | W |   |   |   | B  |
  +---+---+---+---+---+---+---+---+---+
 5  B | B | W | W | K | W | W | B | B  |
  +---+---+---+---+---+---+---+---+---+
 6  B |   |   |   | W | B |   |   |    |
  +---+---+---+---+---+---+---+---+---+
 7    |   |   |   | W |   |   |   |    |
  +---+---+---+---+---+---+---+---+---+
 8    |   |   |   | B |   |   |   |    |
  +---+---+---+---+---+---+---+---+---+
 9    |   |   | B | B | B |   |   |    |
  +---+---+---+---+---+---+---+---+---+
It's your turn

Exploration recap:
- Score=-0.3333333333333333
- Nodes_explored=289
- Time=2.905s

Move BLACK : i4 --> f4
After my move:

    A   B   C   D   E   F   G   H   I
  +---+---+---+---+---+---+---+---+---+
 1    |   |   | B | B | B |   |   |    |
  +---+---+---+---+---+---+---+---+---+
 2    |   |   |   | B |   |   |   |    |
  +---+---+---+---+---+---+---+---+---+
 3    |   |   |   | W |   |   |   |    |
  +---+---+---+---+---+---+---+---+---+
 4  B |   |   |   | W | B |   |   |    |
  +---+---+---+---+---+---+---+---+---+
 5  B | B | W | W | K |   | W | B | B  |
  +---+---+---+---+---+---+---+---+---+
 6  B |   |   |   | W | B |   |   |    |
  +---+---+---+---+---+---+---+---+---+
 7    |   |   |   | W |   |   |   |    |
  +---+---+---+---+---+---+---+---+---+
 8    |   |   |   | B |   |   |   |    |
  +---+---+---+---+---+---+---+---+---+
 9    |   |   | B | B | B |   |   |    |
  +---+---+---+---+---+---+---+---+---+
Current table:

    A   B   C   D   E   F   G   H   I
  +---+---+---+---+---+---+---+---+---+
 1    |   |   | B | B | B |   |   |    |
  +---+---+---+---+---+---+---+---+---+
 2    |   |   |   | B |   |   |   |    |
  +---+---+---+---+---+---+---+---+---+
 3    |   |   |   | W |   |   |   |    |
  +---+---+---+---+---+---+---+---+---+
 4  B |   |   |   | W | B |   |   |    |
  +---+---+---+---+---+---+---+---+---+
 5  B | B |   | W | K |   | W | B | B  |
  +---+---+---+---+---+---+---+---+---+
 6  B |   | W |   | W | B |   |   |    |
  +---+---+---+---+---+---+---+---+---+
 7    |   |   |   | W |   |   |   |    |
  +---+---+---+---+---+---+---+---+---+
 8    |   |   |   | B |   |   |   |    |
  +---+---+---+---+---+---+---+---+---+
 9    |   |   | B | B | B |   |   |    |
  +---+---+---+---+---+---+---+---+---+
It's your turn

Exploration recap:
- Score=-0.6666666666666666
- Nodes_explored=334
- Time=3.012s

Move BLACK : f6 --> g6
After my move:

    A   B   C   D   E   F   G   H   I
  +---+---+---+---+---+---+---+---+---+
 1    |   |   | B | B | B |   |   |    |
  +---+---+---+---+---+---+---+---+---+
 2    |   |   |   | B |   |   |   |    |
  +---+---+---+---+---+---+---+---+---+
 3    |   |   |   | W |   |   |   |    |
  +---+---+---+---+---+---+---+---+---+
 4  B |   |   |   | W | B |   |   |    |
  +---+---+---+---+---+---+---+---+---+
 5  B | B |   | W | K |   | W | B | B  |
  +---+---+---+---+---+---+---+---+---+
 6  B |   | W |   | W |   | B |   |    |
  +---+---+---+---+---+---+---+---+---+
 7    |   |   |   | W |   |   |   |    |
  +---+---+---+---+---+---+---+---+---+
 8    |   |   |   | B |   |   |   |    |
  +---+---+---+---+---+---+---+---+---+
 9    |   |   | B | B | B |   |   |    |
  +---+---+---+---+---+---+---+---+---+
Current table:

    A   B   C   D   E   F   G   H   I
  +---+---+---+---+---+---+---+---+---+
 1    |   |   | B | B | B |   |   |    |
  +---+---+---+---+---+---+---+---+---+
 2    |   |   |   | B |   | W |   |    |
  +---+---+---+---+---+---+---+---+---+
 3    |   |   |   | W |   |   |   |    |
  +---+---+---+---+---+---+---+---+---+
 4  B |   |   |   | W | B |   |   |    |
  +---+---+---+---+---+---+---+---+---+
 5  B | B |   | W | K |   |   | B | B  |
  +---+---+---+---+---+---+---+---+---+
 6  B |   | W |   | W |   | B |   |    |
  +---+---+---+---+---+---+---+---+---+
 7    |   |   |   | W |   |   |   |    |
  +---+---+---+---+---+---+---+---+---+
 8    |   |   |   | B |   |   |   |    |
  +---+---+---+---+---+---+---+---+---+
 9    |   |   | B | B | B |   |   |    |
  +---+---+---+---+---+---+---+---+---+
It's your turn

Exploration recap:
- Score=-1.0
- Nodes_explored=380
- Time=3.595s

Move BLACK : h5 --> f5
After my move:

    A   B   C   D   E   F   G   H   I
  +---+---+---+---+---+---+---+---+---+
 1    |   |   | B | B | B |   |   |    |
  +---+---+---+---+---+---+---+---+---+
 2    |   |   |   | B |   | W |   |    |
  +---+---+---+---+---+---+---+---+---+
 3    |   |   |   | W |   |   |   |    |
  +---+---+---+---+---+---+---+---+---+
 4  B |   |   |   | W | B |   |   |    |
  +---+---+---+---+---+---+---+---+---+
 5  B | B |   | W | K | B |   |   | B  |
  +---+---+---+---+---+---+---+---+---+
 6  B |   | W |   | W |   | B |   |    |
  +---+---+---+---+---+---+---+---+---+
 7    |   |   |   | W |   |   |   |    |
  +---+---+---+---+---+---+---+---+---+
 8    |   |   |   | B |   |   |   |    |
  +---+---+---+---+---+---+---+---+---+
 9    |   |   | B | B | B |   |   |    |
  +---+---+---+---+---+---+---+---+---+
Current table:

    A   B   C   D   E   F   G   H   I
  +---+---+---+---+---+---+---+---+---+
 1    |   |   | B | B | B |   |   |    |
  +---+---+---+---+---+---+---+---+---+
 2    |   |   |   | B |   | W |   |    |
  +---+---+---+---+---+---+---+---+---+
 3    |   |   | W | W |   |   |   |    |
  +---+---+---+---+---+---+---+---+---+
 4  B |   |   |   | W | B |   |   |    |
  +---+---+---+---+---+---+---+---+---+
 5  B | B |   |   | K | B |   |   | B  |
  +---+---+---+---+---+---+---+---+---+
 6  B |   | W |   | W |   | B |   |    |
  +---+---+---+---+---+---+---+---+---+
 7    |   |   |   | W |   |   |   |    |
  +---+---+---+---+---+---+---+---+---+
 8    |   |   |   | B |   |   |   |    |
  +---+---+---+---+---+---+---+---+---+
 9    |   |   | B | B | B |   |   |    |
  +---+---+---+---+---+---+---+---+---+
It's your turn

Exploration recap:
- Score=-1.0
- Nodes_explored=903
- Time=5.541s

Move BLACK : g6 --> g4
After my move:

    A   B   C   D   E   F   G   H   I
  +---+---+---+---+---+---+---+---+---+
 1    |   |   | B | B | B |   |   |    |
  +---+---+---+---+---+---+---+---+---+
 2    |   |   |   | B |   | W |   |    |
  +---+---+---+---+---+---+---+---+---+
 3    |   |   | W | W |   |   |   |    |
  +---+---+---+---+---+---+---+---+---+
 4  B |   |   |   | W | B | B |   |    |
  +---+---+---+---+---+---+---+---+---+
 5  B | B |   |   | K | B |   |   | B  |
  +---+---+---+---+---+---+---+---+---+
 6  B |   | W |   | W |   |   |   |    |
  +---+---+---+---+---+---+---+---+---+
 7    |   |   |   | W |   |   |   |    |
  +---+---+---+---+---+---+---+---+---+
 8    |   |   |   | B |   |   |   |    |
  +---+---+---+---+---+---+---+---+---+
 9    |   |   | B | B | B |   |   |    |
  +---+---+---+---+---+---+---+---+---+
Current table:

    A   B   C   D   E   F   G   H   I
  +---+---+---+---+---+---+---+---+---+
 1    |   |   | B | B | B |   |   |    |
  +---+---+---+---+---+---+---+---+---+
 2    |   |   |   | B |   | W |   |    |
  +---+---+---+---+---+---+---+---+---+
 3  W |   |   |   | W |   |   |   |    |
  +---+---+---+---+---+---+---+---+---+
 4  B |   |   |   | W | B | B |   |    |
  +---+---+---+---+---+---+---+---+---+
 5  B | B |   |   | K | B |   |   | B  |
  +---+---+---+---+---+---+---+---+---+
 6  B |   | W |   | W |   |   |   |    |
  +---+---+---+---+---+---+---+---+---+
 7    |   |   |   | W |   |   |   |    |
  +---+---+---+---+---+---+---+---+---+
 8    |   |   |   | B |   |   |   |    |
  +---+---+---+---+---+---+---+---+---+
 9    |   |   | B | B | B |   |   |    |
  +---+---+---+---+---+---+---+---+---+
It's your turn

Exploration recap:
- Score=-1.0
- Nodes_explored=766
- Time=4.727s

Move BLACK : g4 --> g6
After my move:

    A   B   C   D   E   F   G   H   I
  +---+---+---+---+---+---+---+---+---+
 1    |   |   | B | B | B |   |   |    |
  +---+---+---+---+---+---+---+---+---+
 2    |   |   |   | B |   | W |   |    |
  +---+---+---+---+---+---+---+---+---+
 3  W |   |   |   | W |   |   |   |    |
  +---+---+---+---+---+---+---+---+---+
 4  B |   |   |   | W | B |   |   |    |
  +---+---+---+---+---+---+---+---+---+
 5  B | B |   |   | K | B |   |   | B  |
  +---+---+---+---+---+---+---+---+---+
 6  B |   | W |   | W |   | B |   |    |
  +---+---+---+---+---+---+---+---+---+
 7    |   |   |   | W |   |   |   |    |
  +---+---+---+---+---+---+---+---+---+
 8    |   |   |   | B |   |   |   |    |
  +---+---+---+---+---+---+---+---+---+
 9    |   |   | B | B | B |   |   |    |
  +---+---+---+---+---+---+---+---+---+
Current table:

    A   B   C   D   E   F   G   H   I
  +---+---+---+---+---+---+---+---+---+
 1    |   |   | B | B | B |   |   |    |
  +---+---+---+---+---+---+---+---+---+
 2    |   |   |   | B |   | W |   |    |
  +---+---+---+---+---+---+---+---+---+
 3  W |   |   |   |   |   |   |   | W  |
  +---+---+---+---+---+---+---+---+---+
 4  B |   |   |   | W | B |   |   |    |
  +---+---+---+---+---+---+---+---+---+
 5  B | B |   |   | K | B |   |   | B  |
  +---+---+---+---+---+---+---+---+---+
 6  B |   | W |   | W |   | B |   |    |
  +---+---+---+---+---+---+---+---+---+
 7    |   |   |   | W |   |   |   |    |
  +---+---+---+---+---+---+---+---+---+
 8    |   |   |   | B |   |   |   |    |
  +---+---+---+---+---+---+---+---+---+
 9    |   |   | B | B | B |   |   |    |
  +---+---+---+---+---+---+---+---+---+
It's your turn

Exploration recap:
- Score=-1.0
- Nodes_explored=864
- Time=5.546s

Move BLACK : g6 --> g4
After my move:

    A   B   C   D   E   F   G   H   I
  +---+---+---+---+---+---+---+---+---+
 1    |   |   | B | B | B |   |   |    |
  +---+---+---+---+---+---+---+---+---+
 2    |   |   |   | B |   | W |   |    |
  +---+---+---+---+---+---+---+---+---+
 3  W |   |   |   |   |   |   |   | W  |
  +---+---+---+---+---+---+---+---+---+
 4  B |   |   |   | W | B | B |   |    |
  +---+---+---+---+---+---+---+---+---+
 5  B | B |   |   | K | B |   |   | B  |
  +---+---+---+---+---+---+---+---+---+
 6  B |   | W |   | W |   |   |   |    |
  +---+---+---+---+---+---+---+---+---+
 7    |   |   |   | W |   |   |   |    |
  +---+---+---+---+---+---+---+---+---+
 8    |   |   |   | B |   |   |   |    |
  +---+---+---+---+---+---+---+---+---+
 9    |   |   | B | B | B |   |   |    |
  +---+---+---+---+---+---+---+---+---+
Current table:

    A   B   C   D   E   F   G   H   I
  +---+---+---+---+---+---+---+---+---+
 1    |   |   | B | B | B |   |   |    |
  +---+---+---+---+---+---+---+---+---+
 2    |   |   |   | B |   | W |   |    |
  +---+---+---+---+---+---+---+---+---+
 3  W |   |   |   |   |   |   |   | W  |
  +---+---+---+---+---+---+---+---+---+
 4  B |   |   | W |   | B | B |   |    |
  +---+---+---+---+---+---+---+---+---+
 5  B | B |   |   | K | B |   |   | B  |
  +---+---+---+---+---+---+---+---+---+
 6  B |   | W |   | W |   |   |   |    |
  +---+---+---+---+---+---+---+---+---+
 7    |   |   |   | W |   |   |   |    |
  +---+---+---+---+---+---+---+---+---+
 8    |   |   |   | B |   |   |   |    |
  +---+---+---+---+---+---+---+---+---+
 9    |   |   | B | B | B |   |   |    |
  +---+---+---+---+---+---+---+---+---+
It's your turn

Exploration recap:
- Score=-0.6666666666666666
- Nodes_explored=3162
- Time=14.399s

Move BLACK : g4 --> g9
After my move:

    A   B   C   D   E   F   G   H   I
  +---+---+---+---+---+---+---+---+---+
 1    |   |   | B | B | B |   |   |    |
  +---+---+---+---+---+---+---+---+---+
 2    |   |   |   | B |   | W |   |    |
  +---+---+---+---+---+---+---+---+---+
 3  W |   |   |   |   |   |   |   | W  |
  +---+---+---+---+---+---+---+---+---+
 4  B |   |   | W |   | B |   |   |    |
  +---+---+---+---+---+---+---+---+---+
 5  B | B |   |   | K | B |   |   | B  |
  +---+---+---+---+---+---+---+---+---+
 6  B |   | W |   | W |   |   |   |    |
  +---+---+---+---+---+---+---+---+---+
 7    |   |   |   | W |   |   |   |    |
  +---+---+---+---+---+---+---+---+---+
 8    |   |   |   | B |   |   |   |    |
  +---+---+---+---+---+---+---+---+---+
 9    |   |   | B | B | B | B |   |    |
  +---+---+---+---+---+---+---+---+---+
Current table:

    A   B   C   D   E   F   G   H   I
  +---+---+---+---+---+---+---+---+---+
 1    |   |   | B | B | B |   |   |    |
  +---+---+---+---+---+---+---+---+---+
 2    |   |   |   | B |   | W |   |    |
  +---+---+---+---+---+---+---+---+---+
 3  W |   |   |   |   |   |   |   | W  |
  +---+---+---+---+---+---+---+---+---+
 4  B |   |   | W |   | B |   |   |    |
  +---+---+---+---+---+---+---+---+---+
 5  B | B |   |   | K | B |   |   | B  |
  +---+---+---+---+---+---+---+---+---+
 6  B |   | W |   |   | W |   |   |    |
  +---+---+---+---+---+---+---+---+---+
 7    |   |   |   | W |   |   |   |    |
  +---+---+---+---+---+---+---+---+---+
 8    |   |   |   | B |   |   |   |    |
  +---+---+---+---+---+---+---+---+---+
 9    |   |   | B | B | B | B |   |    |
  +---+---+---+---+---+---+---+---+---+
It's your turn

Exploration recap:
- Score=-0.6666666666666666
- Nodes_explored=1023
- Time=5.291s

Move BLACK : g9 --> i9
After my move:

    A   B   C   D   E   F   G   H   I
  +---+---+---+---+---+---+---+---+---+
 1    |   |   | B | B | B |   |   |    |
  +---+---+---+---+---+---+---+---+---+
 2    |   |   |   | B |   | W |   |    |
  +---+---+---+---+---+---+---+---+---+
 3  W |   |   |   |   |   |   |   | W  |
  +---+---+---+---+---+---+---+---+---+
 4  B |   |   | W |   | B |   |   |    |
  +---+---+---+---+---+---+---+---+---+
 5  B | B |   |   | K | B |   |   | B  |
  +---+---+---+---+---+---+---+---+---+
 6  B |   | W |   |   | W |   |   |    |
  +---+---+---+---+---+---+---+---+---+
 7    |   |   |   | W |   |   |   |    |
  +---+---+---+---+---+---+---+---+---+
 8    |   |   |   | B |   |   |   |    |
  +---+---+---+---+---+---+---+---+---+
 9    |   |   | B | B | B |   |   | B  |
  +---+---+---+---+---+---+---+---+---+
Current table:

    A   B   C   D   E   F   G   H   I
  +---+---+---+---+---+---+---+---+---+
 1    |   |   | B | B | B |   |   |    |
  +---+---+---+---+---+---+---+---+---+
 2    |   |   |   | B |   |   |   |    |
  +---+---+---+---+---+---+---+---+---+
 3  W |   |   |   |   |   |   |   | W  |
  +---+---+---+---+---+---+---+---+---+
 4  B |   |   | W |   | B |   |   |    |
  +---+---+---+---+---+---+---+---+---+
 5  B | B |   |   | K | B |   |   | B  |
  +---+---+---+---+---+---+---+---+---+
 6  B |   | W |   |   | W |   |   |    |
  +---+---+---+---+---+---+---+---+---+
 7    |   |   |   | W |   |   |   |    |
  +---+---+---+---+---+---+---+---+---+
 8    |   |   |   | B |   |   |   |    |
  +---+---+---+---+---+---+---+---+---+
 9    |   |   | B | B | B | W |   | B  |
  +---+---+---+---+---+---+---+---+---+
It's your turn

Exploration recap:
- Score=-0.6666666666666666
- Nodes_explored=886
- Time=4.677s

Move BLACK : i9 --> h9
After my move:

    A   B   C   D   E   F   G   H   I
  +---+---+---+---+---+---+---+---+---+
 1    |   |   | B | B | B |   |   |    |
  +---+---+---+---+---+---+---+---+---+
 2    |   |   |   | B |   |   |   |    |
  +---+---+---+---+---+---+---+---+---+
 3  W |   |   |   |   |   |   |   | W  |
  +---+---+---+---+---+---+---+---+---+
 4  B |   |   | W |   | B |   |   |    |
  +---+---+---+---+---+---+---+---+---+
 5  B | B |   |   | K | B |   |   | B  |
  +---+---+---+---+---+---+---+---+---+
 6  B |   | W |   |   | W |   |   |    |
  +---+---+---+---+---+---+---+---+---+
 7    |   |   |   | W |   |   |   |    |
  +---+---+---+---+---+---+---+---+---+
 8    |   |   |   | B |   |   |   |    |
  +---+---+---+---+---+---+---+---+---+
 9    |   |   | B | B | B |   | B |    |
  +---+---+---+---+---+---+---+---+---+
Current table:

    A   B   C   D   E   F   G   H   I
  +---+---+---+---+---+---+---+---+---+
 1    |   |   | B | B | B |   |   |    |
  +---+---+---+---+---+---+---+---+---+
 2    |   | W |   | B |   |   |   |    |
  +---+---+---+---+---+---+---+---+---+
 3  W |   |   |   |   |   |   |   | W  |
  +---+---+---+---+---+---+---+---+---+
 4  B |   |   | W |   | B |   |   |    |
  +---+---+---+---+---+---+---+---+---+
 5  B | B |   |   | K | B |   |   | B  |
  +---+---+---+---+---+---+---+---+---+
 6  B |   |   |   |   | W |   |   |    |
  +---+---+---+---+---+---+---+---+---+
 7    |   |   |   | W |   |   |   |    |
  +---+---+---+---+---+---+---+---+---+
 8    |   |   |   | B |   |   |   |    |
  +---+---+---+---+---+---+---+---+---+
 9    |   |   | B | B | B |   | B |    |
  +---+---+---+---+---+---+---+---+---+
It's your turn

Exploration recap:
- Score=-0.6666666666666666
- Nodes_explored=444
- Time=3.019s

Move BLACK : h9 --> g9
After my move:

    A   B   C   D   E   F   G   H   I
  +---+---+---+---+---+---+---+---+---+
 1    |   |   | B | B | B |   |   |    |
  +---+---+---+---+---+---+---+---+---+
 2    |   | W |   | B |   |   |   |    |
  +---+---+---+---+---+---+---+---+---+
 3  W |   |   |   |   |   |   |   | W  |
  +---+---+---+---+---+---+---+---+---+
 4  B |   |   | W |   | B |   |   |    |
  +---+---+---+---+---+---+---+---+---+
 5  B | B |   |   | K | B |   |   | B  |
  +---+---+---+---+---+---+---+---+---+
 6  B |   |   |   |   | W |   |   |    |
  +---+---+---+---+---+---+---+---+---+
 7    |   |   |   | W |   |   |   |    |
  +---+---+---+---+---+---+---+---+---+
 8    |   |   |   | B |   |   |   |    |
  +---+---+---+---+---+---+---+---+---+
 9    |   |   | B | B | B | B |   |    |
  +---+---+---+---+---+---+---+---+---+
Current table:

    A   B   C   D   E   F   G   H   I
  +---+---+---+---+---+---+---+---+---+
 1    |   |   | B | B | B |   |   |    |
  +---+---+---+---+---+---+---+---+---+
 2    |   | W |   | B |   |   |   |    |
  +---+---+---+---+---+---+---+---+---+
 3  W |   |   |   |   |   |   |   | W  |
  +---+---+---+---+---+---+---+---+---+
 4  B |   |   |   |   | B |   |   |    |
  +---+---+---+---+---+---+---+---+---+
 5  B | B |   | W | K | B |   |   | B  |
  +---+---+---+---+---+---+---+---+---+
 6  B |   |   |   |   | W |   |   |    |
  +---+---+---+---+---+---+---+---+---+
 7    |   |   |   | W |   |   |   |    |
  +---+---+---+---+---+---+---+---+---+
 8    |   |   |   | B |   |   |   |    |
  +---+---+---+---+---+---+---+---+---+
 9    |   |   | B | B | B | B |   |    |
  +---+---+---+---+---+---+---+---+---+
It's your turn

Exploration recap:
- Score=-0.6666666666666666
- Nodes_explored=626
- Time=3.656s

Move BLACK : g9 --> i9
After my move:

    A   B   C   D   E   F   G   H   I
  +---+---+---+---+---+---+---+---+---+
 1    |   |   | B | B | B |   |   |    |
  +---+---+---+---+---+---+---+---+---+
 2    |   | W |   | B |   |   |   |    |
  +---+---+---+---+---+---+---+---+---+
 3  W |   |   |   |   |   |   |   | W  |
  +---+---+---+---+---+---+---+---+---+
 4  B |   |   |   |   | B |   |   |    |
  +---+---+---+---+---+---+---+---+---+
 5  B | B |   | W | K | B |   |   | B  |
  +---+---+---+---+---+---+---+---+---+
 6  B |   |   |   |   | W |   |   |    |
  +---+---+---+---+---+---+---+---+---+
 7    |   |   |   | W |   |   |   |    |
  +---+---+---+---+---+---+---+---+---+
 8    |   |   |   | B |   |   |   |    |
  +---+---+---+---+---+---+---+---+---+
 9    |   |   | B | B | B |   |   | B  |
  +---+---+---+---+---+---+---+---+---+
Current table:

    A   B   C   D   E   F   G   H   I
  +---+---+---+---+---+---+---+---+---+
 1    |   |   | B | B | B |   |   |    |
  +---+---+---+---+---+---+---+---+---+
 2    |   |   | W | B |   |   |   |    |
  +---+---+---+---+---+---+---+---+---+
 3  W |   |   |   |   |   |   |   | W  |
  +---+---+---+---+---+---+---+---+---+
 4  B |   |   |   |   | B |   |   |    |
  +---+---+---+---+---+---+---+---+---+
 5  B | B |   | W | K | B |   |   | B  |
  +---+---+---+---+---+---+---+---+---+
 6  B |   |   |   |   | W |   |   |    |
  +---+---+---+---+---+---+---+---+---+
 7    |   |   |   | W |   |   |   |    |
  +---+---+---+---+---+---+---+---+---+
 8    |   |   |   | B |   |   |   |    |
  +---+---+---+---+---+---+---+---+---+
 9    |   |   | B | B | B |   |   | B  |
  +---+---+---+---+---+---+---+---+---+
It's your turn

Exploration recap:
- Score=-0.6666666666666666
- Nodes_explored=414
- Time=2.832s

Move BLACK : i9 --> g9
After my move:

    A   B   C   D   E   F   G   H   I
  +---+---+---+---+---+---+---+---+---+
 1    |   |   | B | B | B |   |   |    |
  +---+---+---+---+---+---+---+---+---+
 2    |   |   | W | B |   |   |   |    |
  +---+---+---+---+---+---+---+---+---+
 3  W |   |   |   |   |   |   |   | W  |
  +---+---+---+---+---+---+---+---+---+
 4  B |   |   |   |   | B |   |   |    |
  +---+---+---+---+---+---+---+---+---+
 5  B | B |   | W | K | B |   |   | B  |
  +---+---+---+---+---+---+---+---+---+
 6  B |   |   |   |   | W |   |   |    |
  +---+---+---+---+---+---+---+---+---+
 7    |   |   |   | W |   |   |   |    |
  +---+---+---+---+---+---+---+---+---+
 8    |   |   |   | B |   |   |   |    |
  +---+---+---+---+---+---+---+---+---+
 9    |   |   | B | B | B | B |   |    |
  +---+---+---+---+---+---+---+---+---+
Current table:

    A   B   C   D   E   F   G   H   I
  +---+---+---+---+---+---+---+---+---+
 1    |   |   | B | B | B |   |   |    |
  +---+---+---+---+---+---+---+---+---+
 2    |   |   | W | B |   |   |   |    |
  +---+---+---+---+---+---+---+---+---+
 3    |   |   |   |   |   | W |   | W  |
  +---+---+---+---+---+---+---+---+---+
 4  B |   |   |   |   | B |   |   |    |
  +---+---+---+---+---+---+---+---+---+
 5  B | B |   | W | K | B |   |   | B  |
  +---+---+---+---+---+---+---+---+---+
 6  B |   |   |   |   | W |   |   |    |
  +---+---+---+---+---+---+---+---+---+
 7    |   |   |   | W |   |   |   |    |
  +---+---+---+---+---+---+---+---+---+
 8    |   |   |   | B |   |   |   |    |
  +---+---+---+---+---+---+---+---+---+
 9    |   |   | B | B | B | B |   |    |
  +---+---+---+---+---+---+---+---+---+
It's your turn

Exploration recap:
- Score=-0.6666666666666666
- Nodes_explored=631
- Time=3.942s

Move BLACK : g9 --> i9
After my move:

    A   B   C   D   E   F   G   H   I
  +---+---+---+---+---+---+---+---+---+
 1    |   |   | B | B | B |   |   |    |
  +---+---+---+---+---+---+---+---+---+
 2    |   |   | W | B |   |   |   |    |
  +---+---+---+---+---+---+---+---+---+
 3    |   |   |   |   |   | W |   | W  |
  +---+---+---+---+---+---+---+---+---+
 4  B |   |   |   |   | B |   |   |    |
  +---+---+---+---+---+---+---+---+---+
 5  B | B |   | W | K | B |   |   | B  |
  +---+---+---+---+---+---+---+---+---+
 6  B |   |   |   |   | W |   |   |    |
  +---+---+---+---+---+---+---+---+---+
 7    |   |   |   | W |   |   |   |    |
  +---+---+---+---+---+---+---+---+---+
 8    |   |   |   | B |   |   |   |    |
  +---+---+---+---+---+---+---+---+---+
 9    |   |   | B | B | B |   |   | B  |
  +---+---+---+---+---+---+---+---+---+
Current table:

    A   B   C   D   E   F   G   H   I
  +---+---+---+---+---+---+---+---+---+
 1    |   |   | B | B | B |   |   |    |
  +---+---+---+---+---+---+---+---+---+
 2    |   |   | W | B |   |   |   |    |
  +---+---+---+---+---+---+---+---+---+
 3    |   |   |   |   |   | W |   | W  |
  +---+---+---+---+---+---+---+---+---+
 4  B |   |   |   |   | B |   |   |    |
  +---+---+---+---+---+---+---+---+---+
 5  B | B |   | W | K | B |   |   | B  |
  +---+---+---+---+---+---+---+---+---+
 6  B |   |   |   |   | W |   |   |    |
  +---+---+---+---+---+---+---+---+---+
 7    |   |   | W |   |   |   |   |    |
  +---+---+---+---+---+---+---+---+---+
 8    |   |   |   | B |   |   |   |    |
  +---+---+---+---+---+---+---+---+---+
 9    |   |   | B | B | B |   |   | B  |
  +---+---+---+---+---+---+---+---+---+
It's your turn

Exploration recap:
- Score=-0.6666666666666666
- Nodes_explored=558
- Time=3.742s

Move BLACK : i9 --> g9
After my move:

    A   B   C   D   E   F   G   H   I
  +---+---+---+---+---+---+---+---+---+
 1    |   |   | B | B | B |   |   |    |
  +---+---+---+---+---+---+---+---+---+
 2    |   |   | W | B |   |   |   |    |
  +---+---+---+---+---+---+---+---+---+
 3    |   |   |   |   |   | W |   | W  |
  +---+---+---+---+---+---+---+---+---+
 4  B |   |   |   |   | B |   |   |    |
  +---+---+---+---+---+---+---+---+---+
 5  B | B |   | W | K | B |   |   | B  |
  +---+---+---+---+---+---+---+---+---+
 6  B |   |   |   |   | W |   |   |    |
  +---+---+---+---+---+---+---+---+---+
 7    |   |   | W |   |   |   |   |    |
  +---+---+---+---+---+---+---+---+---+
 8    |   |   |   | B |   |   |   |    |
  +---+---+---+---+---+---+---+---+---+
 9    |   |   | B | B | B | B |   |    |
  +---+---+---+---+---+---+---+---+---+
Current table:

    A   B   C   D   E   F   G   H   I
  +---+---+---+---+---+---+---+---+---+
 1    |   |   | B | B | B |   |   |    |
  +---+---+---+---+---+---+---+---+---+
 2    |   |   | W | B |   |   |   |    |
  +---+---+---+---+---+---+---+---+---+
 3    |   |   |   |   |   |   |   | W  |
  +---+---+---+---+---+---+---+---+---+
 4  B |   |   |   |   | B |   |   |    |
  +---+---+---+---+---+---+---+---+---+
 5  B | B |   | W | K | B |   |   | B  |
  +---+---+---+---+---+---+---+---+---+
 6  B |   |   |   |   | W | W |   |    |
  +---+---+---+---+---+---+---+---+---+
 7    |   |   | W |   |   |   |   |    |
  +---+---+---+---+---+---+---+---+---+
 8    |   |   |   | B |   |   |   |    |
  +---+---+---+---+---+---+---+---+---+
 9    |   |   | B | B | B | B |   |    |
  +---+---+---+---+---+---+---+---+---+
It's your turn

Exploration recap:
- Score=-0.6666666666666666
- Nodes_explored=482
- Time=3.34s

Move BLACK : g9 --> i9
After my move:

    A   B   C   D   E   F   G   H   I
  +---+---+---+---+---+---+---+---+---+
 1    |   |   | B | B | B |   |   |    |
  +---+---+---+---+---+---+---+---+---+
 2    |   |   | W | B |   |   |   |    |
  +---+---+---+---+---+---+---+---+---+
 3    |   |   |   |   |   |   |   | W  |
  +---+---+---+---+---+---+---+---+---+
 4  B |   |   |   |   | B |   |   |    |
  +---+---+---+---+---+---+---+---+---+
 5  B | B |   | W | K | B |   |   | B  |
  +---+---+---+---+---+---+---+---+---+
 6  B |   |   |   |   | W | W |   |    |
  +---+---+---+---+---+---+---+---+---+
 7    |   |   | W |   |   |   |   |    |
  +---+---+---+---+---+---+---+---+---+
 8    |   |   |   | B |   |   |   |    |
  +---+---+---+---+---+---+---+---+---+
 9    |   |   | B | B | B |   |   | B  |
  +---+---+---+---+---+---+---+---+---+
Current table:

    A   B   C   D   E   F   G   H   I
  +---+---+---+---+---+---+---+---+---+
 1    |   |   | B | B | B |   |   |    |
  +---+---+---+---+---+---+---+---+---+
 2    |   |   | W | B |   |   |   |    |
  +---+---+---+---+---+---+---+---+---+
 3    |   |   |   |   |   |   |   | W  |
  +---+---+---+---+---+---+---+---+---+
 4  B |   |   |   |   | B |   |   |    |
  +---+---+---+---+---+---+---+---+---+
 5  B | B |   | W | K |   | W |   | B  |
  +---+---+---+---+---+---+---+---+---+
 6  B |   |   |   |   | W |   |   |    |
  +---+---+---+---+---+---+---+---+---+
 7    |   |   | W |   |   |   |   |    |
  +---+---+---+---+---+---+---+---+---+
 8    |   |   |   | B |   |   |   |    |
  +---+---+---+---+---+---+---+---+---+
 9    |   |   | B | B | B |   |   | B  |
  +---+---+---+---+---+---+---+---+---+
It's your turn

Exploration recap:
- Score=-0.3333333333333333
- Nodes_explored=504
- Time=3.456s

Move BLACK : i9 --> g9
After my move:

    A   B   C   D   E   F   G   H   I
  +---+---+---+---+---+---+---+---+---+
 1    |   |   | B | B | B |   |   |    |
  +---+---+---+---+---+---+---+---+---+
 2    |   |   | W | B |   |   |   |    |
  +---+---+---+---+---+---+---+---+---+
 3    |   |   |   |   |   |   |   | W  |
  +---+---+---+---+---+---+---+---+---+
 4  B |   |   |   |   | B |   |   |    |
  +---+---+---+---+---+---+---+---+---+
 5  B | B |   | W | K |   | W |   | B  |
  +---+---+---+---+---+---+---+---+---+
 6  B |   |   |   |   | W |   |   |    |
  +---+---+---+---+---+---+---+---+---+
 7    |   |   | W |   |   |   |   |    |
  +---+---+---+---+---+---+---+---+---+
 8    |   |   |   | B |   |   |   |    |
  +---+---+---+---+---+---+---+---+---+
 9    |   |   | B | B | B | B |   |    |
  +---+---+---+---+---+---+---+---+---+
Current table:

    A   B   C   D   E   F   G   H   I
  +---+---+---+---+---+---+---+---+---+
 1    |   |   | B | B | B |   |   |    |
  +---+---+---+---+---+---+---+---+---+
 2  W |   |   |   | B |   |   |   |    |
  +---+---+---+---+---+---+---+---+---+
 3    |   |   |   |   |   |   |   | W  |
  +---+---+---+---+---+---+---+---+---+
 4  B |   |   |   |   | B |   |   |    |
  +---+---+---+---+---+---+---+---+---+
 5  B | B |   | W | K |   | W |   | B  |
  +---+---+---+---+---+---+---+---+---+
 6  B |   |   |   |   | W |   |   |    |
  +---+---+---+---+---+---+---+---+---+
 7    |   |   | W |   |   |   |   |    |
  +---+---+---+---+---+---+---+---+---+
 8    |   |   |   | B |   |   |   |    |
  +---+---+---+---+---+---+---+---+---+
 9    |   |   | B | B | B | B |   |    |
  +---+---+---+---+---+---+---+---+---+
It's your turn

Exploration recap:
- Score=-0.6666666666666666
- Nodes_explored=599
- Time=3.547s

Move BLACK : g9 --> g6
After my move:

    A   B   C   D   E   F   G   H   I
  +---+---+---+---+---+---+---+---+---+
 1    |   |   | B | B | B |   |   |    |
  +---+---+---+---+---+---+---+---+---+
 2  W |   |   |   | B |   |   |   |    |
  +---+---+---+---+---+---+---+---+---+
 3    |   |   |   |   |   |   |   | W  |
  +---+---+---+---+---+---+---+---+---+
 4  B |   |   |   |   | B |   |   |    |
  +---+---+---+---+---+---+---+---+---+
 5  B | B |   | W | K |   | W |   | B  |
  +---+---+---+---+---+---+---+---+---+
 6  B |   |   |   |   | W | B |   |    |
  +---+---+---+---+---+---+---+---+---+
 7    |   |   | W |   |   |   |   |    |
  +---+---+---+---+---+---+---+---+---+
 8    |   |   |   | B |   |   |   |    |
  +---+---+---+---+---+---+---+---+---+
 9    |   |   | B | B | B |   |   |    |
  +---+---+---+---+---+---+---+---+---+
Current table:

    A   B   C   D   E   F   G   H   I
  +---+---+---+---+---+---+---+---+---+
 1    |   |   | B | B | B |   |   |    |
  +---+---+---+---+---+---+---+---+---+
 2  W |   |   |   | B |   |   |   |    |
  +---+---+---+---+---+---+---+---+---+
 3    |   |   |   | K |   |   |   | W  |
  +---+---+---+---+---+---+---+---+---+
 4  B |   |   |   |   | B |   |   |    |
  +---+---+---+---+---+---+---+---+---+
 5  B | B |   | W | T |   | W |   | B  |
  +---+---+---+---+---+---+---+---+---+
 6  B |   |   |   |   | W | B |   |    |
  +---+---+---+---+---+---+---+---+---+
 7    |   |   | W |   |   |   |   |    |
  +---+---+---+---+---+---+---+---+---+
 8    |   |   |   | B |   |   |   |    |
  +---+---+---+---+---+---+---+---+---+
 9    |   |   | B | B | B |   |   |    |
  +---+---+---+---+---+---+---+---+---+
It's your turn

Exploration recap:
- Score=-1.3333333333333333
- Nodes_explored=345
- Time=3.347s

Move BLACK : g6 --> g9
After my move:

    A   B   C   D   E   F   G   H   I
  +---+---+---+---+---+---+---+---+---+
 1    |   |   | B | B | B |   |   |    |
  +---+---+---+---+---+---+---+---+---+
 2  W |   |   |   | B |   |   |   |    |
  +---+---+---+---+---+---+---+---+---+
 3    |   |   |   | K |   |   |   | W  |
  +---+---+---+---+---+---+---+---+---+
 4  B |   |   |   |   | B |   |   |    |
  +---+---+---+---+---+---+---+---+---+
 5  B | B |   | W | T |   | W |   | B  |
  +---+---+---+---+---+---+---+---+---+
 6  B |   |   |   |   | W |   |   |    |
  +---+---+---+---+---+---+---+---+---+
 7    |   |   | W |   |   |   |   |    |
  +---+---+---+---+---+---+---+---+---+
 8    |   |   |   | B |   |   |   |    |
  +---+---+---+---+---+---+---+---+---+
 9    |   |   | B | B | B | B |   |    |
  +---+---+---+---+---+---+---+---+---+
Current table:

    A   B   C   D   E   F   G   H   I
  +---+---+---+---+---+---+---+---+---+
 1    |   |   | B | B | B |   |   |    |
  +---+---+---+---+---+---+---+---+---+
 2  W |   |   |   | B |   |   |   | W  |
  +---+---+---+---+---+---+---+---+---+
 3    |   |   |   | K |   |   |   |    |
  +---+---+---+---+---+---+---+---+---+
 4  B |   |   |   |   | B |   |   |    |
  +---+---+---+---+---+---+---+---+---+
 5  B | B |   | W | T |   | W |   | B  |
  +---+---+---+---+---+---+---+---+---+
 6  B |   |   |   |   | W |   |   |    |
  +---+---+---+---+---+---+---+---+---+
 7    |   |   | W |   |   |   |   |    |
  +---+---+---+---+---+---+---+---+---+
 8    |   |   |   | B |   |   |   |    |
  +---+---+---+---+---+---+---+---+---+
 9    |   |   | B | B | B | B |   |    |
  +---+---+---+---+---+---+---+---+---+
It's your turn

Exploration recap:
- Score=-1.3333333333333333
- Nodes_explored=363
- Time=3.297s

Move BLACK : g9 --> i9
After my move:

    A   B   C   D   E   F   G   H   I
  +---+---+---+---+---+---+---+---+---+
 1    |   |   | B | B | B |   |   |    |
  +---+---+---+---+---+---+---+---+---+
 2  W |   |   |   | B |   |   |   | W  |
  +---+---+---+---+---+---+---+---+---+
 3    |   |   |   | K |   |   |   |    |
  +---+---+---+---+---+---+---+---+---+
 4  B |   |   |   |   | B |   |   |    |
  +---+---+---+---+---+---+---+---+---+
 5  B | B |   | W | T |   | W |   | B  |
  +---+---+---+---+---+---+---+---+---+
 6  B |   |   |   |   | W |   |   |    |
  +---+---+---+---+---+---+---+---+---+
 7    |   |   | W |   |   |   |   |    |
  +---+---+---+---+---+---+---+---+---+
 8    |   |   |   | B |   |   |   |    |
  +---+---+---+---+---+---+---+---+---+
 9    |   |   | B | B | B |   |   | B  |
  +---+---+---+---+---+---+---+---+---+
Current table:

    A   B   C   D   E   F   G   H   I
  +---+---+---+---+---+---+---+---+---+
 1    |   |   | B | B | B |   |   |    |
  +---+---+---+---+---+---+---+---+---+
 2  W |   |   |   | B |   |   |   | W  |
  +---+---+---+---+---+---+---+---+---+
 3    |   |   |   | K |   |   |   |    |
  +---+---+---+---+---+---+---+---+---+
 4  B |   |   |   |   | B |   |   |    |
  +---+---+---+---+---+---+---+---+---+
 5  B | B |   | W | T |   |   |   | B  |
  +---+---+---+---+---+---+---+---+---+
 6  B |   |   |   |   | W |   |   |    |
  +---+---+---+---+---+---+---+---+---+
 7    |   |   | W |   |   | W |   |    |
  +---+---+---+---+---+---+---+---+---+
 8    |   |   |   | B |   |   |   |    |
  +---+---+---+---+---+---+---+---+---+
 9    |   |   | B | B | B |   |   | B  |
  +---+---+---+---+---+---+---+---+---+
It's your turn

Exploration recap:
- Score=-1.3333333333333333
- Nodes_explored=370
- Time=3.498s

Move BLACK : i9 --> g9
After my move:

    A   B   C   D   E   F   G   H   I
  +---+---+---+---+---+---+---+---+---+
 1    |   |   | B | B | B |   |   |    |
  +---+---+---+---+---+---+---+---+---+
 2  W |   |   |   | B |   |   |   | W  |
  +---+---+---+---+---+---+---+---+---+
 3    |   |   |   | K |   |   |   |    |
  +---+---+---+---+---+---+---+---+---+
 4  B |   |   |   |   | B |   |   |    |
  +---+---+---+---+---+---+---+---+---+
 5  B | B |   | W | T |   |   |   | B  |
  +---+---+---+---+---+---+---+---+---+
 6  B |   |   |   |   | W |   |   |    |
  +---+---+---+---+---+---+---+---+---+
 7    |   |   | W |   |   | W |   |    |
  +---+---+---+---+---+---+---+---+---+
 8    |   |   |   | B |   |   |   |    |
  +---+---+---+---+---+---+---+---+---+
 9    |   |   | B | B | B | B |   |    |
  +---+---+---+---+---+---+---+---+---+
Current table:

    A   B   C   D   E   F   G   H   I
  +---+---+---+---+---+---+---+---+---+
 1    |   |   | B | B | B |   |   |    |
  +---+---+---+---+---+---+---+---+---+
 2  W |   |   |   | B |   |   |   | W  |
  +---+---+---+---+---+---+---+---+---+
 3    |   |   |   | K |   |   |   |    |
  +---+---+---+---+---+---+---+---+---+
 4  B |   |   |   |   | B |   |   |    |
  +---+---+---+---+---+---+---+---+---+
 5  B | B |   | W | T |   |   |   | B  |
  +---+---+---+---+---+---+---+---+---+
 6  B |   |   |   |   | W |   |   |    |
  +---+---+---+---+---+---+---+---+---+
 7    |   | W |   |   |   | W |   |    |
  +---+---+---+---+---+---+---+---+---+
 8    |   |   |   | B |   |   |   |    |
  +---+---+---+---+---+---+---+---+---+
 9    |   |   | B | B | B | B |   |    |
  +---+---+---+---+---+---+---+---+---+
It's your turn

Exploration recap:
- Score=-1.3333333333333333
- Nodes_explored=404
- Time=3.134s

Move BLACK : g9 --> i9
After my move:

    A   B   C   D   E   F   G   H   I
  +---+---+---+---+---+---+---+---+---+
 1    |   |   | B | B | B |   |   |    |
  +---+---+---+---+---+---+---+---+---+
 2  W |   |   |   | B |   |   |   | W  |
  +---+---+---+---+---+---+---+---+---+
 3    |   |   |   | K |   |   |   |    |
  +---+---+---+---+---+---+---+---+---+
 4  B |   |   |   |   | B |   |   |    |
  +---+---+---+---+---+---+---+---+---+
 5  B | B |   | W | T |   |   |   | B  |
  +---+---+---+---+---+---+---+---+---+
 6  B |   |   |   |   | W |   |   |    |
  +---+---+---+---+---+---+---+---+---+
 7    |   | W |   |   |   | W |   |    |
  +---+---+---+---+---+---+---+---+---+
 8    |   |   |   | B |   |   |   |    |
  +---+---+---+---+---+---+---+---+---+
 9    |   |   | B | B | B |   |   | B  |
  +---+---+---+---+---+---+---+---+---+
Current table:

    A   B   C   D   E   F   G   H   I
  +---+---+---+---+---+---+---+---+---+
 1    |   | W | B | B | B |   |   |    |
  +---+---+---+---+---+---+---+---+---+
 2  W |   |   |   | B |   |   |   | W  |
  +---+---+---+---+---+---+---+---+---+
 3    |   |   |   | K |   |   |   |    |
  +---+---+---+---+---+---+---+---+---+
 4  B |   |   |   |   | B |   |   |    |
  +---+---+---+---+---+---+---+---+---+
 5  B | B |   | W | T |   |   |   | B  |
  +---+---+---+---+---+---+---+---+---+
 6  B |   |   |   |   | W |   |   |    |
  +---+---+---+---+---+---+---+---+---+
 7    |   |   |   |   |   | W |   |    |
  +---+---+---+---+---+---+---+---+---+
 8    |   |   |   | B |   |   |   |    |
  +---+---+---+---+---+---+---+---+---+
 9    |   |   | B | B | B |   |   | B  |
  +---+---+---+---+---+---+---+---+---+
It's your turn

Exploration recap:
- Score=-1.3333333333333333
- Nodes_explored=407
- Time=3.417s

Move BLACK : i9 --> g9
After my move:

    A   B   C   D   E   F   G   H   I
  +---+---+---+---+---+---+---+---+---+
 1    |   | W | B | B | B |   |   |    |
  +---+---+---+---+---+---+---+---+---+
 2  W |   |   |   | B |   |   |   | W  |
  +---+---+---+---+---+---+---+---+---+
 3    |   |   |   | K |   |   |   |    |
  +---+---+---+---+---+---+---+---+---+
 4  B |   |   |   |   | B |   |   |    |
  +---+---+---+---+---+---+---+---+---+
 5  B | B |   | W | T |   |   |   | B  |
  +---+---+---+---+---+---+---+---+---+
 6  B |   |   |   |   | W |   |   |    |
  +---+---+---+---+---+---+---+---+---+
 7    |   |   |   |   |   | W |   |    |
  +---+---+---+---+---+---+---+---+---+
 8    |   |   |   | B |   |   |   |    |
  +---+---+---+---+---+---+---+---+---+
 9    |   |   | B | B | B | B |   |    |
  +---+---+---+---+---+---+---+---+---+
Current table:

    A   B   C   D   E   F   G   H   I
  +---+---+---+---+---+---+---+---+---+
 1    |   | W | B | B | B |   |   |    |
  +---+---+---+---+---+---+---+---+---+
 2  W |   |   |   | B |   | W |   |    |
  +---+---+---+---+---+---+---+---+---+
 3    |   |   |   | K |   |   |   |    |
  +---+---+---+---+---+---+---+---+---+
 4  B |   |   |   |   | B |   |   |    |
  +---+---+---+---+---+---+---+---+---+
 5  B | B |   | W | T |   |   |   | B  |
  +---+---+---+---+---+---+---+---+---+
 6  B |   |   |   |   | W |   |   |    |
  +---+---+---+---+---+---+---+---+---+
 7    |   |   |   |   |   | W |   |    |
  +---+---+---+---+---+---+---+---+---+
 8    |   |   |   | B |   |   |   |    |
  +---+---+---+---+---+---+---+---+---+
 9    |   |   | B | B | B | B |   |    |
  +---+---+---+---+---+---+---+---+---+
It's your turn

Exploration recap:
- Score=-1.3333333333333333
- Nodes_explored=394
- Time=3.118s

Move BLACK : g9 --> i9
After my move:

    A   B   C   D   E   F   G   H   I
  +---+---+---+---+---+---+---+---+---+
 1    |   | W | B | B | B |   |   |    |
  +---+---+---+---+---+---+---+---+---+
 2  W |   |   |   | B |   | W |   |    |
  +---+---+---+---+---+---+---+---+---+
 3    |   |   |   | K |   |   |   |    |
  +---+---+---+---+---+---+---+---+---+
 4  B |   |   |   |   | B |   |   |    |
  +---+---+---+---+---+---+---+---+---+
 5  B | B |   | W | T |   |   |   | B  |
  +---+---+---+---+---+---+---+---+---+
 6  B |   |   |   |   | W |   |   |    |
  +---+---+---+---+---+---+---+---+---+
 7    |   |   |   |   |   | W |   |    |
  +---+---+---+---+---+---+---+---+---+
 8    |   |   |   | B |   |   |   |    |
  +---+---+---+---+---+---+---+---+---+
 9    |   |   | B | B | B |   |   | B  |
  +---+---+---+---+---+---+---+---+---+
Current table:

    A   B   C   D   E   F   G   H   I
  +---+---+---+---+---+---+---+---+---+
 1    |   | W | B | B | B |   |   |    |
  +---+---+---+---+---+---+---+---+---+
 2    |   | W |   | B |   | W |   |    |
  +---+---+---+---+---+---+---+---+---+
 3    |   |   |   | K |   |   |   |    |
  +---+---+---+---+---+---+---+---+---+
 4  B |   |   |   |   | B |   |   |    |
  +---+---+---+---+---+---+---+---+---+
 5  B | B |   | W | T |   |   |   | B  |
  +---+---+---+---+---+---+---+---+---+
 6  B |   |   |   |   | W |   |   |    |
  +---+---+---+---+---+---+---+---+---+
 7    |   |   |   |   |   | W |   |    |
  +---+---+---+---+---+---+---+---+---+
 8    |   |   |   | B |   |   |   |    |
  +---+---+---+---+---+---+---+---+---+
 9    |   |   | B | B | B |   |   | B  |
  +---+---+---+---+---+---+---+---+---+
It's your turn

Exploration recap:
- Score=-1.3333333333333333
- Nodes_explored=491
- Time=3.728s

Move BLACK : i9 --> g9
After my move:

    A   B   C   D   E   F   G   H   I
  +---+---+---+---+---+---+---+---+---+
 1    |   | W | B | B | B |   |   |    |
  +---+---+---+---+---+---+---+---+---+
 2    |   | W |   | B |   | W |   |    |
  +---+---+---+---+---+---+---+---+---+
 3    |   |   |   | K |   |   |   |    |
  +---+---+---+---+---+---+---+---+---+
 4  B |   |   |   |   | B |   |   |    |
  +---+---+---+---+---+---+---+---+---+
 5  B | B |   | W | T |   |   |   | B  |
  +---+---+---+---+---+---+---+---+---+
 6  B |   |   |   |   | W |   |   |    |
  +---+---+---+---+---+---+---+---+---+
 7    |   |   |   |   |   | W |   |    |
  +---+---+---+---+---+---+---+---+---+
 8    |   |   |   | B |   |   |   |    |
  +---+---+---+---+---+---+---+---+---+
 9    |   |   | B | B | B | B |   |    |
  +---+---+---+---+---+---+---+---+---+
Current table:

    A   B   C   D   E   F   G   H   I
  +---+---+---+---+---+---+---+---+---+
 1    |   | W | B | B | B |   |   |    |
  +---+---+---+---+---+---+---+---+---+
 2    |   | W |   | B |   | W |   |    |
  +---+---+---+---+---+---+---+---+---+
 3    |   |   |   | K |   |   |   |    |
  +---+---+---+---+---+---+---+---+---+
 4  B |   |   |   |   | B |   |   |    |
  +---+---+---+---+---+---+---+---+---+
 5  B | B |   | W | T |   |   |   | B  |
  +---+---+---+---+---+---+---+---+---+
 6  B |   |   |   |   | W |   |   |    |
  +---+---+---+---+---+---+---+---+---+
 7    |   |   |   |   |   |   |   |    |
  +---+---+---+---+---+---+---+---+---+
 8    |   |   |   | B |   | W |   |    |
  +---+---+---+---+---+---+---+---+---+
 9    |   |   | B | B | B | B |   |    |
  +---+---+---+---+---+---+---+---+---+
It's your turn

Exploration recap:
- Score=-1.3333333333333333
- Nodes_explored=442
- Time=3.429s

Move BLACK : g9 --> i9
After my move:

    A   B   C   D   E   F   G   H   I
  +---+---+---+---+---+---+---+---+---+
 1    |   | W | B | B | B |   |   |    |
  +---+---+---+---+---+---+---+---+---+
 2    |   | W |   | B |   | W |   |    |
  +---+---+---+---+---+---+---+---+---+
 3    |   |   |   | K |   |   |   |    |
  +---+---+---+---+---+---+---+---+---+
 4  B |   |   |   |   | B |   |   |    |
  +---+---+---+---+---+---+---+---+---+
 5  B | B |   | W | T |   |   |   | B  |
  +---+---+---+---+---+---+---+---+---+
 6  B |   |   |   |   | W |   |   |    |
  +---+---+---+---+---+---+---+---+---+
 7    |   |   |   |   |   |   |   |    |
  +---+---+---+---+---+---+---+---+---+
 8    |   |   |   | B |   | W |   |    |
  +---+---+---+---+---+---+---+---+---+
 9    |   |   | B | B | B |   |   | B  |
  +---+---+---+---+---+---+---+---+---+
Current table:

    A   B   C   D   E   F   G   H   I
  +---+---+---+---+---+---+---+---+---+
 1    |   | W | B | B | B |   |   |    |
  +---+---+---+---+---+---+---+---+---+
 2    |   | W |   | B |   |   |   |    |
  +---+---+---+---+---+---+---+---+---+
 3    |   |   |   | K |   | W |   |    |
  +---+---+---+---+---+---+---+---+---+
 4  B |   |   |   |   | B |   |   |    |
  +---+---+---+---+---+---+---+---+---+
 5  B | B |   | W | T |   |   |   | B  |
  +---+---+---+---+---+---+---+---+---+
 6  B |   |   |   |   | W |   |   |    |
  +---+---+---+---+---+---+---+---+---+
 7    |   |   |   |   |   |   |   |    |
  +---+---+---+---+---+---+---+---+---+
 8    |   |   |   | B |   | W |   |    |
  +---+---+---+---+---+---+---+---+---+
 9    |   |   | B | B | B |   |   | B  |
  +---+---+---+---+---+---+---+---+---+
It's your turn

Exploration recap:
- Score=-1.3333333333333333
- Nodes_explored=461
- Time=3.8s

Move BLACK : i9 --> g9
After my move:

    A   B   C   D   E   F   G   H   I
  +---+---+---+---+---+---+---+---+---+
 1    |   | W | B | B | B |   |   |    |
  +---+---+---+---+---+---+---+---+---+
 2    |   | W |   | B |   |   |   |    |
  +---+---+---+---+---+---+---+---+---+
 3    |   |   |   | K |   | W |   |    |
  +---+---+---+---+---+---+---+---+---+
 4  B |   |   |   |   | B |   |   |    |
  +---+---+---+---+---+---+---+---+---+
 5  B | B |   | W | T |   |   |   | B  |
  +---+---+---+---+---+---+---+---+---+
 6  B |   |   |   |   | W |   |   |    |
  +---+---+---+---+---+---+---+---+---+
 7    |   |   |   |   |   |   |   |    |
  +---+---+---+---+---+---+---+---+---+
 8    |   |   |   | B |   | W |   |    |
  +---+---+---+---+---+---+---+---+---+
 9    |   |   | B | B | B | B |   |    |
  +---+---+---+---+---+---+---+---+---+
Current table:

    A   B   C   D   E   F   G   H   I
  +---+---+---+---+---+---+---+---+---+
 1    |   | W | B | B | B |   |   |    |
  +---+---+---+---+---+---+---+---+---+
 2    |   | W |   | B |   |   |   |    |
  +---+---+---+---+---+---+---+---+---+
 3    |   |   |   | K |   |   |   |    |
  +---+---+---+---+---+---+---+---+---+
 4  B |   |   |   |   | B |   |   |    |
  +---+---+---+---+---+---+---+---+---+
 5  B | B |   | W | T |   |   |   | B  |
  +---+---+---+---+---+---+---+---+---+
 6  B |   |   |   |   | W | W |   |    |
  +---+---+---+---+---+---+---+---+---+
 7    |   |   |   |   |   |   |   |    |
  +---+---+---+---+---+---+---+---+---+
 8    |   |   |   | B |   | W |   |    |
  +---+---+---+---+---+---+---+---+---+
 9    |   |   | B | B | B | B |   |    |
  +---+---+---+---+---+---+---+---+---+
It's your turn

Exploration recap:
- Score=-1.3333333333333333
- Nodes_explored=397
- Time=3.593s

Move BLACK : g9 --> i9
After my move:

    A   B   C   D   E   F   G   H   I
  +---+---+---+---+---+---+---+---+---+
 1    |   | W | B | B | B |   |   |    |
  +---+---+---+---+---+---+---+---+---+
 2    |   | W |   | B |   |   |   |    |
  +---+---+---+---+---+---+---+---+---+
 3    |   |   |   | K |   |   |   |    |
  +---+---+---+---+---+---+---+---+---+
 4  B |   |   |   |   | B |   |   |    |
  +---+---+---+---+---+---+---+---+---+
 5  B | B |   | W | T |   |   |   | B  |
  +---+---+---+---+---+---+---+---+---+
 6  B |   |   |   |   | W | W |   |    |
  +---+---+---+---+---+---+---+---+---+
 7    |   |   |   |   |   |   |   |    |
  +---+---+---+---+---+---+---+---+---+
 8    |   |   |   | B |   | W |   |    |
  +---+---+---+---+---+---+---+---+---+
 9    |   |   | B | B | B |   |   | B  |
  +---+---+---+---+---+---+---+---+---+
Current table:

    A   B   C   D   E   F   G   H   I
  +---+---+---+---+---+---+---+---+---+
 1    |   | W | B | B | B |   |   |    |
  +---+---+---+---+---+---+---+---+---+
 2    |   |   |   | B |   |   |   |    |
  +---+---+---+---+---+---+---+---+---+
 3    |   |   |   | K |   |   |   |    |
  +---+---+---+---+---+---+---+---+---+
 4  B |   |   |   |   | B |   |   |    |
  +---+---+---+---+---+---+---+---+---+
 5  B | B |   | W | T |   |   |   | B  |
  +---+---+---+---+---+---+---+---+---+
 6  B |   |   |   |   | W | W |   |    |
  +---+---+---+---+---+---+---+---+---+
 7    |   |   |   |   |   |   |   |    |
  +---+---+---+---+---+---+---+---+---+
 8    |   | W |   | B |   | W |   |    |
  +---+---+---+---+---+---+---+---+---+
 9    |   |   | B | B | B |   |   | B  |
  +---+---+---+---+---+---+---+---+---+
It's your turn

Exploration recap:
- Score=-1.3333333333333333
- Nodes_explored=450
- Time=4.128s

Move BLACK : i9 --> g9
After my move:

    A   B   C   D   E   F   G   H   I
  +---+---+---+---+---+---+---+---+---+
 1    |   | W | B | B | B |   |   |    |
  +---+---+---+---+---+---+---+---+---+
 2    |   |   |   | B |   |   |   |    |
  +---+---+---+---+---+---+---+---+---+
 3    |   |   |   | K |   |   |   |    |
  +---+---+---+---+---+---+---+---+---+
 4  B |   |   |   |   | B |   |   |    |
  +---+---+---+---+---+---+---+---+---+
 5  B | B |   | W | T |   |   |   | B  |
  +---+---+---+---+---+---+---+---+---+
 6  B |   |   |   |   | W | W |   |    |
  +---+---+---+---+---+---+---+---+---+
 7    |   |   |   |   |   |   |   |    |
  +---+---+---+---+---+---+---+---+---+
 8    |   | W |   | B |   | W |   |    |
  +---+---+---+---+---+---+---+---+---+
 9    |   |   | B | B | B | B |   |    |
  +---+---+---+---+---+---+---+---+---+
Current table:

    A   B   C   D   E   F   G   H   I
  +---+---+---+---+---+---+---+---+---+
 1    |   | W | B | B | B |   |   |    |
  +---+---+---+---+---+---+---+---+---+
 2    |   |   |   | B |   |   |   |    |
  +---+---+---+---+---+---+---+---+---+
 3    |   |   |   | K |   |   |   |    |
  +---+---+---+---+---+---+---+---+---+
 4  B |   |   | W |   | B |   |   |    |
  +---+---+---+---+---+---+---+---+---+
 5  B | B |   |   | T |   |   |   | B  |
  +---+---+---+---+---+---+---+---+---+
 6  B |   |   |   |   | W | W |   |    |
  +---+---+---+---+---+---+---+---+---+
 7    |   |   |   |   |   |   |   |    |
  +---+---+---+---+---+---+---+---+---+
 8    |   | W |   | B |   | W |   |    |
  +---+---+---+---+---+---+---+---+---+
 9    |   |   | B | B | B | B |   |    |
  +---+---+---+---+---+---+---+---+---+
It's your turn

Exploration recap:
- Score=-1.0
- Nodes_explored=2731
- Time=23.372s

Move BLACK : g9 --> i9
After my move:

    A   B   C   D   E   F   G   H   I
  +---+---+---+---+---+---+---+---+---+
 1    |   | W | B | B | B |   |   |    |
  +---+---+---+---+---+---+---+---+---+
 2    |   |   |   | B |   |   |   |    |
  +---+---+---+---+---+---+---+---+---+
 3    |   |   |   | K |   |   |   |    |
  +---+---+---+---+---+---+---+---+---+
 4  B |   |   | W |   | B |   |   |    |
  +---+---+---+---+---+---+---+---+---+
 5  B | B |   |   | T |   |   |   | B  |
  +---+---+---+---+---+---+---+---+---+
 6  B |   |   |   |   | W | W |   |    |
  +---+---+---+---+---+---+---+---+---+
 7    |   |   |   |   |   |   |   |    |
  +---+---+---+---+---+---+---+---+---+
 8    |   | W |   | B |   | W |   |    |
  +---+---+---+---+---+---+---+---+---+
 9    |   |   | B | B | B |   |   | B  |
  +---+---+---+---+---+---+---+---+---+
Current table:

    A   B   C   D   E   F   G   H   I
  +---+---+---+---+---+---+---+---+---+
 1    |   | W | B | B | B |   |   |    |
  +---+---+---+---+---+---+---+---+---+
 2    |   |   |   | B |   |   |   |    |
  +---+---+---+---+---+---+---+---+---+
 3    |   |   |   | K |   |   |   |    |
  +---+---+---+---+---+---+---+---+---+
 4  B |   |   |   |   | B |   |   |    |
  +---+---+---+---+---+---+---+---+---+
 5  B | B |   | W | T |   |   |   | B  |
  +---+---+---+---+---+---+---+---+---+
 6  B |   |   |   |   | W | W |   |    |
  +---+---+---+---+---+---+---+---+---+
 7    |   |   |   |   |   |   |   |    |
  +---+---+---+---+---+---+---+---+---+
 8    |   | W |   | B |   | W |   |    |
  +---+---+---+---+---+---+---+---+---+
 9    |   |   | B | B | B |   |   | B  |
  +---+---+---+---+---+---+---+---+---+
It's a draw!
