Connected to the server 127.0.0.1:5801
Current table:

    A   B   C   D   E   F   G   H   I
  +---+---+---+---+---+---+---+---+---+
 1    |   |   | B | B | B |   |   |    |
  +---+---+---+---+---+---+---+---+---+
 2    |   |   |   | B |   |   |   |    |
  +---+---+---+---+---+---+---+---+---+
 3    |   |   |   | W |   |   |   |    |
  +---+---+---+---+---+---+---+---+---+
 4  B |   |   |   | W |   |   |   | B  |
  +---+---+---+---+---+---+---+---+---+
 5  B | B | W | W | K | W | W | B | B  |
  +---+---+---+---+---+---+---+---+---+
 6  B |   |   |   | W |   |   |   | B  |
  +---+---+---+---+---+---+---+---+---+
 7    |   |   |   | W |   |   |   |    |
  +---+---+---+---+---+---+---+---+---+
 8    |   |   |   | B |   |   |   |    |
  +---+---+---+---+---+---+---+---+---+
 9    |   |   | B | B | B |   |   |    |
  +---+---+---+---+---+---+---+---+---+
Waiting for your opponent move...
Current table:

    A   B   C   D   E   F   G   H   I
  +---+---+---+---+---+---+---+---+---+
 1    |   |   | B | B | B |   |   |    |
  +---+---+---+---+---+---+---+---+---+
 2    |   |   |   | B |   | W |   |    |
  +---+---+---+---+---+---+---+---+---+
 3    |   |   |   | W |   |   |   |    |
  +---+---+---+---+---+---+---+---+---+
 4  B |   |   |   | W |   |   |   | B  |
  +---+---+---+---+---+---+---+---+---+
 5  B | B | W | W | K | W |   | B | B  |
  +---+---+---+---+---+---+---+---+---+
 6  B |   |   |   | W |   |   |   | B  |
  +---+---+---+---+---+---+---+---+---+
 7    |   |   |   | W |   |   |   |    |
  +---+---+---+---+---+---+---+---+---+
 8    |   |   |   | B |   |   |   |    |
  +---+---+---+---+---+---+---+---+---+
 9    |   |   | B | B | B |   |   |    |
  +---+---+---+---+---+---+---+---+---+
It's your turn

Exploration recap:
- Score=94.66666666666667
- Nodes_explored=1317
- Time=48.638s

Move BLACK : h5 --> g5
After my move:

    A   B   C   D   E   F   G   H   I
  +---+---+---+---+---+---+---+---+---+
 1    |   |   | B | B | B |   |   |    |
  +---+---+---+---+---+---+---+---+---+
 2    |   |   |   | B |   | W |   |    |
  +---+---+---+---+---+---+---+---+---+
 3    |   |   |   | W |   |   |   |    |
  +---+---+---+---+---+---+---+---+---+
 4  B |   |   |   | W |   |   |   | B  |
  +---+---+---+---+---+---+---+---+---+
 5  B | B | W | W | K |   | B |   | B  |
  +---+---+---+---+---+---+---+---+---+
 6  B |   |   |   | W |   |   |   | B  |
  +---+---+---+---+---+---+---+---+---+
 7    |   |   |   | W |   |   |   |    |
  +---+---+---+---+---+---+---+---+---+
 8    |   |   |   | B |   |   |   |    |
  +---+---+---+---+---+---+---+---+---+
 9    |   |   | B | B | B |   |   |    |
  +---+---+---+---+---+---+---+---+---+
Current table:

    A   B   C   D   E   F   G   H   I
  +---+---+---+---+---+---+---+---+---+
 1    |   |   | B | B | B |   |   |    |
  +---+---+---+---+---+---+---+---+---+
 2    |   |   |   | B |   | W |   |    |
  +---+---+---+---+---+---+---+---+---+
 3    |   |   | W | W |   |   |   |    |
  +---+---+---+---+---+---+---+---+---+
 4  B |   |   |   | W |   |   |   | B  |
  +---+---+---+---+---+---+---+---+---+
 5  B | B | W |   | K |   | B |   | B  |
  +---+---+---+---+---+---+---+---+---+
 6  B |   |   |   | W |   |   |   | B  |
  +---+---+---+---+---+---+---+---+---+
 7    |   |   |   | W |   |   |   |    |
  +---+---+---+---+---+---+---+---+---+
 8    |   |   |   | B |   |   |   |    |
  +---+---+---+---+---+---+---+---+---+
 9    |   |   | B | B | B |   |   |    |
  +---+---+---+---+---+---+---+---+---+
It's your turn

Exploration recap:
- Score=87.66666666666667
- Nodes_explored=383
- Time=12.762s

Move BLACK : d9 --> d5
After my move:

    A   B   C   D   E   F   G   H   I
  +---+---+---+---+---+---+---+---+---+
 1    |   |   | B | B | B |   |   |    |
  +---+---+---+---+---+---+---+---+---+
 2    |   |   |   | B |   | W |   |    |
  +---+---+---+---+---+---+---+---+---+
 3    |   |   | W | W |   |   |   |    |
  +---+---+---+---+---+---+---+---+---+
 4  B |   |   |   | W |   |   |   | B  |
  +---+---+---+---+---+---+---+---+---+
 5  B | B |   | B | K |   | B |   | B  |
  +---+---+---+---+---+---+---+---+---+
 6  B |   |   |   | W |   |   |   | B  |
  +---+---+---+---+---+---+---+---+---+
 7    |   |   |   | W |   |   |   |    |
  +---+---+---+---+---+---+---+---+---+
 8    |   |   |   | B |   |   |   |    |
  +---+---+---+---+---+---+---+---+---+
 9    |   |   |   | B | B |   |   |    |
  +---+---+---+---+---+---+---+---+---+
Current table:

    A   B   C   D   E   F   G   H   I
  +---+---+---+---+---+---+---+---+---+
 1    |   |   | B | B | B |   |   |    |
  +---+---+---+---+---+---+---+---+---+
 2    |   |   |   | B |   | W |   |    |
  +---+---+---+---+---+---+---+---+---+
 3    |   |   | W | W |   |   |   |    |
  +---+---+---+---+---+---+---+---+---+
 4  B |   |   |   | W |   |   |   | B  |
  +---+---+---+---+---+---+---+---+---+
 5  B | B |   | B | K |   | B |   | B  |
  +---+---+---+---+---+---+---+---+---+
 6  B |   |   |   | W |   |   |   | B  |
  +---+---+---+---+---+---+---+---+---+
 7  W |   |   |   |   |   |   |   |    |
  +---+---+---+---+---+---+---+---+---+
 8    |   |   |   | B |   |   |   |    |
  +---+---+---+---+---+---+---+---+---+
 9    |   |   |   | B | B |   |   |    |
  +---+---+---+---+---+---+---+---+---+
It's your turn

Exploration recap:
- Score=70.0
- Nodes_explored=313
- Time=10.283s

Move BLACK : e8 --> e7
After my move:

    A   B   C   D   E   F   G   H   I
  +---+---+---+---+---+---+---+---+---+
 1    |   |   | B | B | B |   |   |    |
  +---+---+---+---+---+---+---+---+---+
 2    |   |   |   | B |   | W |   |    |
  +---+---+---+---+---+---+---+---+---+
 3    |   |   | W | W |   |   |   |    |
  +---+---+---+---+---+---+---+---+---+
 4  B |   |   |   | W |   |   |   | B  |
  +---+---+---+---+---+---+---+---+---+
 5  B | B |   | B | K |   | B |   | B  |
  +---+---+---+---+---+---+---+---+---+
 6  B |   |   |   |   |   |   |   | B  |
  +---+---+---+---+---+---+---+---+---+
 7  W |   |   |   | B |   |   |   |    |
  +---+---+---+---+---+---+---+---+---+
 8    |   |   |   |   |   |   |   |    |
  +---+---+---+---+---+---+---+---+---+
 9    |   |   |   | B | B |   |   |    |
  +---+---+---+---+---+---+---+---+---+
Current table:

    A   B   C   D   E   F   G   H   I
  +---+---+---+---+---+---+---+---+---+
 1    |   |   | B | B | B |   |   |    |
  +---+---+---+---+---+---+---+---+---+
 2    |   |   |   | B |   | W |   |    |
  +---+---+---+---+---+---+---+---+---+
 3    |   |   | W | W |   |   |   |    |
  +---+---+---+---+---+---+---+---+---+
 4  B |   |   |   | W |   |   |   | B  |
  +---+---+---+---+---+---+---+---+---+
 5  B | B |   | B | K |   | B |   | B  |
  +---+---+---+---+---+---+---+---+---+
 6  B |   |   |   |   |   |   |   | B  |
  +---+---+---+---+---+---+---+---+---+
 7    |   |   |   | B |   |   |   |    |
  +---+---+---+---+---+---+---+---+---+
 8    |   |   |   |   |   |   |   |    |
  +---+---+---+---+---+---+---+---+---+
 9  W |   |   |   | B | B |   |   |    |
  +---+---+---+---+---+---+---+---+---+
It's your turn

Exploration recap:
- Score=-333333.3333333333
- Nodes_explored=432
- Time=8.687s

Move BLACK : i6 --> b6
After my move:

    A   B   C   D   E   F   G   H   I
  +---+---+---+---+---+---+---+---+---+
 1    |   |   | B | B | B |   |   |    |
  +---+---+---+---+---+---+---+---+---+
 2    |   |   |   | B |   | W |   |    |
  +---+---+---+---+---+---+---+---+---+
 3    |   |   | W | W |   |   |   |    |
  +---+---+---+---+---+---+---+---+---+
 4  B |   |   |   | W |   |   |   | B  |
  +---+---+---+---+---+---+---+---+---+
 5  B | B |   | B | K |   | B |   | B  |
  +---+---+---+---+---+---+---+---+---+
 6  B | B |   |   |   |   |   |   |    |
  +---+---+---+---+---+---+---+---+---+
 7    |   |   |   | B |   |   |   |    |
  +---+---+---+---+---+---+---+---+---+
 8    |   |   |   |   |   |   |   |    |
  +---+---+---+---+---+---+---+---+---+
 9  W |   |   |   | B | B |   |   |    |
  +---+---+---+---+---+---+---+---+---+
Current table:

    A   B   C   D   E   F   G   H   I
  +---+---+---+---+---+---+---+---+---+
 1    |   |   | B | B | B |   |   |    |
  +---+---+---+---+---+---+---+---+---+
 2    |   |   |   | B |   | W |   |    |
  +---+---+---+---+---+---+---+---+---+
 3    |   |   | W |   |   |   |   | W  |
  +---+---+---+---+---+---+---+---+---+
 4  B |   |   |   | W |   |   |   | B  |
  +---+---+---+---+---+---+---+---+---+
 5  B | B |   | B | K |   | B |   | B  |
  +---+---+---+---+---+---+---+---+---+
 6  B | B |   |   |   |   |   |   |    |
  +---+---+---+---+---+---+---+---+---+
 7    |   |   |   | B |   |   |   |    |
  +---+---+---+---+---+---+---+---+---+
 8    |   |   |   |   |   |   |   |    |
  +---+---+---+---+---+---+---+---+---+
 9  W |   |   |   | B | B |   |   |    |
  +---+---+---+---+---+---+---+---+---+
It's your turn

Exploration recap:
- Score=-333333.3333333333
- Nodes_explored=666
- Time=15.206s

Move BLACK : i4 --> f4
After my move:

    A   B   C   D   E   F   G   H   I
  +---+---+---+---+---+---+---+---+---+
 1    |   |   | B | B | B |   |   |    |
  +---+---+---+---+---+---+---+---+---+
 2    |   |   |   | B |   | W |   |    |
  +---+---+---+---+---+---+---+---+---+
 3    |   |   | W |   |   |   |   | W  |
  +---+---+---+---+---+---+---+---+---+
 4  B |   |   |   | W | B |   |   |    |
  +---+---+---+---+---+---+---+---+---+
 5  B | B |   | B | K |   | B |   | B  |
  +---+---+---+---+---+---+---+---+---+
 6  B | B |   |   |   |   |   |   |    |
  +---+---+---+---+---+---+---+---+---+
 7    |   |   |   | B |   |   |   |    |
  +---+---+---+---+---+---+---+---+---+
 8    |   |   |   |   |   |   |   |    |
  +---+---+---+---+---+---+---+---+---+
 9  W |   |   |   | B | B |   |   |    |
  +---+---+---+---+---+---+---+---+---+
Current table:

    A   B   C   D   E   F   G   H   I
  +---+---+---+---+---+---+---+---+---+
 1    |   |   | B | B | B |   |   |    |
  +---+---+---+---+---+---+---+---+---+
 2    |   |   |   | B |   | W |   |    |
  +---+---+---+---+---+---+---+---+---+
 3    |   |   |   |   | W |   |   | W  |
  +---+---+---+---+---+---+---+---+---+
 4  B |   |   |   | W | B |   |   |    |
  +---+---+---+---+---+---+---+---+---+
 5  B | B |   | B | K |   | B |   | B  |
  +---+---+---+---+---+---+---+---+---+
 6  B | B |   |   |   |   |   |   |    |
  +---+---+---+---+---+---+---+---+---+
 7    |   |   |   | B |   |   |   |    |
  +---+---+---+---+---+---+---+---+---+
 8    |   |   |   |   |   |   |   |    |
  +---+---+---+---+---+---+---+---+---+
 9  W |   |   |   | B | B |   |   |    |
  +---+---+---+---+---+---+---+---+---+
It's your turn

Exploration recap:
- Score=-333333.3333333333
- Nodes_explored=305
- Time=4.828s

Move BLACK : g5 --> f5
After my move:

    A   B   C   D   E   F   G   H   I
  +---+---+---+---+---+---+---+---+---+
 1    |   |   | B | B | B |   |   |    |
  +---+---+---+---+---+---+---+---+---+
 2    |   |   |   | B |   | W |   |    |
  +---+---+---+---+---+---+---+---+---+
 3    |   |   |   |   | W |   |   | W  |
  +---+---+---+---+---+---+---+---+---+
 4  B |   |   |   | W | B |   |   |    |
  +---+---+---+---+---+---+---+---+---+
 5  B | B |   | B | K | B |   |   | B  |
  +---+---+---+---+---+---+---+---+---+
 6  B | B |   |   |   |   |   |   |    |
  +---+---+---+---+---+---+---+---+---+
 7    |   |   |   | B |   |   |   |    |
  +---+---+---+---+---+---+---+---+---+
 8    |   |   |   |   |   |   |   |    |
  +---+---+---+---+---+---+---+---+---+
 9  W |   |   |   | B | B |   |   |    |
  +---+---+---+---+---+---+---+---+---+
Current table:

    A   B   C   D   E   F   G   H   I
  +---+---+---+---+---+---+---+---+---+
 1    |   |   | B | B | B |   |   |    |
  +---+---+---+---+---+---+---+---+---+
 2    |   |   |   | B |   |   |   |    |
  +---+---+---+---+---+---+---+---+---+
 3    |   |   |   |   | W |   |   | W  |
  +---+---+---+---+---+---+---+---+---+
 4  B |   |   |   | W | B |   |   |    |
  +---+---+---+---+---+---+---+---+---+
 5  B | B |   | B | K | B |   |   | B  |
  +---+---+---+---+---+---+---+---+---+
 6  B | B |   |   |   |   |   |   |    |
  +---+---+---+---+---+---+---+---+---+
 7    |   |   |   | B |   |   |   |    |
  +---+---+---+---+---+---+---+---+---+
 8    |   |   |   |   |   | W |   |    |
  +---+---+---+---+---+---+---+---+---+
 9  W |   |   |   | B | B |   |   |    |
  +---+---+---+---+---+---+---+---+---+
It's your turn

Exploration recap:
- Score=-333333.3333333333
- Nodes_explored=169
- Time=2.554s

Move BLACK : f9 --> i9
After my move:

    A   B   C   D   E   F   G   H   I
  +---+---+---+---+---+---+---+---+---+
 1    |   |   | B | B | B |   |   |    |
  +---+---+---+---+---+---+---+---+---+
 2    |   |   |   | B |   |   |   |    |
  +---+---+---+---+---+---+---+---+---+
 3    |   |   |   |   | W |   |   | W  |
  +---+---+---+---+---+---+---+---+---+
 4  B |   |   |   | W | B |   |   |    |
  +---+---+---+---+---+---+---+---+---+
 5  B | B |   | B | K | B |   |   | B  |
  +---+---+---+---+---+---+---+---+---+
 6  B | B |   |   |   |   |   |   |    |
  +---+---+---+---+---+---+---+---+---+
 7    |   |   |   | B |   |   |   |    |
  +---+---+---+---+---+---+---+---+---+
 8    |   |   |   |   |   | W |   |    |
  +---+---+---+---+---+---+---+---+---+
 9  W |   |   |   | B |   |   |   | B  |
  +---+---+---+---+---+---+---+---+---+
Current table:

    A   B   C   D   E   F   G   H   I
  +---+---+---+---+---+---+---+---+---+
 1    |   |   | B | B | B |   |   |    |
  +---+---+---+---+---+---+---+---+---+
 2    |   |   |   | B |   |   |   |    |
  +---+---+---+---+---+---+---+---+---+
 3    |   |   |   |   | W |   | W |    |
  +---+---+---+---+---+---+---+---+---+
 4  B |   |   |   | W | B |   |   |    |
  +---+---+---+---+---+---+---+---+---+
 5  B | B |   | B | K | B |   |   | B  |
  +---+---+---+---+---+---+---+---+---+
 6  B | B |   |   |   |   |   |   |    |
  +---+---+---+---+---+---+---+---+---+
 7    |   |   |   | B |   |   |   |    |
  +---+---+---+---+---+---+---+---+---+
 8    |   |   |   |   |   | W |   |    |
  +---+---+---+---+---+---+---+---+---+
 9  W |   |   |   | B |   |   |   | B  |
  +---+---+---+---+---+---+---+---+---+
It's your turn

Exploration recap:
- Score=-333333.3333333333
- Nodes_explored=165
- Time=2.405s

Move BLACK : i9 --> g9
After my move:

    A   B   C   D   E   F   G   H   I
  +---+---+---+---+---+---+---+---+---+
 1    |   |   | B | B | B |   |   |    |
  +---+---+---+---+---+---+---+---+---+
 2    |   |   |   | B |   |   |   |    |
  +---+---+---+---+---+---+---+---+---+
 3    |   |   |   |   | W |   | W |    |
  +---+---+---+---+---+---+---+---+---+
 4  B |   |   |   | W | B |   |   |    |
  +---+---+---+---+---+---+---+---+---+
 5  B | B |   | B | K | B |   |   | B  |
  +---+---+---+---+---+---+---+---+---+
 6  B | B |   |   |   |   |   |   |    |
  +---+---+---+---+---+---+---+---+---+
 7    |   |   |   | B |   |   |   |    |
  +---+---+---+---+---+---+---+---+---+
 8    |   |   |   |   |   | W |   |    |
  +---+---+---+---+---+---+---+---+---+
 9  W |   |   |   | B |   | B |   |    |
  +---+---+---+---+---+---+---+---+---+
Current table:

    A   B   C   D   E   F   G   H   I
  +---+---+---+---+---+---+---+---+---+
 1    |   |   | B | B | B |   |   |    |
  +---+---+---+---+---+---+---+---+---+
 2    |   |   |   | B |   |   |   |    |
  +---+---+---+---+---+---+---+---+---+
 3    | W |   |   |   |   |   | W |    |
  +---+---+---+---+---+---+---+---+---+
 4  B |   |   |   | W | B |   |   |    |
  +---+---+---+---+---+---+---+---+---+
 5  B | B |   | B | K | B |   |   | B  |
  +---+---+---+---+---+---+---+---+---+
 6  B | B |   |   |   |   |   |   |    |
  +---+---+---+---+---+---+---+---+---+
 7    |   |   |   | B |   |   |   |    |
  +---+---+---+---+---+---+---+---+---+
 8    |   |   |   |   |   | W |   |    |
  +---+---+---+---+---+---+---+---+---+
 9  W |   |   |   | B |   | B |   |    |
  +---+---+---+---+---+---+---+---+---+
It's your turn

Exploration recap:
- Score=-333333.3333333333
- Nodes_explored=166
- Time=2.341s

Move BLACK : g9 --> i9
After my move:

    A   B   C   D   E   F   G   H   I
  +---+---+---+---+---+---+---+---+---+
 1    |   |   | B | B | B |   |   |    |
  +---+---+---+---+---+---+---+---+---+
 2    |   |   |   | B |   |   |   |    |
  +---+---+---+---+---+---+---+---+---+
 3    | W |   |   |   |   |   | W |    |
  +---+---+---+---+---+---+---+---+---+
 4  B |   |   |   | W | B |   |   |    |
  +---+---+---+---+---+---+---+---+---+
 5  B | B |   | B | K | B |   |   | B  |
  +---+---+---+---+---+---+---+---+---+
 6  B | B |   |   |   |   |   |   |    |
  +---+---+---+---+---+---+---+---+---+
 7    |   |   |   | B |   |   |   |    |
  +---+---+---+---+---+---+---+---+---+
 8    |   |   |   |   |   | W |   |    |
  +---+---+---+---+---+---+---+---+---+
 9  W |   |   |   | B |   |   |   | B  |
  +---+---+---+---+---+---+---+---+---+
Current table:

    A   B   C   D   E   F   G   H   I
  +---+---+---+---+---+---+---+---+---+
 1    |   |   | B | B | B |   |   |    |
  +---+---+---+---+---+---+---+---+---+
 2    |   |   |   | B |   |   |   |    |
  +---+---+---+---+---+---+---+---+---+
 3    | W |   |   |   |   |   |   | W  |
  +---+---+---+---+---+---+---+---+---+
 4  B |   |   |   | W | B |   |   |    |
  +---+---+---+---+---+---+---+---+---+
 5  B | B |   | B | K | B |   |   | B  |
  +---+---+---+---+---+---+---+---+---+
 6  B | B |   |   |   |   |   |   |    |
  +---+---+---+---+---+---+---+---+---+
 7    |   |   |   | B |   |   |   |    |
  +---+---+---+---+---+---+---+---+---+
 8    |   |   |   |   |   | W |   |    |
  +---+---+---+---+---+---+---+---+---+
 9  W |   |   |   | B |   |   |   | B  |
  +---+---+---+---+---+---+---+---+---+
It's your turn

Exploration recap:
- Score=-333333.3333333333
- Nodes_explored=171
- Time=2.361s

Move BLACK : i9 --> g9
After my move:

    A   B   C   D   E   F   G   H   I
  +---+---+---+---+---+---+---+---+---+
 1    |   |   | B | B | B |   |   |    |
  +---+---+---+---+---+---+---+---+---+
 2    |   |   |   | B |   |   |   |    |
  +---+---+---+---+---+---+---+---+---+
 3    | W |   |   |   |   |   |   | W  |
  +---+---+---+---+---+---+---+---+---+
 4  B |   |   |   | W | B |   |   |    |
  +---+---+---+---+---+---+---+---+---+
 5  B | B |   | B | K | B |   |   | B  |
  +---+---+---+---+---+---+---+---+---+
 6  B | B |   |   |   |   |   |   |    |
  +---+---+---+---+---+---+---+---+---+
 7    |   |   |   | B |   |   |   |    |
  +---+---+---+---+---+---+---+---+---+
 8    |   |   |   |   |   | W |   |    |
  +---+---+---+---+---+---+---+---+---+
 9  W |   |   |   | B |   | B |   |    |
  +---+---+---+---+---+---+---+---+---+
Current table:

    A   B   C   D   E   F   G   H   I
  +---+---+---+---+---+---+---+---+---+
 1    |   |   | B | B | B |   |   |    |
  +---+---+---+---+---+---+---+---+---+
 2    |   |   |   | B |   |   |   |    |
  +---+---+---+---+---+---+---+---+---+
 3    |   | W |   |   |   |   |   | W  |
  +---+---+---+---+---+---+---+---+---+
 4  B |   |   |   | W | B |   |   |    |
  +---+---+---+---+---+---+---+---+---+
 5  B | B |   | B | K | B |   |   | B  |
  +---+---+---+---+---+---+---+---+---+
 6  B | B |   |   |   |   |   |   |    |
  +---+---+---+---+---+---+---+---+---+
 7    |   |   |   | B |   |   |   |    |
  +---+---+---+---+---+---+---+---+---+
 8    |   |   |   |   |   | W |   |    |
  +---+---+---+---+---+---+---+---+---+
 9  W |   |   |   | B |   | B |   |    |
  +---+---+---+---+---+---+---+---+---+
It's your turn

Exploration recap:
- Score=-333333.3333333333
- Nodes_explored=176
- Time=2.444s

Move BLACK : g9 --> i9
After my move:

    A   B   C   D   E   F   G   H   I
  +---+---+---+---+---+---+---+---+---+
 1    |   |   | B | B | B |   |   |    |
  +---+---+---+---+---+---+---+---+---+
 2    |   |   |   | B |   |   |   |    |
  +---+---+---+---+---+---+---+---+---+
 3    |   | W |   |   |   |   |   | W  |
  +---+---+---+---+---+---+---+---+---+
 4  B |   |   |   | W | B |   |   |    |
  +---+---+---+---+---+---+---+---+---+
 5  B | B |   | B | K | B |   |   | B  |
  +---+---+---+---+---+---+---+---+---+
 6  B | B |   |   |   |   |   |   |    |
  +---+---+---+---+---+---+---+---+---+
 7    |   |   |   | B |   |   |   |    |
  +---+---+---+---+---+---+---+---+---+
 8    |   |   |   |   |   | W |   |    |
  +---+---+---+---+---+---+---+---+---+
 9  W |   |   |   | B |   |   |   | B  |
  +---+---+---+---+---+---+---+---+---+
Current table:

    A   B   C   D   E   F   G   H   I
  +---+---+---+---+---+---+---+---+---+
 1    |   |   | B | B | B |   |   |    |
  +---+---+---+---+---+---+---+---+---+
 2    |   |   |   | B |   |   |   |    |
  +---+---+---+---+---+---+---+---+---+
 3    |   | W |   |   |   |   |   | W  |
  +---+---+---+---+---+---+---+---+---+
 4  B |   |   |   | W | B |   |   |    |
  +---+---+---+---+---+---+---+---+---+
 5  B | B |   | B | K | B |   |   | B  |
  +---+---+---+---+---+---+---+---+---+
 6  B | B |   |   |   |   |   |   |    |
  +---+---+---+---+---+---+---+---+---+
 7    |   |   |   | B |   |   |   |    |
  +---+---+---+---+---+---+---+---+---+
 8    |   |   |   |   |   | W |   |    |
  +---+---+---+---+---+---+---+---+---+
 9    | W |   |   | B |   |   |   | B  |
  +---+---+---+---+---+---+---+---+---+
It's your turn

Exploration recap:
- Score=-333333.3333333333
- Nodes_explored=181
- Time=2.55s

Move BLACK : i9 --> g9
After my move:

    A   B   C   D   E   F   G   H   I
  +---+---+---+---+---+---+---+---+---+
 1    |   |   | B | B | B |   |   |    |
  +---+---+---+---+---+---+---+---+---+
 2    |   |   |   | B |   |   |   |    |
  +---+---+---+---+---+---+---+---+---+
 3    |   | W |   |   |   |   |   | W  |
  +---+---+---+---+---+---+---+---+---+
 4  B |   |   |   | W | B |   |   |    |
  +---+---+---+---+---+---+---+---+---+
 5  B | B |   | B | K | B |   |   | B  |
  +---+---+---+---+---+---+---+---+---+
 6  B | B |   |   |   |   |   |   |    |
  +---+---+---+---+---+---+---+---+---+
 7    |   |   |   | B |   |   |   |    |
  +---+---+---+---+---+---+---+---+---+
 8    |   |   |   |   |   | W |   |    |
  +---+---+---+---+---+---+---+---+---+
 9    | W |   |   | B |   | B |   |    |
  +---+---+---+---+---+---+---+---+---+
Current table:

    A   B   C   D   E   F   G   H   I
  +---+---+---+---+---+---+---+---+---+
 1    |   |   | B | B | B |   |   |    |
  +---+---+---+---+---+---+---+---+---+
 2    |   |   |   | B |   |   |   |    |
  +---+---+---+---+---+---+---+---+---+
 3    |   | W |   |   |   |   |   | W  |
  +---+---+---+---+---+---+---+---+---+
 4  B |   |   |   | W | B |   |   |    |
  +---+---+---+---+---+---+---+---+---+
 5  B | B |   | B | K | B |   |   | B  |
  +---+---+---+---+---+---+---+---+---+
 6  B | B |   |   |   |   | W |   |    |
  +---+---+---+---+---+---+---+---+---+
 7    |   |   |   | B |   |   |   |    |
  +---+---+---+---+---+---+---+---+---+
 8    |   |   |   |   |   |   |   |    |
  +---+---+---+---+---+---+---+---+---+
 9    | W |   |   | B |   | B |   |    |
  +---+---+---+---+---+---+---+---+---+
It's your turn

Exploration recap:
- Score=-333333.3333333333
- Nodes_explored=178
- Time=2.422s

Move BLACK : g9 --> i9
After my move:

    A   B   C   D   E   F   G   H   I
  +---+---+---+---+---+---+---+---+---+
 1    |   |   | B | B | B |   |   |    |
  +---+---+---+---+---+---+---+---+---+
 2    |   |   |   | B |   |   |   |    |
  +---+---+---+---+---+---+---+---+---+
 3    |   | W |   |   |   |   |   | W  |
  +---+---+---+---+---+---+---+---+---+
 4  B |   |   |   | W | B |   |   |    |
  +---+---+---+---+---+---+---+---+---+
 5  B | B |   | B | K | B |   |   | B  |
  +---+---+---+---+---+---+---+---+---+
 6  B | B |   |   |   |   | W |   |    |
  +---+---+---+---+---+---+---+---+---+
 7    |   |   |   | B |   |   |   |    |
  +---+---+---+---+---+---+---+---+---+
 8    |   |   |   |   |   |   |   |    |
  +---+---+---+---+---+---+---+---+---+
 9    | W |   |   | B |   |   |   | B  |
  +---+---+---+---+---+---+---+---+---+
Current table:

    A   B   C   D   E   F   G   H   I
  +---+---+---+---+---+---+---+---+---+
 1    |   |   | B | B | B |   |   |    |
  +---+---+---+---+---+---+---+---+---+
 2    |   |   |   | B |   |   |   |    |
  +---+---+---+---+---+---+---+---+---+
 3    |   | W |   |   |   |   |   | W  |
  +---+---+---+---+---+---+---+---+---+
 4  B |   |   |   | W | B |   |   |    |
  +---+---+---+---+---+---+---+---+---+
 5  B | B |   | B | K | B |   |   | B  |
  +---+---+---+---+---+---+---+---+---+
 6  B | B |   | W |   |   |   |   |    |
  +---+---+---+---+---+---+---+---+---+
 7    |   |   |   | B |   |   |   |    |
  +---+---+---+---+---+---+---+---+---+
 8    |   |   |   |   |   |   |   |    |
  +---+---+---+---+---+---+---+---+---+
 9    | W |   |   | B |   |   |   | B  |
  +---+---+---+---+---+---+---+---+---+
It's your turn

Exploration recap:
- Score=-333333.3333333333
- Nodes_explored=161
- Time=2.254s

Move BLACK : i9 --> g9
After my move:

    A   B   C   D   E   F   G   H   I
  +---+---+---+---+---+---+---+---+---+
 1    |   |   | B | B | B |   |   |    |
  +---+---+---+---+---+---+---+---+---+
 2    |   |   |   | B |   |   |   |    |
  +---+---+---+---+---+---+---+---+---+
 3    |   | W |   |   |   |   |   | W  |
  +---+---+---+---+---+---+---+---+---+
 4  B |   |   |   | W | B |   |   |    |
  +---+---+---+---+---+---+---+---+---+
 5  B | B |   | B | K | B |   |   | B  |
  +---+---+---+---+---+---+---+---+---+
 6  B | B |   | W |   |   |   |   |    |
  +---+---+---+---+---+---+---+---+---+
 7    |   |   |   | B |   |   |   |    |
  +---+---+---+---+---+---+---+---+---+
 8    |   |   |   |   |   |   |   |    |
  +---+---+---+---+---+---+---+---+---+
 9    | W |   |   | B |   | B |   |    |
  +---+---+---+---+---+---+---+---+---+
Current table:

    A   B   C   D   E   F   G   H   I
  +---+---+---+---+---+---+---+---+---+
 1    |   | W | B | B | B |   |   |    |
  +---+---+---+---+---+---+---+---+---+
 2    |   |   |   | B |   |   |   |    |
  +---+---+---+---+---+---+---+---+---+
 3    |   |   |   |   |   |   |   | W  |
  +---+---+---+---+---+---+---+---+---+
 4  B |   |   |   | W | B |   |   |    |
  +---+---+---+---+---+---+---+---+---+
 5  B | B |   | B | K | B |   |   | B  |
  +---+---+---+---+---+---+---+---+---+
 6  B | B |   | W |   |   |   |   |    |
  +---+---+---+---+---+---+---+---+---+
 7    |   |   |   | B |   |   |   |    |
  +---+---+---+---+---+---+---+---+---+
 8    |   |   |   |   |   |   |   |    |
  +---+---+---+---+---+---+---+---+---+
 9    | W |   |   | B |   | B |   |    |
  +---+---+---+---+---+---+---+---+---+
It's your turn

Exploration recap:
- Score=-333333.3333333333
- Nodes_explored=165
- Time=2.318s

Move BLACK : g9 --> i9
After my move:

    A   B   C   D   E   F   G   H   I
  +---+---+---+---+---+---+---+---+---+
 1    |   | W | B | B | B |   |   |    |
  +---+---+---+---+---+---+---+---+---+
 2    |   |   |   | B |   |   |   |    |
  +---+---+---+---+---+---+---+---+---+
 3    |   |   |   |   |   |   |   | W  |
  +---+---+---+---+---+---+---+---+---+
 4  B |   |   |   | W | B |   |   |    |
  +---+---+---+---+---+---+---+---+---+
 5  B | B |   | B | K | B |   |   | B  |
  +---+---+---+---+---+---+---+---+---+
 6  B | B |   | W |   |   |   |   |    |
  +---+---+---+---+---+---+---+---+---+
 7    |   |   |   | B |   |   |   |    |
  +---+---+---+---+---+---+---+---+---+
 8    |   |   |   |   |   |   |   |    |
  +---+---+---+---+---+---+---+---+---+
 9    | W |   |   | B |   |   |   | B  |
  +---+---+---+---+---+---+---+---+---+
Current table:

    A   B   C   D   E   F   G   H   I
  +---+---+---+---+---+---+---+---+---+
 1    | W |   | B | B | B |   |   |    |
  +---+---+---+---+---+---+---+---+---+
 2    |   |   |   | B |   |   |   |    |
  +---+---+---+---+---+---+---+---+---+
 3    |   |   |   |   |   |   |   | W  |
  +---+---+---+---+---+---+---+---+---+
 4  B |   |   |   | W | B |   |   |    |
  +---+---+---+---+---+---+---+---+---+
 5  B | B |   | B | K | B |   |   | B  |
  +---+---+---+---+---+---+---+---+---+
 6  B | B |   | W |   |   |   |   |    |
  +---+---+---+---+---+---+---+---+---+
 7    |   |   |   | B |   |   |   |    |
  +---+---+---+---+---+---+---+---+---+
 8    |   |   |   |   |   |   |   |    |
  +---+---+---+---+---+---+---+---+---+
 9    | W |   |   | B |   |   |   | B  |
  +---+---+---+---+---+---+---+---+---+
It's your turn

Exploration recap:
- Score=-333333.3333333333
- Nodes_explored=148
- Time=2.096s

Move BLACK : i9 --> g9
After my move:

    A   B   C   D   E   F   G   H   I
  +---+---+---+---+---+---+---+---+---+
 1    | W |   | B | B | B |   |   |    |
  +---+---+---+---+---+---+---+---+---+
 2    |   |   |   | B |   |   |   |    |
  +---+---+---+---+---+---+---+---+---+
 3    |   |   |   |   |   |   |   | W  |
  +---+---+---+---+---+---+---+---+---+
 4  B |   |   |   | W | B |   |   |    |
  +---+---+---+---+---+---+---+---+---+
 5  B | B |   | B | K | B |   |   | B  |
  +---+---+---+---+---+---+---+---+---+
 6  B | B |   | W |   |   |   |   |    |
  +---+---+---+---+---+---+---+---+---+
 7    |   |   |   | B |   |   |   |    |
  +---+---+---+---+---+---+---+---+---+
 8    |   |   |   |   |   |   |   |    |
  +---+---+---+---+---+---+---+---+---+
 9    | W |   |   | B |   | B |   |    |
  +---+---+---+---+---+---+---+---+---+
Current table:

    A   B   C   D   E   F   G   H   I
  +---+---+---+---+---+---+---+---+---+
 1    | W |   | B | B | B |   |   |    |
  +---+---+---+---+---+---+---+---+---+
 2    |   |   |   | B |   |   |   |    |
  +---+---+---+---+---+---+---+---+---+
 3    |   |   |   |   |   |   |   | W  |
  +---+---+---+---+---+---+---+---+---+
 4  B |   | W |   |   | B |   |   |    |
  +---+---+---+---+---+---+---+---+---+
 5  B | B |   | B | K | B |   |   | B  |
  +---+---+---+---+---+---+---+---+---+
 6  B | B |   | W |   |   |   |   |    |
  +---+---+---+---+---+---+---+---+---+
 7    |   |   |   | B |   |   |   |    |
  +---+---+---+---+---+---+---+---+---+
 8    |   |   |   |   |   |   |   |    |
  +---+---+---+---+---+---+---+---+---+
 9    | W |   |   | B |   | B |   |    |
  +---+---+---+---+---+---+---+---+---+
It's your turn

Exploration recap:
- Score=-333333.3333333333
- Nodes_explored=171
- Time=2.309s

Move BLACK : g9 --> i9
After my move:

    A   B   C   D   E   F   G   H   I
  +---+---+---+---+---+---+---+---+---+
 1    | W |   | B | B | B |   |   |    |
  +---+---+---+---+---+---+---+---+---+
 2    |   |   |   | B |   |   |   |    |
  +---+---+---+---+---+---+---+---+---+
 3    |   |   |   |   |   |   |   | W  |
  +---+---+---+---+---+---+---+---+---+
 4  B |   | W |   |   | B |   |   |    |
  +---+---+---+---+---+---+---+---+---+
 5  B | B |   | B | K | B |   |   | B  |
  +---+---+---+---+---+---+---+---+---+
 6  B | B |   | W |   |   |   |   |    |
  +---+---+---+---+---+---+---+---+---+
 7    |   |   |   | B |   |   |   |    |
  +---+---+---+---+---+---+---+---+---+
 8    |   |   |   |   |   |   |   |    |
  +---+---+---+---+---+---+---+---+---+
 9    | W |   |   | B |   |   |   | B  |
  +---+---+---+---+---+---+---+---+---+
Current table:

    A   B   C   D   E   F   G   H   I
  +---+---+---+---+---+---+---+---+---+
 1    | W |   | B | B | B |   |   |    |
  +---+---+---+---+---+---+---+---+---+
 2    |   |   |   | B |   |   |   |    |
  +---+---+---+---+---+---+---+---+---+
 3    |   |   |   |   |   |   |   | W  |
  +---+---+---+---+---+---+---+---+---+
 4  B |   | W |   |   | B |   |   |    |
  +---+---+---+---+---+---+---+---+---+
 5  B | B |   | B | K | B |   |   | B  |
  +---+---+---+---+---+---+---+---+---+
 6  B | B |   |   |   |   |   |   |    |
  +---+---+---+---+---+---+---+---+---+
 7    |   |   |   | B |   |   |   |    |
  +---+---+---+---+---+---+---+---+---+
 8    |   |   | W |   |   |   |   |    |
  +---+---+---+---+---+---+---+---+---+
 9    | W |   |   | B |   |   |   | B  |
  +---+---+---+---+---+---+---+---+---+
It's your turn

Exploration recap:
- Score=-333333.3333333333
- Nodes_explored=171
- Time=2.529s

Move BLACK : i9 --> g9
After my move:

    A   B   C   D   E   F   G   H   I
  +---+---+---+---+---+---+---+---+---+
 1    | W |   | B | B | B |   |   |    |
  +---+---+---+---+---+---+---+---+---+
 2    |   |   |   | B |   |   |   |    |
  +---+---+---+---+---+---+---+---+---+
 3    |   |   |   |   |   |   |   | W  |
  +---+---+---+---+---+---+---+---+---+
 4  B |   | W |   |   | B |   |   |    |
  +---+---+---+---+---+---+---+---+---+
 5  B | B |   | B | K | B |   |   | B  |
  +---+---+---+---+---+---+---+---+---+
 6  B | B |   |   |   |   |   |   |    |
  +---+---+---+---+---+---+---+---+---+
 7    |   |   |   | B |   |   |   |    |
  +---+---+---+---+---+---+---+---+---+
 8    |   |   | W |   |   |   |   |    |
  +---+---+---+---+---+---+---+---+---+
 9    | W |   |   | B |   | B |   |    |
  +---+---+---+---+---+---+---+---+---+
Current table:

    A   B   C   D   E   F   G   H   I
  +---+---+---+---+---+---+---+---+---+
 1    |   |   | B | B | B |   |   |    |
  +---+---+---+---+---+---+---+---+---+
 2    | W |   |   | B |   |   |   |    |
  +---+---+---+---+---+---+---+---+---+
 3    |   |   |   |   |   |   |   | W  |
  +---+---+---+---+---+---+---+---+---+
 4  B |   | W |   |   | B |   |   |    |
  +---+---+---+---+---+---+---+---+---+
 5  B | B |   | B | K | B |   |   | B  |
  +---+---+---+---+---+---+---+---+---+
 6  B | B |   |   |   |   |   |   |    |
  +---+---+---+---+---+---+---+---+---+
 7    |   |   |   | B |   |   |   |    |
  +---+---+---+---+---+---+---+---+---+
 8    |   |   | W |   |   |   |   |    |
  +---+---+---+---+---+---+---+---+---+
 9    | W |   |   | B |   | B |   |    |
  +---+---+---+---+---+---+---+---+---+
It's your turn

Exploration recap:
- Score=-333333.3333333333
- Nodes_explored=182
- Time=2.87s

Move BLACK : g9 --> i9
After my move:

    A   B   C   D   E   F   G   H   I
  +---+---+---+---+---+---+---+---+---+
 1    |   |   | B | B | B |   |   |    |
  +---+---+---+---+---+---+---+---+---+
 2    | W |   |   | B |   |   |   |    |
  +---+---+---+---+---+---+---+---+---+
 3    |   |   |   |   |   |   |   | W  |
  +---+---+---+---+---+---+---+---+---+
 4  B |   | W |   |   | B |   |   |    |
  +---+---+---+---+---+---+---+---+---+
 5  B | B |   | B | K | B |   |   | B  |
  +---+---+---+---+---+---+---+---+---+
 6  B | B |   |   |   |   |   |   |    |
  +---+---+---+---+---+---+---+---+---+
 7    |   |   |   | B |   |   |   |    |
  +---+---+---+---+---+---+---+---+---+
 8    |   |   | W |   |   |   |   |    |
  +---+---+---+---+---+---+---+---+---+
 9    | W |   |   | B |   |   |   | B  |
  +---+---+---+---+---+---+---+---+---+
Current table:

    A   B   C   D   E   F   G   H   I
  +---+---+---+---+---+---+---+---+---+
 1    |   |   | B | B | B |   |   |    |
  +---+---+---+---+---+---+---+---+---+
 2    | W |   |   | B |   |   |   |    |
  +---+---+---+---+---+---+---+---+---+
 3    |   |   |   |   |   |   |   | W  |
  +---+---+---+---+---+---+---+---+---+
 4  B |   | W |   | K | B |   |   |    |
  +---+---+---+---+---+---+---+---+---+
 5  B | B |   | B | T | B |   |   | B  |
  +---+---+---+---+---+---+---+---+---+
 6  B | B |   |   |   |   |   |   |    |
  +---+---+---+---+---+---+---+---+---+
 7    |   |   |   | B |   |   |   |    |
  +---+---+---+---+---+---+---+---+---+
 8    |   |   | W |   |   |   |   |    |
  +---+---+---+---+---+---+---+---+---+
 9    | W |   |   | B |   |   |   | B  |
  +---+---+---+---+---+---+---+---+---+
It's your turn

Exploration recap:
- Score=-333333.3333333333
- Nodes_explored=162
- Time=2.404s

Move BLACK : i9 --> g9
After my move:

    A   B   C   D   E   F   G   H   I
  +---+---+---+---+---+---+---+---+---+
 1    |   |   | B | B | B |   |   |    |
  +---+---+---+---+---+---+---+---+---+
 2    | W |   |   | B |   |   |   |    |
  +---+---+---+---+---+---+---+---+---+
 3    |   |   |   |   |   |   |   | W  |
  +---+---+---+---+---+---+---+---+---+
 4  B |   | W |   | K | B |   |   |    |
  +---+---+---+---+---+---+---+---+---+
 5  B | B |   | B | T | B |   |   | B  |
  +---+---+---+---+---+---+---+---+---+
 6  B | B |   |   |   |   |   |   |    |
  +---+---+---+---+---+---+---+---+---+
 7    |   |   |   | B |   |   |   |    |
  +---+---+---+---+---+---+---+---+---+
 8    |   |   | W |   |   |   |   |    |
  +---+---+---+---+---+---+---+---+---+
 9    | W |   |   | B |   | B |   |    |
  +---+---+---+---+---+---+---+---+---+
Current table:

    A   B   C   D   E   F   G   H   I
  +---+---+---+---+---+---+---+---+---+
 1    |   |   | B | B | B |   |   |    |
  +---+---+---+---+---+---+---+---+---+
 2    | W |   |   | B |   |   |   |    |
  +---+---+---+---+---+---+---+---+---+
 3    |   | W |   |   |   |   |   |    |
  +---+---+---+---+---+---+---+---+---+
 4  B |   | W |   | K | B |   |   |    |
  +---+---+---+---+---+---+---+---+---+
 5  B | B |   | B | T | B |   |   | B  |
  +---+---+---+---+---+---+---+---+---+
 6  B | B |   |   |   |   |   |   |    |
  +---+---+---+---+---+---+---+---+---+
 7    |   |   |   | B |   |   |   |    |
  +---+---+---+---+---+---+---+---+---+
 8    |   |   | W |   |   |   |   |    |
  +---+---+---+---+---+---+---+---+---+
 9    | W |   |   | B |   | B |   |    |
  +---+---+---+---+---+---+---+---+---+
It's your turn

Exploration recap:
- Score=-333333.3333333333
- Nodes_explored=171
- Time=2.575s

Move BLACK : g9 --> i9
After my move:

    A   B   C   D   E   F   G   H   I
  +---+---+---+---+---+---+---+---+---+
 1    |   |   | B | B | B |   |   |    |
  +---+---+---+---+---+---+---+---+---+
 2    | W |   |   | B |   |   |   |    |
  +---+---+---+---+---+---+---+---+---+
 3    |   | W |   |   |   |   |   |    |
  +---+---+---+---+---+---+---+---+---+
 4  B |   | W |   | K | B |   |   |    |
  +---+---+---+---+---+---+---+---+---+
 5  B | B |   | B | T | B |   |   | B  |
  +---+---+---+---+---+---+---+---+---+
 6  B | B |   |   |   |   |   |   |    |
  +---+---+---+---+---+---+---+---+---+
 7    |   |   |   | B |   |   |   |    |
  +---+---+---+---+---+---+---+---+---+
 8    |   |   | W |   |   |   |   |    |
  +---+---+---+---+---+---+---+---+---+
 9    | W |   |   | B |   |   |   | B  |
  +---+---+---+---+---+---+---+---+---+
Current table:

    A   B   C   D   E   F   G   H   I
  +---+---+---+---+---+---+---+---+---+
 1    |   |   | B | B | B |   |   |    |
  +---+---+---+---+---+---+---+---+---+
 2    | W |   |   | B |   |   |   |    |
  +---+---+---+---+---+---+---+---+---+
 3    |   | W |   |   |   |   |   |    |
  +---+---+---+---+---+---+---+---+---+
 4  B |   |   |   | K | B |   |   |    |
  +---+---+---+---+---+---+---+---+---+
 5  B | B | W |   | T | B |   |   | B  |
  +---+---+---+---+---+---+---+---+---+
 6  B | B |   |   |   |   |   |   |    |
  +---+---+---+---+---+---+---+---+---+
 7    |   |   |   | B |   |   |   |    |
  +---+---+---+---+---+---+---+---+---+
 8    |   |   | W |   |   |   |   |    |
  +---+---+---+---+---+---+---+---+---+
 9    | W |   |   | B |   |   |   | B  |
  +---+---+---+---+---+---+---+---+---+
It's your turn

Exploration recap:
- Score=-333333.3333333333
- Nodes_explored=161
- Time=2.272s

Move BLACK : i9 --> g9
After my move:

    A   B   C   D   E   F   G   H   I
  +---+---+---+---+---+---+---+---+---+
 1    |   |   | B | B | B |   |   |    |
  +---+---+---+---+---+---+---+---+---+
 2    | W |   |   | B |   |   |   |    |
  +---+---+---+---+---+---+---+---+---+
 3    |   | W |   |   |   |   |   |    |
  +---+---+---+---+---+---+---+---+---+
 4  B |   |   |   | K | B |   |   |    |
  +---+---+---+---+---+---+---+---+---+
 5  B | B | W |   | T | B |   |   | B  |
  +---+---+---+---+---+---+---+---+---+
 6  B | B |   |   |   |   |   |   |    |
  +---+---+---+---+---+---+---+---+---+
 7    |   |   |   | B |   |   |   |    |
  +---+---+---+---+---+---+---+---+---+
 8    |   |   | W |   |   |   |   |    |
  +---+---+---+---+---+---+---+---+---+
 9    | W |   |   | B |   | B |   |    |
  +---+---+---+---+---+---+---+---+---+
Current table:

    A   B   C   D   E   F   G   H   I
  +---+---+---+---+---+---+---+---+---+
 1    |   |   | B | B | B |   |   |    |
  +---+---+---+---+---+---+---+---+---+
 2    | W |   |   | B |   |   |   |    |
  +---+---+---+---+---+---+---+---+---+
 3    |   |   | W |   |   |   |   |    |
  +---+---+---+---+---+---+---+---+---+
 4  B |   |   |   | K | B |   |   |    |
  +---+---+---+---+---+---+---+---+---+
 5  B | B | W |   | T | B |   |   | B  |
  +---+---+---+---+---+---+---+---+---+
 6  B | B |   |   |   |   |   |   |    |
  +---+---+---+---+---+---+---+---+---+
 7    |   |   |   | B |   |   |   |    |
  +---+---+---+---+---+---+---+---+---+
 8    |   |   | W |   |   |   |   |    |
  +---+---+---+---+---+---+---+---+---+
 9    | W |   |   | B |   | B |   |    |
  +---+---+---+---+---+---+---+---+---+
It's your turn

Exploration recap:
- Score=-333333.3333333333
- Nodes_explored=166
- Time=2.271s

Move BLACK : g9 --> i9
After my move:

    A   B   C   D   E   F   G   H   I
  +---+---+---+---+---+---+---+---+---+
 1    |   |   | B | B | B |   |   |    |
  +---+---+---+---+---+---+---+---+---+
 2    | W |   |   | B |   |   |   |    |
  +---+---+---+---+---+---+---+---+---+
 3    |   |   | W |   |   |   |   |    |
  +---+---+---+---+---+---+---+---+---+
 4  B |   |   |   | K | B |   |   |    |
  +---+---+---+---+---+---+---+---+---+
 5  B | B | W |   | T | B |   |   | B  |
  +---+---+---+---+---+---+---+---+---+
 6  B | B |   |   |   |   |   |   |    |
  +---+---+---+---+---+---+---+---+---+
 7    |   |   |   | B |   |   |   |    |
  +---+---+---+---+---+---+---+---+---+
 8    |   |   | W |   |   |   |   |    |
  +---+---+---+---+---+---+---+---+---+
 9    | W |   |   | B |   |   |   | B  |
  +---+---+---+---+---+---+---+---+---+
Current table:

    A   B   C   D   E   F   G   H   I
  +---+---+---+---+---+---+---+---+---+
 1    |   |   | B | B | B |   |   |    |
  +---+---+---+---+---+---+---+---+---+
 2    | W |   |   | B |   |   |   |    |
  +---+---+---+---+---+---+---+---+---+
 3    |   |   | W |   |   |   |   |    |
  +---+---+---+---+---+---+---+---+---+
 4  B |   |   |   | K | B |   |   |    |
  +---+---+---+---+---+---+---+---+---+
 5  B | B | W |   | T | B |   |   | B  |
  +---+---+---+---+---+---+---+---+---+
 6  B | B |   |   |   |   |   |   |    |
  +---+---+---+---+---+---+---+---+---+
 7    |   |   |   | B |   |   |   |    |
  +---+---+---+---+---+---+---+---+---+
 8    | W |   | W |   |   |   |   |    |
  +---+---+---+---+---+---+---+---+---+
 9    |   |   |   | B |   |   |   | B  |
  +---+---+---+---+---+---+---+---+---+
It's your turn

Exploration recap:
- Score=-333333.3333333333
- Nodes_explored=150
- Time=2.009s

Move BLACK : i9 --> g9
After my move:

    A   B   C   D   E   F   G   H   I
  +---+---+---+---+---+---+---+---+---+
 1    |   |   | B | B | B |   |   |    |
  +---+---+---+---+---+---+---+---+---+
 2    | W |   |   | B |   |   |   |    |
  +---+---+---+---+---+---+---+---+---+
 3    |   |   | W |   |   |   |   |    |
  +---+---+---+---+---+---+---+---+---+
 4  B |   |   |   | K | B |   |   |    |
  +---+---+---+---+---+---+---+---+---+
 5  B | B | W |   | T | B |   |   | B  |
  +---+---+---+---+---+---+---+---+---+
 6  B | B |   |   |   |   |   |   |    |
  +---+---+---+---+---+---+---+---+---+
 7    |   |   |   | B |   |   |   |    |
  +---+---+---+---+---+---+---+---+---+
 8    | W |   | W |   |   |   |   |    |
  +---+---+---+---+---+---+---+---+---+
 9    |   |   |   | B |   | B |   |    |
  +---+---+---+---+---+---+---+---+---+
Current table:

    A   B   C   D   E   F   G   H   I
  +---+---+---+---+---+---+---+---+---+
 1    |   |   | B | B | B |   |   |    |
  +---+---+---+---+---+---+---+---+---+
 2    | W |   |   | B |   |   |   |    |
  +---+---+---+---+---+---+---+---+---+
 3    |   |   | W |   |   |   |   |    |
  +---+---+---+---+---+---+---+---+---+
 4  B |   |   |   | K | B |   |   |    |
  +---+---+---+---+---+---+---+---+---+
 5  B | B |   |   | T | B |   |   | B  |
  +---+---+---+---+---+---+---+---+---+
 6  B |   | W |   |   |   |   |   |    |
  +---+---+---+---+---+---+---+---+---+
 7    |   |   |   | B |   |   |   |    |
  +---+---+---+---+---+---+---+---+---+
 8    | W |   | W |   |   |   |   |    |
  +---+---+---+---+---+---+---+---+---+
 9    |   |   |   | B |   | B |   |    |
  +---+---+---+---+---+---+---+---+---+
It's your turn

Exploration recap:
- Score=-333333.3333333333
- Nodes_explored=164
- Time=2.09s

Move BLACK : g9 --> i9
After my move:

    A   B   C   D   E   F   G   H   I
  +---+---+---+---+---+---+---+---+---+
 1    |   |   | B | B | B |   |   |    |
  +---+---+---+---+---+---+---+---+---+
 2    | W |   |   | B |   |   |   |    |
  +---+---+---+---+---+---+---+---+---+
 3    |   |   | W |   |   |   |   |    |
  +---+---+---+---+---+---+---+---+---+
 4  B |   |   |   | K | B |   |   |    |
  +---+---+---+---+---+---+---+---+---+
 5  B | B |   |   | T | B |   |   | B  |
  +---+---+---+---+---+---+---+---+---+
 6  B |   | W |   |   |   |   |   |    |
  +---+---+---+---+---+---+---+---+---+
 7    |   |   |   | B |   |   |   |    |
  +---+---+---+---+---+---+---+---+---+
 8    | W |   | W |   |   |   |   |    |
  +---+---+---+---+---+---+---+---+---+
 9    |   |   |   | B |   |   |   | B  |
  +---+---+---+---+---+---+---+---+---+
Current table:

    A   B   C   D   E   F   G   H   I
  +---+---+---+---+---+---+---+---+---+
 1    |   |   | B | B | B |   |   |    |
  +---+---+---+---+---+---+---+---+---+
 2    | W |   |   | B |   |   |   |    |
  +---+---+---+---+---+---+---+---+---+
 3    |   |   | W |   |   |   |   |    |
  +---+---+---+---+---+---+---+---+---+
 4  B |   |   |   | K | B |   |   |    |
  +---+---+---+---+---+---+---+---+---+
 5  B | B |   |   | T | B |   |   | B  |
  +---+---+---+---+---+---+---+---+---+
 6  B |   |   |   | W |   |   |   |    |
  +---+---+---+---+---+---+---+---+---+
 7    |   |   |   |   |   |   |   |    |
  +---+---+---+---+---+---+---+---+---+
 8    | W |   | W |   |   |   |   |    |
  +---+---+---+---+---+---+---+---+---+
 9    |   |   |   | B |   |   |   | B  |
  +---+---+---+---+---+---+---+---+---+
It's your turn

Exploration recap:
- Score=-333333.3333333333
- Nodes_explored=131
- Time=1.695s

Move BLACK : i9 --> g9
After my move:

    A   B   C   D   E   F   G   H   I
  +---+---+---+---+---+---+---+---+---+
 1    |   |   | B | B | B |   |   |    |
  +---+---+---+---+---+---+---+---+---+
 2    | W |   |   | B |   |   |   |    |
  +---+---+---+---+---+---+---+---+---+
 3    |   |   | W |   |   |   |   |    |
  +---+---+---+---+---+---+---+---+---+
 4  B |   |   |   | K | B |   |   |    |
  +---+---+---+---+---+---+---+---+---+
 5  B | B |   |   | T | B |   |   | B  |
  +---+---+---+---+---+---+---+---+---+
 6  B |   |   |   | W |   |   |   |    |
  +---+---+---+---+---+---+---+---+---+
 7    |   |   |   |   |   |   |   |    |
  +---+---+---+---+---+---+---+---+---+
 8    | W |   | W |   |   |   |   |    |
  +---+---+---+---+---+---+---+---+---+
 9    |   |   |   | B |   | B |   |    |
  +---+---+---+---+---+---+---+---+---+
Current table:

    A   B   C   D   E   F   G   H   I
  +---+---+---+---+---+---+---+---+---+
 1    |   |   | B | B | B |   |   |    |
  +---+---+---+---+---+---+---+---+---+
 2    | W |   |   | B |   |   |   |    |
  +---+---+---+---+---+---+---+---+---+
 3    |   | W |   |   |   |   |   |    |
  +---+---+---+---+---+---+---+---+---+
 4  B |   |   |   | K | B |   |   |    |
  +---+---+---+---+---+---+---+---+---+
 5  B | B |   |   | T | B |   |   | B  |
  +---+---+---+---+---+---+---+---+---+
 6  B |   |   |   | W |   |   |   |    |
  +---+---+---+---+---+---+---+---+---+
 7    |   |   |   |   |   |   |   |    |
  +---+---+---+---+---+---+---+---+---+
 8    | W |   | W |   |   |   |   |    |
  +---+---+---+---+---+---+---+---+---+
 9    |   |   |   | B |   | B |   |    |
  +---+---+---+---+---+---+---+---+---+
It's your turn

Exploration recap:
- Score=-333333.3333333333
- Nodes_explored=158
- Time=2.025s

Move BLACK : g9 --> i9
After my move:

    A   B   C   D   E   F   G   H   I
  +---+---+---+---+---+---+---+---+---+
 1    |   |   | B | B | B |   |   |    |
  +---+---+---+---+---+---+---+---+---+
 2    | W |   |   | B |   |   |   |    |
  +---+---+---+---+---+---+---+---+---+
 3    |   | W |   |   |   |   |   |    |
  +---+---+---+---+---+---+---+---+---+
 4  B |   |   |   | K | B |   |   |    |
  +---+---+---+---+---+---+---+---+---+
 5  B | B |   |   | T | B |   |   | B  |
  +---+---+---+---+---+---+---+---+---+
 6  B |   |   |   | W |   |   |   |    |
  +---+---+---+---+---+---+---+---+---+
 7    |   |   |   |   |   |   |   |    |
  +---+---+---+---+---+---+---+---+---+
 8    | W |   | W |   |   |   |   |    |
  +---+---+---+---+---+---+---+---+---+
 9    |   |   |   | B |   |   |   | B  |
  +---+---+---+---+---+---+---+---+---+
Current table:

    A   B   C   D   E   F   G   H   I
  +---+---+---+---+---+---+---+---+---+
 1    | W |   | B | B | B |   |   |    |
  +---+---+---+---+---+---+---+---+---+
 2    |   |   |   | B |   |   |   |    |
  +---+---+---+---+---+---+---+---+---+
 3    |   | W |   |   |   |   |   |    |
  +---+---+---+---+---+---+---+---+---+
 4  B |   |   |   | K | B |   |   |    |
  +---+---+---+---+---+---+---+---+---+
 5  B | B |   |   | T | B |   |   | B  |
  +---+---+---+---+---+---+---+---+---+
 6  B |   |   |   | W |   |   |   |    |
  +---+---+---+---+---+---+---+---+---+
 7    |   |   |   |   |   |   |   |    |
  +---+---+---+---+---+---+---+---+---+
 8    | W |   | W |   |   |   |   |    |
  +---+---+---+---+---+---+---+---+---+
 9    |   |   |   | B |   |   |   | B  |
  +---+---+---+---+---+---+---+---+---+
It's your turn

Exploration recap:
- Score=-333333.3333333333
- Nodes_explored=147
- Time=1.817s

Move BLACK : i9 --> g9
After my move:

    A   B   C   D   E   F   G   H   I
  +---+---+---+---+---+---+---+---+---+
 1    | W |   | B | B | B |   |   |    |
  +---+---+---+---+---+---+---+---+---+
 2    |   |   |   | B |   |   |   |    |
  +---+---+---+---+---+---+---+---+---+
 3    |   | W |   |   |   |   |   |    |
  +---+---+---+---+---+---+---+---+---+
 4  B |   |   |   | K | B |   |   |    |
  +---+---+---+---+---+---+---+---+---+
 5  B | B |   |   | T | B |   |   | B  |
  +---+---+---+---+---+---+---+---+---+
 6  B |   |   |   | W |   |   |   |    |
  +---+---+---+---+---+---+---+---+---+
 7    |   |   |   |   |   |   |   |    |
  +---+---+---+---+---+---+---+---+---+
 8    | W |   | W |   |   |   |   |    |
  +---+---+---+---+---+---+---+---+---+
 9    |   |   |   | B |   | B |   |    |
  +---+---+---+---+---+---+---+---+---+
Current table:

    A   B   C   D   E   F   G   H   I
  +---+---+---+---+---+---+---+---+---+
 1    |   | W | B | B | B |   |   |    |
  +---+---+---+---+---+---+---+---+---+
 2    |   |   |   | B |   |   |   |    |
  +---+---+---+---+---+---+---+---+---+
 3    |   | W |   |   |   |   |   |    |
  +---+---+---+---+---+---+---+---+---+
 4  B |   |   |   | K | B |   |   |    |
  +---+---+---+---+---+---+---+---+---+
 5  B | B |   |   | T | B |   |   | B  |
  +---+---+---+---+---+---+---+---+---+
 6  B |   |   |   | W |   |   |   |    |
  +---+---+---+---+---+---+---+---+---+
 7    |   |   |   |   |   |   |   |    |
  +---+---+---+---+---+---+---+---+---+
 8    | W |   | W |   |   |   |   |    |
  +---+---+---+---+---+---+---+---+---+
 9    |   |   |   | B |   | B |   |    |
  +---+---+---+---+---+---+---+---+---+
It's your turn

Exploration recap:
- Score=-333333.3333333333
- Nodes_explored=156
- Time=2.045s

Move BLACK : g9 --> i9
After my move:

    A   B   C   D   E   F   G   H   I
  +---+---+---+---+---+---+---+---+---+
 1    |   | W | B | B | B |   |   |    |
  +---+---+---+---+---+---+---+---+---+
 2    |   |   |   | B |   |   |   |    |
  +---+---+---+---+---+---+---+---+---+
 3    |   | W |   |   |   |   |   |    |
  +---+---+---+---+---+---+---+---+---+
 4  B |   |   |   | K | B |   |   |    |
  +---+---+---+---+---+---+---+---+---+
 5  B | B |   |   | T | B |   |   | B  |
  +---+---+---+---+---+---+---+---+---+
 6  B |   |   |   | W |   |   |   |    |
  +---+---+---+---+---+---+---+---+---+
 7    |   |   |   |   |   |   |   |    |
  +---+---+---+---+---+---+---+---+---+
 8    | W |   | W |   |   |   |   |    |
  +---+---+---+---+---+---+---+---+---+
 9    |   |   |   | B |   |   |   | B  |
  +---+---+---+---+---+---+---+---+---+
Current table:

    A   B   C   D   E   F   G   H   I
  +---+---+---+---+---+---+---+---+---+
 1    |   | W | B | B | B |   |   |    |
  +---+---+---+---+---+---+---+---+---+
 2    |   |   |   | B |   |   |   |    |
  +---+---+---+---+---+---+---+---+---+
 3    |   | W |   |   |   |   |   |    |
  +---+---+---+---+---+---+---+---+---+
 4  B |   |   |   | K | B |   |   |    |
  +---+---+---+---+---+---+---+---+---+
 5  B | B |   | W | T | B |   |   | B  |
  +---+---+---+---+---+---+---+---+---+
 6  B |   |   |   | W |   |   |   |    |
  +---+---+---+---+---+---+---+---+---+
 7    |   |   |   |   |   |   |   |    |
  +---+---+---+---+---+---+---+---+---+
 8    | W |   |   |   |   |   |   |    |
  +---+---+---+---+---+---+---+---+---+
 9    |   |   |   | B |   |   |   | B  |
  +---+---+---+---+---+---+---+---+---+
It's your turn

Exploration recap:
- Score=-333333.3333333333
- Nodes_explored=137
- Time=1.742s

Move BLACK : i9 --> g9
After my move:

    A   B   C   D   E   F   G   H   I
  +---+---+---+---+---+---+---+---+---+
 1    |   | W | B | B | B |   |   |    |
  +---+---+---+---+---+---+---+---+---+
 2    |   |   |   | B |   |   |   |    |
  +---+---+---+---+---+---+---+---+---+
 3    |   | W |   |   |   |   |   |    |
  +---+---+---+---+---+---+---+---+---+
 4  B |   |   |   | K | B |   |   |    |
  +---+---+---+---+---+---+---+---+---+
 5  B | B |   | W | T | B |   |   | B  |
  +---+---+---+---+---+---+---+---+---+
 6  B |   |   |   | W |   |   |   |    |
  +---+---+---+---+---+---+---+---+---+
 7    |   |   |   |   |   |   |   |    |
  +---+---+---+---+---+---+---+---+---+
 8    | W |   |   |   |   |   |   |    |
  +---+---+---+---+---+---+---+---+---+
 9    |   |   |   | B |   | B |   |    |
  +---+---+---+---+---+---+---+---+---+
Current table:

    A   B   C   D   E   F   G   H   I
  +---+---+---+---+---+---+---+---+---+
 1    |   | W | B | B | B |   |   |    |
  +---+---+---+---+---+---+---+---+---+
 2    |   |   |   | B |   |   |   |    |
  +---+---+---+---+---+---+---+---+---+
 3    |   | W |   |   |   |   |   |    |
  +---+---+---+---+---+---+---+---+---+
 4  B |   |   |   | K | B |   |   |    |
  +---+---+---+---+---+---+---+---+---+
 5  B | B | W |   | T | B |   |   | B  |
  +---+---+---+---+---+---+---+---+---+
 6  B |   |   |   | W |   |   |   |    |
  +---+---+---+---+---+---+---+---+---+
 7    |   |   |   |   |   |   |   |    |
  +---+---+---+---+---+---+---+---+---+
 8    | W |   |   |   |   |   |   |    |
  +---+---+---+---+---+---+---+---+---+
 9    |   |   |   | B |   | B |   |    |
  +---+---+---+---+---+---+---+---+---+
It's your turn

Exploration recap:
- Score=-333333.3333333333
- Nodes_explored=149
- Time=1.983s

Move BLACK : g9 --> i9
After my move:

    A   B   C   D   E   F   G   H   I
  +---+---+---+---+---+---+---+---+---+
 1    |   | W | B | B | B |   |   |    |
  +---+---+---+---+---+---+---+---+---+
 2    |   |   |   | B |   |   |   |    |
  +---+---+---+---+---+---+---+---+---+
 3    |   | W |   |   |   |   |   |    |
  +---+---+---+---+---+---+---+---+---+
 4  B |   |   |   | K | B |   |   |    |
  +---+---+---+---+---+---+---+---+---+
 5  B | B | W |   | T | B |   |   | B  |
  +---+---+---+---+---+---+---+---+---+
 6  B |   |   |   | W |   |   |   |    |
  +---+---+---+---+---+---+---+---+---+
 7    |   |   |   |   |   |   |   |    |
  +---+---+---+---+---+---+---+---+---+
 8    | W |   |   |   |   |   |   |    |
  +---+---+---+---+---+---+---+---+---+
 9    |   |   |   | B |   |   |   | B  |
  +---+---+---+---+---+---+---+---+---+
Current table:

    A   B   C   D   E   F   G   H   I
  +---+---+---+---+---+---+---+---+---+
 1    |   | W | B | B | B |   |   |    |
  +---+---+---+---+---+---+---+---+---+
 2    |   |   |   | B |   |   |   |    |
  +---+---+---+---+---+---+---+---+---+
 3    |   | W |   |   |   |   |   |    |
  +---+---+---+---+---+---+---+---+---+
 4  B |   |   |   | K | B |   |   |    |
  +---+---+---+---+---+---+---+---+---+
 5  B | B | W |   | T | B |   |   | B  |
  +---+---+---+---+---+---+---+---+---+
 6  B | W |   |   | W |   |   |   |    |
  +---+---+---+---+---+---+---+---+---+
 7    |   |   |   |   |   |   |   |    |
  +---+---+---+---+---+---+---+---+---+
 8    |   |   |   |   |   |   |   |    |
  +---+---+---+---+---+---+---+---+---+
 9    |   |   |   | B |   |   |   | B  |
  +---+---+---+---+---+---+---+---+---+
It's your turn

Exploration recap:
- Score=-333333.3333333333
- Nodes_explored=125
- Time=1.78s

Move BLACK : i9 --> g9
After my move:

    A   B   C   D   E   F   G   H   I
  +---+---+---+---+---+---+---+---+---+
 1    |   | W | B | B | B |   |   |    |
  +---+---+---+---+---+---+---+---+---+
 2    |   |   |   | B |   |   |   |    |
  +---+---+---+---+---+---+---+---+---+
 3    |   | W |   |   |   |   |   |    |
  +---+---+---+---+---+---+---+---+---+
 4  B |   |   |   | K | B |   |   |    |
  +---+---+---+---+---+---+---+---+---+
 5  B | B | W |   | T | B |   |   | B  |
  +---+---+---+---+---+---+---+---+---+
 6  B | W |   |   | W |   |   |   |    |
  +---+---+---+---+---+---+---+---+---+
 7    |   |   |   |   |   |   |   |    |
  +---+---+---+---+---+---+---+---+---+
 8    |   |   |   |   |   |   |   |    |
  +---+---+---+---+---+---+---+---+---+
 9    |   |   |   | B |   | B |   |    |
  +---+---+---+---+---+---+---+---+---+
Current table:

    A   B   C   D   E   F   G   H   I
  +---+---+---+---+---+---+---+---+---+
 1    |   | W | B | B | B |   |   |    |
  +---+---+---+---+---+---+---+---+---+
 2    |   |   |   | B |   |   |   |    |
  +---+---+---+---+---+---+---+---+---+
 3    |   |   |   |   |   |   |   | W  |
  +---+---+---+---+---+---+---+---+---+
 4  B |   |   |   | K | B |   |   |    |
  +---+---+---+---+---+---+---+---+---+
 5  B | B | W |   | T | B |   |   | B  |
  +---+---+---+---+---+---+---+---+---+
 6  B | W |   |   | W |   |   |   |    |
  +---+---+---+---+---+---+---+---+---+
 7    |   |   |   |   |   |   |   |    |
  +---+---+---+---+---+---+---+---+---+
 8    |   |   |   |   |   |   |   |    |
  +---+---+---+---+---+---+---+---+---+
 9    |   |   |   | B |   | B |   |    |
  +---+---+---+---+---+---+---+---+---+
It's your turn

Exploration recap:
- Score=-333333.3333333333
- Nodes_explored=141
- Time=1.915s

Move BLACK : g9 --> i9
After my move:

    A   B   C   D   E   F   G   H   I
  +---+---+---+---+---+---+---+---+---+
 1    |   | W | B | B | B |   |   |    |
  +---+---+---+---+---+---+---+---+---+
 2    |   |   |   | B |   |   |   |    |
  +---+---+---+---+---+---+---+---+---+
 3    |   |   |   |   |   |   |   | W  |
  +---+---+---+---+---+---+---+---+---+
 4  B |   |   |   | K | B |   |   |    |
  +---+---+---+---+---+---+---+---+---+
 5  B | B | W |   | T | B |   |   | B  |
  +---+---+---+---+---+---+---+---+---+
 6  B | W |   |   | W |   |   |   |    |
  +---+---+---+---+---+---+---+---+---+
 7    |   |   |   |   |   |   |   |    |
  +---+---+---+---+---+---+---+---+---+
 8    |   |   |   |   |   |   |   |    |
  +---+---+---+---+---+---+---+---+---+
 9    |   |   |   | B |   |   |   | B  |
  +---+---+---+---+---+---+---+---+---+
Current table:

    A   B   C   D   E   F   G   H   I
  +---+---+---+---+---+---+---+---+---+
 1    |   | W | B | B | B |   |   |    |
  +---+---+---+---+---+---+---+---+---+
 2    |   |   |   | B |   |   |   |    |
  +---+---+---+---+---+---+---+---+---+
 3    |   |   |   |   |   |   |   | W  |
  +---+---+---+---+---+---+---+---+---+
 4  B |   |   |   | K | B |   |   |    |
  +---+---+---+---+---+---+---+---+---+
 5  B | B | W |   | T | B |   |   | B  |
  +---+---+---+---+---+---+---+---+---+
 6  B | W |   |   |   |   |   |   |    |
  +---+---+---+---+---+---+---+---+---+
 7    |   |   |   | W |   |   |   |    |
  +---+---+---+---+---+---+---+---+---+
 8    |   |   |   |   |   |   |   |    |
  +---+---+---+---+---+---+---+---+---+
 9    |   |   |   | B |   |   |   | B  |
  +---+---+---+---+---+---+---+---+---+
It's your turn

Exploration recap:
- Score=-333333.3333333333
- Nodes_explored=136
- Time=1.762s

Move BLACK : i9 --> g9
After my move:

    A   B   C   D   E   F   G   H   I
  +---+---+---+---+---+---+---+---+---+
 1    |   | W | B | B | B |   |   |    |
  +---+---+---+---+---+---+---+---+---+
 2    |   |   |   | B |   |   |   |    |
  +---+---+---+---+---+---+---+---+---+
 3    |   |   |   |   |   |   |   | W  |
  +---+---+---+---+---+---+---+---+---+
 4  B |   |   |   | K | B |   |   |    |
  +---+---+---+---+---+---+---+---+---+
 5  B | B | W |   | T | B |   |   | B  |
  +---+---+---+---+---+---+---+---+---+
 6  B | W |   |   |   |   |   |   |    |
  +---+---+---+---+---+---+---+---+---+
 7    |   |   |   | W |   |   |   |    |
  +---+---+---+---+---+---+---+---+---+
 8    |   |   |   |   |   |   |   |    |
  +---+---+---+---+---+---+---+---+---+
 9    |   |   |   | B |   | B |   |    |
  +---+---+---+---+---+---+---+---+---+
Current table:

    A   B   C   D   E   F   G   H   I
  +---+---+---+---+---+---+---+---+---+
 1    |   | W | B | B | B |   |   |    |
  +---+---+---+---+---+---+---+---+---+
 2    |   |   |   | B |   |   |   | W  |
  +---+---+---+---+---+---+---+---+---+
 3    |   |   |   |   |   |   |   |    |
  +---+---+---+---+---+---+---+---+---+
 4  B |   |   |   | K | B |   |   |    |
  +---+---+---+---+---+---+---+---+---+
 5  B | B | W |   | T | B |   |   | B  |
  +---+---+---+---+---+---+---+---+---+
 6  B | W |   |   |   |   |   |   |    |
  +---+---+---+---+---+---+---+---+---+
 7    |   |   |   | W |   |   |   |    |
  +---+---+---+---+---+---+---+---+---+
 8    |   |   |   |   |   |   |   |    |
  +---+---+---+---+---+---+---+---+---+
 9    |   |   |   | B |   | B |   |    |
  +---+---+---+---+---+---+---+---+---+
It's your turn

Exploration recap:
- Score=-333333.3333333333
- Nodes_explored=142
- Time=1.889s

Move BLACK : g9 --> i9
After my move:

    A   B   C   D   E   F   G   H   I
  +---+---+---+---+---+---+---+---+---+
 1    |   | W | B | B | B |   |   |    |
  +---+---+---+---+---+---+---+---+---+
 2    |   |   |   | B |   |   |   | W  |
  +---+---+---+---+---+---+---+---+---+
 3    |   |   |   |   |   |   |   |    |
  +---+---+---+---+---+---+---+---+---+
 4  B |   |   |   | K | B |   |   |    |
  +---+---+---+---+---+---+---+---+---+
 5  B | B | W |   | T | B |   |   | B  |
  +---+---+---+---+---+---+---+---+---+
 6  B | W |   |   |   |   |   |   |    |
  +---+---+---+---+---+---+---+---+---+
 7    |   |   |   | W |   |   |   |    |
  +---+---+---+---+---+---+---+---+---+
 8    |   |   |   |   |   |   |   |    |
  +---+---+---+---+---+---+---+---+---+
 9    |   |   |   | B |   |   |   | B  |
  +---+---+---+---+---+---+---+---+---+
Current table:

    A   B   C   D   E   F   G   H   I
  +---+---+---+---+---+---+---+---+---+
 1    |   |   | B | B | B |   |   |    |
  +---+---+---+---+---+---+---+---+---+
 2    |   | W |   | B |   |   |   | W  |
  +---+---+---+---+---+---+---+---+---+
 3    |   |   |   |   |   |   |   |    |
  +---+---+---+---+---+---+---+---+---+
 4  B |   |   |   | K | B |   |   |    |
  +---+---+---+---+---+---+---+---+---+
 5  B | B | W |   | T | B |   |   | B  |
  +---+---+---+---+---+---+---+---+---+
 6  B | W |   |   |   |   |   |   |    |
  +---+---+---+---+---+---+---+---+---+
 7    |   |   |   | W |   |   |   |    |
  +---+---+---+---+---+---+---+---+---+
 8    |   |   |   |   |   |   |   |    |
  +---+---+---+---+---+---+---+---+---+
 9    |   |   |   | B |   |   |   | B  |
  +---+---+---+---+---+---+---+---+---+
It's your turn

Exploration recap:
- Score=-333333.3333333333
- Nodes_explored=130
- Time=1.728s

Move BLACK : i9 --> g9
After my move:

    A   B   C   D   E   F   G   H   I
  +---+---+---+---+---+---+---+---+---+
 1    |   |   | B | B | B |   |   |    |
  +---+---+---+---+---+---+---+---+---+
 2    |   | W |   | B |   |   |   | W  |
  +---+---+---+---+---+---+---+---+---+
 3    |   |   |   |   |   |   |   |    |
  +---+---+---+---+---+---+---+---+---+
 4  B |   |   |   | K | B |   |   |    |
  +---+---+---+---+---+---+---+---+---+
 5  B | B | W |   | T | B |   |   | B  |
  +---+---+---+---+---+---+---+---+---+
 6  B | W |   |   |   |   |   |   |    |
  +---+---+---+---+---+---+---+---+---+
 7    |   |   |   | W |   |   |   |    |
  +---+---+---+---+---+---+---+---+---+
 8    |   |   |   |   |   |   |   |    |
  +---+---+---+---+---+---+---+---+---+
 9    |   |   |   | B |   | B |   |    |
  +---+---+---+---+---+---+---+---+---+
Current table:

    A   B   C   D   E   F   G   H   I
  +---+---+---+---+---+---+---+---+---+
 1    |   |   | B | B | B |   |   |    |
  +---+---+---+---+---+---+---+---+---+
 2    |   | W |   | B |   |   |   | W  |
  +---+---+---+---+---+---+---+---+---+
 3    |   |   |   |   |   |   |   |    |
  +---+---+---+---+---+---+---+---+---+
 4  B |   |   |   | K | B |   |   |    |
  +---+---+---+---+---+---+---+---+---+
 5  B | B | W |   | T | B |   |   | B  |
  +---+---+---+---+---+---+---+---+---+
 6  B |   |   | W |   |   |   |   |    |
  +---+---+---+---+---+---+---+---+---+
 7    |   |   |   | W |   |   |   |    |
  +---+---+---+---+---+---+---+---+---+
 8    |   |   |   |   |   |   |   |    |
  +---+---+---+---+---+---+---+---+---+
 9    |   |   |   | B |   | B |   |    |
  +---+---+---+---+---+---+---+---+---+
It's your turn

Exploration recap:
- Score=-333333.3333333333
- Nodes_explored=151
- Time=1.854s

Move BLACK : g9 --> i9
After my move:

    A   B   C   D   E   F   G   H   I
  +---+---+---+---+---+---+---+---+---+
 1    |   |   | B | B | B |   |   |    |
  +---+---+---+---+---+---+---+---+---+
 2    |   | W |   | B |   |   |   | W  |
  +---+---+---+---+---+---+---+---+---+
 3    |   |   |   |   |   |   |   |    |
  +---+---+---+---+---+---+---+---+---+
 4  B |   |   |   | K | B |   |   |    |
  +---+---+---+---+---+---+---+---+---+
 5  B | B | W |   | T | B |   |   | B  |
  +---+---+---+---+---+---+---+---+---+
 6  B |   |   | W |   |   |   |   |    |
  +---+---+---+---+---+---+---+---+---+
 7    |   |   |   | W |   |   |   |    |
  +---+---+---+---+---+---+---+---+---+
 8    |   |   |   |   |   |   |   |    |
  +---+---+---+---+---+---+---+---+---+
 9    |   |   |   | B |   |   |   | B  |
  +---+---+---+---+---+---+---+---+---+
Current table:

    A   B   C   D   E   F   G   H   I
  +---+---+---+---+---+---+---+---+---+
 1    |   |   | B | B | B |   |   |    |
  +---+---+---+---+---+---+---+---+---+
 2    |   | W |   | B |   |   |   | W  |
  +---+---+---+---+---+---+---+---+---+
 3    |   |   |   |   |   |   |   |    |
  +---+---+---+---+---+---+---+---+---+
 4  B |   |   |   | K | B |   |   |    |
  +---+---+---+---+---+---+---+---+---+
 5  B | B | W |   | T | B |   |   | B  |
  +---+---+---+---+---+---+---+---+---+
 6  B | W |   |   |   |   |   |   |    |
  +---+---+---+---+---+---+---+---+---+
 7    |   |   |   | W |   |   |   |    |
  +---+---+---+---+---+---+---+---+---+
 8    |   |   |   |   |   |   |   |    |
  +---+---+---+---+---+---+---+---+---+
 9    |   |   |   | B |   |   |   | B  |
  +---+---+---+---+---+---+---+---+---+
It's a draw!
