Connected to the server 127.0.0.1:5801
Current table:

    A   B   C   D   E   F   G   H   I
  +---+---+---+---+---+---+---+---+---+
 1    |   |   | B | B | B |   |   |    |
  +---+---+---+---+---+---+---+---+---+
 2    |   |   |   | B |   |   |   |    |
  +---+---+---+---+---+---+---+---+---+
 3    |   |   |   | W |   |   |   |    |
  +---+---+---+---+---+---+---+---+---+
 4  B |   |   |   | W |   |   |   | B  |
  +---+---+---+---+---+---+---+---+---+
 5  B | B | W | W | K | W | W | B | B  |
  +---+---+---+---+---+---+---+---+---+
 6  B |   |   |   | W |   |   |   | B  |
  +---+---+---+---+---+---+---+---+---+
 7    |   |   |   | W |   |   |   |    |
  +---+---+---+---+---+---+---+---+---+
 8    |   |   |   | B |   |   |   |    |
  +---+---+---+---+---+---+---+---+---+
 9    |   |   | B | B | B |   |   |    |
  +---+---+---+---+---+---+---+---+---+
Waiting for your opponent move...
Current table:

    A   B   C   D   E   F   G   H   I
  +---+---+---+---+---+---+---+---+---+
 1    |   |   | B | B | B |   |   |    |
  +---+---+---+---+---+---+---+---+---+
 2    |   |   |   | B |   |   |   |    |
  +---+---+---+---+---+---+---+---+---+
 3    |   |   |   | W |   |   |   |    |
  +---+---+---+---+---+---+---+---+---+
 4  B |   |   |   | W |   |   |   | B  |
  +---+---+---+---+---+---+---+---+---+
 5  B | B | W | W | K | W |   | B | B  |
  +---+---+---+---+---+---+---+---+---+
 6  B |   |   |   | W |   |   |   | B  |
  +---+---+---+---+---+---+---+---+---+
 7    |   |   |   | W |   |   |   |    |
  +---+---+---+---+---+---+---+---+---+
 8    |   |   |   | B |   |   |   |    |
  +---+---+---+---+---+---+---+---+---+
 9    |   |   | B | B | B | W |   |    |
  +---+---+---+---+---+---+---+---+---+
It's your turn

Exploration recap:
- Score=-5.0
- Nodes_explored=442
- Time=2.915s

Move BLACK : i6 --> f6
After my move:

    A   B   C   D   E   F   G   H   I
  +---+---+---+---+---+---+---+---+---+
 1    |   |   | B | B | B |   |   |    |
  +---+---+---+---+---+---+---+---+---+
 2    |   |   |   | B |   |   |   |    |
  +---+---+---+---+---+---+---+---+---+
 3    |   |   |   | W |   |   |   |    |
  +---+---+---+---+---+---+---+---+---+
 4  B |   |   |   | W |   |   |   | B  |
  +---+---+---+---+---+---+---+---+---+
 5  B | B | W | W | K | W |   | B | B  |
  +---+---+---+---+---+---+---+---+---+
 6  B |   |   |   | W | B |   |   |    |
  +---+---+---+---+---+---+---+---+---+
 7    |   |   |   | W |   |   |   |    |
  +---+---+---+---+---+---+---+---+---+
 8    |   |   |   | B |   |   |   |    |
  +---+---+---+---+---+---+---+---+---+
 9    |   |   | B | B | B | W |   |    |
  +---+---+---+---+---+---+---+---+---+
Current table:

    A   B   C   D   E   F   G   H   I
  +---+---+---+---+---+---+---+---+---+
 1    |   |   | B | B | B |   |   |    |
  +---+---+---+---+---+---+---+---+---+
 2    |   |   |   | B |   |   |   |    |
  +---+---+---+---+---+---+---+---+---+
 3    |   |   |   | W |   |   |   |    |
  +---+---+---+---+---+---+---+---+---+
 4  B |   |   |   | W |   |   |   | B  |
  +---+---+---+---+---+---+---+---+---+
 5  B | B | W | W | K | W |   | B | B  |
  +---+---+---+---+---+---+---+---+---+
 6  B |   |   |   | W | B |   |   |    |
  +---+---+---+---+---+---+---+---+---+
 7    |   |   |   | W |   |   |   |    |
  +---+---+---+---+---+---+---+---+---+
 8    |   |   |   | B |   |   |   |    |
  +---+---+---+---+---+---+---+---+---+
 9    |   |   | B | B | B |   |   | W  |
  +---+---+---+---+---+---+---+---+---+
It's your turn

Exploration recap:
- Score=-5.0
- Nodes_explored=425
- Time=3.756s

Move BLACK : i4 --> f4
After my move:

    A   B   C   D   E   F   G   H   I
  +---+---+---+---+---+---+---+---+---+
 1    |   |   | B | B | B |   |   |    |
  +---+---+---+---+---+---+---+---+---+
 2    |   |   |   | B |   |   |   |    |
  +---+---+---+---+---+---+---+---+---+
 3    |   |   |   | W |   |   |   |    |
  +---+---+---+---+---+---+---+---+---+
 4  B |   |   |   | W | B |   |   |    |
  +---+---+---+---+---+---+---+---+---+
 5  B | B | W | W | K |   |   | B | B  |
  +---+---+---+---+---+---+---+---+---+
 6  B |   |   |   | W | B |   |   |    |
  +---+---+---+---+---+---+---+---+---+
 7    |   |   |   | W |   |   |   |    |
  +---+---+---+---+---+---+---+---+---+
 8    |   |   |   | B |   |   |   |    |
  +---+---+---+---+---+---+---+---+---+
 9    |   |   | B | B | B |   |   | W  |
  +---+---+---+---+---+---+---+---+---+
Current table:

    A   B   C   D   E   F   G   H   I
  +---+---+---+---+---+---+---+---+---+
 1    |   |   | B | B | B |   |   |    |
  +---+---+---+---+---+---+---+---+---+
 2    |   |   |   | B |   |   |   |    |
  +---+---+---+---+---+---+---+---+---+
 3    |   |   |   | W |   |   |   |    |
  +---+---+---+---+---+---+---+---+---+
 4  B |   |   |   | W | B |   |   |    |
  +---+---+---+---+---+---+---+---+---+
 5  B | B | W | W | T |   | K | B | B  |
  +---+---+---+---+---+---+---+---+---+
 6  B |   |   |   | W | B |   |   |    |
  +---+---+---+---+---+---+---+---+---+
 7    |   |   |   | W |   |   |   |    |
  +---+---+---+---+---+---+---+---+---+
 8    |   |   |   | B |   |   |   |    |
  +---+---+---+---+---+---+---+---+---+
 9    |   |   | B | B | B |   |   | W  |
  +---+---+---+---+---+---+---+---+---+
It's your turn

Exploration recap:
- Score=-5.0
- Nodes_explored=427
- Time=2.795s

Move BLACK : h5 --> h9
After my move:

    A   B   C   D   E   F   G   H   I
  +---+---+---+---+---+---+---+---+---+
 1    |   |   | B | B | B |   |   |    |
  +---+---+---+---+---+---+---+---+---+
 2    |   |   |   | B |   |   |   |    |
  +---+---+---+---+---+---+---+---+---+
 3    |   |   |   | W |   |   |   |    |
  +---+---+---+---+---+---+---+---+---+
 4  B |   |   |   | W | B |   |   |    |
  +---+---+---+---+---+---+---+---+---+
 5  B | B | W | W | T |   | K |   | B  |
  +---+---+---+---+---+---+---+---+---+
 6  B |   |   |   | W | B |   |   |    |
  +---+---+---+---+---+---+---+---+---+
 7    |   |   |   | W |   |   |   |    |
  +---+---+---+---+---+---+---+---+---+
 8    |   |   |   | B |   |   |   |    |
  +---+---+---+---+---+---+---+---+---+
 9    |   |   | B | B | B |   | B | W  |
  +---+---+---+---+---+---+---+---+---+
Current table:

    A   B   C   D   E   F   G   H   I
  +---+---+---+---+---+---+---+---+---+
 1    |   |   | B | B | B |   |   |    |
  +---+---+---+---+---+---+---+---+---+
 2    |   |   |   | B |   |   |   |    |
  +---+---+---+---+---+---+---+---+---+
 3    |   |   |   | W |   |   |   |    |
  +---+---+---+---+---+---+---+---+---+
 4  B |   |   |   | W | B |   |   |    |
  +---+---+---+---+---+---+---+---+---+
 5  B | B | W | W | T | K |   |   | B  |
  +---+---+---+---+---+---+---+---+---+
 6  B |   |   |   | W | B |   |   |    |
  +---+---+---+---+---+---+---+---+---+
 7    |   |   |   | W |   |   |   |    |
  +---+---+---+---+---+---+---+---+---+
 8    |   |   |   | B |   |   |   |    |
  +---+---+---+---+---+---+---+---+---+
 9    |   |   | B | B | B |   | B | W  |
  +---+---+---+---+---+---+---+---+---+
It's your turn

Exploration recap:
- Score=-5.0
- Nodes_explored=382
- Time=2.444s

Move BLACK : h9 --> g9
After my move:

    A   B   C   D   E   F   G   H   I
  +---+---+---+---+---+---+---+---+---+
 1    |   |   | B | B | B |   |   |    |
  +---+---+---+---+---+---+---+---+---+
 2    |   |   |   | B |   |   |   |    |
  +---+---+---+---+---+---+---+---+---+
 3    |   |   |   | W |   |   |   |    |
  +---+---+---+---+---+---+---+---+---+
 4  B |   |   |   | W | B |   |   |    |
  +---+---+---+---+---+---+---+---+---+
 5  B | B | W | W | T | K |   |   | B  |
  +---+---+---+---+---+---+---+---+---+
 6  B |   |   |   | W | B |   |   |    |
  +---+---+---+---+---+---+---+---+---+
 7    |   |   |   | W |   |   |   |    |
  +---+---+---+---+---+---+---+---+---+
 8    |   |   |   | B |   |   |   |    |
  +---+---+---+---+---+---+---+---+---+
 9    |   |   | B | B | B | B |   | W  |
  +---+---+---+---+---+---+---+---+---+
Current table:

    A   B   C   D   E   F   G   H   I
  +---+---+---+---+---+---+---+---+---+
 1    |   |   | B | B | B |   |   |    |
  +---+---+---+---+---+---+---+---+---+
 2    |   |   |   | B |   |   |   |    |
  +---+---+---+---+---+---+---+---+---+
 3    |   |   |   | W |   |   |   |    |
  +---+---+---+---+---+---+---+---+---+
 4  B |   |   |   | W | B |   |   |    |
  +---+---+---+---+---+---+---+---+---+
 5  B | B | W | W | T |   | K |   | B  |
  +---+---+---+---+---+---+---+---+---+
 6  B |   |   |   | W | B |   |   |    |
  +---+---+---+---+---+---+---+---+---+
 7    |   |   |   | W |   |   |   |    |
  +---+---+---+---+---+---+---+---+---+
 8    |   |   |   | B |   |   |   |    |
  +---+---+---+---+---+---+---+---+---+
 9    |   |   | B | B | B | B |   | W  |
  +---+---+---+---+---+---+---+---+---+
It's your turn

Exploration recap:
- Score=-5.0
- Nodes_explored=395
- Time=2.58s

Move BLACK : g9 --> h9
After my move:

    A   B   C   D   E   F   G   H   I
  +---+---+---+---+---+---+---+---+---+
 1    |   |   | B | B | B |   |   |    |
  +---+---+---+---+---+---+---+---+---+
 2    |   |   |   | B |   |   |   |    |
  +---+---+---+---+---+---+---+---+---+
 3    |   |   |   | W |   |   |   |    |
  +---+---+---+---+---+---+---+---+---+
 4  B |   |   |   | W | B |   |   |    |
  +---+---+---+---+---+---+---+---+---+
 5  B | B | W | W | T |   | K |   | B  |
  +---+---+---+---+---+---+---+---+---+
 6  B |   |   |   | W | B |   |   |    |
  +---+---+---+---+---+---+---+---+---+
 7    |   |   |   | W |   |   |   |    |
  +---+---+---+---+---+---+---+---+---+
 8    |   |   |   | B |   |   |   |    |
  +---+---+---+---+---+---+---+---+---+
 9    |   |   | B | B | B |   | B | W  |
  +---+---+---+---+---+---+---+---+---+
Current table:

    A   B   C   D   E   F   G   H   I
  +---+---+---+---+---+---+---+---+---+
 1    |   |   | B | B | B |   |   |    |
  +---+---+---+---+---+---+---+---+---+
 2    |   |   |   | B |   |   |   |    |
  +---+---+---+---+---+---+---+---+---+
 3    |   |   |   | W |   |   |   |    |
  +---+---+---+---+---+---+---+---+---+
 4  B |   |   |   | W | B |   |   |    |
  +---+---+---+---+---+---+---+---+---+
 5  B | B | W | W | T |   | K |   | B  |
  +---+---+---+---+---+---+---+---+---+
 6  B |   |   |   | W | B |   |   |    |
  +---+---+---+---+---+---+---+---+---+
 7    |   |   |   | W |   |   |   |    |
  +---+---+---+---+---+---+---+---+---+
 8    |   |   |   | B |   |   |   |    |
  +---+---+---+---+---+---+---+---+---+
 9    |   |   | B | B | B |   | B | W  |
  +---+---+---+---+---+---+---+---+---+
It's a draw!
