Connected to the server 127.0.0.1:5801
Current table:

    A   B   C   D   E   F   G   H   I
  +---+---+---+---+---+---+---+---+---+
 1    |   |   | B | B | B |   |   |    |
  +---+---+---+---+---+---+---+---+---+
 2    |   |   |   | B |   |   |   |    |
  +---+---+---+---+---+---+---+---+---+
 3    |   |   |   | W |   |   |   |    |
  +---+---+---+---+---+---+---+---+---+
 4  B |   |   |   | W |   |   |   | B  |
  +---+---+---+---+---+---+---+---+---+
 5  B | B | W | W | K | W | W | B | B  |
  +---+---+---+---+---+---+---+---+---+
 6  B |   |   |   | W |   |   |   | B  |
  +---+---+---+---+---+---+---+---+---+
 7    |   |   |   | W |   |   |   |    |
  +---+---+---+---+---+---+---+---+---+
 8    |   |   |   | B |   |   |   |    |
  +---+---+---+---+---+---+---+---+---+
 9    |   |   | B | B | B |   |   |    |
  +---+---+---+---+---+---+---+---+---+
Waiting for your opponent move...
Current table:

    A   B   C   D   E   F   G   H   I
  +---+---+---+---+---+---+---+---+---+
 1    |   |   | B | B | B |   |   |    |
  +---+---+---+---+---+---+---+---+---+
 2    |   |   |   | B |   |   |   |    |
  +---+---+---+---+---+---+---+---+---+
 3    |   |   |   | W |   |   |   |    |
  +---+---+---+---+---+---+---+---+---+
 4  B |   |   |   | W |   |   |   | B  |
  +---+---+---+---+---+---+---+---+---+
 5  B | B | W | W | K | W |   | B | B  |
  +---+---+---+---+---+---+---+---+---+
 6  B |   |   |   | W |   |   |   | B  |
  +---+---+---+---+---+---+---+---+---+
 7    |   |   |   | W |   |   |   |    |
  +---+---+---+---+---+---+---+---+---+
 8    |   |   |   | B |   |   |   |    |
  +---+---+---+---+---+---+---+---+---+
 9    |   |   | B | B | B | W |   |    |
  +---+---+---+---+---+---+---+---+---+
It's your turn

Exploration recap:
- Score=96.33333333333333
- Nodes_explored=1300
- Time=41.862s

Move BLACK : h5 --> g5
After my move:

    A   B   C   D   E   F   G   H   I
  +---+---+---+---+---+---+---+---+---+
 1    |   |   | B | B | B |   |   |    |
  +---+---+---+---+---+---+---+---+---+
 2    |   |   |   | B |   |   |   |    |
  +---+---+---+---+---+---+---+---+---+
 3    |   |   |   | W |   |   |   |    |
  +---+---+---+---+---+---+---+---+---+
 4  B |   |   |   | W |   |   |   | B  |
  +---+---+---+---+---+---+---+---+---+
 5  B | B | W | W | K |   | B |   | B  |
  +---+---+---+---+---+---+---+---+---+
 6  B |   |   |   | W |   |   |   | B  |
  +---+---+---+---+---+---+---+---+---+
 7    |   |   |   | W |   |   |   |    |
  +---+---+---+---+---+---+---+---+---+
 8    |   |   |   | B |   |   |   |    |
  +---+---+---+---+---+---+---+---+---+
 9    |   |   | B | B | B | W |   |    |
  +---+---+---+---+---+---+---+---+---+
Current table:

    A   B   C   D   E   F   G   H   I
  +---+---+---+---+---+---+---+---+---+
 1    |   |   | B | B | B |   |   |    |
  +---+---+---+---+---+---+---+---+---+
 2    |   |   |   | B |   |   |   |    |
  +---+---+---+---+---+---+---+---+---+
 3    |   |   |   | W |   |   |   |    |
  +---+---+---+---+---+---+---+---+---+
 4  B |   |   |   | W |   |   |   | B  |
  +---+---+---+---+---+---+---+---+---+
 5  B | B | W | W | T | K |   |   | B  |
  +---+---+---+---+---+---+---+---+---+
 6  B |   |   |   | W |   |   |   | B  |
  +---+---+---+---+---+---+---+---+---+
 7    |   |   |   | W |   |   |   |    |
  +---+---+---+---+---+---+---+---+---+
 8    |   |   |   | B |   |   |   |    |
  +---+---+---+---+---+---+---+---+---+
 9    |   |   | B | B | B | W |   |    |
  +---+---+---+---+---+---+---+---+---+
It's your turn

Exploration recap:
- Score=-333333.3333333333
- Nodes_explored=1521
- Time=33.106s

Move BLACK : i6 --> f6
After my move:

    A   B   C   D   E   F   G   H   I
  +---+---+---+---+---+---+---+---+---+
 1    |   |   | B | B | B |   |   |    |
  +---+---+---+---+---+---+---+---+---+
 2    |   |   |   | B |   |   |   |    |
  +---+---+---+---+---+---+---+---+---+
 3    |   |   |   | W |   |   |   |    |
  +---+---+---+---+---+---+---+---+---+
 4  B |   |   |   | W |   |   |   | B  |
  +---+---+---+---+---+---+---+---+---+
 5  B | B | W | W | T | K |   |   | B  |
  +---+---+---+---+---+---+---+---+---+
 6  B |   |   |   | W | B |   |   |    |
  +---+---+---+---+---+---+---+---+---+
 7    |   |   |   | W |   |   |   |    |
  +---+---+---+---+---+---+---+---+---+
 8    |   |   |   | B |   |   |   |    |
  +---+---+---+---+---+---+---+---+---+
 9    |   |   | B | B | B | W |   |    |
  +---+---+---+---+---+---+---+---+---+
Current table:

    A   B   C   D   E   F   G   H   I
  +---+---+---+---+---+---+---+---+---+
 1    |   |   | B | B | B |   |   |    |
  +---+---+---+---+---+---+---+---+---+
 2    |   |   |   | B |   |   |   |    |
  +---+---+---+---+---+---+---+---+---+
 3    |   |   |   | W |   |   |   |    |
  +---+---+---+---+---+---+---+---+---+
 4  B |   |   |   | W |   |   |   | B  |
  +---+---+---+---+---+---+---+---+---+
 5  B | B | W | W | T |   | K |   | B  |
  +---+---+---+---+---+---+---+---+---+
 6  B |   |   |   | W | B |   |   |    |
  +---+---+---+---+---+---+---+---+---+
 7    |   |   |   | W |   |   |   |    |
  +---+---+---+---+---+---+---+---+---+
 8    |   |   |   | B |   |   |   |    |
  +---+---+---+---+---+---+---+---+---+
 9    |   |   | B | B | B | W |   |    |
  +---+---+---+---+---+---+---+---+---+
It's your turn

Exploration recap:
- Score=-333333.3333333333
- Nodes_explored=193
- Time=3.468s

Move BLACK : i4 --> f4
After my move:

    A   B   C   D   E   F   G   H   I
  +---+---+---+---+---+---+---+---+---+
 1    |   |   | B | B | B |   |   |    |
  +---+---+---+---+---+---+---+---+---+
 2    |   |   |   | B |   |   |   |    |
  +---+---+---+---+---+---+---+---+---+
 3    |   |   |   | W |   |   |   |    |
  +---+---+---+---+---+---+---+---+---+
 4  B |   |   |   | W | B |   |   |    |
  +---+---+---+---+---+---+---+---+---+
 5  B | B | W | W | T |   | K |   | B  |
  +---+---+---+---+---+---+---+---+---+
 6  B |   |   |   | W | B |   |   |    |
  +---+---+---+---+---+---+---+---+---+
 7    |   |   |   | W |   |   |   |    |
  +---+---+---+---+---+---+---+---+---+
 8    |   |   |   | B |   |   |   |    |
  +---+---+---+---+---+---+---+---+---+
 9    |   |   | B | B | B | W |   |    |
  +---+---+---+---+---+---+---+---+---+
Current table:

    A   B   C   D   E   F   G   H   I
  +---+---+---+---+---+---+---+---+---+
 1    |   |   | B | B | B |   |   |    |
  +---+---+---+---+---+---+---+---+---+
 2    |   |   |   | B |   |   |   |    |
  +---+---+---+---+---+---+---+---+---+
 3    |   |   |   | W |   |   |   |    |
  +---+---+---+---+---+---+---+---+---+
 4  B |   |   |   | W | B |   |   |    |
  +---+---+---+---+---+---+---+---+---+
 5  B | B | W | W | T | K |   |   | B  |
  +---+---+---+---+---+---+---+---+---+
 6  B |   |   |   | W | B |   |   |    |
  +---+---+---+---+---+---+---+---+---+
 7    |   |   |   | W |   |   |   |    |
  +---+---+---+---+---+---+---+---+---+
 8    |   |   |   | B |   |   |   |    |
  +---+---+---+---+---+---+---+---+---+
 9    |   |   | B | B | B | W |   |    |
  +---+---+---+---+---+---+---+---+---+
It's your turn

Exploration recap:
- Score=-333333.3333333333
- Nodes_explored=218
- Time=2.729s

Move BLACK : f9 --> f7
After my move:

    A   B   C   D   E   F   G   H   I
  +---+---+---+---+---+---+---+---+---+
 1    |   |   | B | B | B |   |   |    |
  +---+---+---+---+---+---+---+---+---+
 2    |   |   |   | B |   |   |   |    |
  +---+---+---+---+---+---+---+---+---+
 3    |   |   |   | W |   |   |   |    |
  +---+---+---+---+---+---+---+---+---+
 4  B |   |   |   | W | B |   |   |    |
  +---+---+---+---+---+---+---+---+---+
 5  B | B | W | W | T | K |   |   | B  |
  +---+---+---+---+---+---+---+---+---+
 6  B |   |   |   | W | B |   |   |    |
  +---+---+---+---+---+---+---+---+---+
 7    |   |   |   | W | B |   |   |    |
  +---+---+---+---+---+---+---+---+---+
 8    |   |   |   | B |   |   |   |    |
  +---+---+---+---+---+---+---+---+---+
 9    |   |   | B | B |   | W |   |    |
  +---+---+---+---+---+---+---+---+---+
Current table:

    A   B   C   D   E   F   G   H   I
  +---+---+---+---+---+---+---+---+---+
 1    |   |   | B | B | B |   |   |    |
  +---+---+---+---+---+---+---+---+---+
 2    |   |   |   | B |   |   |   |    |
  +---+---+---+---+---+---+---+---+---+
 3    |   |   |   | W |   |   |   |    |
  +---+---+---+---+---+---+---+---+---+
 4  B |   |   |   | W | B |   |   |    |
  +---+---+---+---+---+---+---+---+---+
 5  B | B | W | W | T |   | K |   | B  |
  +---+---+---+---+---+---+---+---+---+
 6  B |   |   |   | W | B |   |   |    |
  +---+---+---+---+---+---+---+---+---+
 7    |   |   |   | W | B |   |   |    |
  +---+---+---+---+---+---+---+---+---+
 8    |   |   |   | B |   |   |   |    |
  +---+---+---+---+---+---+---+---+---+
 9    |   |   | B | B |   | W |   |    |
  +---+---+---+---+---+---+---+---+---+
It's your turn

Exploration recap:
- Score=-333333.3333333333
- Nodes_explored=174
- Time=2.273s

Move BLACK : f7 --> f8
After my move:

    A   B   C   D   E   F   G   H   I
  +---+---+---+---+---+---+---+---+---+
 1    |   |   | B | B | B |   |   |    |
  +---+---+---+---+---+---+---+---+---+
 2    |   |   |   | B |   |   |   |    |
  +---+---+---+---+---+---+---+---+---+
 3    |   |   |   | W |   |   |   |    |
  +---+---+---+---+---+---+---+---+---+
 4  B |   |   |   | W | B |   |   |    |
  +---+---+---+---+---+---+---+---+---+
 5  B | B | W | W | T |   | K |   | B  |
  +---+---+---+---+---+---+---+---+---+
 6  B |   |   |   | W | B |   |   |    |
  +---+---+---+---+---+---+---+---+---+
 7    |   |   |   | W |   |   |   |    |
  +---+---+---+---+---+---+---+---+---+
 8    |   |   |   | B | B |   |   |    |
  +---+---+---+---+---+---+---+---+---+
 9    |   |   | B | B |   | W |   |    |
  +---+---+---+---+---+---+---+---+---+
Current table:

    A   B   C   D   E   F   G   H   I
  +---+---+---+---+---+---+---+---+---+
 1    |   |   | B | B | B |   |   |    |
  +---+---+---+---+---+---+---+---+---+
 2    |   |   |   | B |   |   |   |    |
  +---+---+---+---+---+---+---+---+---+
 3    |   |   |   | W |   |   |   |    |
  +---+---+---+---+---+---+---+---+---+
 4  B |   |   |   | W | B |   |   |    |
  +---+---+---+---+---+---+---+---+---+
 5  B | B | W | W | T | K |   |   | B  |
  +---+---+---+---+---+---+---+---+---+
 6  B |   |   |   | W | B |   |   |    |
  +---+---+---+---+---+---+---+---+---+
 7    |   |   |   | W |   |   |   |    |
  +---+---+---+---+---+---+---+---+---+
 8    |   |   |   | B | B |   |   |    |
  +---+---+---+---+---+---+---+---+---+
 9    |   |   | B | B |   | W |   |    |
  +---+---+---+---+---+---+---+---+---+
It's your turn

Exploration recap:
- Score=-333333.3333333333
- Nodes_explored=212
- Time=2.596s

Move BLACK : f8 --> i8
After my move:

    A   B   C   D   E   F   G   H   I
  +---+---+---+---+---+---+---+---+---+
 1    |   |   | B | B | B |   |   |    |
  +---+---+---+---+---+---+---+---+---+
 2    |   |   |   | B |   |   |   |    |
  +---+---+---+---+---+---+---+---+---+
 3    |   |   |   | W |   |   |   |    |
  +---+---+---+---+---+---+---+---+---+
 4  B |   |   |   | W | B |   |   |    |
  +---+---+---+---+---+---+---+---+---+
 5  B | B | W | W | T | K |   |   | B  |
  +---+---+---+---+---+---+---+---+---+
 6  B |   |   |   | W | B |   |   |    |
  +---+---+---+---+---+---+---+---+---+
 7    |   |   |   | W |   |   |   |    |
  +---+---+---+---+---+---+---+---+---+
 8    |   |   |   | B |   |   |   | B  |
  +---+---+---+---+---+---+---+---+---+
 9    |   |   | B | B |   | W |   |    |
  +---+---+---+---+---+---+---+---+---+
Current table:

    A   B   C   D   E   F   G   H   I
  +---+---+---+---+---+---+---+---+---+
 1    |   |   | B | B | B |   |   |    |
  +---+---+---+---+---+---+---+---+---+
 2    |   |   |   | B |   |   |   |    |
  +---+---+---+---+---+---+---+---+---+
 3    |   |   |   | W |   |   |   |    |
  +---+---+---+---+---+---+---+---+---+
 4  B |   |   |   | W | B |   |   |    |
  +---+---+---+---+---+---+---+---+---+
 5  B | B | W | W | T |   | K |   | B  |
  +---+---+---+---+---+---+---+---+---+
 6  B |   |   |   | W | B |   |   |    |
  +---+---+---+---+---+---+---+---+---+
 7    |   |   |   | W |   |   |   |    |
  +---+---+---+---+---+---+---+---+---+
 8    |   |   |   | B |   |   |   | B  |
  +---+---+---+---+---+---+---+---+---+
 9    |   |   | B | B |   | W |   |    |
  +---+---+---+---+---+---+---+---+---+
It's your turn

Exploration recap:
- Score=-333333.3333333333
- Nodes_explored=182
- Time=2.333s

Move BLACK : i8 --> f8
After my move:

    A   B   C   D   E   F   G   H   I
  +---+---+---+---+---+---+---+---+---+
 1    |   |   | B | B | B |   |   |    |
  +---+---+---+---+---+---+---+---+---+
 2    |   |   |   | B |   |   |   |    |
  +---+---+---+---+---+---+---+---+---+
 3    |   |   |   | W |   |   |   |    |
  +---+---+---+---+---+---+---+---+---+
 4  B |   |   |   | W | B |   |   |    |
  +---+---+---+---+---+---+---+---+---+
 5  B | B | W | W | T |   | K |   | B  |
  +---+---+---+---+---+---+---+---+---+
 6  B |   |   |   | W | B |   |   |    |
  +---+---+---+---+---+---+---+---+---+
 7    |   |   |   | W |   |   |   |    |
  +---+---+---+---+---+---+---+---+---+
 8    |   |   |   | B | B |   |   |    |
  +---+---+---+---+---+---+---+---+---+
 9    |   |   | B | B |   | W |   |    |
  +---+---+---+---+---+---+---+---+---+
Current table:

    A   B   C   D   E   F   G   H   I
  +---+---+---+---+---+---+---+---+---+
 1    |   |   | B | B | B |   |   |    |
  +---+---+---+---+---+---+---+---+---+
 2    |   |   |   | B |   |   |   |    |
  +---+---+---+---+---+---+---+---+---+
 3    |   |   |   | W |   |   |   |    |
  +---+---+---+---+---+---+---+---+---+
 4  B |   |   |   | W | B |   |   |    |
  +---+---+---+---+---+---+---+---+---+
 5  B | B | W | W | T |   | K |   | B  |
  +---+---+---+---+---+---+---+---+---+
 6  B |   |   |   | W | B |   |   |    |
  +---+---+---+---+---+---+---+---+---+
 7    |   |   |   | W |   |   |   |    |
  +---+---+---+---+---+---+---+---+---+
 8    |   |   |   | B | B |   |   |    |
  +---+---+---+---+---+---+---+---+---+
 9    |   |   | B | B |   | W |   |    |
  +---+---+---+---+---+---+---+---+---+
It's a draw!
