Connected to the server 127.0.0.1:5801
Current table:

    A   B   C   D   E   F   G   H   I
  +---+---+---+---+---+---+---+---+---+
 1    |   |   | B | B | B |   |   |    |
  +---+---+---+---+---+---+---+---+---+
 2    |   |   |   | B |   |   |   |    |
  +---+---+---+---+---+---+---+---+---+
 3    |   |   |   | W |   |   |   |    |
  +---+---+---+---+---+---+---+---+---+
 4  B |   |   |   | W |   |   |   | B  |
  +---+---+---+---+---+---+---+---+---+
 5  B | B | W | W | K | W | W | B | B  |
  +---+---+---+---+---+---+---+---+---+
 6  B |   |   |   | W |   |   |   | B  |
  +---+---+---+---+---+---+---+---+---+
 7    |   |   |   | W |   |   |   |    |
  +---+---+---+---+---+---+---+---+---+
 8    |   |   |   | B |   |   |   |    |
  +---+---+---+---+---+---+---+---+---+
 9    |   |   | B | B | B |   |   |    |
  +---+---+---+---+---+---+---+---+---+
Waiting for your opponent move...
Current table:

    A   B   C   D   E   F   G   H   I
  +---+---+---+---+---+---+---+---+---+
 1    |   |   | B | B | B |   |   |    |
  +---+---+---+---+---+---+---+---+---+
 2    |   |   |   | B |   |   |   |    |
  +---+---+---+---+---+---+---+---+---+
 3    |   |   |   | W |   |   |   |    |
  +---+---+---+---+---+---+---+---+---+
 4  B |   |   | W | W |   |   |   | B  |
  +---+---+---+---+---+---+---+---+---+
 5  B | B | W |   | K | W | W | B | B  |
  +---+---+---+---+---+---+---+---+---+
 6  B |   |   |   | W |   |   |   | B  |
  +---+---+---+---+---+---+---+---+---+
 7    |   |   |   | W |   |   |   |    |
  +---+---+---+---+---+---+---+---+---+
 8    |   |   |   | B |   |   |   |    |
  +---+---+---+---+---+---+---+---+---+
 9    |   |   | B | B | B |   |   |    |
  +---+---+---+---+---+---+---+---+---+
It's your turn
Score=0
Move BLACK : a4 --> a3
After my move:

    A   B   C   D   E   F   G   H   I
  +---+---+---+---+---+---+---+---+---+
 1    |   |   | B | B | B |   |   |    |
  +---+---+---+---+---+---+---+---+---+
 2    |   |   |   | B |   |   |   |    |
  +---+---+---+---+---+---+---+---+---+
 3  B |   |   |   | W |   |   |   |    |
  +---+---+---+---+---+---+---+---+---+
 4    |   |   | W | W |   |   |   | B  |
  +---+---+---+---+---+---+---+---+---+
 5  B | B | W |   | K | W | W | B | B  |
  +---+---+---+---+---+---+---+---+---+
 6  B |   |   |   | W |   |   |   | B  |
  +---+---+---+---+---+---+---+---+---+
 7    |   |   |   | W |   |   |   |    |
  +---+---+---+---+---+---+---+---+---+
 8    |   |   |   | B |   |   |   |    |
  +---+---+---+---+---+---+---+---+---+
 9    |   |   | B | B | B |   |   |    |
  +---+---+---+---+---+---+---+---+---+
Current table:

    A   B   C   D   E   F   G   H   I
  +---+---+---+---+---+---+---+---+---+
 1    |   |   | B | B | B |   |   |    |
  +---+---+---+---+---+---+---+---+---+
 2    |   |   |   | B |   |   |   |    |
  +---+---+---+---+---+---+---+---+---+
 3  B |   |   |   | W |   |   |   |    |
  +---+---+---+---+---+---+---+---+---+
 4    |   | W | W | W |   |   |   | B  |
  +---+---+---+---+---+---+---+---+---+
 5  B | B |   |   | K | W | W | B | B  |
  +---+---+---+---+---+---+---+---+---+
 6  B |   |   |   | W |   |   |   | B  |
  +---+---+---+---+---+---+---+---+---+
 7    |   |   |   | W |   |   |   |    |
  +---+---+---+---+---+---+---+---+---+
 8    |   |   |   | B |   |   |   |    |
  +---+---+---+---+---+---+---+---+---+
 9    |   |   | B | B | B |   |   |    |
  +---+---+---+---+---+---+---+---+---+
It's your turn
Score=0
Move BLACK : a3 --> a2
After my move:

    A   B   C   D   E   F   G   H   I
  +---+---+---+---+---+---+---+---+---+
 1    |   |   | B | B | B |   |   |    |
  +---+---+---+---+---+---+---+---+---+
 2  B |   |   |   | B |   |   |   |    |
  +---+---+---+---+---+---+---+---+---+
 3    |   |   |   | W |   |   |   |    |
  +---+---+---+---+---+---+---+---+---+
 4    |   | W | W | W |   |   |   | B  |
  +---+---+---+---+---+---+---+---+---+
 5  B | B |   |   | K | W | W | B | B  |
  +---+---+---+---+---+---+---+---+---+
 6  B |   |   |   | W |   |   |   | B  |
  +---+---+---+---+---+---+---+---+---+
 7    |   |   |   | W |   |   |   |    |
  +---+---+---+---+---+---+---+---+---+
 8    |   |   |   | B |   |   |   |    |
  +---+---+---+---+---+---+---+---+---+
 9    |   |   | B | B | B |   |   |    |
  +---+---+---+---+---+---+---+---+---+
Current table:

    A   B   C   D   E   F   G   H   I
  +---+---+---+---+---+---+---+---+---+
 1    |   |   | B | B | B |   |   |    |
  +---+---+---+---+---+---+---+---+---+
 2  B |   |   |   | B |   |   |   |    |
  +---+---+---+---+---+---+---+---+---+
 3    |   | W |   | W |   |   |   |    |
  +---+---+---+---+---+---+---+---+---+
 4    |   |   | W | W |   |   |   | B  |
  +---+---+---+---+---+---+---+---+---+
 5  B | B |   |   | K | W | W | B | B  |
  +---+---+---+---+---+---+---+---+---+
 6  B |   |   |   | W |   |   |   | B  |
  +---+---+---+---+---+---+---+---+---+
 7    |   |   |   | W |   |   |   |    |
  +---+---+---+---+---+---+---+---+---+
 8    |   |   |   | B |   |   |   |    |
  +---+---+---+---+---+---+---+---+---+
 9    |   |   | B | B | B |   |   |    |
  +---+---+---+---+---+---+---+---+---+
It's your turn
Score=-1
Move BLACK : d1 --> d3
After my move:

    A   B   C   D   E   F   G   H   I
  +---+---+---+---+---+---+---+---+---+
 1    |   |   |   | B | B |   |   |    |
  +---+---+---+---+---+---+---+---+---+
 2  B |   |   |   | B |   |   |   |    |
  +---+---+---+---+---+---+---+---+---+
 3    |   | W | B | W |   |   |   |    |
  +---+---+---+---+---+---+---+---+---+
 4    |   |   | W | W |   |   |   | B  |
  +---+---+---+---+---+---+---+---+---+
 5  B | B |   |   | K | W | W | B | B  |
  +---+---+---+---+---+---+---+---+---+
 6  B |   |   |   | W |   |   |   | B  |
  +---+---+---+---+---+---+---+---+---+
 7    |   |   |   | W |   |   |   |    |
  +---+---+---+---+---+---+---+---+---+
 8    |   |   |   | B |   |   |   |    |
  +---+---+---+---+---+---+---+---+---+
 9    |   |   | B | B | B |   |   |    |
  +---+---+---+---+---+---+---+---+---+
Current table:

    A   B   C   D   E   F   G   H   I
  +---+---+---+---+---+---+---+---+---+
 1    |   |   |   | B | B |   |   |    |
  +---+---+---+---+---+---+---+---+---+
 2  B |   | W |   | B |   |   |   |    |
  +---+---+---+---+---+---+---+---+---+
 3    |   |   | B | W |   |   |   |    |
  +---+---+---+---+---+---+---+---+---+
 4    |   |   | W | W |   |   |   | B  |
  +---+---+---+---+---+---+---+---+---+
 5  B | B |   |   | K | W | W | B | B  |
  +---+---+---+---+---+---+---+---+---+
 6  B |   |   |   | W |   |   |   | B  |
  +---+---+---+---+---+---+---+---+---+
 7    |   |   |   | W |   |   |   |    |
  +---+---+---+---+---+---+---+---+---+
 8    |   |   |   | B |   |   |   |    |
  +---+---+---+---+---+---+---+---+---+
 9    |   |   | B | B | B |   |   |    |
  +---+---+---+---+---+---+---+---+---+
It's your turn
Score=-1
Move BLACK : b5 --> d5
After my move:

    A   B   C   D   E   F   G   H   I
  +---+---+---+---+---+---+---+---+---+
 1    |   |   |   | B | B |   |   |    |
  +---+---+---+---+---+---+---+---+---+
 2  B |   | W |   | B |   |   |   |    |
  +---+---+---+---+---+---+---+---+---+
 3    |   |   | B | W |   |   |   |    |
  +---+---+---+---+---+---+---+---+---+
 4    |   |   |   | W |   |   |   | B  |
  +---+---+---+---+---+---+---+---+---+
 5  B |   |   | B | K | W | W | B | B  |
  +---+---+---+---+---+---+---+---+---+
 6  B |   |   |   | W |   |   |   | B  |
  +---+---+---+---+---+---+---+---+---+
 7    |   |   |   | W |   |   |   |    |
  +---+---+---+---+---+---+---+---+---+
 8    |   |   |   | B |   |   |   |    |
  +---+---+---+---+---+---+---+---+---+
 9    |   |   | B | B | B |   |   |    |
  +---+---+---+---+---+---+---+---+---+
Current table:

    A   B   C   D   E   F   G   H   I
  +---+---+---+---+---+---+---+---+---+
 1    |   |   |   | B | B |   |   |    |
  +---+---+---+---+---+---+---+---+---+
 2  B |   |   |   | B |   |   |   |    |
  +---+---+---+---+---+---+---+---+---+
 3    |   | W |   | W |   |   |   |    |
  +---+---+---+---+---+---+---+---+---+
 4    |   |   |   | W |   |   |   | B  |
  +---+---+---+---+---+---+---+---+---+
 5  B |   |   | B | K | W | W | B | B  |
  +---+---+---+---+---+---+---+---+---+
 6  B |   |   |   | W |   |   |   | B  |
  +---+---+---+---+---+---+---+---+---+
 7    |   |   |   | W |   |   |   |    |
  +---+---+---+---+---+---+---+---+---+
 8    |   |   |   | B |   |   |   |    |
  +---+---+---+---+---+---+---+---+---+
 9    |   |   | B | B | B |   |   |    |
  +---+---+---+---+---+---+---+---+---+
It's your turn
Score=-1
Move BLACK : d5 --> d3
After my move:

    A   B   C   D   E   F   G   H   I
  +---+---+---+---+---+---+---+---+---+
 1    |   |   |   | B | B |   |   |    |
  +---+---+---+---+---+---+---+---+---+
 2  B |   |   |   | B |   |   |   |    |
  +---+---+---+---+---+---+---+---+---+
 3    |   | W | B | W |   |   |   |    |
  +---+---+---+---+---+---+---+---+---+
 4    |   |   |   | W |   |   |   | B  |
  +---+---+---+---+---+---+---+---+---+
 5  B |   |   |   | K | W | W | B | B  |
  +---+---+---+---+---+---+---+---+---+
 6  B |   |   |   | W |   |   |   | B  |
  +---+---+---+---+---+---+---+---+---+
 7    |   |   |   | W |   |   |   |    |
  +---+---+---+---+---+---+---+---+---+
 8    |   |   |   | B |   |   |   |    |
  +---+---+---+---+---+---+---+---+---+
 9    |   |   | B | B | B |   |   |    |
  +---+---+---+---+---+---+---+---+---+
Current table:

    A   B   C   D   E   F   G   H   I
  +---+---+---+---+---+---+---+---+---+
 1    |   |   |   | B | B |   |   |    |
  +---+---+---+---+---+---+---+---+---+
 2  B |   |   |   | B |   |   |   |    |
  +---+---+---+---+---+---+---+---+---+
 3    |   | W | B | W | W |   |   |    |
  +---+---+---+---+---+---+---+---+---+
 4    |   |   |   | W |   |   |   | B  |
  +---+---+---+---+---+---+---+---+---+
 5  B |   |   |   | K |   | W | B | B  |
  +---+---+---+---+---+---+---+---+---+
 6  B |   |   |   | W |   |   |   | B  |
  +---+---+---+---+---+---+---+---+---+
 7    |   |   |   | W |   |   |   |    |
  +---+---+---+---+---+---+---+---+---+
 8    |   |   |   | B |   |   |   |    |
  +---+---+---+---+---+---+---+---+---+
 9    |   |   | B | B | B |   |   |    |
  +---+---+---+---+---+---+---+---+---+
It's your turn
Score=-2
Move BLACK : f9 --> f5
After my move:

    A   B   C   D   E   F   G   H   I
  +---+---+---+---+---+---+---+---+---+
 1    |   |   |   | B | B |   |   |    |
  +---+---+---+---+---+---+---+---+---+
 2  B |   |   |   | B |   |   |   |    |
  +---+---+---+---+---+---+---+---+---+
 3    |   | W | B | W | W |   |   |    |
  +---+---+---+---+---+---+---+---+---+
 4    |   |   |   | W |   |   |   | B  |
  +---+---+---+---+---+---+---+---+---+
 5  B |   |   |   | K | B |   | B | B  |
  +---+---+---+---+---+---+---+---+---+
 6  B |   |   |   | W |   |   |   | B  |
  +---+---+---+---+---+---+---+---+---+
 7    |   |   |   | W |   |   |   |    |
  +---+---+---+---+---+---+---+---+---+
 8    |   |   |   | B |   |   |   |    |
  +---+---+---+---+---+---+---+---+---+
 9    |   |   | B | B |   |   |   |    |
  +---+---+---+---+---+---+---+---+---+
Current table:

    A   B   C   D   E   F   G   H   I
  +---+---+---+---+---+---+---+---+---+
 1    |   |   |   | B | B |   |   |    |
  +---+---+---+---+---+---+---+---+---+
 2  B |   | W |   | B |   |   |   |    |
  +---+---+---+---+---+---+---+---+---+
 3    |   |   | B | W | W |   |   |    |
  +---+---+---+---+---+---+---+---+---+
 4    |   |   |   | W |   |   |   | B  |
  +---+---+---+---+---+---+---+---+---+
 5  B |   |   |   | K | B |   | B | B  |
  +---+---+---+---+---+---+---+---+---+
 6  B |   |   |   | W |   |   |   | B  |
  +---+---+---+---+---+---+---+---+---+
 7    |   |   |   | W |   |   |   |    |
  +---+---+---+---+---+---+---+---+---+
 8    |   |   |   | B |   |   |   |    |
  +---+---+---+---+---+---+---+---+---+
 9    |   |   | B | B |   |   |   |    |
  +---+---+---+---+---+---+---+---+---+
It's your turn
Score=-2
Move BLACK : d9 --> d5
After my move:

    A   B   C   D   E   F   G   H   I
  +---+---+---+---+---+---+---+---+---+
 1    |   |   |   | B | B |   |   |    |
  +---+---+---+---+---+---+---+---+---+
 2  B |   | W |   | B |   |   |   |    |
  +---+---+---+---+---+---+---+---+---+
 3    |   |   | B | W | W |   |   |    |
  +---+---+---+---+---+---+---+---+---+
 4    |   |   |   | W |   |   |   | B  |
  +---+---+---+---+---+---+---+---+---+
 5  B |   |   | B | K | B |   | B | B  |
  +---+---+---+---+---+---+---+---+---+
 6  B |   |   |   | W |   |   |   | B  |
  +---+---+---+---+---+---+---+---+---+
 7    |   |   |   | W |   |   |   |    |
  +---+---+---+---+---+---+---+---+---+
 8    |   |   |   | B |   |   |   |    |
  +---+---+---+---+---+---+---+---+---+
 9    |   |   |   | B |   |   |   |    |
  +---+---+---+---+---+---+---+---+---+
Current table:

    A   B   C   D   E   F   G   H   I
  +---+---+---+---+---+---+---+---+---+
 1    |   | W |   | B | B |   |   |    |
  +---+---+---+---+---+---+---+---+---+
 2  B |   |   |   | B |   |   |   |    |
  +---+---+---+---+---+---+---+---+---+
 3    |   |   | B | W | W |   |   |    |
  +---+---+---+---+---+---+---+---+---+
 4    |   |   |   | W |   |   |   | B  |
  +---+---+---+---+---+---+---+---+---+
 5  B |   |   | B | K | B |   | B | B  |
  +---+---+---+---+---+---+---+---+---+
 6  B |   |   |   | W |   |   |   | B  |
  +---+---+---+---+---+---+---+---+---+
 7    |   |   |   | W |   |   |   |    |
  +---+---+---+---+---+---+---+---+---+
 8    |   |   |   | B |   |   |   |    |
  +---+---+---+---+---+---+---+---+---+
 9    |   |   |   | B |   |   |   |    |
  +---+---+---+---+---+---+---+---+---+
It's your turn
Score=-3
Move BLACK : a2 --> c2
After my move:

    A   B   C   D   E   F   G   H   I
  +---+---+---+---+---+---+---+---+---+
 1    |   | W |   | B | B |   |   |    |
  +---+---+---+---+---+---+---+---+---+
 2    |   | B |   | B |   |   |   |    |
  +---+---+---+---+---+---+---+---+---+
 3    |   |   | B | W | W |   |   |    |
  +---+---+---+---+---+---+---+---+---+
 4    |   |   |   | W |   |   |   | B  |
  +---+---+---+---+---+---+---+---+---+
 5  B |   |   | B | K | B |   | B | B  |
  +---+---+---+---+---+---+---+---+---+
 6  B |   |   |   | W |   |   |   | B  |
  +---+---+---+---+---+---+---+---+---+
 7    |   |   |   | W |   |   |   |    |
  +---+---+---+---+---+---+---+---+---+
 8    |   |   |   | B |   |   |   |    |
  +---+---+---+---+---+---+---+---+---+
 9    |   |   |   | B |   |   |   |    |
  +---+---+---+---+---+---+---+---+---+
Current table:

    A   B   C   D   E   F   G   H   I
  +---+---+---+---+---+---+---+---+---+
 1    | W |   |   | B | B |   |   |    |
  +---+---+---+---+---+---+---+---+---+
 2    |   | B |   | B |   |   |   |    |
  +---+---+---+---+---+---+---+---+---+
 3    |   |   | B | W | W |   |   |    |
  +---+---+---+---+---+---+---+---+---+
 4    |   |   |   | W |   |   |   | B  |
  +---+---+---+---+---+---+---+---+---+
 5  B |   |   | B | K | B |   | B | B  |
  +---+---+---+---+---+---+---+---+---+
 6  B |   |   |   | W |   |   |   | B  |
  +---+---+---+---+---+---+---+---+---+
 7    |   |   |   | W |   |   |   |    |
  +---+---+---+---+---+---+---+---+---+
 8    |   |   |   | B |   |   |   |    |
  +---+---+---+---+---+---+---+---+---+
 9    |   |   |   | B |   |   |   |    |
  +---+---+---+---+---+---+---+---+---+
It's your turn
Score=-4
Move BLACK : i4 --> g4
After my move:

    A   B   C   D   E   F   G   H   I
  +---+---+---+---+---+---+---+---+---+
 1    | W |   |   | B | B |   |   |    |
  +---+---+---+---+---+---+---+---+---+
 2    |   | B |   | B |   |   |   |    |
  +---+---+---+---+---+---+---+---+---+
 3    |   |   | B | W | W |   |   |    |
  +---+---+---+---+---+---+---+---+---+
 4    |   |   |   | W |   | B |   |    |
  +---+---+---+---+---+---+---+---+---+
 5  B |   |   | B | K | B |   | B | B  |
  +---+---+---+---+---+---+---+---+---+
 6  B |   |   |   | W |   |   |   | B  |
  +---+---+---+---+---+---+---+---+---+
 7    |   |   |   | W |   |   |   |    |
  +---+---+---+---+---+---+---+---+---+
 8    |   |   |   | B |   |   |   |    |
  +---+---+---+---+---+---+---+---+---+
 9    |   |   |   | B |   |   |   |    |
  +---+---+---+---+---+---+---+---+---+
Current table:

    A   B   C   D   E   F   G   H   I
  +---+---+---+---+---+---+---+---+---+
 1    |   | W |   | B | B |   |   |    |
  +---+---+---+---+---+---+---+---+---+
 2    |   | B |   | B |   |   |   |    |
  +---+---+---+---+---+---+---+---+---+
 3    |   |   | B | W | W |   |   |    |
  +---+---+---+---+---+---+---+---+---+
 4    |   |   |   | W |   | B |   |    |
  +---+---+---+---+---+---+---+---+---+
 5  B |   |   | B | K | B |   | B | B  |
  +---+---+---+---+---+---+---+---+---+
 6  B |   |   |   | W |   |   |   | B  |
  +---+---+---+---+---+---+---+---+---+
 7    |   |   |   | W |   |   |   |    |
  +---+---+---+---+---+---+---+---+---+
 8    |   |   |   | B |   |   |   |    |
  +---+---+---+---+---+---+---+---+---+
 9    |   |   |   | B |   |   |   |    |
  +---+---+---+---+---+---+---+---+---+
It's your turn
Score=-5
Move BLACK : i6 --> g6
After my move:

    A   B   C   D   E   F   G   H   I
  +---+---+---+---+---+---+---+---+---+
 1    |   | W |   | B | B |   |   |    |
  +---+---+---+---+---+---+---+---+---+
 2    |   | B |   | B |   |   |   |    |
  +---+---+---+---+---+---+---+---+---+
 3    |   |   | B | W | W |   |   |    |
  +---+---+---+---+---+---+---+---+---+
 4    |   |   |   | W |   | B |   |    |
  +---+---+---+---+---+---+---+---+---+
 5  B |   |   | B | K | B |   | B | B  |
  +---+---+---+---+---+---+---+---+---+
 6  B |   |   |   | W |   | B |   |    |
  +---+---+---+---+---+---+---+---+---+
 7    |   |   |   | W |   |   |   |    |
  +---+---+---+---+---+---+---+---+---+
 8    |   |   |   | B |   |   |   |    |
  +---+---+---+---+---+---+---+---+---+
 9    |   |   |   | B |   |   |   |    |
  +---+---+---+---+---+---+---+---+---+
Current table:

    A   B   C   D   E   F   G   H   I
  +---+---+---+---+---+---+---+---+---+
 1    | W |   |   | B | B |   |   |    |
  +---+---+---+---+---+---+---+---+---+
 2    |   | B |   | B |   |   |   |    |
  +---+---+---+---+---+---+---+---+---+
 3    |   |   | B | W | W |   |   |    |
  +---+---+---+---+---+---+---+---+---+
 4    |   |   |   | W |   | B |   |    |
  +---+---+---+---+---+---+---+---+---+
 5  B |   |   | B | K | B |   | B | B  |
  +---+---+---+---+---+---+---+---+---+
 6  B |   |   |   | W |   | B |   |    |
  +---+---+---+---+---+---+---+---+---+
 7    |   |   |   | W |   |   |   |    |
  +---+---+---+---+---+---+---+---+---+
 8    |   |   |   | B |   |   |   |    |
  +---+---+---+---+---+---+---+---+---+
 9    |   |   |   | B |   |   |   |    |
  +---+---+---+---+---+---+---+---+---+
It's your turn
Score=-5
Move BLACK : a6 --> b6
After my move:

    A   B   C   D   E   F   G   H   I
  +---+---+---+---+---+---+---+---+---+
 1    | W |   |   | B | B |   |   |    |
  +---+---+---+---+---+---+---+---+---+
 2    |   | B |   | B |   |   |   |    |
  +---+---+---+---+---+---+---+---+---+
 3    |   |   | B | W | W |   |   |    |
  +---+---+---+---+---+---+---+---+---+
 4    |   |   |   | W |   | B |   |    |
  +---+---+---+---+---+---+---+---+---+
 5  B |   |   | B | K | B |   | B | B  |
  +---+---+---+---+---+---+---+---+---+
 6    | B |   |   | W |   | B |   |    |
  +---+---+---+---+---+---+---+---+---+
 7    |   |   |   | W |   |   |   |    |
  +---+---+---+---+---+---+---+---+---+
 8    |   |   |   | B |   |   |   |    |
  +---+---+---+---+---+---+---+---+---+
 9    |   |   |   | B |   |   |   |    |
  +---+---+---+---+---+---+---+---+---+
Current table:

    A   B   C   D   E   F   G   H   I
  +---+---+---+---+---+---+---+---+---+
 1    |   | W |   | B | B |   |   |    |
  +---+---+---+---+---+---+---+---+---+
 2    |   | B |   | B |   |   |   |    |
  +---+---+---+---+---+---+---+---+---+
 3    |   |   | B | W | W |   |   |    |
  +---+---+---+---+---+---+---+---+---+
 4    |   |   |   | W |   | B |   |    |
  +---+---+---+---+---+---+---+---+---+
 5  B |   |   | B | K | B |   | B | B  |
  +---+---+---+---+---+---+---+---+---+
 6    | B |   |   | W |   | B |   |    |
  +---+---+---+---+---+---+---+---+---+
 7    |   |   |   | W |   |   |   |    |
  +---+---+---+---+---+---+---+---+---+
 8    |   |   |   | B |   |   |   |    |
  +---+---+---+---+---+---+---+---+---+
 9    |   |   |   | B |   |   |   |    |
  +---+---+---+---+---+---+---+---+---+
It's your turn
Score=-5
Move BLACK : b6 --> c6
After my move:

    A   B   C   D   E   F   G   H   I
  +---+---+---+---+---+---+---+---+---+
 1    |   | W |   | B | B |   |   |    |
  +---+---+---+---+---+---+---+---+---+
 2    |   | B |   | B |   |   |   |    |
  +---+---+---+---+---+---+---+---+---+
 3    |   |   | B | W | W |   |   |    |
  +---+---+---+---+---+---+---+---+---+
 4    |   |   |   | W |   | B |   |    |
  +---+---+---+---+---+---+---+---+---+
 5  B |   |   | B | K | B |   | B | B  |
  +---+---+---+---+---+---+---+---+---+
 6    |   | B |   | W |   | B |   |    |
  +---+---+---+---+---+---+---+---+---+
 7    |   |   |   | W |   |   |   |    |
  +---+---+---+---+---+---+---+---+---+
 8    |   |   |   | B |   |   |   |    |
  +---+---+---+---+---+---+---+---+---+
 9    |   |   |   | B |   |   |   |    |
  +---+---+---+---+---+---+---+---+---+
Current table:

    A   B   C   D   E   F   G   H   I
  +---+---+---+---+---+---+---+---+---+
 1    | W |   |   | B | B |   |   |    |
  +---+---+---+---+---+---+---+---+---+
 2    |   | B |   | B |   |   |   |    |
  +---+---+---+---+---+---+---+---+---+
 3    |   |   | B | W | W |   |   |    |
  +---+---+---+---+---+---+---+---+---+
 4    |   |   |   | W |   | B |   |    |
  +---+---+---+---+---+---+---+---+---+
 5  B |   |   | B | K | B |   | B | B  |
  +---+---+---+---+---+---+---+---+---+
 6    |   | B |   | W |   | B |   |    |
  +---+---+---+---+---+---+---+---+---+
 7    |   |   |   | W |   |   |   |    |
  +---+---+---+---+---+---+---+---+---+
 8    |   |   |   | B |   |   |   |    |
  +---+---+---+---+---+---+---+---+---+
 9    |   |   |   | B |   |   |   |    |
  +---+---+---+---+---+---+---+---+---+
It's your turn
Score=-5
Move BLACK : c2 --> c1
After my move:

    A   B   C   D   E   F   G   H   I
  +---+---+---+---+---+---+---+---+---+
 1    | W | B |   | B | B |   |   |    |
  +---+---+---+---+---+---+---+---+---+
 2    |   |   |   | B |   |   |   |    |
  +---+---+---+---+---+---+---+---+---+
 3    |   |   | B | W | W |   |   |    |
  +---+---+---+---+---+---+---+---+---+
 4    |   |   |   | W |   | B |   |    |
  +---+---+---+---+---+---+---+---+---+
 5  B |   |   | B | K | B |   | B | B  |
  +---+---+---+---+---+---+---+---+---+
 6    |   | B |   | W |   | B |   |    |
  +---+---+---+---+---+---+---+---+---+
 7    |   |   |   | W |   |   |   |    |
  +---+---+---+---+---+---+---+---+---+
 8    |   |   |   | B |   |   |   |    |
  +---+---+---+---+---+---+---+---+---+
 9    |   |   |   | B |   |   |   |    |
  +---+---+---+---+---+---+---+---+---+
Current table:

    A   B   C   D   E   F   G   H   I
  +---+---+---+---+---+---+---+---+---+
 1    |   | B |   | B | B |   |   |    |
  +---+---+---+---+---+---+---+---+---+
 2    | W |   |   | B |   |   |   |    |
  +---+---+---+---+---+---+---+---+---+
 3    |   |   | B | W | W |   |   |    |
  +---+---+---+---+---+---+---+---+---+
 4    |   |   |   | W |   | B |   |    |
  +---+---+---+---+---+---+---+---+---+
 5  B |   |   | B | K | B |   | B | B  |
  +---+---+---+---+---+---+---+---+---+
 6    |   | B |   | W |   | B |   |    |
  +---+---+---+---+---+---+---+---+---+
 7    |   |   |   | W |   |   |   |    |
  +---+---+---+---+---+---+---+---+---+
 8    |   |   |   | B |   |   |   |    |
  +---+---+---+---+---+---+---+---+---+
 9    |   |   |   | B |   |   |   |    |
  +---+---+---+---+---+---+---+---+---+
It's your turn
Score=-5
Move BLACK : c1 --> c2
After my move:

    A   B   C   D   E   F   G   H   I
  +---+---+---+---+---+---+---+---+---+
 1    |   |   |   | B | B |   |   |    |
  +---+---+---+---+---+---+---+---+---+
 2    | W | B |   | B |   |   |   |    |
  +---+---+---+---+---+---+---+---+---+
 3    |   |   | B | W | W |   |   |    |
  +---+---+---+---+---+---+---+---+---+
 4    |   |   |   | W |   | B |   |    |
  +---+---+---+---+---+---+---+---+---+
 5  B |   |   | B | K | B |   | B | B  |
  +---+---+---+---+---+---+---+---+---+
 6    |   | B |   | W |   | B |   |    |
  +---+---+---+---+---+---+---+---+---+
 7    |   |   |   | W |   |   |   |    |
  +---+---+---+---+---+---+---+---+---+
 8    |   |   |   | B |   |   |   |    |
  +---+---+---+---+---+---+---+---+---+
 9    |   |   |   | B |   |   |   |    |
  +---+---+---+---+---+---+---+---+---+
Current table:

    A   B   C   D   E   F   G   H   I
  +---+---+---+---+---+---+---+---+---+
 1    | W |   |   | B | B |   |   |    |
  +---+---+---+---+---+---+---+---+---+
 2    |   | B |   | B |   |   |   |    |
  +---+---+---+---+---+---+---+---+---+
 3    |   |   | B | W | W |   |   |    |
  +---+---+---+---+---+---+---+---+---+
 4    |   |   |   | W |   | B |   |    |
  +---+---+---+---+---+---+---+---+---+
 5  B |   |   | B | K | B |   | B | B  |
  +---+---+---+---+---+---+---+---+---+
 6    |   | B |   | W |   | B |   |    |
  +---+---+---+---+---+---+---+---+---+
 7    |   |   |   | W |   |   |   |    |
  +---+---+---+---+---+---+---+---+---+
 8    |   |   |   | B |   |   |   |    |
  +---+---+---+---+---+---+---+---+---+
 9    |   |   |   | B |   |   |   |    |
  +---+---+---+---+---+---+---+---+---+
It's a draw!
