usage: java Server
 -c,--cache <arg>           cache must be an integer, negative value means
                            infinite; default: infinite
 -e,--errors <arg>          errors must be an integer >= 0; default: 0
 -g,--enableGUI             enableGUI if option is present
 -r,--game rules <arg>      game rules must be an integer; 1 for Tablut, 2
                            for Modern, 3 for Brandub, 4 for Ashton;
                            default: 4
 -s,--repeatedState <arg>   repeatedStates must be an integer >= 0;
                            default: 0
 -t,--time <arg>            time must be an integer (number of seconds);
                            default: 60
/Users/pelle/Development/GitHub/tablut-challenge/games_executor/logs/1732887048501_systemLog.txt
Waiting for connections...
White player name:	random
Black player name:	flag-2
Clients connected..
Waiting for W...
Suggested move: Turn: W Pawn from f5 to f4
Stato:
OOOBBBOOO
OOOOBOOOO
OOOOWOOOO
BOOOWWOOB
BBWWKOWBB
BOOOWOOOB
OOOOWOOOO
OOOOBOOOO
OOOBBBOOO
-
B
Waiting for B...
Suggested move: Turn: B Pawn from i6 to f6
OOOBBBOOO
OOOOBOOOO
OOOOWOOOO
BOOOWWOOB
BBWWKOWBB
BOOOWOOOB
OOOOWOOOO
OOOOBOOOO
OOOBBBOOO
-
B
Stato:
OOOBBBOOO
OOOOBOOOO
OOOOWOOOO
BOOOWWOOB
BBWWKOWBB
BOOOWBOOO
OOOOWOOOO
OOOOBOOOO
OOOBBBOOO
-
W
Waiting for W...
Suggested move: Turn: W Pawn from c5 to c1
OOOBBBOOO
OOOOBOOOO
OOOOWOOOO
BOOOWWOOB
BBWWKOWBB
BOOOWOOOB
OOOOWOOOO
OOOOBOOOO
OOOBBBOOO
-
B
OOOBBBOOO
OOOOBOOOO
OOOOWOOOO
BOOOWWOOB
BBWWKOWBB
BOOOWBOOO
OOOOWOOOO
OOOOBOOOO
OOOBBBOOO
-
W
Stato:
OOWBBBOOO
OOOOBOOOO
OOOOWOOOO
BOOOWWOOB
BBOWKOWBB
BOOOWBOOO
OOOOWOOOO
OOOOBOOOO
OOOBBBOOO
-
B
Waiting for B...
Suggested move: Turn: B Pawn from i4 to g4
OOOBBBOOO
OOOOBOOOO
OOOOWOOOO
BOOOWWOOB
BBWWKOWBB
BOOOWOOOB
OOOOWOOOO
OOOOBOOOO
OOOBBBOOO
-
B
OOOBBBOOO
OOOOBOOOO
OOOOWOOOO
BOOOWWOOB
BBWWKOWBB
BOOOWBOOO
OOOOWOOOO
OOOOBOOOO
OOOBBBOOO
-
W
OOWBBBOOO
OOOOBOOOO
OOOOWOOOO
BOOOWWOOB
BBOWKOWBB
BOOOWBOOO
OOOOWOOOO
OOOOBOOOO
OOOBBBOOO
-
B
Stato:
OOWBBBOOO
OOOOBOOOO
OOOOWOOOO
BOOOWWBOO
BBOWKOWBB
BOOOWBOOO
OOOOWOOOO
OOOOBOOOO
OOOBBBOOO
-
W
Waiting for W...
Suggested move: Turn: W Pawn from e7 to a7
OOOBBBOOO
OOOOBOOOO
OOOOWOOOO
BOOOWWOOB
BBWWKOWBB
BOOOWOOOB
OOOOWOOOO
OOOOBOOOO
OOOBBBOOO
-
B
OOOBBBOOO
OOOOBOOOO
OOOOWOOOO
BOOOWWOOB
BBWWKOWBB
BOOOWBOOO
OOOOWOOOO
OOOOBOOOO
OOOBBBOOO
-
W
OOWBBBOOO
OOOOBOOOO
OOOOWOOOO
BOOOWWOOB
BBOWKOWBB
BOOOWBOOO
OOOOWOOOO
OOOOBOOOO
OOOBBBOOO
-
B
OOWBBBOOO
OOOOBOOOO
OOOOWOOOO
BOOOWWBOO
BBOWKOWBB
BOOOWBOOO
OOOOWOOOO
OOOOBOOOO
OOOBBBOOO
-
W
Stato:
OOWBBBOOO
OOOOBOOOO
OOOOWOOOO
BOOOWWBOO
BBOWKOWBB
BOOOWBOOO
WOOOOOOOO
OOOOBOOOO
OOOBBBOOO
-
B
Waiting for B...
Suggested move: Turn: B Pawn from f6 to g6
Stato:
OOWBBBOOO
OOOOBOOOO
OOOOWOOOO
BOOOWWBOO
BBOWKOOBB
BOOOWOBOO
WOOOOOOOO
OOOOBOOOO
OOOBBBOOO
-
W
Waiting for W...
Suggested move: Turn: W Pawn from f4 to f6
OOWBBBOOO
OOOOBOOOO
OOOOWOOOO
BOOOWWBOO
BBOWKOOBB
BOOOWOBOO
WOOOOOOOO
OOOOBOOOO
OOOBBBOOO
-
W
Stato:
OOWBBBOOO
OOOOBOOOO
OOOOWOOOO
BOOOWOBOO
BBOWKOOBB
BOOOWWBOO
WOOOOOOOO
OOOOBOOOO
OOOBBBOOO
-
B
Waiting for B...
Suggested move: Turn: B Pawn from h5 to f5
OOWBBBOOO
OOOOBOOOO
OOOOWOOOO
BOOOWWBOO
BBOWKOOBB
BOOOWOBOO
WOOOOOOOO
OOOOBOOOO
OOOBBBOOO
-
W
OOWBBBOOO
OOOOBOOOO
OOOOWOOOO
BOOOWOBOO
BBOWKOOBB
BOOOWWBOO
WOOOOOOOO
OOOOBOOOO
OOOBBBOOO
-
B
Stato:
OOWBBBOOO
OOOOBOOOO
OOOOWOOOO
BOOOWOBOO
BBOWKBOOB
BOOOWWBOO
WOOOOOOOO
OOOOBOOOO
OOOBBBOOO
-
W
Waiting for W...
Suggested move: Turn: W Pawn from e3 to c3
OOWBBBOOO
OOOOBOOOO
OOOOWOOOO
BOOOWWBOO
BBOWKOOBB
BOOOWOBOO
WOOOOOOOO
OOOOBOOOO
OOOBBBOOO
-
W
OOWBBBOOO
OOOOBOOOO
OOOOWOOOO
BOOOWOBOO
BBOWKOOBB
BOOOWWBOO
WOOOOOOOO
OOOOBOOOO
OOOBBBOOO
-
B
OOWBBBOOO
OOOOBOOOO
OOOOWOOOO
BOOOWOBOO
BBOWKBOOB
BOOOWWBOO
WOOOOOOOO
OOOOBOOOO
OOOBBBOOO
-
W
Stato:
OOWBBBOOO
OOOOBOOOO
OOWOOOOOO
BOOOWOBOO
BBOWKBOOB
BOOOWWBOO
WOOOOOOOO
OOOOBOOOO
OOOBBBOOO
-
B
Waiting for B...
Suggested move: Turn: B Pawn from f9 to f7
Stato:
OOWBBBOOO
OOOOBOOOO
OOWOOOOOO
BOOOWOBOO
BBOWKBOOB
BOOOWOBOO
WOOOOBOOO
OOOOBOOOO
OOOBBOOOO
-
W
Waiting for W...
Suggested move: Turn: W Pawn from d5 to d4
OOWBBBOOO
OOOOBOOOO
OOWOOOOOO
BOOOWOBOO
BBOWKBOOB
BOOOWOBOO
WOOOOBOOO
OOOOBOOOO
OOOBBOOOO
-
W
Stato:
OOWBBBOOO
OOOOBOOOO
OOWOOOOOO
BOOWWOBOO
BBOOKBOOB
BOOOWOBOO
WOOOOBOOO
OOOOBOOOO
OOOBBOOOO
-
B
Waiting for B...
Suggested move: Turn: B Pawn from f7 to e7
Stato:
OOWBBBOOO
OOOOBOOOO
OOWOOOOOO
BOOWWOBOO
BBOOKBOOB
BOOOOOBOO
WOOOBOOOO
OOOOBOOOO
OOOBBOOOO
-
W
Waiting for W...
Suggested move: Turn: W Pawn from d4 to d8
OOWBBBOOO
OOOOBOOOO
OOWOOOOOO
BOOWWOBOO
BBOOKBOOB
BOOOOOBOO
WOOOBOOOO
OOOOBOOOO
OOOBBOOOO
-
W
Stato:
OOWBBBOOO
OOOOBOOOO
OOWOOOOOO
BOOOWOBOO
BBOOKBOOB
BOOOOOBOO
WOOOBOOOO
OOOWBOOOO
OOOBBOOOO
-
B
Waiting for B...
Suggested move: Turn: B Pawn from e7 to d7
Stato:
OOWBBBOOO
OOOOBOOOO
OOWOOOOOO
BOOOWOBOO
BBOOKBOOB
BOOOOOBOO
WOOBOOOOO
OOOOBOOOO
OOOBBOOOO
-
W
Waiting for W...
Suggested move: Turn: W Pawn from c1 to b1
OOWBBBOOO
OOOOBOOOO
OOWOOOOOO
BOOOWOBOO
BBOOKBOOB
BOOOOOBOO
WOOBOOOOO
OOOOBOOOO
OOOBBOOOO
-
W
Stato:
OWOBBBOOO
OOOOBOOOO
OOWOOOOOO
BOOOWOBOO
BBOOKBOOB
BOOOOOBOO
WOOBOOOOO
OOOOBOOOO
OOOBBOOOO
-
B
Waiting for B...
Suggested move: Turn: B Pawn from g6 to b6
OOWBBBOOO
OOOOBOOOO
OOWOOOOOO
BOOOWOBOO
BBOOKBOOB
BOOOOOBOO
WOOBOOOOO
OOOOBOOOO
OOOBBOOOO
-
W
OWOBBBOOO
OOOOBOOOO
OOWOOOOOO
BOOOWOBOO
BBOOKBOOB
BOOOOOBOO
WOOBOOOOO
OOOOBOOOO
OOOBBOOOO
-
B
Stato:
OWOBBBOOO
OOOOBOOOO
OOWOOOOOO
BOOOWOBOO
BBOOKBOOB
BBOOOOOOO
WOOBOOOOO
OOOOBOOOO
OOOBBOOOO
-
W
Waiting for W...
Suggested move: Turn: W Pawn from e5 to c5
OOWBBBOOO
OOOOBOOOO
OOWOOOOOO
BOOOWOBOO
BBOOKBOOB
BOOOOOBOO
WOOBOOOOO
OOOOBOOOO
OOOBBOOOO
-
W
OWOBBBOOO
OOOOBOOOO
OOWOOOOOO
BOOOWOBOO
BBOOKBOOB
BOOOOOBOO
WOOBOOOOO
OOOOBOOOO
OOOBBOOOO
-
B
OWOBBBOOO
OOOOBOOOO
OOWOOOOOO
BOOOWOBOO
BBOOKBOOB
BBOOOOOOO
WOOBOOOOO
OOOOBOOOO
OOOBBOOOO
-
W
Stato:
OWOBBBOOO
OOOOBOOOO
OOWOOOOOO
BOOOWOBOO
BBKOTBOOB
BBOOOOOOO
WOOBOOOOO
OOOOBOOOO
OOOBBOOOO
-
B
Waiting for B...
Suggested move: Turn: B Pawn from g4 to f4
OOWBBBOOO
OOOOBOOOO
OOWOOOOOO
BOOOWOBOO
BBOOKBOOB
BOOOOOBOO
WOOBOOOOO
OOOOBOOOO
OOOBBOOOO
-
W
OWOBBBOOO
OOOOBOOOO
OOWOOOOOO
BOOOWOBOO
BBOOKBOOB
BOOOOOBOO
WOOBOOOOO
OOOOBOOOO
OOOBBOOOO
-
B
OWOBBBOOO
OOOOBOOOO
OOWOOOOOO
BOOOWOBOO
BBOOKBOOB
BBOOOOOOO
WOOBOOOOO
OOOOBOOOO
OOOBBOOOO
-
W
OWOBBBOOO
OOOOBOOOO
OOWOOOOOO
BOOOWOBOO
BBKOTBOOB
BBOOOOOOO
WOOBOOOOO
OOOOBOOOO
OOOBBOOOO
-
B
Stato:
OWOBBBOOO
OOOOBOOOO
OOWOOOOOO
BOOOWBOOO
BBKOTBOOB
BBOOOOOOO
WOOBOOOOO
OOOOBOOOO
OOOBBOOOO
-
W
Waiting for W...
Suggested move: Turn: W Pawn from c3 to f3
OOWBBBOOO
OOOOBOOOO
OOWOOOOOO
BOOOWOBOO
BBOOKBOOB
BOOOOOBOO
WOOBOOOOO
OOOOBOOOO
OOOBBOOOO
-
W
OWOBBBOOO
OOOOBOOOO
OOWOOOOOO
BOOOWOBOO
BBOOKBOOB
BOOOOOBOO
WOOBOOOOO
OOOOBOOOO
OOOBBOOOO
-
B
OWOBBBOOO
OOOOBOOOO
OOWOOOOOO
BOOOWOBOO
BBOOKBOOB
BBOOOOOOO
WOOBOOOOO
OOOOBOOOO
OOOBBOOOO
-
W
OWOBBBOOO
OOOOBOOOO
OOWOOOOOO
BOOOWOBOO
BBKOTBOOB
BBOOOOOOO
WOOBOOOOO
OOOOBOOOO
OOOBBOOOO
-
B
OWOBBBOOO
OOOOBOOOO
OOWOOOOOO
BOOOWBOOO
BBKOTBOOB
BBOOOOOOO
WOOBOOOOO
OOOOBOOOO
OOOBBOOOO
-
W
Stato:
OWOBBBOOO
OOOOBOOOO
OOOOOWOOO
BOOOWBOOO
BBKOTBOOB
BBOOOOOOO
WOOBOOOOO
OOOOBOOOO
OOOBBOOOO
-
B
Waiting for B...
Suggested move: Turn: B Pawn from f1 to f2
Stato:
OWOBBOOOO
OOOOBBOOO
OOOOOOOOO
BOOOWBOOO
BBKOTBOOB
BBOOOOOOO
WOOBOOOOO
OOOOBOOOO
OOOBBOOOO
-
W
Waiting for W...
Suggested move: Turn: W Pawn from c5 to d5
OWOBBOOOO
OOOOBBOOO
OOOOOOOOO
BOOOWBOOO
BBKOTBOOB
BBOOOOOOO
WOOBOOOOO
OOOOBOOOO
OOOBBOOOO
-
W
Stato:
OWOBBOOOO
OOOOBBOOO
OOOOOOOOO
BOOOWBOOO
BBOKTBOOB
BBOOOOOOO
WOOBOOOOO
OOOOBOOOO
OOOBBOOOO
-
B
Waiting for B...
Suggested move: Turn: B Pawn from f5 to f8
OWOBBOOOO
OOOOBBOOO
OOOOOOOOO
BOOOWBOOO
BBKOTBOOB
BBOOOOOOO
WOOBOOOOO
OOOOBOOOO
OOOBBOOOO
-
W
OWOBBOOOO
OOOOBBOOO
OOOOOOOOO
BOOOWBOOO
BBOKTBOOB
BBOOOOOOO
WOOBOOOOO
OOOOBOOOO
OOOBBOOOO
-
B
Stato:
OWOBBOOOO
OOOOBBOOO
OOOOOOOOO
BOOOWBOOO
BBOKTOOOB
BBOOOOOOO
WOOBOOOOO
OOOOBBOOO
OOOBBOOOO
-
W
Waiting for W...
Suggested move: Turn: W Pawn from a7 to c7
OWOBBOOOO
OOOOBBOOO
OOOOOOOOO
BOOOWBOOO
BBKOTBOOB
BBOOOOOOO
WOOBOOOOO
OOOOBOOOO
OOOBBOOOO
-
W
OWOBBOOOO
OOOOBBOOO
OOOOOOOOO
BOOOWBOOO
BBOKTBOOB
BBOOOOOOO
WOOBOOOOO
OOOOBOOOO
OOOBBOOOO
-
B
OWOBBOOOO
OOOOBBOOO
OOOOOOOOO
BOOOWBOOO
BBOKTOOOB
BBOOOOOOO
WOOBOOOOO
OOOOBBOOO
OOOBBOOOO
-
W
Stato:
OWOBBOOOO
OOOOBBOOO
OOOOOOOOO
BOOOWBOOO
BBOKTOOOB
BBOOOOOOO
OOWBOOOOO
OOOOBBOOO
OOOBBOOOO
-
B
Waiting for B...
Suggested move: Turn: B Pawn from f8 to i8
OWOBBOOOO
OOOOBBOOO
OOOOOOOOO
BOOOWBOOO
BBKOTBOOB
BBOOOOOOO
WOOBOOOOO
OOOOBOOOO
OOOBBOOOO
-
W
OWOBBOOOO
OOOOBBOOO
OOOOOOOOO
BOOOWBOOO
BBOKTBOOB
BBOOOOOOO
WOOBOOOOO
OOOOBOOOO
OOOBBOOOO
-
B
OWOBBOOOO
OOOOBBOOO
OOOOOOOOO
BOOOWBOOO
BBOKTOOOB
BBOOOOOOO
WOOBOOOOO
OOOOBBOOO
OOOBBOOOO
-
W
OWOBBOOOO
OOOOBBOOO
OOOOOOOOO
BOOOWBOOO
BBOKTOOOB
BBOOOOOOO
OOWBOOOOO
OOOOBBOOO
OOOBBOOOO
-
B
Stato:
OWOBBOOOO
OOOOBBOOO
OOOOOOOOO
BOOOWBOOO
BBOKTOOOB
BBOOOOOOO
OOWBOOOOO
OOOOBOOOB
OOOBBOOOO
-
W
Waiting for W...
Suggested move: Turn: W Pawn from d5 to d2
OWOBBOOOO
OOOOBBOOO
OOOOOOOOO
BOOOWBOOO
BBKOTBOOB
BBOOOOOOO
WOOBOOOOO
OOOOBOOOO
OOOBBOOOO
-
W
OWOBBOOOO
OOOOBBOOO
OOOOOOOOO
BOOOWBOOO
BBOKTBOOB
BBOOOOOOO
WOOBOOOOO
OOOOBOOOO
OOOBBOOOO
-
B
OWOBBOOOO
OOOOBBOOO
OOOOOOOOO
BOOOWBOOO
BBOKTOOOB
BBOOOOOOO
WOOBOOOOO
OOOOBBOOO
OOOBBOOOO
-
W
OWOBBOOOO
OOOOBBOOO
OOOOOOOOO
BOOOWBOOO
BBOKTOOOB
BBOOOOOOO
OOWBOOOOO
OOOOBBOOO
OOOBBOOOO
-
B
OWOBBOOOO
OOOOBBOOO
OOOOOOOOO
BOOOWBOOO
BBOKTOOOB
BBOOOOOOO
OOWBOOOOO
OOOOBOOOB
OOOBBOOOO
-
W
Stato:
OWOBBOOOO
OOOKBBOOO
OOOOOOOOO
BOOOWBOOO
BBOOTOOOB
BBOOOOOOO
OOWBOOOOO
OOOOBOOOB
OOOBBOOOO
-
B
Waiting for B...
Suggested move: Turn: B Pawn from i8 to f8
OWOBBOOOO
OOOOBBOOO
OOOOOOOOO
BOOOWBOOO
BBKOTBOOB
BBOOOOOOO
WOOBOOOOO
OOOOBOOOO
OOOBBOOOO
-
W
OWOBBOOOO
OOOOBBOOO
OOOOOOOOO
BOOOWBOOO
BBOKTBOOB
BBOOOOOOO
WOOBOOOOO
OOOOBOOOO
OOOBBOOOO
-
B
OWOBBOOOO
OOOOBBOOO
OOOOOOOOO
BOOOWBOOO
BBOKTOOOB
BBOOOOOOO
WOOBOOOOO
OOOOBBOOO
OOOBBOOOO
-
W
OWOBBOOOO
OOOOBBOOO
OOOOOOOOO
BOOOWBOOO
BBOKTOOOB
BBOOOOOOO
OOWBOOOOO
OOOOBBOOO
OOOBBOOOO
-
B
OWOBBOOOO
OOOOBBOOO
OOOOOOOOO
BOOOWBOOO
BBOKTOOOB
BBOOOOOOO
OOWBOOOOO
OOOOBOOOB
OOOBBOOOO
-
W
OWOBBOOOO
OOOKBBOOO
OOOOOOOOO
BOOOWBOOO
BBOOTOOOB
BBOOOOOOO
OOWBOOOOO
OOOOBOOOB
OOOBBOOOO
-
B
Stato:
OWOBBOOOO
OOOKBBOOO
OOOOOOOOO
BOOOWBOOO
BBOOTOOOB
BBOOOOOOO
OOWBOOOOO
OOOOBBOOO
OOOBBOOOO
-
W
Waiting for W...
Suggested move: Turn: W Pawn from e4 to c4
OWOBBOOOO
OOOOBBOOO
OOOOOOOOO
BOOOWBOOO
BBKOTBOOB
BBOOOOOOO
WOOBOOOOO
OOOOBOOOO
OOOBBOOOO
-
W
OWOBBOOOO
OOOOBBOOO
OOOOOOOOO
BOOOWBOOO
BBOKTBOOB
BBOOOOOOO
WOOBOOOOO
OOOOBOOOO
OOOBBOOOO
-
B
OWOBBOOOO
OOOOBBOOO
OOOOOOOOO
BOOOWBOOO
BBOKTOOOB
BBOOOOOOO
WOOBOOOOO
OOOOBBOOO
OOOBBOOOO
-
W
OWOBBOOOO
OOOOBBOOO
OOOOOOOOO
BOOOWBOOO
BBOKTOOOB
BBOOOOOOO
OOWBOOOOO
OOOOBBOOO
OOOBBOOOO
-
B
OWOBBOOOO
OOOOBBOOO
OOOOOOOOO
BOOOWBOOO
BBOKTOOOB
BBOOOOOOO
OOWBOOOOO
OOOOBOOOB
OOOBBOOOO
-
W
OWOBBOOOO
OOOKBBOOO
OOOOOOOOO
BOOOWBOOO
BBOOTOOOB
BBOOOOOOO
OOWBOOOOO
OOOOBOOOB
OOOBBOOOO
-
B
OWOBBOOOO
OOOKBBOOO
OOOOOOOOO
BOOOWBOOO
BBOOTOOOB
BBOOOOOOO
OOWBOOOOO
OOOOBBOOO
OOOBBOOOO
-
W
Stato:
OWOBBOOOO
OOOKBBOOO
OOOOOOOOO
BOWOOBOOO
BBOOTOOOB
BBOOOOOOO
OOWBOOOOO
OOOOBBOOO
OOOBBOOOO
-
B
Waiting for B...
Suggested move: Turn: B Pawn from f8 to i8
OWOBBOOOO
OOOOBBOOO
OOOOOOOOO
BOOOWBOOO
BBKOTBOOB
BBOOOOOOO
WOOBOOOOO
OOOOBOOOO
OOOBBOOOO
-
W
OWOBBOOOO
OOOOBBOOO
OOOOOOOOO
BOOOWBOOO
BBOKTBOOB
BBOOOOOOO
WOOBOOOOO
OOOOBOOOO
OOOBBOOOO
-
B
OWOBBOOOO
OOOOBBOOO
OOOOOOOOO
BOOOWBOOO
BBOKTOOOB
BBOOOOOOO
WOOBOOOOO
OOOOBBOOO
OOOBBOOOO
-
W
OWOBBOOOO
OOOOBBOOO
OOOOOOOOO
BOOOWBOOO
BBOKTOOOB
BBOOOOOOO
OOWBOOOOO
OOOOBBOOO
OOOBBOOOO
-
B
OWOBBOOOO
OOOOBBOOO
OOOOOOOOO
BOOOWBOOO
BBOKTOOOB
BBOOOOOOO
OOWBOOOOO
OOOOBOOOB
OOOBBOOOO
-
W
OWOBBOOOO
OOOKBBOOO
OOOOOOOOO
BOOOWBOOO
BBOOTOOOB
BBOOOOOOO
OOWBOOOOO
OOOOBOOOB
OOOBBOOOO
-
B
OWOBBOOOO
OOOKBBOOO
OOOOOOOOO
BOOOWBOOO
BBOOTOOOB
BBOOOOOOO
OOWBOOOOO
OOOOBBOOO
OOOBBOOOO
-
W
OWOBBOOOO
OOOKBBOOO
OOOOOOOOO
BOWOOBOOO
BBOOTOOOB
BBOOOOOOO
OOWBOOOOO
OOOOBBOOO
OOOBBOOOO
-
B
Stato:
OWOBBOOOO
OOOKBBOOO
OOOOOOOOO
BOWOOBOOO
BBOOTOOOB
BBOOOOOOO
OOWBOOOOO
OOOOBOOOB
OOOBBOOOO
-
W
Waiting for W...
Suggested move: Turn: W Pawn from c4 to c1
OWOBBOOOO
OOOOBBOOO
OOOOOOOOO
BOOOWBOOO
BBKOTBOOB
BBOOOOOOO
WOOBOOOOO
OOOOBOOOO
OOOBBOOOO
-
W
OWOBBOOOO
OOOOBBOOO
OOOOOOOOO
BOOOWBOOO
BBOKTBOOB
BBOOOOOOO
WOOBOOOOO
OOOOBOOOO
OOOBBOOOO
-
B
OWOBBOOOO
OOOOBBOOO
OOOOOOOOO
BOOOWBOOO
BBOKTOOOB
BBOOOOOOO
WOOBOOOOO
OOOOBBOOO
OOOBBOOOO
-
W
OWOBBOOOO
OOOOBBOOO
OOOOOOOOO
BOOOWBOOO
BBOKTOOOB
BBOOOOOOO
OOWBOOOOO
OOOOBBOOO
OOOBBOOOO
-
B
OWOBBOOOO
OOOOBBOOO
OOOOOOOOO
BOOOWBOOO
BBOKTOOOB
BBOOOOOOO
OOWBOOOOO
OOOOBOOOB
OOOBBOOOO
-
W
OWOBBOOOO
OOOKBBOOO
OOOOOOOOO
BOOOWBOOO
BBOOTOOOB
BBOOOOOOO
OOWBOOOOO
OOOOBOOOB
OOOBBOOOO
-
B
OWOBBOOOO
OOOKBBOOO
OOOOOOOOO
BOOOWBOOO
BBOOTOOOB
BBOOOOOOO
OOWBOOOOO
OOOOBBOOO
OOOBBOOOO
-
W
OWOBBOOOO
OOOKBBOOO
OOOOOOOOO
BOWOOBOOO
BBOOTOOOB
BBOOOOOOO
OOWBOOOOO
OOOOBBOOO
OOOBBOOOO
-
B
OWOBBOOOO
OOOKBBOOO
OOOOOOOOO
BOWOOBOOO
BBOOTOOOB
BBOOOOOOO
OOWBOOOOO
OOOOBOOOB
OOOBBOOOO
-
W
Stato:
OWWBBOOOO
OOOKBBOOO
OOOOOOOOO
BOOOOBOOO
BBOOTOOOB
BBOOOOOOO
OOWBOOOOO
OOOOBOOOB
OOOBBOOOO
-
B
Waiting for B...
Suggested move: Turn: B Pawn from i8 to f8
OWOBBOOOO
OOOOBBOOO
OOOOOOOOO
BOOOWBOOO
BBKOTBOOB
BBOOOOOOO
WOOBOOOOO
OOOOBOOOO
OOOBBOOOO
-
W
OWOBBOOOO
OOOOBBOOO
OOOOOOOOO
BOOOWBOOO
BBOKTBOOB
BBOOOOOOO
WOOBOOOOO
OOOOBOOOO
OOOBBOOOO
-
B
OWOBBOOOO
OOOOBBOOO
OOOOOOOOO
BOOOWBOOO
BBOKTOOOB
BBOOOOOOO
WOOBOOOOO
OOOOBBOOO
OOOBBOOOO
-
W
OWOBBOOOO
OOOOBBOOO
OOOOOOOOO
BOOOWBOOO
BBOKTOOOB
BBOOOOOOO
OOWBOOOOO
OOOOBBOOO
OOOBBOOOO
-
B
OWOBBOOOO
OOOOBBOOO
OOOOOOOOO
BOOOWBOOO
BBOKTOOOB
BBOOOOOOO
OOWBOOOOO
OOOOBOOOB
OOOBBOOOO
-
W
OWOBBOOOO
OOOKBBOOO
OOOOOOOOO
BOOOWBOOO
BBOOTOOOB
BBOOOOOOO
OOWBOOOOO
OOOOBOOOB
OOOBBOOOO
-
B
OWOBBOOOO
OOOKBBOOO
OOOOOOOOO
BOOOWBOOO
BBOOTOOOB
BBOOOOOOO
OOWBOOOOO
OOOOBBOOO
OOOBBOOOO
-
W
OWOBBOOOO
OOOKBBOOO
OOOOOOOOO
BOWOOBOOO
BBOOTOOOB
BBOOOOOOO
OOWBOOOOO
OOOOBBOOO
OOOBBOOOO
-
B
OWOBBOOOO
OOOKBBOOO
OOOOOOOOO
BOWOOBOOO
BBOOTOOOB
BBOOOOOOO
OOWBOOOOO
OOOOBOOOB
OOOBBOOOO
-
W
OWWBBOOOO
OOOKBBOOO
OOOOOOOOO
BOOOOBOOO
BBOOTOOOB
BBOOOOOOO
OOWBOOOOO
OOOOBOOOB
OOOBBOOOO
-
B
Stato:
OWWBBOOOO
OOOKBBOOO
OOOOOOOOO
BOOOOBOOO
BBOOTOOOB
BBOOOOOOO
OOWBOOOOO
OOOOBBOOO
OOOBBOOOO
-
W
Waiting for W...
Suggested move: Turn: W Pawn from d2 to d5
OWOBBOOOO
OOOOBBOOO
OOOOOOOOO
BOOOWBOOO
BBKOTBOOB
BBOOOOOOO
WOOBOOOOO
OOOOBOOOO
OOOBBOOOO
-
W
OWOBBOOOO
OOOOBBOOO
OOOOOOOOO
BOOOWBOOO
BBOKTBOOB
BBOOOOOOO
WOOBOOOOO
OOOOBOOOO
OOOBBOOOO
-
B
OWOBBOOOO
OOOOBBOOO
OOOOOOOOO
BOOOWBOOO
BBOKTOOOB
BBOOOOOOO
WOOBOOOOO
OOOOBBOOO
OOOBBOOOO
-
W
OWOBBOOOO
OOOOBBOOO
OOOOOOOOO
BOOOWBOOO
BBOKTOOOB
BBOOOOOOO
OOWBOOOOO
OOOOBBOOO
OOOBBOOOO
-
B
OWOBBOOOO
OOOOBBOOO
OOOOOOOOO
BOOOWBOOO
BBOKTOOOB
BBOOOOOOO
OOWBOOOOO
OOOOBOOOB
OOOBBOOOO
-
W
OWOBBOOOO
OOOKBBOOO
OOOOOOOOO
BOOOWBOOO
BBOOTOOOB
BBOOOOOOO
OOWBOOOOO
OOOOBOOOB
OOOBBOOOO
-
B
OWOBBOOOO
OOOKBBOOO
OOOOOOOOO
BOOOWBOOO
BBOOTOOOB
BBOOOOOOO
OOWBOOOOO
OOOOBBOOO
OOOBBOOOO
-
W
OWOBBOOOO
OOOKBBOOO
OOOOOOOOO
BOWOOBOOO
BBOOTOOOB
BBOOOOOOO
OOWBOOOOO
OOOOBBOOO
OOOBBOOOO
-
B
OWOBBOOOO
OOOKBBOOO
OOOOOOOOO
BOWOOBOOO
BBOOTOOOB
BBOOOOOOO
OOWBOOOOO
OOOOBOOOB
OOOBBOOOO
-
W
OWWBBOOOO
OOOKBBOOO
OOOOOOOOO
BOOOOBOOO
BBOOTOOOB
BBOOOOOOO
OOWBOOOOO
OOOOBOOOB
OOOBBOOOO
-
B
OWWBBOOOO
OOOKBBOOO
OOOOOOOOO
BOOOOBOOO
BBOOTOOOB
BBOOOOOOO
OOWBOOOOO
OOOOBBOOO
OOOBBOOOO
-
W
Stato:
OWWBBOOOO
OOOOBBOOO
OOOOOOOOO
BOOOOBOOO
BBOKTOOOB
BBOOOOOOO
OOWBOOOOO
OOOOBBOOO
OOOBBOOOO
-
B
Waiting for B...
Suggested move: Turn: B Pawn from f8 to i8
OWOBBOOOO
OOOOBBOOO
OOOOOOOOO
BOOOWBOOO
BBKOTBOOB
BBOOOOOOO
WOOBOOOOO
OOOOBOOOO
OOOBBOOOO
-
W
OWOBBOOOO
OOOOBBOOO
OOOOOOOOO
BOOOWBOOO
BBOKTBOOB
BBOOOOOOO
WOOBOOOOO
OOOOBOOOO
OOOBBOOOO
-
B
OWOBBOOOO
OOOOBBOOO
OOOOOOOOO
BOOOWBOOO
BBOKTOOOB
BBOOOOOOO
WOOBOOOOO
OOOOBBOOO
OOOBBOOOO
-
W
OWOBBOOOO
OOOOBBOOO
OOOOOOOOO
BOOOWBOOO
BBOKTOOOB
BBOOOOOOO
OOWBOOOOO
OOOOBBOOO
OOOBBOOOO
-
B
OWOBBOOOO
OOOOBBOOO
OOOOOOOOO
BOOOWBOOO
BBOKTOOOB
BBOOOOOOO
OOWBOOOOO
OOOOBOOOB
OOOBBOOOO
-
W
OWOBBOOOO
OOOKBBOOO
OOOOOOOOO
BOOOWBOOO
BBOOTOOOB
BBOOOOOOO
OOWBOOOOO
OOOOBOOOB
OOOBBOOOO
-
B
OWOBBOOOO
OOOKBBOOO
OOOOOOOOO
BOOOWBOOO
BBOOTOOOB
BBOOOOOOO
OOWBOOOOO
OOOOBBOOO
OOOBBOOOO
-
W
OWOBBOOOO
OOOKBBOOO
OOOOOOOOO
BOWOOBOOO
BBOOTOOOB
BBOOOOOOO
OOWBOOOOO
OOOOBBOOO
OOOBBOOOO
-
B
OWOBBOOOO
OOOKBBOOO
OOOOOOOOO
BOWOOBOOO
BBOOTOOOB
BBOOOOOOO
OOWBOOOOO
OOOOBOOOB
OOOBBOOOO
-
W
OWWBBOOOO
OOOKBBOOO
OOOOOOOOO
BOOOOBOOO
BBOOTOOOB
BBOOOOOOO
OOWBOOOOO
OOOOBOOOB
OOOBBOOOO
-
B
OWWBBOOOO
OOOKBBOOO
OOOOOOOOO
BOOOOBOOO
BBOOTOOOB
BBOOOOOOO
OOWBOOOOO
OOOOBBOOO
OOOBBOOOO
-
W
OWWBBOOOO
OOOOBBOOO
OOOOOOOOO
BOOOOBOOO
BBOKTOOOB
BBOOOOOOO
OOWBOOOOO
OOOOBBOOO
OOOBBOOOO
-
B
Stato:
OWWBBOOOO
OOOOBBOOO
OOOOOOOOO
BOOOOBOOO
BBOKTOOOB
BBOOOOOOO
OOWBOOOOO
OOOOBOOOB
OOOBBOOOO
-
W
Waiting for W...
Suggested move: Turn: W Pawn from c1 to c2
OWOBBOOOO
OOOOBBOOO
OOOOOOOOO
BOOOWBOOO
BBKOTBOOB
BBOOOOOOO
WOOBOOOOO
OOOOBOOOO
OOOBBOOOO
-
W
OWOBBOOOO
OOOOBBOOO
OOOOOOOOO
BOOOWBOOO
BBOKTBOOB
BBOOOOOOO
WOOBOOOOO
OOOOBOOOO
OOOBBOOOO
-
B
OWOBBOOOO
OOOOBBOOO
OOOOOOOOO
BOOOWBOOO
BBOKTOOOB
BBOOOOOOO
WOOBOOOOO
OOOOBBOOO
OOOBBOOOO
-
W
OWOBBOOOO
OOOOBBOOO
OOOOOOOOO
BOOOWBOOO
BBOKTOOOB
BBOOOOOOO
OOWBOOOOO
OOOOBBOOO
OOOBBOOOO
-
B
OWOBBOOOO
OOOOBBOOO
OOOOOOOOO
BOOOWBOOO
BBOKTOOOB
BBOOOOOOO
OOWBOOOOO
OOOOBOOOB
OOOBBOOOO
-
W
OWOBBOOOO
OOOKBBOOO
OOOOOOOOO
BOOOWBOOO
BBOOTOOOB
BBOOOOOOO
OOWBOOOOO
OOOOBOOOB
OOOBBOOOO
-
B
OWOBBOOOO
OOOKBBOOO
OOOOOOOOO
BOOOWBOOO
BBOOTOOOB
BBOOOOOOO
OOWBOOOOO
OOOOBBOOO
OOOBBOOOO
-
W
OWOBBOOOO
OOOKBBOOO
OOOOOOOOO
BOWOOBOOO
BBOOTOOOB
BBOOOOOOO
OOWBOOOOO
OOOOBBOOO
OOOBBOOOO
-
B
OWOBBOOOO
OOOKBBOOO
OOOOOOOOO
BOWOOBOOO
BBOOTOOOB
BBOOOOOOO
OOWBOOOOO
OOOOBOOOB
OOOBBOOOO
-
W
OWWBBOOOO
OOOKBBOOO
OOOOOOOOO
BOOOOBOOO
BBOOTOOOB
BBOOOOOOO
OOWBOOOOO
OOOOBOOOB
OOOBBOOOO
-
B
OWWBBOOOO
OOOKBBOOO
OOOOOOOOO
BOOOOBOOO
BBOOTOOOB
BBOOOOOOO
OOWBOOOOO
OOOOBBOOO
OOOBBOOOO
-
W
OWWBBOOOO
OOOOBBOOO
OOOOOOOOO
BOOOOBOOO
BBOKTOOOB
BBOOOOOOO
OOWBOOOOO
OOOOBBOOO
OOOBBOOOO
-
B
OWWBBOOOO
OOOOBBOOO
OOOOOOOOO
BOOOOBOOO
BBOKTOOOB
BBOOOOOOO
OOWBOOOOO
OOOOBOOOB
OOOBBOOOO
-
W
Stato:
OWOBBOOOO
OOWOBBOOO
OOOOOOOOO
BOOOOBOOO
BBOKTOOOB
BBOOOOOOO
OOWBOOOOO
OOOOBOOOB
OOOBBOOOO
-
B
Waiting for B...
Suggested move: Turn: B Pawn from i8 to f8
OWOBBOOOO
OOOOBBOOO
OOOOOOOOO
BOOOWBOOO
BBKOTBOOB
BBOOOOOOO
WOOBOOOOO
OOOOBOOOO
OOOBBOOOO
-
W
OWOBBOOOO
OOOOBBOOO
OOOOOOOOO
BOOOWBOOO
BBOKTBOOB
BBOOOOOOO
WOOBOOOOO
OOOOBOOOO
OOOBBOOOO
-
B
OWOBBOOOO
OOOOBBOOO
OOOOOOOOO
BOOOWBOOO
BBOKTOOOB
BBOOOOOOO
WOOBOOOOO
OOOOBBOOO
OOOBBOOOO
-
W
OWOBBOOOO
OOOOBBOOO
OOOOOOOOO
BOOOWBOOO
BBOKTOOOB
BBOOOOOOO
OOWBOOOOO
OOOOBBOOO
OOOBBOOOO
-
B
OWOBBOOOO
OOOOBBOOO
OOOOOOOOO
BOOOWBOOO
BBOKTOOOB
BBOOOOOOO
OOWBOOOOO
OOOOBOOOB
OOOBBOOOO
-
W
OWOBBOOOO
OOOKBBOOO
OOOOOOOOO
BOOOWBOOO
BBOOTOOOB
BBOOOOOOO
OOWBOOOOO
OOOOBOOOB
OOOBBOOOO
-
B
OWOBBOOOO
OOOKBBOOO
OOOOOOOOO
BOOOWBOOO
BBOOTOOOB
BBOOOOOOO
OOWBOOOOO
OOOOBBOOO
OOOBBOOOO
-
W
OWOBBOOOO
OOOKBBOOO
OOOOOOOOO
BOWOOBOOO
BBOOTOOOB
BBOOOOOOO
OOWBOOOOO
OOOOBBOOO
OOOBBOOOO
-
B
OWOBBOOOO
OOOKBBOOO
OOOOOOOOO
BOWOOBOOO
BBOOTOOOB
BBOOOOOOO
OOWBOOOOO
OOOOBOOOB
OOOBBOOOO
-
W
OWWBBOOOO
OOOKBBOOO
OOOOOOOOO
BOOOOBOOO
BBOOTOOOB
BBOOOOOOO
OOWBOOOOO
OOOOBOOOB
OOOBBOOOO
-
B
OWWBBOOOO
OOOKBBOOO
OOOOOOOOO
BOOOOBOOO
BBOOTOOOB
BBOOOOOOO
OOWBOOOOO
OOOOBBOOO
OOOBBOOOO
-
W
OWWBBOOOO
OOOOBBOOO
OOOOOOOOO
BOOOOBOOO
BBOKTOOOB
BBOOOOOOO
OOWBOOOOO
OOOOBBOOO
OOOBBOOOO
-
B
OWWBBOOOO
OOOOBBOOO
OOOOOOOOO
BOOOOBOOO
BBOKTOOOB
BBOOOOOOO
OOWBOOOOO
OOOOBOOOB
OOOBBOOOO
-
W
OWOBBOOOO
OOWOBBOOO
OOOOOOOOO
BOOOOBOOO
BBOKTOOOB
BBOOOOOOO
OOWBOOOOO
OOOOBOOOB
OOOBBOOOO
-
B
Stato:
OWOBBOOOO
OOWOBBOOO
OOOOOOOOO
BOOOOBOOO
BBOKTOOOB
BBOOOOOOO
OOWBOOOOO
OOOOBBOOO
OOOBBOOOO
-
W
Waiting for W...
Suggested move: Turn: W Pawn from d5 to d6
OWOBBOOOO
OOOOBBOOO
OOOOOOOOO
BOOOWBOOO
BBKOTBOOB
BBOOOOOOO
WOOBOOOOO
OOOOBOOOO
OOOBBOOOO
-
W
OWOBBOOOO
OOOOBBOOO
OOOOOOOOO
BOOOWBOOO
BBOKTBOOB
BBOOOOOOO
WOOBOOOOO
OOOOBOOOO
OOOBBOOOO
-
B
OWOBBOOOO
OOOOBBOOO
OOOOOOOOO
BOOOWBOOO
BBOKTOOOB
BBOOOOOOO
WOOBOOOOO
OOOOBBOOO
OOOBBOOOO
-
W
OWOBBOOOO
OOOOBBOOO
OOOOOOOOO
BOOOWBOOO
BBOKTOOOB
BBOOOOOOO
OOWBOOOOO
OOOOBBOOO
OOOBBOOOO
-
B
OWOBBOOOO
OOOOBBOOO
OOOOOOOOO
BOOOWBOOO
BBOKTOOOB
BBOOOOOOO
OOWBOOOOO
OOOOBOOOB
OOOBBOOOO
-
W
OWOBBOOOO
OOOKBBOOO
OOOOOOOOO
BOOOWBOOO
BBOOTOOOB
BBOOOOOOO
OOWBOOOOO
OOOOBOOOB
OOOBBOOOO
-
B
OWOBBOOOO
OOOKBBOOO
OOOOOOOOO
BOOOWBOOO
BBOOTOOOB
BBOOOOOOO
OOWBOOOOO
OOOOBBOOO
OOOBBOOOO
-
W
OWOBBOOOO
OOOKBBOOO
OOOOOOOOO
BOWOOBOOO
BBOOTOOOB
BBOOOOOOO
OOWBOOOOO
OOOOBBOOO
OOOBBOOOO
-
B
OWOBBOOOO
OOOKBBOOO
OOOOOOOOO
BOWOOBOOO
BBOOTOOOB
BBOOOOOOO
OOWBOOOOO
OOOOBOOOB
OOOBBOOOO
-
W
OWWBBOOOO
OOOKBBOOO
OOOOOOOOO
BOOOOBOOO
BBOOTOOOB
BBOOOOOOO
OOWBOOOOO
OOOOBOOOB
OOOBBOOOO
-
B
OWWBBOOOO
OOOKBBOOO
OOOOOOOOO
BOOOOBOOO
BBOOTOOOB
BBOOOOOOO
OOWBOOOOO
OOOOBBOOO
OOOBBOOOO
-
W
OWWBBOOOO
OOOOBBOOO
OOOOOOOOO
BOOOOBOOO
BBOKTOOOB
BBOOOOOOO
OOWBOOOOO
OOOOBBOOO
OOOBBOOOO
-
B
OWWBBOOOO
OOOOBBOOO
OOOOOOOOO
BOOOOBOOO
BBOKTOOOB
BBOOOOOOO
OOWBOOOOO
OOOOBOOOB
OOOBBOOOO
-
W
OWOBBOOOO
OOWOBBOOO
OOOOOOOOO
BOOOOBOOO
BBOKTOOOB
BBOOOOOOO
OOWBOOOOO
OOOOBOOOB
OOOBBOOOO
-
B
OWOBBOOOO
OOWOBBOOO
OOOOOOOOO
BOOOOBOOO
BBOKTOOOB
BBOOOOOOO
OOWBOOOOO
OOOOBBOOO
OOOBBOOOO
-
W
Stato:
OWOBBOOOO
OOWOBBOOO
OOOOOOOOO
BOOOOBOOO
BBOOTOOOB
BBOKOOOOO
OOWBOOOOO
OOOOBBOOO
OOOBBOOOO
-
B
Waiting for B...
Suggested move: Turn: B Pawn from f8 to i8
OWOBBOOOO
OOOOBBOOO
OOOOOOOOO
BOOOWBOOO
BBKOTBOOB
BBOOOOOOO
WOOBOOOOO
OOOOBOOOO
OOOBBOOOO
-
W
OWOBBOOOO
OOOOBBOOO
OOOOOOOOO
BOOOWBOOO
BBOKTBOOB
BBOOOOOOO
WOOBOOOOO
OOOOBOOOO
OOOBBOOOO
-
B
OWOBBOOOO
OOOOBBOOO
OOOOOOOOO
BOOOWBOOO
BBOKTOOOB
BBOOOOOOO
WOOBOOOOO
OOOOBBOOO
OOOBBOOOO
-
W
OWOBBOOOO
OOOOBBOOO
OOOOOOOOO
BOOOWBOOO
BBOKTOOOB
BBOOOOOOO
OOWBOOOOO
OOOOBBOOO
OOOBBOOOO
-
B
OWOBBOOOO
OOOOBBOOO
OOOOOOOOO
BOOOWBOOO
BBOKTOOOB
BBOOOOOOO
OOWBOOOOO
OOOOBOOOB
OOOBBOOOO
-
W
OWOBBOOOO
OOOKBBOOO
OOOOOOOOO
BOOOWBOOO
BBOOTOOOB
BBOOOOOOO
OOWBOOOOO
OOOOBOOOB
OOOBBOOOO
-
B
OWOBBOOOO
OOOKBBOOO
OOOOOOOOO
BOOOWBOOO
BBOOTOOOB
BBOOOOOOO
OOWBOOOOO
OOOOBBOOO
OOOBBOOOO
-
W
OWOBBOOOO
OOOKBBOOO
OOOOOOOOO
BOWOOBOOO
BBOOTOOOB
BBOOOOOOO
OOWBOOOOO
OOOOBBOOO
OOOBBOOOO
-
B
OWOBBOOOO
OOOKBBOOO
OOOOOOOOO
BOWOOBOOO
BBOOTOOOB
BBOOOOOOO
OOWBOOOOO
OOOOBOOOB
OOOBBOOOO
-
W
OWWBBOOOO
OOOKBBOOO
OOOOOOOOO
BOOOOBOOO
BBOOTOOOB
BBOOOOOOO
OOWBOOOOO
OOOOBOOOB
OOOBBOOOO
-
B
OWWBBOOOO
OOOKBBOOO
OOOOOOOOO
BOOOOBOOO
BBOOTOOOB
BBOOOOOOO
OOWBOOOOO
OOOOBBOOO
OOOBBOOOO
-
W
OWWBBOOOO
OOOOBBOOO
OOOOOOOOO
BOOOOBOOO
BBOKTOOOB
BBOOOOOOO
OOWBOOOOO
OOOOBBOOO
OOOBBOOOO
-
B
OWWBBOOOO
OOOOBBOOO
OOOOOOOOO
BOOOOBOOO
BBOKTOOOB
BBOOOOOOO
OOWBOOOOO
OOOOBOOOB
OOOBBOOOO
-
W
OWOBBOOOO
OOWOBBOOO
OOOOOOOOO
BOOOOBOOO
BBOKTOOOB
BBOOOOOOO
OOWBOOOOO
OOOOBOOOB
OOOBBOOOO
-
B
OWOBBOOOO
OOWOBBOOO
OOOOOOOOO
BOOOOBOOO
BBOKTOOOB
BBOOOOOOO
OOWBOOOOO
OOOOBBOOO
OOOBBOOOO
-
W
OWOBBOOOO
OOWOBBOOO
OOOOOOOOO
BOOOOBOOO
BBOOTOOOB
BBOKOOOOO
OOWBOOOOO
OOOOBBOOO
OOOBBOOOO
-
B
Stato:
OWOBBOOOO
OOWOBBOOO
OOOOOOOOO
BOOOOBOOO
BBOOTOOOB
BBOKOOOOO
OOWBOOOOO
OOOOBOOOB
OOOBBOOOO
-
W
Waiting for W...
Suggested move: Turn: W Pawn from c2 to c3
OWOBBOOOO
OOOOBBOOO
OOOOOOOOO
BOOOWBOOO
BBKOTBOOB
BBOOOOOOO
WOOBOOOOO
OOOOBOOOO
OOOBBOOOO
-
W
OWOBBOOOO
OOOOBBOOO
OOOOOOOOO
BOOOWBOOO
BBOKTBOOB
BBOOOOOOO
WOOBOOOOO
OOOOBOOOO
OOOBBOOOO
-
B
OWOBBOOOO
OOOOBBOOO
OOOOOOOOO
BOOOWBOOO
BBOKTOOOB
BBOOOOOOO
WOOBOOOOO
OOOOBBOOO
OOOBBOOOO
-
W
OWOBBOOOO
OOOOBBOOO
OOOOOOOOO
BOOOWBOOO
BBOKTOOOB
BBOOOOOOO
OOWBOOOOO
OOOOBBOOO
OOOBBOOOO
-
B
OWOBBOOOO
OOOOBBOOO
OOOOOOOOO
BOOOWBOOO
BBOKTOOOB
BBOOOOOOO
OOWBOOOOO
OOOOBOOOB
OOOBBOOOO
-
W
OWOBBOOOO
OOOKBBOOO
OOOOOOOOO
BOOOWBOOO
BBOOTOOOB
BBOOOOOOO
OOWBOOOOO
OOOOBOOOB
OOOBBOOOO
-
B
OWOBBOOOO
OOOKBBOOO
OOOOOOOOO
BOOOWBOOO
BBOOTOOOB
BBOOOOOOO
OOWBOOOOO
OOOOBBOOO
OOOBBOOOO
-
W
OWOBBOOOO
OOOKBBOOO
OOOOOOOOO
BOWOOBOOO
BBOOTOOOB
BBOOOOOOO
OOWBOOOOO
OOOOBBOOO
OOOBBOOOO
-
B
OWOBBOOOO
OOOKBBOOO
OOOOOOOOO
BOWOOBOOO
BBOOTOOOB
BBOOOOOOO
OOWBOOOOO
OOOOBOOOB
OOOBBOOOO
-
W
OWWBBOOOO
OOOKBBOOO
OOOOOOOOO
BOOOOBOOO
BBOOTOOOB
BBOOOOOOO
OOWBOOOOO
OOOOBOOOB
OOOBBOOOO
-
B
OWWBBOOOO
OOOKBBOOO
OOOOOOOOO
BOOOOBOOO
BBOOTOOOB
BBOOOOOOO
OOWBOOOOO
OOOOBBOOO
OOOBBOOOO
-
W
OWWBBOOOO
OOOOBBOOO
OOOOOOOOO
BOOOOBOOO
BBOKTOOOB
BBOOOOOOO
OOWBOOOOO
OOOOBBOOO
OOOBBOOOO
-
B
OWWBBOOOO
OOOOBBOOO
OOOOOOOOO
BOOOOBOOO
BBOKTOOOB
BBOOOOOOO
OOWBOOOOO
OOOOBOOOB
OOOBBOOOO
-
W
OWOBBOOOO
OOWOBBOOO
OOOOOOOOO
BOOOOBOOO
BBOKTOOOB
BBOOOOOOO
OOWBOOOOO
OOOOBOOOB
OOOBBOOOO
-
B
OWOBBOOOO
OOWOBBOOO
OOOOOOOOO
BOOOOBOOO
BBOKTOOOB
BBOOOOOOO
OOWBOOOOO
OOOOBBOOO
OOOBBOOOO
-
W
OWOBBOOOO
OOWOBBOOO
OOOOOOOOO
BOOOOBOOO
BBOOTOOOB
BBOKOOOOO
OOWBOOOOO
OOOOBBOOO
OOOBBOOOO
-
B
OWOBBOOOO
OOWOBBOOO
OOOOOOOOO
BOOOOBOOO
BBOOTOOOB
BBOKOOOOO
OOWBOOOOO
OOOOBOOOB
OOOBBOOOO
-
W
Stato:
OWOBBOOOO
OOOOBBOOO
OOWOOOOOO
BOOOOBOOO
BBOOTOOOB
BBOKOOOOO
OOWBOOOOO
OOOOBOOOB
OOOBBOOOO
-
B
Waiting for B...
Suggested move: Turn: B Pawn from i8 to f8
OWOBBOOOO
OOOOBBOOO
OOOOOOOOO
BOOOWBOOO
BBKOTBOOB
BBOOOOOOO
WOOBOOOOO
OOOOBOOOO
OOOBBOOOO
-
W
OWOBBOOOO
OOOOBBOOO
OOOOOOOOO
BOOOWBOOO
BBOKTBOOB
BBOOOOOOO
WOOBOOOOO
OOOOBOOOO
OOOBBOOOO
-
B
OWOBBOOOO
OOOOBBOOO
OOOOOOOOO
BOOOWBOOO
BBOKTOOOB
BBOOOOOOO
WOOBOOOOO
OOOOBBOOO
OOOBBOOOO
-
W
OWOBBOOOO
OOOOBBOOO
OOOOOOOOO
BOOOWBOOO
BBOKTOOOB
BBOOOOOOO
OOWBOOOOO
OOOOBBOOO
OOOBBOOOO
-
B
OWOBBOOOO
OOOOBBOOO
OOOOOOOOO
BOOOWBOOO
BBOKTOOOB
BBOOOOOOO
OOWBOOOOO
OOOOBOOOB
OOOBBOOOO
-
W
OWOBBOOOO
OOOKBBOOO
OOOOOOOOO
BOOOWBOOO
BBOOTOOOB
BBOOOOOOO
OOWBOOOOO
OOOOBOOOB
OOOBBOOOO
-
B
OWOBBOOOO
OOOKBBOOO
OOOOOOOOO
BOOOWBOOO
BBOOTOOOB
BBOOOOOOO
OOWBOOOOO
OOOOBBOOO
OOOBBOOOO
-
W
OWOBBOOOO
OOOKBBOOO
OOOOOOOOO
BOWOOBOOO
BBOOTOOOB
BBOOOOOOO
OOWBOOOOO
OOOOBBOOO
OOOBBOOOO
-
B
OWOBBOOOO
OOOKBBOOO
OOOOOOOOO
BOWOOBOOO
BBOOTOOOB
BBOOOOOOO
OOWBOOOOO
OOOOBOOOB
OOOBBOOOO
-
W
OWWBBOOOO
OOOKBBOOO
OOOOOOOOO
BOOOOBOOO
BBOOTOOOB
BBOOOOOOO
OOWBOOOOO
OOOOBOOOB
OOOBBOOOO
-
B
OWWBBOOOO
OOOKBBOOO
OOOOOOOOO
BOOOOBOOO
BBOOTOOOB
BBOOOOOOO
OOWBOOOOO
OOOOBBOOO
OOOBBOOOO
-
W
OWWBBOOOO
OOOOBBOOO
OOOOOOOOO
BOOOOBOOO
BBOKTOOOB
BBOOOOOOO
OOWBOOOOO
OOOOBBOOO
OOOBBOOOO
-
B
OWWBBOOOO
OOOOBBOOO
OOOOOOOOO
BOOOOBOOO
BBOKTOOOB
BBOOOOOOO
OOWBOOOOO
OOOOBOOOB
OOOBBOOOO
-
W
OWOBBOOOO
OOWOBBOOO
OOOOOOOOO
BOOOOBOOO
BBOKTOOOB
BBOOOOOOO
OOWBOOOOO
OOOOBOOOB
OOOBBOOOO
-
B
OWOBBOOOO
OOWOBBOOO
OOOOOOOOO
BOOOOBOOO
BBOKTOOOB
BBOOOOOOO
OOWBOOOOO
OOOOBBOOO
OOOBBOOOO
-
W
OWOBBOOOO
OOWOBBOOO
OOOOOOOOO
BOOOOBOOO
BBOOTOOOB
BBOKOOOOO
OOWBOOOOO
OOOOBBOOO
OOOBBOOOO
-
B
OWOBBOOOO
OOWOBBOOO
OOOOOOOOO
BOOOOBOOO
BBOOTOOOB
BBOKOOOOO
OOWBOOOOO
OOOOBOOOB
OOOBBOOOO
-
W
OWOBBOOOO
OOOOBBOOO
OOWOOOOOO
BOOOOBOOO
BBOOTOOOB
BBOKOOOOO
OOWBOOOOO
OOOOBOOOB
OOOBBOOOO
-
B
Stato:
OWOBBOOOO
OOOOBBOOO
OOWOOOOOO
BOOOOBOOO
BBOOTOOOB
BBOKOOOOO
OOWBOOOOO
OOOOBBOOO
OOOBBOOOO
-
W
Waiting for W...
Suggested move: Turn: W Pawn from b1 to c1
OWOBBOOOO
OOOOBBOOO
OOOOOOOOO
BOOOWBOOO
BBKOTBOOB
BBOOOOOOO
WOOBOOOOO
OOOOBOOOO
OOOBBOOOO
-
W
OWOBBOOOO
OOOOBBOOO
OOOOOOOOO
BOOOWBOOO
BBOKTBOOB
BBOOOOOOO
WOOBOOOOO
OOOOBOOOO
OOOBBOOOO
-
B
OWOBBOOOO
OOOOBBOOO
OOOOOOOOO
BOOOWBOOO
BBOKTOOOB
BBOOOOOOO
WOOBOOOOO
OOOOBBOOO
OOOBBOOOO
-
W
OWOBBOOOO
OOOOBBOOO
OOOOOOOOO
BOOOWBOOO
BBOKTOOOB
BBOOOOOOO
OOWBOOOOO
OOOOBBOOO
OOOBBOOOO
-
B
OWOBBOOOO
OOOOBBOOO
OOOOOOOOO
BOOOWBOOO
BBOKTOOOB
BBOOOOOOO
OOWBOOOOO
OOOOBOOOB
OOOBBOOOO
-
W
OWOBBOOOO
OOOKBBOOO
OOOOOOOOO
BOOOWBOOO
BBOOTOOOB
BBOOOOOOO
OOWBOOOOO
OOOOBOOOB
OOOBBOOOO
-
B
OWOBBOOOO
OOOKBBOOO
OOOOOOOOO
BOOOWBOOO
BBOOTOOOB
BBOOOOOOO
OOWBOOOOO
OOOOBBOOO
OOOBBOOOO
-
W
OWOBBOOOO
OOOKBBOOO
OOOOOOOOO
BOWOOBOOO
BBOOTOOOB
BBOOOOOOO
OOWBOOOOO
OOOOBBOOO
OOOBBOOOO
-
B
OWOBBOOOO
OOOKBBOOO
OOOOOOOOO
BOWOOBOOO
BBOOTOOOB
BBOOOOOOO
OOWBOOOOO
OOOOBOOOB
OOOBBOOOO
-
W
OWWBBOOOO
OOOKBBOOO
OOOOOOOOO
BOOOOBOOO
BBOOTOOOB
BBOOOOOOO
OOWBOOOOO
OOOOBOOOB
OOOBBOOOO
-
B
OWWBBOOOO
OOOKBBOOO
OOOOOOOOO
BOOOOBOOO
BBOOTOOOB
BBOOOOOOO
OOWBOOOOO
OOOOBBOOO
OOOBBOOOO
-
W
OWWBBOOOO
OOOOBBOOO
OOOOOOOOO
BOOOOBOOO
BBOKTOOOB
BBOOOOOOO
OOWBOOOOO
OOOOBBOOO
OOOBBOOOO
-
B
OWWBBOOOO
OOOOBBOOO
OOOOOOOOO
BOOOOBOOO
BBOKTOOOB
BBOOOOOOO
OOWBOOOOO
OOOOBOOOB
OOOBBOOOO
-
W
OWOBBOOOO
OOWOBBOOO
OOOOOOOOO
BOOOOBOOO
BBOKTOOOB
BBOOOOOOO
OOWBOOOOO
OOOOBOOOB
OOOBBOOOO
-
B
OWOBBOOOO
OOWOBBOOO
OOOOOOOOO
BOOOOBOOO
BBOKTOOOB
BBOOOOOOO
OOWBOOOOO
OOOOBBOOO
OOOBBOOOO
-
W
OWOBBOOOO
OOWOBBOOO
OOOOOOOOO
BOOOOBOOO
BBOOTOOOB
BBOKOOOOO
OOWBOOOOO
OOOOBBOOO
OOOBBOOOO
-
B
OWOBBOOOO
OOWOBBOOO
OOOOOOOOO
BOOOOBOOO
BBOOTOOOB
BBOKOOOOO
OOWBOOOOO
OOOOBOOOB
OOOBBOOOO
-
W
OWOBBOOOO
OOOOBBOOO
OOWOOOOOO
BOOOOBOOO
BBOOTOOOB
BBOKOOOOO
OOWBOOOOO
OOOOBOOOB
OOOBBOOOO
-
B
OWOBBOOOO
OOOOBBOOO
OOWOOOOOO
BOOOOBOOO
BBOOTOOOB
BBOKOOOOO
OOWBOOOOO
OOOOBBOOO
OOOBBOOOO
-
W
Stato:
OOWBBOOOO
OOOOBBOOO
OOWOOOOOO
BOOOOBOOO
BBOOTOOOB
BBOKOOOOO
OOWBOOOOO
OOOOBBOOO
OOOBBOOOO
-
B
Waiting for B...
Suggested move: Turn: B Pawn from f8 to i8
OWOBBOOOO
OOOOBBOOO
OOOOOOOOO
BOOOWBOOO
BBKOTBOOB
BBOOOOOOO
WOOBOOOOO
OOOOBOOOO
OOOBBOOOO
-
W
OWOBBOOOO
OOOOBBOOO
OOOOOOOOO
BOOOWBOOO
BBOKTBOOB
BBOOOOOOO
WOOBOOOOO
OOOOBOOOO
OOOBBOOOO
-
B
OWOBBOOOO
OOOOBBOOO
OOOOOOOOO
BOOOWBOOO
BBOKTOOOB
BBOOOOOOO
WOOBOOOOO
OOOOBBOOO
OOOBBOOOO
-
W
OWOBBOOOO
OOOOBBOOO
OOOOOOOOO
BOOOWBOOO
BBOKTOOOB
BBOOOOOOO
OOWBOOOOO
OOOOBBOOO
OOOBBOOOO
-
B
OWOBBOOOO
OOOOBBOOO
OOOOOOOOO
BOOOWBOOO
BBOKTOOOB
BBOOOOOOO
OOWBOOOOO
OOOOBOOOB
OOOBBOOOO
-
W
OWOBBOOOO
OOOKBBOOO
OOOOOOOOO
BOOOWBOOO
BBOOTOOOB
BBOOOOOOO
OOWBOOOOO
OOOOBOOOB
OOOBBOOOO
-
B
OWOBBOOOO
OOOKBBOOO
OOOOOOOOO
BOOOWBOOO
BBOOTOOOB
BBOOOOOOO
OOWBOOOOO
OOOOBBOOO
OOOBBOOOO
-
W
OWOBBOOOO
OOOKBBOOO
OOOOOOOOO
BOWOOBOOO
BBOOTOOOB
BBOOOOOOO
OOWBOOOOO
OOOOBBOOO
OOOBBOOOO
-
B
OWOBBOOOO
OOOKBBOOO
OOOOOOOOO
BOWOOBOOO
BBOOTOOOB
BBOOOOOOO
OOWBOOOOO
OOOOBOOOB
OOOBBOOOO
-
W
OWWBBOOOO
OOOKBBOOO
OOOOOOOOO
BOOOOBOOO
BBOOTOOOB
BBOOOOOOO
OOWBOOOOO
OOOOBOOOB
OOOBBOOOO
-
B
OWWBBOOOO
OOOKBBOOO
OOOOOOOOO
BOOOOBOOO
BBOOTOOOB
BBOOOOOOO
OOWBOOOOO
OOOOBBOOO
OOOBBOOOO
-
W
OWWBBOOOO
OOOOBBOOO
OOOOOOOOO
BOOOOBOOO
BBOKTOOOB
BBOOOOOOO
OOWBOOOOO
OOOOBBOOO
OOOBBOOOO
-
B
OWWBBOOOO
OOOOBBOOO
OOOOOOOOO
BOOOOBOOO
BBOKTOOOB
BBOOOOOOO
OOWBOOOOO
OOOOBOOOB
OOOBBOOOO
-
W
OWOBBOOOO
OOWOBBOOO
OOOOOOOOO
BOOOOBOOO
BBOKTOOOB
BBOOOOOOO
OOWBOOOOO
OOOOBOOOB
OOOBBOOOO
-
B
OWOBBOOOO
OOWOBBOOO
OOOOOOOOO
BOOOOBOOO
BBOKTOOOB
BBOOOOOOO
OOWBOOOOO
OOOOBBOOO
OOOBBOOOO
-
W
OWOBBOOOO
OOWOBBOOO
OOOOOOOOO
BOOOOBOOO
BBOOTOOOB
BBOKOOOOO
OOWBOOOOO
OOOOBBOOO
OOOBBOOOO
-
B
OWOBBOOOO
OOWOBBOOO
OOOOOOOOO
BOOOOBOOO
BBOOTOOOB
BBOKOOOOO
OOWBOOOOO
OOOOBOOOB
OOOBBOOOO
-
W
OWOBBOOOO
OOOOBBOOO
OOWOOOOOO
BOOOOBOOO
BBOOTOOOB
BBOKOOOOO
OOWBOOOOO
OOOOBOOOB
OOOBBOOOO
-
B
OWOBBOOOO
OOOOBBOOO
OOWOOOOOO
BOOOOBOOO
BBOOTOOOB
BBOKOOOOO
OOWBOOOOO
OOOOBBOOO
OOOBBOOOO
-
W
OOWBBOOOO
OOOOBBOOO
OOWOOOOOO
BOOOOBOOO
BBOOTOOOB
BBOKOOOOO
OOWBOOOOO
OOOOBBOOO
OOOBBOOOO
-
B
Stato:
OOWBBOOOO
OOOOBBOOO
OOWOOOOOO
BOOOOBOOO
BBOOTOOOB
BBOKOOOOO
OOWBOOOOO
OOOOBOOOB
OOOBBOOOO
-
W
Waiting for W...
Suggested move: Turn: W Pawn from d6 to d2
OWOBBOOOO
OOOOBBOOO
OOOOOOOOO
BOOOWBOOO
BBKOTBOOB
BBOOOOOOO
WOOBOOOOO
OOOOBOOOO
OOOBBOOOO
-
W
OWOBBOOOO
OOOOBBOOO
OOOOOOOOO
BOOOWBOOO
BBOKTBOOB
BBOOOOOOO
WOOBOOOOO
OOOOBOOOO
OOOBBOOOO
-
B
OWOBBOOOO
OOOOBBOOO
OOOOOOOOO
BOOOWBOOO
BBOKTOOOB
BBOOOOOOO
WOOBOOOOO
OOOOBBOOO
OOOBBOOOO
-
W
OWOBBOOOO
OOOOBBOOO
OOOOOOOOO
BOOOWBOOO
BBOKTOOOB
BBOOOOOOO
OOWBOOOOO
OOOOBBOOO
OOOBBOOOO
-
B
OWOBBOOOO
OOOOBBOOO
OOOOOOOOO
BOOOWBOOO
BBOKTOOOB
BBOOOOOOO
OOWBOOOOO
OOOOBOOOB
OOOBBOOOO
-
W
OWOBBOOOO
OOOKBBOOO
OOOOOOOOO
BOOOWBOOO
BBOOTOOOB
BBOOOOOOO
OOWBOOOOO
OOOOBOOOB
OOOBBOOOO
-
B
OWOBBOOOO
OOOKBBOOO
OOOOOOOOO
BOOOWBOOO
BBOOTOOOB
BBOOOOOOO
OOWBOOOOO
OOOOBBOOO
OOOBBOOOO
-
W
OWOBBOOOO
OOOKBBOOO
OOOOOOOOO
BOWOOBOOO
BBOOTOOOB
BBOOOOOOO
OOWBOOOOO
OOOOBBOOO
OOOBBOOOO
-
B
OWOBBOOOO
OOOKBBOOO
OOOOOOOOO
BOWOOBOOO
BBOOTOOOB
BBOOOOOOO
OOWBOOOOO
OOOOBOOOB
OOOBBOOOO
-
W
OWWBBOOOO
OOOKBBOOO
OOOOOOOOO
BOOOOBOOO
BBOOTOOOB
BBOOOOOOO
OOWBOOOOO
OOOOBOOOB
OOOBBOOOO
-
B
OWWBBOOOO
OOOKBBOOO
OOOOOOOOO
BOOOOBOOO
BBOOTOOOB
BBOOOOOOO
OOWBOOOOO
OOOOBBOOO
OOOBBOOOO
-
W
OWWBBOOOO
OOOOBBOOO
OOOOOOOOO
BOOOOBOOO
BBOKTOOOB
BBOOOOOOO
OOWBOOOOO
OOOOBBOOO
OOOBBOOOO
-
B
OWWBBOOOO
OOOOBBOOO
OOOOOOOOO
BOOOOBOOO
BBOKTOOOB
BBOOOOOOO
OOWBOOOOO
OOOOBOOOB
OOOBBOOOO
-
W
OWOBBOOOO
OOWOBBOOO
OOOOOOOOO
BOOOOBOOO
BBOKTOOOB
BBOOOOOOO
OOWBOOOOO
OOOOBOOOB
OOOBBOOOO
-
B
OWOBBOOOO
OOWOBBOOO
OOOOOOOOO
BOOOOBOOO
BBOKTOOOB
BBOOOOOOO
OOWBOOOOO
OOOOBBOOO
OOOBBOOOO
-
W
OWOBBOOOO
OOWOBBOOO
OOOOOOOOO
BOOOOBOOO
BBOOTOOOB
BBOKOOOOO
OOWBOOOOO
OOOOBBOOO
OOOBBOOOO
-
B
OWOBBOOOO
OOWOBBOOO
OOOOOOOOO
BOOOOBOOO
BBOOTOOOB
BBOKOOOOO
OOWBOOOOO
OOOOBOOOB
OOOBBOOOO
-
W
OWOBBOOOO
OOOOBBOOO
OOWOOOOOO
BOOOOBOOO
BBOOTOOOB
BBOKOOOOO
OOWBOOOOO
OOOOBOOOB
OOOBBOOOO
-
B
OWOBBOOOO
OOOOBBOOO
OOWOOOOOO
BOOOOBOOO
BBOOTOOOB
BBOKOOOOO
OOWBOOOOO
OOOOBBOOO
OOOBBOOOO
-
W
OOWBBOOOO
OOOOBBOOO
OOWOOOOOO
BOOOOBOOO
BBOOTOOOB
BBOKOOOOO
OOWBOOOOO
OOOOBBOOO
OOOBBOOOO
-
B
OOWBBOOOO
OOOOBBOOO
OOWOOOOOO
BOOOOBOOO
BBOOTOOOB
BBOKOOOOO
OOWBOOOOO
OOOOBOOOB
OOOBBOOOO
-
W
Stato:
OOWBBOOOO
OOOKBBOOO
OOWOOOOOO
BOOOOBOOO
BBOOTOOOB
BBOOOOOOO
OOWBOOOOO
OOOOBOOOB
OOOBBOOOO
-
B
Waiting for B...
Suggested move: Turn: B Pawn from i8 to f8
OWOBBOOOO
OOOOBBOOO
OOOOOOOOO
BOOOWBOOO
BBKOTBOOB
BBOOOOOOO
WOOBOOOOO
OOOOBOOOO
OOOBBOOOO
-
W
OWOBBOOOO
OOOOBBOOO
OOOOOOOOO
BOOOWBOOO
BBOKTBOOB
BBOOOOOOO
WOOBOOOOO
OOOOBOOOO
OOOBBOOOO
-
B
OWOBBOOOO
OOOOBBOOO
OOOOOOOOO
BOOOWBOOO
BBOKTOOOB
BBOOOOOOO
WOOBOOOOO
OOOOBBOOO
OOOBBOOOO
-
W
OWOBBOOOO
OOOOBBOOO
OOOOOOOOO
BOOOWBOOO
BBOKTOOOB
BBOOOOOOO
OOWBOOOOO
OOOOBBOOO
OOOBBOOOO
-
B
OWOBBOOOO
OOOOBBOOO
OOOOOOOOO
BOOOWBOOO
BBOKTOOOB
BBOOOOOOO
OOWBOOOOO
OOOOBOOOB
OOOBBOOOO
-
W
OWOBBOOOO
OOOKBBOOO
OOOOOOOOO
BOOOWBOOO
BBOOTOOOB
BBOOOOOOO
OOWBOOOOO
OOOOBOOOB
OOOBBOOOO
-
B
OWOBBOOOO
OOOKBBOOO
OOOOOOOOO
BOOOWBOOO
BBOOTOOOB
BBOOOOOOO
OOWBOOOOO
OOOOBBOOO
OOOBBOOOO
-
W
OWOBBOOOO
OOOKBBOOO
OOOOOOOOO
BOWOOBOOO
BBOOTOOOB
BBOOOOOOO
OOWBOOOOO
OOOOBBOOO
OOOBBOOOO
-
B
OWOBBOOOO
OOOKBBOOO
OOOOOOOOO
BOWOOBOOO
BBOOTOOOB
BBOOOOOOO
OOWBOOOOO
OOOOBOOOB
OOOBBOOOO
-
W
OWWBBOOOO
OOOKBBOOO
OOOOOOOOO
BOOOOBOOO
BBOOTOOOB
BBOOOOOOO
OOWBOOOOO
OOOOBOOOB
OOOBBOOOO
-
B
OWWBBOOOO
OOOKBBOOO
OOOOOOOOO
BOOOOBOOO
BBOOTOOOB
BBOOOOOOO
OOWBOOOOO
OOOOBBOOO
OOOBBOOOO
-
W
OWWBBOOOO
OOOOBBOOO
OOOOOOOOO
BOOOOBOOO
BBOKTOOOB
BBOOOOOOO
OOWBOOOOO
OOOOBBOOO
OOOBBOOOO
-
B
OWWBBOOOO
OOOOBBOOO
OOOOOOOOO
BOOOOBOOO
BBOKTOOOB
BBOOOOOOO
OOWBOOOOO
OOOOBOOOB
OOOBBOOOO
-
W
OWOBBOOOO
OOWOBBOOO
OOOOOOOOO
BOOOOBOOO
BBOKTOOOB
BBOOOOOOO
OOWBOOOOO
OOOOBOOOB
OOOBBOOOO
-
B
OWOBBOOOO
OOWOBBOOO
OOOOOOOOO
BOOOOBOOO
BBOKTOOOB
BBOOOOOOO
OOWBOOOOO
OOOOBBOOO
OOOBBOOOO
-
W
OWOBBOOOO
OOWOBBOOO
OOOOOOOOO
BOOOOBOOO
BBOOTOOOB
BBOKOOOOO
OOWBOOOOO
OOOOBBOOO
OOOBBOOOO
-
B
OWOBBOOOO
OOWOBBOOO
OOOOOOOOO
BOOOOBOOO
BBOOTOOOB
BBOKOOOOO
OOWBOOOOO
OOOOBOOOB
OOOBBOOOO
-
W
OWOBBOOOO
OOOOBBOOO
OOWOOOOOO
BOOOOBOOO
BBOOTOOOB
BBOKOOOOO
OOWBOOOOO
OOOOBOOOB
OOOBBOOOO
-
B
OWOBBOOOO
OOOOBBOOO
OOWOOOOOO
BOOOOBOOO
BBOOTOOOB
BBOKOOOOO
OOWBOOOOO
OOOOBBOOO
OOOBBOOOO
-
W
OOWBBOOOO
OOOOBBOOO
OOWOOOOOO
BOOOOBOOO
BBOOTOOOB
BBOKOOOOO
OOWBOOOOO
OOOOBBOOO
OOOBBOOOO
-
B
OOWBBOOOO
OOOOBBOOO
OOWOOOOOO
BOOOOBOOO
BBOOTOOOB
BBOKOOOOO
OOWBOOOOO
OOOOBOOOB
OOOBBOOOO
-
W
OOWBBOOOO
OOOKBBOOO
OOWOOOOOO
BOOOOBOOO
BBOOTOOOB
BBOOOOOOO
OOWBOOOOO
OOOOBOOOB
OOOBBOOOO
-
B
Stato:
OOWBBOOOO
OOOKBBOOO
OOWOOOOOO
BOOOOBOOO
BBOOTOOOB
BBOOOOOOO
OOWBOOOOO
OOOOBBOOO
OOOBBOOOO
-
W
Waiting for W...
Suggested move: Turn: W Pawn from d2 to a2
OWOBBOOOO
OOOOBBOOO
OOOOOOOOO
BOOOWBOOO
BBKOTBOOB
BBOOOOOOO
WOOBOOOOO
OOOOBOOOO
OOOBBOOOO
-
W
OWOBBOOOO
OOOOBBOOO
OOOOOOOOO
BOOOWBOOO
BBOKTBOOB
BBOOOOOOO
WOOBOOOOO
OOOOBOOOO
OOOBBOOOO
-
B
OWOBBOOOO
OOOOBBOOO
OOOOOOOOO
BOOOWBOOO
BBOKTOOOB
BBOOOOOOO
WOOBOOOOO
OOOOBBOOO
OOOBBOOOO
-
W
OWOBBOOOO
OOOOBBOOO
OOOOOOOOO
BOOOWBOOO
BBOKTOOOB
BBOOOOOOO
OOWBOOOOO
OOOOBBOOO
OOOBBOOOO
-
B
OWOBBOOOO
OOOOBBOOO
OOOOOOOOO
BOOOWBOOO
BBOKTOOOB
BBOOOOOOO
OOWBOOOOO
OOOOBOOOB
OOOBBOOOO
-
W
OWOBBOOOO
OOOKBBOOO
OOOOOOOOO
BOOOWBOOO
BBOOTOOOB
BBOOOOOOO
OOWBOOOOO
OOOOBOOOB
OOOBBOOOO
-
B
OWOBBOOOO
OOOKBBOOO
OOOOOOOOO
BOOOWBOOO
BBOOTOOOB
BBOOOOOOO
OOWBOOOOO
OOOOBBOOO
OOOBBOOOO
-
W
OWOBBOOOO
OOOKBBOOO
OOOOOOOOO
BOWOOBOOO
BBOOTOOOB
BBOOOOOOO
OOWBOOOOO
OOOOBBOOO
OOOBBOOOO
-
B
OWOBBOOOO
OOOKBBOOO
OOOOOOOOO
BOWOOBOOO
BBOOTOOOB
BBOOOOOOO
OOWBOOOOO
OOOOBOOOB
OOOBBOOOO
-
W
OWWBBOOOO
OOOKBBOOO
OOOOOOOOO
BOOOOBOOO
BBOOTOOOB
BBOOOOOOO
OOWBOOOOO
OOOOBOOOB
OOOBBOOOO
-
B
OWWBBOOOO
OOOKBBOOO
OOOOOOOOO
BOOOOBOOO
BBOOTOOOB
BBOOOOOOO
OOWBOOOOO
OOOOBBOOO
OOOBBOOOO
-
W
OWWBBOOOO
OOOOBBOOO
OOOOOOOOO
BOOOOBOOO
BBOKTOOOB
BBOOOOOOO
OOWBOOOOO
OOOOBBOOO
OOOBBOOOO
-
B
OWWBBOOOO
OOOOBBOOO
OOOOOOOOO
BOOOOBOOO
BBOKTOOOB
BBOOOOOOO
OOWBOOOOO
OOOOBOOOB
OOOBBOOOO
-
W
OWOBBOOOO
OOWOBBOOO
OOOOOOOOO
BOOOOBOOO
BBOKTOOOB
BBOOOOOOO
OOWBOOOOO
OOOOBOOOB
OOOBBOOOO
-
B
OWOBBOOOO
OOWOBBOOO
OOOOOOOOO
BOOOOBOOO
BBOKTOOOB
BBOOOOOOO
OOWBOOOOO
OOOOBBOOO
OOOBBOOOO
-
W
OWOBBOOOO
OOWOBBOOO
OOOOOOOOO
BOOOOBOOO
BBOOTOOOB
BBOKOOOOO
OOWBOOOOO
OOOOBBOOO
OOOBBOOOO
-
B
OWOBBOOOO
OOWOBBOOO
OOOOOOOOO
BOOOOBOOO
BBOOTOOOB
BBOKOOOOO
OOWBOOOOO
OOOOBOOOB
OOOBBOOOO
-
W
OWOBBOOOO
OOOOBBOOO
OOWOOOOOO
BOOOOBOOO
BBOOTOOOB
BBOKOOOOO
OOWBOOOOO
OOOOBOOOB
OOOBBOOOO
-
B
OWOBBOOOO
OOOOBBOOO
OOWOOOOOO
BOOOOBOOO
BBOOTOOOB
BBOKOOOOO
OOWBOOOOO
OOOOBBOOO
OOOBBOOOO
-
W
OOWBBOOOO
OOOOBBOOO
OOWOOOOOO
BOOOOBOOO
BBOOTOOOB
BBOKOOOOO
OOWBOOOOO
OOOOBBOOO
OOOBBOOOO
-
B
OOWBBOOOO
OOOOBBOOO
OOWOOOOOO
BOOOOBOOO
BBOOTOOOB
BBOKOOOOO
OOWBOOOOO
OOOOBOOOB
OOOBBOOOO
-
W
OOWBBOOOO
OOOKBBOOO
OOWOOOOOO
BOOOOBOOO
BBOOTOOOB
BBOOOOOOO
OOWBOOOOO
OOOOBOOOB
OOOBBOOOO
-
B
OOWBBOOOO
OOOKBBOOO
OOWOOOOOO
BOOOOBOOO
BBOOTOOOB
BBOOOOOOO
OOWBOOOOO
OOOOBBOOO
OOOBBOOOO
-
W
Stato:
OOWBBOOOO
KOOOBBOOO
OOWOOOOOO
BOOOOBOOO
BBOOTOOOB
BBOOOOOOO
OOWBOOOOO
OOOOBBOOO
OOOBBOOOO
-
WW
END OF THE GAME
RESULT: PLAYER WHITE WIN
