usage: java Server
 -c,--cache <arg>           cache must be an integer, negative value means
                            infinite; default: infinite
 -e,--errors <arg>          errors must be an integer >= 0; default: 0
 -g,--enableGUI             enableGUI if option is present
 -r,--game rules <arg>      game rules must be an integer; 1 for Tablut, 2
                            for Modern, 3 for Brandub, 4 for Ashton;
                            default: 4
 -s,--repeatedState <arg>   repeatedStates must be an integer >= 0;
                            default: 0
 -t,--time <arg>            time must be an integer (number of seconds);
                            default: 60
/Users/pelle/Development/GitHub/tablut-challenge/games_executor/logs/1732885348989_systemLog.txt
Waiting for connections...
White player name:	grey
Black player name:	flag-2
Clients connected..
Waiting for W...
Suggested move: Turn: W Pawn from e6 to d6
Stato:
OOOBBBOOO
OOOOBOOOO
OOOOWOOOO
BOOOWOOOB
BBWWKWWBB
BOOWOOOOB
OOOOWOOOO
OOOOBOOOO
OOOBBBOOO
-
B
Waiting for B...
Suggested move: Turn: B Pawn from i6 to e6
Stato:
OOOBBBOOO
OOOOBOOOO
OOOOWOOOO
BOOOWOOOB
BBWWKWWBB
BOOWBOOOO
OOOOOOOOO
OOOOBOOOO
OOOBBBOOO
-
W
Waiting for W...
Suggested move: Turn: W Pawn from g5 to g8
OOOBBBOOO
OOOOBOOOO
OOOOWOOOO
BOOOWOOOB
BBWWKWWBB
BOOWBOOOO
OOOOOOOOO
OOOOBOOOO
OOOBBBOOO
-
W
Stato:
OOOBBBOOO
OOOOBOOOO
OOOOWOOOO
BOOOWOOOB
BBWWKWOBB
BOOWBOOOO
OOOOOOOOO
OOOOBOWOO
OOOBBBOOO
-
B
Waiting for B...
Suggested move: Turn: B Pawn from h5 to g5
Stato:
OOOBBBOOO
OOOOBOOOO
OOOOWOOOO
BOOOWOOOB
BBWWKOBOB
BOOWBOOOO
OOOOOOOOO
OOOOBOWOO
OOOBBBOOO
-
W
Waiting for W...
Suggested move: Turn: W Pawn from e4 to f4
OOOBBBOOO
OOOOBOOOO
OOOOWOOOO
BOOOWOOOB
BBWWKOBOB
BOOWBOOOO
OOOOOOOOO
OOOOBOWOO
OOOBBBOOO
-
W
Stato:
OOOBBBOOO
OOOOBOOOO
OOOOWOOOO
BOOOOWOOB
BBWWKOBOB
BOOWBOOOO
OOOOOOOOO
OOOOBOWOO
OOOBBBOOO
-
B
Waiting for B...
Suggested move: Turn: B Pawn from i4 to g4
OOOBBBOOO
OOOOBOOOO
OOOOWOOOO
BOOOWOOOB
BBWWKOBOB
BOOWBOOOO
OOOOOOOOO
OOOOBOWOO
OOOBBBOOO
-
W
OOOBBBOOO
OOOOBOOOO
OOOOWOOOO
BOOOOWOOB
BBWWKOBOB
BOOWBOOOO
OOOOOOOOO
OOOOBOWOO
OOOBBBOOO
-
B
Stato:
OOOBBBOOO
OOOOBOOOO
OOOOWOOOO
BOOOOWBOO
BBWWKOBOB
BOOWBOOOO
OOOOOOOOO
OOOOBOWOO
OOOBBBOOO
-
W
Waiting for W...
Suggested move: Turn: W Pawn from g8 to g9
OOOBBBOOO
OOOOBOOOO
OOOOWOOOO
BOOOWOOOB
BBWWKOBOB
BOOWBOOOO
OOOOOOOOO
OOOOBOWOO
OOOBBBOOO
-
W
OOOBBBOOO
OOOOBOOOO
OOOOWOOOO
BOOOOWOOB
BBWWKOBOB
BOOWBOOOO
OOOOOOOOO
OOOOBOWOO
OOOBBBOOO
-
B
OOOBBBOOO
OOOOBOOOO
OOOOWOOOO
BOOOOWBOO
BBWWKOBOB
BOOWBOOOO
OOOOOOOOO
OOOOBOWOO
OOOBBBOOO
-
W
Stato:
OOOBBBOOO
OOOOBOOOO
OOOOWOOOO
BOOOOWBOO
BBWWKOBOB
BOOWBOOOO
OOOOOOOOO
OOOOBOOOO
OOOBBBWOO
-
B
Waiting for B...
Suggested move: Turn: B Pawn from g5 to f5
OOOBBBOOO
OOOOBOOOO
OOOOWOOOO
BOOOWOOOB
BBWWKOBOB
BOOWBOOOO
OOOOOOOOO
OOOOBOWOO
OOOBBBOOO
-
W
OOOBBBOOO
OOOOBOOOO
OOOOWOOOO
BOOOOWOOB
BBWWKOBOB
BOOWBOOOO
OOOOOOOOO
OOOOBOWOO
OOOBBBOOO
-
B
OOOBBBOOO
OOOOBOOOO
OOOOWOOOO
BOOOOWBOO
BBWWKOBOB
BOOWBOOOO
OOOOOOOOO
OOOOBOWOO
OOOBBBOOO
-
W
OOOBBBOOO
OOOOBOOOO
OOOOWOOOO
BOOOOWBOO
BBWWKOBOB
BOOWBOOOO
OOOOOOOOO
OOOOBOOOO
OOOBBBWOO
-
B
Stato:
OOOBBBOOO
OOOOBOOOO
OOOOWOOOO
BOOOOWBOO
BBWWKBOOB
BOOWBOOOO
OOOOOOOOO
OOOOBOOOO
OOOBBBWOO
-
W
Waiting for W...
Suggested move: Turn: W Pawn from c5 to c4
OOOBBBOOO
OOOOBOOOO
OOOOWOOOO
BOOOWOOOB
BBWWKOBOB
BOOWBOOOO
OOOOOOOOO
OOOOBOWOO
OOOBBBOOO
-
W
OOOBBBOOO
OOOOBOOOO
OOOOWOOOO
BOOOOWOOB
BBWWKOBOB
BOOWBOOOO
OOOOOOOOO
OOOOBOWOO
OOOBBBOOO
-
B
OOOBBBOOO
OOOOBOOOO
OOOOWOOOO
BOOOOWBOO
BBWWKOBOB
BOOWBOOOO
OOOOOOOOO
OOOOBOWOO
OOOBBBOOO
-
W
OOOBBBOOO
OOOOBOOOO
OOOOWOOOO
BOOOOWBOO
BBWWKOBOB
BOOWBOOOO
OOOOOOOOO
OOOOBOOOO
OOOBBBWOO
-
B
OOOBBBOOO
OOOOBOOOO
OOOOWOOOO
BOOOOWBOO
BBWWKBOOB
BOOWBOOOO
OOOOOOOOO
OOOOBOOOO
OOOBBBWOO
-
W
Stato:
OOOBBBOOO
OOOOBOOOO
OOOOWOOOO
BOWOOWBOO
BBOWKBOOB
BOOWBOOOO
OOOOOOOOO
OOOOBOOOO
OOOBBBWOO
-
B
Waiting for B...
Suggested move: Turn: B Pawn from f1 to f3
Stato:
OOOBBOOOO
OOOOBOOOO
OOOOWBOOO
BOWOOOBOO
BBOWKBOOB
BOOWBOOOO
OOOOOOOOO
OOOOBOOOO
OOOBBBWOO
-
W
Waiting for W...
Suggested move: Turn: W Pawn from e5 to e4
OOOBBOOOO
OOOOBOOOO
OOOOWBOOO
BOWOOOBOO
BBOWKBOOB
BOOWBOOOO
OOOOOOOOO
OOOOBOOOO
OOOBBBWOO
-
W
Stato:
OOOBBOOOO
OOOOBOOOO
OOOOWBOOO
BOWOKOBOO
BBOWTBOOB
BOOWBOOOO
OOOOOOOOO
OOOOBOOOO
OOOBBBWOO
-
B
Waiting for B...
Suggested move: Turn: B Pawn from d1 to d3
Stato:
OOOOBOOOO
OOOOBOOOO
OOOBOBOOO
BOWOKOBOO
BBOWTBOOB
BOOWBOOOO
OOOOOOOOO
OOOOBOOOO
OOOBBBWOO
-
W
Waiting for W...
Suggested move: Turn: W Pawn from g9 to i9
OOOOBOOOO
OOOOBOOOO
OOOBOBOOO
BOWOKOBOO
BBOWTBOOB
BOOWBOOOO
OOOOOOOOO
OOOOBOOOO
OOOBBBWOO
-
W
Stato:
OOOOBOOOO
OOOOBOOOO
OOOBOBOOO
BOWOKOBOO
BBOWTBOOB
BOOWBOOOO
OOOOOOOOO
OOOOBOOOO
OOOBBBOOW
-
B
Waiting for B...
Suggested move: Turn: B Pawn from g4 to f4
OOOOBOOOO
OOOOBOOOO
OOOBOBOOO
BOWOKOBOO
BBOWTBOOB
BOOWBOOOO
OOOOOOOOO
OOOOBOOOO
OOOBBBWOO
-
W
OOOOBOOOO
OOOOBOOOO
OOOBOBOOO
BOWOKOBOO
BBOWTBOOB
BOOWBOOOO
OOOOOOOOO
OOOOBOOOO
OOOBBBOOW
-
B
Stato:
OOOOBOOOO
OOOOBOOOO
OOOBOBOOO
BOWOKBOOO
BBOWTBOOB
BOOWBOOOO
OOOOOOOOO
OOOOBOOOO
OOOBBBOOW
-
W
Waiting for W...
Suggested move: Turn: W Pawn from e4 to d4
OOOOBOOOO
OOOOBOOOO
OOOBOBOOO
BOWOKOBOO
BBOWTBOOB
BOOWBOOOO
OOOOOOOOO
OOOOBOOOO
OOOBBBWOO
-
W
OOOOBOOOO
OOOOBOOOO
OOOBOBOOO
BOWOKOBOO
BBOWTBOOB
BOOWBOOOO
OOOOOOOOO
OOOOBOOOO
OOOBBBOOW
-
B
OOOOBOOOO
OOOOBOOOO
OOOBOBOOO
BOWOKBOOO
BBOWTBOOB
BOOWBOOOO
OOOOOOOOO
OOOOBOOOO
OOOBBBOOW
-
W
Stato:
OOOOBOOOO
OOOOBOOOO
OOOBOBOOO
BOWKOBOOO
BBOWTBOOB
BOOWBOOOO
OOOOOOOOO
OOOOBOOOO
OOOBBBOOW
-
B
Waiting for B...
Suggested move: Turn: B Pawn from f9 to h9
OOOOBOOOO
OOOOBOOOO
OOOBOBOOO
BOWOKOBOO
BBOWTBOOB
BOOWBOOOO
OOOOOOOOO
OOOOBOOOO
OOOBBBWOO
-
W
OOOOBOOOO
OOOOBOOOO
OOOBOBOOO
BOWOKOBOO
BBOWTBOOB
BOOWBOOOO
OOOOOOOOO
OOOOBOOOO
OOOBBBOOW
-
B
OOOOBOOOO
OOOOBOOOO
OOOBOBOOO
BOWOKBOOO
BBOWTBOOB
BOOWBOOOO
OOOOOOOOO
OOOOBOOOO
OOOBBBOOW
-
W
OOOOBOOOO
OOOOBOOOO
OOOBOBOOO
BOWKOBOOO
BBOWTBOOB
BOOWBOOOO
OOOOOOOOO
OOOOBOOOO
OOOBBBOOW
-
B
Stato:
OOOOBOOOO
OOOOBOOOO
OOOBOBOOO
BOWKOBOOO
BBOWTBOOB
BOOWBOOOO
OOOOOOOOO
OOOOBOOOO
OOOBBOOBW
-
W
Waiting for W...
Suggested move: Turn: W Pawn from d4 to e4
OOOOBOOOO
OOOOBOOOO
OOOBOBOOO
BOWOKOBOO
BBOWTBOOB
BOOWBOOOO
OOOOOOOOO
OOOOBOOOO
OOOBBBWOO
-
W
OOOOBOOOO
OOOOBOOOO
OOOBOBOOO
BOWOKOBOO
BBOWTBOOB
BOOWBOOOO
OOOOOOOOO
OOOOBOOOO
OOOBBBOOW
-
B
OOOOBOOOO
OOOOBOOOO
OOOBOBOOO
BOWOKBOOO
BBOWTBOOB
BOOWBOOOO
OOOOOOOOO
OOOOBOOOO
OOOBBBOOW
-
W
OOOOBOOOO
OOOOBOOOO
OOOBOBOOO
BOWKOBOOO
BBOWTBOOB
BOOWBOOOO
OOOOOOOOO
OOOOBOOOO
OOOBBBOOW
-
B
OOOOBOOOO
OOOOBOOOO
OOOBOBOOO
BOWKOBOOO
BBOWTBOOB
BOOWBOOOO
OOOOOOOOO
OOOOBOOOO
OOOBBOOBW
-
W
Stato:
OOOOBOOOO
OOOOBOOOO
OOOBOBOOO
BOWOKBOOO
BBOWTBOOB
BOOWBOOOO
OOOOOOOOO
OOOOBOOOO
OOOBBOOBW
-
B
Waiting for B...
Suggested move: Turn: B Pawn from h9 to g9
OOOOBOOOO
OOOOBOOOO
OOOBOBOOO
BOWOKOBOO
BBOWTBOOB
BOOWBOOOO
OOOOOOOOO
OOOOBOOOO
OOOBBBWOO
-
W
OOOOBOOOO
OOOOBOOOO
OOOBOBOOO
BOWOKOBOO
BBOWTBOOB
BOOWBOOOO
OOOOOOOOO
OOOOBOOOO
OOOBBBOOW
-
B
OOOOBOOOO
OOOOBOOOO
OOOBOBOOO
BOWOKBOOO
BBOWTBOOB
BOOWBOOOO
OOOOOOOOO
OOOOBOOOO
OOOBBBOOW
-
W
OOOOBOOOO
OOOOBOOOO
OOOBOBOOO
BOWKOBOOO
BBOWTBOOB
BOOWBOOOO
OOOOOOOOO
OOOOBOOOO
OOOBBBOOW
-
B
OOOOBOOOO
OOOOBOOOO
OOOBOBOOO
BOWKOBOOO
BBOWTBOOB
BOOWBOOOO
OOOOOOOOO
OOOOBOOOO
OOOBBOOBW
-
W
OOOOBOOOO
OOOOBOOOO
OOOBOBOOO
BOWOKBOOO
BBOWTBOOB
BOOWBOOOO
OOOOOOOOO
OOOOBOOOO
OOOBBOOBW
-
B
Stato:
OOOOBOOOO
OOOOBOOOO
OOOBOBOOO
BOWOKBOOO
BBOWTBOOB
BOOWBOOOO
OOOOOOOOO
OOOOBOOOO
OOOBBOBOW
-
W
Waiting for W...
Suggested move: Turn: W Pawn from e4 to d4
OOOOBOOOO
OOOOBOOOO
OOOBOBOOO
BOWOKOBOO
BBOWTBOOB
BOOWBOOOO
OOOOOOOOO
OOOOBOOOO
OOOBBBWOO
-
W
OOOOBOOOO
OOOOBOOOO
OOOBOBOOO
BOWOKOBOO
BBOWTBOOB
BOOWBOOOO
OOOOOOOOO
OOOOBOOOO
OOOBBBOOW
-
B
OOOOBOOOO
OOOOBOOOO
OOOBOBOOO
BOWOKBOOO
BBOWTBOOB
BOOWBOOOO
OOOOOOOOO
OOOOBOOOO
OOOBBBOOW
-
W
OOOOBOOOO
OOOOBOOOO
OOOBOBOOO
BOWKOBOOO
BBOWTBOOB
BOOWBOOOO
OOOOOOOOO
OOOOBOOOO
OOOBBBOOW
-
B
OOOOBOOOO
OOOOBOOOO
OOOBOBOOO
BOWKOBOOO
BBOWTBOOB
BOOWBOOOO
OOOOOOOOO
OOOOBOOOO
OOOBBOOBW
-
W
OOOOBOOOO
OOOOBOOOO
OOOBOBOOO
BOWOKBOOO
BBOWTBOOB
BOOWBOOOO
OOOOOOOOO
OOOOBOOOO
OOOBBOOBW
-
B
OOOOBOOOO
OOOOBOOOO
OOOBOBOOO
BOWOKBOOO
BBOWTBOOB
BOOWBOOOO
OOOOOOOOO
OOOOBOOOO
OOOBBOBOW
-
W
Stato:
OOOOBOOOO
OOOOBOOOO
OOOBOBOOO
BOWKOBOOO
BBOWTBOOB
BOOWBOOOO
OOOOOOOOO
OOOOBOOOO
OOOBBOBOW
-
B
Waiting for B...
Suggested move: Turn: B Pawn from g9 to h9
OOOOBOOOO
OOOOBOOOO
OOOBOBOOO
BOWOKOBOO
BBOWTBOOB
BOOWBOOOO
OOOOOOOOO
OOOOBOOOO
OOOBBBWOO
-
W
OOOOBOOOO
OOOOBOOOO
OOOBOBOOO
BOWOKOBOO
BBOWTBOOB
BOOWBOOOO
OOOOOOOOO
OOOOBOOOO
OOOBBBOOW
-
B
OOOOBOOOO
OOOOBOOOO
OOOBOBOOO
BOWOKBOOO
BBOWTBOOB
BOOWBOOOO
OOOOOOOOO
OOOOBOOOO
OOOBBBOOW
-
W
OOOOBOOOO
OOOOBOOOO
OOOBOBOOO
BOWKOBOOO
BBOWTBOOB
BOOWBOOOO
OOOOOOOOO
OOOOBOOOO
OOOBBBOOW
-
B
OOOOBOOOO
OOOOBOOOO
OOOBOBOOO
BOWKOBOOO
BBOWTBOOB
BOOWBOOOO
OOOOOOOOO
OOOOBOOOO
OOOBBOOBW
-
W
Stato:
OOOOBOOOO
OOOOBOOOO
OOOBOBOOO
BOWKOBOOO
BBOWTBOOB
BOOWBOOOO
OOOOOOOOO
OOOOBOOOO
OOOBBOOBW
-
D
END OF THE GAME
RESULT: DRAW
