usage: java Server
 -c,--cache <arg>           cache must be an integer, negative value means
                            infinite; default: infinite
 -e,--errors <arg>          errors must be an integer >= 0; default: 0
 -g,--enableGUI             enableGUI if option is present
 -r,--game rules <arg>      game rules must be an integer; 1 for Tablut, 2
                            for Modern, 3 for Brandub, 4 for Ashton;
                            default: 4
 -s,--repeatedState <arg>   repeatedStates must be an integer >= 0;
                            default: 0
 -t,--time <arg>            time must be an integer (number of seconds);
                            default: 60
/Users/pelle/Development/GitHub/tablut-challenge/games_executor/logs/1732886730817_systemLog.txt
Waiting for connections...
White player name:	flag3
Black player name:	random
Clients connected..
Waiting for W...
Suggested move: Turn: W Pawn from g5 to g9
Stato:
OOOBBBOOO
OOOOBOOOO
OOOOWOOOO
BOOOWOOOB
BBWWKWOBB
BOOOWOOOB
OOOOWOOOO
OOOOBOOOO
OOOBBBWOO
-
B
Waiting for B...
Suggested move: Turn: B Pawn from d1 to a1
OOOBBBOOO
OOOOBOOOO
OOOOWOOOO
BOOOWOOOB
BBWWKWOBB
BOOOWOOOB
OOOOWOOOO
OOOOBOOOO
OOOBBBWOO
-
B
Stato:
BOOOBBOOO
OOOOBOOOO
OOOOWOOOO
BOOOWOOOB
BBWWKWOBB
BOOOWOOOB
OOOOWOOOO
OOOOBOOOO
OOOBBBWOO
-
W
Waiting for W...
Suggested move: Turn: W Pawn from g9 to i9
OOOBBBOOO
OOOOBOOOO
OOOOWOOOO
BOOOWOOOB
BBWWKWOBB
BOOOWOOOB
OOOOWOOOO
OOOOBOOOO
OOOBBBWOO
-
B
BOOOBBOOO
OOOOBOOOO
OOOOWOOOO
BOOOWOOOB
BBWWKWOBB
BOOOWOOOB
OOOOWOOOO
OOOOBOOOO
OOOBBBWOO
-
W
Stato:
BOOOBBOOO
OOOOBOOOO
OOOOWOOOO
BOOOWOOOB
BBWWKWOBB
BOOOWOOOB
OOOOWOOOO
OOOOBOOOO
OOOBBBOOW
-
B
Waiting for B...
Suggested move: Turn: B Pawn from i4 to i1
OOOBBBOOO
OOOOBOOOO
OOOOWOOOO
BOOOWOOOB
BBWWKWOBB
BOOOWOOOB
OOOOWOOOO
OOOOBOOOO
OOOBBBWOO
-
B
BOOOBBOOO
OOOOBOOOO
OOOOWOOOO
BOOOWOOOB
BBWWKWOBB
BOOOWOOOB
OOOOWOOOO
OOOOBOOOO
OOOBBBWOO
-
W
BOOOBBOOO
OOOOBOOOO
OOOOWOOOO
BOOOWOOOB
BBWWKWOBB
BOOOWOOOB
OOOOWOOOO
OOOOBOOOO
OOOBBBOOW
-
B
Stato:
BOOOBBOOB
OOOOBOOOO
OOOOWOOOO
BOOOWOOOO
BBWWKWOBB
BOOOWOOOB
OOOOWOOOO
OOOOBOOOO
OOOBBBOOW
-
W
Waiting for W...
Suggested move: Turn: W Pawn from i9 to g9
OOOBBBOOO
OOOOBOOOO
OOOOWOOOO
BOOOWOOOB
BBWWKWOBB
BOOOWOOOB
OOOOWOOOO
OOOOBOOOO
OOOBBBWOO
-
B
BOOOBBOOO
OOOOBOOOO
OOOOWOOOO
BOOOWOOOB
BBWWKWOBB
BOOOWOOOB
OOOOWOOOO
OOOOBOOOO
OOOBBBWOO
-
W
BOOOBBOOO
OOOOBOOOO
OOOOWOOOO
BOOOWOOOB
BBWWKWOBB
BOOOWOOOB
OOOOWOOOO
OOOOBOOOO
OOOBBBOOW
-
B
BOOOBBOOB
OOOOBOOOO
OOOOWOOOO
BOOOWOOOO
BBWWKWOBB
BOOOWOOOB
OOOOWOOOO
OOOOBOOOO
OOOBBBOOW
-
W
Stato:
BOOOBBOOB
OOOOBOOOO
OOOOWOOOO
BOOOWOOOO
BBWWKWOBB
BOOOWOOOB
OOOOWOOOO
OOOOBOOOO
OOOBBBWOO
-
B
Waiting for B...
Suggested move: Turn: B Pawn from b5 to b9
OOOBBBOOO
OOOOBOOOO
OOOOWOOOO
BOOOWOOOB
BBWWKWOBB
BOOOWOOOB
OOOOWOOOO
OOOOBOOOO
OOOBBBWOO
-
B
BOOOBBOOO
OOOOBOOOO
OOOOWOOOO
BOOOWOOOB
BBWWKWOBB
BOOOWOOOB
OOOOWOOOO
OOOOBOOOO
OOOBBBWOO
-
W
BOOOBBOOO
OOOOBOOOO
OOOOWOOOO
BOOOWOOOB
BBWWKWOBB
BOOOWOOOB
OOOOWOOOO
OOOOBOOOO
OOOBBBOOW
-
B
BOOOBBOOB
OOOOBOOOO
OOOOWOOOO
BOOOWOOOO
BBWWKWOBB
BOOOWOOOB
OOOOWOOOO
OOOOBOOOO
OOOBBBOOW
-
W
BOOOBBOOB
OOOOBOOOO
OOOOWOOOO
BOOOWOOOO
BBWWKWOBB
BOOOWOOOB
OOOOWOOOO
OOOOBOOOO
OOOBBBWOO
-
B
Stato:
BOOOBBOOB
OOOOBOOOO
OOOOWOOOO
BOOOWOOOO
BOWWKWOBB
BOOOWOOOB
OOOOWOOOO
OOOOBOOOO
OBOBBBWOO
-
W
Waiting for W...
Suggested move: Turn: W Pawn from g9 to i9
OOOBBBOOO
OOOOBOOOO
OOOOWOOOO
BOOOWOOOB
BBWWKWOBB
BOOOWOOOB
OOOOWOOOO
OOOOBOOOO
OOOBBBWOO
-
B
BOOOBBOOO
OOOOBOOOO
OOOOWOOOO
BOOOWOOOB
BBWWKWOBB
BOOOWOOOB
OOOOWOOOO
OOOOBOOOO
OOOBBBWOO
-
W
BOOOBBOOO
OOOOBOOOO
OOOOWOOOO
BOOOWOOOB
BBWWKWOBB
BOOOWOOOB
OOOOWOOOO
OOOOBOOOO
OOOBBBOOW
-
B
BOOOBBOOB
OOOOBOOOO
OOOOWOOOO
BOOOWOOOO
BBWWKWOBB
BOOOWOOOB
OOOOWOOOO
OOOOBOOOO
OOOBBBOOW
-
W
BOOOBBOOB
OOOOBOOOO
OOOOWOOOO
BOOOWOOOO
BBWWKWOBB
BOOOWOOOB
OOOOWOOOO
OOOOBOOOO
OOOBBBWOO
-
B
BOOOBBOOB
OOOOBOOOO
OOOOWOOOO
BOOOWOOOO
BOWWKWOBB
BOOOWOOOB
OOOOWOOOO
OOOOBOOOO
OBOBBBWOO
-
W
Stato:
BOOOBBOOB
OOOOBOOOO
OOOOWOOOO
BOOOWOOOO
BOWWKWOBB
BOOOWOOOB
OOOOWOOOO
OOOOBOOOO
OBOBBBOOW
-
B
Waiting for B...
Suggested move: Turn: B Pawn from f9 to g9
OOOBBBOOO
OOOOBOOOO
OOOOWOOOO
BOOOWOOOB
BBWWKWOBB
BOOOWOOOB
OOOOWOOOO
OOOOBOOOO
OOOBBBWOO
-
B
BOOOBBOOO
OOOOBOOOO
OOOOWOOOO
BOOOWOOOB
BBWWKWOBB
BOOOWOOOB
OOOOWOOOO
OOOOBOOOO
OOOBBBWOO
-
W
BOOOBBOOO
OOOOBOOOO
OOOOWOOOO
BOOOWOOOB
BBWWKWOBB
BOOOWOOOB
OOOOWOOOO
OOOOBOOOO
OOOBBBOOW
-
B
BOOOBBOOB
OOOOBOOOO
OOOOWOOOO
BOOOWOOOO
BBWWKWOBB
BOOOWOOOB
OOOOWOOOO
OOOOBOOOO
OOOBBBOOW
-
W
BOOOBBOOB
OOOOBOOOO
OOOOWOOOO
BOOOWOOOO
BBWWKWOBB
BOOOWOOOB
OOOOWOOOO
OOOOBOOOO
OOOBBBWOO
-
B
BOOOBBOOB
OOOOBOOOO
OOOOWOOOO
BOOOWOOOO
BOWWKWOBB
BOOOWOOOB
OOOOWOOOO
OOOOBOOOO
OBOBBBWOO
-
W
BOOOBBOOB
OOOOBOOOO
OOOOWOOOO
BOOOWOOOO
BOWWKWOBB
BOOOWOOOB
OOOOWOOOO
OOOOBOOOO
OBOBBBOOW
-
B
Stato:
BOOOBBOOB
OOOOBOOOO
OOOOWOOOO
BOOOWOOOO
BOWWKWOBB
BOOOWOOOB
OOOOWOOOO
OOOOBOOOO
OBOBBOBOW
-
W
Waiting for W...
Suggested move: Turn: W Pawn from i9 to h9
Stato:
BOOOBBOOB
OOOOBOOOO
OOOOWOOOO
BOOOWOOOO
BOWWKWOBB
BOOOWOOOB
OOOOWOOOO
OOOOBOOOO
OBOBBOOWO
-
B
Waiting for B...
Suggested move: Turn: B Pawn from h5 to h7
BOOOBBOOB
OOOOBOOOO
OOOOWOOOO
BOOOWOOOO
BOWWKWOBB
BOOOWOOOB
OOOOWOOOO
OOOOBOOOO
OBOBBOOWO
-
B
Stato:
BOOOBBOOB
OOOOBOOOO
OOOOWOOOO
BOOOWOOOO
BOWWKWOOB
BOOOWOOOB
OOOOWOOBO
OOOOBOOOO
OBOBBOOWO
-
W
Waiting for W...
Suggested move: Turn: W Pawn from h9 to g9
BOOOBBOOB
OOOOBOOOO
OOOOWOOOO
BOOOWOOOO
BOWWKWOBB
BOOOWOOOB
OOOOWOOOO
OOOOBOOOO
OBOBBOOWO
-
B
BOOOBBOOB
OOOOBOOOO
OOOOWOOOO
BOOOWOOOO
BOWWKWOOB
BOOOWOOOB
OOOOWOOBO
OOOOBOOOO
OBOBBOOWO
-
W
Stato:
BOOOBBOOB
OOOOBOOOO
OOOOWOOOO
BOOOWOOOO
BOWWKWOOB
BOOOWOOOB
OOOOWOOBO
OOOOBOOOO
OBOBBOWOO
-
B
Waiting for B...
Suggested move: Turn: B Pawn from d9 to d7
BOOOBBOOB
OOOOBOOOO
OOOOWOOOO
BOOOWOOOO
BOWWKWOBB
BOOOWOOOB
OOOOWOOOO
OOOOBOOOO
OBOBBOOWO
-
B
BOOOBBOOB
OOOOBOOOO
OOOOWOOOO
BOOOWOOOO
BOWWKWOOB
BOOOWOOOB
OOOOWOOBO
OOOOBOOOO
OBOBBOOWO
-
W
BOOOBBOOB
OOOOBOOOO
OOOOWOOOO
BOOOWOOOO
BOWWKWOOB
BOOOWOOOB
OOOOWOOBO
OOOOBOOOO
OBOBBOWOO
-
B
Stato:
BOOOBBOOB
OOOOBOOOO
OOOOWOOOO
BOOOWOOOO
BOWWKWOOB
BOOOWOOOB
OOOBWOOBO
OOOOBOOOO
OBOOBOWOO
-
W
Waiting for W...
Suggested move: Turn: W Pawn from g9 to i9
BOOOBBOOB
OOOOBOOOO
OOOOWOOOO
BOOOWOOOO
BOWWKWOBB
BOOOWOOOB
OOOOWOOOO
OOOOBOOOO
OBOBBOOWO
-
B
BOOOBBOOB
OOOOBOOOO
OOOOWOOOO
BOOOWOOOO
BOWWKWOOB
BOOOWOOOB
OOOOWOOBO
OOOOBOOOO
OBOBBOOWO
-
W
BOOOBBOOB
OOOOBOOOO
OOOOWOOOO
BOOOWOOOO
BOWWKWOOB
BOOOWOOOB
OOOOWOOBO
OOOOBOOOO
OBOBBOWOO
-
B
BOOOBBOOB
OOOOBOOOO
OOOOWOOOO
BOOOWOOOO
BOWWKWOOB
BOOOWOOOB
OOOBWOOBO
OOOOBOOOO
OBOOBOWOO
-
W
Stato:
BOOOBBOOB
OOOOBOOOO
OOOOWOOOO
BOOOWOOOO
BOWWKWOOB
BOOOWOOOB
OOOBWOOBO
OOOOBOOOO
OBOOBOOOW
-
B
Waiting for B...
Suggested move: Turn: B Pawn from f1 to f3
BOOOBBOOB
OOOOBOOOO
OOOOWOOOO
BOOOWOOOO
BOWWKWOBB
BOOOWOOOB
OOOOWOOOO
OOOOBOOOO
OBOBBOOWO
-
B
BOOOBBOOB
OOOOBOOOO
OOOOWOOOO
BOOOWOOOO
BOWWKWOOB
BOOOWOOOB
OOOOWOOBO
OOOOBOOOO
OBOBBOOWO
-
W
BOOOBBOOB
OOOOBOOOO
OOOOWOOOO
BOOOWOOOO
BOWWKWOOB
BOOOWOOOB
OOOOWOOBO
OOOOBOOOO
OBOBBOWOO
-
B
BOOOBBOOB
OOOOBOOOO
OOOOWOOOO
BOOOWOOOO
BOWWKWOOB
BOOOWOOOB
OOOBWOOBO
OOOOBOOOO
OBOOBOWOO
-
W
BOOOBBOOB
OOOOBOOOO
OOOOWOOOO
BOOOWOOOO
BOWWKWOOB
BOOOWOOOB
OOOBWOOBO
OOOOBOOOO
OBOOBOOOW
-
B
Stato:
BOOOBOOOB
OOOOBOOOO
OOOOWBOOO
BOOOWOOOO
BOWWKWOOB
BOOOWOOOB
OOOBWOOBO
OOOOBOOOO
OBOOBOOOW
-
W
Waiting for W...
Suggested move: Turn: W Pawn from i9 to g9
BOOOBBOOB
OOOOBOOOO
OOOOWOOOO
BOOOWOOOO
BOWWKWOBB
BOOOWOOOB
OOOOWOOOO
OOOOBOOOO
OBOBBOOWO
-
B
BOOOBBOOB
OOOOBOOOO
OOOOWOOOO
BOOOWOOOO
BOWWKWOOB
BOOOWOOOB
OOOOWOOBO
OOOOBOOOO
OBOBBOOWO
-
W
BOOOBBOOB
OOOOBOOOO
OOOOWOOOO
BOOOWOOOO
BOWWKWOOB
BOOOWOOOB
OOOOWOOBO
OOOOBOOOO
OBOBBOWOO
-
B
BOOOBBOOB
OOOOBOOOO
OOOOWOOOO
BOOOWOOOO
BOWWKWOOB
BOOOWOOOB
OOOBWOOBO
OOOOBOOOO
OBOOBOWOO
-
W
BOOOBBOOB
OOOOBOOOO
OOOOWOOOO
BOOOWOOOO
BOWWKWOOB
BOOOWOOOB
OOOBWOOBO
OOOOBOOOO
OBOOBOOOW
-
B
BOOOBOOOB
OOOOBOOOO
OOOOWBOOO
BOOOWOOOO
BOWWKWOOB
BOOOWOOOB
OOOBWOOBO
OOOOBOOOO
OBOOBOOOW
-
W
Stato:
BOOOBOOOB
OOOOBOOOO
OOOOWBOOO
BOOOWOOOO
BOWWKWOOB
BOOOWOOOB
OOOBWOOBO
OOOOBOOOO
OBOOBOWOO
-
B
Waiting for B...
Suggested move: Turn: B Pawn from d7 to d6
BOOOBBOOB
OOOOBOOOO
OOOOWOOOO
BOOOWOOOO
BOWWKWOBB
BOOOWOOOB
OOOOWOOOO
OOOOBOOOO
OBOBBOOWO
-
B
BOOOBBOOB
OOOOBOOOO
OOOOWOOOO
BOOOWOOOO
BOWWKWOOB
BOOOWOOOB
OOOOWOOBO
OOOOBOOOO
OBOBBOOWO
-
W
BOOOBBOOB
OOOOBOOOO
OOOOWOOOO
BOOOWOOOO
BOWWKWOOB
BOOOWOOOB
OOOOWOOBO
OOOOBOOOO
OBOBBOWOO
-
B
BOOOBBOOB
OOOOBOOOO
OOOOWOOOO
BOOOWOOOO
BOWWKWOOB
BOOOWOOOB
OOOBWOOBO
OOOOBOOOO
OBOOBOWOO
-
W
BOOOBBOOB
OOOOBOOOO
OOOOWOOOO
BOOOWOOOO
BOWWKWOOB
BOOOWOOOB
OOOBWOOBO
OOOOBOOOO
OBOOBOOOW
-
B
BOOOBOOOB
OOOOBOOOO
OOOOWBOOO
BOOOWOOOO
BOWWKWOOB
BOOOWOOOB
OOOBWOOBO
OOOOBOOOO
OBOOBOOOW
-
W
BOOOBOOOB
OOOOBOOOO
OOOOWBOOO
BOOOWOOOO
BOWWKWOOB
BOOOWOOOB
OOOBWOOBO
OOOOBOOOO
OBOOBOWOO
-
B
Stato:
BOOOBOOOB
OOOOBOOOO
OOOOWBOOO
BOOOWOOOO
BOWWKWOOB
BOOBWOOOB
OOOOWOOBO
OOOOBOOOO
OBOOBOWOO
-
W
Waiting for W...
Suggested move: Turn: W Pawn from g9 to g1
BOOOBBOOB
OOOOBOOOO
OOOOWOOOO
BOOOWOOOO
BOWWKWOBB
BOOOWOOOB
OOOOWOOOO
OOOOBOOOO
OBOBBOOWO
-
B
BOOOBBOOB
OOOOBOOOO
OOOOWOOOO
BOOOWOOOO
BOWWKWOOB
BOOOWOOOB
OOOOWOOBO
OOOOBOOOO
OBOBBOOWO
-
W
BOOOBBOOB
OOOOBOOOO
OOOOWOOOO
BOOOWOOOO
BOWWKWOOB
BOOOWOOOB
OOOOWOOBO
OOOOBOOOO
OBOBBOWOO
-
B
BOOOBBOOB
OOOOBOOOO
OOOOWOOOO
BOOOWOOOO
BOWWKWOOB
BOOOWOOOB
OOOBWOOBO
OOOOBOOOO
OBOOBOWOO
-
W
BOOOBBOOB
OOOOBOOOO
OOOOWOOOO
BOOOWOOOO
BOWWKWOOB
BOOOWOOOB
OOOBWOOBO
OOOOBOOOO
OBOOBOOOW
-
B
BOOOBOOOB
OOOOBOOOO
OOOOWBOOO
BOOOWOOOO
BOWWKWOOB
BOOOWOOOB
OOOBWOOBO
OOOOBOOOO
OBOOBOOOW
-
W
BOOOBOOOB
OOOOBOOOO
OOOOWBOOO
BOOOWOOOO
BOWWKWOOB
BOOOWOOOB
OOOBWOOBO
OOOOBOOOO
OBOOBOWOO
-
B
BOOOBOOOB
OOOOBOOOO
OOOOWBOOO
BOOOWOOOO
BOWWKWOOB
BOOBWOOOB
OOOOWOOBO
OOOOBOOOO
OBOOBOWOO
-
W
Stato:
BOOOBOWOB
OOOOBOOOO
OOOOWBOOO
BOOOWOOOO
BOWWKWOOB
BOOBWOOOB
OOOOWOOBO
OOOOBOOOO
OBOOBOOOO
-
B
Waiting for B...
Suggested move: Turn: B Pawn from f3 to g3
BOOOBBOOB
OOOOBOOOO
OOOOWOOOO
BOOOWOOOO
BOWWKWOBB
BOOOWOOOB
OOOOWOOOO
OOOOBOOOO
OBOBBOOWO
-
B
BOOOBBOOB
OOOOBOOOO
OOOOWOOOO
BOOOWOOOO
BOWWKWOOB
BOOOWOOOB
OOOOWOOBO
OOOOBOOOO
OBOBBOOWO
-
W
BOOOBBOOB
OOOOBOOOO
OOOOWOOOO
BOOOWOOOO
BOWWKWOOB
BOOOWOOOB
OOOOWOOBO
OOOOBOOOO
OBOBBOWOO
-
B
BOOOBBOOB
OOOOBOOOO
OOOOWOOOO
BOOOWOOOO
BOWWKWOOB
BOOOWOOOB
OOOBWOOBO
OOOOBOOOO
OBOOBOWOO
-
W
BOOOBBOOB
OOOOBOOOO
OOOOWOOOO
BOOOWOOOO
BOWWKWOOB
BOOOWOOOB
OOOBWOOBO
OOOOBOOOO
OBOOBOOOW
-
B
BOOOBOOOB
OOOOBOOOO
OOOOWBOOO
BOOOWOOOO
BOWWKWOOB
BOOOWOOOB
OOOBWOOBO
OOOOBOOOO
OBOOBOOOW
-
W
BOOOBOOOB
OOOOBOOOO
OOOOWBOOO
BOOOWOOOO
BOWWKWOOB
BOOOWOOOB
OOOBWOOBO
OOOOBOOOO
OBOOBOWOO
-
B
BOOOBOOOB
OOOOBOOOO
OOOOWBOOO
BOOOWOOOO
BOWWKWOOB
BOOBWOOOB
OOOOWOOBO
OOOOBOOOO
OBOOBOWOO
-
W
BOOOBOWOB
OOOOBOOOO
OOOOWBOOO
BOOOWOOOO
BOWWKWOOB
BOOBWOOOB
OOOOWOOBO
OOOOBOOOO
OBOOBOOOO
-
B
Stato:
BOOOBOWOB
OOOOBOOOO
OOOOWOBOO
BOOOWOOOO
BOWWKWOOB
BOOBWOOOB
OOOOWOOBO
OOOOBOOOO
OBOOBOOOO
-
W
Waiting for W...
Suggested move: Turn: W Pawn from g1 to g2
BOOOBBOOB
OOOOBOOOO
OOOOWOOOO
BOOOWOOOO
BOWWKWOBB
BOOOWOOOB
OOOOWOOOO
OOOOBOOOO
OBOBBOOWO
-
B
BOOOBBOOB
OOOOBOOOO
OOOOWOOOO
BOOOWOOOO
BOWWKWOOB
BOOOWOOOB
OOOOWOOBO
OOOOBOOOO
OBOBBOOWO
-
W
BOOOBBOOB
OOOOBOOOO
OOOOWOOOO
BOOOWOOOO
BOWWKWOOB
BOOOWOOOB
OOOOWOOBO
OOOOBOOOO
OBOBBOWOO
-
B
BOOOBBOOB
OOOOBOOOO
OOOOWOOOO
BOOOWOOOO
BOWWKWOOB
BOOOWOOOB
OOOBWOOBO
OOOOBOOOO
OBOOBOWOO
-
W
BOOOBBOOB
OOOOBOOOO
OOOOWOOOO
BOOOWOOOO
BOWWKWOOB
BOOOWOOOB
OOOBWOOBO
OOOOBOOOO
OBOOBOOOW
-
B
BOOOBOOOB
OOOOBOOOO
OOOOWBOOO
BOOOWOOOO
BOWWKWOOB
BOOOWOOOB
OOOBWOOBO
OOOOBOOOO
OBOOBOOOW
-
W
BOOOBOOOB
OOOOBOOOO
OOOOWBOOO
BOOOWOOOO
BOWWKWOOB
BOOOWOOOB
OOOBWOOBO
OOOOBOOOO
OBOOBOWOO
-
B
BOOOBOOOB
OOOOBOOOO
OOOOWBOOO
BOOOWOOOO
BOWWKWOOB
BOOBWOOOB
OOOOWOOBO
OOOOBOOOO
OBOOBOWOO
-
W
BOOOBOWOB
OOOOBOOOO
OOOOWBOOO
BOOOWOOOO
BOWWKWOOB
BOOBWOOOB
OOOOWOOBO
OOOOBOOOO
OBOOBOOOO
-
B
BOOOBOWOB
OOOOBOOOO
OOOOWOBOO
BOOOWOOOO
BOWWKWOOB
BOOBWOOOB
OOOOWOOBO
OOOOBOOOO
OBOOBOOOO
-
W
Stato:
BOOOBOOOB
OOOOBOWOO
OOOOWOBOO
BOOOWOOOO
BOWWKWOOB
BOOBWOOOB
OOOOWOOBO
OOOOBOOOO
OBOOBOOOO
-
B
Waiting for B...
Suggested move: Turn: B Pawn from i6 to i7
BOOOBBOOB
OOOOBOOOO
OOOOWOOOO
BOOOWOOOO
BOWWKWOBB
BOOOWOOOB
OOOOWOOOO
OOOOBOOOO
OBOBBOOWO
-
B
BOOOBBOOB
OOOOBOOOO
OOOOWOOOO
BOOOWOOOO
BOWWKWOOB
BOOOWOOOB
OOOOWOOBO
OOOOBOOOO
OBOBBOOWO
-
W
BOOOBBOOB
OOOOBOOOO
OOOOWOOOO
BOOOWOOOO
BOWWKWOOB
BOOOWOOOB
OOOOWOOBO
OOOOBOOOO
OBOBBOWOO
-
B
BOOOBBOOB
OOOOBOOOO
OOOOWOOOO
BOOOWOOOO
BOWWKWOOB
BOOOWOOOB
OOOBWOOBO
OOOOBOOOO
OBOOBOWOO
-
W
BOOOBBOOB
OOOOBOOOO
OOOOWOOOO
BOOOWOOOO
BOWWKWOOB
BOOOWOOOB
OOOBWOOBO
OOOOBOOOO
OBOOBOOOW
-
B
BOOOBOOOB
OOOOBOOOO
OOOOWBOOO
BOOOWOOOO
BOWWKWOOB
BOOOWOOOB
OOOBWOOBO
OOOOBOOOO
OBOOBOOOW
-
W
BOOOBOOOB
OOOOBOOOO
OOOOWBOOO
BOOOWOOOO
BOWWKWOOB
BOOOWOOOB
OOOBWOOBO
OOOOBOOOO
OBOOBOWOO
-
B
BOOOBOOOB
OOOOBOOOO
OOOOWBOOO
BOOOWOOOO
BOWWKWOOB
BOOBWOOOB
OOOOWOOBO
OOOOBOOOO
OBOOBOWOO
-
W
BOOOBOWOB
OOOOBOOOO
OOOOWBOOO
BOOOWOOOO
BOWWKWOOB
BOOBWOOOB
OOOOWOOBO
OOOOBOOOO
OBOOBOOOO
-
B
BOOOBOWOB
OOOOBOOOO
OOOOWOBOO
BOOOWOOOO
BOWWKWOOB
BOOBWOOOB
OOOOWOOBO
OOOOBOOOO
OBOOBOOOO
-
W
BOOOBOOOB
OOOOBOWOO
OOOOWOBOO
BOOOWOOOO
BOWWKWOOB
BOOBWOOOB
OOOOWOOBO
OOOOBOOOO
OBOOBOOOO
-
B
Stato:
BOOOBOOOB
OOOOBOWOO
OOOOWOBOO
BOOOWOOOO
BOWWKWOOB
BOOBWOOOO
OOOOWOOBB
OOOOBOOOO
OBOOBOOOO
-
W
Waiting for W...
Suggested move: Turn: W Pawn from g2 to f2
BOOOBBOOB
OOOOBOOOO
OOOOWOOOO
BOOOWOOOO
BOWWKWOBB
BOOOWOOOB
OOOOWOOOO
OOOOBOOOO
OBOBBOOWO
-
B
BOOOBBOOB
OOOOBOOOO
OOOOWOOOO
BOOOWOOOO
BOWWKWOOB
BOOOWOOOB
OOOOWOOBO
OOOOBOOOO
OBOBBOOWO
-
W
BOOOBBOOB
OOOOBOOOO
OOOOWOOOO
BOOOWOOOO
BOWWKWOOB
BOOOWOOOB
OOOOWOOBO
OOOOBOOOO
OBOBBOWOO
-
B
BOOOBBOOB
OOOOBOOOO
OOOOWOOOO
BOOOWOOOO
BOWWKWOOB
BOOOWOOOB
OOOBWOOBO
OOOOBOOOO
OBOOBOWOO
-
W
BOOOBBOOB
OOOOBOOOO
OOOOWOOOO
BOOOWOOOO
BOWWKWOOB
BOOOWOOOB
OOOBWOOBO
OOOOBOOOO
OBOOBOOOW
-
B
BOOOBOOOB
OOOOBOOOO
OOOOWBOOO
BOOOWOOOO
BOWWKWOOB
BOOOWOOOB
OOOBWOOBO
OOOOBOOOO
OBOOBOOOW
-
W
BOOOBOOOB
OOOOBOOOO
OOOOWBOOO
BOOOWOOOO
BOWWKWOOB
BOOOWOOOB
OOOBWOOBO
OOOOBOOOO
OBOOBOWOO
-
B
BOOOBOOOB
OOOOBOOOO
OOOOWBOOO
BOOOWOOOO
BOWWKWOOB
BOOBWOOOB
OOOOWOOBO
OOOOBOOOO
OBOOBOWOO
-
W
BOOOBOWOB
OOOOBOOOO
OOOOWBOOO
BOOOWOOOO
BOWWKWOOB
BOOBWOOOB
OOOOWOOBO
OOOOBOOOO
OBOOBOOOO
-
B
BOOOBOWOB
OOOOBOOOO
OOOOWOBOO
BOOOWOOOO
BOWWKWOOB
BOOBWOOOB
OOOOWOOBO
OOOOBOOOO
OBOOBOOOO
-
W
BOOOBOOOB
OOOOBOWOO
OOOOWOBOO
BOOOWOOOO
BOWWKWOOB
BOOBWOOOB
OOOOWOOBO
OOOOBOOOO
OBOOBOOOO
-
B
BOOOBOOOB
OOOOBOWOO
OOOOWOBOO
BOOOWOOOO
BOWWKWOOB
BOOBWOOOO
OOOOWOOBB
OOOOBOOOO
OBOOBOOOO
-
W
Stato:
BOOOBOOOB
OOOOBWOOO
OOOOWOBOO
BOOOWOOOO
BOWWKWOOB
BOOBWOOOO
OOOOWOOBB
OOOOBOOOO
OBOOBOOOO
-
B
Waiting for B...
Suggested move: Turn: B Pawn from h7 to h9
BOOOBBOOB
OOOOBOOOO
OOOOWOOOO
BOOOWOOOO
BOWWKWOBB
BOOOWOOOB
OOOOWOOOO
OOOOBOOOO
OBOBBOOWO
-
B
BOOOBBOOB
OOOOBOOOO
OOOOWOOOO
BOOOWOOOO
BOWWKWOOB
BOOOWOOOB
OOOOWOOBO
OOOOBOOOO
OBOBBOOWO
-
W
BOOOBBOOB
OOOOBOOOO
OOOOWOOOO
BOOOWOOOO
BOWWKWOOB
BOOOWOOOB
OOOOWOOBO
OOOOBOOOO
OBOBBOWOO
-
B
BOOOBBOOB
OOOOBOOOO
OOOOWOOOO
BOOOWOOOO
BOWWKWOOB
BOOOWOOOB
OOOBWOOBO
OOOOBOOOO
OBOOBOWOO
-
W
BOOOBBOOB
OOOOBOOOO
OOOOWOOOO
BOOOWOOOO
BOWWKWOOB
BOOOWOOOB
OOOBWOOBO
OOOOBOOOO
OBOOBOOOW
-
B
BOOOBOOOB
OOOOBOOOO
OOOOWBOOO
BOOOWOOOO
BOWWKWOOB
BOOOWOOOB
OOOBWOOBO
OOOOBOOOO
OBOOBOOOW
-
W
BOOOBOOOB
OOOOBOOOO
OOOOWBOOO
BOOOWOOOO
BOWWKWOOB
BOOOWOOOB
OOOBWOOBO
OOOOBOOOO
OBOOBOWOO
-
B
BOOOBOOOB
OOOOBOOOO
OOOOWBOOO
BOOOWOOOO
BOWWKWOOB
BOOBWOOOB
OOOOWOOBO
OOOOBOOOO
OBOOBOWOO
-
W
BOOOBOWOB
OOOOBOOOO
OOOOWBOOO
BOOOWOOOO
BOWWKWOOB
BOOBWOOOB
OOOOWOOBO
OOOOBOOOO
OBOOBOOOO
-
B
BOOOBOWOB
OOOOBOOOO
OOOOWOBOO
BOOOWOOOO
BOWWKWOOB
BOOBWOOOB
OOOOWOOBO
OOOOBOOOO
OBOOBOOOO
-
W
BOOOBOOOB
OOOOBOWOO
OOOOWOBOO
BOOOWOOOO
BOWWKWOOB
BOOBWOOOB
OOOOWOOBO
OOOOBOOOO
OBOOBOOOO
-
B
BOOOBOOOB
OOOOBOWOO
OOOOWOBOO
BOOOWOOOO
BOWWKWOOB
BOOBWOOOO
OOOOWOOBB
OOOOBOOOO
OBOOBOOOO
-
W
BOOOBOOOB
OOOOBWOOO
OOOOWOBOO
BOOOWOOOO
BOWWKWOOB
BOOBWOOOO
OOOOWOOBB
OOOOBOOOO
OBOOBOOOO
-
B
Stato:
BOOOBOOOB
OOOOBWOOO
OOOOWOBOO
BOOOWOOOO
BOWWKWOOB
BOOBWOOOO
OOOOWOOOB
OOOOBOOOO
OBOOBOOBO
-
W
Waiting for W...
Suggested move: Turn: W Pawn from f5 to f8
BOOOBBOOB
OOOOBOOOO
OOOOWOOOO
BOOOWOOOO
BOWWKWOBB
BOOOWOOOB
OOOOWOOOO
OOOOBOOOO
OBOBBOOWO
-
B
BOOOBBOOB
OOOOBOOOO
OOOOWOOOO
BOOOWOOOO
BOWWKWOOB
BOOOWOOOB
OOOOWOOBO
OOOOBOOOO
OBOBBOOWO
-
W
BOOOBBOOB
OOOOBOOOO
OOOOWOOOO
BOOOWOOOO
BOWWKWOOB
BOOOWOOOB
OOOOWOOBO
OOOOBOOOO
OBOBBOWOO
-
B
BOOOBBOOB
OOOOBOOOO
OOOOWOOOO
BOOOWOOOO
BOWWKWOOB
BOOOWOOOB
OOOBWOOBO
OOOOBOOOO
OBOOBOWOO
-
W
BOOOBBOOB
OOOOBOOOO
OOOOWOOOO
BOOOWOOOO
BOWWKWOOB
BOOOWOOOB
OOOBWOOBO
OOOOBOOOO
OBOOBOOOW
-
B
BOOOBOOOB
OOOOBOOOO
OOOOWBOOO
BOOOWOOOO
BOWWKWOOB
BOOOWOOOB
OOOBWOOBO
OOOOBOOOO
OBOOBOOOW
-
W
BOOOBOOOB
OOOOBOOOO
OOOOWBOOO
BOOOWOOOO
BOWWKWOOB
BOOOWOOOB
OOOBWOOBO
OOOOBOOOO
OBOOBOWOO
-
B
BOOOBOOOB
OOOOBOOOO
OOOOWBOOO
BOOOWOOOO
BOWWKWOOB
BOOBWOOOB
OOOOWOOBO
OOOOBOOOO
OBOOBOWOO
-
W
BOOOBOWOB
OOOOBOOOO
OOOOWBOOO
BOOOWOOOO
BOWWKWOOB
BOOBWOOOB
OOOOWOOBO
OOOOBOOOO
OBOOBOOOO
-
B
BOOOBOWOB
OOOOBOOOO
OOOOWOBOO
BOOOWOOOO
BOWWKWOOB
BOOBWOOOB
OOOOWOOBO
OOOOBOOOO
OBOOBOOOO
-
W
BOOOBOOOB
OOOOBOWOO
OOOOWOBOO
BOOOWOOOO
BOWWKWOOB
BOOBWOOOB
OOOOWOOBO
OOOOBOOOO
OBOOBOOOO
-
B
BOOOBOOOB
OOOOBOWOO
OOOOWOBOO
BOOOWOOOO
BOWWKWOOB
BOOBWOOOO
OOOOWOOBB
OOOOBOOOO
OBOOBOOOO
-
W
BOOOBOOOB
OOOOBWOOO
OOOOWOBOO
BOOOWOOOO
BOWWKWOOB
BOOBWOOOO
OOOOWOOBB
OOOOBOOOO
OBOOBOOOO
-
B
BOOOBOOOB
OOOOBWOOO
OOOOWOBOO
BOOOWOOOO
BOWWKWOOB
BOOBWOOOO
OOOOWOOOB
OOOOBOOOO
OBOOBOOBO
-
W
Stato:
BOOOBOOOB
OOOOBWOOO
OOOOWOBOO
BOOOWOOOO
BOWWKOOOB
BOOBWOOOO
OOOOWOOOB
OOOOBWOOO
OBOOBOOBO
-
B
Waiting for B...
Suggested move: Turn: B Pawn from e8 to d8
BOOOBBOOB
OOOOBOOOO
OOOOWOOOO
BOOOWOOOO
BOWWKWOBB
BOOOWOOOB
OOOOWOOOO
OOOOBOOOO
OBOBBOOWO
-
B
BOOOBBOOB
OOOOBOOOO
OOOOWOOOO
BOOOWOOOO
BOWWKWOOB
BOOOWOOOB
OOOOWOOBO
OOOOBOOOO
OBOBBOOWO
-
W
BOOOBBOOB
OOOOBOOOO
OOOOWOOOO
BOOOWOOOO
BOWWKWOOB
BOOOWOOOB
OOOOWOOBO
OOOOBOOOO
OBOBBOWOO
-
B
BOOOBBOOB
OOOOBOOOO
OOOOWOOOO
BOOOWOOOO
BOWWKWOOB
BOOOWOOOB
OOOBWOOBO
OOOOBOOOO
OBOOBOWOO
-
W
BOOOBBOOB
OOOOBOOOO
OOOOWOOOO
BOOOWOOOO
BOWWKWOOB
BOOOWOOOB
OOOBWOOBO
OOOOBOOOO
OBOOBOOOW
-
B
BOOOBOOOB
OOOOBOOOO
OOOOWBOOO
BOOOWOOOO
BOWWKWOOB
BOOOWOOOB
OOOBWOOBO
OOOOBOOOO
OBOOBOOOW
-
W
BOOOBOOOB
OOOOBOOOO
OOOOWBOOO
BOOOWOOOO
BOWWKWOOB
BOOOWOOOB
OOOBWOOBO
OOOOBOOOO
OBOOBOWOO
-
B
BOOOBOOOB
OOOOBOOOO
OOOOWBOOO
BOOOWOOOO
BOWWKWOOB
BOOBWOOOB
OOOOWOOBO
OOOOBOOOO
OBOOBOWOO
-
W
BOOOBOWOB
OOOOBOOOO
OOOOWBOOO
BOOOWOOOO
BOWWKWOOB
BOOBWOOOB
OOOOWOOBO
OOOOBOOOO
OBOOBOOOO
-
B
BOOOBOWOB
OOOOBOOOO
OOOOWOBOO
BOOOWOOOO
BOWWKWOOB
BOOBWOOOB
OOOOWOOBO
OOOOBOOOO
OBOOBOOOO
-
W
BOOOBOOOB
OOOOBOWOO
OOOOWOBOO
BOOOWOOOO
BOWWKWOOB
BOOBWOOOB
OOOOWOOBO
OOOOBOOOO
OBOOBOOOO
-
B
BOOOBOOOB
OOOOBOWOO
OOOOWOBOO
BOOOWOOOO
BOWWKWOOB
BOOBWOOOO
OOOOWOOBB
OOOOBOOOO
OBOOBOOOO
-
W
BOOOBOOOB
OOOOBWOOO
OOOOWOBOO
BOOOWOOOO
BOWWKWOOB
BOOBWOOOO
OOOOWOOBB
OOOOBOOOO
OBOOBOOOO
-
B
BOOOBOOOB
OOOOBWOOO
OOOOWOBOO
BOOOWOOOO
BOWWKWOOB
BOOBWOOOO
OOOOWOOOB
OOOOBOOOO
OBOOBOOBO
-
W
BOOOBOOOB
OOOOBWOOO
OOOOWOBOO
BOOOWOOOO
BOWWKOOOB
BOOBWOOOO
OOOOWOOOB
OOOOBWOOO
OBOOBOOBO
-
B
Stato:
BOOOBOOOB
OOOOBWOOO
OOOOWOBOO
BOOOWOOOO
BOWWKOOOB
BOOBWOOOO
OOOOWOOOB
OOOBOWOOO
OBOOBOOBO
-
W
Waiting for W...
Suggested move: Turn: W Pawn from e5 to g5
BOOOBBOOB
OOOOBOOOO
OOOOWOOOO
BOOOWOOOO
BOWWKWOBB
BOOOWOOOB
OOOOWOOOO
OOOOBOOOO
OBOBBOOWO
-
B
BOOOBBOOB
OOOOBOOOO
OOOOWOOOO
BOOOWOOOO
BOWWKWOOB
BOOOWOOOB
OOOOWOOBO
OOOOBOOOO
OBOBBOOWO
-
W
BOOOBBOOB
OOOOBOOOO
OOOOWOOOO
BOOOWOOOO
BOWWKWOOB
BOOOWOOOB
OOOOWOOBO
OOOOBOOOO
OBOBBOWOO
-
B
BOOOBBOOB
OOOOBOOOO
OOOOWOOOO
BOOOWOOOO
BOWWKWOOB
BOOOWOOOB
OOOBWOOBO
OOOOBOOOO
OBOOBOWOO
-
W
BOOOBBOOB
OOOOBOOOO
OOOOWOOOO
BOOOWOOOO
BOWWKWOOB
BOOOWOOOB
OOOBWOOBO
OOOOBOOOO
OBOOBOOOW
-
B
BOOOBOOOB
OOOOBOOOO
OOOOWBOOO
BOOOWOOOO
BOWWKWOOB
BOOOWOOOB
OOOBWOOBO
OOOOBOOOO
OBOOBOOOW
-
W
BOOOBOOOB
OOOOBOOOO
OOOOWBOOO
BOOOWOOOO
BOWWKWOOB
BOOOWOOOB
OOOBWOOBO
OOOOBOOOO
OBOOBOWOO
-
B
BOOOBOOOB
OOOOBOOOO
OOOOWBOOO
BOOOWOOOO
BOWWKWOOB
BOOBWOOOB
OOOOWOOBO
OOOOBOOOO
OBOOBOWOO
-
W
BOOOBOWOB
OOOOBOOOO
OOOOWBOOO
BOOOWOOOO
BOWWKWOOB
BOOBWOOOB
OOOOWOOBO
OOOOBOOOO
OBOOBOOOO
-
B
BOOOBOWOB
OOOOBOOOO
OOOOWOBOO
BOOOWOOOO
BOWWKWOOB
BOOBWOOOB
OOOOWOOBO
OOOOBOOOO
OBOOBOOOO
-
W
BOOOBOOOB
OOOOBOWOO
OOOOWOBOO
BOOOWOOOO
BOWWKWOOB
BOOBWOOOB
OOOOWOOBO
OOOOBOOOO
OBOOBOOOO
-
B
BOOOBOOOB
OOOOBOWOO
OOOOWOBOO
BOOOWOOOO
BOWWKWOOB
BOOBWOOOO
OOOOWOOBB
OOOOBOOOO
OBOOBOOOO
-
W
BOOOBOOOB
OOOOBWOOO
OOOOWOBOO
BOOOWOOOO
BOWWKWOOB
BOOBWOOOO
OOOOWOOBB
OOOOBOOOO
OBOOBOOOO
-
B
BOOOBOOOB
OOOOBWOOO
OOOOWOBOO
BOOOWOOOO
BOWWKWOOB
BOOBWOOOO
OOOOWOOOB
OOOOBOOOO
OBOOBOOBO
-
W
BOOOBOOOB
OOOOBWOOO
OOOOWOBOO
BOOOWOOOO
BOWWKOOOB
BOOBWOOOO
OOOOWOOOB
OOOOBWOOO
OBOOBOOBO
-
B
BOOOBOOOB
OOOOBWOOO
OOOOWOBOO
BOOOWOOOO
BOWWKOOOB
BOOBWOOOO
OOOOWOOOB
OOOBOWOOO
OBOOBOOBO
-
W
Stato:
BOOOBOOOB
OOOOBWOOO
OOOOWOBOO
BOOOWOOOO
BOWWTOKOB
BOOBWOOOO
OOOOWOOOB
OOOBOWOOO
OBOOBOOBO
-
B
Waiting for B...
Suggested move: Turn: B Pawn from i7 to i8
BOOOBBOOB
OOOOBOOOO
OOOOWOOOO
BOOOWOOOO
BOWWKWOBB
BOOOWOOOB
OOOOWOOOO
OOOOBOOOO
OBOBBOOWO
-
B
BOOOBBOOB
OOOOBOOOO
OOOOWOOOO
BOOOWOOOO
BOWWKWOOB
BOOOWOOOB
OOOOWOOBO
OOOOBOOOO
OBOBBOOWO
-
W
BOOOBBOOB
OOOOBOOOO
OOOOWOOOO
BOOOWOOOO
BOWWKWOOB
BOOOWOOOB
OOOOWOOBO
OOOOBOOOO
OBOBBOWOO
-
B
BOOOBBOOB
OOOOBOOOO
OOOOWOOOO
BOOOWOOOO
BOWWKWOOB
BOOOWOOOB
OOOBWOOBO
OOOOBOOOO
OBOOBOWOO
-
W
BOOOBBOOB
OOOOBOOOO
OOOOWOOOO
BOOOWOOOO
BOWWKWOOB
BOOOWOOOB
OOOBWOOBO
OOOOBOOOO
OBOOBOOOW
-
B
BOOOBOOOB
OOOOBOOOO
OOOOWBOOO
BOOOWOOOO
BOWWKWOOB
BOOOWOOOB
OOOBWOOBO
OOOOBOOOO
OBOOBOOOW
-
W
BOOOBOOOB
OOOOBOOOO
OOOOWBOOO
BOOOWOOOO
BOWWKWOOB
BOOOWOOOB
OOOBWOOBO
OOOOBOOOO
OBOOBOWOO
-
B
BOOOBOOOB
OOOOBOOOO
OOOOWBOOO
BOOOWOOOO
BOWWKWOOB
BOOBWOOOB
OOOOWOOBO
OOOOBOOOO
OBOOBOWOO
-
W
BOOOBOWOB
OOOOBOOOO
OOOOWBOOO
BOOOWOOOO
BOWWKWOOB
BOOBWOOOB
OOOOWOOBO
OOOOBOOOO
OBOOBOOOO
-
B
BOOOBOWOB
OOOOBOOOO
OOOOWOBOO
BOOOWOOOO
BOWWKWOOB
BOOBWOOOB
OOOOWOOBO
OOOOBOOOO
OBOOBOOOO
-
W
BOOOBOOOB
OOOOBOWOO
OOOOWOBOO
BOOOWOOOO
BOWWKWOOB
BOOBWOOOB
OOOOWOOBO
OOOOBOOOO
OBOOBOOOO
-
B
BOOOBOOOB
OOOOBOWOO
OOOOWOBOO
BOOOWOOOO
BOWWKWOOB
BOOBWOOOO
OOOOWOOBB
OOOOBOOOO
OBOOBOOOO
-
W
BOOOBOOOB
OOOOBWOOO
OOOOWOBOO
BOOOWOOOO
BOWWKWOOB
BOOBWOOOO
OOOOWOOBB
OOOOBOOOO
OBOOBOOOO
-
B
BOOOBOOOB
OOOOBWOOO
OOOOWOBOO
BOOOWOOOO
BOWWKWOOB
BOOBWOOOO
OOOOWOOOB
OOOOBOOOO
OBOOBOOBO
-
W
BOOOBOOOB
OOOOBWOOO
OOOOWOBOO
BOOOWOOOO
BOWWKOOOB
BOOBWOOOO
OOOOWOOOB
OOOOBWOOO
OBOOBOOBO
-
B
BOOOBOOOB
OOOOBWOOO
OOOOWOBOO
BOOOWOOOO
BOWWKOOOB
BOOBWOOOO
OOOOWOOOB
OOOBOWOOO
OBOOBOOBO
-
W
BOOOBOOOB
OOOOBWOOO
OOOOWOBOO
BOOOWOOOO
BOWWTOKOB
BOOBWOOOO
OOOOWOOOB
OOOBOWOOO
OBOOBOOBO
-
B
Stato:
BOOOBOOOB
OOOOBWOOO
OOOOWOBOO
BOOOWOOOO
BOWWTOKOB
BOOBWOOOO
OOOOWOOOO
OOOBOWOOB
OBOOBOOBO
-
W
Waiting for W...
Suggested move: Turn: W Pawn from g5 to g9
BOOOBBOOB
OOOOBOOOO
OOOOWOOOO
BOOOWOOOO
BOWWKWOBB
BOOOWOOOB
OOOOWOOOO
OOOOBOOOO
OBOBBOOWO
-
B
BOOOBBOOB
OOOOBOOOO
OOOOWOOOO
BOOOWOOOO
BOWWKWOOB
BOOOWOOOB
OOOOWOOBO
OOOOBOOOO
OBOBBOOWO
-
W
BOOOBBOOB
OOOOBOOOO
OOOOWOOOO
BOOOWOOOO
BOWWKWOOB
BOOOWOOOB
OOOOWOOBO
OOOOBOOOO
OBOBBOWOO
-
B
BOOOBBOOB
OOOOBOOOO
OOOOWOOOO
BOOOWOOOO
BOWWKWOOB
BOOOWOOOB
OOOBWOOBO
OOOOBOOOO
OBOOBOWOO
-
W
BOOOBBOOB
OOOOBOOOO
OOOOWOOOO
BOOOWOOOO
BOWWKWOOB
BOOOWOOOB
OOOBWOOBO
OOOOBOOOO
OBOOBOOOW
-
B
BOOOBOOOB
OOOOBOOOO
OOOOWBOOO
BOOOWOOOO
BOWWKWOOB
BOOOWOOOB
OOOBWOOBO
OOOOBOOOO
OBOOBOOOW
-
W
BOOOBOOOB
OOOOBOOOO
OOOOWBOOO
BOOOWOOOO
BOWWKWOOB
BOOOWOOOB
OOOBWOOBO
OOOOBOOOO
OBOOBOWOO
-
B
BOOOBOOOB
OOOOBOOOO
OOOOWBOOO
BOOOWOOOO
BOWWKWOOB
BOOBWOOOB
OOOOWOOBO
OOOOBOOOO
OBOOBOWOO
-
W
BOOOBOWOB
OOOOBOOOO
OOOOWBOOO
BOOOWOOOO
BOWWKWOOB
BOOBWOOOB
OOOOWOOBO
OOOOBOOOO
OBOOBOOOO
-
B
BOOOBOWOB
OOOOBOOOO
OOOOWOBOO
BOOOWOOOO
BOWWKWOOB
BOOBWOOOB
OOOOWOOBO
OOOOBOOOO
OBOOBOOOO
-
W
BOOOBOOOB
OOOOBOWOO
OOOOWOBOO
BOOOWOOOO
BOWWKWOOB
BOOBWOOOB
OOOOWOOBO
OOOOBOOOO
OBOOBOOOO
-
B
BOOOBOOOB
OOOOBOWOO
OOOOWOBOO
BOOOWOOOO
BOWWKWOOB
BOOBWOOOO
OOOOWOOBB
OOOOBOOOO
OBOOBOOOO
-
W
BOOOBOOOB
OOOOBWOOO
OOOOWOBOO
BOOOWOOOO
BOWWKWOOB
BOOBWOOOO
OOOOWOOBB
OOOOBOOOO
OBOOBOOOO
-
B
BOOOBOOOB
OOOOBWOOO
OOOOWOBOO
BOOOWOOOO
BOWWKWOOB
BOOBWOOOO
OOOOWOOOB
OOOOBOOOO
OBOOBOOBO
-
W
BOOOBOOOB
OOOOBWOOO
OOOOWOBOO
BOOOWOOOO
BOWWKOOOB
BOOBWOOOO
OOOOWOOOB
OOOOBWOOO
OBOOBOOBO
-
B
BOOOBOOOB
OOOOBWOOO
OOOOWOBOO
BOOOWOOOO
BOWWKOOOB
BOOBWOOOO
OOOOWOOOB
OOOBOWOOO
OBOOBOOBO
-
W
BOOOBOOOB
OOOOBWOOO
OOOOWOBOO
BOOOWOOOO
BOWWTOKOB
BOOBWOOOO
OOOOWOOOB
OOOBOWOOO
OBOOBOOBO
-
B
BOOOBOOOB
OOOOBWOOO
OOOOWOBOO
BOOOWOOOO
BOWWTOKOB
BOOBWOOOO
OOOOWOOOO
OOOBOWOOB
OBOOBOOBO
-
W
Stato:
BOOOBOOOB
OOOOBWOOO
OOOOWOBOO
BOOOWOOOO
BOWWTOOOB
BOOBWOOOO
OOOOWOOOO
OOOBOWOOB
OBOOBOKBO
-
WW
END OF THE GAME
RESULT: PLAYER WHITE WIN
