usage: java Server
 -c,--cache <arg>           cache must be an integer, negative value means
                            infinite; default: infinite
 -e,--errors <arg>          errors must be an integer >= 0; default: 0
 -g,--enableGUI             enableGUI if option is present
 -r,--game rules <arg>      game rules must be an integer; 1 for Tablut, 2
                            for Modern, 3 for Brandub, 4 for Ashton;
                            default: 4
 -s,--repeatedState <arg>   repeatedStates must be an integer >= 0;
                            default: 0
 -t,--time <arg>            time must be an integer (number of seconds);
                            default: 60
/Users/pelle/Development/GitHub/tablut-challenge/games_executor/logs/1732885528062_systemLog.txt
Waiting for connections...
White player name:	flag1
Black player name:	grey
Clients connected..
Waiting for W...
Suggested move: Turn: W Pawn from g5 to g9
Stato:
OOOBBBOOO
OOOOBOOOO
OOOOWOOOO
BOOOWOOOB
BBWWKWOBB
BOOOWOOOB
OOOOWOOOO
OOOOBOOOO
OOOBBBWOO
-
B
Waiting for B...
Suggested move: Turn: B Pawn from h5 to g5
Stato:
OOOBBBOOO
OOOOBOOOO
OOOOWOOOO
BOOOWOOOB
BBWWKOBOB
BOOOWOOOB
OOOOWOOOO
OOOOBOOOO
OOOBBBWOO
-
W
Waiting for W...
Suggested move: Turn: W Pawn from e5 to f5
Stato:
OOOBBBOOO
OOOOBOOOO
OOOOWOOOO
BOOOWOOOB
BBWWTKOOB
BOOOWOOOB
OOOOWOOOO
OOOOBOOOO
OOOBBBWOO
-
B
Waiting for B...
Suggested move: Turn: B Pawn from i6 to f6
OOOBBBOOO
OOOOBOOOO
OOOOWOOOO
BOOOWOOOB
BBWWTKOOB
BOOOWOOOB
OOOOWOOOO
OOOOBOOOO
OOOBBBWOO
-
B
Stato:
OOOBBBOOO
OOOOBOOOO
OOOOWOOOO
BOOOWOOOB
BBWWTKOOB
BOOOWBOOO
OOOOWOOOO
OOOOBOOOO
OOOBBBWOO
-
W
Waiting for W...
Suggested move: Turn: W Pawn from g9 to g1
OOOBBBOOO
OOOOBOOOO
OOOOWOOOO
BOOOWOOOB
BBWWTKOOB
BOOOWOOOB
OOOOWOOOO
OOOOBOOOO
OOOBBBWOO
-
B
OOOBBBOOO
OOOOBOOOO
OOOOWOOOO
BOOOWOOOB
BBWWTKOOB
BOOOWBOOO
OOOOWOOOO
OOOOBOOOO
OOOBBBWOO
-
W
Stato:
OOOBBBWOO
OOOOBOOOO
OOOOWOOOO
BOOOWOOOB
BBWWTKOOB
BOOOWBOOO
OOOOWOOOO
OOOOBOOOO
OOOBBBOOO
-
B
Waiting for B...
Suggested move: Turn: B Pawn from i4 to f4
Ho il re sotto
OOOBBBOOO
OOOOBOOOO
OOOOWOOOO
BOOOWOOOB
BBWWTKOOB
BOOOWOOOB
OOOOWOOOO
OOOOBOOOO
OOOBBBWOO
-
B
OOOBBBOOO
OOOOBOOOO
OOOOWOOOO
BOOOWOOOB
BBWWTKOOB
BOOOWBOOO
OOOOWOOOO
OOOOBOOOO
OOOBBBWOO
-
W
OOOBBBWOO
OOOOBOOOO
OOOOWOOOO
BOOOWOOOB
BBWWTKOOB
BOOOWBOOO
OOOOWOOOO
OOOOBOOOO
OOOBBBOOO
-
B
Stato:
OOOBBBWOO
OOOOBOOOO
OOOOWOOOO
BOOOWBOOO
BBWWTKOOB
BOOOWBOOO
OOOOWOOOO
OOOOBOOOO
OOOBBBOOO
-
W
Waiting for W...
Suggested move: Turn: W Pawn from g1 to g9
OOOBBBOOO
OOOOBOOOO
OOOOWOOOO
BOOOWOOOB
BBWWTKOOB
BOOOWOOOB
OOOOWOOOO
OOOOBOOOO
OOOBBBWOO
-
B
OOOBBBOOO
OOOOBOOOO
OOOOWOOOO
BOOOWOOOB
BBWWTKOOB
BOOOWBOOO
OOOOWOOOO
OOOOBOOOO
OOOBBBWOO
-
W
OOOBBBWOO
OOOOBOOOO
OOOOWOOOO
BOOOWOOOB
BBWWTKOOB
BOOOWBOOO
OOOOWOOOO
OOOOBOOOO
OOOBBBOOO
-
B
OOOBBBWOO
OOOOBOOOO
OOOOWOOOO
BOOOWBOOO
BBWWTKOOB
BOOOWBOOO
OOOOWOOOO
OOOOBOOOO
OOOBBBOOO
-
W
Stato:
OOOBBBOOO
OOOOBOOOO
OOOOWOOOO
BOOOWBOOO
BBWWTKOOB
BOOOWBOOO
OOOOWOOOO
OOOOBOOOO
OOOBBBWOO
-
B
Waiting for B...
Suggested move: Turn: B Pawn from f9 to f7
OOOBBBOOO
OOOOBOOOO
OOOOWOOOO
BOOOWOOOB
BBWWTKOOB
BOOOWOOOB
OOOOWOOOO
OOOOBOOOO
OOOBBBWOO
-
B
OOOBBBOOO
OOOOBOOOO
OOOOWOOOO
BOOOWOOOB
BBWWTKOOB
BOOOWBOOO
OOOOWOOOO
OOOOBOOOO
OOOBBBWOO
-
W
OOOBBBWOO
OOOOBOOOO
OOOOWOOOO
BOOOWOOOB
BBWWTKOOB
BOOOWBOOO
OOOOWOOOO
OOOOBOOOO
OOOBBBOOO
-
B
OOOBBBWOO
OOOOBOOOO
OOOOWOOOO
BOOOWBOOO
BBWWTKOOB
BOOOWBOOO
OOOOWOOOO
OOOOBOOOO
OOOBBBOOO
-
W
OOOBBBOOO
OOOOBOOOO
OOOOWOOOO
BOOOWBOOO
BBWWTKOOB
BOOOWBOOO
OOOOWOOOO
OOOOBOOOO
OOOBBBWOO
-
B
Stato:
OOOBBBOOO
OOOOBOOOO
OOOOWOOOO
BOOOWBOOO
BBWWTKOOB
BOOOWBOOO
OOOOWBOOO
OOOOBOOOO
OOOBBOWOO
-
W
Waiting for W...
Suggested move: Turn: W Pawn from g9 to g1
OOOBBBOOO
OOOOBOOOO
OOOOWOOOO
BOOOWOOOB
BBWWTKOOB
BOOOWOOOB
OOOOWOOOO
OOOOBOOOO
OOOBBBWOO
-
B
OOOBBBOOO
OOOOBOOOO
OOOOWOOOO
BOOOWOOOB
BBWWTKOOB
BOOOWBOOO
OOOOWOOOO
OOOOBOOOO
OOOBBBWOO
-
W
OOOBBBWOO
OOOOBOOOO
OOOOWOOOO
BOOOWOOOB
BBWWTKOOB
BOOOWBOOO
OOOOWOOOO
OOOOBOOOO
OOOBBBOOO
-
B
OOOBBBWOO
OOOOBOOOO
OOOOWOOOO
BOOOWBOOO
BBWWTKOOB
BOOOWBOOO
OOOOWOOOO
OOOOBOOOO
OOOBBBOOO
-
W
OOOBBBOOO
OOOOBOOOO
OOOOWOOOO
BOOOWBOOO
BBWWTKOOB
BOOOWBOOO
OOOOWOOOO
OOOOBOOOO
OOOBBBWOO
-
B
OOOBBBOOO
OOOOBOOOO
OOOOWOOOO
BOOOWBOOO
BBWWTKOOB
BOOOWBOOO
OOOOWBOOO
OOOOBOOOO
OOOBBOWOO
-
W
Stato:
OOOBBBWOO
OOOOBOOOO
OOOOWOOOO
BOOOWBOOO
BBWWTKOOB
BOOOWBOOO
OOOOWBOOO
OOOOBOOOO
OOOBBOOOO
-
B
Waiting for B...
Suggested move: Turn: B Pawn from f7 to f8
OOOBBBOOO
OOOOBOOOO
OOOOWOOOO
BOOOWOOOB
BBWWTKOOB
BOOOWOOOB
OOOOWOOOO
OOOOBOOOO
OOOBBBWOO
-
B
OOOBBBOOO
OOOOBOOOO
OOOOWOOOO
BOOOWOOOB
BBWWTKOOB
BOOOWBOOO
OOOOWOOOO
OOOOBOOOO
OOOBBBWOO
-
W
OOOBBBWOO
OOOOBOOOO
OOOOWOOOO
BOOOWOOOB
BBWWTKOOB
BOOOWBOOO
OOOOWOOOO
OOOOBOOOO
OOOBBBOOO
-
B
OOOBBBWOO
OOOOBOOOO
OOOOWOOOO
BOOOWBOOO
BBWWTKOOB
BOOOWBOOO
OOOOWOOOO
OOOOBOOOO
OOOBBBOOO
-
W
OOOBBBOOO
OOOOBOOOO
OOOOWOOOO
BOOOWBOOO
BBWWTKOOB
BOOOWBOOO
OOOOWOOOO
OOOOBOOOO
OOOBBBWOO
-
B
OOOBBBOOO
OOOOBOOOO
OOOOWOOOO
BOOOWBOOO
BBWWTKOOB
BOOOWBOOO
OOOOWBOOO
OOOOBOOOO
OOOBBOWOO
-
W
OOOBBBWOO
OOOOBOOOO
OOOOWOOOO
BOOOWBOOO
BBWWTKOOB
BOOOWBOOO
OOOOWBOOO
OOOOBOOOO
OOOBBOOOO
-
B
Stato:
OOOBBBWOO
OOOOBOOOO
OOOOWOOOO
BOOOWBOOO
BBWWTKOOB
BOOOWBOOO
OOOOWOOOO
OOOOBBOOO
OOOBBOOOO
-
W
Waiting for W...
Suggested move: Turn: W Pawn from g1 to g8
Stato:
OOOBBBOOO
OOOOBOOOO
OOOOWOOOO
BOOOWBOOO
BBWWTKOOB
BOOOWBOOO
OOOOWOOOO
OOOOBOWOO
OOOBBOOOO
-
B
Waiting for B...
Suggested move: Turn: B Pawn from f6 to f8
OOOBBBOOO
OOOOBOOOO
OOOOWOOOO
BOOOWBOOO
BBWWTKOOB
BOOOWBOOO
OOOOWOOOO
OOOOBOWOO
OOOBBOOOO
-
B
Stato:
OOOBBBOOO
OOOOBOOOO
OOOOWOOOO
BOOOWBOOO
BBWWTKOOB
BOOOWOOOO
OOOOWOOOO
OOOOBBWOO
OOOBBOOOO
-
W
Waiting for W...
Suggested move: Turn: W Pawn from f5 to f7
Stato:
OOOBBBOOO
OOOOBOOOO
OOOOWOOOO
BOOOWBOOO
BBWWTOOOB
BOOOWOOOO
OOOOWKOOO
OOOOBOWOO
OOOBBOOOO
-
B
Waiting for B...
Suggested move: Turn: B Pawn from f4 to f6
Ho il re sotto
OOOBBBOOO
OOOOBOOOO
OOOOWOOOO
BOOOWBOOO
BBWWTOOOB
BOOOWOOOO
OOOOWKOOO
OOOOBOWOO
OOOBBOOOO
-
B
Stato:
OOOBBBOOO
OOOOBOOOO
OOOOWOOOO
BOOOWOOOO
BBWWTOOOB
BOOOWBOOO
OOOOWKOOO
OOOOBOWOO
OOOBBOOOO
-
W
Waiting for W...
Suggested move: Turn: W Pawn from g8 to g1
OOOBBBOOO
OOOOBOOOO
OOOOWOOOO
BOOOWBOOO
BBWWTOOOB
BOOOWOOOO
OOOOWKOOO
OOOOBOWOO
OOOBBOOOO
-
B
OOOBBBOOO
OOOOBOOOO
OOOOWOOOO
BOOOWOOOO
BBWWTOOOB
BOOOWBOOO
OOOOWKOOO
OOOOBOWOO
OOOBBOOOO
-
W
Stato:
OOOBBBWOO
OOOOBOOOO
OOOOWOOOO
BOOOWOOOO
BBWWTOOOB
BOOOWBOOO
OOOOWKOOO
OOOOBOOOO
OOOBBOOOO
-
B
Waiting for B...
Suggested move: Turn: B Pawn from f6 to h6
OOOBBBOOO
OOOOBOOOO
OOOOWOOOO
BOOOWBOOO
BBWWTOOOB
BOOOWOOOO
OOOOWKOOO
OOOOBOWOO
OOOBBOOOO
-
B
OOOBBBOOO
OOOOBOOOO
OOOOWOOOO
BOOOWOOOO
BBWWTOOOB
BOOOWBOOO
OOOOWKOOO
OOOOBOWOO
OOOBBOOOO
-
W
OOOBBBWOO
OOOOBOOOO
OOOOWOOOO
BOOOWOOOO
BBWWTOOOB
BOOOWBOOO
OOOOWKOOO
OOOOBOOOO
OOOBBOOOO
-
B
Stato:
OOOBBBWOO
OOOOBOOOO
OOOOWOOOO
BOOOWOOOO
BBWWTOOOB
BOOOWOOBO
OOOOWKOOO
OOOOBOOOO
OOOBBOOOO
-
W
Waiting for W...
Suggested move: Turn: W Pawn from f7 to h7
Stato:
OOOBBBWOO
OOOOBOOOO
OOOOWOOOO
BOOOWOOOO
BBWWTOOOB
BOOOWOOOO
OOOOWOOKO
OOOOBOOOO
OOOBBOOOO
-
B
Waiting for B...
Suggested move: Turn: B Pawn from f1 to f8
OOOBBBWOO
OOOOBOOOO
OOOOWOOOO
BOOOWOOOO
BBWWTOOOB
BOOOWOOOO
OOOOWOOKO
OOOOBOOOO
OOOBBOOOO
-
B
Stato:
OOOBBOWOO
OOOOBOOOO
OOOOWOOOO
BOOOWOOOO
BBWWTOOOB
BOOOWOOOO
OOOOWOOKO
OOOOBBOOO
OOOBBOOOO
-
W
Waiting for W...
Suggested move: Turn: W Pawn from h7 to f7
Stato:
OOOBBOWOO
OOOOBOOOO
OOOOWOOOO
BOOOWOOOO
BBWWTOOOB
BOOOWOOOO
OOOOWKOOO
OOOOBOOOO
OOOBBOOOO
-
B
Waiting for B...
Suggested move: Turn: B Pawn from e8 to a8
OOOBBOWOO
OOOOBOOOO
OOOOWOOOO
BOOOWOOOO
BBWWTOOOB
BOOOWOOOO
OOOOWKOOO
OOOOBOOOO
OOOBBOOOO
-
B
Stato:
OOOBBOWOO
OOOOBOOOO
OOOOWOOOO
BOOOWOOOO
BBWWTOOOB
BOOOWOOOO
OOOOWKOOO
BOOOOOOOO
OOOBBOOOO
-
W
Waiting for W...
Suggested move: Turn: W Pawn from e7 to a7
OOOBBOWOO
OOOOBOOOO
OOOOWOOOO
BOOOWOOOO
BBWWTOOOB
BOOOWOOOO
OOOOWKOOO
OOOOBOOOO
OOOBBOOOO
-
B
OOOBBOWOO
OOOOBOOOO
OOOOWOOOO
BOOOWOOOO
BBWWTOOOB
BOOOWOOOO
OOOOWKOOO
BOOOOOOOO
OOOBBOOOO
-
W
Stato:
OOOBBOWOO
OOOOBOOOO
OOOOWOOOO
BOOOWOOOO
BBWWTOOOB
BOOOWOOOO
WOOOOKOOO
BOOOOOOOO
OOOBBOOOO
-
B
Waiting for B...
Suggested move: Turn: B Pawn from e2 to a2
OOOBBOWOO
OOOOBOOOO
OOOOWOOOO
BOOOWOOOO
BBWWTOOOB
BOOOWOOOO
OOOOWKOOO
OOOOBOOOO
OOOBBOOOO
-
B
OOOBBOWOO
OOOOBOOOO
OOOOWOOOO
BOOOWOOOO
BBWWTOOOB
BOOOWOOOO
OOOOWKOOO
BOOOOOOOO
OOOBBOOOO
-
W
OOOBBOWOO
OOOOBOOOO
OOOOWOOOO
BOOOWOOOO
BBWWTOOOB
BOOOWOOOO
WOOOOKOOO
BOOOOOOOO
OOOBBOOOO
-
B
Stato:
OOOBBOWOO
BOOOOOOOO
OOOOWOOOO
BOOOWOOOO
BBWWTOOOB
BOOOWOOOO
WOOOOKOOO
BOOOOOOOO
OOOBBOOOO
-
W
Waiting for W...
Suggested move: Turn: W Pawn from e3 to a3
OOOBBOWOO
OOOOBOOOO
OOOOWOOOO
BOOOWOOOO
BBWWTOOOB
BOOOWOOOO
OOOOWKOOO
OOOOBOOOO
OOOBBOOOO
-
B
OOOBBOWOO
OOOOBOOOO
OOOOWOOOO
BOOOWOOOO
BBWWTOOOB
BOOOWOOOO
OOOOWKOOO
BOOOOOOOO
OOOBBOOOO
-
W
OOOBBOWOO
OOOOBOOOO
OOOOWOOOO
BOOOWOOOO
BBWWTOOOB
BOOOWOOOO
WOOOOKOOO
BOOOOOOOO
OOOBBOOOO
-
B
OOOBBOWOO
BOOOOOOOO
OOOOWOOOO
BOOOWOOOO
BBWWTOOOB
BOOOWOOOO
WOOOOKOOO
BOOOOOOOO
OOOBBOOOO
-
W
Stato:
OOOBBOWOO
BOOOOOOOO
WOOOOOOOO
BOOOWOOOO
BBWWTOOOB
BOOOWOOOO
WOOOOKOOO
BOOOOOOOO
OOOBBOOOO
-
B
Waiting for B...
Suggested move: Turn: B Pawn from d9 to a9
OOOBBOWOO
OOOOBOOOO
OOOOWOOOO
BOOOWOOOO
BBWWTOOOB
BOOOWOOOO
OOOOWKOOO
OOOOBOOOO
OOOBBOOOO
-
B
OOOBBOWOO
OOOOBOOOO
OOOOWOOOO
BOOOWOOOO
BBWWTOOOB
BOOOWOOOO
OOOOWKOOO
BOOOOOOOO
OOOBBOOOO
-
W
OOOBBOWOO
OOOOBOOOO
OOOOWOOOO
BOOOWOOOO
BBWWTOOOB
BOOOWOOOO
WOOOOKOOO
BOOOOOOOO
OOOBBOOOO
-
B
OOOBBOWOO
BOOOOOOOO
OOOOWOOOO
BOOOWOOOO
BBWWTOOOB
BOOOWOOOO
WOOOOKOOO
BOOOOOOOO
OOOBBOOOO
-
W
OOOBBOWOO
BOOOOOOOO
WOOOOOOOO
BOOOWOOOO
BBWWTOOOB
BOOOWOOOO
WOOOOKOOO
BOOOOOOOO
OOOBBOOOO
-
B
Stato:
OOOBBOWOO
BOOOOOOOO
WOOOOOOOO
BOOOWOOOO
BBWWTOOOB
BOOOWOOOO
WOOOOKOOO
BOOOOOOOO
BOOOBOOOO
-
W
Waiting for W...
Suggested move: Turn: W Pawn from f7 to b7
OOOBBOWOO
OOOOBOOOO
OOOOWOOOO
BOOOWOOOO
BBWWTOOOB
BOOOWOOOO
OOOOWKOOO
OOOOBOOOO
OOOBBOOOO
-
B
OOOBBOWOO
OOOOBOOOO
OOOOWOOOO
BOOOWOOOO
BBWWTOOOB
BOOOWOOOO
OOOOWKOOO
BOOOOOOOO
OOOBBOOOO
-
W
OOOBBOWOO
OOOOBOOOO
OOOOWOOOO
BOOOWOOOO
BBWWTOOOB
BOOOWOOOO
WOOOOKOOO
BOOOOOOOO
OOOBBOOOO
-
B
OOOBBOWOO
BOOOOOOOO
OOOOWOOOO
BOOOWOOOO
BBWWTOOOB
BOOOWOOOO
WOOOOKOOO
BOOOOOOOO
OOOBBOOOO
-
W
OOOBBOWOO
BOOOOOOOO
WOOOOOOOO
BOOOWOOOO
BBWWTOOOB
BOOOWOOOO
WOOOOKOOO
BOOOOOOOO
OOOBBOOOO
-
B
OOOBBOWOO
BOOOOOOOO
WOOOOOOOO
BOOOWOOOO
BBWWTOOOB
BOOOWOOOO
WOOOOKOOO
BOOOOOOOO
BOOOBOOOO
-
W
Stato:
OOOBBOWOO
BOOOOOOOO
WOOOOOOOO
BOOOWOOOO
BBWWTOOOB
BOOOWOOOO
WKOOOOOOO
BOOOOOOOO
BOOOBOOOO
-
B
Waiting for B...
Suggested move: Turn: B Pawn from d1 to a1
OOOBBOWOO
OOOOBOOOO
OOOOWOOOO
BOOOWOOOO
BBWWTOOOB
BOOOWOOOO
OOOOWKOOO
OOOOBOOOO
OOOBBOOOO
-
B
OOOBBOWOO
OOOOBOOOO
OOOOWOOOO
BOOOWOOOO
BBWWTOOOB
BOOOWOOOO
OOOOWKOOO
BOOOOOOOO
OOOBBOOOO
-
W
OOOBBOWOO
OOOOBOOOO
OOOOWOOOO
BOOOWOOOO
BBWWTOOOB
BOOOWOOOO
WOOOOKOOO
BOOOOOOOO
OOOBBOOOO
-
B
OOOBBOWOO
BOOOOOOOO
OOOOWOOOO
BOOOWOOOO
BBWWTOOOB
BOOOWOOOO
WOOOOKOOO
BOOOOOOOO
OOOBBOOOO
-
W
OOOBBOWOO
BOOOOOOOO
WOOOOOOOO
BOOOWOOOO
BBWWTOOOB
BOOOWOOOO
WOOOOKOOO
BOOOOOOOO
OOOBBOOOO
-
B
OOOBBOWOO
BOOOOOOOO
WOOOOOOOO
BOOOWOOOO
BBWWTOOOB
BOOOWOOOO
WOOOOKOOO
BOOOOOOOO
BOOOBOOOO
-
W
OOOBBOWOO
BOOOOOOOO
WOOOOOOOO
BOOOWOOOO
BBWWTOOOB
BOOOWOOOO
WKOOOOOOO
BOOOOOOOO
BOOOBOOOO
-
B
Stato:
BOOOBOWOO
BOOOOOOOO
WOOOOOOOO
BOOOWOOOO
BBWWTOOOB
BOOOWOOOO
WKOOOOOOO
BOOOOOOOO
BOOOBOOOO
-
W
Waiting for W...
Suggested move: Turn: W Pawn from b7 to b9
OOOBBOWOO
OOOOBOOOO
OOOOWOOOO
BOOOWOOOO
BBWWTOOOB
BOOOWOOOO
OOOOWKOOO
OOOOBOOOO
OOOBBOOOO
-
B
OOOBBOWOO
OOOOBOOOO
OOOOWOOOO
BOOOWOOOO
BBWWTOOOB
BOOOWOOOO
OOOOWKOOO
BOOOOOOOO
OOOBBOOOO
-
W
OOOBBOWOO
OOOOBOOOO
OOOOWOOOO
BOOOWOOOO
BBWWTOOOB
BOOOWOOOO
WOOOOKOOO
BOOOOOOOO
OOOBBOOOO
-
B
OOOBBOWOO
BOOOOOOOO
OOOOWOOOO
BOOOWOOOO
BBWWTOOOB
BOOOWOOOO
WOOOOKOOO
BOOOOOOOO
OOOBBOOOO
-
W
OOOBBOWOO
BOOOOOOOO
WOOOOOOOO
BOOOWOOOO
BBWWTOOOB
BOOOWOOOO
WOOOOKOOO
BOOOOOOOO
OOOBBOOOO
-
B
OOOBBOWOO
BOOOOOOOO
WOOOOOOOO
BOOOWOOOO
BBWWTOOOB
BOOOWOOOO
WOOOOKOOO
BOOOOOOOO
BOOOBOOOO
-
W
OOOBBOWOO
BOOOOOOOO
WOOOOOOOO
BOOOWOOOO
BBWWTOOOB
BOOOWOOOO
WKOOOOOOO
BOOOOOOOO
BOOOBOOOO
-
B
BOOOBOWOO
BOOOOOOOO
WOOOOOOOO
BOOOWOOOO
BBWWTOOOB
BOOOWOOOO
WKOOOOOOO
BOOOOOOOO
BOOOBOOOO
-
W
Stato:
BOOOBOWOO
BOOOOOOOO
WOOOOOOOO
BOOOWOOOO
BBWWTOOOB
BOOOWOOOO
WOOOOOOOO
BOOOOOOOO
BKOOBOOOO
-
WW
END OF THE GAME
RESULT: PLAYER WHITE WIN
