usage: java Server
 -c,--cache <arg>           cache must be an integer, negative value means
                            infinite; default: infinite
 -e,--errors <arg>          errors must be an integer >= 0; default: 0
 -g,--enableGUI             enableGUI if option is present
 -r,--game rules <arg>      game rules must be an integer; 1 for Tablut, 2
                            for Modern, 3 for Brandub, 4 for Ashton;
                            default: 4
 -s,--repeatedState <arg>   repeatedStates must be an integer >= 0;
                            default: 0
 -t,--time <arg>            time must be an integer (number of seconds);
                            default: 60
/Users/pelle/Development/GitHub/tablut-challenge/games_executor/logs/1732886713937_systemLog.txt
Waiting for connections...
White player name:	flag2
Black player name:	random
Clients connected..
Waiting for W...
Suggested move: Turn: W Pawn from g5 to g9
Stato:
OOOBBBOOO
OOOOBOOOO
OOOOWOOOO
BOOOWOOOB
BBWWKWOBB
BOOOWOOOB
OOOOWOOOO
OOOOBOOOO
OOOBBBWOO
-
B
Waiting for B...
Suggested move: Turn: B Pawn from h5 to h9
Stato:
OOOBBBOOO
OOOOBOOOO
OOOOWOOOO
BOOOWOOOB
BBWWKWOOB
BOOOWOOOB
OOOOWOOOO
OOOOBOOOO
OOOBBBOBO
-
W
Waiting for W...
Suggested move: Turn: W Pawn from f5 to f8
OOOBBBOOO
OOOOBOOOO
OOOOWOOOO
BOOOWOOOB
BBWWKWOOB
BOOOWOOOB
OOOOWOOOO
OOOOBOOOO
OOOBBBOBO
-
W
Stato:
OOOBBBOOO
OOOOBOOOO
OOOOWOOOO
BOOOWOOOB
BBWWKOOOB
BOOOWOOOB
OOOOWOOOO
OOOOBWOOO
OOOBBBOBO
-
B
Waiting for B...
Suggested move: Turn: B Pawn from d1 to d4
OOOBBBOOO
OOOOBOOOO
OOOOWOOOO
BOOOWOOOB
BBWWKWOOB
BOOOWOOOB
OOOOWOOOO
OOOOBOOOO
OOOBBBOBO
-
W
OOOBBBOOO
OOOOBOOOO
OOOOWOOOO
BOOOWOOOB
BBWWKOOOB
BOOOWOOOB
OOOOWOOOO
OOOOBWOOO
OOOBBBOBO
-
B
Stato:
OOOOBBOOO
OOOOBOOOO
OOOOWOOOO
BOOBWOOOB
BBWWKOOOB
BOOOWOOOB
OOOOWOOOO
OOOOBWOOO
OOOBBBOBO
-
W
Waiting for W...
Suggested move: Turn: W Pawn from e5 to g5
OOOBBBOOO
OOOOBOOOO
OOOOWOOOO
BOOOWOOOB
BBWWKWOOB
BOOOWOOOB
OOOOWOOOO
OOOOBOOOO
OOOBBBOBO
-
W
OOOBBBOOO
OOOOBOOOO
OOOOWOOOO
BOOOWOOOB
BBWWKOOOB
BOOOWOOOB
OOOOWOOOO
OOOOBWOOO
OOOBBBOBO
-
B
OOOOBBOOO
OOOOBOOOO
OOOOWOOOO
BOOBWOOOB
BBWWKOOOB
BOOOWOOOB
OOOOWOOOO
OOOOBWOOO
OOOBBBOBO
-
W
Stato:
OOOOBBOOO
OOOOBOOOO
OOOOWOOOO
BOOBWOOOB
BBWWTOKOB
BOOOWOOOB
OOOOWOOOO
OOOOBWOOO
OOOBBBOBO
-
B
Waiting for B...
Suggested move: Turn: B Pawn from f1 to f4
Stato:
OOOOBOOOO
OOOOBOOOO
OOOOWOOOO
BOOBOBOOB
BBWWTOKOB
BOOOWOOOB
OOOOWOOOO
OOOOBWOOO
OOOBBBOBO
-
W
Waiting for W...
Suggested move: Turn: W Pawn from g5 to f5
OOOOBOOOO
OOOOBOOOO
OOOOWOOOO
BOOBOBOOB
BBWWTOKOB
BOOOWOOOB
OOOOWOOOO
OOOOBWOOO
OOOBBBOBO
-
W
Stato:
OOOOBOOOO
OOOOBOOOO
OOOOWOOOO
BOOBOBOOB
BBWWTKOOB
BOOOWOOOB
OOOOWOOOO
OOOOBWOOO
OOOBBBOBO
-
B
Waiting for B...
Suggested move: Turn: B Pawn from i4 to i2
OOOOBOOOO
OOOOBOOOO
OOOOWOOOO
BOOBOBOOB
BBWWTOKOB
BOOOWOOOB
OOOOWOOOO
OOOOBWOOO
OOOBBBOBO
-
W
OOOOBOOOO
OOOOBOOOO
OOOOWOOOO
BOOBOBOOB
BBWWTKOOB
BOOOWOOOB
OOOOWOOOO
OOOOBWOOO
OOOBBBOBO
-
B
Stato:
OOOOBOOOO
OOOOBOOOB
OOOOWOOOO
BOOBOBOOO
BBWWTKOOB
BOOOWOOOB
OOOOWOOOO
OOOOBWOOO
OOOBBBOBO
-
W
Waiting for W...
Suggested move: Turn: W Pawn from f5 to f7
OOOOBOOOO
OOOOBOOOO
OOOOWOOOO
BOOBOBOOB
BBWWTOKOB
BOOOWOOOB
OOOOWOOOO
OOOOBWOOO
OOOBBBOBO
-
W
OOOOBOOOO
OOOOBOOOO
OOOOWOOOO
BOOBOBOOB
BBWWTKOOB
BOOOWOOOB
OOOOWOOOO
OOOOBWOOO
OOOBBBOBO
-
B
OOOOBOOOO
OOOOBOOOB
OOOOWOOOO
BOOBOBOOO
BBWWTKOOB
BOOOWOOOB
OOOOWOOOO
OOOOBWOOO
OOOBBBOBO
-
W
Stato:
OOOOBOOOO
OOOOBOOOB
OOOOWOOOO
BOOBOBOOO
BBWWTOOOB
BOOOWOOOB
OOOOWKOOO
OOOOBWOOO
OOOBBBOBO
-
B
Waiting for B...
Suggested move: Turn: B Pawn from h9 to g9
OOOOBOOOO
OOOOBOOOO
OOOOWOOOO
BOOBOBOOB
BBWWTOKOB
BOOOWOOOB
OOOOWOOOO
OOOOBWOOO
OOOBBBOBO
-
W
OOOOBOOOO
OOOOBOOOO
OOOOWOOOO
BOOBOBOOB
BBWWTKOOB
BOOOWOOOB
OOOOWOOOO
OOOOBWOOO
OOOBBBOBO
-
B
OOOOBOOOO
OOOOBOOOB
OOOOWOOOO
BOOBOBOOO
BBWWTKOOB
BOOOWOOOB
OOOOWOOOO
OOOOBWOOO
OOOBBBOBO
-
W
OOOOBOOOO
OOOOBOOOB
OOOOWOOOO
BOOBOBOOO
BBWWTOOOB
BOOOWOOOB
OOOOWKOOO
OOOOBWOOO
OOOBBBOBO
-
B
Stato:
OOOOBOOOO
OOOOBOOOB
OOOOWOOOO
BOOBOBOOO
BBWWTOOOB
BOOOWOOOB
OOOOWKOOO
OOOOBWOOO
OOOBBBBOO
-
W
Waiting for W...
Suggested move: Turn: W Pawn from f7 to i7
OOOOBOOOO
OOOOBOOOO
OOOOWOOOO
BOOBOBOOB
BBWWTOKOB
BOOOWOOOB
OOOOWOOOO
OOOOBWOOO
OOOBBBOBO
-
W
OOOOBOOOO
OOOOBOOOO
OOOOWOOOO
BOOBOBOOB
BBWWTKOOB
BOOOWOOOB
OOOOWOOOO
OOOOBWOOO
OOOBBBOBO
-
B
OOOOBOOOO
OOOOBOOOB
OOOOWOOOO
BOOBOBOOO
BBWWTKOOB
BOOOWOOOB
OOOOWOOOO
OOOOBWOOO
OOOBBBOBO
-
W
OOOOBOOOO
OOOOBOOOB
OOOOWOOOO
BOOBOBOOO
BBWWTOOOB
BOOOWOOOB
OOOOWKOOO
OOOOBWOOO
OOOBBBOBO
-
B
OOOOBOOOO
OOOOBOOOB
OOOOWOOOO
BOOBOBOOO
BBWWTOOOB
BOOOWOOOB
OOOOWKOOO
OOOOBWOOO
OOOBBBBOO
-
W
Stato:
OOOOBOOOO
OOOOBOOOB
OOOOWOOOO
BOOBOBOOO
BBWWTOOOB
BOOOWOOOB
OOOOWOOOK
OOOOBWOOO
OOOBBBBOO
-
WW
END OF THE GAME
RESULT: PLAYER WHITE WIN
