usage: java Server
 -c,--cache <arg>           cache must be an integer, negative value means
                            infinite; default: infinite
 -e,--errors <arg>          errors must be an integer >= 0; default: 0
 -g,--enableGUI             enableGUI if option is present
 -r,--game rules <arg>      game rules must be an integer; 1 for Tablut, 2
                            for Modern, 3 for Brandub, 4 for Ashton;
                            default: 4
 -s,--repeatedState <arg>   repeatedStates must be an integer >= 0;
                            default: 0
 -t,--time <arg>            time must be an integer (number of seconds);
                            default: 60
/Users/pelle/Development/GitHub/tablut-challenge/games_executor/logs/1732886204403_systemLog.txt
Waiting for connections...
White player name:	grey
Black player name:	random
Clients connected..
Waiting for W...
Suggested move: Turn: W Pawn from e6 to d6
Stato:
OOOBBBOOO
OOOOBOOOO
OOOOWOOOO
BOOOWOOOB
BBWWKWWBB
BOOWOOOOB
OOOOWOOOO
OOOOBOOOO
OOOBBBOOO
-
B
Waiting for B...
Suggested move: Turn: B Pawn from e2 to h2
OOOBBBOOO
OOOOBOOOO
OOOOWOOOO
BOOOWOOOB
BBWWKWWBB
BOOWOOOOB
OOOOWOOOO
OOOOBOOOO
OOOBBBOOO
-
B
Stato:
OOOBBBOOO
OOOOOOOBO
OOOOWOOOO
BOOOWOOOB
BBWWKWWBB
BOOWOOOOB
OOOOWOOOO
OOOOBOOOO
OOOBBBOOO
-
W
Waiting for W...
Suggested move: Turn: W Pawn from e5 to e6
OOOBBBOOO
OOOOBOOOO
OOOOWOOOO
BOOOWOOOB
BBWWKWWBB
BOOWOOOOB
OOOOWOOOO
OOOOBOOOO
OOOBBBOOO
-
B
OOOBBBOOO
OOOOOOOBO
OOOOWOOOO
BOOOWOOOB
BBWWKWWBB
BOOWOOOOB
OOOOWOOOO
OOOOBOOOO
OOOBBBOOO
-
W
Stato:
OOOBBBOOO
OOOOOOOBO
OOOOWOOOO
BOOOWOOOB
BBWWTWWBB
BOOWKOOOB
OOOOWOOOO
OOOOBOOOO
OOOBBBOOO
-
B
Waiting for B...
Suggested move: Turn: B Pawn from h5 to h7
OOOBBBOOO
OOOOBOOOO
OOOOWOOOO
BOOOWOOOB
BBWWKWWBB
BOOWOOOOB
OOOOWOOOO
OOOOBOOOO
OOOBBBOOO
-
B
OOOBBBOOO
OOOOOOOBO
OOOOWOOOO
BOOOWOOOB
BBWWKWWBB
BOOWOOOOB
OOOOWOOOO
OOOOBOOOO
OOOBBBOOO
-
W
OOOBBBOOO
OOOOOOOBO
OOOOWOOOO
BOOOWOOOB
BBWWTWWBB
BOOWKOOOB
OOOOWOOOO
OOOOBOOOO
OOOBBBOOO
-
B
Stato:
OOOBBBOOO
OOOOOOOBO
OOOOWOOOO
BOOOWOOOB
BBWWTWWOB
BOOWKOOOB
OOOOWOOBO
OOOOBOOOO
OOOBBBOOO
-
W
Waiting for W...
Suggested move: Turn: W Pawn from e6 to g6
OOOBBBOOO
OOOOBOOOO
OOOOWOOOO
BOOOWOOOB
BBWWKWWBB
BOOWOOOOB
OOOOWOOOO
OOOOBOOOO
OOOBBBOOO
-
B
OOOBBBOOO
OOOOOOOBO
OOOOWOOOO
BOOOWOOOB
BBWWKWWBB
BOOWOOOOB
OOOOWOOOO
OOOOBOOOO
OOOBBBOOO
-
W
OOOBBBOOO
OOOOOOOBO
OOOOWOOOO
BOOOWOOOB
BBWWTWWBB
BOOWKOOOB
OOOOWOOOO
OOOOBOOOO
OOOBBBOOO
-
B
OOOBBBOOO
OOOOOOOBO
OOOOWOOOO
BOOOWOOOB
BBWWTWWOB
BOOWKOOOB
OOOOWOOBO
OOOOBOOOO
OOOBBBOOO
-
W
Stato:
OOOBBBOOO
OOOOOOOBO
OOOOWOOOO
BOOOWOOOB
BBWWTWWOB
BOOWOOKOB
OOOOWOOBO
OOOOBOOOO
OOOBBBOOO
-
B
Waiting for B...
Suggested move: Turn: B Pawn from f1 to f3
OOOBBBOOO
OOOOBOOOO
OOOOWOOOO
BOOOWOOOB
BBWWKWWBB
BOOWOOOOB
OOOOWOOOO
OOOOBOOOO
OOOBBBOOO
-
B
OOOBBBOOO
OOOOOOOBO
OOOOWOOOO
BOOOWOOOB
BBWWKWWBB
BOOWOOOOB
OOOOWOOOO
OOOOBOOOO
OOOBBBOOO
-
W
OOOBBBOOO
OOOOOOOBO
OOOOWOOOO
BOOOWOOOB
BBWWTWWBB
BOOWKOOOB
OOOOWOOOO
OOOOBOOOO
OOOBBBOOO
-
B
OOOBBBOOO
OOOOOOOBO
OOOOWOOOO
BOOOWOOOB
BBWWTWWOB
BOOWKOOOB
OOOOWOOBO
OOOOBOOOO
OOOBBBOOO
-
W
OOOBBBOOO
OOOOOOOBO
OOOOWOOOO
BOOOWOOOB
BBWWTWWOB
BOOWOOKOB
OOOOWOOBO
OOOOBOOOO
OOOBBBOOO
-
B
Stato:
OOOBBOOOO
OOOOOOOBO
OOOOWBOOO
BOOOWOOOB
BBWWTWWOB
BOOWOOKOB
OOOOWOOBO
OOOOBOOOO
OOOBBBOOO
-
W
Waiting for W...
Suggested move: Turn: W Pawn from g6 to g9
OOOBBBOOO
OOOOBOOOO
OOOOWOOOO
BOOOWOOOB
BBWWKWWBB
BOOWOOOOB
OOOOWOOOO
OOOOBOOOO
OOOBBBOOO
-
B
OOOBBBOOO
OOOOOOOBO
OOOOWOOOO
BOOOWOOOB
BBWWKWWBB
BOOWOOOOB
OOOOWOOOO
OOOOBOOOO
OOOBBBOOO
-
W
OOOBBBOOO
OOOOOOOBO
OOOOWOOOO
BOOOWOOOB
BBWWTWWBB
BOOWKOOOB
OOOOWOOOO
OOOOBOOOO
OOOBBBOOO
-
B
OOOBBBOOO
OOOOOOOBO
OOOOWOOOO
BOOOWOOOB
BBWWTWWOB
BOOWKOOOB
OOOOWOOBO
OOOOBOOOO
OOOBBBOOO
-
W
OOOBBBOOO
OOOOOOOBO
OOOOWOOOO
BOOOWOOOB
BBWWTWWOB
BOOWOOKOB
OOOOWOOBO
OOOOBOOOO
OOOBBBOOO
-
B
OOOBBOOOO
OOOOOOOBO
OOOOWBOOO
BOOOWOOOB
BBWWTWWOB
BOOWOOKOB
OOOOWOOBO
OOOOBOOOO
OOOBBBOOO
-
W
Stato:
OOOBBOOOO
OOOOOOOBO
OOOOWBOOO
BOOOWOOOB
BBWWTWWOB
BOOWOOOOB
OOOOWOOBO
OOOOBOOOO
OOOBBBKOO
-
WW
END OF THE GAME
RESULT: PLAYER WHITE WIN
