usage: java Server
 -c,--cache <arg>           cache must be an integer, negative value means
                            infinite; default: infinite
 -e,--errors <arg>          errors must be an integer >= 0; default: 0
 -g,--enableGUI             enableGUI if option is present
 -r,--game rules <arg>      game rules must be an integer; 1 for Tablut, 2
                            for Modern, 3 for Brandub, 4 for Ashton;
                            default: 4
 -s,--repeatedState <arg>   repeatedStates must be an integer >= 0;
                            default: 0
 -t,--time <arg>            time must be an integer (number of seconds);
                            default: 60
/Users/pelle/Development/GitHub/tablut-challenge/games_executor/logs/1732886681057_systemLog.txt
Waiting for connections...
White player name:	flag1
Black player name:	random
Clients connected..
Waiting for W...
Suggested move: Turn: W Pawn from g5 to g9
Stato:
OOOBBBOOO
OOOOBOOOO
OOOOWOOOO
BOOOWOOOB
BBWWKWOBB
BOOOWOOOB
OOOOWOOOO
OOOOBOOOO
OOOBBBWOO
-
B
Waiting for B...
Suggested move: Turn: B Pawn from e8 to d8
OOOBBBOOO
OOOOBOOOO
OOOOWOOOO
BOOOWOOOB
BBWWKWOBB
BOOOWOOOB
OOOOWOOOO
OOOOBOOOO
OOOBBBWOO
-
B
Stato:
OOOBBBOOO
OOOOBOOOO
OOOOWOOOO
BOOOWOOOB
BBWWKWOBB
BOOOWOOOB
OOOOWOOOO
OOOBOOOOO
OOOBBBWOO
-
W
Waiting for W...
Suggested move: Turn: W Pawn from g9 to g1
OOOBBBOOO
OOOOBOOOO
OOOOWOOOO
BOOOWOOOB
BBWWKWOBB
BOOOWOOOB
OOOOWOOOO
OOOOBOOOO
OOOBBBWOO
-
B
OOOBBBOOO
OOOOBOOOO
OOOOWOOOO
BOOOWOOOB
BBWWKWOBB
BOOOWOOOB
OOOOWOOOO
OOOBOOOOO
OOOBBBWOO
-
W
Stato:
OOOBBBWOO
OOOOBOOOO
OOOOWOOOO
BOOOWOOOB
BBWWKWOBB
BOOOWOOOB
OOOOWOOOO
OOOBOOOOO
OOOBBBOOO
-
B
Waiting for B...
Suggested move: Turn: B Pawn from e2 to b2
OOOBBBOOO
OOOOBOOOO
OOOOWOOOO
BOOOWOOOB
BBWWKWOBB
BOOOWOOOB
OOOOWOOOO
OOOOBOOOO
OOOBBBWOO
-
B
OOOBBBOOO
OOOOBOOOO
OOOOWOOOO
BOOOWOOOB
BBWWKWOBB
BOOOWOOOB
OOOOWOOOO
OOOBOOOOO
OOOBBBWOO
-
W
OOOBBBWOO
OOOOBOOOO
OOOOWOOOO
BOOOWOOOB
BBWWKWOBB
BOOOWOOOB
OOOOWOOOO
OOOBOOOOO
OOOBBBOOO
-
B
Stato:
OOOBBBWOO
OBOOOOOOO
OOOOWOOOO
BOOOWOOOB
BBWWKWOBB
BOOOWOOOB
OOOOWOOOO
OOOBOOOOO
OOOBBBOOO
-
W
Waiting for W...
Suggested move: Turn: W Pawn from g1 to g9
OOOBBBOOO
OOOOBOOOO
OOOOWOOOO
BOOOWOOOB
BBWWKWOBB
BOOOWOOOB
OOOOWOOOO
OOOOBOOOO
OOOBBBWOO
-
B
OOOBBBOOO
OOOOBOOOO
OOOOWOOOO
BOOOWOOOB
BBWWKWOBB
BOOOWOOOB
OOOOWOOOO
OOOBOOOOO
OOOBBBWOO
-
W
OOOBBBWOO
OOOOBOOOO
OOOOWOOOO
BOOOWOOOB
BBWWKWOBB
BOOOWOOOB
OOOOWOOOO
OOOBOOOOO
OOOBBBOOO
-
B
OOOBBBWOO
OBOOOOOOO
OOOOWOOOO
BOOOWOOOB
BBWWKWOBB
BOOOWOOOB
OOOOWOOOO
OOOBOOOOO
OOOBBBOOO
-
W
Stato:
OOOBBBOOO
OBOOOOOOO
OOOOWOOOO
BOOOWOOOB
BBWWKWOBB
BOOOWOOOB
OOOOWOOOO
OOOBOOOOO
OOOBBBWOO
-
B
Waiting for B...
Suggested move: Turn: B Pawn from h5 to h9
Stato:
OOOBBBOOO
OBOOOOOOO
OOOOWOOOO
BOOOWOOOB
BBWWKWOOB
BOOOWOOOB
OOOOWOOOO
OOOBOOOOO
OOOBBBOBO
-
W
Waiting for W...
Suggested move: Turn: W Pawn from e7 to a7
OOOBBBOOO
OBOOOOOOO
OOOOWOOOO
BOOOWOOOB
BBWWKWOOB
BOOOWOOOB
OOOOWOOOO
OOOBOOOOO
OOOBBBOBO
-
W
Stato:
OOOBBBOOO
OBOOOOOOO
OOOOWOOOO
BOOOWOOOB
BBWWKWOOB
BOOOWOOOB
WOOOOOOOO
OOOBOOOOO
OOOBBBOBO
-
B
Waiting for B...
Suggested move: Turn: B Pawn from b5 to b4
OOOBBBOOO
OBOOOOOOO
OOOOWOOOO
BOOOWOOOB
BBWWKWOOB
BOOOWOOOB
OOOOWOOOO
OOOBOOOOO
OOOBBBOBO
-
W
OOOBBBOOO
OBOOOOOOO
OOOOWOOOO
BOOOWOOOB
BBWWKWOOB
BOOOWOOOB
WOOOOOOOO
OOOBOOOOO
OOOBBBOBO
-
B
Stato:
OOOBBBOOO
OBOOOOOOO
OOOOWOOOO
BBOOWOOOB
BOWWKWOOB
BOOOWOOOB
WOOOOOOOO
OOOBOOOOO
OOOBBBOBO
-
W
Waiting for W...
Suggested move: Turn: W Pawn from e4 to c4
Stato:
OOOBBBOOO
OBOOOOOOO
OOOOWOOOO
BOWOOOOOB
BOWWKWOOB
BOOOWOOOB
WOOOOOOOO
OOOBOOOOO
OOOBBBOBO
-
B
Waiting for B...
Suggested move: Turn: B Pawn from f1 to f4
OOOBBBOOO
OBOOOOOOO
OOOOWOOOO
BOWOOOOOB
BOWWKWOOB
BOOOWOOOB
WOOOOOOOO
OOOBOOOOO
OOOBBBOBO
-
B
Stato:
OOOBBOOOO
OBOOOOOOO
OOOOWOOOO
BOWOOBOOB
BOWWKWOOB
BOOOWOOOB
WOOOOOOOO
OOOBOOOOO
OOOBBBOBO
-
W
Waiting for W...
Suggested move: Turn: W Pawn from e3 to a3
OOOBBBOOO
OBOOOOOOO
OOOOWOOOO
BOWOOOOOB
BOWWKWOOB
BOOOWOOOB
WOOOOOOOO
OOOBOOOOO
OOOBBBOBO
-
B
OOOBBOOOO
OBOOOOOOO
OOOOWOOOO
BOWOOBOOB
BOWWKWOOB
BOOOWOOOB
WOOOOOOOO
OOOBOOOOO
OOOBBBOBO
-
W
Stato:
OOOBBOOOO
OBOOOOOOO
WOOOOOOOO
BOWOOBOOB
BOWWKWOOB
BOOOWOOOB
WOOOOOOOO
OOOBOOOOO
OOOBBBOBO
-
B
Waiting for B...
Suggested move: Turn: B Pawn from f4 to e4
Ho il re sotto
OOOBBBOOO
OBOOOOOOO
OOOOWOOOO
BOWOOOOOB
BOWWKWOOB
BOOOWOOOB
WOOOOOOOO
OOOBOOOOO
OOOBBBOBO
-
B
OOOBBOOOO
OBOOOOOOO
OOOOWOOOO
BOWOOBOOB
BOWWKWOOB
BOOOWOOOB
WOOOOOOOO
OOOBOOOOO
OOOBBBOBO
-
W
OOOBBOOOO
OBOOOOOOO
WOOOOOOOO
BOWOOBOOB
BOWWKWOOB
BOOOWOOOB
WOOOOOOOO
OOOBOOOOO
OOOBBBOBO
-
B
Stato:
OOOBBOOOO
OBOOOOOOO
WOOOOOOOO
BOWOBOOOB
BOWWKWOOB
BOOOWOOOB
WOOOOOOOO
OOOBOOOOO
OOOBBBOBO
-
W
Waiting for W...
Suggested move: Turn: W Pawn from d5 to d7
Stato:
OOOBBOOOO
OBOOOOOOO
WOOOOOOOO
BOWOBOOOB
BOWOKWOOB
BOOOWOOOB
WOOWOOOOO
OOOOOOOOO
OOOBBBOBO
-
B
Waiting for B...
Suggested move: Turn: B Pawn from d9 to d8
OOOBBOOOO
OBOOOOOOO
WOOOOOOOO
BOWOBOOOB
BOWOKWOOB
BOOOWOOOB
WOOWOOOOO
OOOOOOOOO
OOOBBBOBO
-
B
Stato:
OOOBBOOOO
OBOOOOOOO
WOOOOOOOO
BOWOBOOOB
BOWOKWOOB
BOOOWOOOB
WOOWOOOOO
OOOBOOOOO
OOOOBBOBO
-
W
Waiting for W...
Suggested move: Turn: W Pawn from d7 to i7
OOOBBOOOO
OBOOOOOOO
WOOOOOOOO
BOWOBOOOB
BOWOKWOOB
BOOOWOOOB
WOOWOOOOO
OOOOOOOOO
OOOBBBOBO
-
B
OOOBBOOOO
OBOOOOOOO
WOOOOOOOO
BOWOBOOOB
BOWOKWOOB
BOOOWOOOB
WOOWOOOOO
OOOBOOOOO
OOOOBBOBO
-
W
Stato:
OOOBBOOOO
OBOOOOOOO
WOOOOOOOO
BOWOBOOOB
BOWOKWOOB
BOOOWOOOB
WOOOOOOOW
OOOBOOOOO
OOOOBBOBO
-
B
Waiting for B...
Suggested move: Turn: B Pawn from i4 to g4
OOOBBOOOO
OBOOOOOOO
WOOOOOOOO
BOWOBOOOB
BOWOKWOOB
BOOOWOOOB
WOOWOOOOO
OOOOOOOOO
OOOBBBOBO
-
B
OOOBBOOOO
OBOOOOOOO
WOOOOOOOO
BOWOBOOOB
BOWOKWOOB
BOOOWOOOB
WOOWOOOOO
OOOBOOOOO
OOOOBBOBO
-
W
OOOBBOOOO
OBOOOOOOO
WOOOOOOOO
BOWOBOOOB
BOWOKWOOB
BOOOWOOOB
WOOOOOOOW
OOOBOOOOO
OOOOBBOBO
-
B
Stato:
OOOBBOOOO
OBOOOOOOO
WOOOOOOOO
BOWOBOBOO
BOWOKWOOB
BOOOWOOOB
WOOOOOOOW
OOOBOOOOO
OOOOBBOBO
-
W
Waiting for W...
Suggested move: Turn: W Pawn from i7 to d7
Stato:
OOOBBOOOO
OBOOOOOOO
WOOOOOOOO
BOWOBOBOO
BOWOKWOOB
BOOOWOOOB
WOOWOOOOO
OOOOOOOOO
OOOOBBOBO
-
B
Waiting for B...
Suggested move: Turn: B Pawn from f9 to f6
OOOBBOOOO
OBOOOOOOO
WOOOOOOOO
BOWOBOBOO
BOWOKWOOB
BOOOWOOOB
WOOWOOOOO
OOOOOOOOO
OOOOBBOBO
-
B
Stato:
OOOBBOOOO
OBOOOOOOO
WOOOOOOOO
BOWOBOBOO
BOWOKWOOB
BOOOWBOOB
WOOWOOOOO
OOOOOOOOO
OOOOBOOBO
-
W
Waiting for W...
Suggested move: Turn: W Pawn from d7 to i7
OOOBBOOOO
OBOOOOOOO
WOOOOOOOO
BOWOBOBOO
BOWOKWOOB
BOOOWOOOB
WOOWOOOOO
OOOOOOOOO
OOOOBBOBO
-
B
OOOBBOOOO
OBOOOOOOO
WOOOOOOOO
BOWOBOBOO
BOWOKWOOB
BOOOWBOOB
WOOWOOOOO
OOOOOOOOO
OOOOBOOBO
-
W
Stato:
OOOBBOOOO
OBOOOOOOO
WOOOOOOOO
BOWOBOBOO
BOWOKWOOB
BOOOWBOOB
WOOOOOOOW
OOOOOOOOO
OOOOBOOBO
-
B
Waiting for B...
Suggested move: Turn: B Pawn from a6 to b6
OOOBBOOOO
OBOOOOOOO
WOOOOOOOO
BOWOBOBOO
BOWOKWOOB
BOOOWOOOB
WOOWOOOOO
OOOOOOOOO
OOOOBBOBO
-
B
OOOBBOOOO
OBOOOOOOO
WOOOOOOOO
BOWOBOBOO
BOWOKWOOB
BOOOWBOOB
WOOWOOOOO
OOOOOOOOO
OOOOBOOBO
-
W
OOOBBOOOO
OBOOOOOOO
WOOOOOOOO
BOWOBOBOO
BOWOKWOOB
BOOOWBOOB
WOOOOOOOW
OOOOOOOOO
OOOOBOOBO
-
B
Stato:
OOOBBOOOO
OBOOOOOOO
WOOOOOOOO
BOWOBOBOO
BOWOKWOOB
OBOOWBOOB
WOOOOOOOW
OOOOOOOOO
OOOOBOOBO
-
W
Waiting for W...
Suggested move: Turn: W Pawn from i7 to b7
Stato:
OOOBBOOOO
OBOOOOOOO
WOOOOOOOO
BOWOBOBOO
BOWOKWOOB
OOOOWBOOB
WWOOOOOOO
OOOOOOOOO
OOOOBOOBO
-
B
Waiting for B...
Suggested move: Turn: B Pawn from g4 to f4
Stato:
OOOBBOOOO
OBOOOOOOO
WOOOOOOOO
BOWOBBOOO
BOWOKOOOB
OOOOWBOOB
WWOOOOOOO
OOOOOOOOO
OOOOBOOBO
-
W
Waiting for W...
Suggested move: Turn: W Pawn from c4 to c1
OOOBBOOOO
OBOOOOOOO
WOOOOOOOO
BOWOBBOOO
BOWOKOOOB
OOOOWBOOB
WWOOOOOOO
OOOOOOOOO
OOOOBOOBO
-
W
Stato:
OOWBBOOOO
OBOOOOOOO
WOOOOOOOO
BOOOBBOOO
BOWOKOOOB
OOOOWBOOB
WWOOOOOOO
OOOOOOOOO
OOOOBOOBO
-
B
Waiting for B...
Suggested move: Turn: B Pawn from b2 to a2
Stato:
OOWBBOOOO
BOOOOOOOO
OOOOOOOOO
BOOOBBOOO
BOWOKOOOB
OOOOWBOOB
WWOOOOOOO
OOOOOOOOO
OOOOBOOBO
-
W
Waiting for W...
Suggested move: Turn: W Pawn from e5 to d5
OOWBBOOOO
BOOOOOOOO
OOOOOOOOO
BOOOBBOOO
BOWOKOOOB
OOOOWBOOB
WWOOOOOOO
OOOOOOOOO
OOOOBOOBO
-
W
Stato:
OOWBBOOOO
BOOOOOOOO
OOOOOOOOO
BOOOBBOOO
BOWKTOOOB
OOOOWBOOB
WWOOOOOOO
OOOOOOOOO
OOOOBOOBO
-
B
Waiting for B...
Suggested move: Turn: B Pawn from a4 to a3
OOWBBOOOO
BOOOOOOOO
OOOOOOOOO
BOOOBBOOO
BOWOKOOOB
OOOOWBOOB
WWOOOOOOO
OOOOOOOOO
OOOOBOOBO
-
W
OOWBBOOOO
BOOOOOOOO
OOOOOOOOO
BOOOBBOOO
BOWKTOOOB
OOOOWBOOB
WWOOOOOOO
OOOOOOOOO
OOOOBOOBO
-
B
Stato:
OOWBBOOOO
BOOOOOOOO
BOOOOOOOO
OOOOBBOOO
BOWKTOOOB
OOOOWBOOB
WWOOOOOOO
OOOOOOOOO
OOOOBOOBO
-
W
Waiting for W...
Suggested move: Turn: W Pawn from d5 to d8
OOWBBOOOO
BOOOOOOOO
OOOOOOOOO
BOOOBBOOO
BOWOKOOOB
OOOOWBOOB
WWOOOOOOO
OOOOOOOOO
OOOOBOOBO
-
W
OOWBBOOOO
BOOOOOOOO
OOOOOOOOO
BOOOBBOOO
BOWKTOOOB
OOOOWBOOB
WWOOOOOOO
OOOOOOOOO
OOOOBOOBO
-
B
OOWBBOOOO
BOOOOOOOO
BOOOOOOOO
OOOOBBOOO
BOWKTOOOB
OOOOWBOOB
WWOOOOOOO
OOOOOOOOO
OOOOBOOBO
-
W
Stato:
OOWBBOOOO
BOOOOOOOO
BOOOOOOOO
OOOOBBOOO
BOWOTOOOB
OOOOWBOOB
WWOOOOOOO
OOOKOOOOO
OOOOBOOBO
-
B
Waiting for B...
Suggested move: Turn: B Pawn from d1 to d3
OOWBBOOOO
BOOOOOOOO
OOOOOOOOO
BOOOBBOOO
BOWOKOOOB
OOOOWBOOB
WWOOOOOOO
OOOOOOOOO
OOOOBOOBO
-
W
OOWBBOOOO
BOOOOOOOO
OOOOOOOOO
BOOOBBOOO
BOWKTOOOB
OOOOWBOOB
WWOOOOOOO
OOOOOOOOO
OOOOBOOBO
-
B
OOWBBOOOO
BOOOOOOOO
BOOOOOOOO
OOOOBBOOO
BOWKTOOOB
OOOOWBOOB
WWOOOOOOO
OOOOOOOOO
OOOOBOOBO
-
W
OOWBBOOOO
BOOOOOOOO
BOOOOOOOO
OOOOBBOOO
BOWOTOOOB
OOOOWBOOB
WWOOOOOOO
OOOKOOOOO
OOOOBOOBO
-
B
Stato:
OOWOBOOOO
BOOOOOOOO
BOOBOOOOO
OOOOBBOOO
BOWOTOOOB
OOOOWBOOB
WWOOOOOOO
OOOKOOOOO
OOOOBOOBO
-
W
Waiting for W...
Suggested move: Turn: W Pawn from d8 to a8
OOWBBOOOO
BOOOOOOOO
OOOOOOOOO
BOOOBBOOO
BOWOKOOOB
OOOOWBOOB
WWOOOOOOO
OOOOOOOOO
OOOOBOOBO
-
W
OOWBBOOOO
BOOOOOOOO
OOOOOOOOO
BOOOBBOOO
BOWKTOOOB
OOOOWBOOB
WWOOOOOOO
OOOOOOOOO
OOOOBOOBO
-
B
OOWBBOOOO
BOOOOOOOO
BOOOOOOOO
OOOOBBOOO
BOWKTOOOB
OOOOWBOOB
WWOOOOOOO
OOOOOOOOO
OOOOBOOBO
-
W
OOWBBOOOO
BOOOOOOOO
BOOOOOOOO
OOOOBBOOO
BOWOTOOOB
OOOOWBOOB
WWOOOOOOO
OOOKOOOOO
OOOOBOOBO
-
B
OOWOBOOOO
BOOOOOOOO
BOOBOOOOO
OOOOBBOOO
BOWOTOOOB
OOOOWBOOB
WWOOOOOOO
OOOKOOOOO
OOOOBOOBO
-
W
Stato:
OOWOBOOOO
BOOOOOOOO
BOOBOOOOO
OOOOBBOOO
BOWOTOOOB
OOOOWBOOB
WWOOOOOOO
KOOOOOOOO
OOOOBOOBO
-
WW
END OF THE GAME
RESULT: PLAYER WHITE WIN
