usage: java Server
 -c,--cache <arg>           cache must be an integer, negative value means
                            infinite; default: infinite
 -e,--errors <arg>          errors must be an integer >= 0; default: 0
 -g,--enableGUI             enableGUI if option is present
 -r,--game rules <arg>      game rules must be an integer; 1 for Tablut, 2
                            for Modern, 3 for Brandub, 4 for Ashton;
                            default: 4
 -s,--repeatedState <arg>   repeatedStates must be an integer >= 0;
                            default: 0
 -t,--time <arg>            time must be an integer (number of seconds);
                            default: 60
/Users/pelle/Development/GitHub/tablut-challenge/games_executor/logs/1732885752421_systemLog.txt
Waiting for connections...
White player name:	flag2
Black player name:	grey
Clients connected..
Waiting for W...
Suggested move: Turn: W Pawn from g5 to g9
Stato:
OOOBBBOOO
OOOOBOOOO
OOOOWOOOO
BOOOWOOOB
BBWWKWOBB
BOOOWOOOB
OOOOWOOOO
OOOOBOOOO
OOOBBBWOO
-
B
Waiting for B...
Suggested move: Turn: B Pawn from h5 to g5
Stato:
OOOBBBOOO
OOOOBOOOO
OOOOWOOOO
BOOOWOOOB
BBWWKOBOB
BOOOWOOOB
OOOOWOOOO
OOOOBOOOO
OOOBBBWOO
-
W
Waiting for W...
Suggested move: Turn: W Pawn from e5 to f5
Stato:
OOOBBBOOO
OOOOBOOOO
OOOOWOOOO
BOOOWOOOB
BBWWTKOOB
BOOOWOOOB
OOOOWOOOO
OOOOBOOOO
OOOBBBWOO
-
B
Waiting for B...
Suggested move: Turn: B Pawn from i6 to f6
OOOBBBOOO
OOOOBOOOO
OOOOWOOOO
BOOOWOOOB
BBWWTKOOB
BOOOWOOOB
OOOOWOOOO
OOOOBOOOO
OOOBBBWOO
-
B
Stato:
OOOBBBOOO
OOOOBOOOO
OOOOWOOOO
BOOOWOOOB
BBWWTKOOB
BOOOWBOOO
OOOOWOOOO
OOOOBOOOO
OOOBBBWOO
-
W
Waiting for W...
Suggested move: Turn: W Pawn from f5 to g5
OOOBBBOOO
OOOOBOOOO
OOOOWOOOO
BOOOWOOOB
BBWWTKOOB
BOOOWOOOB
OOOOWOOOO
OOOOBOOOO
OOOBBBWOO
-
B
OOOBBBOOO
OOOOBOOOO
OOOOWOOOO
BOOOWOOOB
BBWWTKOOB
BOOOWBOOO
OOOOWOOOO
OOOOBOOOO
OOOBBBWOO
-
W
Stato:
OOOBBBOOO
OOOOBOOOO
OOOOWOOOO
BOOOWOOOB
BBWWTOKOB
BOOOWBOOO
OOOOWOOOO
OOOOBOOOO
OOOBBBWOO
-
B
Waiting for B...
Suggested move: Turn: B Pawn from i4 to f4
OOOBBBOOO
OOOOBOOOO
OOOOWOOOO
BOOOWOOOB
BBWWTKOOB
BOOOWOOOB
OOOOWOOOO
OOOOBOOOO
OOOBBBWOO
-
B
OOOBBBOOO
OOOOBOOOO
OOOOWOOOO
BOOOWOOOB
BBWWTKOOB
BOOOWBOOO
OOOOWOOOO
OOOOBOOOO
OOOBBBWOO
-
W
OOOBBBOOO
OOOOBOOOO
OOOOWOOOO
BOOOWOOOB
BBWWTOKOB
BOOOWBOOO
OOOOWOOOO
OOOOBOOOO
OOOBBBWOO
-
B
Stato:
OOOBBBOOO
OOOOBOOOO
OOOOWOOOO
BOOOWBOOO
BBWWTOKOB
BOOOWBOOO
OOOOWOOOO
OOOOBOOOO
OOOBBBWOO
-
W
Waiting for W...
Suggested move: Turn: W Pawn from g5 to f5
OOOBBBOOO
OOOOBOOOO
OOOOWOOOO
BOOOWOOOB
BBWWTKOOB
BOOOWOOOB
OOOOWOOOO
OOOOBOOOO
OOOBBBWOO
-
B
OOOBBBOOO
OOOOBOOOO
OOOOWOOOO
BOOOWOOOB
BBWWTKOOB
BOOOWBOOO
OOOOWOOOO
OOOOBOOOO
OOOBBBWOO
-
W
OOOBBBOOO
OOOOBOOOO
OOOOWOOOO
BOOOWOOOB
BBWWTOKOB
BOOOWBOOO
OOOOWOOOO
OOOOBOOOO
OOOBBBWOO
-
B
OOOBBBOOO
OOOOBOOOO
OOOOWOOOO
BOOOWBOOO
BBWWTOKOB
BOOOWBOOO
OOOOWOOOO
OOOOBOOOO
OOOBBBWOO
-
W
Stato:
OOOBBBOOO
OOOOBOOOO
OOOOWOOOO
BOOOWBOOO
BBWWTKOOB
BOOOWBOOO
OOOOWOOOO
OOOOBOOOO
OOOBBBWOO
-
B
Waiting for B...
Suggested move: Turn: B Pawn from f9 to f7
OOOBBBOOO
OOOOBOOOO
OOOOWOOOO
BOOOWOOOB
BBWWTKOOB
BOOOWOOOB
OOOOWOOOO
OOOOBOOOO
OOOBBBWOO
-
B
OOOBBBOOO
OOOOBOOOO
OOOOWOOOO
BOOOWOOOB
BBWWTKOOB
BOOOWBOOO
OOOOWOOOO
OOOOBOOOO
OOOBBBWOO
-
W
OOOBBBOOO
OOOOBOOOO
OOOOWOOOO
BOOOWOOOB
BBWWTOKOB
BOOOWBOOO
OOOOWOOOO
OOOOBOOOO
OOOBBBWOO
-
B
OOOBBBOOO
OOOOBOOOO
OOOOWOOOO
BOOOWBOOO
BBWWTOKOB
BOOOWBOOO
OOOOWOOOO
OOOOBOOOO
OOOBBBWOO
-
W
OOOBBBOOO
OOOOBOOOO
OOOOWOOOO
BOOOWBOOO
BBWWTKOOB
BOOOWBOOO
OOOOWOOOO
OOOOBOOOO
OOOBBBWOO
-
B
Stato:
OOOBBBOOO
OOOOBOOOO
OOOOWOOOO
BOOOWBOOO
BBWWTKOOB
BOOOWBOOO
OOOOWBOOO
OOOOBOOOO
OOOBBOWOO
-
W
Waiting for W...
Suggested move: Turn: W Pawn from f5 to g5
OOOBBBOOO
OOOOBOOOO
OOOOWOOOO
BOOOWOOOB
BBWWTKOOB
BOOOWOOOB
OOOOWOOOO
OOOOBOOOO
OOOBBBWOO
-
B
OOOBBBOOO
OOOOBOOOO
OOOOWOOOO
BOOOWOOOB
BBWWTKOOB
BOOOWBOOO
OOOOWOOOO
OOOOBOOOO
OOOBBBWOO
-
W
OOOBBBOOO
OOOOBOOOO
OOOOWOOOO
BOOOWOOOB
BBWWTOKOB
BOOOWBOOO
OOOOWOOOO
OOOOBOOOO
OOOBBBWOO
-
B
OOOBBBOOO
OOOOBOOOO
OOOOWOOOO
BOOOWBOOO
BBWWTOKOB
BOOOWBOOO
OOOOWOOOO
OOOOBOOOO
OOOBBBWOO
-
W
OOOBBBOOO
OOOOBOOOO
OOOOWOOOO
BOOOWBOOO
BBWWTKOOB
BOOOWBOOO
OOOOWOOOO
OOOOBOOOO
OOOBBBWOO
-
B
OOOBBBOOO
OOOOBOOOO
OOOOWOOOO
BOOOWBOOO
BBWWTKOOB
BOOOWBOOO
OOOOWBOOO
OOOOBOOOO
OOOBBOWOO
-
W
Stato:
OOOBBBOOO
OOOOBOOOO
OOOOWOOOO
BOOOWBOOO
BBWWTOKOB
BOOOWBOOO
OOOOWBOOO
OOOOBOOOO
OOOBBOWOO
-
B
Waiting for B...
Suggested move: Turn: B Pawn from f7 to f8
OOOBBBOOO
OOOOBOOOO
OOOOWOOOO
BOOOWOOOB
BBWWTKOOB
BOOOWOOOB
OOOOWOOOO
OOOOBOOOO
OOOBBBWOO
-
B
OOOBBBOOO
OOOOBOOOO
OOOOWOOOO
BOOOWOOOB
BBWWTKOOB
BOOOWBOOO
OOOOWOOOO
OOOOBOOOO
OOOBBBWOO
-
W
OOOBBBOOO
OOOOBOOOO
OOOOWOOOO
BOOOWOOOB
BBWWTOKOB
BOOOWBOOO
OOOOWOOOO
OOOOBOOOO
OOOBBBWOO
-
B
OOOBBBOOO
OOOOBOOOO
OOOOWOOOO
BOOOWBOOO
BBWWTOKOB
BOOOWBOOO
OOOOWOOOO
OOOOBOOOO
OOOBBBWOO
-
W
OOOBBBOOO
OOOOBOOOO
OOOOWOOOO
BOOOWBOOO
BBWWTKOOB
BOOOWBOOO
OOOOWOOOO
OOOOBOOOO
OOOBBBWOO
-
B
OOOBBBOOO
OOOOBOOOO
OOOOWOOOO
BOOOWBOOO
BBWWTKOOB
BOOOWBOOO
OOOOWBOOO
OOOOBOOOO
OOOBBOWOO
-
W
OOOBBBOOO
OOOOBOOOO
OOOOWOOOO
BOOOWBOOO
BBWWTOKOB
BOOOWBOOO
OOOOWBOOO
OOOOBOOOO
OOOBBOWOO
-
B
Stato:
OOOBBBOOO
OOOOBOOOO
OOOOWOOOO
BOOOWBOOO
BBWWTOKOB
BOOOWBOOO
OOOOWOOOO
OOOOBBOOO
OOOBBOWOO
-
W
Waiting for W...
Suggested move: Turn: W Pawn from g5 to f5
OOOBBBOOO
OOOOBOOOO
OOOOWOOOO
BOOOWOOOB
BBWWTKOOB
BOOOWOOOB
OOOOWOOOO
OOOOBOOOO
OOOBBBWOO
-
B
OOOBBBOOO
OOOOBOOOO
OOOOWOOOO
BOOOWOOOB
BBWWTKOOB
BOOOWBOOO
OOOOWOOOO
OOOOBOOOO
OOOBBBWOO
-
W
OOOBBBOOO
OOOOBOOOO
OOOOWOOOO
BOOOWOOOB
BBWWTOKOB
BOOOWBOOO
OOOOWOOOO
OOOOBOOOO
OOOBBBWOO
-
B
OOOBBBOOO
OOOOBOOOO
OOOOWOOOO
BOOOWBOOO
BBWWTOKOB
BOOOWBOOO
OOOOWOOOO
OOOOBOOOO
OOOBBBWOO
-
W
OOOBBBOOO
OOOOBOOOO
OOOOWOOOO
BOOOWBOOO
BBWWTKOOB
BOOOWBOOO
OOOOWOOOO
OOOOBOOOO
OOOBBBWOO
-
B
OOOBBBOOO
OOOOBOOOO
OOOOWOOOO
BOOOWBOOO
BBWWTKOOB
BOOOWBOOO
OOOOWBOOO
OOOOBOOOO
OOOBBOWOO
-
W
OOOBBBOOO
OOOOBOOOO
OOOOWOOOO
BOOOWBOOO
BBWWTOKOB
BOOOWBOOO
OOOOWBOOO
OOOOBOOOO
OOOBBOWOO
-
B
OOOBBBOOO
OOOOBOOOO
OOOOWOOOO
BOOOWBOOO
BBWWTOKOB
BOOOWBOOO
OOOOWOOOO
OOOOBBOOO
OOOBBOWOO
-
W
Stato:
OOOBBBOOO
OOOOBOOOO
OOOOWOOOO
BOOOWBOOO
BBWWTKOOB
BOOOWBOOO
OOOOWOOOO
OOOOBBOOO
OOOBBOWOO
-
B
Waiting for B...
Suggested move: Turn: B Pawn from f8 to i8
OOOBBBOOO
OOOOBOOOO
OOOOWOOOO
BOOOWOOOB
BBWWTKOOB
BOOOWOOOB
OOOOWOOOO
OOOOBOOOO
OOOBBBWOO
-
B
OOOBBBOOO
OOOOBOOOO
OOOOWOOOO
BOOOWOOOB
BBWWTKOOB
BOOOWBOOO
OOOOWOOOO
OOOOBOOOO
OOOBBBWOO
-
W
OOOBBBOOO
OOOOBOOOO
OOOOWOOOO
BOOOWOOOB
BBWWTOKOB
BOOOWBOOO
OOOOWOOOO
OOOOBOOOO
OOOBBBWOO
-
B
OOOBBBOOO
OOOOBOOOO
OOOOWOOOO
BOOOWBOOO
BBWWTOKOB
BOOOWBOOO
OOOOWOOOO
OOOOBOOOO
OOOBBBWOO
-
W
OOOBBBOOO
OOOOBOOOO
OOOOWOOOO
BOOOWBOOO
BBWWTKOOB
BOOOWBOOO
OOOOWOOOO
OOOOBOOOO
OOOBBBWOO
-
B
OOOBBBOOO
OOOOBOOOO
OOOOWOOOO
BOOOWBOOO
BBWWTKOOB
BOOOWBOOO
OOOOWBOOO
OOOOBOOOO
OOOBBOWOO
-
W
OOOBBBOOO
OOOOBOOOO
OOOOWOOOO
BOOOWBOOO
BBWWTOKOB
BOOOWBOOO
OOOOWBOOO
OOOOBOOOO
OOOBBOWOO
-
B
OOOBBBOOO
OOOOBOOOO
OOOOWOOOO
BOOOWBOOO
BBWWTOKOB
BOOOWBOOO
OOOOWOOOO
OOOOBBOOO
OOOBBOWOO
-
W
OOOBBBOOO
OOOOBOOOO
OOOOWOOOO
BOOOWBOOO
BBWWTKOOB
BOOOWBOOO
OOOOWOOOO
OOOOBBOOO
OOOBBOWOO
-
B
Stato:
OOOBBBOOO
OOOOBOOOO
OOOOWOOOO
BOOOWBOOO
BBWWTKOOB
BOOOWBOOO
OOOOWOOOO
OOOOBOOOB
OOOBBOWOO
-
W
Waiting for W...
Suggested move: Turn: W Pawn from f5 to g5
OOOBBBOOO
OOOOBOOOO
OOOOWOOOO
BOOOWOOOB
BBWWTKOOB
BOOOWOOOB
OOOOWOOOO
OOOOBOOOO
OOOBBBWOO
-
B
OOOBBBOOO
OOOOBOOOO
OOOOWOOOO
BOOOWOOOB
BBWWTKOOB
BOOOWBOOO
OOOOWOOOO
OOOOBOOOO
OOOBBBWOO
-
W
OOOBBBOOO
OOOOBOOOO
OOOOWOOOO
BOOOWOOOB
BBWWTOKOB
BOOOWBOOO
OOOOWOOOO
OOOOBOOOO
OOOBBBWOO
-
B
OOOBBBOOO
OOOOBOOOO
OOOOWOOOO
BOOOWBOOO
BBWWTOKOB
BOOOWBOOO
OOOOWOOOO
OOOOBOOOO
OOOBBBWOO
-
W
OOOBBBOOO
OOOOBOOOO
OOOOWOOOO
BOOOWBOOO
BBWWTKOOB
BOOOWBOOO
OOOOWOOOO
OOOOBOOOO
OOOBBBWOO
-
B
OOOBBBOOO
OOOOBOOOO
OOOOWOOOO
BOOOWBOOO
BBWWTKOOB
BOOOWBOOO
OOOOWBOOO
OOOOBOOOO
OOOBBOWOO
-
W
OOOBBBOOO
OOOOBOOOO
OOOOWOOOO
BOOOWBOOO
BBWWTOKOB
BOOOWBOOO
OOOOWBOOO
OOOOBOOOO
OOOBBOWOO
-
B
OOOBBBOOO
OOOOBOOOO
OOOOWOOOO
BOOOWBOOO
BBWWTOKOB
BOOOWBOOO
OOOOWOOOO
OOOOBBOOO
OOOBBOWOO
-
W
OOOBBBOOO
OOOOBOOOO
OOOOWOOOO
BOOOWBOOO
BBWWTKOOB
BOOOWBOOO
OOOOWOOOO
OOOOBBOOO
OOOBBOWOO
-
B
OOOBBBOOO
OOOOBOOOO
OOOOWOOOO
BOOOWBOOO
BBWWTKOOB
BOOOWBOOO
OOOOWOOOO
OOOOBOOOB
OOOBBOWOO
-
W
Stato:
OOOBBBOOO
OOOOBOOOO
OOOOWOOOO
BOOOWBOOO
BBWWTOKOB
BOOOWBOOO
OOOOWOOOO
OOOOBOOOB
OOOBBOWOO
-
B
Waiting for B...
Suggested move: Turn: B Pawn from i8 to f8
OOOBBBOOO
OOOOBOOOO
OOOOWOOOO
BOOOWOOOB
BBWWTKOOB
BOOOWOOOB
OOOOWOOOO
OOOOBOOOO
OOOBBBWOO
-
B
OOOBBBOOO
OOOOBOOOO
OOOOWOOOO
BOOOWOOOB
BBWWTKOOB
BOOOWBOOO
OOOOWOOOO
OOOOBOOOO
OOOBBBWOO
-
W
OOOBBBOOO
OOOOBOOOO
OOOOWOOOO
BOOOWOOOB
BBWWTOKOB
BOOOWBOOO
OOOOWOOOO
OOOOBOOOO
OOOBBBWOO
-
B
OOOBBBOOO
OOOOBOOOO
OOOOWOOOO
BOOOWBOOO
BBWWTOKOB
BOOOWBOOO
OOOOWOOOO
OOOOBOOOO
OOOBBBWOO
-
W
OOOBBBOOO
OOOOBOOOO
OOOOWOOOO
BOOOWBOOO
BBWWTKOOB
BOOOWBOOO
OOOOWOOOO
OOOOBOOOO
OOOBBBWOO
-
B
OOOBBBOOO
OOOOBOOOO
OOOOWOOOO
BOOOWBOOO
BBWWTKOOB
BOOOWBOOO
OOOOWBOOO
OOOOBOOOO
OOOBBOWOO
-
W
OOOBBBOOO
OOOOBOOOO
OOOOWOOOO
BOOOWBOOO
BBWWTOKOB
BOOOWBOOO
OOOOWBOOO
OOOOBOOOO
OOOBBOWOO
-
B
OOOBBBOOO
OOOOBOOOO
OOOOWOOOO
BOOOWBOOO
BBWWTOKOB
BOOOWBOOO
OOOOWOOOO
OOOOBBOOO
OOOBBOWOO
-
W
Stato:
OOOBBBOOO
OOOOBOOOO
OOOOWOOOO
BOOOWBOOO
BBWWTOKOB
BOOOWBOOO
OOOOWOOOO
OOOOBBOOO
OOOBBOWOO
-
D
END OF THE GAME
RESULT: DRAW
