usage: java Server
 -c,--cache <arg>           cache must be an integer, negative value means
                            infinite; default: infinite
 -e,--errors <arg>          errors must be an integer >= 0; default: 0
 -g,--enableGUI             enableGUI if option is present
 -r,--game rules <arg>      game rules must be an integer; 1 for Tablut, 2
                            for Modern, 3 for Brandub, 4 for Ashton;
                            default: 4
 -s,--repeatedState <arg>   repeatedStates must be an integer >= 0;
                            default: 0
 -t,--time <arg>            time must be an integer (number of seconds);
                            default: 60
/Users/pelle/Development/GitHub/tablut-challenge/games_executor/logs/1732885433034_systemLog.txt
Waiting for connections...
White player name:	grey
Black player name:	flag-3
Clients connected..
Waiting for W...
Suggested move: Turn: W Pawn from e6 to d6
Stato:
OOOBBBOOO
OOOOBOOOO
OOOOWOOOO
BOOOWOOOB
BBWWKWWBB
BOOWOOOOB
OOOOWOOOO
OOOOBOOOO
OOOBBBOOO
-
B
Waiting for B...
Suggested move: Turn: B Pawn from i6 to e6
Stato:
OOOBBBOOO
OOOOBOOOO
OOOOWOOOO
BOOOWOOOB
BBWWKWWBB
BOOWBOOOO
OOOOOOOOO
OOOOBOOOO
OOOBBBOOO
-
W
Waiting for W...
Suggested move: Turn: W Pawn from g5 to g8
OOOBBBOOO
OOOOBOOOO
OOOOWOOOO
BOOOWOOOB
BBWWKWWBB
BOOWBOOOO
OOOOOOOOO
OOOOBOOOO
OOOBBBOOO
-
W
Stato:
OOOBBBOOO
OOOOBOOOO
OOOOWOOOO
BOOOWOOOB
BBWWKWOBB
BOOWBOOOO
OOOOOOOOO
OOOOBOWOO
OOOBBBOOO
-
B
Waiting for B...
Suggested move: Turn: B Pawn from i4 to f4
OOOBBBOOO
OOOOBOOOO
OOOOWOOOO
BOOOWOOOB
BBWWKWWBB
BOOWBOOOO
OOOOOOOOO
OOOOBOOOO
OOOBBBOOO
-
W
OOOBBBOOO
OOOOBOOOO
OOOOWOOOO
BOOOWOOOB
BBWWKWOBB
BOOWBOOOO
OOOOOOOOO
OOOOBOWOO
OOOBBBOOO
-
B
Stato:
OOOBBBOOO
OOOOBOOOO
OOOOWOOOO
BOOOWBOOO
BBWWKWOBB
BOOWBOOOO
OOOOOOOOO
OOOOBOWOO
OOOBBBOOO
-
W
Waiting for W...
Suggested move: Turn: W Pawn from g8 to f8
OOOBBBOOO
OOOOBOOOO
OOOOWOOOO
BOOOWOOOB
BBWWKWWBB
BOOWBOOOO
OOOOOOOOO
OOOOBOOOO
OOOBBBOOO
-
W
OOOBBBOOO
OOOOBOOOO
OOOOWOOOO
BOOOWOOOB
BBWWKWOBB
BOOWBOOOO
OOOOOOOOO
OOOOBOWOO
OOOBBBOOO
-
B
OOOBBBOOO
OOOOBOOOO
OOOOWOOOO
BOOOWBOOO
BBWWKWOBB
BOOWBOOOO
OOOOOOOOO
OOOOBOWOO
OOOBBBOOO
-
W
Stato:
OOOBBBOOO
OOOOBOOOO
OOOOWOOOO
BOOOWBOOO
BBWWKWOBB
BOOWBOOOO
OOOOOOOOO
OOOOBWOOO
OOOBBBOOO
-
B
Waiting for B...
Suggested move: Turn: B Pawn from h5 to g5
Stato:
OOOBBBOOO
OOOOBOOOO
OOOOWOOOO
BOOOWBOOO
BBWWKOBOB
BOOWBOOOO
OOOOOOOOO
OOOOBWOOO
OOOBBBOOO
-
W
Waiting for W...
Suggested move: Turn: W Pawn from f8 to f6
Stato:
OOOBBBOOO
OOOOBOOOO
OOOOWOOOO
BOOOWBOOO
BBWWKOBOB
BOOWOWOOO
OOOOOOOOO
OOOOBOOOO
OOOBBBOOO
-
B
Waiting for B...
Suggested move: Turn: B Pawn from g5 to f5
OOOBBBOOO
OOOOBOOOO
OOOOWOOOO
BOOOWBOOO
BBWWKOBOB
BOOWOWOOO
OOOOOOOOO
OOOOBOOOO
OOOBBBOOO
-
B
Stato:
OOOBBBOOO
OOOOBOOOO
OOOOWOOOO
BOOOWBOOO
BBWWKBOOB
BOOWOWOOO
OOOOOOOOO
OOOOBOOOO
OOOBBBOOO
-
W
Waiting for W...
Suggested move: Turn: W Pawn from e5 to e7
OOOBBBOOO
OOOOBOOOO
OOOOWOOOO
BOOOWBOOO
BBWWKOBOB
BOOWOWOOO
OOOOOOOOO
OOOOBOOOO
OOOBBBOOO
-
B
OOOBBBOOO
OOOOBOOOO
OOOOWOOOO
BOOOWBOOO
BBWWKBOOB
BOOWOWOOO
OOOOOOOOO
OOOOBOOOO
OOOBBBOOO
-
W
Stato:
OOOBBBOOO
OOOOBOOOO
OOOOWOOOO
BOOOWBOOO
BBWWTBOOB
BOOWOWOOO
OOOOKOOOO
OOOOBOOOO
OOOBBBOOO
-
B
Waiting for B...
Suggested move: Turn: B Pawn from f9 to i9
OOOBBBOOO
OOOOBOOOO
OOOOWOOOO
BOOOWBOOO
BBWWKOBOB
BOOWOWOOO
OOOOOOOOO
OOOOBOOOO
OOOBBBOOO
-
B
OOOBBBOOO
OOOOBOOOO
OOOOWOOOO
BOOOWBOOO
BBWWKBOOB
BOOWOWOOO
OOOOOOOOO
OOOOBOOOO
OOOBBBOOO
-
W
OOOBBBOOO
OOOOBOOOO
OOOOWOOOO
BOOOWBOOO
BBWWTBOOB
BOOWOWOOO
OOOOKOOOO
OOOOBOOOO
OOOBBBOOO
-
B
Stato:
OOOBBBOOO
OOOOBOOOO
OOOOWOOOO
BOOOWBOOO
BBWWTBOOB
BOOWOWOOO
OOOOKOOOO
OOOOBOOOO
OOOBBOOOB
-
W
Waiting for W...
Suggested move: Turn: W Pawn from e7 to a7
OOOBBBOOO
OOOOBOOOO
OOOOWOOOO
BOOOWBOOO
BBWWKOBOB
BOOWOWOOO
OOOOOOOOO
OOOOBOOOO
OOOBBBOOO
-
B
OOOBBBOOO
OOOOBOOOO
OOOOWOOOO
BOOOWBOOO
BBWWKBOOB
BOOWOWOOO
OOOOOOOOO
OOOOBOOOO
OOOBBBOOO
-
W
OOOBBBOOO
OOOOBOOOO
OOOOWOOOO
BOOOWBOOO
BBWWTBOOB
BOOWOWOOO
OOOOKOOOO
OOOOBOOOO
OOOBBBOOO
-
B
OOOBBBOOO
OOOOBOOOO
OOOOWOOOO
BOOOWBOOO
BBWWTBOOB
BOOWOWOOO
OOOOKOOOO
OOOOBOOOO
OOOBBOOOB
-
W
Stato:
OOOBBBOOO
OOOOBOOOO
OOOOWOOOO
BOOOWBOOO
BBWWTBOOB
BOOWOWOOO
KOOOOOOOO
OOOOBOOOO
OOOBBOOOB
-
WW
END OF THE GAME
RESULT: PLAYER WHITE WIN
