usage: java Server
 -c,--cache <arg>           cache must be an integer, negative value means
                            infinite; default: infinite
 -e,--errors <arg>          errors must be an integer >= 0; default: 0
 -g,--enableGUI             enableGUI if option is present
 -r,--game rules <arg>      game rules must be an integer; 1 for Tablut, 2
                            for Modern, 3 for Brandub, 4 for Ashton;
                            default: 4
 -s,--repeatedState <arg>   repeatedStates must be an integer >= 0;
                            default: 0
 -t,--time <arg>            time must be an integer (number of seconds);
                            default: 60
/Users/pelle/Development/GitHub/tablut-challenge/games_executor/logs/1732707870647_systemLog.txt
Waiting for connections...
White player name:	grey
Black player name:	flag_1
Clients connected..
Waiting for W...
Suggested move: Turn: W Pawn from e4 to f4
Stato:
OOOBBBOOO
OOOOBOOOO
OOOOWOOOO
BOOOOWOOB
BBWWKWWBB
BOOOWOOOB
OOOOWOOOO
OOOOBOOOO
OOOBBBOOO
-
B
Waiting for B...
Suggested move: Turn: B Pawn from a4 to a3
OOOBBBOOO
OOOOBOOOO
OOOOWOOOO
BOOOOWOOB
BBWWKWWBB
BOOOWOOOB
OOOOWOOOO
OOOOBOOOO
OOOBBBOOO
-
B
Stato:
OOOBBBOOO
OOOOBOOOO
BOOOWOOOO
OOOOOWOOB
BBWWKWWBB
BOOOWOOOB
OOOOWOOOO
OOOOBOOOO
OOOBBBOOO
-
W
Waiting for W...
Suggested move: Turn: W Pawn from f5 to f7
OOOBBBOOO
OOOOBOOOO
OOOOWOOOO
BOOOOWOOB
BBWWKWWBB
BOOOWOOOB
OOOOWOOOO
OOOOBOOOO
OOOBBBOOO
-
B
OOOBBBOOO
OOOOBOOOO
BOOOWOOOO
OOOOOWOOB
BBWWKWWBB
BOOOWOOOB
OOOOWOOOO
OOOOBOOOO
OOOBBBOOO
-
W
Stato:
OOOBBBOOO
OOOOBOOOO
BOOOWOOOO
OOOOOWOOB
BBWWKOWBB
BOOOWOOOB
OOOOWWOOO
OOOOBOOOO
OOOBBBOOO
-
B
Waiting for B...
Suggested move: Turn: B Pawn from a3 to a2
OOOBBBOOO
OOOOBOOOO
OOOOWOOOO
BOOOOWOOB
BBWWKWWBB
BOOOWOOOB
OOOOWOOOO
OOOOBOOOO
OOOBBBOOO
-
B
OOOBBBOOO
OOOOBOOOO
BOOOWOOOO
OOOOOWOOB
BBWWKWWBB
BOOOWOOOB
OOOOWOOOO
OOOOBOOOO
OOOBBBOOO
-
W
OOOBBBOOO
OOOOBOOOO
BOOOWOOOO
OOOOOWOOB
BBWWKOWBB
BOOOWOOOB
OOOOWWOOO
OOOOBOOOO
OOOBBBOOO
-
B
Stato:
OOOBBBOOO
BOOOBOOOO
OOOOWOOOO
OOOOOWOOB
BBWWKOWBB
BOOOWOOOB
OOOOWWOOO
OOOOBOOOO
OOOBBBOOO
-
W
Waiting for W...
Suggested move: Turn: W Pawn from c5 to c1
OOOBBBOOO
OOOOBOOOO
OOOOWOOOO
BOOOOWOOB
BBWWKWWBB
BOOOWOOOB
OOOOWOOOO
OOOOBOOOO
OOOBBBOOO
-
B
OOOBBBOOO
OOOOBOOOO
BOOOWOOOO
OOOOOWOOB
BBWWKWWBB
BOOOWOOOB
OOOOWOOOO
OOOOBOOOO
OOOBBBOOO
-
W
OOOBBBOOO
OOOOBOOOO
BOOOWOOOO
OOOOOWOOB
BBWWKOWBB
BOOOWOOOB
OOOOWWOOO
OOOOBOOOO
OOOBBBOOO
-
B
OOOBBBOOO
BOOOBOOOO
OOOOWOOOO
OOOOOWOOB
BBWWKOWBB
BOOOWOOOB
OOOOWWOOO
OOOOBOOOO
OOOBBBOOO
-
W
Stato:
OOWBBBOOO
BOOOBOOOO
OOOOWOOOO
OOOOOWOOB
BBOWKOWBB
BOOOWOOOB
OOOOWWOOO
OOOOBOOOO
OOOBBBOOO
-
B
Waiting for B...
Suggested move: Turn: B Pawn from a2 to a1
OOOBBBOOO
OOOOBOOOO
OOOOWOOOO
BOOOOWOOB
BBWWKWWBB
BOOOWOOOB
OOOOWOOOO
OOOOBOOOO
OOOBBBOOO
-
B
OOOBBBOOO
OOOOBOOOO
BOOOWOOOO
OOOOOWOOB
BBWWKWWBB
BOOOWOOOB
OOOOWOOOO
OOOOBOOOO
OOOBBBOOO
-
W
OOOBBBOOO
OOOOBOOOO
BOOOWOOOO
OOOOOWOOB
BBWWKOWBB
BOOOWOOOB
OOOOWWOOO
OOOOBOOOO
OOOBBBOOO
-
B
OOOBBBOOO
BOOOBOOOO
OOOOWOOOO
OOOOOWOOB
BBWWKOWBB
BOOOWOOOB
OOOOWWOOO
OOOOBOOOO
OOOBBBOOO
-
W
OOWBBBOOO
BOOOBOOOO
OOOOWOOOO
OOOOOWOOB
BBOWKOWBB
BOOOWOOOB
OOOOWWOOO
OOOOBOOOO
OOOBBBOOO
-
B
Stato:
BOWBBBOOO
OOOOBOOOO
OOOOWOOOO
OOOOOWOOB
BBOWKOWBB
BOOOWOOOB
OOOOWWOOO
OOOOBOOOO
OOOBBBOOO
-
W
Waiting for W...
Suggested move: Turn: W Pawn from d5 to c5
OOOBBBOOO
OOOOBOOOO
OOOOWOOOO
BOOOOWOOB
BBWWKWWBB
BOOOWOOOB
OOOOWOOOO
OOOOBOOOO
OOOBBBOOO
-
B
OOOBBBOOO
OOOOBOOOO
BOOOWOOOO
OOOOOWOOB
BBWWKWWBB
BOOOWOOOB
OOOOWOOOO
OOOOBOOOO
OOOBBBOOO
-
W
OOOBBBOOO
OOOOBOOOO
BOOOWOOOO
OOOOOWOOB
BBWWKOWBB
BOOOWOOOB
OOOOWWOOO
OOOOBOOOO
OOOBBBOOO
-
B
OOOBBBOOO
BOOOBOOOO
OOOOWOOOO
OOOOOWOOB
BBWWKOWBB
BOOOWOOOB
OOOOWWOOO
OOOOBOOOO
OOOBBBOOO
-
W
OOWBBBOOO
BOOOBOOOO
OOOOWOOOO
OOOOOWOOB
BBOWKOWBB
BOOOWOOOB
OOOOWWOOO
OOOOBOOOO
OOOBBBOOO
-
B
BOWBBBOOO
OOOOBOOOO
OOOOWOOOO
OOOOOWOOB
BBOWKOWBB
BOOOWOOOB
OOOOWWOOO
OOOOBOOOO
OOOBBBOOO
-
W
Stato:
BOWBBBOOO
OOOOBOOOO
OOOOWOOOO
OOOOOWOOB
BBWOKOWBB
BOOOWOOOB
OOOOWWOOO
OOOOBOOOO
OOOBBBOOO
-
B
Waiting for B...
Suggested move: Turn: B Pawn from a1 to b1
Stato:
OBOBBBOOO
OOOOBOOOO
OOOOWOOOO
OOOOOWOOB
BBWOKOWBB
BOOOWOOOB
OOOOWWOOO
OOOOBOOOO
OOOBBBOOO
-
W
Waiting for W...
Suggested move: Turn: W Pawn from e7 to a7
OBOBBBOOO
OOOOBOOOO
OOOOWOOOO
OOOOOWOOB
BBWOKOWBB
BOOOWOOOB
OOOOWWOOO
OOOOBOOOO
OOOBBBOOO
-
W
Stato:
OBOBBBOOO
OOOOBOOOO
OOOOWOOOO
OOOOOWOOB
BBWOKOWBB
BOOOWOOOB
WOOOOWOOO
OOOOBOOOO
OOOBBBOOO
-
B
Waiting for B...
Suggested move: Turn: B Pawn from a6 to b6
OBOBBBOOO
OOOOBOOOO
OOOOWOOOO
OOOOOWOOB
BBWOKOWBB
BOOOWOOOB
OOOOWWOOO
OOOOBOOOO
OOOBBBOOO
-
W
OBOBBBOOO
OOOOBOOOO
OOOOWOOOO
OOOOOWOOB
BBWOKOWBB
BOOOWOOOB
WOOOOWOOO
OOOOBOOOO
OOOBBBOOO
-
B
Stato:
OBOBBBOOO
OOOOBOOOO
OOOOWOOOO
OOOOOWOOB
BBWOKOWBB
OBOOWOOOB
WOOOOWOOO
OOOOBOOOO
OOOBBBOOO
-
W
Waiting for W...
Suggested move: Turn: W Pawn from e6 to e7
OBOBBBOOO
OOOOBOOOO
OOOOWOOOO
OOOOOWOOB
BBWOKOWBB
BOOOWOOOB
OOOOWWOOO
OOOOBOOOO
OOOBBBOOO
-
W
OBOBBBOOO
OOOOBOOOO
OOOOWOOOO
OOOOOWOOB
BBWOKOWBB
BOOOWOOOB
WOOOOWOOO
OOOOBOOOO
OOOBBBOOO
-
B
OBOBBBOOO
OOOOBOOOO
OOOOWOOOO
OOOOOWOOB
BBWOKOWBB
OBOOWOOOB
WOOOOWOOO
OOOOBOOOO
OOOBBBOOO
-
W
Stato:
OBOBBBOOO
OOOOBOOOO
OOOOWOOOO
OOOOOWOOB
BBWOKOWBB
OBOOOOOOB
WOOOWWOOO
OOOOBOOOO
OOOBBBOOO
-
B
Waiting for B...
Suggested move: Turn: B Pawn from b1 to c1
OBOBBBOOO
OOOOBOOOO
OOOOWOOOO
OOOOOWOOB
BBWOKOWBB
BOOOWOOOB
OOOOWWOOO
OOOOBOOOO
OOOBBBOOO
-
W
OBOBBBOOO
OOOOBOOOO
OOOOWOOOO
OOOOOWOOB
BBWOKOWBB
BOOOWOOOB
WOOOOWOOO
OOOOBOOOO
OOOBBBOOO
-
B
OBOBBBOOO
OOOOBOOOO
OOOOWOOOO
OOOOOWOOB
BBWOKOWBB
OBOOWOOOB
WOOOOWOOO
OOOOBOOOO
OOOBBBOOO
-
W
OBOBBBOOO
OOOOBOOOO
OOOOWOOOO
OOOOOWOOB
BBWOKOWBB
OBOOOOOOB
WOOOWWOOO
OOOOBOOOO
OOOBBBOOO
-
B
Stato:
OOBBBBOOO
OOOOBOOOO
OOOOWOOOO
OOOOOWOOB
BBWOKOWBB
OBOOOOOOB
WOOOWWOOO
OOOOBOOOO
OOOBBBOOO
-
W
Waiting for W...
Suggested move: Turn: W Pawn from a7 to b7
Stato:
OOBBBBOOO
OOOOBOOOO
OOOOWOOOO
OOOOOWOOB
BBWOKOWBB
OOOOOOOOB
OWOOWWOOO
OOOOBOOOO
OOOBBBOOO
-
B
Waiting for B...
Suggested move: Turn: B Pawn from b5 to b4
OOBBBBOOO
OOOOBOOOO
OOOOWOOOO
OOOOOWOOB
BBWOKOWBB
OOOOOOOOB
OWOOWWOOO
OOOOBOOOO
OOOBBBOOO
-
B
Stato:
OOBBBBOOO
OOOOBOOOO
OOOOWOOOO
OBOOOWOOB
BOWOKOWBB
OOOOOOOOB
OWOOWWOOO
OOOOBOOOO
OOOBBBOOO
-
W
Waiting for W...
Suggested move: Turn: W Pawn from f4 to c4
Stato:
OOBBBBOOO
OOOOBOOOO
OOOOWOOOO
OOWOOOOOB
BOWOKOWBB
OOOOOOOOB
OWOOWWOOO
OOOOBOOOO
OOOBBBOOO
-
B
Waiting for B...
Suggested move: Turn: B Pawn from c1 to c2
OOBBBBOOO
OOOOBOOOO
OOOOWOOOO
OOWOOOOOB
BOWOKOWBB
OOOOOOOOB
OWOOWWOOO
OOOOBOOOO
OOOBBBOOO
-
B
Stato:
OOOBBBOOO
OOBOBOOOO
OOOOWOOOO
OOWOOOOOB
BOWOKOWBB
OOOOOOOOB
OWOOWWOOO
OOOOBOOOO
OOOBBBOOO
-
W
Waiting for W...
Suggested move: Turn: W Pawn from f7 to i7
OOBBBBOOO
OOOOBOOOO
OOOOWOOOO
OOWOOOOOB
BOWOKOWBB
OOOOOOOOB
OWOOWWOOO
OOOOBOOOO
OOOBBBOOO
-
B
OOOBBBOOO
OOBOBOOOO
OOOOWOOOO
OOWOOOOOB
BOWOKOWBB
OOOOOOOOB
OWOOWWOOO
OOOOBOOOO
OOOBBBOOO
-
W
Stato:
OOOBBBOOO
OOBOBOOOO
OOOOWOOOO
OOWOOOOOB
BOWOKOWBB
OOOOOOOOB
OWOOWOOOW
OOOOBOOOO
OOOBBBOOO
-
B
Waiting for B...
Suggested move: Turn: B Pawn from c2 to c1
OOBBBBOOO
OOOOBOOOO
OOOOWOOOO
OOWOOOOOB
BOWOKOWBB
OOOOOOOOB
OWOOWWOOO
OOOOBOOOO
OOOBBBOOO
-
B
OOOBBBOOO
OOBOBOOOO
OOOOWOOOO
OOWOOOOOB
BOWOKOWBB
OOOOOOOOB
OWOOWWOOO
OOOOBOOOO
OOOBBBOOO
-
W
OOOBBBOOO
OOBOBOOOO
OOOOWOOOO
OOWOOOOOB
BOWOKOWBB
OOOOOOOOB
OWOOWOOOW
OOOOBOOOO
OOOBBBOOO
-
B
Stato:
OOBBBBOOO
OOOOBOOOO
OOOOWOOOO
OOWOOOOOB
BOWOKOWBB
OOOOOOOOB
OWOOWOOOW
OOOOBOOOO
OOOBBBOOO
-
W
Waiting for W...
Suggested move: Turn: W Pawn from b7 to c7
OOBBBBOOO
OOOOBOOOO
OOOOWOOOO
OOWOOOOOB
BOWOKOWBB
OOOOOOOOB
OWOOWWOOO
OOOOBOOOO
OOOBBBOOO
-
B
OOOBBBOOO
OOBOBOOOO
OOOOWOOOO
OOWOOOOOB
BOWOKOWBB
OOOOOOOOB
OWOOWWOOO
OOOOBOOOO
OOOBBBOOO
-
W
OOOBBBOOO
OOBOBOOOO
OOOOWOOOO
OOWOOOOOB
BOWOKOWBB
OOOOOOOOB
OWOOWOOOW
OOOOBOOOO
OOOBBBOOO
-
B
OOBBBBOOO
OOOOBOOOO
OOOOWOOOO
OOWOOOOOB
BOWOKOWBB
OOOOOOOOB
OWOOWOOOW
OOOOBOOOO
OOOBBBOOO
-
W
Stato:
OOBBBBOOO
OOOOBOOOO
OOOOWOOOO
OOWOOOOOB
BOWOKOWBB
OOOOOOOOB
OOWOWOOOW
OOOOBOOOO
OOOBBBOOO
-
B
Waiting for B...
Suggested move: Turn: B Pawn from c1 to c2
OOBBBBOOO
OOOOBOOOO
OOOOWOOOO
OOWOOOOOB
BOWOKOWBB
OOOOOOOOB
OWOOWWOOO
OOOOBOOOO
OOOBBBOOO
-
B
OOOBBBOOO
OOBOBOOOO
OOOOWOOOO
OOWOOOOOB
BOWOKOWBB
OOOOOOOOB
OWOOWWOOO
OOOOBOOOO
OOOBBBOOO
-
W
OOOBBBOOO
OOBOBOOOO
OOOOWOOOO
OOWOOOOOB
BOWOKOWBB
OOOOOOOOB
OWOOWOOOW
OOOOBOOOO
OOOBBBOOO
-
B
OOBBBBOOO
OOOOBOOOO
OOOOWOOOO
OOWOOOOOB
BOWOKOWBB
OOOOOOOOB
OWOOWOOOW
OOOOBOOOO
OOOBBBOOO
-
W
OOBBBBOOO
OOOOBOOOO
OOOOWOOOO
OOWOOOOOB
BOWOKOWBB
OOOOOOOOB
OOWOWOOOW
OOOOBOOOO
OOOBBBOOO
-
B
Stato:
OOOBBBOOO
OOBOBOOOO
OOOOWOOOO
OOWOOOOOB
BOWOKOWBB
OOOOOOOOB
OOWOWOOOW
OOOOBOOOO
OOOBBBOOO
-
W
Waiting for W...
Suggested move: Turn: W Pawn from c7 to c9
OOBBBBOOO
OOOOBOOOO
OOOOWOOOO
OOWOOOOOB
BOWOKOWBB
OOOOOOOOB
OWOOWWOOO
OOOOBOOOO
OOOBBBOOO
-
B
OOOBBBOOO
OOBOBOOOO
OOOOWOOOO
OOWOOOOOB
BOWOKOWBB
OOOOOOOOB
OWOOWWOOO
OOOOBOOOO
OOOBBBOOO
-
W
OOOBBBOOO
OOBOBOOOO
OOOOWOOOO
OOWOOOOOB
BOWOKOWBB
OOOOOOOOB
OWOOWOOOW
OOOOBOOOO
OOOBBBOOO
-
B
OOBBBBOOO
OOOOBOOOO
OOOOWOOOO
OOWOOOOOB
BOWOKOWBB
OOOOOOOOB
OWOOWOOOW
OOOOBOOOO
OOOBBBOOO
-
W
OOBBBBOOO
OOOOBOOOO
OOOOWOOOO
OOWOOOOOB
BOWOKOWBB
OOOOOOOOB
OOWOWOOOW
OOOOBOOOO
OOOBBBOOO
-
B
OOOBBBOOO
OOBOBOOOO
OOOOWOOOO
OOWOOOOOB
BOWOKOWBB
OOOOOOOOB
OOWOWOOOW
OOOOBOOOO
OOOBBBOOO
-
W
Stato:
OOOBBBOOO
OOBOBOOOO
OOOOWOOOO
OOWOOOOOB
BOWOKOWBB
OOOOOOOOB
OOOOWOOOW
OOOOBOOOO
OOWBBBOOO
-
B
Waiting for B...
Suggested move: Turn: B Pawn from c2 to c1
OOBBBBOOO
OOOOBOOOO
OOOOWOOOO
OOWOOOOOB
BOWOKOWBB
OOOOOOOOB
OWOOWWOOO
OOOOBOOOO
OOOBBBOOO
-
B
OOOBBBOOO
OOBOBOOOO
OOOOWOOOO
OOWOOOOOB
BOWOKOWBB
OOOOOOOOB
OWOOWWOOO
OOOOBOOOO
OOOBBBOOO
-
W
OOOBBBOOO
OOBOBOOOO
OOOOWOOOO
OOWOOOOOB
BOWOKOWBB
OOOOOOOOB
OWOOWOOOW
OOOOBOOOO
OOOBBBOOO
-
B
OOBBBBOOO
OOOOBOOOO
OOOOWOOOO
OOWOOOOOB
BOWOKOWBB
OOOOOOOOB
OWOOWOOOW
OOOOBOOOO
OOOBBBOOO
-
W
OOBBBBOOO
OOOOBOOOO
OOOOWOOOO
OOWOOOOOB
BOWOKOWBB
OOOOOOOOB
OOWOWOOOW
OOOOBOOOO
OOOBBBOOO
-
B
OOOBBBOOO
OOBOBOOOO
OOOOWOOOO
OOWOOOOOB
BOWOKOWBB
OOOOOOOOB
OOWOWOOOW
OOOOBOOOO
OOOBBBOOO
-
W
OOOBBBOOO
OOBOBOOOO
OOOOWOOOO
OOWOOOOOB
BOWOKOWBB
OOOOOOOOB
OOOOWOOOW
OOOOBOOOO
OOWBBBOOO
-
B
Stato:
OOBBBBOOO
OOOOBOOOO
OOOOWOOOO
OOWOOOOOB
BOWOKOWBB
OOOOOOOOB
OOOOWOOOW
OOOOBOOOO
OOWBBBOOO
-
W
Waiting for W...
Suggested move: Turn: W Pawn from c4 to c3
OOBBBBOOO
OOOOBOOOO
OOOOWOOOO
OOWOOOOOB
BOWOKOWBB
OOOOOOOOB
OWOOWWOOO
OOOOBOOOO
OOOBBBOOO
-
B
OOOBBBOOO
OOBOBOOOO
OOOOWOOOO
OOWOOOOOB
BOWOKOWBB
OOOOOOOOB
OWOOWWOOO
OOOOBOOOO
OOOBBBOOO
-
W
OOOBBBOOO
OOBOBOOOO
OOOOWOOOO
OOWOOOOOB
BOWOKOWBB
OOOOOOOOB
OWOOWOOOW
OOOOBOOOO
OOOBBBOOO
-
B
OOBBBBOOO
OOOOBOOOO
OOOOWOOOO
OOWOOOOOB
BOWOKOWBB
OOOOOOOOB
OWOOWOOOW
OOOOBOOOO
OOOBBBOOO
-
W
OOBBBBOOO
OOOOBOOOO
OOOOWOOOO
OOWOOOOOB
BOWOKOWBB
OOOOOOOOB
OOWOWOOOW
OOOOBOOOO
OOOBBBOOO
-
B
OOOBBBOOO
OOBOBOOOO
OOOOWOOOO
OOWOOOOOB
BOWOKOWBB
OOOOOOOOB
OOWOWOOOW
OOOOBOOOO
OOOBBBOOO
-
W
OOOBBBOOO
OOBOBOOOO
OOOOWOOOO
OOWOOOOOB
BOWOKOWBB
OOOOOOOOB
OOOOWOOOW
OOOOBOOOO
OOWBBBOOO
-
B
OOBBBBOOO
OOOOBOOOO
OOOOWOOOO
OOWOOOOOB
BOWOKOWBB
OOOOOOOOB
OOOOWOOOW
OOOOBOOOO
OOWBBBOOO
-
W
Stato:
OOBBBBOOO
OOOOBOOOO
OOWOWOOOO
OOOOOOOOB
BOWOKOWBB
OOOOOOOOB
OOOOWOOOW
OOOOBOOOO
OOWBBBOOO
-
B
Waiting for B...
Suggested move: Turn: B Pawn from c1 to c2
OOBBBBOOO
OOOOBOOOO
OOOOWOOOO
OOWOOOOOB
BOWOKOWBB
OOOOOOOOB
OWOOWWOOO
OOOOBOOOO
OOOBBBOOO
-
B
OOOBBBOOO
OOBOBOOOO
OOOOWOOOO
OOWOOOOOB
BOWOKOWBB
OOOOOOOOB
OWOOWWOOO
OOOOBOOOO
OOOBBBOOO
-
W
OOOBBBOOO
OOBOBOOOO
OOOOWOOOO
OOWOOOOOB
BOWOKOWBB
OOOOOOOOB
OWOOWOOOW
OOOOBOOOO
OOOBBBOOO
-
B
OOBBBBOOO
OOOOBOOOO
OOOOWOOOO
OOWOOOOOB
BOWOKOWBB
OOOOOOOOB
OWOOWOOOW
OOOOBOOOO
OOOBBBOOO
-
W
OOBBBBOOO
OOOOBOOOO
OOOOWOOOO
OOWOOOOOB
BOWOKOWBB
OOOOOOOOB
OOWOWOOOW
OOOOBOOOO
OOOBBBOOO
-
B
OOOBBBOOO
OOBOBOOOO
OOOOWOOOO
OOWOOOOOB
BOWOKOWBB
OOOOOOOOB
OOWOWOOOW
OOOOBOOOO
OOOBBBOOO
-
W
OOOBBBOOO
OOBOBOOOO
OOOOWOOOO
OOWOOOOOB
BOWOKOWBB
OOOOOOOOB
OOOOWOOOW
OOOOBOOOO
OOWBBBOOO
-
B
OOBBBBOOO
OOOOBOOOO
OOOOWOOOO
OOWOOOOOB
BOWOKOWBB
OOOOOOOOB
OOOOWOOOW
OOOOBOOOO
OOWBBBOOO
-
W
OOBBBBOOO
OOOOBOOOO
OOWOWOOOO
OOOOOOOOB
BOWOKOWBB
OOOOOOOOB
OOOOWOOOW
OOOOBOOOO
OOWBBBOOO
-
B
Stato:
OOOBBBOOO
OOBOBOOOO
OOWOWOOOO
OOOOOOOOB
BOWOKOWBB
OOOOOOOOB
OOOOWOOOW
OOOOBOOOO
OOWBBBOOO
-
W
Waiting for W...
Suggested move: Turn: W Pawn from c3 to c4
OOBBBBOOO
OOOOBOOOO
OOOOWOOOO
OOWOOOOOB
BOWOKOWBB
OOOOOOOOB
OWOOWWOOO
OOOOBOOOO
OOOBBBOOO
-
B
OOOBBBOOO
OOBOBOOOO
OOOOWOOOO
OOWOOOOOB
BOWOKOWBB
OOOOOOOOB
OWOOWWOOO
OOOOBOOOO
OOOBBBOOO
-
W
OOOBBBOOO
OOBOBOOOO
OOOOWOOOO
OOWOOOOOB
BOWOKOWBB
OOOOOOOOB
OWOOWOOOW
OOOOBOOOO
OOOBBBOOO
-
B
OOBBBBOOO
OOOOBOOOO
OOOOWOOOO
OOWOOOOOB
BOWOKOWBB
OOOOOOOOB
OWOOWOOOW
OOOOBOOOO
OOOBBBOOO
-
W
OOBBBBOOO
OOOOBOOOO
OOOOWOOOO
OOWOOOOOB
BOWOKOWBB
OOOOOOOOB
OOWOWOOOW
OOOOBOOOO
OOOBBBOOO
-
B
OOOBBBOOO
OOBOBOOOO
OOOOWOOOO
OOWOOOOOB
BOWOKOWBB
OOOOOOOOB
OOWOWOOOW
OOOOBOOOO
OOOBBBOOO
-
W
OOOBBBOOO
OOBOBOOOO
OOOOWOOOO
OOWOOOOOB
BOWOKOWBB
OOOOOOOOB
OOOOWOOOW
OOOOBOOOO
OOWBBBOOO
-
B
Stato:
OOOBBBOOO
OOBOBOOOO
OOOOWOOOO
OOWOOOOOB
BOWOKOWBB
OOOOOOOOB
OOOOWOOOW
OOOOBOOOO
OOWBBBOOO
-
D
END OF THE GAME
RESULT: DRAW
