usage: java Server
 -c,--cache <arg>           cache must be an integer, negative value means
                            infinite; default: infinite
 -e,--errors <arg>          errors must be an integer >= 0; default: 0
 -g,--enableGUI             enableGUI if option is present
 -r,--game rules <arg>      game rules must be an integer; 1 for Tablut, 2
                            for Modern, 3 for Brandub, 4 for Ashton;
                            default: 4
 -s,--repeatedState <arg>   repeatedStates must be an integer >= 0;
                            default: 0
 -t,--time <arg>            time must be an integer (number of seconds);
                            default: 60
/Users/pelle/Development/GitHub/tablut-challenge/games_executor/logs/1732707947284_systemLog.txt
Waiting for connections...
White player name:	flag2
Black player name:	grey
Clients connected..
Waiting for W...
Suggested move: Turn: W Pawn from d5 to d4
Stato:
OOOBBBOOO
OOOOBOOOO
OOOOWOOOO
BOOWWOOOB
BBWOKWWBB
BOOOWOOOB
OOOOWOOOO
OOOOBOOOO
OOOBBBOOO
-
B
Waiting for B...
Suggested move: Turn: B Pawn from b5 to b2
OOOBBBOOO
OOOOBOOOO
OOOOWOOOO
BOOWWOOOB
BBWOKWWBB
BOOOWOOOB
OOOOWOOOO
OOOOBOOOO
OOOBBBOOO
-
B
Stato:
OOOBBBOOO
OBOOBOOOO
OOOOWOOOO
BOOWWOOOB
BOWOKWWBB
BOOOWOOOB
OOOOWOOOO
OOOOBOOOO
OOOBBBOOO
-
W
Waiting for W...
Suggested move: Turn: W Pawn from c5 to c4
OOOBBBOOO
OOOOBOOOO
OOOOWOOOO
BOOWWOOOB
BBWOKWWBB
BOOOWOOOB
OOOOWOOOO
OOOOBOOOO
OOOBBBOOO
-
B
OOOBBBOOO
OBOOBOOOO
OOOOWOOOO
BOOWWOOOB
BOWOKWWBB
BOOOWOOOB
OOOOWOOOO
OOOOBOOOO
OOOBBBOOO
-
W
Stato:
OOOBBBOOO
OBOOBOOOO
OOOOWOOOO
BOWWWOOOB
BOOOKWWBB
BOOOWOOOB
OOOOWOOOO
OOOOBOOOO
OOOBBBOOO
-
B
Waiting for B...
Suggested move: Turn: B Pawn from e2 to h2
OOOBBBOOO
OOOOBOOOO
OOOOWOOOO
BOOWWOOOB
BBWOKWWBB
BOOOWOOOB
OOOOWOOOO
OOOOBOOOO
OOOBBBOOO
-
B
OOOBBBOOO
OBOOBOOOO
OOOOWOOOO
BOOWWOOOB
BOWOKWWBB
BOOOWOOOB
OOOOWOOOO
OOOOBOOOO
OOOBBBOOO
-
W
OOOBBBOOO
OBOOBOOOO
OOOOWOOOO
BOWWWOOOB
BOOOKWWBB
BOOOWOOOB
OOOOWOOOO
OOOOBOOOO
OOOBBBOOO
-
B
Stato:
OOOBBBOOO
OBOOOOOBO
OOOOWOOOO
BOWWWOOOB
BOOOKWWBB
BOOOWOOOB
OOOOWOOOO
OOOOBOOOO
OOOBBBOOO
-
W
Waiting for W...
Suggested move: Turn: W Pawn from c4 to c3
OOOBBBOOO
OOOOBOOOO
OOOOWOOOO
BOOWWOOOB
BBWOKWWBB
BOOOWOOOB
OOOOWOOOO
OOOOBOOOO
OOOBBBOOO
-
B
OOOBBBOOO
OBOOBOOOO
OOOOWOOOO
BOOWWOOOB
BOWOKWWBB
BOOOWOOOB
OOOOWOOOO
OOOOBOOOO
OOOBBBOOO
-
W
OOOBBBOOO
OBOOBOOOO
OOOOWOOOO
BOWWWOOOB
BOOOKWWBB
BOOOWOOOB
OOOOWOOOO
OOOOBOOOO
OOOBBBOOO
-
B
OOOBBBOOO
OBOOOOOBO
OOOOWOOOO
BOWWWOOOB
BOOOKWWBB
BOOOWOOOB
OOOOWOOOO
OOOOBOOOO
OOOBBBOOO
-
W
Stato:
OOOBBBOOO
OBOOOOOBO
OOWOWOOOO
BOOWWOOOB
BOOOKWWBB
BOOOWOOOB
OOOOWOOOO
OOOOBOOOO
OOOBBBOOO
-
B
Waiting for B...
Suggested move: Turn: B Pawn from e8 to h8
OOOBBBOOO
OOOOBOOOO
OOOOWOOOO
BOOWWOOOB
BBWOKWWBB
BOOOWOOOB
OOOOWOOOO
OOOOBOOOO
OOOBBBOOO
-
B
OOOBBBOOO
OBOOBOOOO
OOOOWOOOO
BOOWWOOOB
BOWOKWWBB
BOOOWOOOB
OOOOWOOOO
OOOOBOOOO
OOOBBBOOO
-
W
OOOBBBOOO
OBOOBOOOO
OOOOWOOOO
BOWWWOOOB
BOOOKWWBB
BOOOWOOOB
OOOOWOOOO
OOOOBOOOO
OOOBBBOOO
-
B
OOOBBBOOO
OBOOOOOBO
OOOOWOOOO
BOWWWOOOB
BOOOKWWBB
BOOOWOOOB
OOOOWOOOO
OOOOBOOOO
OOOBBBOOO
-
W
OOOBBBOOO
OBOOOOOBO
OOWOWOOOO
BOOWWOOOB
BOOOKWWBB
BOOOWOOOB
OOOOWOOOO
OOOOBOOOO
OOOBBBOOO
-
B
Stato:
OOOBBBOOO
OBOOOOOBO
OOWOWOOOO
BOOWWOOOB
BOOOKWWBB
BOOOWOOOB
OOOOWOOOO
OOOOOOOBO
OOOBBBOOO
-
W
Waiting for W...
Suggested move: Turn: W Pawn from c3 to d3
OOOBBBOOO
OOOOBOOOO
OOOOWOOOO
BOOWWOOOB
BBWOKWWBB
BOOOWOOOB
OOOOWOOOO
OOOOBOOOO
OOOBBBOOO
-
B
OOOBBBOOO
OBOOBOOOO
OOOOWOOOO
BOOWWOOOB
BOWOKWWBB
BOOOWOOOB
OOOOWOOOO
OOOOBOOOO
OOOBBBOOO
-
W
OOOBBBOOO
OBOOBOOOO
OOOOWOOOO
BOWWWOOOB
BOOOKWWBB
BOOOWOOOB
OOOOWOOOO
OOOOBOOOO
OOOBBBOOO
-
B
OOOBBBOOO
OBOOOOOBO
OOOOWOOOO
BOWWWOOOB
BOOOKWWBB
BOOOWOOOB
OOOOWOOOO
OOOOBOOOO
OOOBBBOOO
-
W
OOOBBBOOO
OBOOOOOBO
OOWOWOOOO
BOOWWOOOB
BOOOKWWBB
BOOOWOOOB
OOOOWOOOO
OOOOBOOOO
OOOBBBOOO
-
B
OOOBBBOOO
OBOOOOOBO
OOWOWOOOO
BOOWWOOOB
BOOOKWWBB
BOOOWOOOB
OOOOWOOOO
OOOOOOOBO
OOOBBBOOO
-
W
Stato:
OOOBBBOOO
OBOOOOOBO
OOOWWOOOO
BOOWWOOOB
BOOOKWWBB
BOOOWOOOB
OOOOWOOOO
OOOOOOOBO
OOOBBBOOO
-
B
Waiting for B...
Suggested move: Turn: B Pawn from h5 to h3
OOOBBBOOO
OOOOBOOOO
OOOOWOOOO
BOOWWOOOB
BBWOKWWBB
BOOOWOOOB
OOOOWOOOO
OOOOBOOOO
OOOBBBOOO
-
B
OOOBBBOOO
OBOOBOOOO
OOOOWOOOO
BOOWWOOOB
BOWOKWWBB
BOOOWOOOB
OOOOWOOOO
OOOOBOOOO
OOOBBBOOO
-
W
OOOBBBOOO
OBOOBOOOO
OOOOWOOOO
BOWWWOOOB
BOOOKWWBB
BOOOWOOOB
OOOOWOOOO
OOOOBOOOO
OOOBBBOOO
-
B
OOOBBBOOO
OBOOOOOBO
OOOOWOOOO
BOWWWOOOB
BOOOKWWBB
BOOOWOOOB
OOOOWOOOO
OOOOBOOOO
OOOBBBOOO
-
W
OOOBBBOOO
OBOOOOOBO
OOWOWOOOO
BOOWWOOOB
BOOOKWWBB
BOOOWOOOB
OOOOWOOOO
OOOOBOOOO
OOOBBBOOO
-
B
OOOBBBOOO
OBOOOOOBO
OOWOWOOOO
BOOWWOOOB
BOOOKWWBB
BOOOWOOOB
OOOOWOOOO
OOOOOOOBO
OOOBBBOOO
-
W
OOOBBBOOO
OBOOOOOBO
OOOWWOOOO
BOOWWOOOB
BOOOKWWBB
BOOOWOOOB
OOOOWOOOO
OOOOOOOBO
OOOBBBOOO
-
B
Stato:
OOOBBBOOO
OBOOOOOBO
OOOWWOOBO
BOOWWOOOB
BOOOKWWOB
BOOOWOOOB
OOOOWOOOO
OOOOOOOBO
OOOBBBOOO
-
W
Waiting for W...
Suggested move: Turn: W Pawn from d3 to c3
OOOBBBOOO
OOOOBOOOO
OOOOWOOOO
BOOWWOOOB
BBWOKWWBB
BOOOWOOOB
OOOOWOOOO
OOOOBOOOO
OOOBBBOOO
-
B
OOOBBBOOO
OBOOBOOOO
OOOOWOOOO
BOOWWOOOB
BOWOKWWBB
BOOOWOOOB
OOOOWOOOO
OOOOBOOOO
OOOBBBOOO
-
W
OOOBBBOOO
OBOOBOOOO
OOOOWOOOO
BOWWWOOOB
BOOOKWWBB
BOOOWOOOB
OOOOWOOOO
OOOOBOOOO
OOOBBBOOO
-
B
OOOBBBOOO
OBOOOOOBO
OOOOWOOOO
BOWWWOOOB
BOOOKWWBB
BOOOWOOOB
OOOOWOOOO
OOOOBOOOO
OOOBBBOOO
-
W
OOOBBBOOO
OBOOOOOBO
OOWOWOOOO
BOOWWOOOB
BOOOKWWBB
BOOOWOOOB
OOOOWOOOO
OOOOBOOOO
OOOBBBOOO
-
B
OOOBBBOOO
OBOOOOOBO
OOWOWOOOO
BOOWWOOOB
BOOOKWWBB
BOOOWOOOB
OOOOWOOOO
OOOOOOOBO
OOOBBBOOO
-
W
OOOBBBOOO
OBOOOOOBO
OOOWWOOOO
BOOWWOOOB
BOOOKWWBB
BOOOWOOOB
OOOOWOOOO
OOOOOOOBO
OOOBBBOOO
-
B
OOOBBBOOO
OBOOOOOBO
OOOWWOOBO
BOOWWOOOB
BOOOKWWOB
BOOOWOOOB
OOOOWOOOO
OOOOOOOBO
OOOBBBOOO
-
W
Stato:
OOOBBBOOO
OBOOOOOBO
OOWOWOOBO
BOOWWOOOB
BOOOKWWOB
BOOOWOOOB
OOOOWOOOO
OOOOOOOBO
OOOBBBOOO
-
B
Waiting for B...
Suggested move: Turn: B Pawn from d9 to d5
OOOBBBOOO
OOOOBOOOO
OOOOWOOOO
BOOWWOOOB
BBWOKWWBB
BOOOWOOOB
OOOOWOOOO
OOOOBOOOO
OOOBBBOOO
-
B
OOOBBBOOO
OBOOBOOOO
OOOOWOOOO
BOOWWOOOB
BOWOKWWBB
BOOOWOOOB
OOOOWOOOO
OOOOBOOOO
OOOBBBOOO
-
W
OOOBBBOOO
OBOOBOOOO
OOOOWOOOO
BOWWWOOOB
BOOOKWWBB
BOOOWOOOB
OOOOWOOOO
OOOOBOOOO
OOOBBBOOO
-
B
OOOBBBOOO
OBOOOOOBO
OOOOWOOOO
BOWWWOOOB
BOOOKWWBB
BOOOWOOOB
OOOOWOOOO
OOOOBOOOO
OOOBBBOOO
-
W
OOOBBBOOO
OBOOOOOBO
OOWOWOOOO
BOOWWOOOB
BOOOKWWBB
BOOOWOOOB
OOOOWOOOO
OOOOBOOOO
OOOBBBOOO
-
B
OOOBBBOOO
OBOOOOOBO
OOWOWOOOO
BOOWWOOOB
BOOOKWWBB
BOOOWOOOB
OOOOWOOOO
OOOOOOOBO
OOOBBBOOO
-
W
OOOBBBOOO
OBOOOOOBO
OOOWWOOOO
BOOWWOOOB
BOOOKWWBB
BOOOWOOOB
OOOOWOOOO
OOOOOOOBO
OOOBBBOOO
-
B
OOOBBBOOO
OBOOOOOBO
OOOWWOOBO
BOOWWOOOB
BOOOKWWOB
BOOOWOOOB
OOOOWOOOO
OOOOOOOBO
OOOBBBOOO
-
W
OOOBBBOOO
OBOOOOOBO
OOWOWOOBO
BOOWWOOOB
BOOOKWWOB
BOOOWOOOB
OOOOWOOOO
OOOOOOOBO
OOOBBBOOO
-
B
Stato:
OOOBBBOOO
OBOOOOOBO
OOWOWOOBO
BOOWWOOOB
BOOBKWWOB
BOOOWOOOB
OOOOWOOOO
OOOOOOOBO
OOOOBBOOO
-
W
Waiting for W...
Suggested move: Turn: W Pawn from c3 to d3
OOOBBBOOO
OOOOBOOOO
OOOOWOOOO
BOOWWOOOB
BBWOKWWBB
BOOOWOOOB
OOOOWOOOO
OOOOBOOOO
OOOBBBOOO
-
B
OOOBBBOOO
OBOOBOOOO
OOOOWOOOO
BOOWWOOOB
BOWOKWWBB
BOOOWOOOB
OOOOWOOOO
OOOOBOOOO
OOOBBBOOO
-
W
OOOBBBOOO
OBOOBOOOO
OOOOWOOOO
BOWWWOOOB
BOOOKWWBB
BOOOWOOOB
OOOOWOOOO
OOOOBOOOO
OOOBBBOOO
-
B
OOOBBBOOO
OBOOOOOBO
OOOOWOOOO
BOWWWOOOB
BOOOKWWBB
BOOOWOOOB
OOOOWOOOO
OOOOBOOOO
OOOBBBOOO
-
W
OOOBBBOOO
OBOOOOOBO
OOWOWOOOO
BOOWWOOOB
BOOOKWWBB
BOOOWOOOB
OOOOWOOOO
OOOOBOOOO
OOOBBBOOO
-
B
OOOBBBOOO
OBOOOOOBO
OOWOWOOOO
BOOWWOOOB
BOOOKWWBB
BOOOWOOOB
OOOOWOOOO
OOOOOOOBO
OOOBBBOOO
-
W
OOOBBBOOO
OBOOOOOBO
OOOWWOOOO
BOOWWOOOB
BOOOKWWBB
BOOOWOOOB
OOOOWOOOO
OOOOOOOBO
OOOBBBOOO
-
B
OOOBBBOOO
OBOOOOOBO
OOOWWOOBO
BOOWWOOOB
BOOOKWWOB
BOOOWOOOB
OOOOWOOOO
OOOOOOOBO
OOOBBBOOO
-
W
OOOBBBOOO
OBOOOOOBO
OOWOWOOBO
BOOWWOOOB
BOOOKWWOB
BOOOWOOOB
OOOOWOOOO
OOOOOOOBO
OOOBBBOOO
-
B
OOOBBBOOO
OBOOOOOBO
OOWOWOOBO
BOOWWOOOB
BOOBKWWOB
BOOOWOOOB
OOOOWOOOO
OOOOOOOBO
OOOOBBOOO
-
W
Stato:
OOOBBBOOO
OBOOOOOBO
OOOWWOOBO
BOOWWOOOB
BOOBKWWOB
BOOOWOOOB
OOOOWOOOO
OOOOOOOBO
OOOOBBOOO
-
B
Waiting for B...
Suggested move: Turn: B Pawn from a6 to d6
OOOBBBOOO
OOOOBOOOO
OOOOWOOOO
BOOWWOOOB
BBWOKWWBB
BOOOWOOOB
OOOOWOOOO
OOOOBOOOO
OOOBBBOOO
-
B
OOOBBBOOO
OBOOBOOOO
OOOOWOOOO
BOOWWOOOB
BOWOKWWBB
BOOOWOOOB
OOOOWOOOO
OOOOBOOOO
OOOBBBOOO
-
W
OOOBBBOOO
OBOOBOOOO
OOOOWOOOO
BOWWWOOOB
BOOOKWWBB
BOOOWOOOB
OOOOWOOOO
OOOOBOOOO
OOOBBBOOO
-
B
OOOBBBOOO
OBOOOOOBO
OOOOWOOOO
BOWWWOOOB
BOOOKWWBB
BOOOWOOOB
OOOOWOOOO
OOOOBOOOO
OOOBBBOOO
-
W
OOOBBBOOO
OBOOOOOBO
OOWOWOOOO
BOOWWOOOB
BOOOKWWBB
BOOOWOOOB
OOOOWOOOO
OOOOBOOOO
OOOBBBOOO
-
B
OOOBBBOOO
OBOOOOOBO
OOWOWOOOO
BOOWWOOOB
BOOOKWWBB
BOOOWOOOB
OOOOWOOOO
OOOOOOOBO
OOOBBBOOO
-
W
OOOBBBOOO
OBOOOOOBO
OOOWWOOOO
BOOWWOOOB
BOOOKWWBB
BOOOWOOOB
OOOOWOOOO
OOOOOOOBO
OOOBBBOOO
-
B
OOOBBBOOO
OBOOOOOBO
OOOWWOOBO
BOOWWOOOB
BOOOKWWOB
BOOOWOOOB
OOOOWOOOO
OOOOOOOBO
OOOBBBOOO
-
W
OOOBBBOOO
OBOOOOOBO
OOWOWOOBO
BOOWWOOOB
BOOOKWWOB
BOOOWOOOB
OOOOWOOOO
OOOOOOOBO
OOOBBBOOO
-
B
OOOBBBOOO
OBOOOOOBO
OOWOWOOBO
BOOWWOOOB
BOOBKWWOB
BOOOWOOOB
OOOOWOOOO
OOOOOOOBO
OOOOBBOOO
-
W
OOOBBBOOO
OBOOOOOBO
OOOWWOOBO
BOOWWOOOB
BOOBKWWOB
BOOOWOOOB
OOOOWOOOO
OOOOOOOBO
OOOOBBOOO
-
B
Stato:
OOOBBBOOO
OBOOOOOBO
OOOWWOOBO
BOOWWOOOB
BOOBKWWOB
OOOBWOOOB
OOOOWOOOO
OOOOOOOBO
OOOOBBOOO
-
W
Waiting for W...
Suggested move: Turn: W Pawn from e6 to f6
OOOBBBOOO
OOOOBOOOO
OOOOWOOOO
BOOWWOOOB
BBWOKWWBB
BOOOWOOOB
OOOOWOOOO
OOOOBOOOO
OOOBBBOOO
-
B
OOOBBBOOO
OBOOBOOOO
OOOOWOOOO
BOOWWOOOB
BOWOKWWBB
BOOOWOOOB
OOOOWOOOO
OOOOBOOOO
OOOBBBOOO
-
W
OOOBBBOOO
OBOOBOOOO
OOOOWOOOO
BOWWWOOOB
BOOOKWWBB
BOOOWOOOB
OOOOWOOOO
OOOOBOOOO
OOOBBBOOO
-
B
OOOBBBOOO
OBOOOOOBO
OOOOWOOOO
BOWWWOOOB
BOOOKWWBB
BOOOWOOOB
OOOOWOOOO
OOOOBOOOO
OOOBBBOOO
-
W
OOOBBBOOO
OBOOOOOBO
OOWOWOOOO
BOOWWOOOB
BOOOKWWBB
BOOOWOOOB
OOOOWOOOO
OOOOBOOOO
OOOBBBOOO
-
B
OOOBBBOOO
OBOOOOOBO
OOWOWOOOO
BOOWWOOOB
BOOOKWWBB
BOOOWOOOB
OOOOWOOOO
OOOOOOOBO
OOOBBBOOO
-
W
OOOBBBOOO
OBOOOOOBO
OOOWWOOOO
BOOWWOOOB
BOOOKWWBB
BOOOWOOOB
OOOOWOOOO
OOOOOOOBO
OOOBBBOOO
-
B
OOOBBBOOO
OBOOOOOBO
OOOWWOOBO
BOOWWOOOB
BOOOKWWOB
BOOOWOOOB
OOOOWOOOO
OOOOOOOBO
OOOBBBOOO
-
W
OOOBBBOOO
OBOOOOOBO
OOWOWOOBO
BOOWWOOOB
BOOOKWWOB
BOOOWOOOB
OOOOWOOOO
OOOOOOOBO
OOOBBBOOO
-
B
OOOBBBOOO
OBOOOOOBO
OOWOWOOBO
BOOWWOOOB
BOOBKWWOB
BOOOWOOOB
OOOOWOOOO
OOOOOOOBO
OOOOBBOOO
-
W
OOOBBBOOO
OBOOOOOBO
OOOWWOOBO
BOOWWOOOB
BOOBKWWOB
BOOOWOOOB
OOOOWOOOO
OOOOOOOBO
OOOOBBOOO
-
B
OOOBBBOOO
OBOOOOOBO
OOOWWOOBO
BOOWWOOOB
BOOBKWWOB
OOOBWOOOB
OOOOWOOOO
OOOOOOOBO
OOOOBBOOO
-
W
Stato:
OOOBBBOOO
OBOOOOOBO
OOOWWOOBO
BOOWWOOOB
BOOBKWWOB
OOOBOWOOB
OOOOWOOOO
OOOOOOOBO
OOOOBBOOO
-
B
Waiting for B...
Suggested move: Turn: B Pawn from d6 to e6
Stato:
OOOBBBOOO
OBOOOOOBO
OOOWWOOBO
BOOWWOOOB
BOOBKWWOB
OOOOBWOOB
OOOOOOOOO
OOOOOOOBO
OOOOBBOOO
-
W
Waiting for W...
Suggested move: Turn: W Pawn from f6 to g6
OOOBBBOOO
OBOOOOOBO
OOOWWOOBO
BOOWWOOOB
BOOBKWWOB
OOOOBWOOB
OOOOOOOOO
OOOOOOOBO
OOOOBBOOO
-
W
Stato:
OOOBBBOOO
OBOOOOOBO
OOOWWOOBO
BOOWWOOOB
BOOBKWWOB
OOOOBOWOB
OOOOOOOOO
OOOOOOOBO
OOOOBBOOO
-
B
Waiting for B...
Suggested move: Turn: B Pawn from f9 to f7
OOOBBBOOO
OBOOOOOBO
OOOWWOOBO
BOOWWOOOB
BOOBKWWOB
OOOOBWOOB
OOOOOOOOO
OOOOOOOBO
OOOOBBOOO
-
W
OOOBBBOOO
OBOOOOOBO
OOOWWOOBO
BOOWWOOOB
BOOBKWWOB
OOOOBOWOB
OOOOOOOOO
OOOOOOOBO
OOOOBBOOO
-
B
Stato:
OOOBBBOOO
OBOOOOOBO
OOOWWOOBO
BOOWWOOOB
BOOBKWWOB
OOOOBOWOB
OOOOOBOOO
OOOOOOOBO
OOOOBOOOO
-
W
Waiting for W...
Suggested move: Turn: W Pawn from d4 to c4
OOOBBBOOO
OBOOOOOBO
OOOWWOOBO
BOOWWOOOB
BOOBKWWOB
OOOOBWOOB
OOOOOOOOO
OOOOOOOBO
OOOOBBOOO
-
W
OOOBBBOOO
OBOOOOOBO
OOOWWOOBO
BOOWWOOOB
BOOBKWWOB
OOOOBOWOB
OOOOOOOOO
OOOOOOOBO
OOOOBBOOO
-
B
OOOBBBOOO
OBOOOOOBO
OOOWWOOBO
BOOWWOOOB
BOOBKWWOB
OOOOBOWOB
OOOOOBOOO
OOOOOOOBO
OOOOBOOOO
-
W
Stato:
OOOBBBOOO
OBOOOOOBO
OOOWWOOBO
BOWOWOOOB
BOOBKWWOB
OOOOBOWOB
OOOOOBOOO
OOOOOOOBO
OOOOBOOOO
-
B
Waiting for B...
Suggested move: Turn: B Pawn from f7 to g7
OOOBBBOOO
OBOOOOOBO
OOOWWOOBO
BOOWWOOOB
BOOBKWWOB
OOOOBWOOB
OOOOOOOOO
OOOOOOOBO
OOOOBBOOO
-
W
OOOBBBOOO
OBOOOOOBO
OOOWWOOBO
BOOWWOOOB
BOOBKWWOB
OOOOBOWOB
OOOOOOOOO
OOOOOOOBO
OOOOBBOOO
-
B
OOOBBBOOO
OBOOOOOBO
OOOWWOOBO
BOOWWOOOB
BOOBKWWOB
OOOOBOWOB
OOOOOBOOO
OOOOOOOBO
OOOOBOOOO
-
W
OOOBBBOOO
OBOOOOOBO
OOOWWOOBO
BOWOWOOOB
BOOBKWWOB
OOOOBOWOB
OOOOOBOOO
OOOOOOOBO
OOOOBOOOO
-
B
Stato:
OOOBBBOOO
OBOOOOOBO
OOOWWOOBO
BOWOWOOOB
BOOBKWWOB
OOOOBOWOB
OOOOOOBOO
OOOOOOOBO
OOOOBOOOO
-
W
Waiting for W...
Suggested move: Turn: W Pawn from c4 to c3
OOOBBBOOO
OBOOOOOBO
OOOWWOOBO
BOOWWOOOB
BOOBKWWOB
OOOOBWOOB
OOOOOOOOO
OOOOOOOBO
OOOOBBOOO
-
W
OOOBBBOOO
OBOOOOOBO
OOOWWOOBO
BOOWWOOOB
BOOBKWWOB
OOOOBOWOB
OOOOOOOOO
OOOOOOOBO
OOOOBBOOO
-
B
OOOBBBOOO
OBOOOOOBO
OOOWWOOBO
BOOWWOOOB
BOOBKWWOB
OOOOBOWOB
OOOOOBOOO
OOOOOOOBO
OOOOBOOOO
-
W
OOOBBBOOO
OBOOOOOBO
OOOWWOOBO
BOWOWOOOB
BOOBKWWOB
OOOOBOWOB
OOOOOBOOO
OOOOOOOBO
OOOOBOOOO
-
B
OOOBBBOOO
OBOOOOOBO
OOOWWOOBO
BOWOWOOOB
BOOBKWWOB
OOOOBOWOB
OOOOOOBOO
OOOOOOOBO
OOOOBOOOO
-
W
Stato:
OOOBBBOOO
OBOOOOOBO
OOWWWOOBO
BOOOWOOOB
BOOBKWWOB
OOOOBOWOB
OOOOOOBOO
OOOOOOOBO
OOOOBOOOO
-
B
Waiting for B...
Suggested move: Turn: B Pawn from a4 to c4
OOOBBBOOO
OBOOOOOBO
OOOWWOOBO
BOOWWOOOB
BOOBKWWOB
OOOOBWOOB
OOOOOOOOO
OOOOOOOBO
OOOOBBOOO
-
W
OOOBBBOOO
OBOOOOOBO
OOOWWOOBO
BOOWWOOOB
BOOBKWWOB
OOOOBOWOB
OOOOOOOOO
OOOOOOOBO
OOOOBBOOO
-
B
OOOBBBOOO
OBOOOOOBO
OOOWWOOBO
BOOWWOOOB
BOOBKWWOB
OOOOBOWOB
OOOOOBOOO
OOOOOOOBO
OOOOBOOOO
-
W
OOOBBBOOO
OBOOOOOBO
OOOWWOOBO
BOWOWOOOB
BOOBKWWOB
OOOOBOWOB
OOOOOBOOO
OOOOOOOBO
OOOOBOOOO
-
B
OOOBBBOOO
OBOOOOOBO
OOOWWOOBO
BOWOWOOOB
BOOBKWWOB
OOOOBOWOB
OOOOOOBOO
OOOOOOOBO
OOOOBOOOO
-
W
OOOBBBOOO
OBOOOOOBO
OOWWWOOBO
BOOOWOOOB
BOOBKWWOB
OOOOBOWOB
OOOOOOBOO
OOOOOOOBO
OOOOBOOOO
-
B
Stato:
OOOBBBOOO
OBOOOOOBO
OOWWWOOBO
OOBOWOOOB
BOOBKWWOB
OOOOBOWOB
OOOOOOBOO
OOOOOOOBO
OOOOBOOOO
-
W
Waiting for W...
Suggested move: Turn: W Pawn from c3 to c2
OOOBBBOOO
OBOOOOOBO
OOOWWOOBO
BOOWWOOOB
BOOBKWWOB
OOOOBWOOB
OOOOOOOOO
OOOOOOOBO
OOOOBBOOO
-
W
OOOBBBOOO
OBOOOOOBO
OOOWWOOBO
BOOWWOOOB
BOOBKWWOB
OOOOBOWOB
OOOOOOOOO
OOOOOOOBO
OOOOBBOOO
-
B
OOOBBBOOO
OBOOOOOBO
OOOWWOOBO
BOOWWOOOB
BOOBKWWOB
OOOOBOWOB
OOOOOBOOO
OOOOOOOBO
OOOOBOOOO
-
W
OOOBBBOOO
OBOOOOOBO
OOOWWOOBO
BOWOWOOOB
BOOBKWWOB
OOOOBOWOB
OOOOOBOOO
OOOOOOOBO
OOOOBOOOO
-
B
OOOBBBOOO
OBOOOOOBO
OOOWWOOBO
BOWOWOOOB
BOOBKWWOB
OOOOBOWOB
OOOOOOBOO
OOOOOOOBO
OOOOBOOOO
-
W
OOOBBBOOO
OBOOOOOBO
OOWWWOOBO
BOOOWOOOB
BOOBKWWOB
OOOOBOWOB
OOOOOOBOO
OOOOOOOBO
OOOOBOOOO
-
B
OOOBBBOOO
OBOOOOOBO
OOWWWOOBO
OOBOWOOOB
BOOBKWWOB
OOOOBOWOB
OOOOOOBOO
OOOOOOOBO
OOOOBOOOO
-
W
Stato:
OOOBBBOOO
OBWOOOOBO
OOOWWOOBO
OOBOWOOOB
BOOBKWWOB
OOOOBOWOB
OOOOOOBOO
OOOOOOOBO
OOOOBOOOO
-
B
Waiting for B...
Suggested move: Turn: B Pawn from c4 to c7
OOOBBBOOO
OBOOOOOBO
OOOWWOOBO
BOOWWOOOB
BOOBKWWOB
OOOOBWOOB
OOOOOOOOO
OOOOOOOBO
OOOOBBOOO
-
W
OOOBBBOOO
OBOOOOOBO
OOOWWOOBO
BOOWWOOOB
BOOBKWWOB
OOOOBOWOB
OOOOOOOOO
OOOOOOOBO
OOOOBBOOO
-
B
OOOBBBOOO
OBOOOOOBO
OOOWWOOBO
BOOWWOOOB
BOOBKWWOB
OOOOBOWOB
OOOOOBOOO
OOOOOOOBO
OOOOBOOOO
-
W
OOOBBBOOO
OBOOOOOBO
OOOWWOOBO
BOWOWOOOB
BOOBKWWOB
OOOOBOWOB
OOOOOBOOO
OOOOOOOBO
OOOOBOOOO
-
B
OOOBBBOOO
OBOOOOOBO
OOOWWOOBO
BOWOWOOOB
BOOBKWWOB
OOOOBOWOB
OOOOOOBOO
OOOOOOOBO
OOOOBOOOO
-
W
OOOBBBOOO
OBOOOOOBO
OOWWWOOBO
BOOOWOOOB
BOOBKWWOB
OOOOBOWOB
OOOOOOBOO
OOOOOOOBO
OOOOBOOOO
-
B
OOOBBBOOO
OBOOOOOBO
OOWWWOOBO
OOBOWOOOB
BOOBKWWOB
OOOOBOWOB
OOOOOOBOO
OOOOOOOBO
OOOOBOOOO
-
W
OOOBBBOOO
OBWOOOOBO
OOOWWOOBO
OOBOWOOOB
BOOBKWWOB
OOOOBOWOB
OOOOOOBOO
OOOOOOOBO
OOOOBOOOO
-
B
Stato:
OOOBBBOOO
OBWOOOOBO
OOOWWOOBO
OOOOWOOOB
BOOBKWWOB
OOOOBOWOB
OOBOOOBOO
OOOOOOOBO
OOOOBOOOO
-
W
Waiting for W...
Suggested move: Turn: W Pawn from c2 to c3
OOOBBBOOO
OBOOOOOBO
OOOWWOOBO
BOOWWOOOB
BOOBKWWOB
OOOOBWOOB
OOOOOOOOO
OOOOOOOBO
OOOOBBOOO
-
W
OOOBBBOOO
OBOOOOOBO
OOOWWOOBO
BOOWWOOOB
BOOBKWWOB
OOOOBOWOB
OOOOOOOOO
OOOOOOOBO
OOOOBBOOO
-
B
OOOBBBOOO
OBOOOOOBO
OOOWWOOBO
BOOWWOOOB
BOOBKWWOB
OOOOBOWOB
OOOOOBOOO
OOOOOOOBO
OOOOBOOOO
-
W
OOOBBBOOO
OBOOOOOBO
OOOWWOOBO
BOWOWOOOB
BOOBKWWOB
OOOOBOWOB
OOOOOBOOO
OOOOOOOBO
OOOOBOOOO
-
B
OOOBBBOOO
OBOOOOOBO
OOOWWOOBO
BOWOWOOOB
BOOBKWWOB
OOOOBOWOB
OOOOOOBOO
OOOOOOOBO
OOOOBOOOO
-
W
OOOBBBOOO
OBOOOOOBO
OOWWWOOBO
BOOOWOOOB
BOOBKWWOB
OOOOBOWOB
OOOOOOBOO
OOOOOOOBO
OOOOBOOOO
-
B
OOOBBBOOO
OBOOOOOBO
OOWWWOOBO
OOBOWOOOB
BOOBKWWOB
OOOOBOWOB
OOOOOOBOO
OOOOOOOBO
OOOOBOOOO
-
W
OOOBBBOOO
OBWOOOOBO
OOOWWOOBO
OOBOWOOOB
BOOBKWWOB
OOOOBOWOB
OOOOOOBOO
OOOOOOOBO
OOOOBOOOO
-
B
OOOBBBOOO
OBWOOOOBO
OOOWWOOBO
OOOOWOOOB
BOOBKWWOB
OOOOBOWOB
OOBOOOBOO
OOOOOOOBO
OOOOBOOOO
-
W
Stato:
OOOBBBOOO
OBOOOOOBO
OOWWWOOBO
OOOOWOOOB
BOOBKWWOB
OOOOBOWOB
OOBOOOBOO
OOOOOOOBO
OOOOBOOOO
-
B
Waiting for B...
Suggested move: Turn: B Pawn from c7 to c8
OOOBBBOOO
OBOOOOOBO
OOOWWOOBO
BOOWWOOOB
BOOBKWWOB
OOOOBWOOB
OOOOOOOOO
OOOOOOOBO
OOOOBBOOO
-
W
OOOBBBOOO
OBOOOOOBO
OOOWWOOBO
BOOWWOOOB
BOOBKWWOB
OOOOBOWOB
OOOOOOOOO
OOOOOOOBO
OOOOBBOOO
-
B
OOOBBBOOO
OBOOOOOBO
OOOWWOOBO
BOOWWOOOB
BOOBKWWOB
OOOOBOWOB
OOOOOBOOO
OOOOOOOBO
OOOOBOOOO
-
W
OOOBBBOOO
OBOOOOOBO
OOOWWOOBO
BOWOWOOOB
BOOBKWWOB
OOOOBOWOB
OOOOOBOOO
OOOOOOOBO
OOOOBOOOO
-
B
OOOBBBOOO
OBOOOOOBO
OOOWWOOBO
BOWOWOOOB
BOOBKWWOB
OOOOBOWOB
OOOOOOBOO
OOOOOOOBO
OOOOBOOOO
-
W
OOOBBBOOO
OBOOOOOBO
OOWWWOOBO
BOOOWOOOB
BOOBKWWOB
OOOOBOWOB
OOOOOOBOO
OOOOOOOBO
OOOOBOOOO
-
B
OOOBBBOOO
OBOOOOOBO
OOWWWOOBO
OOBOWOOOB
BOOBKWWOB
OOOOBOWOB
OOOOOOBOO
OOOOOOOBO
OOOOBOOOO
-
W
OOOBBBOOO
OBWOOOOBO
OOOWWOOBO
OOBOWOOOB
BOOBKWWOB
OOOOBOWOB
OOOOOOBOO
OOOOOOOBO
OOOOBOOOO
-
B
OOOBBBOOO
OBWOOOOBO
OOOWWOOBO
OOOOWOOOB
BOOBKWWOB
OOOOBOWOB
OOBOOOBOO
OOOOOOOBO
OOOOBOOOO
-
W
OOOBBBOOO
OBOOOOOBO
OOWWWOOBO
OOOOWOOOB
BOOBKWWOB
OOOOBOWOB
OOBOOOBOO
OOOOOOOBO
OOOOBOOOO
-
B
Stato:
OOOBBBOOO
OBOOOOOBO
OOWWWOOBO
OOOOWOOOB
BOOBKWWOB
OOOOBOWOB
OOOOOOBOO
OOBOOOOBO
OOOOBOOOO
-
W
Waiting for W...
Suggested move: Turn: W Pawn from c3 to c4
OOOBBBOOO
OBOOOOOBO
OOOWWOOBO
BOOWWOOOB
BOOBKWWOB
OOOOBWOOB
OOOOOOOOO
OOOOOOOBO
OOOOBBOOO
-
W
OOOBBBOOO
OBOOOOOBO
OOOWWOOBO
BOOWWOOOB
BOOBKWWOB
OOOOBOWOB
OOOOOOOOO
OOOOOOOBO
OOOOBBOOO
-
B
OOOBBBOOO
OBOOOOOBO
OOOWWOOBO
BOOWWOOOB
BOOBKWWOB
OOOOBOWOB
OOOOOBOOO
OOOOOOOBO
OOOOBOOOO
-
W
OOOBBBOOO
OBOOOOOBO
OOOWWOOBO
BOWOWOOOB
BOOBKWWOB
OOOOBOWOB
OOOOOBOOO
OOOOOOOBO
OOOOBOOOO
-
B
OOOBBBOOO
OBOOOOOBO
OOOWWOOBO
BOWOWOOOB
BOOBKWWOB
OOOOBOWOB
OOOOOOBOO
OOOOOOOBO
OOOOBOOOO
-
W
OOOBBBOOO
OBOOOOOBO
OOWWWOOBO
BOOOWOOOB
BOOBKWWOB
OOOOBOWOB
OOOOOOBOO
OOOOOOOBO
OOOOBOOOO
-
B
OOOBBBOOO
OBOOOOOBO
OOWWWOOBO
OOBOWOOOB
BOOBKWWOB
OOOOBOWOB
OOOOOOBOO
OOOOOOOBO
OOOOBOOOO
-
W
OOOBBBOOO
OBWOOOOBO
OOOWWOOBO
OOBOWOOOB
BOOBKWWOB
OOOOBOWOB
OOOOOOBOO
OOOOOOOBO
OOOOBOOOO
-
B
OOOBBBOOO
OBWOOOOBO
OOOWWOOBO
OOOOWOOOB
BOOBKWWOB
OOOOBOWOB
OOBOOOBOO
OOOOOOOBO
OOOOBOOOO
-
W
OOOBBBOOO
OBOOOOOBO
OOWWWOOBO
OOOOWOOOB
BOOBKWWOB
OOOOBOWOB
OOBOOOBOO
OOOOOOOBO
OOOOBOOOO
-
B
OOOBBBOOO
OBOOOOOBO
OOWWWOOBO
OOOOWOOOB
BOOBKWWOB
OOOOBOWOB
OOOOOOBOO
OOBOOOOBO
OOOOBOOOO
-
W
Stato:
OOOBBBOOO
OBOOOOOBO
OOOWWOOBO
OOWOWOOOB
BOOBKWWOB
OOOOBOWOB
OOOOOOBOO
OOBOOOOBO
OOOOBOOOO
-
B
Waiting for B...
Suggested move: Turn: B Pawn from c8 to b8
OOOBBBOOO
OBOOOOOBO
OOOWWOOBO
BOOWWOOOB
BOOBKWWOB
OOOOBWOOB
OOOOOOOOO
OOOOOOOBO
OOOOBBOOO
-
W
OOOBBBOOO
OBOOOOOBO
OOOWWOOBO
BOOWWOOOB
BOOBKWWOB
OOOOBOWOB
OOOOOOOOO
OOOOOOOBO
OOOOBBOOO
-
B
OOOBBBOOO
OBOOOOOBO
OOOWWOOBO
BOOWWOOOB
BOOBKWWOB
OOOOBOWOB
OOOOOBOOO
OOOOOOOBO
OOOOBOOOO
-
W
OOOBBBOOO
OBOOOOOBO
OOOWWOOBO
BOWOWOOOB
BOOBKWWOB
OOOOBOWOB
OOOOOBOOO
OOOOOOOBO
OOOOBOOOO
-
B
OOOBBBOOO
OBOOOOOBO
OOOWWOOBO
BOWOWOOOB
BOOBKWWOB
OOOOBOWOB
OOOOOOBOO
OOOOOOOBO
OOOOBOOOO
-
W
OOOBBBOOO
OBOOOOOBO
OOWWWOOBO
BOOOWOOOB
BOOBKWWOB
OOOOBOWOB
OOOOOOBOO
OOOOOOOBO
OOOOBOOOO
-
B
OOOBBBOOO
OBOOOOOBO
OOWWWOOBO
OOBOWOOOB
BOOBKWWOB
OOOOBOWOB
OOOOOOBOO
OOOOOOOBO
OOOOBOOOO
-
W
OOOBBBOOO
OBWOOOOBO
OOOWWOOBO
OOBOWOOOB
BOOBKWWOB
OOOOBOWOB
OOOOOOBOO
OOOOOOOBO
OOOOBOOOO
-
B
OOOBBBOOO
OBWOOOOBO
OOOWWOOBO
OOOOWOOOB
BOOBKWWOB
OOOOBOWOB
OOBOOOBOO
OOOOOOOBO
OOOOBOOOO
-
W
OOOBBBOOO
OBOOOOOBO
OOWWWOOBO
OOOOWOOOB
BOOBKWWOB
OOOOBOWOB
OOBOOOBOO
OOOOOOOBO
OOOOBOOOO
-
B
OOOBBBOOO
OBOOOOOBO
OOWWWOOBO
OOOOWOOOB
BOOBKWWOB
OOOOBOWOB
OOOOOOBOO
OOBOOOOBO
OOOOBOOOO
-
W
OOOBBBOOO
OBOOOOOBO
OOOWWOOBO
OOWOWOOOB
BOOBKWWOB
OOOOBOWOB
OOOOOOBOO
OOBOOOOBO
OOOOBOOOO
-
B
Stato:
OOOBBBOOO
OBOOOOOBO
OOOWWOOBO
OOWOWOOOB
BOOBKWWOB
OOOOBOWOB
OOOOOOBOO
OBOOOOOBO
OOOOBOOOO
-
W
Waiting for W...
Suggested move: Turn: W Pawn from c4 to c3
OOOBBBOOO
OBOOOOOBO
OOOWWOOBO
BOOWWOOOB
BOOBKWWOB
OOOOBWOOB
OOOOOOOOO
OOOOOOOBO
OOOOBBOOO
-
W
OOOBBBOOO
OBOOOOOBO
OOOWWOOBO
BOOWWOOOB
BOOBKWWOB
OOOOBOWOB
OOOOOOOOO
OOOOOOOBO
OOOOBBOOO
-
B
OOOBBBOOO
OBOOOOOBO
OOOWWOOBO
BOOWWOOOB
BOOBKWWOB
OOOOBOWOB
OOOOOBOOO
OOOOOOOBO
OOOOBOOOO
-
W
OOOBBBOOO
OBOOOOOBO
OOOWWOOBO
BOWOWOOOB
BOOBKWWOB
OOOOBOWOB
OOOOOBOOO
OOOOOOOBO
OOOOBOOOO
-
B
OOOBBBOOO
OBOOOOOBO
OOOWWOOBO
BOWOWOOOB
BOOBKWWOB
OOOOBOWOB
OOOOOOBOO
OOOOOOOBO
OOOOBOOOO
-
W
OOOBBBOOO
OBOOOOOBO
OOWWWOOBO
BOOOWOOOB
BOOBKWWOB
OOOOBOWOB
OOOOOOBOO
OOOOOOOBO
OOOOBOOOO
-
B
OOOBBBOOO
OBOOOOOBO
OOWWWOOBO
OOBOWOOOB
BOOBKWWOB
OOOOBOWOB
OOOOOOBOO
OOOOOOOBO
OOOOBOOOO
-
W
OOOBBBOOO
OBWOOOOBO
OOOWWOOBO
OOBOWOOOB
BOOBKWWOB
OOOOBOWOB
OOOOOOBOO
OOOOOOOBO
OOOOBOOOO
-
B
OOOBBBOOO
OBWOOOOBO
OOOWWOOBO
OOOOWOOOB
BOOBKWWOB
OOOOBOWOB
OOBOOOBOO
OOOOOOOBO
OOOOBOOOO
-
W
OOOBBBOOO
OBOOOOOBO
OOWWWOOBO
OOOOWOOOB
BOOBKWWOB
OOOOBOWOB
OOBOOOBOO
OOOOOOOBO
OOOOBOOOO
-
B
OOOBBBOOO
OBOOOOOBO
OOWWWOOBO
OOOOWOOOB
BOOBKWWOB
OOOOBOWOB
OOOOOOBOO
OOBOOOOBO
OOOOBOOOO
-
W
OOOBBBOOO
OBOOOOOBO
OOOWWOOBO
OOWOWOOOB
BOOBKWWOB
OOOOBOWOB
OOOOOOBOO
OOBOOOOBO
OOOOBOOOO
-
B
OOOBBBOOO
OBOOOOOBO
OOOWWOOBO
OOWOWOOOB
BOOBKWWOB
OOOOBOWOB
OOOOOOBOO
OBOOOOOBO
OOOOBOOOO
-
W
Stato:
OOOBBBOOO
OBOOOOOBO
OOWWWOOBO
OOOOWOOOB
BOOBKWWOB
OOOOBOWOB
OOOOOOBOO
OBOOOOOBO
OOOOBOOOO
-
B
Waiting for B...
Suggested move: Turn: B Pawn from d1 to d2
OOOBBBOOO
OBOOOOOBO
OOOWWOOBO
BOOWWOOOB
BOOBKWWOB
OOOOBWOOB
OOOOOOOOO
OOOOOOOBO
OOOOBBOOO
-
W
OOOBBBOOO
OBOOOOOBO
OOOWWOOBO
BOOWWOOOB
BOOBKWWOB
OOOOBOWOB
OOOOOOOOO
OOOOOOOBO
OOOOBBOOO
-
B
OOOBBBOOO
OBOOOOOBO
OOOWWOOBO
BOOWWOOOB
BOOBKWWOB
OOOOBOWOB
OOOOOBOOO
OOOOOOOBO
OOOOBOOOO
-
W
OOOBBBOOO
OBOOOOOBO
OOOWWOOBO
BOWOWOOOB
BOOBKWWOB
OOOOBOWOB
OOOOOBOOO
OOOOOOOBO
OOOOBOOOO
-
B
OOOBBBOOO
OBOOOOOBO
OOOWWOOBO
BOWOWOOOB
BOOBKWWOB
OOOOBOWOB
OOOOOOBOO
OOOOOOOBO
OOOOBOOOO
-
W
OOOBBBOOO
OBOOOOOBO
OOWWWOOBO
BOOOWOOOB
BOOBKWWOB
OOOOBOWOB
OOOOOOBOO
OOOOOOOBO
OOOOBOOOO
-
B
OOOBBBOOO
OBOOOOOBO
OOWWWOOBO
OOBOWOOOB
BOOBKWWOB
OOOOBOWOB
OOOOOOBOO
OOOOOOOBO
OOOOBOOOO
-
W
OOOBBBOOO
OBWOOOOBO
OOOWWOOBO
OOBOWOOOB
BOOBKWWOB
OOOOBOWOB
OOOOOOBOO
OOOOOOOBO
OOOOBOOOO
-
B
OOOBBBOOO
OBWOOOOBO
OOOWWOOBO
OOOOWOOOB
BOOBKWWOB
OOOOBOWOB
OOBOOOBOO
OOOOOOOBO
OOOOBOOOO
-
W
OOOBBBOOO
OBOOOOOBO
OOWWWOOBO
OOOOWOOOB
BOOBKWWOB
OOOOBOWOB
OOBOOOBOO
OOOOOOOBO
OOOOBOOOO
-
B
OOOBBBOOO
OBOOOOOBO
OOWWWOOBO
OOOOWOOOB
BOOBKWWOB
OOOOBOWOB
OOOOOOBOO
OOBOOOOBO
OOOOBOOOO
-
W
OOOBBBOOO
OBOOOOOBO
OOOWWOOBO
OOWOWOOOB
BOOBKWWOB
OOOOBOWOB
OOOOOOBOO
OOBOOOOBO
OOOOBOOOO
-
B
OOOBBBOOO
OBOOOOOBO
OOOWWOOBO
OOWOWOOOB
BOOBKWWOB
OOOOBOWOB
OOOOOOBOO
OBOOOOOBO
OOOOBOOOO
-
W
OOOBBBOOO
OBOOOOOBO
OOWWWOOBO
OOOOWOOOB
BOOBKWWOB
OOOOBOWOB
OOOOOOBOO
OBOOOOOBO
OOOOBOOOO
-
B
Stato:
OOOOBBOOO
OBOBOOOBO
OOWWWOOBO
OOOOWOOOB
BOOBKWWOB
OOOOBOWOB
OOOOOOBOO
OBOOOOOBO
OOOOBOOOO
-
W
Waiting for W...
Suggested move: Turn: W Pawn from c3 to c2
Stato:
OOOOBBOOO
OBWOOOOBO
OOOWWOOBO
OOOOWOOOB
BOOBKWWOB
OOOOBOWOB
OOOOOOBOO
OBOOOOOBO
OOOOBOOOO
-
B
Waiting for B...
Suggested move: Turn: B Pawn from f1 to g1
OOOOBBOOO
OBWOOOOBO
OOOWWOOBO
OOOOWOOOB
BOOBKWWOB
OOOOBOWOB
OOOOOOBOO
OBOOOOOBO
OOOOBOOOO
-
B
Stato:
OOOOBOBOO
OBWOOOOBO
OOOWWOOBO
OOOOWOOOB
BOOBKWWOB
OOOOBOWOB
OOOOOOBOO
OBOOOOOBO
OOOOBOOOO
-
W
Waiting for W...
Suggested move: Turn: W Pawn from c2 to c3
OOOOBBOOO
OBWOOOOBO
OOOWWOOBO
OOOOWOOOB
BOOBKWWOB
OOOOBOWOB
OOOOOOBOO
OBOOOOOBO
OOOOBOOOO
-
B
OOOOBOBOO
OBWOOOOBO
OOOWWOOBO
OOOOWOOOB
BOOBKWWOB
OOOOBOWOB
OOOOOOBOO
OBOOOOOBO
OOOOBOOOO
-
W
Stato:
OOOOBOBOO
OBOOOOOBO
OOWWWOOBO
OOOOWOOOB
BOOBKWWOB
OOOOBOWOB
OOOOOOBOO
OBOOOOOBO
OOOOBOOOO
-
B
Waiting for B...
Suggested move: Turn: B Pawn from g1 to g2
OOOOBBOOO
OBWOOOOBO
OOOWWOOBO
OOOOWOOOB
BOOBKWWOB
OOOOBOWOB
OOOOOOBOO
OBOOOOOBO
OOOOBOOOO
-
B
OOOOBOBOO
OBWOOOOBO
OOOWWOOBO
OOOOWOOOB
BOOBKWWOB
OOOOBOWOB
OOOOOOBOO
OBOOOOOBO
OOOOBOOOO
-
W
OOOOBOBOO
OBOOOOOBO
OOWWWOOBO
OOOOWOOOB
BOOBKWWOB
OOOOBOWOB
OOOOOOBOO
OBOOOOOBO
OOOOBOOOO
-
B
Stato:
OOOOBOOOO
OBOOOOBBO
OOWWWOOBO
OOOOWOOOB
BOOBKWWOB
OOOOBOWOB
OOOOOOBOO
OBOOOOOBO
OOOOBOOOO
-
W
Waiting for W...
Suggested move: Turn: W Pawn from c3 to c2
OOOOBBOOO
OBWOOOOBO
OOOWWOOBO
OOOOWOOOB
BOOBKWWOB
OOOOBOWOB
OOOOOOBOO
OBOOOOOBO
OOOOBOOOO
-
B
OOOOBOBOO
OBWOOOOBO
OOOWWOOBO
OOOOWOOOB
BOOBKWWOB
OOOOBOWOB
OOOOOOBOO
OBOOOOOBO
OOOOBOOOO
-
W
OOOOBOBOO
OBOOOOOBO
OOWWWOOBO
OOOOWOOOB
BOOBKWWOB
OOOOBOWOB
OOOOOOBOO
OBOOOOOBO
OOOOBOOOO
-
B
OOOOBOOOO
OBOOOOBBO
OOWWWOOBO
OOOOWOOOB
BOOBKWWOB
OOOOBOWOB
OOOOOOBOO
OBOOOOOBO
OOOOBOOOO
-
W
Stato:
OOOOBOOOO
OBWOOOBBO
OOOWWOOBO
OOOOWOOOB
BOOBKWWOB
OOOOBOWOB
OOOOOOBOO
OBOOOOOBO
OOOOBOOOO
-
B
Waiting for B...
Suggested move: Turn: B Pawn from g2 to g3
OOOOBBOOO
OBWOOOOBO
OOOWWOOBO
OOOOWOOOB
BOOBKWWOB
OOOOBOWOB
OOOOOOBOO
OBOOOOOBO
OOOOBOOOO
-
B
OOOOBOBOO
OBWOOOOBO
OOOWWOOBO
OOOOWOOOB
BOOBKWWOB
OOOOBOWOB
OOOOOOBOO
OBOOOOOBO
OOOOBOOOO
-
W
OOOOBOBOO
OBOOOOOBO
OOWWWOOBO
OOOOWOOOB
BOOBKWWOB
OOOOBOWOB
OOOOOOBOO
OBOOOOOBO
OOOOBOOOO
-
B
OOOOBOOOO
OBOOOOBBO
OOWWWOOBO
OOOOWOOOB
BOOBKWWOB
OOOOBOWOB
OOOOOOBOO
OBOOOOOBO
OOOOBOOOO
-
W
OOOOBOOOO
OBWOOOBBO
OOOWWOOBO
OOOOWOOOB
BOOBKWWOB
OOOOBOWOB
OOOOOOBOO
OBOOOOOBO
OOOOBOOOO
-
B
Stato:
OOOOBOOOO
OBWOOOOBO
OOOWWOBBO
OOOOWOOOB
BOOBKWWOB
OOOOBOWOB
OOOOOOBOO
OBOOOOOBO
OOOOBOOOO
-
W
Waiting for W...
Suggested move: Turn: W Pawn from c2 to c3
OOOOBBOOO
OBWOOOOBO
OOOWWOOBO
OOOOWOOOB
BOOBKWWOB
OOOOBOWOB
OOOOOOBOO
OBOOOOOBO
OOOOBOOOO
-
B
OOOOBOBOO
OBWOOOOBO
OOOWWOOBO
OOOOWOOOB
BOOBKWWOB
OOOOBOWOB
OOOOOOBOO
OBOOOOOBO
OOOOBOOOO
-
W
OOOOBOBOO
OBOOOOOBO
OOWWWOOBO
OOOOWOOOB
BOOBKWWOB
OOOOBOWOB
OOOOOOBOO
OBOOOOOBO
OOOOBOOOO
-
B
OOOOBOOOO
OBOOOOBBO
OOWWWOOBO
OOOOWOOOB
BOOBKWWOB
OOOOBOWOB
OOOOOOBOO
OBOOOOOBO
OOOOBOOOO
-
W
OOOOBOOOO
OBWOOOBBO
OOOWWOOBO
OOOOWOOOB
BOOBKWWOB
OOOOBOWOB
OOOOOOBOO
OBOOOOOBO
OOOOBOOOO
-
B
OOOOBOOOO
OBWOOOOBO
OOOWWOBBO
OOOOWOOOB
BOOBKWWOB
OOOOBOWOB
OOOOOOBOO
OBOOOOOBO
OOOOBOOOO
-
W
Stato:
OOOOBOOOO
OBOOOOOBO
OOWWWOBBO
OOOOWOOOB
BOOBKWWOB
OOOOBOWOB
OOOOOOBOO
OBOOOOOBO
OOOOBOOOO
-
B
Waiting for B...
Suggested move: Turn: B Pawn from g3 to g2
OOOOBBOOO
OBWOOOOBO
OOOWWOOBO
OOOOWOOOB
BOOBKWWOB
OOOOBOWOB
OOOOOOBOO
OBOOOOOBO
OOOOBOOOO
-
B
OOOOBOBOO
OBWOOOOBO
OOOWWOOBO
OOOOWOOOB
BOOBKWWOB
OOOOBOWOB
OOOOOOBOO
OBOOOOOBO
OOOOBOOOO
-
W
OOOOBOBOO
OBOOOOOBO
OOWWWOOBO
OOOOWOOOB
BOOBKWWOB
OOOOBOWOB
OOOOOOBOO
OBOOOOOBO
OOOOBOOOO
-
B
OOOOBOOOO
OBOOOOBBO
OOWWWOOBO
OOOOWOOOB
BOOBKWWOB
OOOOBOWOB
OOOOOOBOO
OBOOOOOBO
OOOOBOOOO
-
W
Stato:
OOOOBOOOO
OBOOOOBBO
OOWWWOOBO
OOOOWOOOB
BOOBKWWOB
OOOOBOWOB
OOOOOOBOO
OBOOOOOBO
OOOOBOOOO
-
D
END OF THE GAME
RESULT: DRAW
