usage: java Server
 -c,--cache <arg>           cache must be an integer, negative value means
                            infinite; default: infinite
 -e,--errors <arg>          errors must be an integer >= 0; default: 0
 -g,--enableGUI             enableGUI if option is present
 -r,--game rules <arg>      game rules must be an integer; 1 for Tablut, 2
                            for Modern, 3 for Brandub, 4 for Ashton;
                            default: 4
 -s,--repeatedState <arg>   repeatedStates must be an integer >= 0;
                            default: 0
 -t,--time <arg>            time must be an integer (number of seconds);
                            default: 60
/Users/pelle/Development/GitHub/tablut-challenge/games_executor/logs/1732708059165_systemLog.txt
Waiting for connections...
White player name:	flag1
Black player name:	flag_2
Clients connected..
Waiting for W...
Suggested move: Turn: W Pawn from c5 to c1
Stato:
OOWBBBOOO
OOOOBOOOO
OOOOWOOOO
BOOOWOOOB
BBOWKWWBB
BOOOWOOOB
OOOOWOOOO
OOOOBOOOO
OOOBBBOOO
-
B
Waiting for B...
Suggested move: Turn: B Pawn from b5 to b1
Stato:
OBOBBBOOO
OOOOBOOOO
OOOOWOOOO
BOOOWOOOB
BOOWKWWBB
BOOOWOOOB
OOOOWOOOO
OOOOBOOOO
OOOBBBOOO
-
W
Waiting for W...
Suggested move: Turn: W Pawn from e3 to i3
OBOBBBOOO
OOOOBOOOO
OOOOWOOOO
BOOOWOOOB
BOOWKWWBB
BOOOWOOOB
OOOOWOOOO
OOOOBOOOO
OOOBBBOOO
-
W
Stato:
OBOBBBOOO
OOOOBOOOO
OOOOOOOOW
BOOOWOOOB
BOOWKWWBB
BOOOWOOOB
OOOOWOOOO
OOOOBOOOO
OOOBBBOOO
-
B
Waiting for B...
Suggested move: Turn: B Pawn from e2 to i2
Stato:
OBOBBBOOO
OOOOOOOOB
OOOOOOOOO
BOOOWOOOB
BOOWKWWBB
BOOOWOOOB
OOOOWOOOO
OOOOBOOOO
OOOBBBOOO
-
W
Waiting for W...
Suggested move: Turn: W Pawn from e7 to i7
OBOBBBOOO
OOOOOOOOB
OOOOOOOOO
BOOOWOOOB
BOOWKWWBB
BOOOWOOOB
OOOOWOOOO
OOOOBOOOO
OOOBBBOOO
-
W
Stato:
OBOBBBOOO
OOOOOOOOB
OOOOOOOOO
BOOOWOOOB
BOOWKWWBB
BOOOWOOOB
OOOOOOOOW
OOOOBOOOO
OOOBBBOOO
-
B
Waiting for B...
Suggested move: Turn: B Pawn from e8 to e7
Stato:
OBOBBBOOO
OOOOOOOOB
OOOOOOOOO
BOOOWOOOB
BOOWKWWBB
BOOOOOOOB
OOOOBOOOW
OOOOOOOOO
OOOBBBOOO
-
W
Waiting for W...
Suggested move: Turn: W Pawn from g5 to g1
OBOBBBOOO
OOOOOOOOB
OOOOOOOOO
BOOOWOOOB
BOOWKWWBB
BOOOOOOOB
OOOOBOOOW
OOOOOOOOO
OOOBBBOOO
-
W
Stato:
OBOBBBWOO
OOOOOOOOB
OOOOOOOOO
BOOOWOOOB
BOOWKWOBB
BOOOOOOOB
OOOOBOOOW
OOOOOOOOO
OOOBBBOOO
-
B
Waiting for B...
Suggested move: Turn: B Pawn from h5 to h1
Stato:
OBOBBBOBO
OOOOOOOOB
OOOOOOOOO
BOOOWOOOB
BOOWKWOOB
BOOOOOOOB
OOOOBOOOW
OOOOOOOOO
OOOBBBOOO
-
W
Waiting for W...
Suggested move: Turn: W Pawn from d5 to d4
OBOBBBOBO
OOOOOOOOB
OOOOOOOOO
BOOOWOOOB
BOOWKWOOB
BOOOOOOOB
OOOOBOOOW
OOOOOOOOO
OOOBBBOOO
-
W
Stato:
OBOBBBOBO
OOOOOOOOB
OOOOOOOOO
BOOWWOOOB
BOOOKWOOB
BOOOOOOOB
OOOOBOOOW
OOOOOOOOO
OOOBBBOOO
-
B
Waiting for B...
Suggested move: Turn: B Pawn from a4 to a3
OBOBBBOBO
OOOOOOOOB
OOOOOOOOO
BOOOWOOOB
BOOWKWOOB
BOOOOOOOB
OOOOBOOOW
OOOOOOOOO
OOOBBBOOO
-
W
OBOBBBOBO
OOOOOOOOB
OOOOOOOOO
BOOWWOOOB
BOOOKWOOB
BOOOOOOOB
OOOOBOOOW
OOOOOOOOO
OOOBBBOOO
-
B
Stato:
OBOBBBOBO
OOOOOOOOB
BOOOOOOOO
OOOWWOOOB
BOOOKWOOB
BOOOOOOOB
OOOOBOOOW
OOOOOOOOO
OOOBBBOOO
-
W
Waiting for W...
Suggested move: Turn: W Pawn from d4 to d3
OBOBBBOBO
OOOOOOOOB
OOOOOOOOO
BOOOWOOOB
BOOWKWOOB
BOOOOOOOB
OOOOBOOOW
OOOOOOOOO
OOOBBBOOO
-
W
OBOBBBOBO
OOOOOOOOB
OOOOOOOOO
BOOWWOOOB
BOOOKWOOB
BOOOOOOOB
OOOOBOOOW
OOOOOOOOO
OOOBBBOOO
-
B
OBOBBBOBO
OOOOOOOOB
BOOOOOOOO
OOOWWOOOB
BOOOKWOOB
BOOOOOOOB
OOOOBOOOW
OOOOOOOOO
OOOBBBOOO
-
W
Stato:
OBOBBBOBO
OOOOOOOOB
BOOWOOOOO
OOOOWOOOB
BOOOKWOOB
BOOOOOOOB
OOOOBOOOW
OOOOOOOOO
OOOBBBOOO
-
B
Waiting for B...
Suggested move: Turn: B Pawn from a3 to a2
OBOBBBOBO
OOOOOOOOB
OOOOOOOOO
BOOOWOOOB
BOOWKWOOB
BOOOOOOOB
OOOOBOOOW
OOOOOOOOO
OOOBBBOOO
-
W
OBOBBBOBO
OOOOOOOOB
OOOOOOOOO
BOOWWOOOB
BOOOKWOOB
BOOOOOOOB
OOOOBOOOW
OOOOOOOOO
OOOBBBOOO
-
B
OBOBBBOBO
OOOOOOOOB
BOOOOOOOO
OOOWWOOOB
BOOOKWOOB
BOOOOOOOB
OOOOBOOOW
OOOOOOOOO
OOOBBBOOO
-
W
OBOBBBOBO
OOOOOOOOB
BOOWOOOOO
OOOOWOOOB
BOOOKWOOB
BOOOOOOOB
OOOOBOOOW
OOOOOOOOO
OOOBBBOOO
-
B
Stato:
OBOBBBOBO
BOOOOOOOB
OOOWOOOOO
OOOOWOOOB
BOOOKWOOB
BOOOOOOOB
OOOOBOOOW
OOOOOOOOO
OOOBBBOOO
-
W
Waiting for W...
Suggested move: Turn: W Pawn from d3 to i3
OBOBBBOBO
OOOOOOOOB
OOOOOOOOO
BOOOWOOOB
BOOWKWOOB
BOOOOOOOB
OOOOBOOOW
OOOOOOOOO
OOOBBBOOO
-
W
OBOBBBOBO
OOOOOOOOB
OOOOOOOOO
BOOWWOOOB
BOOOKWOOB
BOOOOOOOB
OOOOBOOOW
OOOOOOOOO
OOOBBBOOO
-
B
OBOBBBOBO
OOOOOOOOB
BOOOOOOOO
OOOWWOOOB
BOOOKWOOB
BOOOOOOOB
OOOOBOOOW
OOOOOOOOO
OOOBBBOOO
-
W
OBOBBBOBO
OOOOOOOOB
BOOWOOOOO
OOOOWOOOB
BOOOKWOOB
BOOOOOOOB
OOOOBOOOW
OOOOOOOOO
OOOBBBOOO
-
B
OBOBBBOBO
BOOOOOOOB
OOOWOOOOO
OOOOWOOOB
BOOOKWOOB
BOOOOOOOB
OOOOBOOOW
OOOOOOOOO
OOOBBBOOO
-
W
Stato:
OBOBBBOBO
BOOOOOOOB
OOOOOOOOW
OOOOWOOOB
BOOOKWOOB
BOOOOOOOB
OOOOBOOOW
OOOOOOOOO
OOOBBBOOO
-
B
Waiting for B...
Suggested move: Turn: B Pawn from a2 to a1
OBOBBBOBO
OOOOOOOOB
OOOOOOOOO
BOOOWOOOB
BOOWKWOOB
BOOOOOOOB
OOOOBOOOW
OOOOOOOOO
OOOBBBOOO
-
W
OBOBBBOBO
OOOOOOOOB
OOOOOOOOO
BOOWWOOOB
BOOOKWOOB
BOOOOOOOB
OOOOBOOOW
OOOOOOOOO
OOOBBBOOO
-
B
OBOBBBOBO
OOOOOOOOB
BOOOOOOOO
OOOWWOOOB
BOOOKWOOB
BOOOOOOOB
OOOOBOOOW
OOOOOOOOO
OOOBBBOOO
-
W
OBOBBBOBO
OOOOOOOOB
BOOWOOOOO
OOOOWOOOB
BOOOKWOOB
BOOOOOOOB
OOOOBOOOW
OOOOOOOOO
OOOBBBOOO
-
B
OBOBBBOBO
BOOOOOOOB
OOOWOOOOO
OOOOWOOOB
BOOOKWOOB
BOOOOOOOB
OOOOBOOOW
OOOOOOOOO
OOOBBBOOO
-
W
OBOBBBOBO
BOOOOOOOB
OOOOOOOOW
OOOOWOOOB
BOOOKWOOB
BOOOOOOOB
OOOOBOOOW
OOOOOOOOO
OOOBBBOOO
-
B
Stato:
BBOBBBOBO
OOOOOOOOB
OOOOOOOOW
OOOOWOOOB
BOOOKWOOB
BOOOOOOOB
OOOOBOOOW
OOOOOOOOO
OOOBBBOOO
-
W
Waiting for W...
Suggested move: Turn: W Pawn from e4 to e3
OBOBBBOBO
OOOOOOOOB
OOOOOOOOO
BOOOWOOOB
BOOWKWOOB
BOOOOOOOB
OOOOBOOOW
OOOOOOOOO
OOOBBBOOO
-
W
OBOBBBOBO
OOOOOOOOB
OOOOOOOOO
BOOWWOOOB
BOOOKWOOB
BOOOOOOOB
OOOOBOOOW
OOOOOOOOO
OOOBBBOOO
-
B
OBOBBBOBO
OOOOOOOOB
BOOOOOOOO
OOOWWOOOB
BOOOKWOOB
BOOOOOOOB
OOOOBOOOW
OOOOOOOOO
OOOBBBOOO
-
W
OBOBBBOBO
OOOOOOOOB
BOOWOOOOO
OOOOWOOOB
BOOOKWOOB
BOOOOOOOB
OOOOBOOOW
OOOOOOOOO
OOOBBBOOO
-
B
OBOBBBOBO
BOOOOOOOB
OOOWOOOOO
OOOOWOOOB
BOOOKWOOB
BOOOOOOOB
OOOOBOOOW
OOOOOOOOO
OOOBBBOOO
-
W
OBOBBBOBO
BOOOOOOOB
OOOOOOOOW
OOOOWOOOB
BOOOKWOOB
BOOOOOOOB
OOOOBOOOW
OOOOOOOOO
OOOBBBOOO
-
B
BBOBBBOBO
OOOOOOOOB
OOOOOOOOW
OOOOWOOOB
BOOOKWOOB
BOOOOOOOB
OOOOBOOOW
OOOOOOOOO
OOOBBBOOO
-
W
Stato:
BBOBBBOBO
OOOOOOOOB
OOOOWOOOW
OOOOOOOOB
BOOOKWOOB
BOOOOOOOB
OOOOBOOOW
OOOOOOOOO
OOOBBBOOO
-
B
Waiting for B...
Suggested move: Turn: B Pawn from a1 to a2
OBOBBBOBO
OOOOOOOOB
OOOOOOOOO
BOOOWOOOB
BOOWKWOOB
BOOOOOOOB
OOOOBOOOW
OOOOOOOOO
OOOBBBOOO
-
W
OBOBBBOBO
OOOOOOOOB
OOOOOOOOO
BOOWWOOOB
BOOOKWOOB
BOOOOOOOB
OOOOBOOOW
OOOOOOOOO
OOOBBBOOO
-
B
OBOBBBOBO
OOOOOOOOB
BOOOOOOOO
OOOWWOOOB
BOOOKWOOB
BOOOOOOOB
OOOOBOOOW
OOOOOOOOO
OOOBBBOOO
-
W
OBOBBBOBO
OOOOOOOOB
BOOWOOOOO
OOOOWOOOB
BOOOKWOOB
BOOOOOOOB
OOOOBOOOW
OOOOOOOOO
OOOBBBOOO
-
B
OBOBBBOBO
BOOOOOOOB
OOOWOOOOO
OOOOWOOOB
BOOOKWOOB
BOOOOOOOB
OOOOBOOOW
OOOOOOOOO
OOOBBBOOO
-
W
OBOBBBOBO
BOOOOOOOB
OOOOOOOOW
OOOOWOOOB
BOOOKWOOB
BOOOOOOOB
OOOOBOOOW
OOOOOOOOO
OOOBBBOOO
-
B
BBOBBBOBO
OOOOOOOOB
OOOOOOOOW
OOOOWOOOB
BOOOKWOOB
BOOOOOOOB
OOOOBOOOW
OOOOOOOOO
OOOBBBOOO
-
W
BBOBBBOBO
OOOOOOOOB
OOOOWOOOW
OOOOOOOOB
BOOOKWOOB
BOOOOOOOB
OOOOBOOOW
OOOOOOOOO
OOOBBBOOO
-
B
Stato:
OBOBBBOBO
BOOOOOOOB
OOOOWOOOW
OOOOOOOOB
BOOOKWOOB
BOOOOOOOB
OOOOBOOOW
OOOOOOOOO
OOOBBBOOO
-
W
Waiting for W...
Suggested move: Turn: W Pawn from e3 to f3
OBOBBBOBO
OOOOOOOOB
OOOOOOOOO
BOOOWOOOB
BOOWKWOOB
BOOOOOOOB
OOOOBOOOW
OOOOOOOOO
OOOBBBOOO
-
W
OBOBBBOBO
OOOOOOOOB
OOOOOOOOO
BOOWWOOOB
BOOOKWOOB
BOOOOOOOB
OOOOBOOOW
OOOOOOOOO
OOOBBBOOO
-
B
OBOBBBOBO
OOOOOOOOB
BOOOOOOOO
OOOWWOOOB
BOOOKWOOB
BOOOOOOOB
OOOOBOOOW
OOOOOOOOO
OOOBBBOOO
-
W
OBOBBBOBO
OOOOOOOOB
BOOWOOOOO
OOOOWOOOB
BOOOKWOOB
BOOOOOOOB
OOOOBOOOW
OOOOOOOOO
OOOBBBOOO
-
B
OBOBBBOBO
BOOOOOOOB
OOOWOOOOO
OOOOWOOOB
BOOOKWOOB
BOOOOOOOB
OOOOBOOOW
OOOOOOOOO
OOOBBBOOO
-
W
OBOBBBOBO
BOOOOOOOB
OOOOOOOOW
OOOOWOOOB
BOOOKWOOB
BOOOOOOOB
OOOOBOOOW
OOOOOOOOO
OOOBBBOOO
-
B
BBOBBBOBO
OOOOOOOOB
OOOOOOOOW
OOOOWOOOB
BOOOKWOOB
BOOOOOOOB
OOOOBOOOW
OOOOOOOOO
OOOBBBOOO
-
W
BBOBBBOBO
OOOOOOOOB
OOOOWOOOW
OOOOOOOOB
BOOOKWOOB
BOOOOOOOB
OOOOBOOOW
OOOOOOOOO
OOOBBBOOO
-
B
OBOBBBOBO
BOOOOOOOB
OOOOWOOOW
OOOOOOOOB
BOOOKWOOB
BOOOOOOOB
OOOOBOOOW
OOOOOOOOO
OOOBBBOOO
-
W
Stato:
OBOBBBOBO
BOOOOOOOB
OOOOOWOOW
OOOOOOOOB
BOOOKWOOB
BOOOOOOOB
OOOOBOOOW
OOOOOOOOO
OOOBBBOOO
-
B
Waiting for B...
Suggested move: Turn: B Pawn from a2 to a1
OBOBBBOBO
OOOOOOOOB
OOOOOOOOO
BOOOWOOOB
BOOWKWOOB
BOOOOOOOB
OOOOBOOOW
OOOOOOOOO
OOOBBBOOO
-
W
OBOBBBOBO
OOOOOOOOB
OOOOOOOOO
BOOWWOOOB
BOOOKWOOB
BOOOOOOOB
OOOOBOOOW
OOOOOOOOO
OOOBBBOOO
-
B
OBOBBBOBO
OOOOOOOOB
BOOOOOOOO
OOOWWOOOB
BOOOKWOOB
BOOOOOOOB
OOOOBOOOW
OOOOOOOOO
OOOBBBOOO
-
W
OBOBBBOBO
OOOOOOOOB
BOOWOOOOO
OOOOWOOOB
BOOOKWOOB
BOOOOOOOB
OOOOBOOOW
OOOOOOOOO
OOOBBBOOO
-
B
OBOBBBOBO
BOOOOOOOB
OOOWOOOOO
OOOOWOOOB
BOOOKWOOB
BOOOOOOOB
OOOOBOOOW
OOOOOOOOO
OOOBBBOOO
-
W
OBOBBBOBO
BOOOOOOOB
OOOOOOOOW
OOOOWOOOB
BOOOKWOOB
BOOOOOOOB
OOOOBOOOW
OOOOOOOOO
OOOBBBOOO
-
B
BBOBBBOBO
OOOOOOOOB
OOOOOOOOW
OOOOWOOOB
BOOOKWOOB
BOOOOOOOB
OOOOBOOOW
OOOOOOOOO
OOOBBBOOO
-
W
BBOBBBOBO
OOOOOOOOB
OOOOWOOOW
OOOOOOOOB
BOOOKWOOB
BOOOOOOOB
OOOOBOOOW
OOOOOOOOO
OOOBBBOOO
-
B
OBOBBBOBO
BOOOOOOOB
OOOOWOOOW
OOOOOOOOB
BOOOKWOOB
BOOOOOOOB
OOOOBOOOW
OOOOOOOOO
OOOBBBOOO
-
W
OBOBBBOBO
BOOOOOOOB
OOOOOWOOW
OOOOOOOOB
BOOOKWOOB
BOOOOOOOB
OOOOBOOOW
OOOOOOOOO
OOOBBBOOO
-
B
Stato:
BBOBBBOBO
OOOOOOOOB
OOOOOWOOW
OOOOOOOOB
BOOOKWOOB
BOOOOOOOB
OOOOBOOOW
OOOOOOOOO
OOOBBBOOO
-
W
Waiting for W...
Suggested move: Turn: W Pawn from f3 to f2
OBOBBBOBO
OOOOOOOOB
OOOOOOOOO
BOOOWOOOB
BOOWKWOOB
BOOOOOOOB
OOOOBOOOW
OOOOOOOOO
OOOBBBOOO
-
W
OBOBBBOBO
OOOOOOOOB
OOOOOOOOO
BOOWWOOOB
BOOOKWOOB
BOOOOOOOB
OOOOBOOOW
OOOOOOOOO
OOOBBBOOO
-
B
OBOBBBOBO
OOOOOOOOB
BOOOOOOOO
OOOWWOOOB
BOOOKWOOB
BOOOOOOOB
OOOOBOOOW
OOOOOOOOO
OOOBBBOOO
-
W
OBOBBBOBO
OOOOOOOOB
BOOWOOOOO
OOOOWOOOB
BOOOKWOOB
BOOOOOOOB
OOOOBOOOW
OOOOOOOOO
OOOBBBOOO
-
B
OBOBBBOBO
BOOOOOOOB
OOOWOOOOO
OOOOWOOOB
BOOOKWOOB
BOOOOOOOB
OOOOBOOOW
OOOOOOOOO
OOOBBBOOO
-
W
OBOBBBOBO
BOOOOOOOB
OOOOOOOOW
OOOOWOOOB
BOOOKWOOB
BOOOOOOOB
OOOOBOOOW
OOOOOOOOO
OOOBBBOOO
-
B
BBOBBBOBO
OOOOOOOOB
OOOOOOOOW
OOOOWOOOB
BOOOKWOOB
BOOOOOOOB
OOOOBOOOW
OOOOOOOOO
OOOBBBOOO
-
W
BBOBBBOBO
OOOOOOOOB
OOOOWOOOW
OOOOOOOOB
BOOOKWOOB
BOOOOOOOB
OOOOBOOOW
OOOOOOOOO
OOOBBBOOO
-
B
OBOBBBOBO
BOOOOOOOB
OOOOWOOOW
OOOOOOOOB
BOOOKWOOB
BOOOOOOOB
OOOOBOOOW
OOOOOOOOO
OOOBBBOOO
-
W
OBOBBBOBO
BOOOOOOOB
OOOOOWOOW
OOOOOOOOB
BOOOKWOOB
BOOOOOOOB
OOOOBOOOW
OOOOOOOOO
OOOBBBOOO
-
B
BBOBBBOBO
OOOOOOOOB
OOOOOWOOW
OOOOOOOOB
BOOOKWOOB
BOOOOOOOB
OOOOBOOOW
OOOOOOOOO
OOOBBBOOO
-
W
Stato:
BBOBBBOBO
OOOOOWOOB
OOOOOOOOW
OOOOOOOOB
BOOOKWOOB
BOOOOOOOB
OOOOBOOOW
OOOOOOOOO
OOOBBBOOO
-
B
Waiting for B...
Suggested move: Turn: B Pawn from i2 to g2
Stato:
BBOBBBOBO
OOOOOOBOO
OOOOOOOOW
OOOOOOOOB
BOOOKWOOB
BOOOOOOOB
OOOOBOOOW
OOOOOOOOO
OOOBBBOOO
-
W
Waiting for W...
Suggested move: Turn: W Pawn from f5 to f4
BBOBBBOBO
OOOOOOBOO
OOOOOOOOW
OOOOOOOOB
BOOOKWOOB
BOOOOOOOB
OOOOBOOOW
OOOOOOOOO
OOOBBBOOO
-
W
Stato:
BBOBBBOBO
OOOOOOBOO
OOOOOOOOW
OOOOOWOOB
BOOOKOOOB
BOOOOOOOB
OOOOBOOOW
OOOOOOOOO
OOOBBBOOO
-
B
Waiting for B...
Suggested move: Turn: B Pawn from g2 to i2
Stato:
BBOBBBOBO
OOOOOOOOB
OOOOOOOOO
OOOOOWOOB
BOOOKOOOB
BOOOOOOOB
OOOOBOOOW
OOOOOOOOO
OOOBBBOOO
-
W
Waiting for W...
Suggested move: Turn: W Pawn from f4 to f3
BBOBBBOBO
OOOOOOOOB
OOOOOOOOO
OOOOOWOOB
BOOOKOOOB
BOOOOOOOB
OOOOBOOOW
OOOOOOOOO
OOOBBBOOO
-
W
Stato:
BBOBBBOBO
OOOOOOOOB
OOOOOWOOO
OOOOOOOOB
BOOOKOOOB
BOOOOOOOB
OOOOBOOOW
OOOOOOOOO
OOOBBBOOO
-
B
Waiting for B...
Suggested move: Turn: B Pawn from a1 to a2
BBOBBBOBO
OOOOOOOOB
OOOOOOOOO
OOOOOWOOB
BOOOKOOOB
BOOOOOOOB
OOOOBOOOW
OOOOOOOOO
OOOBBBOOO
-
W
BBOBBBOBO
OOOOOOOOB
OOOOOWOOO
OOOOOOOOB
BOOOKOOOB
BOOOOOOOB
OOOOBOOOW
OOOOOOOOO
OOOBBBOOO
-
B
Stato:
OBOBBBOBO
BOOOOOOOB
OOOOOWOOO
OOOOOOOOB
BOOOKOOOB
BOOOOOOOB
OOOOBOOOW
OOOOOOOOO
OOOBBBOOO
-
W
Waiting for W...
Suggested move: Turn: W Pawn from f3 to i3
BBOBBBOBO
OOOOOOOOB
OOOOOOOOO
OOOOOWOOB
BOOOKOOOB
BOOOOOOOB
OOOOBOOOW
OOOOOOOOO
OOOBBBOOO
-
W
BBOBBBOBO
OOOOOOOOB
OOOOOWOOO
OOOOOOOOB
BOOOKOOOB
BOOOOOOOB
OOOOBOOOW
OOOOOOOOO
OOOBBBOOO
-
B
OBOBBBOBO
BOOOOOOOB
OOOOOWOOO
OOOOOOOOB
BOOOKOOOB
BOOOOOOOB
OOOOBOOOW
OOOOOOOOO
OOOBBBOOO
-
W
Stato:
OBOBBBOBO
BOOOOOOOB
OOOOOOOOW
OOOOOOOOB
BOOOKOOOB
BOOOOOOOB
OOOOBOOOW
OOOOOOOOO
OOOBBBOOO
-
B
Waiting for B...
Suggested move: Turn: B Pawn from a2 to a1
BBOBBBOBO
OOOOOOOOB
OOOOOOOOO
OOOOOWOOB
BOOOKOOOB
BOOOOOOOB
OOOOBOOOW
OOOOOOOOO
OOOBBBOOO
-
W
BBOBBBOBO
OOOOOOOOB
OOOOOWOOO
OOOOOOOOB
BOOOKOOOB
BOOOOOOOB
OOOOBOOOW
OOOOOOOOO
OOOBBBOOO
-
B
OBOBBBOBO
BOOOOOOOB
OOOOOWOOO
OOOOOOOOB
BOOOKOOOB
BOOOOOOOB
OOOOBOOOW
OOOOOOOOO
OOOBBBOOO
-
W
OBOBBBOBO
BOOOOOOOB
OOOOOOOOW
OOOOOOOOB
BOOOKOOOB
BOOOOOOOB
OOOOBOOOW
OOOOOOOOO
OOOBBBOOO
-
B
Stato:
BBOBBBOBO
OOOOOOOOB
OOOOOOOOW
OOOOOOOOB
BOOOKOOOB
BOOOOOOOB
OOOOBOOOW
OOOOOOOOO
OOOBBBOOO
-
W
Waiting for W...
Suggested move: Turn: W Pawn from i3 to h3
BBOBBBOBO
OOOOOOOOB
OOOOOOOOO
OOOOOWOOB
BOOOKOOOB
BOOOOOOOB
OOOOBOOOW
OOOOOOOOO
OOOBBBOOO
-
W
BBOBBBOBO
OOOOOOOOB
OOOOOWOOO
OOOOOOOOB
BOOOKOOOB
BOOOOOOOB
OOOOBOOOW
OOOOOOOOO
OOOBBBOOO
-
B
OBOBBBOBO
BOOOOOOOB
OOOOOWOOO
OOOOOOOOB
BOOOKOOOB
BOOOOOOOB
OOOOBOOOW
OOOOOOOOO
OOOBBBOOO
-
W
OBOBBBOBO
BOOOOOOOB
OOOOOOOOW
OOOOOOOOB
BOOOKOOOB
BOOOOOOOB
OOOOBOOOW
OOOOOOOOO
OOOBBBOOO
-
B
BBOBBBOBO
OOOOOOOOB
OOOOOOOOW
OOOOOOOOB
BOOOKOOOB
BOOOOOOOB
OOOOBOOOW
OOOOOOOOO
OOOBBBOOO
-
W
Stato:
BBOBBBOBO
OOOOOOOOB
OOOOOOOWO
OOOOOOOOB
BOOOKOOOB
BOOOOOOOB
OOOOBOOOW
OOOOOOOOO
OOOBBBOOO
-
B
Waiting for B...
Suggested move: Turn: B Pawn from a1 to a2
BBOBBBOBO
OOOOOOOOB
OOOOOOOOO
OOOOOWOOB
BOOOKOOOB
BOOOOOOOB
OOOOBOOOW
OOOOOOOOO
OOOBBBOOO
-
W
BBOBBBOBO
OOOOOOOOB
OOOOOWOOO
OOOOOOOOB
BOOOKOOOB
BOOOOOOOB
OOOOBOOOW
OOOOOOOOO
OOOBBBOOO
-
B
OBOBBBOBO
BOOOOOOOB
OOOOOWOOO
OOOOOOOOB
BOOOKOOOB
BOOOOOOOB
OOOOBOOOW
OOOOOOOOO
OOOBBBOOO
-
W
OBOBBBOBO
BOOOOOOOB
OOOOOOOOW
OOOOOOOOB
BOOOKOOOB
BOOOOOOOB
OOOOBOOOW
OOOOOOOOO
OOOBBBOOO
-
B
BBOBBBOBO
OOOOOOOOB
OOOOOOOOW
OOOOOOOOB
BOOOKOOOB
BOOOOOOOB
OOOOBOOOW
OOOOOOOOO
OOOBBBOOO
-
W
BBOBBBOBO
OOOOOOOOB
OOOOOOOWO
OOOOOOOOB
BOOOKOOOB
BOOOOOOOB
OOOOBOOOW
OOOOOOOOO
OOOBBBOOO
-
B
Stato:
OBOBBBOBO
BOOOOOOOB
OOOOOOOWO
OOOOOOOOB
BOOOKOOOB
BOOOOOOOB
OOOOBOOOW
OOOOOOOOO
OOOBBBOOO
-
W
Waiting for W...
Suggested move: Turn: W Pawn from h3 to i3
BBOBBBOBO
OOOOOOOOB
OOOOOOOOO
OOOOOWOOB
BOOOKOOOB
BOOOOOOOB
OOOOBOOOW
OOOOOOOOO
OOOBBBOOO
-
W
BBOBBBOBO
OOOOOOOOB
OOOOOWOOO
OOOOOOOOB
BOOOKOOOB
BOOOOOOOB
OOOOBOOOW
OOOOOOOOO
OOOBBBOOO
-
B
OBOBBBOBO
BOOOOOOOB
OOOOOWOOO
OOOOOOOOB
BOOOKOOOB
BOOOOOOOB
OOOOBOOOW
OOOOOOOOO
OOOBBBOOO
-
W
OBOBBBOBO
BOOOOOOOB
OOOOOOOOW
OOOOOOOOB
BOOOKOOOB
BOOOOOOOB
OOOOBOOOW
OOOOOOOOO
OOOBBBOOO
-
B
Stato:
OBOBBBOBO
BOOOOOOOB
OOOOOOOOW
OOOOOOOOB
BOOOKOOOB
BOOOOOOOB
OOOOBOOOW
OOOOOOOOO
OOOBBBOOO
-
D
END OF THE GAME
RESULT: DRAW
