usage: java Server
 -c,--cache <arg>           cache must be an integer, negative value means
                            infinite; default: infinite
 -e,--errors <arg>          errors must be an integer >= 0; default: 0
 -g,--enableGUI             enableGUI if option is present
 -r,--game rules <arg>      game rules must be an integer; 1 for Tablut, 2
                            for Modern, 3 for Brandub, 4 for Ashton;
                            default: 4
 -s,--repeatedState <arg>   repeatedStates must be an integer >= 0;
                            default: 0
 -t,--time <arg>            time must be an integer (number of seconds);
                            default: 60
/Users/pelle/Development/GitHub/tablut-challenge/games_executor/logs/1732708118941_systemLog.txt
Waiting for connections...
White player name:	flag1
Black player name:	flag_3
Clients connected..
Waiting for W...
Suggested move: Turn: W Pawn from c5 to c1
Stato:
OOWBBBOOO
OOOOBOOOO
OOOOWOOOO
BOOOWOOOB
BBOWKWWBB
BOOOWOOOB
OOOOWOOOO
OOOOBOOOO
OOOBBBOOO
-
B
Waiting for B...
Suggested move: Turn: B Pawn from a4 to a3
OOWBBBOOO
OOOOBOOOO
OOOOWOOOO
BOOOWOOOB
BBOWKWWBB
BOOOWOOOB
OOOOWOOOO
OOOOBOOOO
OOOBBBOOO
-
B
Stato:
OOWBBBOOO
OOOOBOOOO
BOOOWOOOO
OOOOWOOOB
BBOWKWWBB
BOOOWOOOB
OOOOWOOOO
OOOOBOOOO
OOOBBBOOO
-
W
Waiting for W...
Suggested move: Turn: W Pawn from c1 to c5
OOWBBBOOO
OOOOBOOOO
OOOOWOOOO
BOOOWOOOB
BBOWKWWBB
BOOOWOOOB
OOOOWOOOO
OOOOBOOOO
OOOBBBOOO
-
B
OOWBBBOOO
OOOOBOOOO
BOOOWOOOO
OOOOWOOOB
BBOWKWWBB
BOOOWOOOB
OOOOWOOOO
OOOOBOOOO
OOOBBBOOO
-
W
Stato:
OOOBBBOOO
OOOOBOOOO
BOOOWOOOO
OOOOWOOOB
BBWWKWWBB
BOOOWOOOB
OOOOWOOOO
OOOOBOOOO
OOOBBBOOO
-
B
Waiting for B...
Suggested move: Turn: B Pawn from a3 to a2
OOWBBBOOO
OOOOBOOOO
OOOOWOOOO
BOOOWOOOB
BBOWKWWBB
BOOOWOOOB
OOOOWOOOO
OOOOBOOOO
OOOBBBOOO
-
B
OOWBBBOOO
OOOOBOOOO
BOOOWOOOO
OOOOWOOOB
BBOWKWWBB
BOOOWOOOB
OOOOWOOOO
OOOOBOOOO
OOOBBBOOO
-
W
OOOBBBOOO
OOOOBOOOO
BOOOWOOOO
OOOOWOOOB
BBWWKWWBB
BOOOWOOOB
OOOOWOOOO
OOOOBOOOO
OOOBBBOOO
-
B
Stato:
OOOBBBOOO
BOOOBOOOO
OOOOWOOOO
OOOOWOOOB
BBWWKWWBB
BOOOWOOOB
OOOOWOOOO
OOOOBOOOO
OOOBBBOOO
-
W
Waiting for W...
Suggested move: Turn: W Pawn from c5 to c1
OOWBBBOOO
OOOOBOOOO
OOOOWOOOO
BOOOWOOOB
BBOWKWWBB
BOOOWOOOB
OOOOWOOOO
OOOOBOOOO
OOOBBBOOO
-
B
OOWBBBOOO
OOOOBOOOO
BOOOWOOOO
OOOOWOOOB
BBOWKWWBB
BOOOWOOOB
OOOOWOOOO
OOOOBOOOO
OOOBBBOOO
-
W
OOOBBBOOO
OOOOBOOOO
BOOOWOOOO
OOOOWOOOB
BBWWKWWBB
BOOOWOOOB
OOOOWOOOO
OOOOBOOOO
OOOBBBOOO
-
B
OOOBBBOOO
BOOOBOOOO
OOOOWOOOO
OOOOWOOOB
BBWWKWWBB
BOOOWOOOB
OOOOWOOOO
OOOOBOOOO
OOOBBBOOO
-
W
Stato:
OOWBBBOOO
BOOOBOOOO
OOOOWOOOO
OOOOWOOOB
BBOWKWWBB
BOOOWOOOB
OOOOWOOOO
OOOOBOOOO
OOOBBBOOO
-
B
Waiting for B...
Suggested move: Turn: B Pawn from a2 to a1
OOWBBBOOO
OOOOBOOOO
OOOOWOOOO
BOOOWOOOB
BBOWKWWBB
BOOOWOOOB
OOOOWOOOO
OOOOBOOOO
OOOBBBOOO
-
B
OOWBBBOOO
OOOOBOOOO
BOOOWOOOO
OOOOWOOOB
BBOWKWWBB
BOOOWOOOB
OOOOWOOOO
OOOOBOOOO
OOOBBBOOO
-
W
OOOBBBOOO
OOOOBOOOO
BOOOWOOOO
OOOOWOOOB
BBWWKWWBB
BOOOWOOOB
OOOOWOOOO
OOOOBOOOO
OOOBBBOOO
-
B
OOOBBBOOO
BOOOBOOOO
OOOOWOOOO
OOOOWOOOB
BBWWKWWBB
BOOOWOOOB
OOOOWOOOO
OOOOBOOOO
OOOBBBOOO
-
W
OOWBBBOOO
BOOOBOOOO
OOOOWOOOO
OOOOWOOOB
BBOWKWWBB
BOOOWOOOB
OOOOWOOOO
OOOOBOOOO
OOOBBBOOO
-
B
Stato:
BOWBBBOOO
OOOOBOOOO
OOOOWOOOO
OOOOWOOOB
BBOWKWWBB
BOOOWOOOB
OOOOWOOOO
OOOOBOOOO
OOOBBBOOO
-
W
Waiting for W...
Suggested move: Turn: W Pawn from c1 to c5
OOWBBBOOO
OOOOBOOOO
OOOOWOOOO
BOOOWOOOB
BBOWKWWBB
BOOOWOOOB
OOOOWOOOO
OOOOBOOOO
OOOBBBOOO
-
B
OOWBBBOOO
OOOOBOOOO
BOOOWOOOO
OOOOWOOOB
BBOWKWWBB
BOOOWOOOB
OOOOWOOOO
OOOOBOOOO
OOOBBBOOO
-
W
OOOBBBOOO
OOOOBOOOO
BOOOWOOOO
OOOOWOOOB
BBWWKWWBB
BOOOWOOOB
OOOOWOOOO
OOOOBOOOO
OOOBBBOOO
-
B
OOOBBBOOO
BOOOBOOOO
OOOOWOOOO
OOOOWOOOB
BBWWKWWBB
BOOOWOOOB
OOOOWOOOO
OOOOBOOOO
OOOBBBOOO
-
W
OOWBBBOOO
BOOOBOOOO
OOOOWOOOO
OOOOWOOOB
BBOWKWWBB
BOOOWOOOB
OOOOWOOOO
OOOOBOOOO
OOOBBBOOO
-
B
BOWBBBOOO
OOOOBOOOO
OOOOWOOOO
OOOOWOOOB
BBOWKWWBB
BOOOWOOOB
OOOOWOOOO
OOOOBOOOO
OOOBBBOOO
-
W
Stato:
BOOBBBOOO
OOOOBOOOO
OOOOWOOOO
OOOOWOOOB
BBWWKWWBB
BOOOWOOOB
OOOOWOOOO
OOOOBOOOO
OOOBBBOOO
-
B
Waiting for B...
Suggested move: Turn: B Pawn from a1 to b1
OOWBBBOOO
OOOOBOOOO
OOOOWOOOO
BOOOWOOOB
BBOWKWWBB
BOOOWOOOB
OOOOWOOOO
OOOOBOOOO
OOOBBBOOO
-
B
OOWBBBOOO
OOOOBOOOO
BOOOWOOOO
OOOOWOOOB
BBOWKWWBB
BOOOWOOOB
OOOOWOOOO
OOOOBOOOO
OOOBBBOOO
-
W
OOOBBBOOO
OOOOBOOOO
BOOOWOOOO
OOOOWOOOB
BBWWKWWBB
BOOOWOOOB
OOOOWOOOO
OOOOBOOOO
OOOBBBOOO
-
B
OOOBBBOOO
BOOOBOOOO
OOOOWOOOO
OOOOWOOOB
BBWWKWWBB
BOOOWOOOB
OOOOWOOOO
OOOOBOOOO
OOOBBBOOO
-
W
OOWBBBOOO
BOOOBOOOO
OOOOWOOOO
OOOOWOOOB
BBOWKWWBB
BOOOWOOOB
OOOOWOOOO
OOOOBOOOO
OOOBBBOOO
-
B
BOWBBBOOO
OOOOBOOOO
OOOOWOOOO
OOOOWOOOB
BBOWKWWBB
BOOOWOOOB
OOOOWOOOO
OOOOBOOOO
OOOBBBOOO
-
W
BOOBBBOOO
OOOOBOOOO
OOOOWOOOO
OOOOWOOOB
BBWWKWWBB
BOOOWOOOB
OOOOWOOOO
OOOOBOOOO
OOOBBBOOO
-
B
Stato:
OBOBBBOOO
OOOOBOOOO
OOOOWOOOO
OOOOWOOOB
BBWWKWWBB
BOOOWOOOB
OOOOWOOOO
OOOOBOOOO
OOOBBBOOO
-
W
Waiting for W...
Suggested move: Turn: W Pawn from c5 to c1
OOWBBBOOO
OOOOBOOOO
OOOOWOOOO
BOOOWOOOB
BBOWKWWBB
BOOOWOOOB
OOOOWOOOO
OOOOBOOOO
OOOBBBOOO
-
B
OOWBBBOOO
OOOOBOOOO
BOOOWOOOO
OOOOWOOOB
BBOWKWWBB
BOOOWOOOB
OOOOWOOOO
OOOOBOOOO
OOOBBBOOO
-
W
OOOBBBOOO
OOOOBOOOO
BOOOWOOOO
OOOOWOOOB
BBWWKWWBB
BOOOWOOOB
OOOOWOOOO
OOOOBOOOO
OOOBBBOOO
-
B
OOOBBBOOO
BOOOBOOOO
OOOOWOOOO
OOOOWOOOB
BBWWKWWBB
BOOOWOOOB
OOOOWOOOO
OOOOBOOOO
OOOBBBOOO
-
W
OOWBBBOOO
BOOOBOOOO
OOOOWOOOO
OOOOWOOOB
BBOWKWWBB
BOOOWOOOB
OOOOWOOOO
OOOOBOOOO
OOOBBBOOO
-
B
BOWBBBOOO
OOOOBOOOO
OOOOWOOOO
OOOOWOOOB
BBOWKWWBB
BOOOWOOOB
OOOOWOOOO
OOOOBOOOO
OOOBBBOOO
-
W
BOOBBBOOO
OOOOBOOOO
OOOOWOOOO
OOOOWOOOB
BBWWKWWBB
BOOOWOOOB
OOOOWOOOO
OOOOBOOOO
OOOBBBOOO
-
B
OBOBBBOOO
OOOOBOOOO
OOOOWOOOO
OOOOWOOOB
BBWWKWWBB
BOOOWOOOB
OOOOWOOOO
OOOOBOOOO
OOOBBBOOO
-
W
Stato:
OBWBBBOOO
OOOOBOOOO
OOOOWOOOO
OOOOWOOOB
BBOWKWWBB
BOOOWOOOB
OOOOWOOOO
OOOOBOOOO
OOOBBBOOO
-
B
Waiting for B...
Suggested move: Turn: B Pawn from a6 to b6
OOWBBBOOO
OOOOBOOOO
OOOOWOOOO
BOOOWOOOB
BBOWKWWBB
BOOOWOOOB
OOOOWOOOO
OOOOBOOOO
OOOBBBOOO
-
B
OOWBBBOOO
OOOOBOOOO
BOOOWOOOO
OOOOWOOOB
BBOWKWWBB
BOOOWOOOB
OOOOWOOOO
OOOOBOOOO
OOOBBBOOO
-
W
OOOBBBOOO
OOOOBOOOO
BOOOWOOOO
OOOOWOOOB
BBWWKWWBB
BOOOWOOOB
OOOOWOOOO
OOOOBOOOO
OOOBBBOOO
-
B
OOOBBBOOO
BOOOBOOOO
OOOOWOOOO
OOOOWOOOB
BBWWKWWBB
BOOOWOOOB
OOOOWOOOO
OOOOBOOOO
OOOBBBOOO
-
W
OOWBBBOOO
BOOOBOOOO
OOOOWOOOO
OOOOWOOOB
BBOWKWWBB
BOOOWOOOB
OOOOWOOOO
OOOOBOOOO
OOOBBBOOO
-
B
BOWBBBOOO
OOOOBOOOO
OOOOWOOOO
OOOOWOOOB
BBOWKWWBB
BOOOWOOOB
OOOOWOOOO
OOOOBOOOO
OOOBBBOOO
-
W
BOOBBBOOO
OOOOBOOOO
OOOOWOOOO
OOOOWOOOB
BBWWKWWBB
BOOOWOOOB
OOOOWOOOO
OOOOBOOOO
OOOBBBOOO
-
B
OBOBBBOOO
OOOOBOOOO
OOOOWOOOO
OOOOWOOOB
BBWWKWWBB
BOOOWOOOB
OOOOWOOOO
OOOOBOOOO
OOOBBBOOO
-
W
OBWBBBOOO
OOOOBOOOO
OOOOWOOOO
OOOOWOOOB
BBOWKWWBB
BOOOWOOOB
OOOOWOOOO
OOOOBOOOO
OOOBBBOOO
-
B
Stato:
OBWBBBOOO
OOOOBOOOO
OOOOWOOOO
OOOOWOOOB
BBOWKWWBB
OBOOWOOOB
OOOOWOOOO
OOOOBOOOO
OOOBBBOOO
-
W
Waiting for W...
Suggested move: Turn: W Pawn from c1 to c5
OOWBBBOOO
OOOOBOOOO
OOOOWOOOO
BOOOWOOOB
BBOWKWWBB
BOOOWOOOB
OOOOWOOOO
OOOOBOOOO
OOOBBBOOO
-
B
OOWBBBOOO
OOOOBOOOO
BOOOWOOOO
OOOOWOOOB
BBOWKWWBB
BOOOWOOOB
OOOOWOOOO
OOOOBOOOO
OOOBBBOOO
-
W
OOOBBBOOO
OOOOBOOOO
BOOOWOOOO
OOOOWOOOB
BBWWKWWBB
BOOOWOOOB
OOOOWOOOO
OOOOBOOOO
OOOBBBOOO
-
B
OOOBBBOOO
BOOOBOOOO
OOOOWOOOO
OOOOWOOOB
BBWWKWWBB
BOOOWOOOB
OOOOWOOOO
OOOOBOOOO
OOOBBBOOO
-
W
OOWBBBOOO
BOOOBOOOO
OOOOWOOOO
OOOOWOOOB
BBOWKWWBB
BOOOWOOOB
OOOOWOOOO
OOOOBOOOO
OOOBBBOOO
-
B
BOWBBBOOO
OOOOBOOOO
OOOOWOOOO
OOOOWOOOB
BBOWKWWBB
BOOOWOOOB
OOOOWOOOO
OOOOBOOOO
OOOBBBOOO
-
W
BOOBBBOOO
OOOOBOOOO
OOOOWOOOO
OOOOWOOOB
BBWWKWWBB
BOOOWOOOB
OOOOWOOOO
OOOOBOOOO
OOOBBBOOO
-
B
OBOBBBOOO
OOOOBOOOO
OOOOWOOOO
OOOOWOOOB
BBWWKWWBB
BOOOWOOOB
OOOOWOOOO
OOOOBOOOO
OOOBBBOOO
-
W
OBWBBBOOO
OOOOBOOOO
OOOOWOOOO
OOOOWOOOB
BBOWKWWBB
BOOOWOOOB
OOOOWOOOO
OOOOBOOOO
OOOBBBOOO
-
B
OBWBBBOOO
OOOOBOOOO
OOOOWOOOO
OOOOWOOOB
BBOWKWWBB
OBOOWOOOB
OOOOWOOOO
OOOOBOOOO
OOOBBBOOO
-
W
Stato:
OBOBBBOOO
OOOOBOOOO
OOOOWOOOO
OOOOWOOOB
BBWWKWWBB
OBOOWOOOB
OOOOWOOOO
OOOOBOOOO
OOOBBBOOO
-
B
Waiting for B...
Suggested move: Turn: B Pawn from b1 to c1
OOWBBBOOO
OOOOBOOOO
OOOOWOOOO
BOOOWOOOB
BBOWKWWBB
BOOOWOOOB
OOOOWOOOO
OOOOBOOOO
OOOBBBOOO
-
B
OOWBBBOOO
OOOOBOOOO
BOOOWOOOO
OOOOWOOOB
BBOWKWWBB
BOOOWOOOB
OOOOWOOOO
OOOOBOOOO
OOOBBBOOO
-
W
OOOBBBOOO
OOOOBOOOO
BOOOWOOOO
OOOOWOOOB
BBWWKWWBB
BOOOWOOOB
OOOOWOOOO
OOOOBOOOO
OOOBBBOOO
-
B
OOOBBBOOO
BOOOBOOOO
OOOOWOOOO
OOOOWOOOB
BBWWKWWBB
BOOOWOOOB
OOOOWOOOO
OOOOBOOOO
OOOBBBOOO
-
W
OOWBBBOOO
BOOOBOOOO
OOOOWOOOO
OOOOWOOOB
BBOWKWWBB
BOOOWOOOB
OOOOWOOOO
OOOOBOOOO
OOOBBBOOO
-
B
BOWBBBOOO
OOOOBOOOO
OOOOWOOOO
OOOOWOOOB
BBOWKWWBB
BOOOWOOOB
OOOOWOOOO
OOOOBOOOO
OOOBBBOOO
-
W
BOOBBBOOO
OOOOBOOOO
OOOOWOOOO
OOOOWOOOB
BBWWKWWBB
BOOOWOOOB
OOOOWOOOO
OOOOBOOOO
OOOBBBOOO
-
B
OBOBBBOOO
OOOOBOOOO
OOOOWOOOO
OOOOWOOOB
BBWWKWWBB
BOOOWOOOB
OOOOWOOOO
OOOOBOOOO
OOOBBBOOO
-
W
OBWBBBOOO
OOOOBOOOO
OOOOWOOOO
OOOOWOOOB
BBOWKWWBB
BOOOWOOOB
OOOOWOOOO
OOOOBOOOO
OOOBBBOOO
-
B
OBWBBBOOO
OOOOBOOOO
OOOOWOOOO
OOOOWOOOB
BBOWKWWBB
OBOOWOOOB
OOOOWOOOO
OOOOBOOOO
OOOBBBOOO
-
W
OBOBBBOOO
OOOOBOOOO
OOOOWOOOO
OOOOWOOOB
BBWWKWWBB
OBOOWOOOB
OOOOWOOOO
OOOOBOOOO
OOOBBBOOO
-
B
Stato:
OOBBBBOOO
OOOOBOOOO
OOOOWOOOO
OOOOWOOOB
BBWWKWWBB
OBOOWOOOB
OOOOWOOOO
OOOOBOOOO
OOOBBBOOO
-
W
Waiting for W...
Suggested move: Turn: W Pawn from c5 to c6
Stato:
OOBBBBOOO
OOOOBOOOO
OOOOWOOOO
OOOOWOOOB
BBOWKWWBB
OOWOWOOOB
OOOOWOOOO
OOOOBOOOO
OOOBBBOOO
-
B
Waiting for B...
Suggested move: Turn: B Pawn from b5 to b4
OOBBBBOOO
OOOOBOOOO
OOOOWOOOO
OOOOWOOOB
BBOWKWWBB
OOWOWOOOB
OOOOWOOOO
OOOOBOOOO
OOOBBBOOO
-
B
Stato:
OOBBBBOOO
OOOOBOOOO
OOOOWOOOO
OBOOWOOOB
BOOWKWWBB
OOWOWOOOB
OOOOWOOOO
OOOOBOOOO
OOOBBBOOO
-
W
Waiting for W...
Suggested move: Turn: W Pawn from c6 to c4
Stato:
OOBBBBOOO
OOOOBOOOO
OOOOWOOOO
OOWOWOOOB
BOOWKWWBB
OOOOWOOOB
OOOOWOOOO
OOOOBOOOO
OOOBBBOOO
-
B
Waiting for B...
Suggested move: Turn: B Pawn from c1 to c2
OOBBBBOOO
OOOOBOOOO
OOOOWOOOO
OOWOWOOOB
BOOWKWWBB
OOOOWOOOB
OOOOWOOOO
OOOOBOOOO
OOOBBBOOO
-
B
Stato:
OOOBBBOOO
OOBOBOOOO
OOOOWOOOO
OOWOWOOOB
BOOWKWWBB
OOOOWOOOB
OOOOWOOOO
OOOOBOOOO
OOOBBBOOO
-
W
Waiting for W...
Suggested move: Turn: W Pawn from c4 to c9
OOBBBBOOO
OOOOBOOOO
OOOOWOOOO
OOWOWOOOB
BOOWKWWBB
OOOOWOOOB
OOOOWOOOO
OOOOBOOOO
OOOBBBOOO
-
B
OOOBBBOOO
OOBOBOOOO
OOOOWOOOO
OOWOWOOOB
BOOWKWWBB
OOOOWOOOB
OOOOWOOOO
OOOOBOOOO
OOOBBBOOO
-
W
Stato:
OOOBBBOOO
OOBOBOOOO
OOOOWOOOO
OOOOWOOOB
BOOWKWWBB
OOOOWOOOB
OOOOWOOOO
OOOOBOOOO
OOWBBBOOO
-
B
Waiting for B...
Suggested move: Turn: B Pawn from c2 to c1
OOBBBBOOO
OOOOBOOOO
OOOOWOOOO
OOWOWOOOB
BOOWKWWBB
OOOOWOOOB
OOOOWOOOO
OOOOBOOOO
OOOBBBOOO
-
B
OOOBBBOOO
OOBOBOOOO
OOOOWOOOO
OOWOWOOOB
BOOWKWWBB
OOOOWOOOB
OOOOWOOOO
OOOOBOOOO
OOOBBBOOO
-
W
OOOBBBOOO
OOBOBOOOO
OOOOWOOOO
OOOOWOOOB
BOOWKWWBB
OOOOWOOOB
OOOOWOOOO
OOOOBOOOO
OOWBBBOOO
-
B
Stato:
OOBBBBOOO
OOOOBOOOO
OOOOWOOOO
OOOOWOOOB
BOOWKWWBB
OOOOWOOOB
OOOOWOOOO
OOOOBOOOO
OOWBBBOOO
-
W
Waiting for W...
Suggested move: Turn: W Pawn from e3 to i3
OOBBBBOOO
OOOOBOOOO
OOOOWOOOO
OOWOWOOOB
BOOWKWWBB
OOOOWOOOB
OOOOWOOOO
OOOOBOOOO
OOOBBBOOO
-
B
OOOBBBOOO
OOBOBOOOO
OOOOWOOOO
OOWOWOOOB
BOOWKWWBB
OOOOWOOOB
OOOOWOOOO
OOOOBOOOO
OOOBBBOOO
-
W
OOOBBBOOO
OOBOBOOOO
OOOOWOOOO
OOOOWOOOB
BOOWKWWBB
OOOOWOOOB
OOOOWOOOO
OOOOBOOOO
OOWBBBOOO
-
B
OOBBBBOOO
OOOOBOOOO
OOOOWOOOO
OOOOWOOOB
BOOWKWWBB
OOOOWOOOB
OOOOWOOOO
OOOOBOOOO
OOWBBBOOO
-
W
Stato:
OOBBBBOOO
OOOOBOOOO
OOOOOOOOW
OOOOWOOOB
BOOWKWWBB
OOOOWOOOB
OOOOWOOOO
OOOOBOOOO
OOWBBBOOO
-
B
Waiting for B...
Suggested move: Turn: B Pawn from d1 to d3
OOBBBBOOO
OOOOBOOOO
OOOOWOOOO
OOWOWOOOB
BOOWKWWBB
OOOOWOOOB
OOOOWOOOO
OOOOBOOOO
OOOBBBOOO
-
B
OOOBBBOOO
OOBOBOOOO
OOOOWOOOO
OOWOWOOOB
BOOWKWWBB
OOOOWOOOB
OOOOWOOOO
OOOOBOOOO
OOOBBBOOO
-
W
OOOBBBOOO
OOBOBOOOO
OOOOWOOOO
OOOOWOOOB
BOOWKWWBB
OOOOWOOOB
OOOOWOOOO
OOOOBOOOO
OOWBBBOOO
-
B
OOBBBBOOO
OOOOBOOOO
OOOOWOOOO
OOOOWOOOB
BOOWKWWBB
OOOOWOOOB
OOOOWOOOO
OOOOBOOOO
OOWBBBOOO
-
W
OOBBBBOOO
OOOOBOOOO
OOOOOOOOW
OOOOWOOOB
BOOWKWWBB
OOOOWOOOB
OOOOWOOOO
OOOOBOOOO
OOWBBBOOO
-
B
Stato:
OOBOBBOOO
OOOOBOOOO
OOOBOOOOW
OOOOWOOOB
BOOWKWWBB
OOOOWOOOB
OOOOWOOOO
OOOOBOOOO
OOWBBBOOO
-
W
Waiting for W...
Suggested move: Turn: W Pawn from e4 to e3
OOBBBBOOO
OOOOBOOOO
OOOOWOOOO
OOWOWOOOB
BOOWKWWBB
OOOOWOOOB
OOOOWOOOO
OOOOBOOOO
OOOBBBOOO
-
B
OOOBBBOOO
OOBOBOOOO
OOOOWOOOO
OOWOWOOOB
BOOWKWWBB
OOOOWOOOB
OOOOWOOOO
OOOOBOOOO
OOOBBBOOO
-
W
OOOBBBOOO
OOBOBOOOO
OOOOWOOOO
OOOOWOOOB
BOOWKWWBB
OOOOWOOOB
OOOOWOOOO
OOOOBOOOO
OOWBBBOOO
-
B
OOBBBBOOO
OOOOBOOOO
OOOOWOOOO
OOOOWOOOB
BOOWKWWBB
OOOOWOOOB
OOOOWOOOO
OOOOBOOOO
OOWBBBOOO
-
W
OOBBBBOOO
OOOOBOOOO
OOOOOOOOW
OOOOWOOOB
BOOWKWWBB
OOOOWOOOB
OOOOWOOOO
OOOOBOOOO
OOWBBBOOO
-
B
OOBOBBOOO
OOOOBOOOO
OOOBOOOOW
OOOOWOOOB
BOOWKWWBB
OOOOWOOOB
OOOOWOOOO
OOOOBOOOO
OOWBBBOOO
-
W
Stato:
OOBOBBOOO
OOOOBOOOO
OOOBWOOOW
OOOOOOOOB
BOOWKWWBB
OOOOWOOOB
OOOOWOOOO
OOOOBOOOO
OOWBBBOOO
-
B
Waiting for B...
Suggested move: Turn: B Pawn from f1 to f3
Stato:
OOBOBOOOO
OOOOBOOOO
OOOBOBOOW
OOOOOOOOB
BOOWKWWBB
OOOOWOOOB
OOOOWOOOO
OOOOBOOOO
OOWBBBOOO
-
W
Waiting for W...
Suggested move: Turn: W Pawn from e7 to i7
OOBOBOOOO
OOOOBOOOO
OOOBOBOOW
OOOOOOOOB
BOOWKWWBB
OOOOWOOOB
OOOOWOOOO
OOOOBOOOO
OOWBBBOOO
-
W
Stato:
OOBOBOOOO
OOOOBOOOO
OOOBOBOOW
OOOOOOOOB
BOOWKWWBB
OOOOWOOOB
OOOOOOOOW
OOOOBOOOO
OOWBBBOOO
-
B
Waiting for B...
Suggested move: Turn: B Pawn from e2 to e4
Ho il re sotto
OOBOBOOOO
OOOOBOOOO
OOOBOBOOW
OOOOOOOOB
BOOWKWWBB
OOOOWOOOB
OOOOWOOOO
OOOOBOOOO
OOWBBBOOO
-
W
OOBOBOOOO
OOOOBOOOO
OOOBOBOOW
OOOOOOOOB
BOOWKWWBB
OOOOWOOOB
OOOOOOOOW
OOOOBOOOO
OOWBBBOOO
-
B
Stato:
OOBOBOOOO
OOOOOOOOO
OOOBOBOOW
OOOOBOOOB
BOOWKWWBB
OOOOWOOOB
OOOOOOOOW
OOOOBOOOO
OOWBBBOOO
-
W
Waiting for W...
Suggested move: Turn: W Pawn from e6 to e7
OOBOBOOOO
OOOOBOOOO
OOOBOBOOW
OOOOOOOOB
BOOWKWWBB
OOOOWOOOB
OOOOWOOOO
OOOOBOOOO
OOWBBBOOO
-
W
OOBOBOOOO
OOOOBOOOO
OOOBOBOOW
OOOOOOOOB
BOOWKWWBB
OOOOWOOOB
OOOOOOOOW
OOOOBOOOO
OOWBBBOOO
-
B
OOBOBOOOO
OOOOOOOOO
OOOBOBOOW
OOOOBOOOB
BOOWKWWBB
OOOOWOOOB
OOOOOOOOW
OOOOBOOOO
OOWBBBOOO
-
W
Stato:
OOBOBOOOO
OOOOOOOOO
OOOBOBOOW
OOOOBOOOB
BOOWKWWBB
OOOOOOOOB
OOOOWOOOW
OOOOBOOOO
OOWBBBOOO
-
B
Waiting for B...
Suggested move: Turn: B Pawn from i6 to e6
Stato:
OOBOBOOOO
OOOOOOOOO
OOOBOBOOW
OOOOBOOOB
BOOWKWWBB
OOOOBOOOO
OOOOOOOOW
OOOOBOOOO
OOWBBBOOO
-
W
Waiting for W...
Suggested move: Turn: W Pawn from g5 to g9
OOBOBOOOO
OOOOOOOOO
OOOBOBOOW
OOOOBOOOB
BOOWKWWBB
OOOOBOOOO
OOOOOOOOW
OOOOBOOOO
OOWBBBOOO
-
W
Stato:
OOBOBOOOO
OOOOOOOOO
OOOBOBOOW
OOOOBOOOB
BOOWKWOBB
OOOOBOOOO
OOOOOOOOW
OOOOBOOOO
OOWBBBWOO
-
B
Waiting for B...
Suggested move: Turn: B Pawn from e6 to g6
OOBOBOOOO
OOOOOOOOO
OOOBOBOOW
OOOOBOOOB
BOOWKWWBB
OOOOBOOOO
OOOOOOOOW
OOOOBOOOO
OOWBBBOOO
-
W
OOBOBOOOO
OOOOOOOOO
OOOBOBOOW
OOOOBOOOB
BOOWKWOBB
OOOOBOOOO
OOOOOOOOW
OOOOBOOOO
OOWBBBWOO
-
B
Stato:
OOBOBOOOO
OOOOOOOOO
OOOBOBOOW
OOOOBOOOB
BOOWKWOBB
OOOOOOBOO
OOOOOOOOW
OOOOBOOOO
OOWBBBWOO
-
W
Waiting for W...
Suggested move: Turn: W Pawn from f5 to g5
OOBOBOOOO
OOOOOOOOO
OOOBOBOOW
OOOOBOOOB
BOOWKWWBB
OOOOBOOOO
OOOOOOOOW
OOOOBOOOO
OOWBBBOOO
-
W
OOBOBOOOO
OOOOOOOOO
OOOBOBOOW
OOOOBOOOB
BOOWKWOBB
OOOOBOOOO
OOOOOOOOW
OOOOBOOOO
OOWBBBWOO
-
B
OOBOBOOOO
OOOOOOOOO
OOOBOBOOW
OOOOBOOOB
BOOWKWOBB
OOOOOOBOO
OOOOOOOOW
OOOOBOOOO
OOWBBBWOO
-
W
Stato:
OOBOBOOOO
OOOOOOOOO
OOOBOBOOW
OOOOBOOOB
BOOWKOWBB
OOOOOOBOO
OOOOOOOOW
OOOOBOOOO
OOWBBBWOO
-
B
Waiting for B...
Suggested move: Turn: B Pawn from i4 to g4
Stato:
OOBOBOOOO
OOOOOOOOO
OOOBOBOOW
OOOOBOBOO
BOOWKOOBB
OOOOOOBOO
OOOOOOOOW
OOOOBOOOO
OOWBBBWOO
-
W
Waiting for W...
Suggested move: Turn: W Pawn from i7 to e7
OOBOBOOOO
OOOOOOOOO
OOOBOBOOW
OOOOBOBOO
BOOWKOOBB
OOOOOOBOO
OOOOOOOOW
OOOOBOOOO
OOWBBBWOO
-
W
Stato:
OOBOBOOOO
OOOOOOOOO
OOOBOBOOW
OOOOBOBOO
BOOWKOOBB
OOOOOOBOO
OOOOWOOOO
OOOOBOOOO
OOWBBBWOO
-
B
Waiting for B...
Suggested move: Turn: B Pawn from f9 to f5
OOBOBOOOO
OOOOOOOOO
OOOBOBOOW
OOOOBOBOO
BOOWKOOBB
OOOOOOBOO
OOOOOOOOW
OOOOBOOOO
OOWBBBWOO
-
W
OOBOBOOOO
OOOOOOOOO
OOOBOBOOW
OOOOBOBOO
BOOWKOOBB
OOOOOOBOO
OOOOWOOOO
OOOOBOOOO
OOWBBBWOO
-
B
Stato:
OOBOBOOOO
OOOOOOOOO
OOOBOBOOW
OOOOBOBOO
BOOWKBOBB
OOOOOOBOO
OOOOWOOOO
OOOOBOOOO
OOWBBOWOO
-
W
Waiting for W...
Suggested move: Turn: W Pawn from c9 to c8
OOBOBOOOO
OOOOOOOOO
OOOBOBOOW
OOOOBOBOO
BOOWKOOBB
OOOOOOBOO
OOOOOOOOW
OOOOBOOOO
OOWBBBWOO
-
W
OOBOBOOOO
OOOOOOOOO
OOOBOBOOW
OOOOBOBOO
BOOWKOOBB
OOOOOOBOO
OOOOWOOOO
OOOOBOOOO
OOWBBBWOO
-
B
OOBOBOOOO
OOOOOOOOO
OOOBOBOOW
OOOOBOBOO
BOOWKBOBB
OOOOOOBOO
OOOOWOOOO
OOOOBOOOO
OOWBBOWOO
-
W
Stato:
OOBOBOOOO
OOOOOOOOO
OOOBOBOOW
OOOOBOBOO
BOOWKBOBB
OOOOOOBOO
OOOOWOOOO
OOWOBOOOO
OOOBBOWOO
-
B
Waiting for B...
Suggested move: Turn: B Pawn from null to null
TOO MANY ERRORS FOR BLACK PLAYER; PLAYER WHITE WIN!
java.lang.NullPointerException
	at it.unibo.ai.didattica.competition.tablut.domain.GameAshtonTablut.checkMove(GameAshtonTablut.java:116)
	at it.unibo.ai.didattica.competition.tablut.server.Server.run(Server.java:691)
	at it.unibo.ai.didattica.competition.tablut.server.Server.main(Server.java:334)
nov 27, 2024 12:49:16 PM it.unibo.ai.didattica.competition.tablut.server.Server run
AVVERTENZA: Chiusura sistema per troppi errori giocatore nero
