usage: java Server
 -c,--cache <arg>           cache must be an integer, negative value means
                            infinite; default: infinite
 -e,--errors <arg>          errors must be an integer >= 0; default: 0
 -g,--enableGUI             enableGUI if option is present
 -r,--game rules <arg>      game rules must be an integer; 1 for Tablut, 2
                            for Modern, 3 for Brandub, 4 for Ashton;
                            default: 4
 -s,--repeatedState <arg>   repeatedStates must be an integer >= 0;
                            default: 0
 -t,--time <arg>            time must be an integer (number of seconds);
                            default: 60
/Users/pelle/Development/GitHub/tablut-challenge/games_executor/logs/1732708215673_systemLog.txt
Waiting for connections...
White player name:	flag3
Black player name:	flag_2
Clients connected..
Waiting for W...
Suggested move: Turn: W Pawn from c5 to c4
Stato:
OOOBBBOOO
OOOOBOOOO
OOOOWOOOO
BOWOWOOOB
BBOWKWWBB
BOOOWOOOB
OOOOWOOOO
OOOOBOOOO
OOOBBBOOO
-
B
Waiting for B...
Suggested move: Turn: B Pawn from b5 to c5
Stato:
OOOBBBOOO
OOOOBOOOO
OOOOWOOOO
BOWOWOOOB
BOBOKWWBB
BOOOWOOOB
OOOOWOOOO
OOOOBOOOO
OOOBBBOOO
-
W
Waiting for W...
Suggested move: Turn: W Pawn from c4 to c3
OOOBBBOOO
OOOOBOOOO
OOOOWOOOO
BOWOWOOOB
BOBOKWWBB
BOOOWOOOB
OOOOWOOOO
OOOOBOOOO
OOOBBBOOO
-
W
Stato:
OOOBBBOOO
OOOOBOOOO
OOWOWOOOO
BOOOWOOOB
BOBOKWWBB
BOOOWOOOB
OOOOWOOOO
OOOOBOOOO
OOOBBBOOO
-
B
Waiting for B...
Suggested move: Turn: B Pawn from a4 to a3
OOOBBBOOO
OOOOBOOOO
OOOOWOOOO
BOWOWOOOB
BOBOKWWBB
BOOOWOOOB
OOOOWOOOO
OOOOBOOOO
OOOBBBOOO
-
W
OOOBBBOOO
OOOOBOOOO
OOWOWOOOO
BOOOWOOOB
BOBOKWWBB
BOOOWOOOB
OOOOWOOOO
OOOOBOOOO
OOOBBBOOO
-
B
Stato:
OOOBBBOOO
OOOOBOOOO
BOWOWOOOO
OOOOWOOOB
BOBOKWWBB
BOOOWOOOB
OOOOWOOOO
OOOOBOOOO
OOOBBBOOO
-
W
Waiting for W...
Suggested move: Turn: W Pawn from c3 to c2
OOOBBBOOO
OOOOBOOOO
OOOOWOOOO
BOWOWOOOB
BOBOKWWBB
BOOOWOOOB
OOOOWOOOO
OOOOBOOOO
OOOBBBOOO
-
W
OOOBBBOOO
OOOOBOOOO
OOWOWOOOO
BOOOWOOOB
BOBOKWWBB
BOOOWOOOB
OOOOWOOOO
OOOOBOOOO
OOOBBBOOO
-
B
OOOBBBOOO
OOOOBOOOO
BOWOWOOOO
OOOOWOOOB
BOBOKWWBB
BOOOWOOOB
OOOOWOOOO
OOOOBOOOO
OOOBBBOOO
-
W
Stato:
OOOBBBOOO
OOWOBOOOO
BOOOWOOOO
OOOOWOOOB
BOBOKWWBB
BOOOWOOOB
OOOOWOOOO
OOOOBOOOO
OOOBBBOOO
-
B
Waiting for B...
Suggested move: Turn: B Pawn from a3 to a2
OOOBBBOOO
OOOOBOOOO
OOOOWOOOO
BOWOWOOOB
BOBOKWWBB
BOOOWOOOB
OOOOWOOOO
OOOOBOOOO
OOOBBBOOO
-
W
OOOBBBOOO
OOOOBOOOO
OOWOWOOOO
BOOOWOOOB
BOBOKWWBB
BOOOWOOOB
OOOOWOOOO
OOOOBOOOO
OOOBBBOOO
-
B
OOOBBBOOO
OOOOBOOOO
BOWOWOOOO
OOOOWOOOB
BOBOKWWBB
BOOOWOOOB
OOOOWOOOO
OOOOBOOOO
OOOBBBOOO
-
W
OOOBBBOOO
OOWOBOOOO
BOOOWOOOO
OOOOWOOOB
BOBOKWWBB
BOOOWOOOB
OOOOWOOOO
OOOOBOOOO
OOOBBBOOO
-
B
Stato:
OOOBBBOOO
BOWOBOOOO
OOOOWOOOO
OOOOWOOOB
BOBOKWWBB
BOOOWOOOB
OOOOWOOOO
OOOOBOOOO
OOOBBBOOO
-
W
Waiting for W...
Suggested move: Turn: W Pawn from c2 to c1
OOOBBBOOO
OOOOBOOOO
OOOOWOOOO
BOWOWOOOB
BOBOKWWBB
BOOOWOOOB
OOOOWOOOO
OOOOBOOOO
OOOBBBOOO
-
W
OOOBBBOOO
OOOOBOOOO
OOWOWOOOO
BOOOWOOOB
BOBOKWWBB
BOOOWOOOB
OOOOWOOOO
OOOOBOOOO
OOOBBBOOO
-
B
OOOBBBOOO
OOOOBOOOO
BOWOWOOOO
OOOOWOOOB
BOBOKWWBB
BOOOWOOOB
OOOOWOOOO
OOOOBOOOO
OOOBBBOOO
-
W
OOOBBBOOO
OOWOBOOOO
BOOOWOOOO
OOOOWOOOB
BOBOKWWBB
BOOOWOOOB
OOOOWOOOO
OOOOBOOOO
OOOBBBOOO
-
B
OOOBBBOOO
BOWOBOOOO
OOOOWOOOO
OOOOWOOOB
BOBOKWWBB
BOOOWOOOB
OOOOWOOOO
OOOOBOOOO
OOOBBBOOO
-
W
Stato:
OOWBBBOOO
BOOOBOOOO
OOOOWOOOO
OOOOWOOOB
BOBOKWWBB
BOOOWOOOB
OOOOWOOOO
OOOOBOOOO
OOOBBBOOO
-
B
Waiting for B...
Suggested move: Turn: B Pawn from a2 to a1
OOOBBBOOO
OOOOBOOOO
OOOOWOOOO
BOWOWOOOB
BOBOKWWBB
BOOOWOOOB
OOOOWOOOO
OOOOBOOOO
OOOBBBOOO
-
W
OOOBBBOOO
OOOOBOOOO
OOWOWOOOO
BOOOWOOOB
BOBOKWWBB
BOOOWOOOB
OOOOWOOOO
OOOOBOOOO
OOOBBBOOO
-
B
OOOBBBOOO
OOOOBOOOO
BOWOWOOOO
OOOOWOOOB
BOBOKWWBB
BOOOWOOOB
OOOOWOOOO
OOOOBOOOO
OOOBBBOOO
-
W
OOOBBBOOO
OOWOBOOOO
BOOOWOOOO
OOOOWOOOB
BOBOKWWBB
BOOOWOOOB
OOOOWOOOO
OOOOBOOOO
OOOBBBOOO
-
B
OOOBBBOOO
BOWOBOOOO
OOOOWOOOO
OOOOWOOOB
BOBOKWWBB
BOOOWOOOB
OOOOWOOOO
OOOOBOOOO
OOOBBBOOO
-
W
OOWBBBOOO
BOOOBOOOO
OOOOWOOOO
OOOOWOOOB
BOBOKWWBB
BOOOWOOOB
OOOOWOOOO
OOOOBOOOO
OOOBBBOOO
-
B
Stato:
BOWBBBOOO
OOOOBOOOO
OOOOWOOOO
OOOOWOOOB
BOBOKWWBB
BOOOWOOOB
OOOOWOOOO
OOOOBOOOO
OOOBBBOOO
-
W
Waiting for W...
Suggested move: Turn: W Pawn from c1 to c2
OOOBBBOOO
OOOOBOOOO
OOOOWOOOO
BOWOWOOOB
BOBOKWWBB
BOOOWOOOB
OOOOWOOOO
OOOOBOOOO
OOOBBBOOO
-
W
OOOBBBOOO
OOOOBOOOO
OOWOWOOOO
BOOOWOOOB
BOBOKWWBB
BOOOWOOOB
OOOOWOOOO
OOOOBOOOO
OOOBBBOOO
-
B
OOOBBBOOO
OOOOBOOOO
BOWOWOOOO
OOOOWOOOB
BOBOKWWBB
BOOOWOOOB
OOOOWOOOO
OOOOBOOOO
OOOBBBOOO
-
W
OOOBBBOOO
OOWOBOOOO
BOOOWOOOO
OOOOWOOOB
BOBOKWWBB
BOOOWOOOB
OOOOWOOOO
OOOOBOOOO
OOOBBBOOO
-
B
OOOBBBOOO
BOWOBOOOO
OOOOWOOOO
OOOOWOOOB
BOBOKWWBB
BOOOWOOOB
OOOOWOOOO
OOOOBOOOO
OOOBBBOOO
-
W
OOWBBBOOO
BOOOBOOOO
OOOOWOOOO
OOOOWOOOB
BOBOKWWBB
BOOOWOOOB
OOOOWOOOO
OOOOBOOOO
OOOBBBOOO
-
B
BOWBBBOOO
OOOOBOOOO
OOOOWOOOO
OOOOWOOOB
BOBOKWWBB
BOOOWOOOB
OOOOWOOOO
OOOOBOOOO
OOOBBBOOO
-
W
Stato:
BOOBBBOOO
OOWOBOOOO
OOOOWOOOO
OOOOWOOOB
BOBOKWWBB
BOOOWOOOB
OOOOWOOOO
OOOOBOOOO
OOOBBBOOO
-
B
Waiting for B...
Suggested move: Turn: B Pawn from a1 to b1
OOOBBBOOO
OOOOBOOOO
OOOOWOOOO
BOWOWOOOB
BOBOKWWBB
BOOOWOOOB
OOOOWOOOO
OOOOBOOOO
OOOBBBOOO
-
W
OOOBBBOOO
OOOOBOOOO
OOWOWOOOO
BOOOWOOOB
BOBOKWWBB
BOOOWOOOB
OOOOWOOOO
OOOOBOOOO
OOOBBBOOO
-
B
OOOBBBOOO
OOOOBOOOO
BOWOWOOOO
OOOOWOOOB
BOBOKWWBB
BOOOWOOOB
OOOOWOOOO
OOOOBOOOO
OOOBBBOOO
-
W
OOOBBBOOO
OOWOBOOOO
BOOOWOOOO
OOOOWOOOB
BOBOKWWBB
BOOOWOOOB
OOOOWOOOO
OOOOBOOOO
OOOBBBOOO
-
B
OOOBBBOOO
BOWOBOOOO
OOOOWOOOO
OOOOWOOOB
BOBOKWWBB
BOOOWOOOB
OOOOWOOOO
OOOOBOOOO
OOOBBBOOO
-
W
OOWBBBOOO
BOOOBOOOO
OOOOWOOOO
OOOOWOOOB
BOBOKWWBB
BOOOWOOOB
OOOOWOOOO
OOOOBOOOO
OOOBBBOOO
-
B
BOWBBBOOO
OOOOBOOOO
OOOOWOOOO
OOOOWOOOB
BOBOKWWBB
BOOOWOOOB
OOOOWOOOO
OOOOBOOOO
OOOBBBOOO
-
W
BOOBBBOOO
OOWOBOOOO
OOOOWOOOO
OOOOWOOOB
BOBOKWWBB
BOOOWOOOB
OOOOWOOOO
OOOOBOOOO
OOOBBBOOO
-
B
Stato:
OBOBBBOOO
OOWOBOOOO
OOOOWOOOO
OOOOWOOOB
BOBOKWWBB
BOOOWOOOB
OOOOWOOOO
OOOOBOOOO
OOOBBBOOO
-
W
Waiting for W...
Suggested move: Turn: W Pawn from c2 to c1
OOOBBBOOO
OOOOBOOOO
OOOOWOOOO
BOWOWOOOB
BOBOKWWBB
BOOOWOOOB
OOOOWOOOO
OOOOBOOOO
OOOBBBOOO
-
W
OOOBBBOOO
OOOOBOOOO
OOWOWOOOO
BOOOWOOOB
BOBOKWWBB
BOOOWOOOB
OOOOWOOOO
OOOOBOOOO
OOOBBBOOO
-
B
OOOBBBOOO
OOOOBOOOO
BOWOWOOOO
OOOOWOOOB
BOBOKWWBB
BOOOWOOOB
OOOOWOOOO
OOOOBOOOO
OOOBBBOOO
-
W
OOOBBBOOO
OOWOBOOOO
BOOOWOOOO
OOOOWOOOB
BOBOKWWBB
BOOOWOOOB
OOOOWOOOO
OOOOBOOOO
OOOBBBOOO
-
B
OOOBBBOOO
BOWOBOOOO
OOOOWOOOO
OOOOWOOOB
BOBOKWWBB
BOOOWOOOB
OOOOWOOOO
OOOOBOOOO
OOOBBBOOO
-
W
OOWBBBOOO
BOOOBOOOO
OOOOWOOOO
OOOOWOOOB
BOBOKWWBB
BOOOWOOOB
OOOOWOOOO
OOOOBOOOO
OOOBBBOOO
-
B
BOWBBBOOO
OOOOBOOOO
OOOOWOOOO
OOOOWOOOB
BOBOKWWBB
BOOOWOOOB
OOOOWOOOO
OOOOBOOOO
OOOBBBOOO
-
W
BOOBBBOOO
OOWOBOOOO
OOOOWOOOO
OOOOWOOOB
BOBOKWWBB
BOOOWOOOB
OOOOWOOOO
OOOOBOOOO
OOOBBBOOO
-
B
OBOBBBOOO
OOWOBOOOO
OOOOWOOOO
OOOOWOOOB
BOBOKWWBB
BOOOWOOOB
OOOOWOOOO
OOOOBOOOO
OOOBBBOOO
-
W
Stato:
OBWBBBOOO
OOOOBOOOO
OOOOWOOOO
OOOOWOOOB
BOBOKWWBB
BOOOWOOOB
OOOOWOOOO
OOOOBOOOO
OOOBBBOOO
-
B
Waiting for B...
Suggested move: Turn: B Pawn from a6 to b6
OOOBBBOOO
OOOOBOOOO
OOOOWOOOO
BOWOWOOOB
BOBOKWWBB
BOOOWOOOB
OOOOWOOOO
OOOOBOOOO
OOOBBBOOO
-
W
OOOBBBOOO
OOOOBOOOO
OOWOWOOOO
BOOOWOOOB
BOBOKWWBB
BOOOWOOOB
OOOOWOOOO
OOOOBOOOO
OOOBBBOOO
-
B
OOOBBBOOO
OOOOBOOOO
BOWOWOOOO
OOOOWOOOB
BOBOKWWBB
BOOOWOOOB
OOOOWOOOO
OOOOBOOOO
OOOBBBOOO
-
W
OOOBBBOOO
OOWOBOOOO
BOOOWOOOO
OOOOWOOOB
BOBOKWWBB
BOOOWOOOB
OOOOWOOOO
OOOOBOOOO
OOOBBBOOO
-
B
OOOBBBOOO
BOWOBOOOO
OOOOWOOOO
OOOOWOOOB
BOBOKWWBB
BOOOWOOOB
OOOOWOOOO
OOOOBOOOO
OOOBBBOOO
-
W
OOWBBBOOO
BOOOBOOOO
OOOOWOOOO
OOOOWOOOB
BOBOKWWBB
BOOOWOOOB
OOOOWOOOO
OOOOBOOOO
OOOBBBOOO
-
B
BOWBBBOOO
OOOOBOOOO
OOOOWOOOO
OOOOWOOOB
BOBOKWWBB
BOOOWOOOB
OOOOWOOOO
OOOOBOOOO
OOOBBBOOO
-
W
BOOBBBOOO
OOWOBOOOO
OOOOWOOOO
OOOOWOOOB
BOBOKWWBB
BOOOWOOOB
OOOOWOOOO
OOOOBOOOO
OOOBBBOOO
-
B
OBOBBBOOO
OOWOBOOOO
OOOOWOOOO
OOOOWOOOB
BOBOKWWBB
BOOOWOOOB
OOOOWOOOO
OOOOBOOOO
OOOBBBOOO
-
W
OBWBBBOOO
OOOOBOOOO
OOOOWOOOO
OOOOWOOOB
BOBOKWWBB
BOOOWOOOB
OOOOWOOOO
OOOOBOOOO
OOOBBBOOO
-
B
Stato:
OBWBBBOOO
OOOOBOOOO
OOOOWOOOO
OOOOWOOOB
BOBOKWWBB
OBOOWOOOB
OOOOWOOOO
OOOOBOOOO
OOOBBBOOO
-
W
Waiting for W...
Suggested move: Turn: W Pawn from c1 to c2
OOOBBBOOO
OOOOBOOOO
OOOOWOOOO
BOWOWOOOB
BOBOKWWBB
BOOOWOOOB
OOOOWOOOO
OOOOBOOOO
OOOBBBOOO
-
W
OOOBBBOOO
OOOOBOOOO
OOWOWOOOO
BOOOWOOOB
BOBOKWWBB
BOOOWOOOB
OOOOWOOOO
OOOOBOOOO
OOOBBBOOO
-
B
OOOBBBOOO
OOOOBOOOO
BOWOWOOOO
OOOOWOOOB
BOBOKWWBB
BOOOWOOOB
OOOOWOOOO
OOOOBOOOO
OOOBBBOOO
-
W
OOOBBBOOO
OOWOBOOOO
BOOOWOOOO
OOOOWOOOB
BOBOKWWBB
BOOOWOOOB
OOOOWOOOO
OOOOBOOOO
OOOBBBOOO
-
B
OOOBBBOOO
BOWOBOOOO
OOOOWOOOO
OOOOWOOOB
BOBOKWWBB
BOOOWOOOB
OOOOWOOOO
OOOOBOOOO
OOOBBBOOO
-
W
OOWBBBOOO
BOOOBOOOO
OOOOWOOOO
OOOOWOOOB
BOBOKWWBB
BOOOWOOOB
OOOOWOOOO
OOOOBOOOO
OOOBBBOOO
-
B
BOWBBBOOO
OOOOBOOOO
OOOOWOOOO
OOOOWOOOB
BOBOKWWBB
BOOOWOOOB
OOOOWOOOO
OOOOBOOOO
OOOBBBOOO
-
W
BOOBBBOOO
OOWOBOOOO
OOOOWOOOO
OOOOWOOOB
BOBOKWWBB
BOOOWOOOB
OOOOWOOOO
OOOOBOOOO
OOOBBBOOO
-
B
OBOBBBOOO
OOWOBOOOO
OOOOWOOOO
OOOOWOOOB
BOBOKWWBB
BOOOWOOOB
OOOOWOOOO
OOOOBOOOO
OOOBBBOOO
-
W
OBWBBBOOO
OOOOBOOOO
OOOOWOOOO
OOOOWOOOB
BOBOKWWBB
BOOOWOOOB
OOOOWOOOO
OOOOBOOOO
OOOBBBOOO
-
B
OBWBBBOOO
OOOOBOOOO
OOOOWOOOO
OOOOWOOOB
BOBOKWWBB
OBOOWOOOB
OOOOWOOOO
OOOOBOOOO
OOOBBBOOO
-
W
Stato:
OBOBBBOOO
OOWOBOOOO
OOOOWOOOO
OOOOWOOOB
BOBOKWWBB
OBOOWOOOB
OOOOWOOOO
OOOOBOOOO
OOOBBBOOO
-
B
Waiting for B...
Suggested move: Turn: B Pawn from b1 to c1
OOOBBBOOO
OOOOBOOOO
OOOOWOOOO
BOWOWOOOB
BOBOKWWBB
BOOOWOOOB
OOOOWOOOO
OOOOBOOOO
OOOBBBOOO
-
W
OOOBBBOOO
OOOOBOOOO
OOWOWOOOO
BOOOWOOOB
BOBOKWWBB
BOOOWOOOB
OOOOWOOOO
OOOOBOOOO
OOOBBBOOO
-
B
OOOBBBOOO
OOOOBOOOO
BOWOWOOOO
OOOOWOOOB
BOBOKWWBB
BOOOWOOOB
OOOOWOOOO
OOOOBOOOO
OOOBBBOOO
-
W
OOOBBBOOO
OOWOBOOOO
BOOOWOOOO
OOOOWOOOB
BOBOKWWBB
BOOOWOOOB
OOOOWOOOO
OOOOBOOOO
OOOBBBOOO
-
B
OOOBBBOOO
BOWOBOOOO
OOOOWOOOO
OOOOWOOOB
BOBOKWWBB
BOOOWOOOB
OOOOWOOOO
OOOOBOOOO
OOOBBBOOO
-
W
OOWBBBOOO
BOOOBOOOO
OOOOWOOOO
OOOOWOOOB
BOBOKWWBB
BOOOWOOOB
OOOOWOOOO
OOOOBOOOO
OOOBBBOOO
-
B
BOWBBBOOO
OOOOBOOOO
OOOOWOOOO
OOOOWOOOB
BOBOKWWBB
BOOOWOOOB
OOOOWOOOO
OOOOBOOOO
OOOBBBOOO
-
W
BOOBBBOOO
OOWOBOOOO
OOOOWOOOO
OOOOWOOOB
BOBOKWWBB
BOOOWOOOB
OOOOWOOOO
OOOOBOOOO
OOOBBBOOO
-
B
OBOBBBOOO
OOWOBOOOO
OOOOWOOOO
OOOOWOOOB
BOBOKWWBB
BOOOWOOOB
OOOOWOOOO
OOOOBOOOO
OOOBBBOOO
-
W
OBWBBBOOO
OOOOBOOOO
OOOOWOOOO
OOOOWOOOB
BOBOKWWBB
BOOOWOOOB
OOOOWOOOO
OOOOBOOOO
OOOBBBOOO
-
B
OBWBBBOOO
OOOOBOOOO
OOOOWOOOO
OOOOWOOOB
BOBOKWWBB
OBOOWOOOB
OOOOWOOOO
OOOOBOOOO
OOOBBBOOO
-
W
OBOBBBOOO
OOWOBOOOO
OOOOWOOOO
OOOOWOOOB
BOBOKWWBB
OBOOWOOOB
OOOOWOOOO
OOOOBOOOO
OOOBBBOOO
-
B
Stato:
OOBBBBOOO
OOWOBOOOO
OOOOWOOOO
OOOOWOOOB
BOBOKWWBB
OBOOWOOOB
OOOOWOOOO
OOOOBOOOO
OOOBBBOOO
-
W
Waiting for W...
Suggested move: Turn: W Pawn from c2 to d2
OOOBBBOOO
OOOOBOOOO
OOOOWOOOO
BOWOWOOOB
BOBOKWWBB
BOOOWOOOB
OOOOWOOOO
OOOOBOOOO
OOOBBBOOO
-
W
OOOBBBOOO
OOOOBOOOO
OOWOWOOOO
BOOOWOOOB
BOBOKWWBB
BOOOWOOOB
OOOOWOOOO
OOOOBOOOO
OOOBBBOOO
-
B
OOOBBBOOO
OOOOBOOOO
BOWOWOOOO
OOOOWOOOB
BOBOKWWBB
BOOOWOOOB
OOOOWOOOO
OOOOBOOOO
OOOBBBOOO
-
W
OOOBBBOOO
OOWOBOOOO
BOOOWOOOO
OOOOWOOOB
BOBOKWWBB
BOOOWOOOB
OOOOWOOOO
OOOOBOOOO
OOOBBBOOO
-
B
OOOBBBOOO
BOWOBOOOO
OOOOWOOOO
OOOOWOOOB
BOBOKWWBB
BOOOWOOOB
OOOOWOOOO
OOOOBOOOO
OOOBBBOOO
-
W
OOWBBBOOO
BOOOBOOOO
OOOOWOOOO
OOOOWOOOB
BOBOKWWBB
BOOOWOOOB
OOOOWOOOO
OOOOBOOOO
OOOBBBOOO
-
B
BOWBBBOOO
OOOOBOOOO
OOOOWOOOO
OOOOWOOOB
BOBOKWWBB
BOOOWOOOB
OOOOWOOOO
OOOOBOOOO
OOOBBBOOO
-
W
BOOBBBOOO
OOWOBOOOO
OOOOWOOOO
OOOOWOOOB
BOBOKWWBB
BOOOWOOOB
OOOOWOOOO
OOOOBOOOO
OOOBBBOOO
-
B
OBOBBBOOO
OOWOBOOOO
OOOOWOOOO
OOOOWOOOB
BOBOKWWBB
BOOOWOOOB
OOOOWOOOO
OOOOBOOOO
OOOBBBOOO
-
W
OBWBBBOOO
OOOOBOOOO
OOOOWOOOO
OOOOWOOOB
BOBOKWWBB
BOOOWOOOB
OOOOWOOOO
OOOOBOOOO
OOOBBBOOO
-
B
OBWBBBOOO
OOOOBOOOO
OOOOWOOOO
OOOOWOOOB
BOBOKWWBB
OBOOWOOOB
OOOOWOOOO
OOOOBOOOO
OOOBBBOOO
-
W
OBOBBBOOO
OOWOBOOOO
OOOOWOOOO
OOOOWOOOB
BOBOKWWBB
OBOOWOOOB
OOOOWOOOO
OOOOBOOOO
OOOBBBOOO
-
B
OOBBBBOOO
OOWOBOOOO
OOOOWOOOO
OOOOWOOOB
BOBOKWWBB
OBOOWOOOB
OOOOWOOOO
OOOOBOOOO
OOOBBBOOO
-
W
Stato:
OOBBBBOOO
OOOWBOOOO
OOOOWOOOO
OOOOWOOOB
BOBOKWWBB
OBOOWOOOB
OOOOWOOOO
OOOOBOOOO
OOOBBBOOO
-
B
Waiting for B...
Suggested move: Turn: B Pawn from c1 to c2
Stato:
OOOBBBOOO
OOBOBOOOO
OOOOWOOOO
OOOOWOOOB
BOBOKWWBB
OBOOWOOOB
OOOOWOOOO
OOOOBOOOO
OOOBBBOOO
-
W
Waiting for W...
Suggested move: Turn: W Pawn from e3 to f3
OOOBBBOOO
OOBOBOOOO
OOOOWOOOO
OOOOWOOOB
BOBOKWWBB
OBOOWOOOB
OOOOWOOOO
OOOOBOOOO
OOOBBBOOO
-
W
Stato:
OOOBBBOOO
OOBOBOOOO
OOOOOWOOO
OOOOWOOOB
BOBOKWWBB
OBOOWOOOB
OOOOWOOOO
OOOOBOOOO
OOOBBBOOO
-
B
Waiting for B...
Suggested move: Turn: B Pawn from e2 to e3
Stato:
OOOBBBOOO
OOBOOOOOO
OOOOBWOOO
OOOOOOOOB
BOBOKWWBB
OBOOWOOOB
OOOOWOOOO
OOOOBOOOO
OOOBBBOOO
-
W
Waiting for W...
Suggested move: Turn: W Pawn from e6 to f6
OOOBBBOOO
OOBOOOOOO
OOOOBWOOO
OOOOOOOOB
BOBOKWWBB
OBOOWOOOB
OOOOWOOOO
OOOOBOOOO
OOOBBBOOO
-
W
Stato:
OOOBBBOOO
OOBOOOOOO
OOOOBWOOO
OOOOOOOOB
BOBOKWWBB
OBOOOWOOB
OOOOWOOOO
OOOOBOOOO
OOOBBBOOO
-
B
Waiting for B...
Suggested move: Turn: B Pawn from b6 to c6
OOOBBBOOO
OOBOOOOOO
OOOOBWOOO
OOOOOOOOB
BOBOKWWBB
OBOOWOOOB
OOOOWOOOO
OOOOBOOOO
OOOBBBOOO
-
W
OOOBBBOOO
OOBOOOOOO
OOOOBWOOO
OOOOOOOOB
BOBOKWWBB
OBOOOWOOB
OOOOWOOOO
OOOOBOOOO
OOOBBBOOO
-
B
Stato:
OOOBBBOOO
OOBOOOOOO
OOOOBWOOO
OOOOOOOOB
BOBOKWWBB
OOBOOWOOB
OOOOWOOOO
OOOOBOOOO
OOOBBBOOO
-
W
Waiting for W...
Suggested move: Turn: W Pawn from e7 to e6
OOOBBBOOO
OOBOOOOOO
OOOOBWOOO
OOOOOOOOB
BOBOKWWBB
OBOOWOOOB
OOOOWOOOO
OOOOBOOOO
OOOBBBOOO
-
W
OOOBBBOOO
OOBOOOOOO
OOOOBWOOO
OOOOOOOOB
BOBOKWWBB
OBOOOWOOB
OOOOWOOOO
OOOOBOOOO
OOOBBBOOO
-
B
OOOBBBOOO
OOBOOOOOO
OOOOBWOOO
OOOOOOOOB
BOBOKWWBB
OOBOOWOOB
OOOOWOOOO
OOOOBOOOO
OOOBBBOOO
-
W
Stato:
OOOBBBOOO
OOBOOOOOO
OOOOBWOOO
OOOOOOOOB
BOBOKWWBB
OOBOWWOOB
OOOOOOOOO
OOOOBOOOO
OOOBBBOOO
-
B
Waiting for B...
Suggested move: Turn: B Pawn from e8 to e7
Stato:
OOOBBBOOO
OOBOOOOOO
OOOOBWOOO
OOOOOOOOB
BOBOKWWBB
OOBOOWOOB
OOOOBOOOO
OOOOOOOOO
OOOBBBOOO
-
W
Waiting for W...
Suggested move: Turn: W Pawn from f3 to f2
OOOBBBOOO
OOBOOOOOO
OOOOBWOOO
OOOOOOOOB
BOBOKWWBB
OOBOOWOOB
OOOOBOOOO
OOOOOOOOO
OOOBBBOOO
-
W
Stato:
OOOBBBOOO
OOBOOWOOO
OOOOBOOOO
OOOOOOOOB
BOBOKWWBB
OOBOOWOOB
OOOOBOOOO
OOOOOOOOO
OOOBBBOOO
-
B
Waiting for B...
Suggested move: Turn: B Pawn from e3 to f3
Stato:
OOOBBBOOO
OOBOOOOOO
OOOOOBOOO
OOOOOOOOB
BOBOKWWBB
OOBOOWOOB
OOOOBOOOO
OOOOOOOOO
OOOBBBOOO
-
W
Waiting for W...
Suggested move: Turn: W Pawn from f5 to f4
OOOBBBOOO
OOBOOOOOO
OOOOOBOOO
OOOOOOOOB
BOBOKWWBB
OOBOOWOOB
OOOOBOOOO
OOOOOOOOO
OOOBBBOOO
-
W
Stato:
OOOBBBOOO
OOBOOOOOO
OOOOOBOOO
OOOOOWOOB
BOBOKOWBB
OOBOOWOOB
OOOOBOOOO
OOOOOOOOO
OOOBBBOOO
-
B
Waiting for B...
Suggested move: Turn: B Pawn from c2 to c1
OOOBBBOOO
OOBOOOOOO
OOOOOBOOO
OOOOOOOOB
BOBOKWWBB
OOBOOWOOB
OOOOBOOOO
OOOOOOOOO
OOOBBBOOO
-
W
OOOBBBOOO
OOBOOOOOO
OOOOOBOOO
OOOOOWOOB
BOBOKOWBB
OOBOOWOOB
OOOOBOOOO
OOOOOOOOO
OOOBBBOOO
-
B
Stato:
OOBBBBOOO
OOOOOOOOO
OOOOOBOOO
OOOOOWOOB
BOBOKOWBB
OOBOOWOOB
OOOOBOOOO
OOOOOOOOO
OOOBBBOOO
-
W
Waiting for W...
Suggested move: Turn: W Pawn from f4 to g4
OOOBBBOOO
OOBOOOOOO
OOOOOBOOO
OOOOOOOOB
BOBOKWWBB
OOBOOWOOB
OOOOBOOOO
OOOOOOOOO
OOOBBBOOO
-
W
OOOBBBOOO
OOBOOOOOO
OOOOOBOOO
OOOOOWOOB
BOBOKOWBB
OOBOOWOOB
OOOOBOOOO
OOOOOOOOO
OOOBBBOOO
-
B
OOBBBBOOO
OOOOOOOOO
OOOOOBOOO
OOOOOWOOB
BOBOKOWBB
OOBOOWOOB
OOOOBOOOO
OOOOOOOOO
OOOBBBOOO
-
W
Stato:
OOBBBBOOO
OOOOOOOOO
OOOOOBOOO
OOOOOOWOB
BOBOKOWBB
OOBOOWOOB
OOOOBOOOO
OOOOOOOOO
OOOBBBOOO
-
B
Waiting for B...
Suggested move: Turn: B Pawn from c1 to c2
OOOBBBOOO
OOBOOOOOO
OOOOOBOOO
OOOOOOOOB
BOBOKWWBB
OOBOOWOOB
OOOOBOOOO
OOOOOOOOO
OOOBBBOOO
-
W
OOOBBBOOO
OOBOOOOOO
OOOOOBOOO
OOOOOWOOB
BOBOKOWBB
OOBOOWOOB
OOOOBOOOO
OOOOOOOOO
OOOBBBOOO
-
B
OOBBBBOOO
OOOOOOOOO
OOOOOBOOO
OOOOOWOOB
BOBOKOWBB
OOBOOWOOB
OOOOBOOOO
OOOOOOOOO
OOOBBBOOO
-
W
OOBBBBOOO
OOOOOOOOO
OOOOOBOOO
OOOOOOWOB
BOBOKOWBB
OOBOOWOOB
OOOOBOOOO
OOOOOOOOO
OOOBBBOOO
-
B
Stato:
OOOBBBOOO
OOBOOOOOO
OOOOOBOOO
OOOOOOWOB
BOBOKOWBB
OOBOOWOOB
OOOOBOOOO
OOOOOOOOO
OOOBBBOOO
-
W
Waiting for W...
Suggested move: Turn: W Pawn from f6 to f5
OOOBBBOOO
OOBOOOOOO
OOOOOBOOO
OOOOOOOOB
BOBOKWWBB
OOBOOWOOB
OOOOBOOOO
OOOOOOOOO
OOOBBBOOO
-
W
OOOBBBOOO
OOBOOOOOO
OOOOOBOOO
OOOOOWOOB
BOBOKOWBB
OOBOOWOOB
OOOOBOOOO
OOOOOOOOO
OOOBBBOOO
-
B
OOBBBBOOO
OOOOOOOOO
OOOOOBOOO
OOOOOWOOB
BOBOKOWBB
OOBOOWOOB
OOOOBOOOO
OOOOOOOOO
OOOBBBOOO
-
W
OOBBBBOOO
OOOOOOOOO
OOOOOBOOO
OOOOOOWOB
BOBOKOWBB
OOBOOWOOB
OOOOBOOOO
OOOOOOOOO
OOOBBBOOO
-
B
OOOBBBOOO
OOBOOOOOO
OOOOOBOOO
OOOOOOWOB
BOBOKOWBB
OOBOOWOOB
OOOOBOOOO
OOOOOOOOO
OOOBBBOOO
-
W
Stato:
OOOBBBOOO
OOBOOOOOO
OOOOOBOOO
OOOOOOWOB
BOBOKWWBB
OOBOOOOOB
OOOOBOOOO
OOOOOOOOO
OOOBBBOOO
-
B
Waiting for B...
Suggested move: Turn: B Pawn from c2 to c1
OOOBBBOOO
OOBOOOOOO
OOOOOBOOO
OOOOOOOOB
BOBOKWWBB
OOBOOWOOB
OOOOBOOOO
OOOOOOOOO
OOOBBBOOO
-
W
OOOBBBOOO
OOBOOOOOO
OOOOOBOOO
OOOOOWOOB
BOBOKOWBB
OOBOOWOOB
OOOOBOOOO
OOOOOOOOO
OOOBBBOOO
-
B
OOBBBBOOO
OOOOOOOOO
OOOOOBOOO
OOOOOWOOB
BOBOKOWBB
OOBOOWOOB
OOOOBOOOO
OOOOOOOOO
OOOBBBOOO
-
W
OOBBBBOOO
OOOOOOOOO
OOOOOBOOO
OOOOOOWOB
BOBOKOWBB
OOBOOWOOB
OOOOBOOOO
OOOOOOOOO
OOOBBBOOO
-
B
OOOBBBOOO
OOBOOOOOO
OOOOOBOOO
OOOOOOWOB
BOBOKOWBB
OOBOOWOOB
OOOOBOOOO
OOOOOOOOO
OOOBBBOOO
-
W
OOOBBBOOO
OOBOOOOOO
OOOOOBOOO
OOOOOOWOB
BOBOKWWBB
OOBOOOOOB
OOOOBOOOO
OOOOOOOOO
OOOBBBOOO
-
B
Stato:
OOBBBBOOO
OOOOOOOOO
OOOOOBOOO
OOOOOOWOB
BOBOKWWBB
OOBOOOOOB
OOOOBOOOO
OOOOOOOOO
OOOBBBOOO
-
W
Waiting for W...
Suggested move: Turn: W Pawn from f5 to f4
OOOBBBOOO
OOBOOOOOO
OOOOOBOOO
OOOOOOOOB
BOBOKWWBB
OOBOOWOOB
OOOOBOOOO
OOOOOOOOO
OOOBBBOOO
-
W
OOOBBBOOO
OOBOOOOOO
OOOOOBOOO
OOOOOWOOB
BOBOKOWBB
OOBOOWOOB
OOOOBOOOO
OOOOOOOOO
OOOBBBOOO
-
B
OOBBBBOOO
OOOOOOOOO
OOOOOBOOO
OOOOOWOOB
BOBOKOWBB
OOBOOWOOB
OOOOBOOOO
OOOOOOOOO
OOOBBBOOO
-
W
OOBBBBOOO
OOOOOOOOO
OOOOOBOOO
OOOOOOWOB
BOBOKOWBB
OOBOOWOOB
OOOOBOOOO
OOOOOOOOO
OOOBBBOOO
-
B
OOOBBBOOO
OOBOOOOOO
OOOOOBOOO
OOOOOOWOB
BOBOKOWBB
OOBOOWOOB
OOOOBOOOO
OOOOOOOOO
OOOBBBOOO
-
W
OOOBBBOOO
OOBOOOOOO
OOOOOBOOO
OOOOOOWOB
BOBOKWWBB
OOBOOOOOB
OOOOBOOOO
OOOOOOOOO
OOOBBBOOO
-
B
OOBBBBOOO
OOOOOOOOO
OOOOOBOOO
OOOOOOWOB
BOBOKWWBB
OOBOOOOOB
OOOOBOOOO
OOOOOOOOO
OOOBBBOOO
-
W
Stato:
OOBBBBOOO
OOOOOOOOO
OOOOOBOOO
OOOOOWWOB
BOBOKOWBB
OOBOOOOOB
OOOOBOOOO
OOOOOOOOO
OOOBBBOOO
-
B
Waiting for B...
Suggested move: Turn: B Pawn from c1 to c2
OOOBBBOOO
OOBOOOOOO
OOOOOBOOO
OOOOOOOOB
BOBOKWWBB
OOBOOWOOB
OOOOBOOOO
OOOOOOOOO
OOOBBBOOO
-
W
OOOBBBOOO
OOBOOOOOO
OOOOOBOOO
OOOOOWOOB
BOBOKOWBB
OOBOOWOOB
OOOOBOOOO
OOOOOOOOO
OOOBBBOOO
-
B
OOBBBBOOO
OOOOOOOOO
OOOOOBOOO
OOOOOWOOB
BOBOKOWBB
OOBOOWOOB
OOOOBOOOO
OOOOOOOOO
OOOBBBOOO
-
W
OOBBBBOOO
OOOOOOOOO
OOOOOBOOO
OOOOOOWOB
BOBOKOWBB
OOBOOWOOB
OOOOBOOOO
OOOOOOOOO
OOOBBBOOO
-
B
OOOBBBOOO
OOBOOOOOO
OOOOOBOOO
OOOOOOWOB
BOBOKOWBB
OOBOOWOOB
OOOOBOOOO
OOOOOOOOO
OOOBBBOOO
-
W
OOOBBBOOO
OOBOOOOOO
OOOOOBOOO
OOOOOOWOB
BOBOKWWBB
OOBOOOOOB
OOOOBOOOO
OOOOOOOOO
OOOBBBOOO
-
B
OOBBBBOOO
OOOOOOOOO
OOOOOBOOO
OOOOOOWOB
BOBOKWWBB
OOBOOOOOB
OOOOBOOOO
OOOOOOOOO
OOOBBBOOO
-
W
OOBBBBOOO
OOOOOOOOO
OOOOOBOOO
OOOOOWWOB
BOBOKOWBB
OOBOOOOOB
OOOOBOOOO
OOOOOOOOO
OOOBBBOOO
-
B
Stato:
OOOBBBOOO
OOBOOOOOO
OOOOOBOOO
OOOOOWWOB
BOBOKOWBB
OOBOOOOOB
OOOOBOOOO
OOOOOOOOO
OOOBBBOOO
-
W
Waiting for W...
Suggested move: Turn: W Pawn from f4 to f5
OOOBBBOOO
OOBOOOOOO
OOOOOBOOO
OOOOOOOOB
BOBOKWWBB
OOBOOWOOB
OOOOBOOOO
OOOOOOOOO
OOOBBBOOO
-
W
OOOBBBOOO
OOBOOOOOO
OOOOOBOOO
OOOOOWOOB
BOBOKOWBB
OOBOOWOOB
OOOOBOOOO
OOOOOOOOO
OOOBBBOOO
-
B
OOBBBBOOO
OOOOOOOOO
OOOOOBOOO
OOOOOWOOB
BOBOKOWBB
OOBOOWOOB
OOOOBOOOO
OOOOOOOOO
OOOBBBOOO
-
W
OOBBBBOOO
OOOOOOOOO
OOOOOBOOO
OOOOOOWOB
BOBOKOWBB
OOBOOWOOB
OOOOBOOOO
OOOOOOOOO
OOOBBBOOO
-
B
OOOBBBOOO
OOBOOOOOO
OOOOOBOOO
OOOOOOWOB
BOBOKOWBB
OOBOOWOOB
OOOOBOOOO
OOOOOOOOO
OOOBBBOOO
-
W
OOOBBBOOO
OOBOOOOOO
OOOOOBOOO
OOOOOOWOB
BOBOKWWBB
OOBOOOOOB
OOOOBOOOO
OOOOOOOOO
OOOBBBOOO
-
B
Stato:
OOOBBBOOO
OOBOOOOOO
OOOOOBOOO
OOOOOOWOB
BOBOKWWBB
OOBOOOOOB
OOOOBOOOO
OOOOOOOOO
OOOBBBOOO
-
D
END OF THE GAME
RESULT: DRAW
