usage: java Server
 -c,--cache <arg>           cache must be an integer, negative value means
                            infinite; default: infinite
 -e,--errors <arg>          errors must be an integer >= 0; default: 0
 -g,--enableGUI             enableGUI if option is present
 -r,--game rules <arg>      game rules must be an integer; 1 for Tablut, 2
                            for Modern, 3 for Brandub, 4 for Ashton;
                            default: 4
 -s,--repeatedState <arg>   repeatedStates must be an integer >= 0;
                            default: 0
 -t,--time <arg>            time must be an integer (number of seconds);
                            default: 60
/Users/pelle/Development/GitHub/tablut-challenge/games_executor/logs/1732708182681_systemLog.txt
Waiting for connections...
White player name:	flag2
Black player name:	flag_3
Clients connected..
Waiting for W...
Suggested move: Turn: W Pawn from d5 to d4
Stato:
OOOBBBOOO
OOOOBOOOO
OOOOWOOOO
BOOWWOOOB
BBWOKWWBB
BOOOWOOOB
OOOOWOOOO
OOOOBOOOO
OOOBBBOOO
-
B
Waiting for B...
Suggested move: Turn: B Pawn from a4 to a3
OOOBBBOOO
OOOOBOOOO
OOOOWOOOO
BOOWWOOOB
BBWOKWWBB
BOOOWOOOB
OOOOWOOOO
OOOOBOOOO
OOOBBBOOO
-
B
Stato:
OOOBBBOOO
OOOOBOOOO
BOOOWOOOO
OOOWWOOOB
BBWOKWWBB
BOOOWOOOB
OOOOWOOOO
OOOOBOOOO
OOOBBBOOO
-
W
Waiting for W...
Suggested move: Turn: W Pawn from c5 to c4
OOOBBBOOO
OOOOBOOOO
OOOOWOOOO
BOOWWOOOB
BBWOKWWBB
BOOOWOOOB
OOOOWOOOO
OOOOBOOOO
OOOBBBOOO
-
B
OOOBBBOOO
OOOOBOOOO
BOOOWOOOO
OOOWWOOOB
BBWOKWWBB
BOOOWOOOB
OOOOWOOOO
OOOOBOOOO
OOOBBBOOO
-
W
Stato:
OOOBBBOOO
OOOOBOOOO
BOOOWOOOO
OOWWWOOOB
BBOOKWWBB
BOOOWOOOB
OOOOWOOOO
OOOOBOOOO
OOOBBBOOO
-
B
Waiting for B...
Suggested move: Turn: B Pawn from a3 to a2
OOOBBBOOO
OOOOBOOOO
OOOOWOOOO
BOOWWOOOB
BBWOKWWBB
BOOOWOOOB
OOOOWOOOO
OOOOBOOOO
OOOBBBOOO
-
B
OOOBBBOOO
OOOOBOOOO
BOOOWOOOO
OOOWWOOOB
BBWOKWWBB
BOOOWOOOB
OOOOWOOOO
OOOOBOOOO
OOOBBBOOO
-
W
OOOBBBOOO
OOOOBOOOO
BOOOWOOOO
OOWWWOOOB
BBOOKWWBB
BOOOWOOOB
OOOOWOOOO
OOOOBOOOO
OOOBBBOOO
-
B
Stato:
OOOBBBOOO
BOOOBOOOO
OOOOWOOOO
OOWWWOOOB
BBOOKWWBB
BOOOWOOOB
OOOOWOOOO
OOOOBOOOO
OOOBBBOOO
-
W
Waiting for W...
Suggested move: Turn: W Pawn from c4 to c3
OOOBBBOOO
OOOOBOOOO
OOOOWOOOO
BOOWWOOOB
BBWOKWWBB
BOOOWOOOB
OOOOWOOOO
OOOOBOOOO
OOOBBBOOO
-
B
OOOBBBOOO
OOOOBOOOO
BOOOWOOOO
OOOWWOOOB
BBWOKWWBB
BOOOWOOOB
OOOOWOOOO
OOOOBOOOO
OOOBBBOOO
-
W
OOOBBBOOO
OOOOBOOOO
BOOOWOOOO
OOWWWOOOB
BBOOKWWBB
BOOOWOOOB
OOOOWOOOO
OOOOBOOOO
OOOBBBOOO
-
B
OOOBBBOOO
BOOOBOOOO
OOOOWOOOO
OOWWWOOOB
BBOOKWWBB
BOOOWOOOB
OOOOWOOOO
OOOOBOOOO
OOOBBBOOO
-
W
Stato:
OOOBBBOOO
BOOOBOOOO
OOWOWOOOO
OOOWWOOOB
BBOOKWWBB
BOOOWOOOB
OOOOWOOOO
OOOOBOOOO
OOOBBBOOO
-
B
Waiting for B...
Suggested move: Turn: B Pawn from d1 to d3
OOOBBBOOO
OOOOBOOOO
OOOOWOOOO
BOOWWOOOB
BBWOKWWBB
BOOOWOOOB
OOOOWOOOO
OOOOBOOOO
OOOBBBOOO
-
B
OOOBBBOOO
OOOOBOOOO
BOOOWOOOO
OOOWWOOOB
BBWOKWWBB
BOOOWOOOB
OOOOWOOOO
OOOOBOOOO
OOOBBBOOO
-
W
OOOBBBOOO
OOOOBOOOO
BOOOWOOOO
OOWWWOOOB
BBOOKWWBB
BOOOWOOOB
OOOOWOOOO
OOOOBOOOO
OOOBBBOOO
-
B
OOOBBBOOO
BOOOBOOOO
OOOOWOOOO
OOWWWOOOB
BBOOKWWBB
BOOOWOOOB
OOOOWOOOO
OOOOBOOOO
OOOBBBOOO
-
W
OOOBBBOOO
BOOOBOOOO
OOWOWOOOO
OOOWWOOOB
BBOOKWWBB
BOOOWOOOB
OOOOWOOOO
OOOOBOOOO
OOOBBBOOO
-
B
Stato:
OOOOBBOOO
BOOOBOOOO
OOWBWOOOO
OOOWWOOOB
BBOOKWWBB
BOOOWOOOB
OOOOWOOOO
OOOOBOOOO
OOOBBBOOO
-
W
Waiting for W...
Suggested move: Turn: W Pawn from c3 to c2
OOOBBBOOO
OOOOBOOOO
OOOOWOOOO
BOOWWOOOB
BBWOKWWBB
BOOOWOOOB
OOOOWOOOO
OOOOBOOOO
OOOBBBOOO
-
B
OOOBBBOOO
OOOOBOOOO
BOOOWOOOO
OOOWWOOOB
BBWOKWWBB
BOOOWOOOB
OOOOWOOOO
OOOOBOOOO
OOOBBBOOO
-
W
OOOBBBOOO
OOOOBOOOO
BOOOWOOOO
OOWWWOOOB
BBOOKWWBB
BOOOWOOOB
OOOOWOOOO
OOOOBOOOO
OOOBBBOOO
-
B
OOOBBBOOO
BOOOBOOOO
OOOOWOOOO
OOWWWOOOB
BBOOKWWBB
BOOOWOOOB
OOOOWOOOO
OOOOBOOOO
OOOBBBOOO
-
W
OOOBBBOOO
BOOOBOOOO
OOWOWOOOO
OOOWWOOOB
BBOOKWWBB
BOOOWOOOB
OOOOWOOOO
OOOOBOOOO
OOOBBBOOO
-
B
OOOOBBOOO
BOOOBOOOO
OOWBWOOOO
OOOWWOOOB
BBOOKWWBB
BOOOWOOOB
OOOOWOOOO
OOOOBOOOO
OOOBBBOOO
-
W
Stato:
OOOOBBOOO
BOWOBOOOO
OOOBWOOOO
OOOWWOOOB
BBOOKWWBB
BOOOWOOOB
OOOOWOOOO
OOOOBOOOO
OOOBBBOOO
-
B
Waiting for B...
Suggested move: Turn: B Pawn from b5 to d5
Stato:
OOOOBBOOO
BOWOBOOOO
OOOBWOOOO
OOOOWOOOB
BOOBKWWBB
BOOOWOOOB
OOOOWOOOO
OOOOBOOOO
OOOBBBOOO
-
W
Waiting for W...
Suggested move: Turn: W Pawn from c2 to c3
Stato:
OOOOBBOOO
BOOOBOOOO
OOWOWOOOO
OOOOWOOOB
BOOBKWWBB
BOOOWOOOB
OOOOWOOOO
OOOOBOOOO
OOOBBBOOO
-
B
Waiting for B...
Suggested move: Turn: B Pawn from d5 to d3
OOOOBBOOO
BOOOBOOOO
OOWOWOOOO
OOOOWOOOB
BOOBKWWBB
BOOOWOOOB
OOOOWOOOO
OOOOBOOOO
OOOBBBOOO
-
B
Stato:
OOOOBBOOO
BOOOBOOOO
OOWBWOOOO
OOOOWOOOB
BOOOKWWBB
BOOOWOOOB
OOOOWOOOO
OOOOBOOOO
OOOBBBOOO
-
W
Waiting for W...
Suggested move: Turn: W Pawn from f5 to f3
OOOOBBOOO
BOOOBOOOO
OOWOWOOOO
OOOOWOOOB
BOOBKWWBB
BOOOWOOOB
OOOOWOOOO
OOOOBOOOO
OOOBBBOOO
-
B
OOOOBBOOO
BOOOBOOOO
OOWBWOOOO
OOOOWOOOB
BOOOKWWBB
BOOOWOOOB
OOOOWOOOO
OOOOBOOOO
OOOBBBOOO
-
W
Stato:
OOOOBBOOO
BOOOBOOOO
OOWBWWOOO
OOOOWOOOB
BOOOKOWBB
BOOOWOOOB
OOOOWOOOO
OOOOBOOOO
OOOBBBOOO
-
B
Waiting for B...
Suggested move: Turn: B Pawn from f9 to f5
Stato:
OOOOBBOOO
BOOOBOOOO
OOWBWWOOO
OOOOWOOOB
BOOOKBOBB
BOOOWOOOB
OOOOWOOOO
OOOOBOOOO
OOOBBOOOO
-
W
Waiting for W...
Suggested move: Turn: W Pawn from c3 to c2
OOOOBBOOO
BOOOBOOOO
OOWBWWOOO
OOOOWOOOB
BOOOKBOBB
BOOOWOOOB
OOOOWOOOO
OOOOBOOOO
OOOBBOOOO
-
W
Stato:
OOOOBBOOO
BOWOBOOOO
OOOBWWOOO
OOOOWOOOB
BOOOKBOBB
BOOOWOOOB
OOOOWOOOO
OOOOBOOOO
OOOBBOOOO
-
B
Waiting for B...
Suggested move: Turn: B Pawn from d9 to d5
OOOOBBOOO
BOOOBOOOO
OOWBWWOOO
OOOOWOOOB
BOOOKBOBB
BOOOWOOOB
OOOOWOOOO
OOOOBOOOO
OOOBBOOOO
-
W
OOOOBBOOO
BOWOBOOOO
OOOBWWOOO
OOOOWOOOB
BOOOKBOBB
BOOOWOOOB
OOOOWOOOO
OOOOBOOOO
OOOBBOOOO
-
B
Stato:
OOOOBBOOO
BOWOBOOOO
OOOBWWOOO
OOOOWOOOB
BOOBKBOBB
BOOOWOOOB
OOOOWOOOO
OOOOBOOOO
OOOOBOOOO
-
W
Waiting for W...
Suggested move: Turn: W Pawn from c2 to c1
OOOOBBOOO
BOOOBOOOO
OOWBWWOOO
OOOOWOOOB
BOOOKBOBB
BOOOWOOOB
OOOOWOOOO
OOOOBOOOO
OOOBBOOOO
-
W
OOOOBBOOO
BOWOBOOOO
OOOBWWOOO
OOOOWOOOB
BOOOKBOBB
BOOOWOOOB
OOOOWOOOO
OOOOBOOOO
OOOBBOOOO
-
B
OOOOBBOOO
BOWOBOOOO
OOOBWWOOO
OOOOWOOOB
BOOBKBOBB
BOOOWOOOB
OOOOWOOOO
OOOOBOOOO
OOOOBOOOO
-
W
Stato:
OOWOBBOOO
BOOOBOOOO
OOOBWWOOO
OOOOWOOOB
BOOBKBOBB
BOOOWOOOB
OOOOWOOOO
OOOOBOOOO
OOOOBOOOO
-
B
Waiting for B...
Suggested move: Turn: B Pawn from a2 to c2
OOOOBBOOO
BOOOBOOOO
OOWBWWOOO
OOOOWOOOB
BOOOKBOBB
BOOOWOOOB
OOOOWOOOO
OOOOBOOOO
OOOBBOOOO
-
W
OOOOBBOOO
BOWOBOOOO
OOOBWWOOO
OOOOWOOOB
BOOOKBOBB
BOOOWOOOB
OOOOWOOOO
OOOOBOOOO
OOOBBOOOO
-
B
OOOOBBOOO
BOWOBOOOO
OOOBWWOOO
OOOOWOOOB
BOOBKBOBB
BOOOWOOOB
OOOOWOOOO
OOOOBOOOO
OOOOBOOOO
-
W
OOWOBBOOO
BOOOBOOOO
OOOBWWOOO
OOOOWOOOB
BOOBKBOBB
BOOOWOOOB
OOOOWOOOO
OOOOBOOOO
OOOOBOOOO
-
B
Stato:
OOWOBBOOO
OOBOBOOOO
OOOBWWOOO
OOOOWOOOB
BOOBKBOBB
BOOOWOOOB
OOOOWOOOO
OOOOBOOOO
OOOOBOOOO
-
W
Waiting for W...
Suggested move: Turn: W Pawn from c1 to b1
OOOOBBOOO
BOOOBOOOO
OOWBWWOOO
OOOOWOOOB
BOOOKBOBB
BOOOWOOOB
OOOOWOOOO
OOOOBOOOO
OOOBBOOOO
-
W
OOOOBBOOO
BOWOBOOOO
OOOBWWOOO
OOOOWOOOB
BOOOKBOBB
BOOOWOOOB
OOOOWOOOO
OOOOBOOOO
OOOBBOOOO
-
B
OOOOBBOOO
BOWOBOOOO
OOOBWWOOO
OOOOWOOOB
BOOBKBOBB
BOOOWOOOB
OOOOWOOOO
OOOOBOOOO
OOOOBOOOO
-
W
OOWOBBOOO
BOOOBOOOO
OOOBWWOOO
OOOOWOOOB
BOOBKBOBB
BOOOWOOOB
OOOOWOOOO
OOOOBOOOO
OOOOBOOOO
-
B
OOWOBBOOO
OOBOBOOOO
OOOBWWOOO
OOOOWOOOB
BOOBKBOBB
BOOOWOOOB
OOOOWOOOO
OOOOBOOOO
OOOOBOOOO
-
W
Stato:
OWOOBBOOO
OOBOBOOOO
OOOBWWOOO
OOOOWOOOB
BOOBKBOBB
BOOOWOOOB
OOOOWOOOO
OOOOBOOOO
OOOOBOOOO
-
B
Waiting for B...
Suggested move: Turn: B Pawn from i4 to g4
OOOOBBOOO
BOOOBOOOO
OOWBWWOOO
OOOOWOOOB
BOOOKBOBB
BOOOWOOOB
OOOOWOOOO
OOOOBOOOO
OOOBBOOOO
-
W
OOOOBBOOO
BOWOBOOOO
OOOBWWOOO
OOOOWOOOB
BOOOKBOBB
BOOOWOOOB
OOOOWOOOO
OOOOBOOOO
OOOBBOOOO
-
B
OOOOBBOOO
BOWOBOOOO
OOOBWWOOO
OOOOWOOOB
BOOBKBOBB
BOOOWOOOB
OOOOWOOOO
OOOOBOOOO
OOOOBOOOO
-
W
OOWOBBOOO
BOOOBOOOO
OOOBWWOOO
OOOOWOOOB
BOOBKBOBB
BOOOWOOOB
OOOOWOOOO
OOOOBOOOO
OOOOBOOOO
-
B
OOWOBBOOO
OOBOBOOOO
OOOBWWOOO
OOOOWOOOB
BOOBKBOBB
BOOOWOOOB
OOOOWOOOO
OOOOBOOOO
OOOOBOOOO
-
W
OWOOBBOOO
OOBOBOOOO
OOOBWWOOO
OOOOWOOOB
BOOBKBOBB
BOOOWOOOB
OOOOWOOOO
OOOOBOOOO
OOOOBOOOO
-
B
Stato:
OWOOBBOOO
OOBOBOOOO
OOOBWWOOO
OOOOWOBOO
BOOBKBOBB
BOOOWOOOB
OOOOWOOOO
OOOOBOOOO
OOOOBOOOO
-
W
Waiting for W...
Suggested move: Turn: W Pawn from b1 to c1
OOOOBBOOO
BOOOBOOOO
OOWBWWOOO
OOOOWOOOB
BOOOKBOBB
BOOOWOOOB
OOOOWOOOO
OOOOBOOOO
OOOBBOOOO
-
W
OOOOBBOOO
BOWOBOOOO
OOOBWWOOO
OOOOWOOOB
BOOOKBOBB
BOOOWOOOB
OOOOWOOOO
OOOOBOOOO
OOOBBOOOO
-
B
OOOOBBOOO
BOWOBOOOO
OOOBWWOOO
OOOOWOOOB
BOOBKBOBB
BOOOWOOOB
OOOOWOOOO
OOOOBOOOO
OOOOBOOOO
-
W
OOWOBBOOO
BOOOBOOOO
OOOBWWOOO
OOOOWOOOB
BOOBKBOBB
BOOOWOOOB
OOOOWOOOO
OOOOBOOOO
OOOOBOOOO
-
B
OOWOBBOOO
OOBOBOOOO
OOOBWWOOO
OOOOWOOOB
BOOBKBOBB
BOOOWOOOB
OOOOWOOOO
OOOOBOOOO
OOOOBOOOO
-
W
OWOOBBOOO
OOBOBOOOO
OOOBWWOOO
OOOOWOOOB
BOOBKBOBB
BOOOWOOOB
OOOOWOOOO
OOOOBOOOO
OOOOBOOOO
-
B
OWOOBBOOO
OOBOBOOOO
OOOBWWOOO
OOOOWOBOO
BOOBKBOBB
BOOOWOOOB
OOOOWOOOO
OOOOBOOOO
OOOOBOOOO
-
W
Stato:
OOWOBBOOO
OOBOBOOOO
OOOBWWOOO
OOOOWOBOO
BOOBKBOBB
BOOOWOOOB
OOOOWOOOO
OOOOBOOOO
OOOOBOOOO
-
B
Waiting for B...
Suggested move: Turn: B Pawn from i6 to g6
OOOOBBOOO
BOOOBOOOO
OOWBWWOOO
OOOOWOOOB
BOOOKBOBB
BOOOWOOOB
OOOOWOOOO
OOOOBOOOO
OOOBBOOOO
-
W
OOOOBBOOO
BOWOBOOOO
OOOBWWOOO
OOOOWOOOB
BOOOKBOBB
BOOOWOOOB
OOOOWOOOO
OOOOBOOOO
OOOBBOOOO
-
B
OOOOBBOOO
BOWOBOOOO
OOOBWWOOO
OOOOWOOOB
BOOBKBOBB
BOOOWOOOB
OOOOWOOOO
OOOOBOOOO
OOOOBOOOO
-
W
OOWOBBOOO
BOOOBOOOO
OOOBWWOOO
OOOOWOOOB
BOOBKBOBB
BOOOWOOOB
OOOOWOOOO
OOOOBOOOO
OOOOBOOOO
-
B
OOWOBBOOO
OOBOBOOOO
OOOBWWOOO
OOOOWOOOB
BOOBKBOBB
BOOOWOOOB
OOOOWOOOO
OOOOBOOOO
OOOOBOOOO
-
W
OWOOBBOOO
OOBOBOOOO
OOOBWWOOO
OOOOWOOOB
BOOBKBOBB
BOOOWOOOB
OOOOWOOOO
OOOOBOOOO
OOOOBOOOO
-
B
OWOOBBOOO
OOBOBOOOO
OOOBWWOOO
OOOOWOBOO
BOOBKBOBB
BOOOWOOOB
OOOOWOOOO
OOOOBOOOO
OOOOBOOOO
-
W
OOWOBBOOO
OOBOBOOOO
OOOBWWOOO
OOOOWOBOO
BOOBKBOBB
BOOOWOOOB
OOOOWOOOO
OOOOBOOOO
OOOOBOOOO
-
B
Stato:
OOWOBBOOO
OOBOBOOOO
OOOBWWOOO
OOOOWOBOO
BOOBKBOBB
BOOOWOBOO
OOOOWOOOO
OOOOBOOOO
OOOOBOOOO
-
W
Waiting for W...
Suggested move: Turn: W Pawn from c1 to b1
OOOOBBOOO
BOOOBOOOO
OOWBWWOOO
OOOOWOOOB
BOOOKBOBB
BOOOWOOOB
OOOOWOOOO
OOOOBOOOO
OOOBBOOOO
-
W
OOOOBBOOO
BOWOBOOOO
OOOBWWOOO
OOOOWOOOB
BOOOKBOBB
BOOOWOOOB
OOOOWOOOO
OOOOBOOOO
OOOBBOOOO
-
B
OOOOBBOOO
BOWOBOOOO
OOOBWWOOO
OOOOWOOOB
BOOBKBOBB
BOOOWOOOB
OOOOWOOOO
OOOOBOOOO
OOOOBOOOO
-
W
OOWOBBOOO
BOOOBOOOO
OOOBWWOOO
OOOOWOOOB
BOOBKBOBB
BOOOWOOOB
OOOOWOOOO
OOOOBOOOO
OOOOBOOOO
-
B
OOWOBBOOO
OOBOBOOOO
OOOBWWOOO
OOOOWOOOB
BOOBKBOBB
BOOOWOOOB
OOOOWOOOO
OOOOBOOOO
OOOOBOOOO
-
W
OWOOBBOOO
OOBOBOOOO
OOOBWWOOO
OOOOWOOOB
BOOBKBOBB
BOOOWOOOB
OOOOWOOOO
OOOOBOOOO
OOOOBOOOO
-
B
OWOOBBOOO
OOBOBOOOO
OOOBWWOOO
OOOOWOBOO
BOOBKBOBB
BOOOWOOOB
OOOOWOOOO
OOOOBOOOO
OOOOBOOOO
-
W
OOWOBBOOO
OOBOBOOOO
OOOBWWOOO
OOOOWOBOO
BOOBKBOBB
BOOOWOOOB
OOOOWOOOO
OOOOBOOOO
OOOOBOOOO
-
B
OOWOBBOOO
OOBOBOOOO
OOOBWWOOO
OOOOWOBOO
BOOBKBOBB
BOOOWOBOO
OOOOWOOOO
OOOOBOOOO
OOOOBOOOO
-
W
Stato:
OWOOBBOOO
OOBOBOOOO
OOOBWWOOO
OOOOWOBOO
BOOBKBOBB
BOOOWOBOO
OOOOWOOOO
OOOOBOOOO
OOOOBOOOO
-
B
Waiting for B...
Suggested move: Turn: B Pawn from a6 to b6
OOOOBBOOO
BOOOBOOOO
OOWBWWOOO
OOOOWOOOB
BOOOKBOBB
BOOOWOOOB
OOOOWOOOO
OOOOBOOOO
OOOBBOOOO
-
W
OOOOBBOOO
BOWOBOOOO
OOOBWWOOO
OOOOWOOOB
BOOOKBOBB
BOOOWOOOB
OOOOWOOOO
OOOOBOOOO
OOOBBOOOO
-
B
OOOOBBOOO
BOWOBOOOO
OOOBWWOOO
OOOOWOOOB
BOOBKBOBB
BOOOWOOOB
OOOOWOOOO
OOOOBOOOO
OOOOBOOOO
-
W
OOWOBBOOO
BOOOBOOOO
OOOBWWOOO
OOOOWOOOB
BOOBKBOBB
BOOOWOOOB
OOOOWOOOO
OOOOBOOOO
OOOOBOOOO
-
B
OOWOBBOOO
OOBOBOOOO
OOOBWWOOO
OOOOWOOOB
BOOBKBOBB
BOOOWOOOB
OOOOWOOOO
OOOOBOOOO
OOOOBOOOO
-
W
OWOOBBOOO
OOBOBOOOO
OOOBWWOOO
OOOOWOOOB
BOOBKBOBB
BOOOWOOOB
OOOOWOOOO
OOOOBOOOO
OOOOBOOOO
-
B
OWOOBBOOO
OOBOBOOOO
OOOBWWOOO
OOOOWOBOO
BOOBKBOBB
BOOOWOOOB
OOOOWOOOO
OOOOBOOOO
OOOOBOOOO
-
W
OOWOBBOOO
OOBOBOOOO
OOOBWWOOO
OOOOWOBOO
BOOBKBOBB
BOOOWOOOB
OOOOWOOOO
OOOOBOOOO
OOOOBOOOO
-
B
OOWOBBOOO
OOBOBOOOO
OOOBWWOOO
OOOOWOBOO
BOOBKBOBB
BOOOWOBOO
OOOOWOOOO
OOOOBOOOO
OOOOBOOOO
-
W
OWOOBBOOO
OOBOBOOOO
OOOBWWOOO
OOOOWOBOO
BOOBKBOBB
BOOOWOBOO
OOOOWOOOO
OOOOBOOOO
OOOOBOOOO
-
B
Stato:
OWOOBBOOO
OOBOBOOOO
OOOBWWOOO
OOOOWOBOO
BOOBKBOBB
OBOOWOBOO
OOOOWOOOO
OOOOBOOOO
OOOOBOOOO
-
W
Waiting for W...
Suggested move: Turn: W Pawn from b1 to c1
OOOOBBOOO
BOOOBOOOO
OOWBWWOOO
OOOOWOOOB
BOOOKBOBB
BOOOWOOOB
OOOOWOOOO
OOOOBOOOO
OOOBBOOOO
-
W
OOOOBBOOO
BOWOBOOOO
OOOBWWOOO
OOOOWOOOB
BOOOKBOBB
BOOOWOOOB
OOOOWOOOO
OOOOBOOOO
OOOBBOOOO
-
B
OOOOBBOOO
BOWOBOOOO
OOOBWWOOO
OOOOWOOOB
BOOBKBOBB
BOOOWOOOB
OOOOWOOOO
OOOOBOOOO
OOOOBOOOO
-
W
OOWOBBOOO
BOOOBOOOO
OOOBWWOOO
OOOOWOOOB
BOOBKBOBB
BOOOWOOOB
OOOOWOOOO
OOOOBOOOO
OOOOBOOOO
-
B
OOWOBBOOO
OOBOBOOOO
OOOBWWOOO
OOOOWOOOB
BOOBKBOBB
BOOOWOOOB
OOOOWOOOO
OOOOBOOOO
OOOOBOOOO
-
W
OWOOBBOOO
OOBOBOOOO
OOOBWWOOO
OOOOWOOOB
BOOBKBOBB
BOOOWOOOB
OOOOWOOOO
OOOOBOOOO
OOOOBOOOO
-
B
OWOOBBOOO
OOBOBOOOO
OOOBWWOOO
OOOOWOBOO
BOOBKBOBB
BOOOWOOOB
OOOOWOOOO
OOOOBOOOO
OOOOBOOOO
-
W
OOWOBBOOO
OOBOBOOOO
OOOBWWOOO
OOOOWOBOO
BOOBKBOBB
BOOOWOOOB
OOOOWOOOO
OOOOBOOOO
OOOOBOOOO
-
B
OOWOBBOOO
OOBOBOOOO
OOOBWWOOO
OOOOWOBOO
BOOBKBOBB
BOOOWOBOO
OOOOWOOOO
OOOOBOOOO
OOOOBOOOO
-
W
OWOOBBOOO
OOBOBOOOO
OOOBWWOOO
OOOOWOBOO
BOOBKBOBB
BOOOWOBOO
OOOOWOOOO
OOOOBOOOO
OOOOBOOOO
-
B
OWOOBBOOO
OOBOBOOOO
OOOBWWOOO
OOOOWOBOO
BOOBKBOBB
OBOOWOBOO
OOOOWOOOO
OOOOBOOOO
OOOOBOOOO
-
W
Stato:
OOWOBBOOO
OOBOBOOOO
OOOBWWOOO
OOOOWOBOO
BOOBKBOBB
OBOOWOBOO
OOOOWOOOO
OOOOBOOOO
OOOOBOOOO
-
B
Waiting for B...
Suggested move: Turn: B Pawn from b6 to c6
OOOOBBOOO
BOOOBOOOO
OOWBWWOOO
OOOOWOOOB
BOOOKBOBB
BOOOWOOOB
OOOOWOOOO
OOOOBOOOO
OOOBBOOOO
-
W
OOOOBBOOO
BOWOBOOOO
OOOBWWOOO
OOOOWOOOB
BOOOKBOBB
BOOOWOOOB
OOOOWOOOO
OOOOBOOOO
OOOBBOOOO
-
B
OOOOBBOOO
BOWOBOOOO
OOOBWWOOO
OOOOWOOOB
BOOBKBOBB
BOOOWOOOB
OOOOWOOOO
OOOOBOOOO
OOOOBOOOO
-
W
OOWOBBOOO
BOOOBOOOO
OOOBWWOOO
OOOOWOOOB
BOOBKBOBB
BOOOWOOOB
OOOOWOOOO
OOOOBOOOO
OOOOBOOOO
-
B
OOWOBBOOO
OOBOBOOOO
OOOBWWOOO
OOOOWOOOB
BOOBKBOBB
BOOOWOOOB
OOOOWOOOO
OOOOBOOOO
OOOOBOOOO
-
W
OWOOBBOOO
OOBOBOOOO
OOOBWWOOO
OOOOWOOOB
BOOBKBOBB
BOOOWOOOB
OOOOWOOOO
OOOOBOOOO
OOOOBOOOO
-
B
OWOOBBOOO
OOBOBOOOO
OOOBWWOOO
OOOOWOBOO
BOOBKBOBB
BOOOWOOOB
OOOOWOOOO
OOOOBOOOO
OOOOBOOOO
-
W
OOWOBBOOO
OOBOBOOOO
OOOBWWOOO
OOOOWOBOO
BOOBKBOBB
BOOOWOOOB
OOOOWOOOO
OOOOBOOOO
OOOOBOOOO
-
B
OOWOBBOOO
OOBOBOOOO
OOOBWWOOO
OOOOWOBOO
BOOBKBOBB
BOOOWOBOO
OOOOWOOOO
OOOOBOOOO
OOOOBOOOO
-
W
OWOOBBOOO
OOBOBOOOO
OOOBWWOOO
OOOOWOBOO
BOOBKBOBB
BOOOWOBOO
OOOOWOOOO
OOOOBOOOO
OOOOBOOOO
-
B
OWOOBBOOO
OOBOBOOOO
OOOBWWOOO
OOOOWOBOO
BOOBKBOBB
OBOOWOBOO
OOOOWOOOO
OOOOBOOOO
OOOOBOOOO
-
W
OOWOBBOOO
OOBOBOOOO
OOOBWWOOO
OOOOWOBOO
BOOBKBOBB
OBOOWOBOO
OOOOWOOOO
OOOOBOOOO
OOOOBOOOO
-
B
Stato:
OOWOBBOOO
OOBOBOOOO
OOOBWWOOO
OOOOWOBOO
BOOBKBOBB
OOBOWOBOO
OOOOWOOOO
OOOOBOOOO
OOOOBOOOO
-
W
Waiting for W...
Suggested move: Turn: W Pawn from c1 to b1
OOOOBBOOO
BOOOBOOOO
OOWBWWOOO
OOOOWOOOB
BOOOKBOBB
BOOOWOOOB
OOOOWOOOO
OOOOBOOOO
OOOBBOOOO
-
W
OOOOBBOOO
BOWOBOOOO
OOOBWWOOO
OOOOWOOOB
BOOOKBOBB
BOOOWOOOB
OOOOWOOOO
OOOOBOOOO
OOOBBOOOO
-
B
OOOOBBOOO
BOWOBOOOO
OOOBWWOOO
OOOOWOOOB
BOOBKBOBB
BOOOWOOOB
OOOOWOOOO
OOOOBOOOO
OOOOBOOOO
-
W
OOWOBBOOO
BOOOBOOOO
OOOBWWOOO
OOOOWOOOB
BOOBKBOBB
BOOOWOOOB
OOOOWOOOO
OOOOBOOOO
OOOOBOOOO
-
B
OOWOBBOOO
OOBOBOOOO
OOOBWWOOO
OOOOWOOOB
BOOBKBOBB
BOOOWOOOB
OOOOWOOOO
OOOOBOOOO
OOOOBOOOO
-
W
OWOOBBOOO
OOBOBOOOO
OOOBWWOOO
OOOOWOOOB
BOOBKBOBB
BOOOWOOOB
OOOOWOOOO
OOOOBOOOO
OOOOBOOOO
-
B
OWOOBBOOO
OOBOBOOOO
OOOBWWOOO
OOOOWOBOO
BOOBKBOBB
BOOOWOOOB
OOOOWOOOO
OOOOBOOOO
OOOOBOOOO
-
W
OOWOBBOOO
OOBOBOOOO
OOOBWWOOO
OOOOWOBOO
BOOBKBOBB
BOOOWOOOB
OOOOWOOOO
OOOOBOOOO
OOOOBOOOO
-
B
OOWOBBOOO
OOBOBOOOO
OOOBWWOOO
OOOOWOBOO
BOOBKBOBB
BOOOWOBOO
OOOOWOOOO
OOOOBOOOO
OOOOBOOOO
-
W
OWOOBBOOO
OOBOBOOOO
OOOBWWOOO
OOOOWOBOO
BOOBKBOBB
BOOOWOBOO
OOOOWOOOO
OOOOBOOOO
OOOOBOOOO
-
B
OWOOBBOOO
OOBOBOOOO
OOOBWWOOO
OOOOWOBOO
BOOBKBOBB
OBOOWOBOO
OOOOWOOOO
OOOOBOOOO
OOOOBOOOO
-
W
OOWOBBOOO
OOBOBOOOO
OOOBWWOOO
OOOOWOBOO
BOOBKBOBB
OBOOWOBOO
OOOOWOOOO
OOOOBOOOO
OOOOBOOOO
-
B
OOWOBBOOO
OOBOBOOOO
OOOBWWOOO
OOOOWOBOO
BOOBKBOBB
OOBOWOBOO
OOOOWOOOO
OOOOBOOOO
OOOOBOOOO
-
W
Stato:
OWOOBBOOO
OOBOBOOOO
OOOBWWOOO
OOOOWOBOO
BOOBKBOBB
OOBOWOBOO
OOOOWOOOO
OOOOBOOOO
OOOOBOOOO
-
B
Waiting for B...
Suggested move: Turn: B Pawn from c2 to c1
OOOOBBOOO
BOOOBOOOO
OOWBWWOOO
OOOOWOOOB
BOOOKBOBB
BOOOWOOOB
OOOOWOOOO
OOOOBOOOO
OOOBBOOOO
-
W
OOOOBBOOO
BOWOBOOOO
OOOBWWOOO
OOOOWOOOB
BOOOKBOBB
BOOOWOOOB
OOOOWOOOO
OOOOBOOOO
OOOBBOOOO
-
B
OOOOBBOOO
BOWOBOOOO
OOOBWWOOO
OOOOWOOOB
BOOBKBOBB
BOOOWOOOB
OOOOWOOOO
OOOOBOOOO
OOOOBOOOO
-
W
OOWOBBOOO
BOOOBOOOO
OOOBWWOOO
OOOOWOOOB
BOOBKBOBB
BOOOWOOOB
OOOOWOOOO
OOOOBOOOO
OOOOBOOOO
-
B
OOWOBBOOO
OOBOBOOOO
OOOBWWOOO
OOOOWOOOB
BOOBKBOBB
BOOOWOOOB
OOOOWOOOO
OOOOBOOOO
OOOOBOOOO
-
W
OWOOBBOOO
OOBOBOOOO
OOOBWWOOO
OOOOWOOOB
BOOBKBOBB
BOOOWOOOB
OOOOWOOOO
OOOOBOOOO
OOOOBOOOO
-
B
OWOOBBOOO
OOBOBOOOO
OOOBWWOOO
OOOOWOBOO
BOOBKBOBB
BOOOWOOOB
OOOOWOOOO
OOOOBOOOO
OOOOBOOOO
-
W
OOWOBBOOO
OOBOBOOOO
OOOBWWOOO
OOOOWOBOO
BOOBKBOBB
BOOOWOOOB
OOOOWOOOO
OOOOBOOOO
OOOOBOOOO
-
B
OOWOBBOOO
OOBOBOOOO
OOOBWWOOO
OOOOWOBOO
BOOBKBOBB
BOOOWOBOO
OOOOWOOOO
OOOOBOOOO
OOOOBOOOO
-
W
OWOOBBOOO
OOBOBOOOO
OOOBWWOOO
OOOOWOBOO
BOOBKBOBB
BOOOWOBOO
OOOOWOOOO
OOOOBOOOO
OOOOBOOOO
-
B
OWOOBBOOO
OOBOBOOOO
OOOBWWOOO
OOOOWOBOO
BOOBKBOBB
OBOOWOBOO
OOOOWOOOO
OOOOBOOOO
OOOOBOOOO
-
W
OOWOBBOOO
OOBOBOOOO
OOOBWWOOO
OOOOWOBOO
BOOBKBOBB
OBOOWOBOO
OOOOWOOOO
OOOOBOOOO
OOOOBOOOO
-
B
OOWOBBOOO
OOBOBOOOO
OOOBWWOOO
OOOOWOBOO
BOOBKBOBB
OOBOWOBOO
OOOOWOOOO
OOOOBOOOO
OOOOBOOOO
-
W
OWOOBBOOO
OOBOBOOOO
OOOBWWOOO
OOOOWOBOO
BOOBKBOBB
OOBOWOBOO
OOOOWOOOO
OOOOBOOOO
OOOOBOOOO
-
B
Stato:
OWBOBBOOO
OOOOBOOOO
OOOBWWOOO
OOOOWOBOO
BOOBKBOBB
OOBOWOBOO
OOOOWOOOO
OOOOBOOOO
OOOOBOOOO
-
W
Waiting for W...
Suggested move: Turn: W Pawn from b1 to b2
OOOOBBOOO
BOOOBOOOO
OOWBWWOOO
OOOOWOOOB
BOOOKBOBB
BOOOWOOOB
OOOOWOOOO
OOOOBOOOO
OOOBBOOOO
-
W
OOOOBBOOO
BOWOBOOOO
OOOBWWOOO
OOOOWOOOB
BOOOKBOBB
BOOOWOOOB
OOOOWOOOO
OOOOBOOOO
OOOBBOOOO
-
B
OOOOBBOOO
BOWOBOOOO
OOOBWWOOO
OOOOWOOOB
BOOBKBOBB
BOOOWOOOB
OOOOWOOOO
OOOOBOOOO
OOOOBOOOO
-
W
OOWOBBOOO
BOOOBOOOO
OOOBWWOOO
OOOOWOOOB
BOOBKBOBB
BOOOWOOOB
OOOOWOOOO
OOOOBOOOO
OOOOBOOOO
-
B
OOWOBBOOO
OOBOBOOOO
OOOBWWOOO
OOOOWOOOB
BOOBKBOBB
BOOOWOOOB
OOOOWOOOO
OOOOBOOOO
OOOOBOOOO
-
W
OWOOBBOOO
OOBOBOOOO
OOOBWWOOO
OOOOWOOOB
BOOBKBOBB
BOOOWOOOB
OOOOWOOOO
OOOOBOOOO
OOOOBOOOO
-
B
OWOOBBOOO
OOBOBOOOO
OOOBWWOOO
OOOOWOBOO
BOOBKBOBB
BOOOWOOOB
OOOOWOOOO
OOOOBOOOO
OOOOBOOOO
-
W
OOWOBBOOO
OOBOBOOOO
OOOBWWOOO
OOOOWOBOO
BOOBKBOBB
BOOOWOOOB
OOOOWOOOO
OOOOBOOOO
OOOOBOOOO
-
B
OOWOBBOOO
OOBOBOOOO
OOOBWWOOO
OOOOWOBOO
BOOBKBOBB
BOOOWOBOO
OOOOWOOOO
OOOOBOOOO
OOOOBOOOO
-
W
OWOOBBOOO
OOBOBOOOO
OOOBWWOOO
OOOOWOBOO
BOOBKBOBB
BOOOWOBOO
OOOOWOOOO
OOOOBOOOO
OOOOBOOOO
-
B
OWOOBBOOO
OOBOBOOOO
OOOBWWOOO
OOOOWOBOO
BOOBKBOBB
OBOOWOBOO
OOOOWOOOO
OOOOBOOOO
OOOOBOOOO
-
W
OOWOBBOOO
OOBOBOOOO
OOOBWWOOO
OOOOWOBOO
BOOBKBOBB
OBOOWOBOO
OOOOWOOOO
OOOOBOOOO
OOOOBOOOO
-
B
OOWOBBOOO
OOBOBOOOO
OOOBWWOOO
OOOOWOBOO
BOOBKBOBB
OOBOWOBOO
OOOOWOOOO
OOOOBOOOO
OOOOBOOOO
-
W
OWOOBBOOO
OOBOBOOOO
OOOBWWOOO
OOOOWOBOO
BOOBKBOBB
OOBOWOBOO
OOOOWOOOO
OOOOBOOOO
OOOOBOOOO
-
B
OWBOBBOOO
OOOOBOOOO
OOOBWWOOO
OOOOWOBOO
BOOBKBOBB
OOBOWOBOO
OOOOWOOOO
OOOOBOOOO
OOOOBOOOO
-
W
Stato:
OOBOBBOOO
OWOOBOOOO
OOOBWWOOO
OOOOWOBOO
BOOBKBOBB
OOBOWOBOO
OOOOWOOOO
OOOOBOOOO
OOOOBOOOO
-
B
Waiting for B...
Suggested move: Turn: B Pawn from c1 to c2
OOOOBBOOO
BOOOBOOOO
OOWBWWOOO
OOOOWOOOB
BOOOKBOBB
BOOOWOOOB
OOOOWOOOO
OOOOBOOOO
OOOBBOOOO
-
W
OOOOBBOOO
BOWOBOOOO
OOOBWWOOO
OOOOWOOOB
BOOOKBOBB
BOOOWOOOB
OOOOWOOOO
OOOOBOOOO
OOOBBOOOO
-
B
OOOOBBOOO
BOWOBOOOO
OOOBWWOOO
OOOOWOOOB
BOOBKBOBB
BOOOWOOOB
OOOOWOOOO
OOOOBOOOO
OOOOBOOOO
-
W
OOWOBBOOO
BOOOBOOOO
OOOBWWOOO
OOOOWOOOB
BOOBKBOBB
BOOOWOOOB
OOOOWOOOO
OOOOBOOOO
OOOOBOOOO
-
B
OOWOBBOOO
OOBOBOOOO
OOOBWWOOO
OOOOWOOOB
BOOBKBOBB
BOOOWOOOB
OOOOWOOOO
OOOOBOOOO
OOOOBOOOO
-
W
OWOOBBOOO
OOBOBOOOO
OOOBWWOOO
OOOOWOOOB
BOOBKBOBB
BOOOWOOOB
OOOOWOOOO
OOOOBOOOO
OOOOBOOOO
-
B
OWOOBBOOO
OOBOBOOOO
OOOBWWOOO
OOOOWOBOO
BOOBKBOBB
BOOOWOOOB
OOOOWOOOO
OOOOBOOOO
OOOOBOOOO
-
W
OOWOBBOOO
OOBOBOOOO
OOOBWWOOO
OOOOWOBOO
BOOBKBOBB
BOOOWOOOB
OOOOWOOOO
OOOOBOOOO
OOOOBOOOO
-
B
OOWOBBOOO
OOBOBOOOO
OOOBWWOOO
OOOOWOBOO
BOOBKBOBB
BOOOWOBOO
OOOOWOOOO
OOOOBOOOO
OOOOBOOOO
-
W
OWOOBBOOO
OOBOBOOOO
OOOBWWOOO
OOOOWOBOO
BOOBKBOBB
BOOOWOBOO
OOOOWOOOO
OOOOBOOOO
OOOOBOOOO
-
B
OWOOBBOOO
OOBOBOOOO
OOOBWWOOO
OOOOWOBOO
BOOBKBOBB
OBOOWOBOO
OOOOWOOOO
OOOOBOOOO
OOOOBOOOO
-
W
OOWOBBOOO
OOBOBOOOO
OOOBWWOOO
OOOOWOBOO
BOOBKBOBB
OBOOWOBOO
OOOOWOOOO
OOOOBOOOO
OOOOBOOOO
-
B
OOWOBBOOO
OOBOBOOOO
OOOBWWOOO
OOOOWOBOO
BOOBKBOBB
OOBOWOBOO
OOOOWOOOO
OOOOBOOOO
OOOOBOOOO
-
W
OWOOBBOOO
OOBOBOOOO
OOOBWWOOO
OOOOWOBOO
BOOBKBOBB
OOBOWOBOO
OOOOWOOOO
OOOOBOOOO
OOOOBOOOO
-
B
OWBOBBOOO
OOOOBOOOO
OOOBWWOOO
OOOOWOBOO
BOOBKBOBB
OOBOWOBOO
OOOOWOOOO
OOOOBOOOO
OOOOBOOOO
-
W
OOBOBBOOO
OWOOBOOOO
OOOBWWOOO
OOOOWOBOO
BOOBKBOBB
OOBOWOBOO
OOOOWOOOO
OOOOBOOOO
OOOOBOOOO
-
B
Stato:
OOOOBBOOO
OWBOBOOOO
OOOBWWOOO
OOOOWOBOO
BOOBKBOBB
OOBOWOBOO
OOOOWOOOO
OOOOBOOOO
OOOOBOOOO
-
W
Waiting for W...
Suggested move: Turn: W Pawn from b2 to b1
OOOOBBOOO
BOOOBOOOO
OOWBWWOOO
OOOOWOOOB
BOOOKBOBB
BOOOWOOOB
OOOOWOOOO
OOOOBOOOO
OOOBBOOOO
-
W
OOOOBBOOO
BOWOBOOOO
OOOBWWOOO
OOOOWOOOB
BOOOKBOBB
BOOOWOOOB
OOOOWOOOO
OOOOBOOOO
OOOBBOOOO
-
B
OOOOBBOOO
BOWOBOOOO
OOOBWWOOO
OOOOWOOOB
BOOBKBOBB
BOOOWOOOB
OOOOWOOOO
OOOOBOOOO
OOOOBOOOO
-
W
OOWOBBOOO
BOOOBOOOO
OOOBWWOOO
OOOOWOOOB
BOOBKBOBB
BOOOWOOOB
OOOOWOOOO
OOOOBOOOO
OOOOBOOOO
-
B
OOWOBBOOO
OOBOBOOOO
OOOBWWOOO
OOOOWOOOB
BOOBKBOBB
BOOOWOOOB
OOOOWOOOO
OOOOBOOOO
OOOOBOOOO
-
W
OWOOBBOOO
OOBOBOOOO
OOOBWWOOO
OOOOWOOOB
BOOBKBOBB
BOOOWOOOB
OOOOWOOOO
OOOOBOOOO
OOOOBOOOO
-
B
OWOOBBOOO
OOBOBOOOO
OOOBWWOOO
OOOOWOBOO
BOOBKBOBB
BOOOWOOOB
OOOOWOOOO
OOOOBOOOO
OOOOBOOOO
-
W
OOWOBBOOO
OOBOBOOOO
OOOBWWOOO
OOOOWOBOO
BOOBKBOBB
BOOOWOOOB
OOOOWOOOO
OOOOBOOOO
OOOOBOOOO
-
B
OOWOBBOOO
OOBOBOOOO
OOOBWWOOO
OOOOWOBOO
BOOBKBOBB
BOOOWOBOO
OOOOWOOOO
OOOOBOOOO
OOOOBOOOO
-
W
OWOOBBOOO
OOBOBOOOO
OOOBWWOOO
OOOOWOBOO
BOOBKBOBB
BOOOWOBOO
OOOOWOOOO
OOOOBOOOO
OOOOBOOOO
-
B
OWOOBBOOO
OOBOBOOOO
OOOBWWOOO
OOOOWOBOO
BOOBKBOBB
OBOOWOBOO
OOOOWOOOO
OOOOBOOOO
OOOOBOOOO
-
W
OOWOBBOOO
OOBOBOOOO
OOOBWWOOO
OOOOWOBOO
BOOBKBOBB
OBOOWOBOO
OOOOWOOOO
OOOOBOOOO
OOOOBOOOO
-
B
OOWOBBOOO
OOBOBOOOO
OOOBWWOOO
OOOOWOBOO
BOOBKBOBB
OOBOWOBOO
OOOOWOOOO
OOOOBOOOO
OOOOBOOOO
-
W
OWOOBBOOO
OOBOBOOOO
OOOBWWOOO
OOOOWOBOO
BOOBKBOBB
OOBOWOBOO
OOOOWOOOO
OOOOBOOOO
OOOOBOOOO
-
B
Stato:
OWOOBBOOO
OOBOBOOOO
OOOBWWOOO
OOOOWOBOO
BOOBKBOBB
OOBOWOBOO
OOOOWOOOO
OOOOBOOOO
OOOOBOOOO
-
D
END OF THE GAME
RESULT: DRAW
