usage: java Server
 -c,--cache <arg>           cache must be an integer, negative value means
                            infinite; default: infinite
 -e,--errors <arg>          errors must be an integer >= 0; default: 0
 -g,--enableGUI             enableGUI if option is present
 -r,--game rules <arg>      game rules must be an integer; 1 for Tablut, 2
                            for Modern, 3 for Brandub, 4 for Ashton;
                            default: 4
 -s,--repeatedState <arg>   repeatedStates must be an integer >= 0;
                            default: 0
 -t,--time <arg>            time must be an integer (number of seconds);
                            default: 60
/Users/pelle/Development/GitHub/tablut-challenge/games_executor/logs/1732707899662_systemLog.txt
Waiting for connections...
White player name:	flag1
Black player name:	grey
Clients connected..
Waiting for W...
Suggested move: Turn: W Pawn from c5 to c1
Stato:
OOWBBBOOO
OOOOBOOOO
OOOOWOOOO
BOOOWOOOB
BBOWKWWBB
BOOOWOOOB
OOOOWOOOO
OOOOBOOOO
OOOBBBOOO
-
B
Waiting for B...
Suggested move: Turn: B Pawn from b5 to b2
OOWBBBOOO
OOOOBOOOO
OOOOWOOOO
BOOOWOOOB
BBOWKWWBB
BOOOWOOOB
OOOOWOOOO
OOOOBOOOO
OOOBBBOOO
-
B
Stato:
OOWBBBOOO
OBOOBOOOO
OOOOWOOOO
BOOOWOOOB
BOOWKWWBB
BOOOWOOOB
OOOOWOOOO
OOOOBOOOO
OOOBBBOOO
-
W
Waiting for W...
Suggested move: Turn: W Pawn from c1 to c9
OOWBBBOOO
OOOOBOOOO
OOOOWOOOO
BOOOWOOOB
BBOWKWWBB
BOOOWOOOB
OOOOWOOOO
OOOOBOOOO
OOOBBBOOO
-
B
OOWBBBOOO
OBOOBOOOO
OOOOWOOOO
BOOOWOOOB
BOOWKWWBB
BOOOWOOOB
OOOOWOOOO
OOOOBOOOO
OOOBBBOOO
-
W
Stato:
OOOBBBOOO
OBOOBOOOO
OOOOWOOOO
BOOOWOOOB
BOOWKWWBB
BOOOWOOOB
OOOOWOOOO
OOOOBOOOO
OOWBBBOOO
-
B
Waiting for B...
Suggested move: Turn: B Pawn from e2 to h2
OOWBBBOOO
OOOOBOOOO
OOOOWOOOO
BOOOWOOOB
BBOWKWWBB
BOOOWOOOB
OOOOWOOOO
OOOOBOOOO
OOOBBBOOO
-
B
OOWBBBOOO
OBOOBOOOO
OOOOWOOOO
BOOOWOOOB
BOOWKWWBB
BOOOWOOOB
OOOOWOOOO
OOOOBOOOO
OOOBBBOOO
-
W
OOOBBBOOO
OBOOBOOOO
OOOOWOOOO
BOOOWOOOB
BOOWKWWBB
BOOOWOOOB
OOOOWOOOO
OOOOBOOOO
OOWBBBOOO
-
B
Stato:
OOOBBBOOO
OBOOOOOBO
OOOOWOOOO
BOOOWOOOB
BOOWKWWBB
BOOOWOOOB
OOOOWOOOO
OOOOBOOOO
OOWBBBOOO
-
W
Waiting for W...
Suggested move: Turn: W Pawn from c9 to c1
OOWBBBOOO
OOOOBOOOO
OOOOWOOOO
BOOOWOOOB
BBOWKWWBB
BOOOWOOOB
OOOOWOOOO
OOOOBOOOO
OOOBBBOOO
-
B
OOWBBBOOO
OBOOBOOOO
OOOOWOOOO
BOOOWOOOB
BOOWKWWBB
BOOOWOOOB
OOOOWOOOO
OOOOBOOOO
OOOBBBOOO
-
W
OOOBBBOOO
OBOOBOOOO
OOOOWOOOO
BOOOWOOOB
BOOWKWWBB
BOOOWOOOB
OOOOWOOOO
OOOOBOOOO
OOWBBBOOO
-
B
OOOBBBOOO
OBOOOOOBO
OOOOWOOOO
BOOOWOOOB
BOOWKWWBB
BOOOWOOOB
OOOOWOOOO
OOOOBOOOO
OOWBBBOOO
-
W
Stato:
OOWBBBOOO
OBOOOOOBO
OOOOWOOOO
BOOOWOOOB
BOOWKWWBB
BOOOWOOOB
OOOOWOOOO
OOOOBOOOO
OOOBBBOOO
-
B
Waiting for B...
Suggested move: Turn: B Pawn from e8 to h8
OOWBBBOOO
OOOOBOOOO
OOOOWOOOO
BOOOWOOOB
BBOWKWWBB
BOOOWOOOB
OOOOWOOOO
OOOOBOOOO
OOOBBBOOO
-
B
OOWBBBOOO
OBOOBOOOO
OOOOWOOOO
BOOOWOOOB
BOOWKWWBB
BOOOWOOOB
OOOOWOOOO
OOOOBOOOO
OOOBBBOOO
-
W
OOOBBBOOO
OBOOBOOOO
OOOOWOOOO
BOOOWOOOB
BOOWKWWBB
BOOOWOOOB
OOOOWOOOO
OOOOBOOOO
OOWBBBOOO
-
B
OOOBBBOOO
OBOOOOOBO
OOOOWOOOO
BOOOWOOOB
BOOWKWWBB
BOOOWOOOB
OOOOWOOOO
OOOOBOOOO
OOWBBBOOO
-
W
OOWBBBOOO
OBOOOOOBO
OOOOWOOOO
BOOOWOOOB
BOOWKWWBB
BOOOWOOOB
OOOOWOOOO
OOOOBOOOO
OOOBBBOOO
-
B
Stato:
OOWBBBOOO
OBOOOOOBO
OOOOWOOOO
BOOOWOOOB
BOOWKWWBB
BOOOWOOOB
OOOOWOOOO
OOOOOOOBO
OOOBBBOOO
-
W
Waiting for W...
Suggested move: Turn: W Pawn from c1 to c9
OOWBBBOOO
OOOOBOOOO
OOOOWOOOO
BOOOWOOOB
BBOWKWWBB
BOOOWOOOB
OOOOWOOOO
OOOOBOOOO
OOOBBBOOO
-
B
OOWBBBOOO
OBOOBOOOO
OOOOWOOOO
BOOOWOOOB
BOOWKWWBB
BOOOWOOOB
OOOOWOOOO
OOOOBOOOO
OOOBBBOOO
-
W
OOOBBBOOO
OBOOBOOOO
OOOOWOOOO
BOOOWOOOB
BOOWKWWBB
BOOOWOOOB
OOOOWOOOO
OOOOBOOOO
OOWBBBOOO
-
B
OOOBBBOOO
OBOOOOOBO
OOOOWOOOO
BOOOWOOOB
BOOWKWWBB
BOOOWOOOB
OOOOWOOOO
OOOOBOOOO
OOWBBBOOO
-
W
OOWBBBOOO
OBOOOOOBO
OOOOWOOOO
BOOOWOOOB
BOOWKWWBB
BOOOWOOOB
OOOOWOOOO
OOOOBOOOO
OOOBBBOOO
-
B
OOWBBBOOO
OBOOOOOBO
OOOOWOOOO
BOOOWOOOB
BOOWKWWBB
BOOOWOOOB
OOOOWOOOO
OOOOOOOBO
OOOBBBOOO
-
W
Stato:
OOOBBBOOO
OBOOOOOBO
OOOOWOOOO
BOOOWOOOB
BOOWKWWBB
BOOOWOOOB
OOOOWOOOO
OOOOOOOBO
OOWBBBOOO
-
B
Waiting for B...
Suggested move: Turn: B Pawn from h5 to h3
OOWBBBOOO
OOOOBOOOO
OOOOWOOOO
BOOOWOOOB
BBOWKWWBB
BOOOWOOOB
OOOOWOOOO
OOOOBOOOO
OOOBBBOOO
-
B
OOWBBBOOO
OBOOBOOOO
OOOOWOOOO
BOOOWOOOB
BOOWKWWBB
BOOOWOOOB
OOOOWOOOO
OOOOBOOOO
OOOBBBOOO
-
W
OOOBBBOOO
OBOOBOOOO
OOOOWOOOO
BOOOWOOOB
BOOWKWWBB
BOOOWOOOB
OOOOWOOOO
OOOOBOOOO
OOWBBBOOO
-
B
OOOBBBOOO
OBOOOOOBO
OOOOWOOOO
BOOOWOOOB
BOOWKWWBB
BOOOWOOOB
OOOOWOOOO
OOOOBOOOO
OOWBBBOOO
-
W
OOWBBBOOO
OBOOOOOBO
OOOOWOOOO
BOOOWOOOB
BOOWKWWBB
BOOOWOOOB
OOOOWOOOO
OOOOBOOOO
OOOBBBOOO
-
B
OOWBBBOOO
OBOOOOOBO
OOOOWOOOO
BOOOWOOOB
BOOWKWWBB
BOOOWOOOB
OOOOWOOOO
OOOOOOOBO
OOOBBBOOO
-
W
OOOBBBOOO
OBOOOOOBO
OOOOWOOOO
BOOOWOOOB
BOOWKWWBB
BOOOWOOOB
OOOOWOOOO
OOOOOOOBO
OOWBBBOOO
-
B
Stato:
OOOBBBOOO
OBOOOOOBO
OOOOWOOBO
BOOOWOOOB
BOOWKWWOB
BOOOWOOOB
OOOOWOOOO
OOOOOOOBO
OOWBBBOOO
-
W
Waiting for W...
Suggested move: Turn: W Pawn from c9 to c1
OOWBBBOOO
OOOOBOOOO
OOOOWOOOO
BOOOWOOOB
BBOWKWWBB
BOOOWOOOB
OOOOWOOOO
OOOOBOOOO
OOOBBBOOO
-
B
OOWBBBOOO
OBOOBOOOO
OOOOWOOOO
BOOOWOOOB
BOOWKWWBB
BOOOWOOOB
OOOOWOOOO
OOOOBOOOO
OOOBBBOOO
-
W
OOOBBBOOO
OBOOBOOOO
OOOOWOOOO
BOOOWOOOB
BOOWKWWBB
BOOOWOOOB
OOOOWOOOO
OOOOBOOOO
OOWBBBOOO
-
B
OOOBBBOOO
OBOOOOOBO
OOOOWOOOO
BOOOWOOOB
BOOWKWWBB
BOOOWOOOB
OOOOWOOOO
OOOOBOOOO
OOWBBBOOO
-
W
OOWBBBOOO
OBOOOOOBO
OOOOWOOOO
BOOOWOOOB
BOOWKWWBB
BOOOWOOOB
OOOOWOOOO
OOOOBOOOO
OOOBBBOOO
-
B
OOWBBBOOO
OBOOOOOBO
OOOOWOOOO
BOOOWOOOB
BOOWKWWBB
BOOOWOOOB
OOOOWOOOO
OOOOOOOBO
OOOBBBOOO
-
W
OOOBBBOOO
OBOOOOOBO
OOOOWOOOO
BOOOWOOOB
BOOWKWWBB
BOOOWOOOB
OOOOWOOOO
OOOOOOOBO
OOWBBBOOO
-
B
OOOBBBOOO
OBOOOOOBO
OOOOWOOBO
BOOOWOOOB
BOOWKWWOB
BOOOWOOOB
OOOOWOOOO
OOOOOOOBO
OOWBBBOOO
-
W
Stato:
OOWBBBOOO
OBOOOOOBO
OOOOWOOBO
BOOOWOOOB
BOOWKWWOB
BOOOWOOOB
OOOOWOOOO
OOOOOOOBO
OOOBBBOOO
-
B
Waiting for B...
Suggested move: Turn: B Pawn from a4 to a3
OOWBBBOOO
OOOOBOOOO
OOOOWOOOO
BOOOWOOOB
BBOWKWWBB
BOOOWOOOB
OOOOWOOOO
OOOOBOOOO
OOOBBBOOO
-
B
OOWBBBOOO
OBOOBOOOO
OOOOWOOOO
BOOOWOOOB
BOOWKWWBB
BOOOWOOOB
OOOOWOOOO
OOOOBOOOO
OOOBBBOOO
-
W
OOOBBBOOO
OBOOBOOOO
OOOOWOOOO
BOOOWOOOB
BOOWKWWBB
BOOOWOOOB
OOOOWOOOO
OOOOBOOOO
OOWBBBOOO
-
B
OOOBBBOOO
OBOOOOOBO
OOOOWOOOO
BOOOWOOOB
BOOWKWWBB
BOOOWOOOB
OOOOWOOOO
OOOOBOOOO
OOWBBBOOO
-
W
OOWBBBOOO
OBOOOOOBO
OOOOWOOOO
BOOOWOOOB
BOOWKWWBB
BOOOWOOOB
OOOOWOOOO
OOOOBOOOO
OOOBBBOOO
-
B
OOWBBBOOO
OBOOOOOBO
OOOOWOOOO
BOOOWOOOB
BOOWKWWBB
BOOOWOOOB
OOOOWOOOO
OOOOOOOBO
OOOBBBOOO
-
W
OOOBBBOOO
OBOOOOOBO
OOOOWOOOO
BOOOWOOOB
BOOWKWWBB
BOOOWOOOB
OOOOWOOOO
OOOOOOOBO
OOWBBBOOO
-
B
OOOBBBOOO
OBOOOOOBO
OOOOWOOBO
BOOOWOOOB
BOOWKWWOB
BOOOWOOOB
OOOOWOOOO
OOOOOOOBO
OOWBBBOOO
-
W
OOWBBBOOO
OBOOOOOBO
OOOOWOOBO
BOOOWOOOB
BOOWKWWOB
BOOOWOOOB
OOOOWOOOO
OOOOOOOBO
OOOBBBOOO
-
B
Stato:
OOWBBBOOO
OBOOOOOBO
BOOOWOOBO
OOOOWOOOB
BOOWKWWOB
BOOOWOOOB
OOOOWOOOO
OOOOOOOBO
OOOBBBOOO
-
W
Waiting for W...
Suggested move: Turn: W Pawn from c1 to c9
OOWBBBOOO
OOOOBOOOO
OOOOWOOOO
BOOOWOOOB
BBOWKWWBB
BOOOWOOOB
OOOOWOOOO
OOOOBOOOO
OOOBBBOOO
-
B
OOWBBBOOO
OBOOBOOOO
OOOOWOOOO
BOOOWOOOB
BOOWKWWBB
BOOOWOOOB
OOOOWOOOO
OOOOBOOOO
OOOBBBOOO
-
W
OOOBBBOOO
OBOOBOOOO
OOOOWOOOO
BOOOWOOOB
BOOWKWWBB
BOOOWOOOB
OOOOWOOOO
OOOOBOOOO
OOWBBBOOO
-
B
OOOBBBOOO
OBOOOOOBO
OOOOWOOOO
BOOOWOOOB
BOOWKWWBB
BOOOWOOOB
OOOOWOOOO
OOOOBOOOO
OOWBBBOOO
-
W
OOWBBBOOO
OBOOOOOBO
OOOOWOOOO
BOOOWOOOB
BOOWKWWBB
BOOOWOOOB
OOOOWOOOO
OOOOBOOOO
OOOBBBOOO
-
B
OOWBBBOOO
OBOOOOOBO
OOOOWOOOO
BOOOWOOOB
BOOWKWWBB
BOOOWOOOB
OOOOWOOOO
OOOOOOOBO
OOOBBBOOO
-
W
OOOBBBOOO
OBOOOOOBO
OOOOWOOOO
BOOOWOOOB
BOOWKWWBB
BOOOWOOOB
OOOOWOOOO
OOOOOOOBO
OOWBBBOOO
-
B
OOOBBBOOO
OBOOOOOBO
OOOOWOOBO
BOOOWOOOB
BOOWKWWOB
BOOOWOOOB
OOOOWOOOO
OOOOOOOBO
OOWBBBOOO
-
W
OOWBBBOOO
OBOOOOOBO
OOOOWOOBO
BOOOWOOOB
BOOWKWWOB
BOOOWOOOB
OOOOWOOOO
OOOOOOOBO
OOOBBBOOO
-
B
OOWBBBOOO
OBOOOOOBO
BOOOWOOBO
OOOOWOOOB
BOOWKWWOB
BOOOWOOOB
OOOOWOOOO
OOOOOOOBO
OOOBBBOOO
-
W
Stato:
OOOBBBOOO
OBOOOOOBO
BOOOWOOBO
OOOOWOOOB
BOOWKWWOB
BOOOWOOOB
OOOOWOOOO
OOOOOOOBO
OOWBBBOOO
-
B
Waiting for B...
Suggested move: Turn: B Pawn from a3 to b3
OOWBBBOOO
OOOOBOOOO
OOOOWOOOO
BOOOWOOOB
BBOWKWWBB
BOOOWOOOB
OOOOWOOOO
OOOOBOOOO
OOOBBBOOO
-
B
OOWBBBOOO
OBOOBOOOO
OOOOWOOOO
BOOOWOOOB
BOOWKWWBB
BOOOWOOOB
OOOOWOOOO
OOOOBOOOO
OOOBBBOOO
-
W
OOOBBBOOO
OBOOBOOOO
OOOOWOOOO
BOOOWOOOB
BOOWKWWBB
BOOOWOOOB
OOOOWOOOO
OOOOBOOOO
OOWBBBOOO
-
B
OOOBBBOOO
OBOOOOOBO
OOOOWOOOO
BOOOWOOOB
BOOWKWWBB
BOOOWOOOB
OOOOWOOOO
OOOOBOOOO
OOWBBBOOO
-
W
OOWBBBOOO
OBOOOOOBO
OOOOWOOOO
BOOOWOOOB
BOOWKWWBB
BOOOWOOOB
OOOOWOOOO
OOOOBOOOO
OOOBBBOOO
-
B
OOWBBBOOO
OBOOOOOBO
OOOOWOOOO
BOOOWOOOB
BOOWKWWBB
BOOOWOOOB
OOOOWOOOO
OOOOOOOBO
OOOBBBOOO
-
W
OOOBBBOOO
OBOOOOOBO
OOOOWOOOO
BOOOWOOOB
BOOWKWWBB
BOOOWOOOB
OOOOWOOOO
OOOOOOOBO
OOWBBBOOO
-
B
OOOBBBOOO
OBOOOOOBO
OOOOWOOBO
BOOOWOOOB
BOOWKWWOB
BOOOWOOOB
OOOOWOOOO
OOOOOOOBO
OOWBBBOOO
-
W
OOWBBBOOO
OBOOOOOBO
OOOOWOOBO
BOOOWOOOB
BOOWKWWOB
BOOOWOOOB
OOOOWOOOO
OOOOOOOBO
OOOBBBOOO
-
B
OOWBBBOOO
OBOOOOOBO
BOOOWOOBO
OOOOWOOOB
BOOWKWWOB
BOOOWOOOB
OOOOWOOOO
OOOOOOOBO
OOOBBBOOO
-
W
OOOBBBOOO
OBOOOOOBO
BOOOWOOBO
OOOOWOOOB
BOOWKWWOB
BOOOWOOOB
OOOOWOOOO
OOOOOOOBO
OOWBBBOOO
-
B
Stato:
OOOBBBOOO
OBOOOOOBO
OBOOWOOBO
OOOOWOOOB
BOOWKWWOB
BOOOWOOOB
OOOOWOOOO
OOOOOOOBO
OOWBBBOOO
-
W
Waiting for W...
Suggested move: Turn: W Pawn from c9 to c1
OOWBBBOOO
OOOOBOOOO
OOOOWOOOO
BOOOWOOOB
BBOWKWWBB
BOOOWOOOB
OOOOWOOOO
OOOOBOOOO
OOOBBBOOO
-
B
OOWBBBOOO
OBOOBOOOO
OOOOWOOOO
BOOOWOOOB
BOOWKWWBB
BOOOWOOOB
OOOOWOOOO
OOOOBOOOO
OOOBBBOOO
-
W
OOOBBBOOO
OBOOBOOOO
OOOOWOOOO
BOOOWOOOB
BOOWKWWBB
BOOOWOOOB
OOOOWOOOO
OOOOBOOOO
OOWBBBOOO
-
B
OOOBBBOOO
OBOOOOOBO
OOOOWOOOO
BOOOWOOOB
BOOWKWWBB
BOOOWOOOB
OOOOWOOOO
OOOOBOOOO
OOWBBBOOO
-
W
OOWBBBOOO
OBOOOOOBO
OOOOWOOOO
BOOOWOOOB
BOOWKWWBB
BOOOWOOOB
OOOOWOOOO
OOOOBOOOO
OOOBBBOOO
-
B
OOWBBBOOO
OBOOOOOBO
OOOOWOOOO
BOOOWOOOB
BOOWKWWBB
BOOOWOOOB
OOOOWOOOO
OOOOOOOBO
OOOBBBOOO
-
W
OOOBBBOOO
OBOOOOOBO
OOOOWOOOO
BOOOWOOOB
BOOWKWWBB
BOOOWOOOB
OOOOWOOOO
OOOOOOOBO
OOWBBBOOO
-
B
OOOBBBOOO
OBOOOOOBO
OOOOWOOBO
BOOOWOOOB
BOOWKWWOB
BOOOWOOOB
OOOOWOOOO
OOOOOOOBO
OOWBBBOOO
-
W
OOWBBBOOO
OBOOOOOBO
OOOOWOOBO
BOOOWOOOB
BOOWKWWOB
BOOOWOOOB
OOOOWOOOO
OOOOOOOBO
OOOBBBOOO
-
B
OOWBBBOOO
OBOOOOOBO
BOOOWOOBO
OOOOWOOOB
BOOWKWWOB
BOOOWOOOB
OOOOWOOOO
OOOOOOOBO
OOOBBBOOO
-
W
OOOBBBOOO
OBOOOOOBO
BOOOWOOBO
OOOOWOOOB
BOOWKWWOB
BOOOWOOOB
OOOOWOOOO
OOOOOOOBO
OOWBBBOOO
-
B
OOOBBBOOO
OBOOOOOBO
OBOOWOOBO
OOOOWOOOB
BOOWKWWOB
BOOOWOOOB
OOOOWOOOO
OOOOOOOBO
OOWBBBOOO
-
W
Stato:
OOWBBBOOO
OBOOOOOBO
OBOOWOOBO
OOOOWOOOB
BOOWKWWOB
BOOOWOOOB
OOOOWOOOO
OOOOOOOBO
OOOBBBOOO
-
B
Waiting for B...
Suggested move: Turn: B Pawn from a6 to b6
OOWBBBOOO
OOOOBOOOO
OOOOWOOOO
BOOOWOOOB
BBOWKWWBB
BOOOWOOOB
OOOOWOOOO
OOOOBOOOO
OOOBBBOOO
-
B
OOWBBBOOO
OBOOBOOOO
OOOOWOOOO
BOOOWOOOB
BOOWKWWBB
BOOOWOOOB
OOOOWOOOO
OOOOBOOOO
OOOBBBOOO
-
W
OOOBBBOOO
OBOOBOOOO
OOOOWOOOO
BOOOWOOOB
BOOWKWWBB
BOOOWOOOB
OOOOWOOOO
OOOOBOOOO
OOWBBBOOO
-
B
OOOBBBOOO
OBOOOOOBO
OOOOWOOOO
BOOOWOOOB
BOOWKWWBB
BOOOWOOOB
OOOOWOOOO
OOOOBOOOO
OOWBBBOOO
-
W
OOWBBBOOO
OBOOOOOBO
OOOOWOOOO
BOOOWOOOB
BOOWKWWBB
BOOOWOOOB
OOOOWOOOO
OOOOBOOOO
OOOBBBOOO
-
B
OOWBBBOOO
OBOOOOOBO
OOOOWOOOO
BOOOWOOOB
BOOWKWWBB
BOOOWOOOB
OOOOWOOOO
OOOOOOOBO
OOOBBBOOO
-
W
OOOBBBOOO
OBOOOOOBO
OOOOWOOOO
BOOOWOOOB
BOOWKWWBB
BOOOWOOOB
OOOOWOOOO
OOOOOOOBO
OOWBBBOOO
-
B
OOOBBBOOO
OBOOOOOBO
OOOOWOOBO
BOOOWOOOB
BOOWKWWOB
BOOOWOOOB
OOOOWOOOO
OOOOOOOBO
OOWBBBOOO
-
W
OOWBBBOOO
OBOOOOOBO
OOOOWOOBO
BOOOWOOOB
BOOWKWWOB
BOOOWOOOB
OOOOWOOOO
OOOOOOOBO
OOOBBBOOO
-
B
OOWBBBOOO
OBOOOOOBO
BOOOWOOBO
OOOOWOOOB
BOOWKWWOB
BOOOWOOOB
OOOOWOOOO
OOOOOOOBO
OOOBBBOOO
-
W
OOOBBBOOO
OBOOOOOBO
BOOOWOOBO
OOOOWOOOB
BOOWKWWOB
BOOOWOOOB
OOOOWOOOO
OOOOOOOBO
OOWBBBOOO
-
B
OOOBBBOOO
OBOOOOOBO
OBOOWOOBO
OOOOWOOOB
BOOWKWWOB
BOOOWOOOB
OOOOWOOOO
OOOOOOOBO
OOWBBBOOO
-
W
OOWBBBOOO
OBOOOOOBO
OBOOWOOBO
OOOOWOOOB
BOOWKWWOB
BOOOWOOOB
OOOOWOOOO
OOOOOOOBO
OOOBBBOOO
-
B
Stato:
OOWBBBOOO
OBOOOOOBO
OBOOWOOBO
OOOOWOOOB
BOOWKWWOB
OBOOWOOOB
OOOOWOOOO
OOOOOOOBO
OOOBBBOOO
-
W
Waiting for W...
Suggested move: Turn: W Pawn from c1 to c6
Stato:
OOOBBBOOO
OBOOOOOBO
OBOOWOOBO
OOOOWOOOB
BOOWKWWOB
OOWOWOOOB
OOOOWOOOO
OOOOOOOBO
OOOBBBOOO
-
B
Waiting for B...
Suggested move: Turn: B Pawn from b3 to c3
OOOBBBOOO
OBOOOOOBO
OBOOWOOBO
OOOOWOOOB
BOOWKWWOB
OOWOWOOOB
OOOOWOOOO
OOOOOOOBO
OOOBBBOOO
-
B
Stato:
OOOBBBOOO
OBOOOOOBO
OOBOWOOBO
OOOOWOOOB
BOOWKWWOB
OOWOWOOOB
OOOOWOOOO
OOOOOOOBO
OOOBBBOOO
-
W
Waiting for W...
Suggested move: Turn: W Pawn from c6 to c9
OOOBBBOOO
OBOOOOOBO
OBOOWOOBO
OOOOWOOOB
BOOWKWWOB
OOWOWOOOB
OOOOWOOOO
OOOOOOOBO
OOOBBBOOO
-
B
OOOBBBOOO
OBOOOOOBO
OOBOWOOBO
OOOOWOOOB
BOOWKWWOB
OOWOWOOOB
OOOOWOOOO
OOOOOOOBO
OOOBBBOOO
-
W
Stato:
OOOBBBOOO
OBOOOOOBO
OOBOWOOBO
OOOOWOOOB
BOOWKWWOB
OOOOWOOOB
OOOOWOOOO
OOOOOOOBO
OOWBBBOOO
-
B
Waiting for B...
Suggested move: Turn: B Pawn from c3 to c2
OOOBBBOOO
OBOOOOOBO
OBOOWOOBO
OOOOWOOOB
BOOWKWWOB
OOWOWOOOB
OOOOWOOOO
OOOOOOOBO
OOOBBBOOO
-
B
OOOBBBOOO
OBOOOOOBO
OOBOWOOBO
OOOOWOOOB
BOOWKWWOB
OOWOWOOOB
OOOOWOOOO
OOOOOOOBO
OOOBBBOOO
-
W
OOOBBBOOO
OBOOOOOBO
OOBOWOOBO
OOOOWOOOB
BOOWKWWOB
OOOOWOOOB
OOOOWOOOO
OOOOOOOBO
OOWBBBOOO
-
B
Stato:
OOOBBBOOO
OBBOOOOBO
OOOOWOOBO
OOOOWOOOB
BOOWKWWOB
OOOOWOOOB
OOOOWOOOO
OOOOOOOBO
OOWBBBOOO
-
W
Waiting for W...
Suggested move: Turn: W Pawn from e7 to i7
OOOBBBOOO
OBOOOOOBO
OBOOWOOBO
OOOOWOOOB
BOOWKWWOB
OOWOWOOOB
OOOOWOOOO
OOOOOOOBO
OOOBBBOOO
-
B
OOOBBBOOO
OBOOOOOBO
OOBOWOOBO
OOOOWOOOB
BOOWKWWOB
OOWOWOOOB
OOOOWOOOO
OOOOOOOBO
OOOBBBOOO
-
W
OOOBBBOOO
OBOOOOOBO
OOBOWOOBO
OOOOWOOOB
BOOWKWWOB
OOOOWOOOB
OOOOWOOOO
OOOOOOOBO
OOWBBBOOO
-
B
OOOBBBOOO
OBBOOOOBO
OOOOWOOBO
OOOOWOOOB
BOOWKWWOB
OOOOWOOOB
OOOOWOOOO
OOOOOOOBO
OOWBBBOOO
-
W
Stato:
OOOBBBOOO
OBBOOOOBO
OOOOWOOBO
OOOOWOOOB
BOOWKWWOB
OOOOWOOOB
OOOOOOOOW
OOOOOOOBO
OOWBBBOOO
-
B
Waiting for B...
Suggested move: Turn: B Pawn from c2 to c3
OOOBBBOOO
OBOOOOOBO
OBOOWOOBO
OOOOWOOOB
BOOWKWWOB
OOWOWOOOB
OOOOWOOOO
OOOOOOOBO
OOOBBBOOO
-
B
OOOBBBOOO
OBOOOOOBO
OOBOWOOBO
OOOOWOOOB
BOOWKWWOB
OOWOWOOOB
OOOOWOOOO
OOOOOOOBO
OOOBBBOOO
-
W
OOOBBBOOO
OBOOOOOBO
OOBOWOOBO
OOOOWOOOB
BOOWKWWOB
OOOOWOOOB
OOOOWOOOO
OOOOOOOBO
OOWBBBOOO
-
B
OOOBBBOOO
OBBOOOOBO
OOOOWOOBO
OOOOWOOOB
BOOWKWWOB
OOOOWOOOB
OOOOWOOOO
OOOOOOOBO
OOWBBBOOO
-
W
OOOBBBOOO
OBBOOOOBO
OOOOWOOBO
OOOOWOOOB
BOOWKWWOB
OOOOWOOOB
OOOOOOOOW
OOOOOOOBO
OOWBBBOOO
-
B
Stato:
OOOBBBOOO
OBOOOOOBO
OOBOWOOBO
OOOOWOOOB
BOOWKWWOB
OOOOWOOOB
OOOOOOOOW
OOOOOOOBO
OOWBBBOOO
-
W
Waiting for W...
Suggested move: Turn: W Pawn from g5 to g1
OOOBBBOOO
OBOOOOOBO
OBOOWOOBO
OOOOWOOOB
BOOWKWWOB
OOWOWOOOB
OOOOWOOOO
OOOOOOOBO
OOOBBBOOO
-
B
OOOBBBOOO
OBOOOOOBO
OOBOWOOBO
OOOOWOOOB
BOOWKWWOB
OOWOWOOOB
OOOOWOOOO
OOOOOOOBO
OOOBBBOOO
-
W
OOOBBBOOO
OBOOOOOBO
OOBOWOOBO
OOOOWOOOB
BOOWKWWOB
OOOOWOOOB
OOOOWOOOO
OOOOOOOBO
OOWBBBOOO
-
B
OOOBBBOOO
OBBOOOOBO
OOOOWOOBO
OOOOWOOOB
BOOWKWWOB
OOOOWOOOB
OOOOWOOOO
OOOOOOOBO
OOWBBBOOO
-
W
OOOBBBOOO
OBBOOOOBO
OOOOWOOBO
OOOOWOOOB
BOOWKWWOB
OOOOWOOOB
OOOOOOOOW
OOOOOOOBO
OOWBBBOOO
-
B
OOOBBBOOO
OBOOOOOBO
OOBOWOOBO
OOOOWOOOB
BOOWKWWOB
OOOOWOOOB
OOOOOOOOW
OOOOOOOBO
OOWBBBOOO
-
W
Stato:
OOOBBBWOO
OBOOOOOBO
OOBOWOOBO
OOOOWOOOB
BOOWKWOOB
OOOOWOOOB
OOOOOOOOW
OOOOOOOBO
OOWBBBOOO
-
B
Waiting for B...
Suggested move: Turn: B Pawn from c3 to c2
OOOBBBOOO
OBOOOOOBO
OBOOWOOBO
OOOOWOOOB
BOOWKWWOB
OOWOWOOOB
OOOOWOOOO
OOOOOOOBO
OOOBBBOOO
-
B
OOOBBBOOO
OBOOOOOBO
OOBOWOOBO
OOOOWOOOB
BOOWKWWOB
OOWOWOOOB
OOOOWOOOO
OOOOOOOBO
OOOBBBOOO
-
W
OOOBBBOOO
OBOOOOOBO
OOBOWOOBO
OOOOWOOOB
BOOWKWWOB
OOOOWOOOB
OOOOWOOOO
OOOOOOOBO
OOWBBBOOO
-
B
OOOBBBOOO
OBBOOOOBO
OOOOWOOBO
OOOOWOOOB
BOOWKWWOB
OOOOWOOOB
OOOOWOOOO
OOOOOOOBO
OOWBBBOOO
-
W
OOOBBBOOO
OBBOOOOBO
OOOOWOOBO
OOOOWOOOB
BOOWKWWOB
OOOOWOOOB
OOOOOOOOW
OOOOOOOBO
OOWBBBOOO
-
B
OOOBBBOOO
OBOOOOOBO
OOBOWOOBO
OOOOWOOOB
BOOWKWWOB
OOOOWOOOB
OOOOOOOOW
OOOOOOOBO
OOWBBBOOO
-
W
OOOBBBWOO
OBOOOOOBO
OOBOWOOBO
OOOOWOOOB
BOOWKWOOB
OOOOWOOOB
OOOOOOOOW
OOOOOOOBO
OOWBBBOOO
-
B
Stato:
OOOBBBWOO
OBBOOOOBO
OOOOWOOBO
OOOOWOOOB
BOOWKWOOB
OOOOWOOOB
OOOOOOOOW
OOOOOOOBO
OOWBBBOOO
-
W
Waiting for W...
Suggested move: Turn: W Pawn from g1 to g9
OOOBBBOOO
OBOOOOOBO
OBOOWOOBO
OOOOWOOOB
BOOWKWWOB
OOWOWOOOB
OOOOWOOOO
OOOOOOOBO
OOOBBBOOO
-
B
OOOBBBOOO
OBOOOOOBO
OOBOWOOBO
OOOOWOOOB
BOOWKWWOB
OOWOWOOOB
OOOOWOOOO
OOOOOOOBO
OOOBBBOOO
-
W
OOOBBBOOO
OBOOOOOBO
OOBOWOOBO
OOOOWOOOB
BOOWKWWOB
OOOOWOOOB
OOOOWOOOO
OOOOOOOBO
OOWBBBOOO
-
B
OOOBBBOOO
OBBOOOOBO
OOOOWOOBO
OOOOWOOOB
BOOWKWWOB
OOOOWOOOB
OOOOWOOOO
OOOOOOOBO
OOWBBBOOO
-
W
OOOBBBOOO
OBBOOOOBO
OOOOWOOBO
OOOOWOOOB
BOOWKWWOB
OOOOWOOOB
OOOOOOOOW
OOOOOOOBO
OOWBBBOOO
-
B
OOOBBBOOO
OBOOOOOBO
OOBOWOOBO
OOOOWOOOB
BOOWKWWOB
OOOOWOOOB
OOOOOOOOW
OOOOOOOBO
OOWBBBOOO
-
W
OOOBBBWOO
OBOOOOOBO
OOBOWOOBO
OOOOWOOOB
BOOWKWOOB
OOOOWOOOB
OOOOOOOOW
OOOOOOOBO
OOWBBBOOO
-
B
OOOBBBWOO
OBBOOOOBO
OOOOWOOBO
OOOOWOOOB
BOOWKWOOB
OOOOWOOOB
OOOOOOOOW
OOOOOOOBO
OOWBBBOOO
-
W
Stato:
OOOBBBOOO
OBBOOOOBO
OOOOWOOBO
OOOOWOOOB
BOOWKWOOB
OOOOWOOOB
OOOOOOOOW
OOOOOOOBO
OOWBBBWOO
-
B
Waiting for B...
Suggested move: Turn: B Pawn from c2 to c3
OOOBBBOOO
OBOOOOOBO
OBOOWOOBO
OOOOWOOOB
BOOWKWWOB
OOWOWOOOB
OOOOWOOOO
OOOOOOOBO
OOOBBBOOO
-
B
OOOBBBOOO
OBOOOOOBO
OOBOWOOBO
OOOOWOOOB
BOOWKWWOB
OOWOWOOOB
OOOOWOOOO
OOOOOOOBO
OOOBBBOOO
-
W
OOOBBBOOO
OBOOOOOBO
OOBOWOOBO
OOOOWOOOB
BOOWKWWOB
OOOOWOOOB
OOOOWOOOO
OOOOOOOBO
OOWBBBOOO
-
B
OOOBBBOOO
OBBOOOOBO
OOOOWOOBO
OOOOWOOOB
BOOWKWWOB
OOOOWOOOB
OOOOWOOOO
OOOOOOOBO
OOWBBBOOO
-
W
OOOBBBOOO
OBBOOOOBO
OOOOWOOBO
OOOOWOOOB
BOOWKWWOB
OOOOWOOOB
OOOOOOOOW
OOOOOOOBO
OOWBBBOOO
-
B
OOOBBBOOO
OBOOOOOBO
OOBOWOOBO
OOOOWOOOB
BOOWKWWOB
OOOOWOOOB
OOOOOOOOW
OOOOOOOBO
OOWBBBOOO
-
W
OOOBBBWOO
OBOOOOOBO
OOBOWOOBO
OOOOWOOOB
BOOWKWOOB
OOOOWOOOB
OOOOOOOOW
OOOOOOOBO
OOWBBBOOO
-
B
OOOBBBWOO
OBBOOOOBO
OOOOWOOBO
OOOOWOOOB
BOOWKWOOB
OOOOWOOOB
OOOOOOOOW
OOOOOOOBO
OOWBBBOOO
-
W
OOOBBBOOO
OBBOOOOBO
OOOOWOOBO
OOOOWOOOB
BOOWKWOOB
OOOOWOOOB
OOOOOOOOW
OOOOOOOBO
OOWBBBWOO
-
B
Stato:
OOOBBBOOO
OBOOOOOBO
OOBOWOOBO
OOOOWOOOB
BOOWKWOOB
OOOOWOOOB
OOOOOOOOW
OOOOOOOBO
OOWBBBWOO
-
W
Waiting for W...
Suggested move: Turn: W Pawn from g9 to g1
OOOBBBOOO
OBOOOOOBO
OBOOWOOBO
OOOOWOOOB
BOOWKWWOB
OOWOWOOOB
OOOOWOOOO
OOOOOOOBO
OOOBBBOOO
-
B
OOOBBBOOO
OBOOOOOBO
OOBOWOOBO
OOOOWOOOB
BOOWKWWOB
OOWOWOOOB
OOOOWOOOO
OOOOOOOBO
OOOBBBOOO
-
W
OOOBBBOOO
OBOOOOOBO
OOBOWOOBO
OOOOWOOOB
BOOWKWWOB
OOOOWOOOB
OOOOWOOOO
OOOOOOOBO
OOWBBBOOO
-
B
OOOBBBOOO
OBBOOOOBO
OOOOWOOBO
OOOOWOOOB
BOOWKWWOB
OOOOWOOOB
OOOOWOOOO
OOOOOOOBO
OOWBBBOOO
-
W
OOOBBBOOO
OBBOOOOBO
OOOOWOOBO
OOOOWOOOB
BOOWKWWOB
OOOOWOOOB
OOOOOOOOW
OOOOOOOBO
OOWBBBOOO
-
B
OOOBBBOOO
OBOOOOOBO
OOBOWOOBO
OOOOWOOOB
BOOWKWWOB
OOOOWOOOB
OOOOOOOOW
OOOOOOOBO
OOWBBBOOO
-
W
OOOBBBWOO
OBOOOOOBO
OOBOWOOBO
OOOOWOOOB
BOOWKWOOB
OOOOWOOOB
OOOOOOOOW
OOOOOOOBO
OOWBBBOOO
-
B
Stato:
OOOBBBWOO
OBOOOOOBO
OOBOWOOBO
OOOOWOOOB
BOOWKWOOB
OOOOWOOOB
OOOOOOOOW
OOOOOOOBO
OOWBBBOOO
-
D
END OF THE GAME
RESULT: DRAW
