usage: java Server
 -c,--cache <arg>           cache must be an integer, negative value means
                            infinite; default: infinite
 -e,--errors <arg>          errors must be an integer >= 0; default: 0
 -g,--enableGUI             enableGUI if option is present
 -r,--game rules <arg>      game rules must be an integer; 1 for Tablut, 2
                            for Modern, 3 for Brandub, 4 for Ashton;
                            default: 4
 -s,--repeatedState <arg>   repeatedStates must be an integer >= 0;
                            default: 0
 -t,--time <arg>            time must be an integer (number of seconds);
                            default: 60
/Users/pelle/Development/GitHub/tablut-challenge/games_executor/logs/1732708092069_systemLog.txt
Waiting for connections...
White player name:	flag2
Black player name:	flag_1
Clients connected..
Waiting for W...
Suggested move: Turn: W Pawn from d5 to d4
Stato:
OOOBBBOOO
OOOOBOOOO
OOOOWOOOO
BOOWWOOOB
BBWOKWWBB
BOOOWOOOB
OOOOWOOOO
OOOOBOOOO
OOOBBBOOO
-
B
Waiting for B...
Suggested move: Turn: B Pawn from a4 to a3
OOOBBBOOO
OOOOBOOOO
OOOOWOOOO
BOOWWOOOB
BBWOKWWBB
BOOOWOOOB
OOOOWOOOO
OOOOBOOOO
OOOBBBOOO
-
B
Stato:
OOOBBBOOO
OOOOBOOOO
BOOOWOOOO
OOOWWOOOB
BBWOKWWBB
BOOOWOOOB
OOOOWOOOO
OOOOBOOOO
OOOBBBOOO
-
W
Waiting for W...
Suggested move: Turn: W Pawn from c5 to c4
OOOBBBOOO
OOOOBOOOO
OOOOWOOOO
BOOWWOOOB
BBWOKWWBB
BOOOWOOOB
OOOOWOOOO
OOOOBOOOO
OOOBBBOOO
-
B
OOOBBBOOO
OOOOBOOOO
BOOOWOOOO
OOOWWOOOB
BBWOKWWBB
BOOOWOOOB
OOOOWOOOO
OOOOBOOOO
OOOBBBOOO
-
W
Stato:
OOOBBBOOO
OOOOBOOOO
BOOOWOOOO
OOWWWOOOB
BBOOKWWBB
BOOOWOOOB
OOOOWOOOO
OOOOBOOOO
OOOBBBOOO
-
B
Waiting for B...
Suggested move: Turn: B Pawn from a3 to a2
OOOBBBOOO
OOOOBOOOO
OOOOWOOOO
BOOWWOOOB
BBWOKWWBB
BOOOWOOOB
OOOOWOOOO
OOOOBOOOO
OOOBBBOOO
-
B
OOOBBBOOO
OOOOBOOOO
BOOOWOOOO
OOOWWOOOB
BBWOKWWBB
BOOOWOOOB
OOOOWOOOO
OOOOBOOOO
OOOBBBOOO
-
W
OOOBBBOOO
OOOOBOOOO
BOOOWOOOO
OOWWWOOOB
BBOOKWWBB
BOOOWOOOB
OOOOWOOOO
OOOOBOOOO
OOOBBBOOO
-
B
Stato:
OOOBBBOOO
BOOOBOOOO
OOOOWOOOO
OOWWWOOOB
BBOOKWWBB
BOOOWOOOB
OOOOWOOOO
OOOOBOOOO
OOOBBBOOO
-
W
Waiting for W...
Suggested move: Turn: W Pawn from c4 to c3
OOOBBBOOO
OOOOBOOOO
OOOOWOOOO
BOOWWOOOB
BBWOKWWBB
BOOOWOOOB
OOOOWOOOO
OOOOBOOOO
OOOBBBOOO
-
B
OOOBBBOOO
OOOOBOOOO
BOOOWOOOO
OOOWWOOOB
BBWOKWWBB
BOOOWOOOB
OOOOWOOOO
OOOOBOOOO
OOOBBBOOO
-
W
OOOBBBOOO
OOOOBOOOO
BOOOWOOOO
OOWWWOOOB
BBOOKWWBB
BOOOWOOOB
OOOOWOOOO
OOOOBOOOO
OOOBBBOOO
-
B
OOOBBBOOO
BOOOBOOOO
OOOOWOOOO
OOWWWOOOB
BBOOKWWBB
BOOOWOOOB
OOOOWOOOO
OOOOBOOOO
OOOBBBOOO
-
W
Stato:
OOOBBBOOO
BOOOBOOOO
OOWOWOOOO
OOOWWOOOB
BBOOKWWBB
BOOOWOOOB
OOOOWOOOO
OOOOBOOOO
OOOBBBOOO
-
B
Waiting for B...
Suggested move: Turn: B Pawn from a2 to a1
OOOBBBOOO
OOOOBOOOO
OOOOWOOOO
BOOWWOOOB
BBWOKWWBB
BOOOWOOOB
OOOOWOOOO
OOOOBOOOO
OOOBBBOOO
-
B
OOOBBBOOO
OOOOBOOOO
BOOOWOOOO
OOOWWOOOB
BBWOKWWBB
BOOOWOOOB
OOOOWOOOO
OOOOBOOOO
OOOBBBOOO
-
W
OOOBBBOOO
OOOOBOOOO
BOOOWOOOO
OOWWWOOOB
BBOOKWWBB
BOOOWOOOB
OOOOWOOOO
OOOOBOOOO
OOOBBBOOO
-
B
OOOBBBOOO
BOOOBOOOO
OOOOWOOOO
OOWWWOOOB
BBOOKWWBB
BOOOWOOOB
OOOOWOOOO
OOOOBOOOO
OOOBBBOOO
-
W
OOOBBBOOO
BOOOBOOOO
OOWOWOOOO
OOOWWOOOB
BBOOKWWBB
BOOOWOOOB
OOOOWOOOO
OOOOBOOOO
OOOBBBOOO
-
B
Stato:
BOOBBBOOO
OOOOBOOOO
OOWOWOOOO
OOOWWOOOB
BBOOKWWBB
BOOOWOOOB
OOOOWOOOO
OOOOBOOOO
OOOBBBOOO
-
W
Waiting for W...
Suggested move: Turn: W Pawn from c3 to c2
OOOBBBOOO
OOOOBOOOO
OOOOWOOOO
BOOWWOOOB
BBWOKWWBB
BOOOWOOOB
OOOOWOOOO
OOOOBOOOO
OOOBBBOOO
-
B
OOOBBBOOO
OOOOBOOOO
BOOOWOOOO
OOOWWOOOB
BBWOKWWBB
BOOOWOOOB
OOOOWOOOO
OOOOBOOOO
OOOBBBOOO
-
W
OOOBBBOOO
OOOOBOOOO
BOOOWOOOO
OOWWWOOOB
BBOOKWWBB
BOOOWOOOB
OOOOWOOOO
OOOOBOOOO
OOOBBBOOO
-
B
OOOBBBOOO
BOOOBOOOO
OOOOWOOOO
OOWWWOOOB
BBOOKWWBB
BOOOWOOOB
OOOOWOOOO
OOOOBOOOO
OOOBBBOOO
-
W
OOOBBBOOO
BOOOBOOOO
OOWOWOOOO
OOOWWOOOB
BBOOKWWBB
BOOOWOOOB
OOOOWOOOO
OOOOBOOOO
OOOBBBOOO
-
B
BOOBBBOOO
OOOOBOOOO
OOWOWOOOO
OOOWWOOOB
BBOOKWWBB
BOOOWOOOB
OOOOWOOOO
OOOOBOOOO
OOOBBBOOO
-
W
Stato:
BOOBBBOOO
OOWOBOOOO
OOOOWOOOO
OOOWWOOOB
BBOOKWWBB
BOOOWOOOB
OOOOWOOOO
OOOOBOOOO
OOOBBBOOO
-
B
Waiting for B...
Suggested move: Turn: B Pawn from a1 to b1
OOOBBBOOO
OOOOBOOOO
OOOOWOOOO
BOOWWOOOB
BBWOKWWBB
BOOOWOOOB
OOOOWOOOO
OOOOBOOOO
OOOBBBOOO
-
B
OOOBBBOOO
OOOOBOOOO
BOOOWOOOO
OOOWWOOOB
BBWOKWWBB
BOOOWOOOB
OOOOWOOOO
OOOOBOOOO
OOOBBBOOO
-
W
OOOBBBOOO
OOOOBOOOO
BOOOWOOOO
OOWWWOOOB
BBOOKWWBB
BOOOWOOOB
OOOOWOOOO
OOOOBOOOO
OOOBBBOOO
-
B
OOOBBBOOO
BOOOBOOOO
OOOOWOOOO
OOWWWOOOB
BBOOKWWBB
BOOOWOOOB
OOOOWOOOO
OOOOBOOOO
OOOBBBOOO
-
W
OOOBBBOOO
BOOOBOOOO
OOWOWOOOO
OOOWWOOOB
BBOOKWWBB
BOOOWOOOB
OOOOWOOOO
OOOOBOOOO
OOOBBBOOO
-
B
BOOBBBOOO
OOOOBOOOO
OOWOWOOOO
OOOWWOOOB
BBOOKWWBB
BOOOWOOOB
OOOOWOOOO
OOOOBOOOO
OOOBBBOOO
-
W
BOOBBBOOO
OOWOBOOOO
OOOOWOOOO
OOOWWOOOB
BBOOKWWBB
BOOOWOOOB
OOOOWOOOO
OOOOBOOOO
OOOBBBOOO
-
B
Stato:
OBOBBBOOO
OOWOBOOOO
OOOOWOOOO
OOOWWOOOB
BBOOKWWBB
BOOOWOOOB
OOOOWOOOO
OOOOBOOOO
OOOBBBOOO
-
W
Waiting for W...
Suggested move: Turn: W Pawn from c2 to c1
OOOBBBOOO
OOOOBOOOO
OOOOWOOOO
BOOWWOOOB
BBWOKWWBB
BOOOWOOOB
OOOOWOOOO
OOOOBOOOO
OOOBBBOOO
-
B
OOOBBBOOO
OOOOBOOOO
BOOOWOOOO
OOOWWOOOB
BBWOKWWBB
BOOOWOOOB
OOOOWOOOO
OOOOBOOOO
OOOBBBOOO
-
W
OOOBBBOOO
OOOOBOOOO
BOOOWOOOO
OOWWWOOOB
BBOOKWWBB
BOOOWOOOB
OOOOWOOOO
OOOOBOOOO
OOOBBBOOO
-
B
OOOBBBOOO
BOOOBOOOO
OOOOWOOOO
OOWWWOOOB
BBOOKWWBB
BOOOWOOOB
OOOOWOOOO
OOOOBOOOO
OOOBBBOOO
-
W
OOOBBBOOO
BOOOBOOOO
OOWOWOOOO
OOOWWOOOB
BBOOKWWBB
BOOOWOOOB
OOOOWOOOO
OOOOBOOOO
OOOBBBOOO
-
B
BOOBBBOOO
OOOOBOOOO
OOWOWOOOO
OOOWWOOOB
BBOOKWWBB
BOOOWOOOB
OOOOWOOOO
OOOOBOOOO
OOOBBBOOO
-
W
BOOBBBOOO
OOWOBOOOO
OOOOWOOOO
OOOWWOOOB
BBOOKWWBB
BOOOWOOOB
OOOOWOOOO
OOOOBOOOO
OOOBBBOOO
-
B
OBOBBBOOO
OOWOBOOOO
OOOOWOOOO
OOOWWOOOB
BBOOKWWBB
BOOOWOOOB
OOOOWOOOO
OOOOBOOOO
OOOBBBOOO
-
W
Stato:
OBWBBBOOO
OOOOBOOOO
OOOOWOOOO
OOOWWOOOB
BBOOKWWBB
BOOOWOOOB
OOOOWOOOO
OOOOBOOOO
OOOBBBOOO
-
B
Waiting for B...
Suggested move: Turn: B Pawn from a6 to b6
OOOBBBOOO
OOOOBOOOO
OOOOWOOOO
BOOWWOOOB
BBWOKWWBB
BOOOWOOOB
OOOOWOOOO
OOOOBOOOO
OOOBBBOOO
-
B
OOOBBBOOO
OOOOBOOOO
BOOOWOOOO
OOOWWOOOB
BBWOKWWBB
BOOOWOOOB
OOOOWOOOO
OOOOBOOOO
OOOBBBOOO
-
W
OOOBBBOOO
OOOOBOOOO
BOOOWOOOO
OOWWWOOOB
BBOOKWWBB
BOOOWOOOB
OOOOWOOOO
OOOOBOOOO
OOOBBBOOO
-
B
OOOBBBOOO
BOOOBOOOO
OOOOWOOOO
OOWWWOOOB
BBOOKWWBB
BOOOWOOOB
OOOOWOOOO
OOOOBOOOO
OOOBBBOOO
-
W
OOOBBBOOO
BOOOBOOOO
OOWOWOOOO
OOOWWOOOB
BBOOKWWBB
BOOOWOOOB
OOOOWOOOO
OOOOBOOOO
OOOBBBOOO
-
B
BOOBBBOOO
OOOOBOOOO
OOWOWOOOO
OOOWWOOOB
BBOOKWWBB
BOOOWOOOB
OOOOWOOOO
OOOOBOOOO
OOOBBBOOO
-
W
BOOBBBOOO
OOWOBOOOO
OOOOWOOOO
OOOWWOOOB
BBOOKWWBB
BOOOWOOOB
OOOOWOOOO
OOOOBOOOO
OOOBBBOOO
-
B
OBOBBBOOO
OOWOBOOOO
OOOOWOOOO
OOOWWOOOB
BBOOKWWBB
BOOOWOOOB
OOOOWOOOO
OOOOBOOOO
OOOBBBOOO
-
W
OBWBBBOOO
OOOOBOOOO
OOOOWOOOO
OOOWWOOOB
BBOOKWWBB
BOOOWOOOB
OOOOWOOOO
OOOOBOOOO
OOOBBBOOO
-
B
Stato:
OBWBBBOOO
OOOOBOOOO
OOOOWOOOO
OOOWWOOOB
BBOOKWWBB
OBOOWOOOB
OOOOWOOOO
OOOOBOOOO
OOOBBBOOO
-
W
Waiting for W...
Suggested move: Turn: W Pawn from c1 to c2
OOOBBBOOO
OOOOBOOOO
OOOOWOOOO
BOOWWOOOB
BBWOKWWBB
BOOOWOOOB
OOOOWOOOO
OOOOBOOOO
OOOBBBOOO
-
B
OOOBBBOOO
OOOOBOOOO
BOOOWOOOO
OOOWWOOOB
BBWOKWWBB
BOOOWOOOB
OOOOWOOOO
OOOOBOOOO
OOOBBBOOO
-
W
OOOBBBOOO
OOOOBOOOO
BOOOWOOOO
OOWWWOOOB
BBOOKWWBB
BOOOWOOOB
OOOOWOOOO
OOOOBOOOO
OOOBBBOOO
-
B
OOOBBBOOO
BOOOBOOOO
OOOOWOOOO
OOWWWOOOB
BBOOKWWBB
BOOOWOOOB
OOOOWOOOO
OOOOBOOOO
OOOBBBOOO
-
W
OOOBBBOOO
BOOOBOOOO
OOWOWOOOO
OOOWWOOOB
BBOOKWWBB
BOOOWOOOB
OOOOWOOOO
OOOOBOOOO
OOOBBBOOO
-
B
BOOBBBOOO
OOOOBOOOO
OOWOWOOOO
OOOWWOOOB
BBOOKWWBB
BOOOWOOOB
OOOOWOOOO
OOOOBOOOO
OOOBBBOOO
-
W
BOOBBBOOO
OOWOBOOOO
OOOOWOOOO
OOOWWOOOB
BBOOKWWBB
BOOOWOOOB
OOOOWOOOO
OOOOBOOOO
OOOBBBOOO
-
B
OBOBBBOOO
OOWOBOOOO
OOOOWOOOO
OOOWWOOOB
BBOOKWWBB
BOOOWOOOB
OOOOWOOOO
OOOOBOOOO
OOOBBBOOO
-
W
OBWBBBOOO
OOOOBOOOO
OOOOWOOOO
OOOWWOOOB
BBOOKWWBB
BOOOWOOOB
OOOOWOOOO
OOOOBOOOO
OOOBBBOOO
-
B
OBWBBBOOO
OOOOBOOOO
OOOOWOOOO
OOOWWOOOB
BBOOKWWBB
OBOOWOOOB
OOOOWOOOO
OOOOBOOOO
OOOBBBOOO
-
W
Stato:
OBOBBBOOO
OOWOBOOOO
OOOOWOOOO
OOOWWOOOB
BBOOKWWBB
OBOOWOOOB
OOOOWOOOO
OOOOBOOOO
OOOBBBOOO
-
B
Waiting for B...
Suggested move: Turn: B Pawn from b1 to c1
OOOBBBOOO
OOOOBOOOO
OOOOWOOOO
BOOWWOOOB
BBWOKWWBB
BOOOWOOOB
OOOOWOOOO
OOOOBOOOO
OOOBBBOOO
-
B
OOOBBBOOO
OOOOBOOOO
BOOOWOOOO
OOOWWOOOB
BBWOKWWBB
BOOOWOOOB
OOOOWOOOO
OOOOBOOOO
OOOBBBOOO
-
W
OOOBBBOOO
OOOOBOOOO
BOOOWOOOO
OOWWWOOOB
BBOOKWWBB
BOOOWOOOB
OOOOWOOOO
OOOOBOOOO
OOOBBBOOO
-
B
OOOBBBOOO
BOOOBOOOO
OOOOWOOOO
OOWWWOOOB
BBOOKWWBB
BOOOWOOOB
OOOOWOOOO
OOOOBOOOO
OOOBBBOOO
-
W
OOOBBBOOO
BOOOBOOOO
OOWOWOOOO
OOOWWOOOB
BBOOKWWBB
BOOOWOOOB
OOOOWOOOO
OOOOBOOOO
OOOBBBOOO
-
B
BOOBBBOOO
OOOOBOOOO
OOWOWOOOO
OOOWWOOOB
BBOOKWWBB
BOOOWOOOB
OOOOWOOOO
OOOOBOOOO
OOOBBBOOO
-
W
BOOBBBOOO
OOWOBOOOO
OOOOWOOOO
OOOWWOOOB
BBOOKWWBB
BOOOWOOOB
OOOOWOOOO
OOOOBOOOO
OOOBBBOOO
-
B
OBOBBBOOO
OOWOBOOOO
OOOOWOOOO
OOOWWOOOB
BBOOKWWBB
BOOOWOOOB
OOOOWOOOO
OOOOBOOOO
OOOBBBOOO
-
W
OBWBBBOOO
OOOOBOOOO
OOOOWOOOO
OOOWWOOOB
BBOOKWWBB
BOOOWOOOB
OOOOWOOOO
OOOOBOOOO
OOOBBBOOO
-
B
OBWBBBOOO
OOOOBOOOO
OOOOWOOOO
OOOWWOOOB
BBOOKWWBB
OBOOWOOOB
OOOOWOOOO
OOOOBOOOO
OOOBBBOOO
-
W
OBOBBBOOO
OOWOBOOOO
OOOOWOOOO
OOOWWOOOB
BBOOKWWBB
OBOOWOOOB
OOOOWOOOO
OOOOBOOOO
OOOBBBOOO
-
B
Stato:
OOBBBBOOO
OOWOBOOOO
OOOOWOOOO
OOOWWOOOB
BBOOKWWBB
OBOOWOOOB
OOOOWOOOO
OOOOBOOOO
OOOBBBOOO
-
W
Waiting for W...
Suggested move: Turn: W Pawn from c2 to c3
OOOBBBOOO
OOOOBOOOO
OOOOWOOOO
BOOWWOOOB
BBWOKWWBB
BOOOWOOOB
OOOOWOOOO
OOOOBOOOO
OOOBBBOOO
-
B
OOOBBBOOO
OOOOBOOOO
BOOOWOOOO
OOOWWOOOB
BBWOKWWBB
BOOOWOOOB
OOOOWOOOO
OOOOBOOOO
OOOBBBOOO
-
W
OOOBBBOOO
OOOOBOOOO
BOOOWOOOO
OOWWWOOOB
BBOOKWWBB
BOOOWOOOB
OOOOWOOOO
OOOOBOOOO
OOOBBBOOO
-
B
OOOBBBOOO
BOOOBOOOO
OOOOWOOOO
OOWWWOOOB
BBOOKWWBB
BOOOWOOOB
OOOOWOOOO
OOOOBOOOO
OOOBBBOOO
-
W
OOOBBBOOO
BOOOBOOOO
OOWOWOOOO
OOOWWOOOB
BBOOKWWBB
BOOOWOOOB
OOOOWOOOO
OOOOBOOOO
OOOBBBOOO
-
B
BOOBBBOOO
OOOOBOOOO
OOWOWOOOO
OOOWWOOOB
BBOOKWWBB
BOOOWOOOB
OOOOWOOOO
OOOOBOOOO
OOOBBBOOO
-
W
BOOBBBOOO
OOWOBOOOO
OOOOWOOOO
OOOWWOOOB
BBOOKWWBB
BOOOWOOOB
OOOOWOOOO
OOOOBOOOO
OOOBBBOOO
-
B
OBOBBBOOO
OOWOBOOOO
OOOOWOOOO
OOOWWOOOB
BBOOKWWBB
BOOOWOOOB
OOOOWOOOO
OOOOBOOOO
OOOBBBOOO
-
W
OBWBBBOOO
OOOOBOOOO
OOOOWOOOO
OOOWWOOOB
BBOOKWWBB
BOOOWOOOB
OOOOWOOOO
OOOOBOOOO
OOOBBBOOO
-
B
OBWBBBOOO
OOOOBOOOO
OOOOWOOOO
OOOWWOOOB
BBOOKWWBB
OBOOWOOOB
OOOOWOOOO
OOOOBOOOO
OOOBBBOOO
-
W
OBOBBBOOO
OOWOBOOOO
OOOOWOOOO
OOOWWOOOB
BBOOKWWBB
OBOOWOOOB
OOOOWOOOO
OOOOBOOOO
OOOBBBOOO
-
B
OOBBBBOOO
OOWOBOOOO
OOOOWOOOO
OOOWWOOOB
BBOOKWWBB
OBOOWOOOB
OOOOWOOOO
OOOOBOOOO
OOOBBBOOO
-
W
Stato:
OOBBBBOOO
OOOOBOOOO
OOWOWOOOO
OOOWWOOOB
BBOOKWWBB
OBOOWOOOB
OOOOWOOOO
OOOOBOOOO
OOOBBBOOO
-
B
Waiting for B...
Suggested move: Turn: B Pawn from b5 to b4
OOOBBBOOO
OOOOBOOOO
OOOOWOOOO
BOOWWOOOB
BBWOKWWBB
BOOOWOOOB
OOOOWOOOO
OOOOBOOOO
OOOBBBOOO
-
B
OOOBBBOOO
OOOOBOOOO
BOOOWOOOO
OOOWWOOOB
BBWOKWWBB
BOOOWOOOB
OOOOWOOOO
OOOOBOOOO
OOOBBBOOO
-
W
OOOBBBOOO
OOOOBOOOO
BOOOWOOOO
OOWWWOOOB
BBOOKWWBB
BOOOWOOOB
OOOOWOOOO
OOOOBOOOO
OOOBBBOOO
-
B
OOOBBBOOO
BOOOBOOOO
OOOOWOOOO
OOWWWOOOB
BBOOKWWBB
BOOOWOOOB
OOOOWOOOO
OOOOBOOOO
OOOBBBOOO
-
W
OOOBBBOOO
BOOOBOOOO
OOWOWOOOO
OOOWWOOOB
BBOOKWWBB
BOOOWOOOB
OOOOWOOOO
OOOOBOOOO
OOOBBBOOO
-
B
BOOBBBOOO
OOOOBOOOO
OOWOWOOOO
OOOWWOOOB
BBOOKWWBB
BOOOWOOOB
OOOOWOOOO
OOOOBOOOO
OOOBBBOOO
-
W
BOOBBBOOO
OOWOBOOOO
OOOOWOOOO
OOOWWOOOB
BBOOKWWBB
BOOOWOOOB
OOOOWOOOO
OOOOBOOOO
OOOBBBOOO
-
B
OBOBBBOOO
OOWOBOOOO
OOOOWOOOO
OOOWWOOOB
BBOOKWWBB
BOOOWOOOB
OOOOWOOOO
OOOOBOOOO
OOOBBBOOO
-
W
OBWBBBOOO
OOOOBOOOO
OOOOWOOOO
OOOWWOOOB
BBOOKWWBB
BOOOWOOOB
OOOOWOOOO
OOOOBOOOO
OOOBBBOOO
-
B
OBWBBBOOO
OOOOBOOOO
OOOOWOOOO
OOOWWOOOB
BBOOKWWBB
OBOOWOOOB
OOOOWOOOO
OOOOBOOOO
OOOBBBOOO
-
W
OBOBBBOOO
OOWOBOOOO
OOOOWOOOO
OOOWWOOOB
BBOOKWWBB
OBOOWOOOB
OOOOWOOOO
OOOOBOOOO
OOOBBBOOO
-
B
OOBBBBOOO
OOWOBOOOO
OOOOWOOOO
OOOWWOOOB
BBOOKWWBB
OBOOWOOOB
OOOOWOOOO
OOOOBOOOO
OOOBBBOOO
-
W
OOBBBBOOO
OOOOBOOOO
OOWOWOOOO
OOOWWOOOB
BBOOKWWBB
OBOOWOOOB
OOOOWOOOO
OOOOBOOOO
OOOBBBOOO
-
B
Stato:
OOBBBBOOO
OOOOBOOOO
OOWOWOOOO
OBOWWOOOB
BOOOKWWBB
OBOOWOOOB
OOOOWOOOO
OOOOBOOOO
OOOBBBOOO
-
W
Waiting for W...
Suggested move: Turn: W Pawn from c3 to c2
OOOBBBOOO
OOOOBOOOO
OOOOWOOOO
BOOWWOOOB
BBWOKWWBB
BOOOWOOOB
OOOOWOOOO
OOOOBOOOO
OOOBBBOOO
-
B
OOOBBBOOO
OOOOBOOOO
BOOOWOOOO
OOOWWOOOB
BBWOKWWBB
BOOOWOOOB
OOOOWOOOO
OOOOBOOOO
OOOBBBOOO
-
W
OOOBBBOOO
OOOOBOOOO
BOOOWOOOO
OOWWWOOOB
BBOOKWWBB
BOOOWOOOB
OOOOWOOOO
OOOOBOOOO
OOOBBBOOO
-
B
OOOBBBOOO
BOOOBOOOO
OOOOWOOOO
OOWWWOOOB
BBOOKWWBB
BOOOWOOOB
OOOOWOOOO
OOOOBOOOO
OOOBBBOOO
-
W
OOOBBBOOO
BOOOBOOOO
OOWOWOOOO
OOOWWOOOB
BBOOKWWBB
BOOOWOOOB
OOOOWOOOO
OOOOBOOOO
OOOBBBOOO
-
B
BOOBBBOOO
OOOOBOOOO
OOWOWOOOO
OOOWWOOOB
BBOOKWWBB
BOOOWOOOB
OOOOWOOOO
OOOOBOOOO
OOOBBBOOO
-
W
BOOBBBOOO
OOWOBOOOO
OOOOWOOOO
OOOWWOOOB
BBOOKWWBB
BOOOWOOOB
OOOOWOOOO
OOOOBOOOO
OOOBBBOOO
-
B
OBOBBBOOO
OOWOBOOOO
OOOOWOOOO
OOOWWOOOB
BBOOKWWBB
BOOOWOOOB
OOOOWOOOO
OOOOBOOOO
OOOBBBOOO
-
W
OBWBBBOOO
OOOOBOOOO
OOOOWOOOO
OOOWWOOOB
BBOOKWWBB
BOOOWOOOB
OOOOWOOOO
OOOOBOOOO
OOOBBBOOO
-
B
OBWBBBOOO
OOOOBOOOO
OOOOWOOOO
OOOWWOOOB
BBOOKWWBB
OBOOWOOOB
OOOOWOOOO
OOOOBOOOO
OOOBBBOOO
-
W
OBOBBBOOO
OOWOBOOOO
OOOOWOOOO
OOOWWOOOB
BBOOKWWBB
OBOOWOOOB
OOOOWOOOO
OOOOBOOOO
OOOBBBOOO
-
B
OOBBBBOOO
OOWOBOOOO
OOOOWOOOO
OOOWWOOOB
BBOOKWWBB
OBOOWOOOB
OOOOWOOOO
OOOOBOOOO
OOOBBBOOO
-
W
OOBBBBOOO
OOOOBOOOO
OOWOWOOOO
OOOWWOOOB
BBOOKWWBB
OBOOWOOOB
OOOOWOOOO
OOOOBOOOO
OOOBBBOOO
-
B
OOBBBBOOO
OOOOBOOOO
OOWOWOOOO
OBOWWOOOB
BOOOKWWBB
OBOOWOOOB
OOOOWOOOO
OOOOBOOOO
OOOBBBOOO
-
W
Stato:
OOBBBBOOO
OOWOBOOOO
OOOOWOOOO
OBOWWOOOB
BOOOKWWBB
OBOOWOOOB
OOOOWOOOO
OOOOBOOOO
OOOBBBOOO
-
B
Waiting for B...
Suggested move: Turn: B Pawn from b4 to b3
OOOBBBOOO
OOOOBOOOO
OOOOWOOOO
BOOWWOOOB
BBWOKWWBB
BOOOWOOOB
OOOOWOOOO
OOOOBOOOO
OOOBBBOOO
-
B
OOOBBBOOO
OOOOBOOOO
BOOOWOOOO
OOOWWOOOB
BBWOKWWBB
BOOOWOOOB
OOOOWOOOO
OOOOBOOOO
OOOBBBOOO
-
W
OOOBBBOOO
OOOOBOOOO
BOOOWOOOO
OOWWWOOOB
BBOOKWWBB
BOOOWOOOB
OOOOWOOOO
OOOOBOOOO
OOOBBBOOO
-
B
OOOBBBOOO
BOOOBOOOO
OOOOWOOOO
OOWWWOOOB
BBOOKWWBB
BOOOWOOOB
OOOOWOOOO
OOOOBOOOO
OOOBBBOOO
-
W
OOOBBBOOO
BOOOBOOOO
OOWOWOOOO
OOOWWOOOB
BBOOKWWBB
BOOOWOOOB
OOOOWOOOO
OOOOBOOOO
OOOBBBOOO
-
B
BOOBBBOOO
OOOOBOOOO
OOWOWOOOO
OOOWWOOOB
BBOOKWWBB
BOOOWOOOB
OOOOWOOOO
OOOOBOOOO
OOOBBBOOO
-
W
BOOBBBOOO
OOWOBOOOO
OOOOWOOOO
OOOWWOOOB
BBOOKWWBB
BOOOWOOOB
OOOOWOOOO
OOOOBOOOO
OOOBBBOOO
-
B
OBOBBBOOO
OOWOBOOOO
OOOOWOOOO
OOOWWOOOB
BBOOKWWBB
BOOOWOOOB
OOOOWOOOO
OOOOBOOOO
OOOBBBOOO
-
W
OBWBBBOOO
OOOOBOOOO
OOOOWOOOO
OOOWWOOOB
BBOOKWWBB
BOOOWOOOB
OOOOWOOOO
OOOOBOOOO
OOOBBBOOO
-
B
OBWBBBOOO
OOOOBOOOO
OOOOWOOOO
OOOWWOOOB
BBOOKWWBB
OBOOWOOOB
OOOOWOOOO
OOOOBOOOO
OOOBBBOOO
-
W
OBOBBBOOO
OOWOBOOOO
OOOOWOOOO
OOOWWOOOB
BBOOKWWBB
OBOOWOOOB
OOOOWOOOO
OOOOBOOOO
OOOBBBOOO
-
B
OOBBBBOOO
OOWOBOOOO
OOOOWOOOO
OOOWWOOOB
BBOOKWWBB
OBOOWOOOB
OOOOWOOOO
OOOOBOOOO
OOOBBBOOO
-
W
OOBBBBOOO
OOOOBOOOO
OOWOWOOOO
OOOWWOOOB
BBOOKWWBB
OBOOWOOOB
OOOOWOOOO
OOOOBOOOO
OOOBBBOOO
-
B
OOBBBBOOO
OOOOBOOOO
OOWOWOOOO
OBOWWOOOB
BOOOKWWBB
OBOOWOOOB
OOOOWOOOO
OOOOBOOOO
OOOBBBOOO
-
W
OOBBBBOOO
OOWOBOOOO
OOOOWOOOO
OBOWWOOOB
BOOOKWWBB
OBOOWOOOB
OOOOWOOOO
OOOOBOOOO
OOOBBBOOO
-
B
Stato:
OOBBBBOOO
OOWOBOOOO
OBOOWOOOO
OOOWWOOOB
BOOOKWWBB
OBOOWOOOB
OOOOWOOOO
OOOOBOOOO
OOOBBBOOO
-
W
Waiting for W...
Suggested move: Turn: W Pawn from c2 to c4
OOOBBBOOO
OOOOBOOOO
OOOOWOOOO
BOOWWOOOB
BBWOKWWBB
BOOOWOOOB
OOOOWOOOO
OOOOBOOOO
OOOBBBOOO
-
B
OOOBBBOOO
OOOOBOOOO
BOOOWOOOO
OOOWWOOOB
BBWOKWWBB
BOOOWOOOB
OOOOWOOOO
OOOOBOOOO
OOOBBBOOO
-
W
OOOBBBOOO
OOOOBOOOO
BOOOWOOOO
OOWWWOOOB
BBOOKWWBB
BOOOWOOOB
OOOOWOOOO
OOOOBOOOO
OOOBBBOOO
-
B
OOOBBBOOO
BOOOBOOOO
OOOOWOOOO
OOWWWOOOB
BBOOKWWBB
BOOOWOOOB
OOOOWOOOO
OOOOBOOOO
OOOBBBOOO
-
W
OOOBBBOOO
BOOOBOOOO
OOWOWOOOO
OOOWWOOOB
BBOOKWWBB
BOOOWOOOB
OOOOWOOOO
OOOOBOOOO
OOOBBBOOO
-
B
BOOBBBOOO
OOOOBOOOO
OOWOWOOOO
OOOWWOOOB
BBOOKWWBB
BOOOWOOOB
OOOOWOOOO
OOOOBOOOO
OOOBBBOOO
-
W
BOOBBBOOO
OOWOBOOOO
OOOOWOOOO
OOOWWOOOB
BBOOKWWBB
BOOOWOOOB
OOOOWOOOO
OOOOBOOOO
OOOBBBOOO
-
B
OBOBBBOOO
OOWOBOOOO
OOOOWOOOO
OOOWWOOOB
BBOOKWWBB
BOOOWOOOB
OOOOWOOOO
OOOOBOOOO
OOOBBBOOO
-
W
OBWBBBOOO
OOOOBOOOO
OOOOWOOOO
OOOWWOOOB
BBOOKWWBB
BOOOWOOOB
OOOOWOOOO
OOOOBOOOO
OOOBBBOOO
-
B
OBWBBBOOO
OOOOBOOOO
OOOOWOOOO
OOOWWOOOB
BBOOKWWBB
OBOOWOOOB
OOOOWOOOO
OOOOBOOOO
OOOBBBOOO
-
W
OBOBBBOOO
OOWOBOOOO
OOOOWOOOO
OOOWWOOOB
BBOOKWWBB
OBOOWOOOB
OOOOWOOOO
OOOOBOOOO
OOOBBBOOO
-
B
OOBBBBOOO
OOWOBOOOO
OOOOWOOOO
OOOWWOOOB
BBOOKWWBB
OBOOWOOOB
OOOOWOOOO
OOOOBOOOO
OOOBBBOOO
-
W
OOBBBBOOO
OOOOBOOOO
OOWOWOOOO
OOOWWOOOB
BBOOKWWBB
OBOOWOOOB
OOOOWOOOO
OOOOBOOOO
OOOBBBOOO
-
B
OOBBBBOOO
OOOOBOOOO
OOWOWOOOO
OBOWWOOOB
BOOOKWWBB
OBOOWOOOB
OOOOWOOOO
OOOOBOOOO
OOOBBBOOO
-
W
OOBBBBOOO
OOWOBOOOO
OOOOWOOOO
OBOWWOOOB
BOOOKWWBB
OBOOWOOOB
OOOOWOOOO
OOOOBOOOO
OOOBBBOOO
-
B
OOBBBBOOO
OOWOBOOOO
OBOOWOOOO
OOOWWOOOB
BOOOKWWBB
OBOOWOOOB
OOOOWOOOO
OOOOBOOOO
OOOBBBOOO
-
W
Stato:
OOBBBBOOO
OOOOBOOOO
OBOOWOOOO
OOWWWOOOB
BOOOKWWBB
OBOOWOOOB
OOOOWOOOO
OOOOBOOOO
OOOBBBOOO
-
B
Waiting for B...
Suggested move: Turn: B Pawn from b3 to b2
OOOBBBOOO
OOOOBOOOO
OOOOWOOOO
BOOWWOOOB
BBWOKWWBB
BOOOWOOOB
OOOOWOOOO
OOOOBOOOO
OOOBBBOOO
-
B
OOOBBBOOO
OOOOBOOOO
BOOOWOOOO
OOOWWOOOB
BBWOKWWBB
BOOOWOOOB
OOOOWOOOO
OOOOBOOOO
OOOBBBOOO
-
W
OOOBBBOOO
OOOOBOOOO
BOOOWOOOO
OOWWWOOOB
BBOOKWWBB
BOOOWOOOB
OOOOWOOOO
OOOOBOOOO
OOOBBBOOO
-
B
OOOBBBOOO
BOOOBOOOO
OOOOWOOOO
OOWWWOOOB
BBOOKWWBB
BOOOWOOOB
OOOOWOOOO
OOOOBOOOO
OOOBBBOOO
-
W
OOOBBBOOO
BOOOBOOOO
OOWOWOOOO
OOOWWOOOB
BBOOKWWBB
BOOOWOOOB
OOOOWOOOO
OOOOBOOOO
OOOBBBOOO
-
B
BOOBBBOOO
OOOOBOOOO
OOWOWOOOO
OOOWWOOOB
BBOOKWWBB
BOOOWOOOB
OOOOWOOOO
OOOOBOOOO
OOOBBBOOO
-
W
BOOBBBOOO
OOWOBOOOO
OOOOWOOOO
OOOWWOOOB
BBOOKWWBB
BOOOWOOOB
OOOOWOOOO
OOOOBOOOO
OOOBBBOOO
-
B
OBOBBBOOO
OOWOBOOOO
OOOOWOOOO
OOOWWOOOB
BBOOKWWBB
BOOOWOOOB
OOOOWOOOO
OOOOBOOOO
OOOBBBOOO
-
W
OBWBBBOOO
OOOOBOOOO
OOOOWOOOO
OOOWWOOOB
BBOOKWWBB
BOOOWOOOB
OOOOWOOOO
OOOOBOOOO
OOOBBBOOO
-
B
OBWBBBOOO
OOOOBOOOO
OOOOWOOOO
OOOWWOOOB
BBOOKWWBB
OBOOWOOOB
OOOOWOOOO
OOOOBOOOO
OOOBBBOOO
-
W
OBOBBBOOO
OOWOBOOOO
OOOOWOOOO
OOOWWOOOB
BBOOKWWBB
OBOOWOOOB
OOOOWOOOO
OOOOBOOOO
OOOBBBOOO
-
B
OOBBBBOOO
OOWOBOOOO
OOOOWOOOO
OOOWWOOOB
BBOOKWWBB
OBOOWOOOB
OOOOWOOOO
OOOOBOOOO
OOOBBBOOO
-
W
OOBBBBOOO
OOOOBOOOO
OOWOWOOOO
OOOWWOOOB
BBOOKWWBB
OBOOWOOOB
OOOOWOOOO
OOOOBOOOO
OOOBBBOOO
-
B
OOBBBBOOO
OOOOBOOOO
OOWOWOOOO
OBOWWOOOB
BOOOKWWBB
OBOOWOOOB
OOOOWOOOO
OOOOBOOOO
OOOBBBOOO
-
W
OOBBBBOOO
OOWOBOOOO
OOOOWOOOO
OBOWWOOOB
BOOOKWWBB
OBOOWOOOB
OOOOWOOOO
OOOOBOOOO
OOOBBBOOO
-
B
OOBBBBOOO
OOWOBOOOO
OBOOWOOOO
OOOWWOOOB
BOOOKWWBB
OBOOWOOOB
OOOOWOOOO
OOOOBOOOO
OOOBBBOOO
-
W
OOBBBBOOO
OOOOBOOOO
OBOOWOOOO
OOWWWOOOB
BOOOKWWBB
OBOOWOOOB
OOOOWOOOO
OOOOBOOOO
OOOBBBOOO
-
B
Stato:
OOBBBBOOO
OBOOBOOOO
OOOOWOOOO
OOWWWOOOB
BOOOKWWBB
OBOOWOOOB
OOOOWOOOO
OOOOBOOOO
OOOBBBOOO
-
W
Waiting for W...
Suggested move: Turn: W Pawn from c4 to c3
OOOBBBOOO
OOOOBOOOO
OOOOWOOOO
BOOWWOOOB
BBWOKWWBB
BOOOWOOOB
OOOOWOOOO
OOOOBOOOO
OOOBBBOOO
-
B
OOOBBBOOO
OOOOBOOOO
BOOOWOOOO
OOOWWOOOB
BBWOKWWBB
BOOOWOOOB
OOOOWOOOO
OOOOBOOOO
OOOBBBOOO
-
W
OOOBBBOOO
OOOOBOOOO
BOOOWOOOO
OOWWWOOOB
BBOOKWWBB
BOOOWOOOB
OOOOWOOOO
OOOOBOOOO
OOOBBBOOO
-
B
OOOBBBOOO
BOOOBOOOO
OOOOWOOOO
OOWWWOOOB
BBOOKWWBB
BOOOWOOOB
OOOOWOOOO
OOOOBOOOO
OOOBBBOOO
-
W
OOOBBBOOO
BOOOBOOOO
OOWOWOOOO
OOOWWOOOB
BBOOKWWBB
BOOOWOOOB
OOOOWOOOO
OOOOBOOOO
OOOBBBOOO
-
B
BOOBBBOOO
OOOOBOOOO
OOWOWOOOO
OOOWWOOOB
BBOOKWWBB
BOOOWOOOB
OOOOWOOOO
OOOOBOOOO
OOOBBBOOO
-
W
BOOBBBOOO
OOWOBOOOO
OOOOWOOOO
OOOWWOOOB
BBOOKWWBB
BOOOWOOOB
OOOOWOOOO
OOOOBOOOO
OOOBBBOOO
-
B
OBOBBBOOO
OOWOBOOOO
OOOOWOOOO
OOOWWOOOB
BBOOKWWBB
BOOOWOOOB
OOOOWOOOO
OOOOBOOOO
OOOBBBOOO
-
W
OBWBBBOOO
OOOOBOOOO
OOOOWOOOO
OOOWWOOOB
BBOOKWWBB
BOOOWOOOB
OOOOWOOOO
OOOOBOOOO
OOOBBBOOO
-
B
OBWBBBOOO
OOOOBOOOO
OOOOWOOOO
OOOWWOOOB
BBOOKWWBB
OBOOWOOOB
OOOOWOOOO
OOOOBOOOO
OOOBBBOOO
-
W
OBOBBBOOO
OOWOBOOOO
OOOOWOOOO
OOOWWOOOB
BBOOKWWBB
OBOOWOOOB
OOOOWOOOO
OOOOBOOOO
OOOBBBOOO
-
B
OOBBBBOOO
OOWOBOOOO
OOOOWOOOO
OOOWWOOOB
BBOOKWWBB
OBOOWOOOB
OOOOWOOOO
OOOOBOOOO
OOOBBBOOO
-
W
OOBBBBOOO
OOOOBOOOO
OOWOWOOOO
OOOWWOOOB
BBOOKWWBB
OBOOWOOOB
OOOOWOOOO
OOOOBOOOO
OOOBBBOOO
-
B
OOBBBBOOO
OOOOBOOOO
OOWOWOOOO
OBOWWOOOB
BOOOKWWBB
OBOOWOOOB
OOOOWOOOO
OOOOBOOOO
OOOBBBOOO
-
W
OOBBBBOOO
OOWOBOOOO
OOOOWOOOO
OBOWWOOOB
BOOOKWWBB
OBOOWOOOB
OOOOWOOOO
OOOOBOOOO
OOOBBBOOO
-
B
OOBBBBOOO
OOWOBOOOO
OBOOWOOOO
OOOWWOOOB
BOOOKWWBB
OBOOWOOOB
OOOOWOOOO
OOOOBOOOO
OOOBBBOOO
-
W
OOBBBBOOO
OOOOBOOOO
OBOOWOOOO
OOWWWOOOB
BOOOKWWBB
OBOOWOOOB
OOOOWOOOO
OOOOBOOOO
OOOBBBOOO
-
B
OOBBBBOOO
OBOOBOOOO
OOOOWOOOO
OOWWWOOOB
BOOOKWWBB
OBOOWOOOB
OOOOWOOOO
OOOOBOOOO
OOOBBBOOO
-
W
Stato:
OOBBBBOOO
OBOOBOOOO
OOWOWOOOO
OOOWWOOOB
BOOOKWWBB
OBOOWOOOB
OOOOWOOOO
OOOOBOOOO
OOOBBBOOO
-
B
Waiting for B...
Suggested move: Turn: B Pawn from b2 to b1
OOOBBBOOO
OOOOBOOOO
OOOOWOOOO
BOOWWOOOB
BBWOKWWBB
BOOOWOOOB
OOOOWOOOO
OOOOBOOOO
OOOBBBOOO
-
B
OOOBBBOOO
OOOOBOOOO
BOOOWOOOO
OOOWWOOOB
BBWOKWWBB
BOOOWOOOB
OOOOWOOOO
OOOOBOOOO
OOOBBBOOO
-
W
OOOBBBOOO
OOOOBOOOO
BOOOWOOOO
OOWWWOOOB
BBOOKWWBB
BOOOWOOOB
OOOOWOOOO
OOOOBOOOO
OOOBBBOOO
-
B
OOOBBBOOO
BOOOBOOOO
OOOOWOOOO
OOWWWOOOB
BBOOKWWBB
BOOOWOOOB
OOOOWOOOO
OOOOBOOOO
OOOBBBOOO
-
W
OOOBBBOOO
BOOOBOOOO
OOWOWOOOO
OOOWWOOOB
BBOOKWWBB
BOOOWOOOB
OOOOWOOOO
OOOOBOOOO
OOOBBBOOO
-
B
BOOBBBOOO
OOOOBOOOO
OOWOWOOOO
OOOWWOOOB
BBOOKWWBB
BOOOWOOOB
OOOOWOOOO
OOOOBOOOO
OOOBBBOOO
-
W
BOOBBBOOO
OOWOBOOOO
OOOOWOOOO
OOOWWOOOB
BBOOKWWBB
BOOOWOOOB
OOOOWOOOO
OOOOBOOOO
OOOBBBOOO
-
B
OBOBBBOOO
OOWOBOOOO
OOOOWOOOO
OOOWWOOOB
BBOOKWWBB
BOOOWOOOB
OOOOWOOOO
OOOOBOOOO
OOOBBBOOO
-
W
OBWBBBOOO
OOOOBOOOO
OOOOWOOOO
OOOWWOOOB
BBOOKWWBB
BOOOWOOOB
OOOOWOOOO
OOOOBOOOO
OOOBBBOOO
-
B
OBWBBBOOO
OOOOBOOOO
OOOOWOOOO
OOOWWOOOB
BBOOKWWBB
OBOOWOOOB
OOOOWOOOO
OOOOBOOOO
OOOBBBOOO
-
W
OBOBBBOOO
OOWOBOOOO
OOOOWOOOO
OOOWWOOOB
BBOOKWWBB
OBOOWOOOB
OOOOWOOOO
OOOOBOOOO
OOOBBBOOO
-
B
OOBBBBOOO
OOWOBOOOO
OOOOWOOOO
OOOWWOOOB
BBOOKWWBB
OBOOWOOOB
OOOOWOOOO
OOOOBOOOO
OOOBBBOOO
-
W
OOBBBBOOO
OOOOBOOOO
OOWOWOOOO
OOOWWOOOB
BBOOKWWBB
OBOOWOOOB
OOOOWOOOO
OOOOBOOOO
OOOBBBOOO
-
B
OOBBBBOOO
OOOOBOOOO
OOWOWOOOO
OBOWWOOOB
BOOOKWWBB
OBOOWOOOB
OOOOWOOOO
OOOOBOOOO
OOOBBBOOO
-
W
OOBBBBOOO
OOWOBOOOO
OOOOWOOOO
OBOWWOOOB
BOOOKWWBB
OBOOWOOOB
OOOOWOOOO
OOOOBOOOO
OOOBBBOOO
-
B
OOBBBBOOO
OOWOBOOOO
OBOOWOOOO
OOOWWOOOB
BOOOKWWBB
OBOOWOOOB
OOOOWOOOO
OOOOBOOOO
OOOBBBOOO
-
W
OOBBBBOOO
OOOOBOOOO
OBOOWOOOO
OOWWWOOOB
BOOOKWWBB
OBOOWOOOB
OOOOWOOOO
OOOOBOOOO
OOOBBBOOO
-
B
OOBBBBOOO
OBOOBOOOO
OOOOWOOOO
OOWWWOOOB
BOOOKWWBB
OBOOWOOOB
OOOOWOOOO
OOOOBOOOO
OOOBBBOOO
-
W
OOBBBBOOO
OBOOBOOOO
OOWOWOOOO
OOOWWOOOB
BOOOKWWBB
OBOOWOOOB
OOOOWOOOO
OOOOBOOOO
OOOBBBOOO
-
B
Stato:
OBBBBBOOO
OOOOBOOOO
OOWOWOOOO
OOOWWOOOB
BOOOKWWBB
OBOOWOOOB
OOOOWOOOO
OOOOBOOOO
OOOBBBOOO
-
W
Waiting for W...
Suggested move: Turn: W Pawn from c3 to c2
OOOBBBOOO
OOOOBOOOO
OOOOWOOOO
BOOWWOOOB
BBWOKWWBB
BOOOWOOOB
OOOOWOOOO
OOOOBOOOO
OOOBBBOOO
-
B
OOOBBBOOO
OOOOBOOOO
BOOOWOOOO
OOOWWOOOB
BBWOKWWBB
BOOOWOOOB
OOOOWOOOO
OOOOBOOOO
OOOBBBOOO
-
W
OOOBBBOOO
OOOOBOOOO
BOOOWOOOO
OOWWWOOOB
BBOOKWWBB
BOOOWOOOB
OOOOWOOOO
OOOOBOOOO
OOOBBBOOO
-
B
OOOBBBOOO
BOOOBOOOO
OOOOWOOOO
OOWWWOOOB
BBOOKWWBB
BOOOWOOOB
OOOOWOOOO
OOOOBOOOO
OOOBBBOOO
-
W
OOOBBBOOO
BOOOBOOOO
OOWOWOOOO
OOOWWOOOB
BBOOKWWBB
BOOOWOOOB
OOOOWOOOO
OOOOBOOOO
OOOBBBOOO
-
B
BOOBBBOOO
OOOOBOOOO
OOWOWOOOO
OOOWWOOOB
BBOOKWWBB
BOOOWOOOB
OOOOWOOOO
OOOOBOOOO
OOOBBBOOO
-
W
BOOBBBOOO
OOWOBOOOO
OOOOWOOOO
OOOWWOOOB
BBOOKWWBB
BOOOWOOOB
OOOOWOOOO
OOOOBOOOO
OOOBBBOOO
-
B
OBOBBBOOO
OOWOBOOOO
OOOOWOOOO
OOOWWOOOB
BBOOKWWBB
BOOOWOOOB
OOOOWOOOO
OOOOBOOOO
OOOBBBOOO
-
W
OBWBBBOOO
OOOOBOOOO
OOOOWOOOO
OOOWWOOOB
BBOOKWWBB
BOOOWOOOB
OOOOWOOOO
OOOOBOOOO
OOOBBBOOO
-
B
OBWBBBOOO
OOOOBOOOO
OOOOWOOOO
OOOWWOOOB
BBOOKWWBB
OBOOWOOOB
OOOOWOOOO
OOOOBOOOO
OOOBBBOOO
-
W
OBOBBBOOO
OOWOBOOOO
OOOOWOOOO
OOOWWOOOB
BBOOKWWBB
OBOOWOOOB
OOOOWOOOO
OOOOBOOOO
OOOBBBOOO
-
B
OOBBBBOOO
OOWOBOOOO
OOOOWOOOO
OOOWWOOOB
BBOOKWWBB
OBOOWOOOB
OOOOWOOOO
OOOOBOOOO
OOOBBBOOO
-
W
OOBBBBOOO
OOOOBOOOO
OOWOWOOOO
OOOWWOOOB
BBOOKWWBB
OBOOWOOOB
OOOOWOOOO
OOOOBOOOO
OOOBBBOOO
-
B
OOBBBBOOO
OOOOBOOOO
OOWOWOOOO
OBOWWOOOB
BOOOKWWBB
OBOOWOOOB
OOOOWOOOO
OOOOBOOOO
OOOBBBOOO
-
W
OOBBBBOOO
OOWOBOOOO
OOOOWOOOO
OBOWWOOOB
BOOOKWWBB
OBOOWOOOB
OOOOWOOOO
OOOOBOOOO
OOOBBBOOO
-
B
OOBBBBOOO
OOWOBOOOO
OBOOWOOOO
OOOWWOOOB
BOOOKWWBB
OBOOWOOOB
OOOOWOOOO
OOOOBOOOO
OOOBBBOOO
-
W
OOBBBBOOO
OOOOBOOOO
OBOOWOOOO
OOWWWOOOB
BOOOKWWBB
OBOOWOOOB
OOOOWOOOO
OOOOBOOOO
OOOBBBOOO
-
B
OOBBBBOOO
OBOOBOOOO
OOOOWOOOO
OOWWWOOOB
BOOOKWWBB
OBOOWOOOB
OOOOWOOOO
OOOOBOOOO
OOOBBBOOO
-
W
OOBBBBOOO
OBOOBOOOO
OOWOWOOOO
OOOWWOOOB
BOOOKWWBB
OBOOWOOOB
OOOOWOOOO
OOOOBOOOO
OOOBBBOOO
-
B
OBBBBBOOO
OOOOBOOOO
OOWOWOOOO
OOOWWOOOB
BOOOKWWBB
OBOOWOOOB
OOOOWOOOO
OOOOBOOOO
OOOBBBOOO
-
W
Stato:
OBBBBBOOO
OOWOBOOOO
OOOOWOOOO
OOOWWOOOB
BOOOKWWBB
OBOOWOOOB
OOOOWOOOO
OOOOBOOOO
OOOBBBOOO
-
B
Waiting for B...
Suggested move: Turn: B Pawn from b1 to b2
OOOBBBOOO
OOOOBOOOO
OOOOWOOOO
BOOWWOOOB
BBWOKWWBB
BOOOWOOOB
OOOOWOOOO
OOOOBOOOO
OOOBBBOOO
-
B
OOOBBBOOO
OOOOBOOOO
BOOOWOOOO
OOOWWOOOB
BBWOKWWBB
BOOOWOOOB
OOOOWOOOO
OOOOBOOOO
OOOBBBOOO
-
W
OOOBBBOOO
OOOOBOOOO
BOOOWOOOO
OOWWWOOOB
BBOOKWWBB
BOOOWOOOB
OOOOWOOOO
OOOOBOOOO
OOOBBBOOO
-
B
OOOBBBOOO
BOOOBOOOO
OOOOWOOOO
OOWWWOOOB
BBOOKWWBB
BOOOWOOOB
OOOOWOOOO
OOOOBOOOO
OOOBBBOOO
-
W
OOOBBBOOO
BOOOBOOOO
OOWOWOOOO
OOOWWOOOB
BBOOKWWBB
BOOOWOOOB
OOOOWOOOO
OOOOBOOOO
OOOBBBOOO
-
B
BOOBBBOOO
OOOOBOOOO
OOWOWOOOO
OOOWWOOOB
BBOOKWWBB
BOOOWOOOB
OOOOWOOOO
OOOOBOOOO
OOOBBBOOO
-
W
BOOBBBOOO
OOWOBOOOO
OOOOWOOOO
OOOWWOOOB
BBOOKWWBB
BOOOWOOOB
OOOOWOOOO
OOOOBOOOO
OOOBBBOOO
-
B
OBOBBBOOO
OOWOBOOOO
OOOOWOOOO
OOOWWOOOB
BBOOKWWBB
BOOOWOOOB
OOOOWOOOO
OOOOBOOOO
OOOBBBOOO
-
W
OBWBBBOOO
OOOOBOOOO
OOOOWOOOO
OOOWWOOOB
BBOOKWWBB
BOOOWOOOB
OOOOWOOOO
OOOOBOOOO
OOOBBBOOO
-
B
OBWBBBOOO
OOOOBOOOO
OOOOWOOOO
OOOWWOOOB
BBOOKWWBB
OBOOWOOOB
OOOOWOOOO
OOOOBOOOO
OOOBBBOOO
-
W
OBOBBBOOO
OOWOBOOOO
OOOOWOOOO
OOOWWOOOB
BBOOKWWBB
OBOOWOOOB
OOOOWOOOO
OOOOBOOOO
OOOBBBOOO
-
B
OOBBBBOOO
OOWOBOOOO
OOOOWOOOO
OOOWWOOOB
BBOOKWWBB
OBOOWOOOB
OOOOWOOOO
OOOOBOOOO
OOOBBBOOO
-
W
OOBBBBOOO
OOOOBOOOO
OOWOWOOOO
OOOWWOOOB
BBOOKWWBB
OBOOWOOOB
OOOOWOOOO
OOOOBOOOO
OOOBBBOOO
-
B
OOBBBBOOO
OOOOBOOOO
OOWOWOOOO
OBOWWOOOB
BOOOKWWBB
OBOOWOOOB
OOOOWOOOO
OOOOBOOOO
OOOBBBOOO
-
W
OOBBBBOOO
OOWOBOOOO
OOOOWOOOO
OBOWWOOOB
BOOOKWWBB
OBOOWOOOB
OOOOWOOOO
OOOOBOOOO
OOOBBBOOO
-
B
OOBBBBOOO
OOWOBOOOO
OBOOWOOOO
OOOWWOOOB
BOOOKWWBB
OBOOWOOOB
OOOOWOOOO
OOOOBOOOO
OOOBBBOOO
-
W
OOBBBBOOO
OOOOBOOOO
OBOOWOOOO
OOWWWOOOB
BOOOKWWBB
OBOOWOOOB
OOOOWOOOO
OOOOBOOOO
OOOBBBOOO
-
B
OOBBBBOOO
OBOOBOOOO
OOOOWOOOO
OOWWWOOOB
BOOOKWWBB
OBOOWOOOB
OOOOWOOOO
OOOOBOOOO
OOOBBBOOO
-
W
OOBBBBOOO
OBOOBOOOO
OOWOWOOOO
OOOWWOOOB
BOOOKWWBB
OBOOWOOOB
OOOOWOOOO
OOOOBOOOO
OOOBBBOOO
-
B
OBBBBBOOO
OOOOBOOOO
OOWOWOOOO
OOOWWOOOB
BOOOKWWBB
OBOOWOOOB
OOOOWOOOO
OOOOBOOOO
OOOBBBOOO
-
W
OBBBBBOOO
OOWOBOOOO
OOOOWOOOO
OOOWWOOOB
BOOOKWWBB
OBOOWOOOB
OOOOWOOOO
OOOOBOOOO
OOOBBBOOO
-
B
Stato:
OOBBBBOOO
OBWOBOOOO
OOOOWOOOO
OOOWWOOOB
BOOOKWWBB
OBOOWOOOB
OOOOWOOOO
OOOOBOOOO
OOOBBBOOO
-
W
Waiting for W...
Suggested move: Turn: W Pawn from c2 to c3
OOOBBBOOO
OOOOBOOOO
OOOOWOOOO
BOOWWOOOB
BBWOKWWBB
BOOOWOOOB
OOOOWOOOO
OOOOBOOOO
OOOBBBOOO
-
B
OOOBBBOOO
OOOOBOOOO
BOOOWOOOO
OOOWWOOOB
BBWOKWWBB
BOOOWOOOB
OOOOWOOOO
OOOOBOOOO
OOOBBBOOO
-
W
OOOBBBOOO
OOOOBOOOO
BOOOWOOOO
OOWWWOOOB
BBOOKWWBB
BOOOWOOOB
OOOOWOOOO
OOOOBOOOO
OOOBBBOOO
-
B
OOOBBBOOO
BOOOBOOOO
OOOOWOOOO
OOWWWOOOB
BBOOKWWBB
BOOOWOOOB
OOOOWOOOO
OOOOBOOOO
OOOBBBOOO
-
W
OOOBBBOOO
BOOOBOOOO
OOWOWOOOO
OOOWWOOOB
BBOOKWWBB
BOOOWOOOB
OOOOWOOOO
OOOOBOOOO
OOOBBBOOO
-
B
BOOBBBOOO
OOOOBOOOO
OOWOWOOOO
OOOWWOOOB
BBOOKWWBB
BOOOWOOOB
OOOOWOOOO
OOOOBOOOO
OOOBBBOOO
-
W
BOOBBBOOO
OOWOBOOOO
OOOOWOOOO
OOOWWOOOB
BBOOKWWBB
BOOOWOOOB
OOOOWOOOO
OOOOBOOOO
OOOBBBOOO
-
B
OBOBBBOOO
OOWOBOOOO
OOOOWOOOO
OOOWWOOOB
BBOOKWWBB
BOOOWOOOB
OOOOWOOOO
OOOOBOOOO
OOOBBBOOO
-
W
OBWBBBOOO
OOOOBOOOO
OOOOWOOOO
OOOWWOOOB
BBOOKWWBB
BOOOWOOOB
OOOOWOOOO
OOOOBOOOO
OOOBBBOOO
-
B
OBWBBBOOO
OOOOBOOOO
OOOOWOOOO
OOOWWOOOB
BBOOKWWBB
OBOOWOOOB
OOOOWOOOO
OOOOBOOOO
OOOBBBOOO
-
W
OBOBBBOOO
OOWOBOOOO
OOOOWOOOO
OOOWWOOOB
BBOOKWWBB
OBOOWOOOB
OOOOWOOOO
OOOOBOOOO
OOOBBBOOO
-
B
OOBBBBOOO
OOWOBOOOO
OOOOWOOOO
OOOWWOOOB
BBOOKWWBB
OBOOWOOOB
OOOOWOOOO
OOOOBOOOO
OOOBBBOOO
-
W
OOBBBBOOO
OOOOBOOOO
OOWOWOOOO
OOOWWOOOB
BBOOKWWBB
OBOOWOOOB
OOOOWOOOO
OOOOBOOOO
OOOBBBOOO
-
B
OOBBBBOOO
OOOOBOOOO
OOWOWOOOO
OBOWWOOOB
BOOOKWWBB
OBOOWOOOB
OOOOWOOOO
OOOOBOOOO
OOOBBBOOO
-
W
OOBBBBOOO
OOWOBOOOO
OOOOWOOOO
OBOWWOOOB
BOOOKWWBB
OBOOWOOOB
OOOOWOOOO
OOOOBOOOO
OOOBBBOOO
-
B
OOBBBBOOO
OOWOBOOOO
OBOOWOOOO
OOOWWOOOB
BOOOKWWBB
OBOOWOOOB
OOOOWOOOO
OOOOBOOOO
OOOBBBOOO
-
W
OOBBBBOOO
OOOOBOOOO
OBOOWOOOO
OOWWWOOOB
BOOOKWWBB
OBOOWOOOB
OOOOWOOOO
OOOOBOOOO
OOOBBBOOO
-
B
OOBBBBOOO
OBOOBOOOO
OOOOWOOOO
OOWWWOOOB
BOOOKWWBB
OBOOWOOOB
OOOOWOOOO
OOOOBOOOO
OOOBBBOOO
-
W
OOBBBBOOO
OBOOBOOOO
OOWOWOOOO
OOOWWOOOB
BOOOKWWBB
OBOOWOOOB
OOOOWOOOO
OOOOBOOOO
OOOBBBOOO
-
B
Stato:
OOBBBBOOO
OBOOBOOOO
OOWOWOOOO
OOOWWOOOB
BOOOKWWBB
OBOOWOOOB
OOOOWOOOO
OOOOBOOOO
OOOBBBOOO
-
D
END OF THE GAME
RESULT: DRAW
