usage: java Server
 -c,--cache <arg>           cache must be an integer, negative value means
                            infinite; default: infinite
 -e,--errors <arg>          errors must be an integer >= 0; default: 0
 -g,--enableGUI             enableGUI if option is present
 -r,--game rules <arg>      game rules must be an integer; 1 for Tablut, 2
                            for Modern, 3 for Brandub, 4 for Ashton;
                            default: 4
 -s,--repeatedState <arg>   repeatedStates must be an integer >= 0;
                            default: 0
 -t,--time <arg>            time must be an integer (number of seconds);
                            default: 60
/Users/pelle/Development/GitHub/tablut-challenge/games_executor/logs/1732707928441_systemLog.txt
Waiting for connections...
White player name:	grey
Black player name:	flag_2
Clients connected..
Waiting for W...
Suggested move: Turn: W Pawn from e4 to f4
Stato:
OOOBBBOOO
OOOOBOOOO
OOOOWOOOO
BOOOOWOOB
BBWWKWWBB
BOOOWOOOB
OOOOWOOOO
OOOOBOOOO
OOOBBBOOO
-
B
Waiting for B...
Suggested move: Turn: B Pawn from a4 to a3
OOOBBBOOO
OOOOBOOOO
OOOOWOOOO
BOOOOWOOB
BBWWKWWBB
BOOOWOOOB
OOOOWOOOO
OOOOBOOOO
OOOBBBOOO
-
B
Stato:
OOOBBBOOO
OOOOBOOOO
BOOOWOOOO
OOOOOWOOB
BBWWKWWBB
BOOOWOOOB
OOOOWOOOO
OOOOBOOOO
OOOBBBOOO
-
W
Waiting for W...
Suggested move: Turn: W Pawn from f5 to f7
OOOBBBOOO
OOOOBOOOO
OOOOWOOOO
BOOOOWOOB
BBWWKWWBB
BOOOWOOOB
OOOOWOOOO
OOOOBOOOO
OOOBBBOOO
-
B
OOOBBBOOO
OOOOBOOOO
BOOOWOOOO
OOOOOWOOB
BBWWKWWBB
BOOOWOOOB
OOOOWOOOO
OOOOBOOOO
OOOBBBOOO
-
W
Stato:
OOOBBBOOO
OOOOBOOOO
BOOOWOOOO
OOOOOWOOB
BBWWKOWBB
BOOOWOOOB
OOOOWWOOO
OOOOBOOOO
OOOBBBOOO
-
B
Waiting for B...
Suggested move: Turn: B Pawn from a3 to a2
OOOBBBOOO
OOOOBOOOO
OOOOWOOOO
BOOOOWOOB
BBWWKWWBB
BOOOWOOOB
OOOOWOOOO
OOOOBOOOO
OOOBBBOOO
-
B
OOOBBBOOO
OOOOBOOOO
BOOOWOOOO
OOOOOWOOB
BBWWKWWBB
BOOOWOOOB
OOOOWOOOO
OOOOBOOOO
OOOBBBOOO
-
W
OOOBBBOOO
OOOOBOOOO
BOOOWOOOO
OOOOOWOOB
BBWWKOWBB
BOOOWOOOB
OOOOWWOOO
OOOOBOOOO
OOOBBBOOO
-
B
Stato:
OOOBBBOOO
BOOOBOOOO
OOOOWOOOO
OOOOOWOOB
BBWWKOWBB
BOOOWOOOB
OOOOWWOOO
OOOOBOOOO
OOOBBBOOO
-
W
Waiting for W...
Suggested move: Turn: W Pawn from c5 to c1
OOOBBBOOO
OOOOBOOOO
OOOOWOOOO
BOOOOWOOB
BBWWKWWBB
BOOOWOOOB
OOOOWOOOO
OOOOBOOOO
OOOBBBOOO
-
B
OOOBBBOOO
OOOOBOOOO
BOOOWOOOO
OOOOOWOOB
BBWWKWWBB
BOOOWOOOB
OOOOWOOOO
OOOOBOOOO
OOOBBBOOO
-
W
OOOBBBOOO
OOOOBOOOO
BOOOWOOOO
OOOOOWOOB
BBWWKOWBB
BOOOWOOOB
OOOOWWOOO
OOOOBOOOO
OOOBBBOOO
-
B
OOOBBBOOO
BOOOBOOOO
OOOOWOOOO
OOOOOWOOB
BBWWKOWBB
BOOOWOOOB
OOOOWWOOO
OOOOBOOOO
OOOBBBOOO
-
W
Stato:
OOWBBBOOO
BOOOBOOOO
OOOOWOOOO
OOOOOWOOB
BBOWKOWBB
BOOOWOOOB
OOOOWWOOO
OOOOBOOOO
OOOBBBOOO
-
B
Waiting for B...
Suggested move: Turn: B Pawn from b5 to b1
Stato:
OBOBBBOOO
BOOOBOOOO
OOOOWOOOO
OOOOOWOOB
BOOWKOWBB
BOOOWOOOB
OOOOWWOOO
OOOOBOOOO
OOOBBBOOO
-
W
Waiting for W...
Suggested move: Turn: W Pawn from d5 to c5
OBOBBBOOO
BOOOBOOOO
OOOOWOOOO
OOOOOWOOB
BOOWKOWBB
BOOOWOOOB
OOOOWWOOO
OOOOBOOOO
OOOBBBOOO
-
W
Stato:
OBOBBBOOO
BOOOBOOOO
OOOOWOOOO
OOOOOWOOB
BOWOKOWBB
BOOOWOOOB
OOOOWWOOO
OOOOBOOOO
OOOBBBOOO
-
B
Waiting for B...
Suggested move: Turn: B Pawn from a2 to a1
OBOBBBOOO
BOOOBOOOO
OOOOWOOOO
OOOOOWOOB
BOOWKOWBB
BOOOWOOOB
OOOOWWOOO
OOOOBOOOO
OOOBBBOOO
-
W
OBOBBBOOO
BOOOBOOOO
OOOOWOOOO
OOOOOWOOB
BOWOKOWBB
BOOOWOOOB
OOOOWWOOO
OOOOBOOOO
OOOBBBOOO
-
B
Stato:
BBOBBBOOO
OOOOBOOOO
OOOOWOOOO
OOOOOWOOB
BOWOKOWBB
BOOOWOOOB
OOOOWWOOO
OOOOBOOOO
OOOBBBOOO
-
W
Waiting for W...
Suggested move: Turn: W Pawn from e7 to a7
OBOBBBOOO
BOOOBOOOO
OOOOWOOOO
OOOOOWOOB
BOOWKOWBB
BOOOWOOOB
OOOOWWOOO
OOOOBOOOO
OOOBBBOOO
-
W
OBOBBBOOO
BOOOBOOOO
OOOOWOOOO
OOOOOWOOB
BOWOKOWBB
BOOOWOOOB
OOOOWWOOO
OOOOBOOOO
OOOBBBOOO
-
B
BBOBBBOOO
OOOOBOOOO
OOOOWOOOO
OOOOOWOOB
BOWOKOWBB
BOOOWOOOB
OOOOWWOOO
OOOOBOOOO
OOOBBBOOO
-
W
Stato:
BBOBBBOOO
OOOOBOOOO
OOOOWOOOO
OOOOOWOOB
BOWOKOWBB
BOOOWOOOB
WOOOOWOOO
OOOOBOOOO
OOOBBBOOO
-
B
Waiting for B...
Suggested move: Turn: B Pawn from e8 to e7
Stato:
BBOBBBOOO
OOOOBOOOO
OOOOWOOOO
OOOOOWOOB
BOWOKOWBB
BOOOOOOOB
WOOOBWOOO
OOOOOOOOO
OOOBBBOOO
-
W
Waiting for W...
Suggested move: Turn: W Pawn from f7 to i7
BBOBBBOOO
OOOOBOOOO
OOOOWOOOO
OOOOOWOOB
BOWOKOWBB
BOOOOOOOB
WOOOBWOOO
OOOOOOOOO
OOOBBBOOO
-
W
Stato:
BBOBBBOOO
OOOOBOOOO
OOOOWOOOO
OOOOOWOOB
BOWOKOWBB
BOOOOOOOB
WOOOBOOOW
OOOOOOOOO
OOOBBBOOO
-
B
Waiting for B...
Suggested move: Turn: B Pawn from a1 to a2
BBOBBBOOO
OOOOBOOOO
OOOOWOOOO
OOOOOWOOB
BOWOKOWBB
BOOOOOOOB
WOOOBWOOO
OOOOOOOOO
OOOBBBOOO
-
W
BBOBBBOOO
OOOOBOOOO
OOOOWOOOO
OOOOOWOOB
BOWOKOWBB
BOOOOOOOB
WOOOBOOOW
OOOOOOOOO
OOOBBBOOO
-
B
Stato:
OBOBBBOOO
BOOOBOOOO
OOOOWOOOO
OOOOOWOOB
BOWOKOWBB
BOOOOOOOB
WOOOBOOOW
OOOOOOOOO
OOOBBBOOO
-
W
Waiting for W...
Suggested move: Turn: W Pawn from a7 to b7
BBOBBBOOO
OOOOBOOOO
OOOOWOOOO
OOOOOWOOB
BOWOKOWBB
BOOOOOOOB
WOOOBWOOO
OOOOOOOOO
OOOBBBOOO
-
W
BBOBBBOOO
OOOOBOOOO
OOOOWOOOO
OOOOOWOOB
BOWOKOWBB
BOOOOOOOB
WOOOBOOOW
OOOOOOOOO
OOOBBBOOO
-
B
OBOBBBOOO
BOOOBOOOO
OOOOWOOOO
OOOOOWOOB
BOWOKOWBB
BOOOOOOOB
WOOOBOOOW
OOOOOOOOO
OOOBBBOOO
-
W
Stato:
OBOBBBOOO
BOOOBOOOO
OOOOWOOOO
OOOOOWOOB
BOWOKOWBB
BOOOOOOOB
OWOOBOOOW
OOOOOOOOO
OOOBBBOOO
-
B
Waiting for B...
Suggested move: Turn: B Pawn from a2 to a1
BBOBBBOOO
OOOOBOOOO
OOOOWOOOO
OOOOOWOOB
BOWOKOWBB
BOOOOOOOB
WOOOBWOOO
OOOOOOOOO
OOOBBBOOO
-
W
BBOBBBOOO
OOOOBOOOO
OOOOWOOOO
OOOOOWOOB
BOWOKOWBB
BOOOOOOOB
WOOOBOOOW
OOOOOOOOO
OOOBBBOOO
-
B
OBOBBBOOO
BOOOBOOOO
OOOOWOOOO
OOOOOWOOB
BOWOKOWBB
BOOOOOOOB
WOOOBOOOW
OOOOOOOOO
OOOBBBOOO
-
W
OBOBBBOOO
BOOOBOOOO
OOOOWOOOO
OOOOOWOOB
BOWOKOWBB
BOOOOOOOB
OWOOBOOOW
OOOOOOOOO
OOOBBBOOO
-
B
Stato:
BBOBBBOOO
OOOOBOOOO
OOOOWOOOO
OOOOOWOOB
BOWOKOWBB
BOOOOOOOB
OWOOBOOOW
OOOOOOOOO
OOOBBBOOO
-
W
Waiting for W...
Suggested move: Turn: W Pawn from b7 to a7
BBOBBBOOO
OOOOBOOOO
OOOOWOOOO
OOOOOWOOB
BOWOKOWBB
BOOOOOOOB
WOOOBWOOO
OOOOOOOOO
OOOBBBOOO
-
W
BBOBBBOOO
OOOOBOOOO
OOOOWOOOO
OOOOOWOOB
BOWOKOWBB
BOOOOOOOB
WOOOBOOOW
OOOOOOOOO
OOOBBBOOO
-
B
Stato:
BBOBBBOOO
OOOOBOOOO
OOOOWOOOO
OOOOOWOOB
BOWOKOWBB
BOOOOOOOB
WOOOBOOOW
OOOOOOOOO
OOOBBBOOO
-
D
END OF THE GAME
RESULT: DRAW
