usage: java Server
 -c,--cache <arg>           cache must be an integer, negative value means
                            infinite; default: infinite
 -e,--errors <arg>          errors must be an integer >= 0; default: 0
 -g,--enableGUI             enableGUI if option is present
 -r,--game rules <arg>      game rules must be an integer; 1 for Tablut, 2
                            for Modern, 3 for Brandub, 4 for Ashton;
                            default: 4
 -s,--repeatedState <arg>   repeatedStates must be an integer >= 0;
                            default: 0
 -t,--time <arg>            time must be an integer (number of seconds);
                            default: 60
/Users/pelle/Development/GitHub/tablut-challenge/games_executor/logs/1732708025264_systemLog.txt
Waiting for connections...
White player name:	flag3
Black player name:	grey
Clients connected..
Waiting for W...
Suggested move: Turn: W Pawn from c5 to c4
Stato:
OOOBBBOOO
OOOOBOOOO
OOOOWOOOO
BOWOWOOOB
BBOWKWWBB
BOOOWOOOB
OOOOWOOOO
OOOOBOOOO
OOOBBBOOO
-
B
Waiting for B...
Suggested move: Turn: B Pawn from b5 to b2
OOOBBBOOO
OOOOBOOOO
OOOOWOOOO
BOWOWOOOB
BBOWKWWBB
BOOOWOOOB
OOOOWOOOO
OOOOBOOOO
OOOBBBOOO
-
B
Stato:
OOOBBBOOO
OBOOBOOOO
OOOOWOOOO
BOWOWOOOB
BOOWKWWBB
BOOOWOOOB
OOOOWOOOO
OOOOBOOOO
OOOBBBOOO
-
W
Waiting for W...
Suggested move: Turn: W Pawn from c4 to c3
OOOBBBOOO
OOOOBOOOO
OOOOWOOOO
BOWOWOOOB
BBOWKWWBB
BOOOWOOOB
OOOOWOOOO
OOOOBOOOO
OOOBBBOOO
-
B
OOOBBBOOO
OBOOBOOOO
OOOOWOOOO
BOWOWOOOB
BOOWKWWBB
BOOOWOOOB
OOOOWOOOO
OOOOBOOOO
OOOBBBOOO
-
W
Stato:
OOOBBBOOO
OBOOBOOOO
OOWOWOOOO
BOOOWOOOB
BOOWKWWBB
BOOOWOOOB
OOOOWOOOO
OOOOBOOOO
OOOBBBOOO
-
B
Waiting for B...
Suggested move: Turn: B Pawn from e2 to h2
OOOBBBOOO
OOOOBOOOO
OOOOWOOOO
BOWOWOOOB
BBOWKWWBB
BOOOWOOOB
OOOOWOOOO
OOOOBOOOO
OOOBBBOOO
-
B
OOOBBBOOO
OBOOBOOOO
OOOOWOOOO
BOWOWOOOB
BOOWKWWBB
BOOOWOOOB
OOOOWOOOO
OOOOBOOOO
OOOBBBOOO
-
W
OOOBBBOOO
OBOOBOOOO
OOWOWOOOO
BOOOWOOOB
BOOWKWWBB
BOOOWOOOB
OOOOWOOOO
OOOOBOOOO
OOOBBBOOO
-
B
Stato:
OOOBBBOOO
OBOOOOOBO
OOWOWOOOO
BOOOWOOOB
BOOWKWWBB
BOOOWOOOB
OOOOWOOOO
OOOOBOOOO
OOOBBBOOO
-
W
Waiting for W...
Suggested move: Turn: W Pawn from c3 to c2
OOOBBBOOO
OOOOBOOOO
OOOOWOOOO
BOWOWOOOB
BBOWKWWBB
BOOOWOOOB
OOOOWOOOO
OOOOBOOOO
OOOBBBOOO
-
B
OOOBBBOOO
OBOOBOOOO
OOOOWOOOO
BOWOWOOOB
BOOWKWWBB
BOOOWOOOB
OOOOWOOOO
OOOOBOOOO
OOOBBBOOO
-
W
OOOBBBOOO
OBOOBOOOO
OOWOWOOOO
BOOOWOOOB
BOOWKWWBB
BOOOWOOOB
OOOOWOOOO
OOOOBOOOO
OOOBBBOOO
-
B
OOOBBBOOO
OBOOOOOBO
OOWOWOOOO
BOOOWOOOB
BOOWKWWBB
BOOOWOOOB
OOOOWOOOO
OOOOBOOOO
OOOBBBOOO
-
W
Stato:
OOOBBBOOO
OBWOOOOBO
OOOOWOOOO
BOOOWOOOB
BOOWKWWBB
BOOOWOOOB
OOOOWOOOO
OOOOBOOOO
OOOBBBOOO
-
B
Waiting for B...
Suggested move: Turn: B Pawn from e8 to h8
OOOBBBOOO
OOOOBOOOO
OOOOWOOOO
BOWOWOOOB
BBOWKWWBB
BOOOWOOOB
OOOOWOOOO
OOOOBOOOO
OOOBBBOOO
-
B
OOOBBBOOO
OBOOBOOOO
OOOOWOOOO
BOWOWOOOB
BOOWKWWBB
BOOOWOOOB
OOOOWOOOO
OOOOBOOOO
OOOBBBOOO
-
W
OOOBBBOOO
OBOOBOOOO
OOWOWOOOO
BOOOWOOOB
BOOWKWWBB
BOOOWOOOB
OOOOWOOOO
OOOOBOOOO
OOOBBBOOO
-
B
OOOBBBOOO
OBOOOOOBO
OOWOWOOOO
BOOOWOOOB
BOOWKWWBB
BOOOWOOOB
OOOOWOOOO
OOOOBOOOO
OOOBBBOOO
-
W
OOOBBBOOO
OBWOOOOBO
OOOOWOOOO
BOOOWOOOB
BOOWKWWBB
BOOOWOOOB
OOOOWOOOO
OOOOBOOOO
OOOBBBOOO
-
B
Stato:
OOOBBBOOO
OBWOOOOBO
OOOOWOOOO
BOOOWOOOB
BOOWKWWBB
BOOOWOOOB
OOOOWOOOO
OOOOOOOBO
OOOBBBOOO
-
W
Waiting for W...
Suggested move: Turn: W Pawn from c2 to c1
OOOBBBOOO
OOOOBOOOO
OOOOWOOOO
BOWOWOOOB
BBOWKWWBB
BOOOWOOOB
OOOOWOOOO
OOOOBOOOO
OOOBBBOOO
-
B
OOOBBBOOO
OBOOBOOOO
OOOOWOOOO
BOWOWOOOB
BOOWKWWBB
BOOOWOOOB
OOOOWOOOO
OOOOBOOOO
OOOBBBOOO
-
W
OOOBBBOOO
OBOOBOOOO
OOWOWOOOO
BOOOWOOOB
BOOWKWWBB
BOOOWOOOB
OOOOWOOOO
OOOOBOOOO
OOOBBBOOO
-
B
OOOBBBOOO
OBOOOOOBO
OOWOWOOOO
BOOOWOOOB
BOOWKWWBB
BOOOWOOOB
OOOOWOOOO
OOOOBOOOO
OOOBBBOOO
-
W
OOOBBBOOO
OBWOOOOBO
OOOOWOOOO
BOOOWOOOB
BOOWKWWBB
BOOOWOOOB
OOOOWOOOO
OOOOBOOOO
OOOBBBOOO
-
B
OOOBBBOOO
OBWOOOOBO
OOOOWOOOO
BOOOWOOOB
BOOWKWWBB
BOOOWOOOB
OOOOWOOOO
OOOOOOOBO
OOOBBBOOO
-
W
Stato:
OOWBBBOOO
OBOOOOOBO
OOOOWOOOO
BOOOWOOOB
BOOWKWWBB
BOOOWOOOB
OOOOWOOOO
OOOOOOOBO
OOOBBBOOO
-
B
Waiting for B...
Suggested move: Turn: B Pawn from h5 to h3
OOOBBBOOO
OOOOBOOOO
OOOOWOOOO
BOWOWOOOB
BBOWKWWBB
BOOOWOOOB
OOOOWOOOO
OOOOBOOOO
OOOBBBOOO
-
B
OOOBBBOOO
OBOOBOOOO
OOOOWOOOO
BOWOWOOOB
BOOWKWWBB
BOOOWOOOB
OOOOWOOOO
OOOOBOOOO
OOOBBBOOO
-
W
OOOBBBOOO
OBOOBOOOO
OOWOWOOOO
BOOOWOOOB
BOOWKWWBB
BOOOWOOOB
OOOOWOOOO
OOOOBOOOO
OOOBBBOOO
-
B
OOOBBBOOO
OBOOOOOBO
OOWOWOOOO
BOOOWOOOB
BOOWKWWBB
BOOOWOOOB
OOOOWOOOO
OOOOBOOOO
OOOBBBOOO
-
W
OOOBBBOOO
OBWOOOOBO
OOOOWOOOO
BOOOWOOOB
BOOWKWWBB
BOOOWOOOB
OOOOWOOOO
OOOOBOOOO
OOOBBBOOO
-
B
OOOBBBOOO
OBWOOOOBO
OOOOWOOOO
BOOOWOOOB
BOOWKWWBB
BOOOWOOOB
OOOOWOOOO
OOOOOOOBO
OOOBBBOOO
-
W
OOWBBBOOO
OBOOOOOBO
OOOOWOOOO
BOOOWOOOB
BOOWKWWBB
BOOOWOOOB
OOOOWOOOO
OOOOOOOBO
OOOBBBOOO
-
B
Stato:
OOWBBBOOO
OBOOOOOBO
OOOOWOOBO
BOOOWOOOB
BOOWKWWOB
BOOOWOOOB
OOOOWOOOO
OOOOOOOBO
OOOBBBOOO
-
W
Waiting for W...
Suggested move: Turn: W Pawn from c1 to c2
OOOBBBOOO
OOOOBOOOO
OOOOWOOOO
BOWOWOOOB
BBOWKWWBB
BOOOWOOOB
OOOOWOOOO
OOOOBOOOO
OOOBBBOOO
-
B
OOOBBBOOO
OBOOBOOOO
OOOOWOOOO
BOWOWOOOB
BOOWKWWBB
BOOOWOOOB
OOOOWOOOO
OOOOBOOOO
OOOBBBOOO
-
W
OOOBBBOOO
OBOOBOOOO
OOWOWOOOO
BOOOWOOOB
BOOWKWWBB
BOOOWOOOB
OOOOWOOOO
OOOOBOOOO
OOOBBBOOO
-
B
OOOBBBOOO
OBOOOOOBO
OOWOWOOOO
BOOOWOOOB
BOOWKWWBB
BOOOWOOOB
OOOOWOOOO
OOOOBOOOO
OOOBBBOOO
-
W
OOOBBBOOO
OBWOOOOBO
OOOOWOOOO
BOOOWOOOB
BOOWKWWBB
BOOOWOOOB
OOOOWOOOO
OOOOBOOOO
OOOBBBOOO
-
B
OOOBBBOOO
OBWOOOOBO
OOOOWOOOO
BOOOWOOOB
BOOWKWWBB
BOOOWOOOB
OOOOWOOOO
OOOOOOOBO
OOOBBBOOO
-
W
OOWBBBOOO
OBOOOOOBO
OOOOWOOOO
BOOOWOOOB
BOOWKWWBB
BOOOWOOOB
OOOOWOOOO
OOOOOOOBO
OOOBBBOOO
-
B
OOWBBBOOO
OBOOOOOBO
OOOOWOOBO
BOOOWOOOB
BOOWKWWOB
BOOOWOOOB
OOOOWOOOO
OOOOOOOBO
OOOBBBOOO
-
W
Stato:
OOOBBBOOO
OBWOOOOBO
OOOOWOOBO
BOOOWOOOB
BOOWKWWOB
BOOOWOOOB
OOOOWOOOO
OOOOOOOBO
OOOBBBOOO
-
B
Waiting for B...
Suggested move: Turn: B Pawn from d1 to d2
Stato:
OOOOBBOOO
OBOBOOOBO
OOOOWOOBO
BOOOWOOOB
BOOWKWWOB
BOOOWOOOB
OOOOWOOOO
OOOOOOOBO
OOOBBBOOO
-
W
Waiting for W...
Suggested move: Turn: W Pawn from d5 to d4
OOOOBBOOO
OBOBOOOBO
OOOOWOOBO
BOOOWOOOB
BOOWKWWOB
BOOOWOOOB
OOOOWOOOO
OOOOOOOBO
OOOBBBOOO
-
W
Stato:
OOOOBBOOO
OBOBOOOBO
OOOOWOOBO
BOOWWOOOB
BOOOKWWOB
BOOOWOOOB
OOOOWOOOO
OOOOOOOBO
OOOBBBOOO
-
B
Waiting for B...
Suggested move: Turn: B Pawn from d2 to c2
OOOOBBOOO
OBOBOOOBO
OOOOWOOBO
BOOOWOOOB
BOOWKWWOB
BOOOWOOOB
OOOOWOOOO
OOOOOOOBO
OOOBBBOOO
-
W
OOOOBBOOO
OBOBOOOBO
OOOOWOOBO
BOOWWOOOB
BOOOKWWOB
BOOOWOOOB
OOOOWOOOO
OOOOOOOBO
OOOBBBOOO
-
B
Stato:
OOOOBBOOO
OBBOOOOBO
OOOOWOOBO
BOOWWOOOB
BOOOKWWOB
BOOOWOOOB
OOOOWOOOO
OOOOOOOBO
OOOBBBOOO
-
W
Waiting for W...
Suggested move: Turn: W Pawn from d4 to d3
OOOOBBOOO
OBOBOOOBO
OOOOWOOBO
BOOOWOOOB
BOOWKWWOB
BOOOWOOOB
OOOOWOOOO
OOOOOOOBO
OOOBBBOOO
-
W
OOOOBBOOO
OBOBOOOBO
OOOOWOOBO
BOOWWOOOB
BOOOKWWOB
BOOOWOOOB
OOOOWOOOO
OOOOOOOBO
OOOBBBOOO
-
B
OOOOBBOOO
OBBOOOOBO
OOOOWOOBO
BOOWWOOOB
BOOOKWWOB
BOOOWOOOB
OOOOWOOOO
OOOOOOOBO
OOOBBBOOO
-
W
Stato:
OOOOBBOOO
OBBOOOOBO
OOOWWOOBO
BOOOWOOOB
BOOOKWWOB
BOOOWOOOB
OOOOWOOOO
OOOOOOOBO
OOOBBBOOO
-
B
Waiting for B...
Suggested move: Turn: B Pawn from d9 to d5
OOOOBBOOO
OBOBOOOBO
OOOOWOOBO
BOOOWOOOB
BOOWKWWOB
BOOOWOOOB
OOOOWOOOO
OOOOOOOBO
OOOBBBOOO
-
W
OOOOBBOOO
OBOBOOOBO
OOOOWOOBO
BOOWWOOOB
BOOOKWWOB
BOOOWOOOB
OOOOWOOOO
OOOOOOOBO
OOOBBBOOO
-
B
OOOOBBOOO
OBBOOOOBO
OOOOWOOBO
BOOWWOOOB
BOOOKWWOB
BOOOWOOOB
OOOOWOOOO
OOOOOOOBO
OOOBBBOOO
-
W
OOOOBBOOO
OBBOOOOBO
OOOWWOOBO
BOOOWOOOB
BOOOKWWOB
BOOOWOOOB
OOOOWOOOO
OOOOOOOBO
OOOBBBOOO
-
B
Stato:
OOOOBBOOO
OBBOOOOBO
OOOWWOOBO
BOOOWOOOB
BOOBKWWOB
BOOOWOOOB
OOOOWOOOO
OOOOOOOBO
OOOOBBOOO
-
W
Waiting for W...
Suggested move: Turn: W Pawn from d3 to d2
OOOOBBOOO
OBOBOOOBO
OOOOWOOBO
BOOOWOOOB
BOOWKWWOB
BOOOWOOOB
OOOOWOOOO
OOOOOOOBO
OOOBBBOOO
-
W
OOOOBBOOO
OBOBOOOBO
OOOOWOOBO
BOOWWOOOB
BOOOKWWOB
BOOOWOOOB
OOOOWOOOO
OOOOOOOBO
OOOBBBOOO
-
B
OOOOBBOOO
OBBOOOOBO
OOOOWOOBO
BOOWWOOOB
BOOOKWWOB
BOOOWOOOB
OOOOWOOOO
OOOOOOOBO
OOOBBBOOO
-
W
OOOOBBOOO
OBBOOOOBO
OOOWWOOBO
BOOOWOOOB
BOOOKWWOB
BOOOWOOOB
OOOOWOOOO
OOOOOOOBO
OOOBBBOOO
-
B
OOOOBBOOO
OBBOOOOBO
OOOWWOOBO
BOOOWOOOB
BOOBKWWOB
BOOOWOOOB
OOOOWOOOO
OOOOOOOBO
OOOOBBOOO
-
W
Stato:
OOOOBBOOO
OBBWOOOBO
OOOOWOOBO
BOOOWOOOB
BOOBKWWOB
BOOOWOOOB
OOOOWOOOO
OOOOOOOBO
OOOOBBOOO
-
B
Waiting for B...
Suggested move: Turn: B Pawn from a4 to a3
OOOOBBOOO
OBOBOOOBO
OOOOWOOBO
BOOOWOOOB
BOOWKWWOB
BOOOWOOOB
OOOOWOOOO
OOOOOOOBO
OOOBBBOOO
-
W
OOOOBBOOO
OBOBOOOBO
OOOOWOOBO
BOOWWOOOB
BOOOKWWOB
BOOOWOOOB
OOOOWOOOO
OOOOOOOBO
OOOBBBOOO
-
B
OOOOBBOOO
OBBOOOOBO
OOOOWOOBO
BOOWWOOOB
BOOOKWWOB
BOOOWOOOB
OOOOWOOOO
OOOOOOOBO
OOOBBBOOO
-
W
OOOOBBOOO
OBBOOOOBO
OOOWWOOBO
BOOOWOOOB
BOOOKWWOB
BOOOWOOOB
OOOOWOOOO
OOOOOOOBO
OOOBBBOOO
-
B
OOOOBBOOO
OBBOOOOBO
OOOWWOOBO
BOOOWOOOB
BOOBKWWOB
BOOOWOOOB
OOOOWOOOO
OOOOOOOBO
OOOOBBOOO
-
W
OOOOBBOOO
OBBWOOOBO
OOOOWOOBO
BOOOWOOOB
BOOBKWWOB
BOOOWOOOB
OOOOWOOOO
OOOOOOOBO
OOOOBBOOO
-
B
Stato:
OOOOBBOOO
OBBWOOOBO
BOOOWOOBO
OOOOWOOOB
BOOBKWWOB
BOOOWOOOB
OOOOWOOOO
OOOOOOOBO
OOOOBBOOO
-
W
Waiting for W...
Suggested move: Turn: W Pawn from d2 to d3
OOOOBBOOO
OBOBOOOBO
OOOOWOOBO
BOOOWOOOB
BOOWKWWOB
BOOOWOOOB
OOOOWOOOO
OOOOOOOBO
OOOBBBOOO
-
W
OOOOBBOOO
OBOBOOOBO
OOOOWOOBO
BOOWWOOOB
BOOOKWWOB
BOOOWOOOB
OOOOWOOOO
OOOOOOOBO
OOOBBBOOO
-
B
OOOOBBOOO
OBBOOOOBO
OOOOWOOBO
BOOWWOOOB
BOOOKWWOB
BOOOWOOOB
OOOOWOOOO
OOOOOOOBO
OOOBBBOOO
-
W
OOOOBBOOO
OBBOOOOBO
OOOWWOOBO
BOOOWOOOB
BOOOKWWOB
BOOOWOOOB
OOOOWOOOO
OOOOOOOBO
OOOBBBOOO
-
B
OOOOBBOOO
OBBOOOOBO
OOOWWOOBO
BOOOWOOOB
BOOBKWWOB
BOOOWOOOB
OOOOWOOOO
OOOOOOOBO
OOOOBBOOO
-
W
OOOOBBOOO
OBBWOOOBO
OOOOWOOBO
BOOOWOOOB
BOOBKWWOB
BOOOWOOOB
OOOOWOOOO
OOOOOOOBO
OOOOBBOOO
-
B
OOOOBBOOO
OBBWOOOBO
BOOOWOOBO
OOOOWOOOB
BOOBKWWOB
BOOOWOOOB
OOOOWOOOO
OOOOOOOBO
OOOOBBOOO
-
W
Stato:
OOOOBBOOO
OBBOOOOBO
BOOWWOOBO
OOOOWOOOB
BOOBKWWOB
BOOOWOOOB
OOOOWOOOO
OOOOOOOBO
OOOOBBOOO
-
B
Waiting for B...
Suggested move: Turn: B Pawn from a3 to c3
OOOOBBOOO
OBOBOOOBO
OOOOWOOBO
BOOOWOOOB
BOOWKWWOB
BOOOWOOOB
OOOOWOOOO
OOOOOOOBO
OOOBBBOOO
-
W
OOOOBBOOO
OBOBOOOBO
OOOOWOOBO
BOOWWOOOB
BOOOKWWOB
BOOOWOOOB
OOOOWOOOO
OOOOOOOBO
OOOBBBOOO
-
B
OOOOBBOOO
OBBOOOOBO
OOOOWOOBO
BOOWWOOOB
BOOOKWWOB
BOOOWOOOB
OOOOWOOOO
OOOOOOOBO
OOOBBBOOO
-
W
OOOOBBOOO
OBBOOOOBO
OOOWWOOBO
BOOOWOOOB
BOOOKWWOB
BOOOWOOOB
OOOOWOOOO
OOOOOOOBO
OOOBBBOOO
-
B
OOOOBBOOO
OBBOOOOBO
OOOWWOOBO
BOOOWOOOB
BOOBKWWOB
BOOOWOOOB
OOOOWOOOO
OOOOOOOBO
OOOOBBOOO
-
W
OOOOBBOOO
OBBWOOOBO
OOOOWOOBO
BOOOWOOOB
BOOBKWWOB
BOOOWOOOB
OOOOWOOOO
OOOOOOOBO
OOOOBBOOO
-
B
OOOOBBOOO
OBBWOOOBO
BOOOWOOBO
OOOOWOOOB
BOOBKWWOB
BOOOWOOOB
OOOOWOOOO
OOOOOOOBO
OOOOBBOOO
-
W
OOOOBBOOO
OBBOOOOBO
BOOWWOOBO
OOOOWOOOB
BOOBKWWOB
BOOOWOOOB
OOOOWOOOO
OOOOOOOBO
OOOOBBOOO
-
B
Stato:
OOOOBBOOO
OBBOOOOBO
OOBWWOOBO
OOOOWOOOB
BOOBKWWOB
BOOOWOOOB
OOOOWOOOO
OOOOOOOBO
OOOOBBOOO
-
W
Waiting for W...
Suggested move: Turn: W Pawn from d3 to d2
OOOOBBOOO
OBOBOOOBO
OOOOWOOBO
BOOOWOOOB
BOOWKWWOB
BOOOWOOOB
OOOOWOOOO
OOOOOOOBO
OOOBBBOOO
-
W
OOOOBBOOO
OBOBOOOBO
OOOOWOOBO
BOOWWOOOB
BOOOKWWOB
BOOOWOOOB
OOOOWOOOO
OOOOOOOBO
OOOBBBOOO
-
B
OOOOBBOOO
OBBOOOOBO
OOOOWOOBO
BOOWWOOOB
BOOOKWWOB
BOOOWOOOB
OOOOWOOOO
OOOOOOOBO
OOOBBBOOO
-
W
OOOOBBOOO
OBBOOOOBO
OOOWWOOBO
BOOOWOOOB
BOOOKWWOB
BOOOWOOOB
OOOOWOOOO
OOOOOOOBO
OOOBBBOOO
-
B
OOOOBBOOO
OBBOOOOBO
OOOWWOOBO
BOOOWOOOB
BOOBKWWOB
BOOOWOOOB
OOOOWOOOO
OOOOOOOBO
OOOOBBOOO
-
W
OOOOBBOOO
OBBWOOOBO
OOOOWOOBO
BOOOWOOOB
BOOBKWWOB
BOOOWOOOB
OOOOWOOOO
OOOOOOOBO
OOOOBBOOO
-
B
OOOOBBOOO
OBBWOOOBO
BOOOWOOBO
OOOOWOOOB
BOOBKWWOB
BOOOWOOOB
OOOOWOOOO
OOOOOOOBO
OOOOBBOOO
-
W
OOOOBBOOO
OBBOOOOBO
BOOWWOOBO
OOOOWOOOB
BOOBKWWOB
BOOOWOOOB
OOOOWOOOO
OOOOOOOBO
OOOOBBOOO
-
B
OOOOBBOOO
OBBOOOOBO
OOBWWOOBO
OOOOWOOOB
BOOBKWWOB
BOOOWOOOB
OOOOWOOOO
OOOOOOOBO
OOOOBBOOO
-
W
Stato:
OOOOBBOOO
OBBWOOOBO
OOBOWOOBO
OOOOWOOOB
BOOBKWWOB
BOOOWOOOB
OOOOWOOOO
OOOOOOOBO
OOOOBBOOO
-
B
Waiting for B...
Suggested move: Turn: B Pawn from a6 to b6
OOOOBBOOO
OBOBOOOBO
OOOOWOOBO
BOOOWOOOB
BOOWKWWOB
BOOOWOOOB
OOOOWOOOO
OOOOOOOBO
OOOBBBOOO
-
W
OOOOBBOOO
OBOBOOOBO
OOOOWOOBO
BOOWWOOOB
BOOOKWWOB
BOOOWOOOB
OOOOWOOOO
OOOOOOOBO
OOOBBBOOO
-
B
OOOOBBOOO
OBBOOOOBO
OOOOWOOBO
BOOWWOOOB
BOOOKWWOB
BOOOWOOOB
OOOOWOOOO
OOOOOOOBO
OOOBBBOOO
-
W
OOOOBBOOO
OBBOOOOBO
OOOWWOOBO
BOOOWOOOB
BOOOKWWOB
BOOOWOOOB
OOOOWOOOO
OOOOOOOBO
OOOBBBOOO
-
B
OOOOBBOOO
OBBOOOOBO
OOOWWOOBO
BOOOWOOOB
BOOBKWWOB
BOOOWOOOB
OOOOWOOOO
OOOOOOOBO
OOOOBBOOO
-
W
OOOOBBOOO
OBBWOOOBO
OOOOWOOBO
BOOOWOOOB
BOOBKWWOB
BOOOWOOOB
OOOOWOOOO
OOOOOOOBO
OOOOBBOOO
-
B
OOOOBBOOO
OBBWOOOBO
BOOOWOOBO
OOOOWOOOB
BOOBKWWOB
BOOOWOOOB
OOOOWOOOO
OOOOOOOBO
OOOOBBOOO
-
W
OOOOBBOOO
OBBOOOOBO
BOOWWOOBO
OOOOWOOOB
BOOBKWWOB
BOOOWOOOB
OOOOWOOOO
OOOOOOOBO
OOOOBBOOO
-
B
OOOOBBOOO
OBBOOOOBO
OOBWWOOBO
OOOOWOOOB
BOOBKWWOB
BOOOWOOOB
OOOOWOOOO
OOOOOOOBO
OOOOBBOOO
-
W
OOOOBBOOO
OBBWOOOBO
OOBOWOOBO
OOOOWOOOB
BOOBKWWOB
BOOOWOOOB
OOOOWOOOO
OOOOOOOBO
OOOOBBOOO
-
B
Stato:
OOOOBBOOO
OBBWOOOBO
OOBOWOOBO
OOOOWOOOB
BOOBKWWOB
OBOOWOOOB
OOOOWOOOO
OOOOOOOBO
OOOOBBOOO
-
W
Waiting for W...
Suggested move: Turn: W Pawn from d2 to d3
OOOOBBOOO
OBOBOOOBO
OOOOWOOBO
BOOOWOOOB
BOOWKWWOB
BOOOWOOOB
OOOOWOOOO
OOOOOOOBO
OOOBBBOOO
-
W
OOOOBBOOO
OBOBOOOBO
OOOOWOOBO
BOOWWOOOB
BOOOKWWOB
BOOOWOOOB
OOOOWOOOO
OOOOOOOBO
OOOBBBOOO
-
B
OOOOBBOOO
OBBOOOOBO
OOOOWOOBO
BOOWWOOOB
BOOOKWWOB
BOOOWOOOB
OOOOWOOOO
OOOOOOOBO
OOOBBBOOO
-
W
OOOOBBOOO
OBBOOOOBO
OOOWWOOBO
BOOOWOOOB
BOOOKWWOB
BOOOWOOOB
OOOOWOOOO
OOOOOOOBO
OOOBBBOOO
-
B
OOOOBBOOO
OBBOOOOBO
OOOWWOOBO
BOOOWOOOB
BOOBKWWOB
BOOOWOOOB
OOOOWOOOO
OOOOOOOBO
OOOOBBOOO
-
W
OOOOBBOOO
OBBWOOOBO
OOOOWOOBO
BOOOWOOOB
BOOBKWWOB
BOOOWOOOB
OOOOWOOOO
OOOOOOOBO
OOOOBBOOO
-
B
OOOOBBOOO
OBBWOOOBO
BOOOWOOBO
OOOOWOOOB
BOOBKWWOB
BOOOWOOOB
OOOOWOOOO
OOOOOOOBO
OOOOBBOOO
-
W
OOOOBBOOO
OBBOOOOBO
BOOWWOOBO
OOOOWOOOB
BOOBKWWOB
BOOOWOOOB
OOOOWOOOO
OOOOOOOBO
OOOOBBOOO
-
B
OOOOBBOOO
OBBOOOOBO
OOBWWOOBO
OOOOWOOOB
BOOBKWWOB
BOOOWOOOB
OOOOWOOOO
OOOOOOOBO
OOOOBBOOO
-
W
OOOOBBOOO
OBBWOOOBO
OOBOWOOBO
OOOOWOOOB
BOOBKWWOB
BOOOWOOOB
OOOOWOOOO
OOOOOOOBO
OOOOBBOOO
-
B
OOOOBBOOO
OBBWOOOBO
OOBOWOOBO
OOOOWOOOB
BOOBKWWOB
OBOOWOOOB
OOOOWOOOO
OOOOOOOBO
OOOOBBOOO
-
W
Stato:
OOOOBBOOO
OBBOOOOBO
OOBWWOOBO
OOOOWOOOB
BOOBKWWOB
OBOOWOOOB
OOOOWOOOO
OOOOOOOBO
OOOOBBOOO
-
B
Waiting for B...
Suggested move: Turn: B Pawn from b6 to b8
OOOOBBOOO
OBOBOOOBO
OOOOWOOBO
BOOOWOOOB
BOOWKWWOB
BOOOWOOOB
OOOOWOOOO
OOOOOOOBO
OOOBBBOOO
-
W
OOOOBBOOO
OBOBOOOBO
OOOOWOOBO
BOOWWOOOB
BOOOKWWOB
BOOOWOOOB
OOOOWOOOO
OOOOOOOBO
OOOBBBOOO
-
B
OOOOBBOOO
OBBOOOOBO
OOOOWOOBO
BOOWWOOOB
BOOOKWWOB
BOOOWOOOB
OOOOWOOOO
OOOOOOOBO
OOOBBBOOO
-
W
OOOOBBOOO
OBBOOOOBO
OOOWWOOBO
BOOOWOOOB
BOOOKWWOB
BOOOWOOOB
OOOOWOOOO
OOOOOOOBO
OOOBBBOOO
-
B
OOOOBBOOO
OBBOOOOBO
OOOWWOOBO
BOOOWOOOB
BOOBKWWOB
BOOOWOOOB
OOOOWOOOO
OOOOOOOBO
OOOOBBOOO
-
W
OOOOBBOOO
OBBWOOOBO
OOOOWOOBO
BOOOWOOOB
BOOBKWWOB
BOOOWOOOB
OOOOWOOOO
OOOOOOOBO
OOOOBBOOO
-
B
OOOOBBOOO
OBBWOOOBO
BOOOWOOBO
OOOOWOOOB
BOOBKWWOB
BOOOWOOOB
OOOOWOOOO
OOOOOOOBO
OOOOBBOOO
-
W
OOOOBBOOO
OBBOOOOBO
BOOWWOOBO
OOOOWOOOB
BOOBKWWOB
BOOOWOOOB
OOOOWOOOO
OOOOOOOBO
OOOOBBOOO
-
B
OOOOBBOOO
OBBOOOOBO
OOBWWOOBO
OOOOWOOOB
BOOBKWWOB
BOOOWOOOB
OOOOWOOOO
OOOOOOOBO
OOOOBBOOO
-
W
OOOOBBOOO
OBBWOOOBO
OOBOWOOBO
OOOOWOOOB
BOOBKWWOB
BOOOWOOOB
OOOOWOOOO
OOOOOOOBO
OOOOBBOOO
-
B
OOOOBBOOO
OBBWOOOBO
OOBOWOOBO
OOOOWOOOB
BOOBKWWOB
OBOOWOOOB
OOOOWOOOO
OOOOOOOBO
OOOOBBOOO
-
W
OOOOBBOOO
OBBOOOOBO
OOBWWOOBO
OOOOWOOOB
BOOBKWWOB
OBOOWOOOB
OOOOWOOOO
OOOOOOOBO
OOOOBBOOO
-
B
Stato:
OOOOBBOOO
OBBOOOOBO
OOBWWOOBO
OOOOWOOOB
BOOBKWWOB
OOOOWOOOB
OOOOWOOOO
OBOOOOOBO
OOOOBBOOO
-
W
Waiting for W...
Suggested move: Turn: W Pawn from d3 to d2
OOOOBBOOO
OBOBOOOBO
OOOOWOOBO
BOOOWOOOB
BOOWKWWOB
BOOOWOOOB
OOOOWOOOO
OOOOOOOBO
OOOBBBOOO
-
W
OOOOBBOOO
OBOBOOOBO
OOOOWOOBO
BOOWWOOOB
BOOOKWWOB
BOOOWOOOB
OOOOWOOOO
OOOOOOOBO
OOOBBBOOO
-
B
OOOOBBOOO
OBBOOOOBO
OOOOWOOBO
BOOWWOOOB
BOOOKWWOB
BOOOWOOOB
OOOOWOOOO
OOOOOOOBO
OOOBBBOOO
-
W
OOOOBBOOO
OBBOOOOBO
OOOWWOOBO
BOOOWOOOB
BOOOKWWOB
BOOOWOOOB
OOOOWOOOO
OOOOOOOBO
OOOBBBOOO
-
B
OOOOBBOOO
OBBOOOOBO
OOOWWOOBO
BOOOWOOOB
BOOBKWWOB
BOOOWOOOB
OOOOWOOOO
OOOOOOOBO
OOOOBBOOO
-
W
OOOOBBOOO
OBBWOOOBO
OOOOWOOBO
BOOOWOOOB
BOOBKWWOB
BOOOWOOOB
OOOOWOOOO
OOOOOOOBO
OOOOBBOOO
-
B
OOOOBBOOO
OBBWOOOBO
BOOOWOOBO
OOOOWOOOB
BOOBKWWOB
BOOOWOOOB
OOOOWOOOO
OOOOOOOBO
OOOOBBOOO
-
W
OOOOBBOOO
OBBOOOOBO
BOOWWOOBO
OOOOWOOOB
BOOBKWWOB
BOOOWOOOB
OOOOWOOOO
OOOOOOOBO
OOOOBBOOO
-
B
OOOOBBOOO
OBBOOOOBO
OOBWWOOBO
OOOOWOOOB
BOOBKWWOB
BOOOWOOOB
OOOOWOOOO
OOOOOOOBO
OOOOBBOOO
-
W
OOOOBBOOO
OBBWOOOBO
OOBOWOOBO
OOOOWOOOB
BOOBKWWOB
BOOOWOOOB
OOOOWOOOO
OOOOOOOBO
OOOOBBOOO
-
B
OOOOBBOOO
OBBWOOOBO
OOBOWOOBO
OOOOWOOOB
BOOBKWWOB
OBOOWOOOB
OOOOWOOOO
OOOOOOOBO
OOOOBBOOO
-
W
OOOOBBOOO
OBBOOOOBO
OOBWWOOBO
OOOOWOOOB
BOOBKWWOB
OBOOWOOOB
OOOOWOOOO
OOOOOOOBO
OOOOBBOOO
-
B
OOOOBBOOO
OBBOOOOBO
OOBWWOOBO
OOOOWOOOB
BOOBKWWOB
OOOOWOOOB
OOOOWOOOO
OBOOOOOBO
OOOOBBOOO
-
W
Stato:
OOOOBBOOO
OBBWOOOBO
OOBOWOOBO
OOOOWOOOB
BOOBKWWOB
OOOOWOOOB
OOOOWOOOO
OBOOOOOBO
OOOOBBOOO
-
B
Waiting for B...
Suggested move: Turn: B Pawn from c3 to c7
OOOOBBOOO
OBOBOOOBO
OOOOWOOBO
BOOOWOOOB
BOOWKWWOB
BOOOWOOOB
OOOOWOOOO
OOOOOOOBO
OOOBBBOOO
-
W
OOOOBBOOO
OBOBOOOBO
OOOOWOOBO
BOOWWOOOB
BOOOKWWOB
BOOOWOOOB
OOOOWOOOO
OOOOOOOBO
OOOBBBOOO
-
B
OOOOBBOOO
OBBOOOOBO
OOOOWOOBO
BOOWWOOOB
BOOOKWWOB
BOOOWOOOB
OOOOWOOOO
OOOOOOOBO
OOOBBBOOO
-
W
OOOOBBOOO
OBBOOOOBO
OOOWWOOBO
BOOOWOOOB
BOOOKWWOB
BOOOWOOOB
OOOOWOOOO
OOOOOOOBO
OOOBBBOOO
-
B
OOOOBBOOO
OBBOOOOBO
OOOWWOOBO
BOOOWOOOB
BOOBKWWOB
BOOOWOOOB
OOOOWOOOO
OOOOOOOBO
OOOOBBOOO
-
W
OOOOBBOOO
OBBWOOOBO
OOOOWOOBO
BOOOWOOOB
BOOBKWWOB
BOOOWOOOB
OOOOWOOOO
OOOOOOOBO
OOOOBBOOO
-
B
OOOOBBOOO
OBBWOOOBO
BOOOWOOBO
OOOOWOOOB
BOOBKWWOB
BOOOWOOOB
OOOOWOOOO
OOOOOOOBO
OOOOBBOOO
-
W
OOOOBBOOO
OBBOOOOBO
BOOWWOOBO
OOOOWOOOB
BOOBKWWOB
BOOOWOOOB
OOOOWOOOO
OOOOOOOBO
OOOOBBOOO
-
B
OOOOBBOOO
OBBOOOOBO
OOBWWOOBO
OOOOWOOOB
BOOBKWWOB
BOOOWOOOB
OOOOWOOOO
OOOOOOOBO
OOOOBBOOO
-
W
OOOOBBOOO
OBBWOOOBO
OOBOWOOBO
OOOOWOOOB
BOOBKWWOB
BOOOWOOOB
OOOOWOOOO
OOOOOOOBO
OOOOBBOOO
-
B
OOOOBBOOO
OBBWOOOBO
OOBOWOOBO
OOOOWOOOB
BOOBKWWOB
OBOOWOOOB
OOOOWOOOO
OOOOOOOBO
OOOOBBOOO
-
W
OOOOBBOOO
OBBOOOOBO
OOBWWOOBO
OOOOWOOOB
BOOBKWWOB
OBOOWOOOB
OOOOWOOOO
OOOOOOOBO
OOOOBBOOO
-
B
OOOOBBOOO
OBBOOOOBO
OOBWWOOBO
OOOOWOOOB
BOOBKWWOB
OOOOWOOOB
OOOOWOOOO
OBOOOOOBO
OOOOBBOOO
-
W
OOOOBBOOO
OBBWOOOBO
OOBOWOOBO
OOOOWOOOB
BOOBKWWOB
OOOOWOOOB
OOOOWOOOO
OBOOOOOBO
OOOOBBOOO
-
B
Stato:
OOOOBBOOO
OBBWOOOBO
OOOOWOOBO
OOOOWOOOB
BOOBKWWOB
OOOOWOOOB
OOBOWOOOO
OBOOOOOBO
OOOOBBOOO
-
W
Waiting for W...
Suggested move: Turn: W Pawn from d2 to d3
OOOOBBOOO
OBOBOOOBO
OOOOWOOBO
BOOOWOOOB
BOOWKWWOB
BOOOWOOOB
OOOOWOOOO
OOOOOOOBO
OOOBBBOOO
-
W
OOOOBBOOO
OBOBOOOBO
OOOOWOOBO
BOOWWOOOB
BOOOKWWOB
BOOOWOOOB
OOOOWOOOO
OOOOOOOBO
OOOBBBOOO
-
B
OOOOBBOOO
OBBOOOOBO
OOOOWOOBO
BOOWWOOOB
BOOOKWWOB
BOOOWOOOB
OOOOWOOOO
OOOOOOOBO
OOOBBBOOO
-
W
OOOOBBOOO
OBBOOOOBO
OOOWWOOBO
BOOOWOOOB
BOOOKWWOB
BOOOWOOOB
OOOOWOOOO
OOOOOOOBO
OOOBBBOOO
-
B
OOOOBBOOO
OBBOOOOBO
OOOWWOOBO
BOOOWOOOB
BOOBKWWOB
BOOOWOOOB
OOOOWOOOO
OOOOOOOBO
OOOOBBOOO
-
W
OOOOBBOOO
OBBWOOOBO
OOOOWOOBO
BOOOWOOOB
BOOBKWWOB
BOOOWOOOB
OOOOWOOOO
OOOOOOOBO
OOOOBBOOO
-
B
OOOOBBOOO
OBBWOOOBO
BOOOWOOBO
OOOOWOOOB
BOOBKWWOB
BOOOWOOOB
OOOOWOOOO
OOOOOOOBO
OOOOBBOOO
-
W
OOOOBBOOO
OBBOOOOBO
BOOWWOOBO
OOOOWOOOB
BOOBKWWOB
BOOOWOOOB
OOOOWOOOO
OOOOOOOBO
OOOOBBOOO
-
B
OOOOBBOOO
OBBOOOOBO
OOBWWOOBO
OOOOWOOOB
BOOBKWWOB
BOOOWOOOB
OOOOWOOOO
OOOOOOOBO
OOOOBBOOO
-
W
OOOOBBOOO
OBBWOOOBO
OOBOWOOBO
OOOOWOOOB
BOOBKWWOB
BOOOWOOOB
OOOOWOOOO
OOOOOOOBO
OOOOBBOOO
-
B
OOOOBBOOO
OBBWOOOBO
OOBOWOOBO
OOOOWOOOB
BOOBKWWOB
OBOOWOOOB
OOOOWOOOO
OOOOOOOBO
OOOOBBOOO
-
W
OOOOBBOOO
OBBOOOOBO
OOBWWOOBO
OOOOWOOOB
BOOBKWWOB
OBOOWOOOB
OOOOWOOOO
OOOOOOOBO
OOOOBBOOO
-
B
OOOOBBOOO
OBBOOOOBO
OOBWWOOBO
OOOOWOOOB
BOOBKWWOB
OOOOWOOOB
OOOOWOOOO
OBOOOOOBO
OOOOBBOOO
-
W
OOOOBBOOO
OBBWOOOBO
OOBOWOOBO
OOOOWOOOB
BOOBKWWOB
OOOOWOOOB
OOOOWOOOO
OBOOOOOBO
OOOOBBOOO
-
B
OOOOBBOOO
OBBWOOOBO
OOOOWOOBO
OOOOWOOOB
BOOBKWWOB
OOOOWOOOB
OOBOWOOOO
OBOOOOOBO
OOOOBBOOO
-
W
Stato:
OOOOBBOOO
OBBOOOOBO
OOOWWOOBO
OOOOWOOOB
BOOBKWWOB
OOOOWOOOB
OOBOWOOOO
OBOOOOOBO
OOOOBBOOO
-
B
Waiting for B...
Suggested move: Turn: B Pawn from c2 to c3
OOOOBBOOO
OBOBOOOBO
OOOOWOOBO
BOOOWOOOB
BOOWKWWOB
BOOOWOOOB
OOOOWOOOO
OOOOOOOBO
OOOBBBOOO
-
W
OOOOBBOOO
OBOBOOOBO
OOOOWOOBO
BOOWWOOOB
BOOOKWWOB
BOOOWOOOB
OOOOWOOOO
OOOOOOOBO
OOOBBBOOO
-
B
OOOOBBOOO
OBBOOOOBO
OOOOWOOBO
BOOWWOOOB
BOOOKWWOB
BOOOWOOOB
OOOOWOOOO
OOOOOOOBO
OOOBBBOOO
-
W
OOOOBBOOO
OBBOOOOBO
OOOWWOOBO
BOOOWOOOB
BOOOKWWOB
BOOOWOOOB
OOOOWOOOO
OOOOOOOBO
OOOBBBOOO
-
B
OOOOBBOOO
OBBOOOOBO
OOOWWOOBO
BOOOWOOOB
BOOBKWWOB
BOOOWOOOB
OOOOWOOOO
OOOOOOOBO
OOOOBBOOO
-
W
OOOOBBOOO
OBBWOOOBO
OOOOWOOBO
BOOOWOOOB
BOOBKWWOB
BOOOWOOOB
OOOOWOOOO
OOOOOOOBO
OOOOBBOOO
-
B
OOOOBBOOO
OBBWOOOBO
BOOOWOOBO
OOOOWOOOB
BOOBKWWOB
BOOOWOOOB
OOOOWOOOO
OOOOOOOBO
OOOOBBOOO
-
W
OOOOBBOOO
OBBOOOOBO
BOOWWOOBO
OOOOWOOOB
BOOBKWWOB
BOOOWOOOB
OOOOWOOOO
OOOOOOOBO
OOOOBBOOO
-
B
OOOOBBOOO
OBBOOOOBO
OOBWWOOBO
OOOOWOOOB
BOOBKWWOB
BOOOWOOOB
OOOOWOOOO
OOOOOOOBO
OOOOBBOOO
-
W
OOOOBBOOO
OBBWOOOBO
OOBOWOOBO
OOOOWOOOB
BOOBKWWOB
BOOOWOOOB
OOOOWOOOO
OOOOOOOBO
OOOOBBOOO
-
B
OOOOBBOOO
OBBWOOOBO
OOBOWOOBO
OOOOWOOOB
BOOBKWWOB
OBOOWOOOB
OOOOWOOOO
OOOOOOOBO
OOOOBBOOO
-
W
OOOOBBOOO
OBBOOOOBO
OOBWWOOBO
OOOOWOOOB
BOOBKWWOB
OBOOWOOOB
OOOOWOOOO
OOOOOOOBO
OOOOBBOOO
-
B
OOOOBBOOO
OBBOOOOBO
OOBWWOOBO
OOOOWOOOB
BOOBKWWOB
OOOOWOOOB
OOOOWOOOO
OBOOOOOBO
OOOOBBOOO
-
W
OOOOBBOOO
OBBWOOOBO
OOBOWOOBO
OOOOWOOOB
BOOBKWWOB
OOOOWOOOB
OOOOWOOOO
OBOOOOOBO
OOOOBBOOO
-
B
OOOOBBOOO
OBBWOOOBO
OOOOWOOBO
OOOOWOOOB
BOOBKWWOB
OOOOWOOOB
OOBOWOOOO
OBOOOOOBO
OOOOBBOOO
-
W
OOOOBBOOO
OBBOOOOBO
OOOWWOOBO
OOOOWOOOB
BOOBKWWOB
OOOOWOOOB
OOBOWOOOO
OBOOOOOBO
OOOOBBOOO
-
B
Stato:
OOOOBBOOO
OBOOOOOBO
OOBWWOOBO
OOOOWOOOB
BOOBKWWOB
OOOOWOOOB
OOBOWOOOO
OBOOOOOBO
OOOOBBOOO
-
W
Waiting for W...
Suggested move: Turn: W Pawn from d3 to d2
OOOOBBOOO
OBOBOOOBO
OOOOWOOBO
BOOOWOOOB
BOOWKWWOB
BOOOWOOOB
OOOOWOOOO
OOOOOOOBO
OOOBBBOOO
-
W
OOOOBBOOO
OBOBOOOBO
OOOOWOOBO
BOOWWOOOB
BOOOKWWOB
BOOOWOOOB
OOOOWOOOO
OOOOOOOBO
OOOBBBOOO
-
B
OOOOBBOOO
OBBOOOOBO
OOOOWOOBO
BOOWWOOOB
BOOOKWWOB
BOOOWOOOB
OOOOWOOOO
OOOOOOOBO
OOOBBBOOO
-
W
OOOOBBOOO
OBBOOOOBO
OOOWWOOBO
BOOOWOOOB
BOOOKWWOB
BOOOWOOOB
OOOOWOOOO
OOOOOOOBO
OOOBBBOOO
-
B
OOOOBBOOO
OBBOOOOBO
OOOWWOOBO
BOOOWOOOB
BOOBKWWOB
BOOOWOOOB
OOOOWOOOO
OOOOOOOBO
OOOOBBOOO
-
W
OOOOBBOOO
OBBWOOOBO
OOOOWOOBO
BOOOWOOOB
BOOBKWWOB
BOOOWOOOB
OOOOWOOOO
OOOOOOOBO
OOOOBBOOO
-
B
OOOOBBOOO
OBBWOOOBO
BOOOWOOBO
OOOOWOOOB
BOOBKWWOB
BOOOWOOOB
OOOOWOOOO
OOOOOOOBO
OOOOBBOOO
-
W
OOOOBBOOO
OBBOOOOBO
BOOWWOOBO
OOOOWOOOB
BOOBKWWOB
BOOOWOOOB
OOOOWOOOO
OOOOOOOBO
OOOOBBOOO
-
B
OOOOBBOOO
OBBOOOOBO
OOBWWOOBO
OOOOWOOOB
BOOBKWWOB
BOOOWOOOB
OOOOWOOOO
OOOOOOOBO
OOOOBBOOO
-
W
OOOOBBOOO
OBBWOOOBO
OOBOWOOBO
OOOOWOOOB
BOOBKWWOB
BOOOWOOOB
OOOOWOOOO
OOOOOOOBO
OOOOBBOOO
-
B
OOOOBBOOO
OBBWOOOBO
OOBOWOOBO
OOOOWOOOB
BOOBKWWOB
OBOOWOOOB
OOOOWOOOO
OOOOOOOBO
OOOOBBOOO
-
W
OOOOBBOOO
OBBOOOOBO
OOBWWOOBO
OOOOWOOOB
BOOBKWWOB
OBOOWOOOB
OOOOWOOOO
OOOOOOOBO
OOOOBBOOO
-
B
OOOOBBOOO
OBBOOOOBO
OOBWWOOBO
OOOOWOOOB
BOOBKWWOB
OOOOWOOOB
OOOOWOOOO
OBOOOOOBO
OOOOBBOOO
-
W
OOOOBBOOO
OBBWOOOBO
OOBOWOOBO
OOOOWOOOB
BOOBKWWOB
OOOOWOOOB
OOOOWOOOO
OBOOOOOBO
OOOOBBOOO
-
B
OOOOBBOOO
OBBWOOOBO
OOOOWOOBO
OOOOWOOOB
BOOBKWWOB
OOOOWOOOB
OOBOWOOOO
OBOOOOOBO
OOOOBBOOO
-
W
OOOOBBOOO
OBBOOOOBO
OOOWWOOBO
OOOOWOOOB
BOOBKWWOB
OOOOWOOOB
OOBOWOOOO
OBOOOOOBO
OOOOBBOOO
-
B
OOOOBBOOO
OBOOOOOBO
OOBWWOOBO
OOOOWOOOB
BOOBKWWOB
OOOOWOOOB
OOBOWOOOO
OBOOOOOBO
OOOOBBOOO
-
W
Stato:
OOOOBBOOO
OBOWOOOBO
OOBOWOOBO
OOOOWOOOB
BOOBKWWOB
OOOOWOOOB
OOBOWOOOO
OBOOOOOBO
OOOOBBOOO
-
B
Waiting for B...
Suggested move: Turn: B Pawn from c3 to b3
OOOOBBOOO
OBOBOOOBO
OOOOWOOBO
BOOOWOOOB
BOOWKWWOB
BOOOWOOOB
OOOOWOOOO
OOOOOOOBO
OOOBBBOOO
-
W
OOOOBBOOO
OBOBOOOBO
OOOOWOOBO
BOOWWOOOB
BOOOKWWOB
BOOOWOOOB
OOOOWOOOO
OOOOOOOBO
OOOBBBOOO
-
B
OOOOBBOOO
OBBOOOOBO
OOOOWOOBO
BOOWWOOOB
BOOOKWWOB
BOOOWOOOB
OOOOWOOOO
OOOOOOOBO
OOOBBBOOO
-
W
OOOOBBOOO
OBBOOOOBO
OOOWWOOBO
BOOOWOOOB
BOOOKWWOB
BOOOWOOOB
OOOOWOOOO
OOOOOOOBO
OOOBBBOOO
-
B
OOOOBBOOO
OBBOOOOBO
OOOWWOOBO
BOOOWOOOB
BOOBKWWOB
BOOOWOOOB
OOOOWOOOO
OOOOOOOBO
OOOOBBOOO
-
W
OOOOBBOOO
OBBWOOOBO
OOOOWOOBO
BOOOWOOOB
BOOBKWWOB
BOOOWOOOB
OOOOWOOOO
OOOOOOOBO
OOOOBBOOO
-
B
OOOOBBOOO
OBBWOOOBO
BOOOWOOBO
OOOOWOOOB
BOOBKWWOB
BOOOWOOOB
OOOOWOOOO
OOOOOOOBO
OOOOBBOOO
-
W
OOOOBBOOO
OBBOOOOBO
BOOWWOOBO
OOOOWOOOB
BOOBKWWOB
BOOOWOOOB
OOOOWOOOO
OOOOOOOBO
OOOOBBOOO
-
B
OOOOBBOOO
OBBOOOOBO
OOBWWOOBO
OOOOWOOOB
BOOBKWWOB
BOOOWOOOB
OOOOWOOOO
OOOOOOOBO
OOOOBBOOO
-
W
OOOOBBOOO
OBBWOOOBO
OOBOWOOBO
OOOOWOOOB
BOOBKWWOB
BOOOWOOOB
OOOOWOOOO
OOOOOOOBO
OOOOBBOOO
-
B
OOOOBBOOO
OBBWOOOBO
OOBOWOOBO
OOOOWOOOB
BOOBKWWOB
OBOOWOOOB
OOOOWOOOO
OOOOOOOBO
OOOOBBOOO
-
W
OOOOBBOOO
OBBOOOOBO
OOBWWOOBO
OOOOWOOOB
BOOBKWWOB
OBOOWOOOB
OOOOWOOOO
OOOOOOOBO
OOOOBBOOO
-
B
OOOOBBOOO
OBBOOOOBO
OOBWWOOBO
OOOOWOOOB
BOOBKWWOB
OOOOWOOOB
OOOOWOOOO
OBOOOOOBO
OOOOBBOOO
-
W
OOOOBBOOO
OBBWOOOBO
OOBOWOOBO
OOOOWOOOB
BOOBKWWOB
OOOOWOOOB
OOOOWOOOO
OBOOOOOBO
OOOOBBOOO
-
B
OOOOBBOOO
OBBWOOOBO
OOOOWOOBO
OOOOWOOOB
BOOBKWWOB
OOOOWOOOB
OOBOWOOOO
OBOOOOOBO
OOOOBBOOO
-
W
OOOOBBOOO
OBBOOOOBO
OOOWWOOBO
OOOOWOOOB
BOOBKWWOB
OOOOWOOOB
OOBOWOOOO
OBOOOOOBO
OOOOBBOOO
-
B
OOOOBBOOO
OBOOOOOBO
OOBWWOOBO
OOOOWOOOB
BOOBKWWOB
OOOOWOOOB
OOBOWOOOO
OBOOOOOBO
OOOOBBOOO
-
W
OOOOBBOOO
OBOWOOOBO
OOBOWOOBO
OOOOWOOOB
BOOBKWWOB
OOOOWOOOB
OOBOWOOOO
OBOOOOOBO
OOOOBBOOO
-
B
Stato:
OOOOBBOOO
OBOWOOOBO
OBOOWOOBO
OOOOWOOOB
BOOBKWWOB
OOOOWOOOB
OOBOWOOOO
OBOOOOOBO
OOOOBBOOO
-
W
Waiting for W...
Suggested move: Turn: W Pawn from d2 to d3
OOOOBBOOO
OBOBOOOBO
OOOOWOOBO
BOOOWOOOB
BOOWKWWOB
BOOOWOOOB
OOOOWOOOO
OOOOOOOBO
OOOBBBOOO
-
W
OOOOBBOOO
OBOBOOOBO
OOOOWOOBO
BOOWWOOOB
BOOOKWWOB
BOOOWOOOB
OOOOWOOOO
OOOOOOOBO
OOOBBBOOO
-
B
OOOOBBOOO
OBBOOOOBO
OOOOWOOBO
BOOWWOOOB
BOOOKWWOB
BOOOWOOOB
OOOOWOOOO
OOOOOOOBO
OOOBBBOOO
-
W
OOOOBBOOO
OBBOOOOBO
OOOWWOOBO
BOOOWOOOB
BOOOKWWOB
BOOOWOOOB
OOOOWOOOO
OOOOOOOBO
OOOBBBOOO
-
B
OOOOBBOOO
OBBOOOOBO
OOOWWOOBO
BOOOWOOOB
BOOBKWWOB
BOOOWOOOB
OOOOWOOOO
OOOOOOOBO
OOOOBBOOO
-
W
OOOOBBOOO
OBBWOOOBO
OOOOWOOBO
BOOOWOOOB
BOOBKWWOB
BOOOWOOOB
OOOOWOOOO
OOOOOOOBO
OOOOBBOOO
-
B
OOOOBBOOO
OBBWOOOBO
BOOOWOOBO
OOOOWOOOB
BOOBKWWOB
BOOOWOOOB
OOOOWOOOO
OOOOOOOBO
OOOOBBOOO
-
W
OOOOBBOOO
OBBOOOOBO
BOOWWOOBO
OOOOWOOOB
BOOBKWWOB
BOOOWOOOB
OOOOWOOOO
OOOOOOOBO
OOOOBBOOO
-
B
OOOOBBOOO
OBBOOOOBO
OOBWWOOBO
OOOOWOOOB
BOOBKWWOB
BOOOWOOOB
OOOOWOOOO
OOOOOOOBO
OOOOBBOOO
-
W
OOOOBBOOO
OBBWOOOBO
OOBOWOOBO
OOOOWOOOB
BOOBKWWOB
BOOOWOOOB
OOOOWOOOO
OOOOOOOBO
OOOOBBOOO
-
B
OOOOBBOOO
OBBWOOOBO
OOBOWOOBO
OOOOWOOOB
BOOBKWWOB
OBOOWOOOB
OOOOWOOOO
OOOOOOOBO
OOOOBBOOO
-
W
OOOOBBOOO
OBBOOOOBO
OOBWWOOBO
OOOOWOOOB
BOOBKWWOB
OBOOWOOOB
OOOOWOOOO
OOOOOOOBO
OOOOBBOOO
-
B
OOOOBBOOO
OBBOOOOBO
OOBWWOOBO
OOOOWOOOB
BOOBKWWOB
OOOOWOOOB
OOOOWOOOO
OBOOOOOBO
OOOOBBOOO
-
W
OOOOBBOOO
OBBWOOOBO
OOBOWOOBO
OOOOWOOOB
BOOBKWWOB
OOOOWOOOB
OOOOWOOOO
OBOOOOOBO
OOOOBBOOO
-
B
OOOOBBOOO
OBBWOOOBO
OOOOWOOBO
OOOOWOOOB
BOOBKWWOB
OOOOWOOOB
OOBOWOOOO
OBOOOOOBO
OOOOBBOOO
-
W
OOOOBBOOO
OBBOOOOBO
OOOWWOOBO
OOOOWOOOB
BOOBKWWOB
OOOOWOOOB
OOBOWOOOO
OBOOOOOBO
OOOOBBOOO
-
B
OOOOBBOOO
OBOOOOOBO
OOBWWOOBO
OOOOWOOOB
BOOBKWWOB
OOOOWOOOB
OOBOWOOOO
OBOOOOOBO
OOOOBBOOO
-
W
OOOOBBOOO
OBOWOOOBO
OOBOWOOBO
OOOOWOOOB
BOOBKWWOB
OOOOWOOOB
OOBOWOOOO
OBOOOOOBO
OOOOBBOOO
-
B
OOOOBBOOO
OBOWOOOBO
OBOOWOOBO
OOOOWOOOB
BOOBKWWOB
OOOOWOOOB
OOBOWOOOO
OBOOOOOBO
OOOOBBOOO
-
W
Stato:
OOOOBBOOO
OBOOOOOBO
OBOWWOOBO
OOOOWOOOB
BOOBKWWOB
OOOOWOOOB
OOBOWOOOO
OBOOOOOBO
OOOOBBOOO
-
B
Waiting for B...
Suggested move: Turn: B Pawn from b3 to c3
OOOOBBOOO
OBOBOOOBO
OOOOWOOBO
BOOOWOOOB
BOOWKWWOB
BOOOWOOOB
OOOOWOOOO
OOOOOOOBO
OOOBBBOOO
-
W
OOOOBBOOO
OBOBOOOBO
OOOOWOOBO
BOOWWOOOB
BOOOKWWOB
BOOOWOOOB
OOOOWOOOO
OOOOOOOBO
OOOBBBOOO
-
B
OOOOBBOOO
OBBOOOOBO
OOOOWOOBO
BOOWWOOOB
BOOOKWWOB
BOOOWOOOB
OOOOWOOOO
OOOOOOOBO
OOOBBBOOO
-
W
OOOOBBOOO
OBBOOOOBO
OOOWWOOBO
BOOOWOOOB
BOOOKWWOB
BOOOWOOOB
OOOOWOOOO
OOOOOOOBO
OOOBBBOOO
-
B
OOOOBBOOO
OBBOOOOBO
OOOWWOOBO
BOOOWOOOB
BOOBKWWOB
BOOOWOOOB
OOOOWOOOO
OOOOOOOBO
OOOOBBOOO
-
W
OOOOBBOOO
OBBWOOOBO
OOOOWOOBO
BOOOWOOOB
BOOBKWWOB
BOOOWOOOB
OOOOWOOOO
OOOOOOOBO
OOOOBBOOO
-
B
OOOOBBOOO
OBBWOOOBO
BOOOWOOBO
OOOOWOOOB
BOOBKWWOB
BOOOWOOOB
OOOOWOOOO
OOOOOOOBO
OOOOBBOOO
-
W
OOOOBBOOO
OBBOOOOBO
BOOWWOOBO
OOOOWOOOB
BOOBKWWOB
BOOOWOOOB
OOOOWOOOO
OOOOOOOBO
OOOOBBOOO
-
B
OOOOBBOOO
OBBOOOOBO
OOBWWOOBO
OOOOWOOOB
BOOBKWWOB
BOOOWOOOB
OOOOWOOOO
OOOOOOOBO
OOOOBBOOO
-
W
OOOOBBOOO
OBBWOOOBO
OOBOWOOBO
OOOOWOOOB
BOOBKWWOB
BOOOWOOOB
OOOOWOOOO
OOOOOOOBO
OOOOBBOOO
-
B
OOOOBBOOO
OBBWOOOBO
OOBOWOOBO
OOOOWOOOB
BOOBKWWOB
OBOOWOOOB
OOOOWOOOO
OOOOOOOBO
OOOOBBOOO
-
W
OOOOBBOOO
OBBOOOOBO
OOBWWOOBO
OOOOWOOOB
BOOBKWWOB
OBOOWOOOB
OOOOWOOOO
OOOOOOOBO
OOOOBBOOO
-
B
OOOOBBOOO
OBBOOOOBO
OOBWWOOBO
OOOOWOOOB
BOOBKWWOB
OOOOWOOOB
OOOOWOOOO
OBOOOOOBO
OOOOBBOOO
-
W
OOOOBBOOO
OBBWOOOBO
OOBOWOOBO
OOOOWOOOB
BOOBKWWOB
OOOOWOOOB
OOOOWOOOO
OBOOOOOBO
OOOOBBOOO
-
B
OOOOBBOOO
OBBWOOOBO
OOOOWOOBO
OOOOWOOOB
BOOBKWWOB
OOOOWOOOB
OOBOWOOOO
OBOOOOOBO
OOOOBBOOO
-
W
OOOOBBOOO
OBBOOOOBO
OOOWWOOBO
OOOOWOOOB
BOOBKWWOB
OOOOWOOOB
OOBOWOOOO
OBOOOOOBO
OOOOBBOOO
-
B
OOOOBBOOO
OBOOOOOBO
OOBWWOOBO
OOOOWOOOB
BOOBKWWOB
OOOOWOOOB
OOBOWOOOO
OBOOOOOBO
OOOOBBOOO
-
W
Stato:
OOOOBBOOO
OBOOOOOBO
OOBWWOOBO
OOOOWOOOB
BOOBKWWOB
OOOOWOOOB
OOBOWOOOO
OBOOOOOBO
OOOOBBOOO
-
D
END OF THE GAME
RESULT: DRAW
