usage: java Server
 -c,--cache <arg>           cache must be an integer, negative value means
                            infinite; default: infinite
 -e,--errors <arg>          errors must be an integer >= 0; default: 0
 -g,--enableGUI             enableGUI if option is present
 -r,--game rules <arg>      game rules must be an integer; 1 for Tablut, 2
                            for Modern, 3 for Brandub, 4 for Ashton;
                            default: 4
 -s,--repeatedState <arg>   repeatedStates must be an integer >= 0;
                            default: 0
 -t,--time <arg>            time must be an integer (number of seconds);
                            default: 60
/Users/pelle/Development/GitHub/tablut-challenge/games_executor/logs/1732707987296_systemLog.txt
Waiting for connections...
White player name:	grey
Black player name:	flag_3
Clients connected..
Waiting for W...
Suggested move: Turn: W Pawn from e4 to f4
Stato:
OOOBBBOOO
OOOOBOOOO
OOOOWOOOO
BOOOOWOOB
BBWWKWWBB
BOOOWOOOB
OOOOWOOOO
OOOOBOOOO
OOOBBBOOO
-
B
Waiting for B...
Suggested move: Turn: B Pawn from a4 to a3
OOOBBBOOO
OOOOBOOOO
OOOOWOOOO
BOOOOWOOB
BBWWKWWBB
BOOOWOOOB
OOOOWOOOO
OOOOBOOOO
OOOBBBOOO
-
B
Stato:
OOOBBBOOO
OOOOBOOOO
BOOOWOOOO
OOOOOWOOB
BBWWKWWBB
BOOOWOOOB
OOOOWOOOO
OOOOBOOOO
OOOBBBOOO
-
W
Waiting for W...
Suggested move: Turn: W Pawn from f5 to f7
OOOBBBOOO
OOOOBOOOO
OOOOWOOOO
BOOOOWOOB
BBWWKWWBB
BOOOWOOOB
OOOOWOOOO
OOOOBOOOO
OOOBBBOOO
-
B
OOOBBBOOO
OOOOBOOOO
BOOOWOOOO
OOOOOWOOB
BBWWKWWBB
BOOOWOOOB
OOOOWOOOO
OOOOBOOOO
OOOBBBOOO
-
W
Stato:
OOOBBBOOO
OOOOBOOOO
BOOOWOOOO
OOOOOWOOB
BBWWKOWBB
BOOOWOOOB
OOOOWWOOO
OOOOBOOOO
OOOBBBOOO
-
B
Waiting for B...
Suggested move: Turn: B Pawn from a3 to a2
OOOBBBOOO
OOOOBOOOO
OOOOWOOOO
BOOOOWOOB
BBWWKWWBB
BOOOWOOOB
OOOOWOOOO
OOOOBOOOO
OOOBBBOOO
-
B
OOOBBBOOO
OOOOBOOOO
BOOOWOOOO
OOOOOWOOB
BBWWKWWBB
BOOOWOOOB
OOOOWOOOO
OOOOBOOOO
OOOBBBOOO
-
W
OOOBBBOOO
OOOOBOOOO
BOOOWOOOO
OOOOOWOOB
BBWWKOWBB
BOOOWOOOB
OOOOWWOOO
OOOOBOOOO
OOOBBBOOO
-
B
Stato:
OOOBBBOOO
BOOOBOOOO
OOOOWOOOO
OOOOOWOOB
BBWWKOWBB
BOOOWOOOB
OOOOWWOOO
OOOOBOOOO
OOOBBBOOO
-
W
Waiting for W...
Suggested move: Turn: W Pawn from c5 to c1
OOOBBBOOO
OOOOBOOOO
OOOOWOOOO
BOOOOWOOB
BBWWKWWBB
BOOOWOOOB
OOOOWOOOO
OOOOBOOOO
OOOBBBOOO
-
B
OOOBBBOOO
OOOOBOOOO
BOOOWOOOO
OOOOOWOOB
BBWWKWWBB
BOOOWOOOB
OOOOWOOOO
OOOOBOOOO
OOOBBBOOO
-
W
OOOBBBOOO
OOOOBOOOO
BOOOWOOOO
OOOOOWOOB
BBWWKOWBB
BOOOWOOOB
OOOOWWOOO
OOOOBOOOO
OOOBBBOOO
-
B
OOOBBBOOO
BOOOBOOOO
OOOOWOOOO
OOOOOWOOB
BBWWKOWBB
BOOOWOOOB
OOOOWWOOO
OOOOBOOOO
OOOBBBOOO
-
W
Stato:
OOWBBBOOO
BOOOBOOOO
OOOOWOOOO
OOOOOWOOB
BBOWKOWBB
BOOOWOOOB
OOOOWWOOO
OOOOBOOOO
OOOBBBOOO
-
B
Waiting for B...
Suggested move: Turn: B Pawn from a2 to a1
OOOBBBOOO
OOOOBOOOO
OOOOWOOOO
BOOOOWOOB
BBWWKWWBB
BOOOWOOOB
OOOOWOOOO
OOOOBOOOO
OOOBBBOOO
-
B
OOOBBBOOO
OOOOBOOOO
BOOOWOOOO
OOOOOWOOB
BBWWKWWBB
BOOOWOOOB
OOOOWOOOO
OOOOBOOOO
OOOBBBOOO
-
W
OOOBBBOOO
OOOOBOOOO
BOOOWOOOO
OOOOOWOOB
BBWWKOWBB
BOOOWOOOB
OOOOWWOOO
OOOOBOOOO
OOOBBBOOO
-
B
OOOBBBOOO
BOOOBOOOO
OOOOWOOOO
OOOOOWOOB
BBWWKOWBB
BOOOWOOOB
OOOOWWOOO
OOOOBOOOO
OOOBBBOOO
-
W
OOWBBBOOO
BOOOBOOOO
OOOOWOOOO
OOOOOWOOB
BBOWKOWBB
BOOOWOOOB
OOOOWWOOO
OOOOBOOOO
OOOBBBOOO
-
B
Stato:
BOWBBBOOO
OOOOBOOOO
OOOOWOOOO
OOOOOWOOB
BBOWKOWBB
BOOOWOOOB
OOOOWWOOO
OOOOBOOOO
OOOBBBOOO
-
W
Waiting for W...
Suggested move: Turn: W Pawn from d5 to c5
OOOBBBOOO
OOOOBOOOO
OOOOWOOOO
BOOOOWOOB
BBWWKWWBB
BOOOWOOOB
OOOOWOOOO
OOOOBOOOO
OOOBBBOOO
-
B
OOOBBBOOO
OOOOBOOOO
BOOOWOOOO
OOOOOWOOB
BBWWKWWBB
BOOOWOOOB
OOOOWOOOO
OOOOBOOOO
OOOBBBOOO
-
W
OOOBBBOOO
OOOOBOOOO
BOOOWOOOO
OOOOOWOOB
BBWWKOWBB
BOOOWOOOB
OOOOWWOOO
OOOOBOOOO
OOOBBBOOO
-
B
OOOBBBOOO
BOOOBOOOO
OOOOWOOOO
OOOOOWOOB
BBWWKOWBB
BOOOWOOOB
OOOOWWOOO
OOOOBOOOO
OOOBBBOOO
-
W
OOWBBBOOO
BOOOBOOOO
OOOOWOOOO
OOOOOWOOB
BBOWKOWBB
BOOOWOOOB
OOOOWWOOO
OOOOBOOOO
OOOBBBOOO
-
B
BOWBBBOOO
OOOOBOOOO
OOOOWOOOO
OOOOOWOOB
BBOWKOWBB
BOOOWOOOB
OOOOWWOOO
OOOOBOOOO
OOOBBBOOO
-
W
Stato:
BOWBBBOOO
OOOOBOOOO
OOOOWOOOO
OOOOOWOOB
BBWOKOWBB
BOOOWOOOB
OOOOWWOOO
OOOOBOOOO
OOOBBBOOO
-
B
Waiting for B...
Suggested move: Turn: B Pawn from d1 to d5
Stato:
BOWOBBOOO
OOOOBOOOO
OOOOWOOOO
OOOOOWOOB
BBOBKOWBB
BOOOWOOOB
OOOOWWOOO
OOOOBOOOO
OOOBBBOOO
-
W
Waiting for W...
Suggested move: Turn: W Pawn from c1 to c5
Stato:
BOOOBBOOO
OOOOBOOOO
OOOOWOOOO
OOOOOWOOB
BBWOKOWBB
BOOOWOOOB
OOOOWWOOO
OOOOBOOOO
OOOBBBOOO
-
B
Waiting for B...
Suggested move: Turn: B Pawn from d9 to d5
Stato:
BOOOBBOOO
OOOOBOOOO
OOOOWOOOO
OOOOOWOOB
BBOBKOWBB
BOOOWOOOB
OOOOWWOOO
OOOOBOOOO
OOOOBBOOO
-
W
Waiting for W...
Suggested move: Turn: W Pawn from e7 to a7
BOOOBBOOO
OOOOBOOOO
OOOOWOOOO
OOOOOWOOB
BBOBKOWBB
BOOOWOOOB
OOOOWWOOO
OOOOBOOOO
OOOOBBOOO
-
W
Stato:
BOOOBBOOO
OOOOBOOOO
OOOOWOOOO
OOOOOWOOB
BBOBKOWBB
BOOOWOOOB
WOOOOWOOO
OOOOBOOOO
OOOOBBOOO
-
B
Waiting for B...
Suggested move: Turn: B Pawn from a1 to b1
BOOOBBOOO
OOOOBOOOO
OOOOWOOOO
OOOOOWOOB
BBOBKOWBB
BOOOWOOOB
OOOOWWOOO
OOOOBOOOO
OOOOBBOOO
-
W
BOOOBBOOO
OOOOBOOOO
OOOOWOOOO
OOOOOWOOB
BBOBKOWBB
BOOOWOOOB
WOOOOWOOO
OOOOBOOOO
OOOOBBOOO
-
B
Stato:
OBOOBBOOO
OOOOBOOOO
OOOOWOOOO
OOOOOWOOB
BBOBKOWBB
BOOOWOOOB
WOOOOWOOO
OOOOBOOOO
OOOOBBOOO
-
W
Waiting for W...
Suggested move: Turn: W Pawn from e6 to e7
BOOOBBOOO
OOOOBOOOO
OOOOWOOOO
OOOOOWOOB
BBOBKOWBB
BOOOWOOOB
OOOOWWOOO
OOOOBOOOO
OOOOBBOOO
-
W
BOOOBBOOO
OOOOBOOOO
OOOOWOOOO
OOOOOWOOB
BBOBKOWBB
BOOOWOOOB
WOOOOWOOO
OOOOBOOOO
OOOOBBOOO
-
B
OBOOBBOOO
OOOOBOOOO
OOOOWOOOO
OOOOOWOOB
BBOBKOWBB
BOOOWOOOB
WOOOOWOOO
OOOOBOOOO
OOOOBBOOO
-
W
Stato:
OBOOBBOOO
OOOOBOOOO
OOOOWOOOO
OOOOOWOOB
BBOBKOWBB
BOOOOOOOB
WOOOWWOOO
OOOOBOOOO
OOOOBBOOO
-
B
Waiting for B...
Suggested move: Turn: B Pawn from a6 to e6
Stato:
OBOOBBOOO
OOOOBOOOO
OOOOWOOOO
OOOOOWOOB
BBOBKOWBB
OOOOBOOOB
WOOOOWOOO
OOOOBOOOO
OOOOBBOOO
-
W
Waiting for W...
Suggested move: Turn: W Pawn from a7 to e7
Stato:
OBOOBBOOO
OOOOBOOOO
OOOOWOOOO
OOOOOWOOB
BBOBKOWBB
OOOOOOOOB
OOOOWWOOO
OOOOBOOOO
OOOOBBOOO
-
B
Waiting for B...
Suggested move: Turn: B Pawn from i6 to e6
Stato:
OBOOBBOOO
OOOOBOOOO
OOOOWOOOO
OOOOOWOOB
BBOBKOWBB
OOOOBOOOO
OOOOOWOOO
OOOOBOOOO
OOOOBBOOO
-
W
Waiting for W...
Suggested move: Turn: W Pawn from f7 to e7
Stato:
OBOOBBOOO
OOOOBOOOO
OOOOWOOOO
OOOOOWOOB
BBOBKOWBB
OOOOOOOOO
OOOOWOOOO
OOOOBOOOO
OOOOBBOOO
-
B
Waiting for B...
Suggested move: Turn: B Pawn from f9 to f5
Stato:
OBOOBBOOO
OOOOBOOOO
OOOOWOOOO
OOOOOWOOB
BBOBKBOBB
OOOOOOOOO
OOOOWOOOO
OOOOBOOOO
OOOOBOOOO
-
W
Waiting for W...
Suggested move: Turn: W Pawn from f4 to g4
OBOOBBOOO
OOOOBOOOO
OOOOWOOOO
OOOOOWOOB
BBOBKBOBB
OOOOOOOOO
OOOOWOOOO
OOOOBOOOO
OOOOBOOOO
-
W
Stato:
OBOOBBOOO
OOOOBOOOO
OOOOWOOOO
OOOOOOWOB
BBOBKBOBB
OOOOOOOOO
OOOOWOOOO
OOOOBOOOO
OOOOBOOOO
-
B
Waiting for B...
Suggested move: Turn: B Pawn from b1 to c1
OBOOBBOOO
OOOOBOOOO
OOOOWOOOO
OOOOOWOOB
BBOBKBOBB
OOOOOOOOO
OOOOWOOOO
OOOOBOOOO
OOOOBOOOO
-
W
OBOOBBOOO
OOOOBOOOO
OOOOWOOOO
OOOOOOWOB
BBOBKBOBB
OOOOOOOOO
OOOOWOOOO
OOOOBOOOO
OOOOBOOOO
-
B
Stato:
OOBOBBOOO
OOOOBOOOO
OOOOWOOOO
OOOOOOWOB
BBOBKBOBB
OOOOOOOOO
OOOOWOOOO
OOOOBOOOO
OOOOBOOOO
-
W
Waiting for W...
Suggested move: Turn: W Pawn from g4 to h4
OBOOBBOOO
OOOOBOOOO
OOOOWOOOO
OOOOOWOOB
BBOBKBOBB
OOOOOOOOO
OOOOWOOOO
OOOOBOOOO
OOOOBOOOO
-
W
OBOOBBOOO
OOOOBOOOO
OOOOWOOOO
OOOOOOWOB
BBOBKBOBB
OOOOOOOOO
OOOOWOOOO
OOOOBOOOO
OOOOBOOOO
-
B
OOBOBBOOO
OOOOBOOOO
OOOOWOOOO
OOOOOOWOB
BBOBKBOBB
OOOOOOOOO
OOOOWOOOO
OOOOBOOOO
OOOOBOOOO
-
W
Stato:
OOBOBBOOO
OOOOBOOOO
OOOOWOOOO
OOOOOOOWB
BBOBKBOBB
OOOOOOOOO
OOOOWOOOO
OOOOBOOOO
OOOOBOOOO
-
B
Waiting for B...
Suggested move: Turn: B Pawn from f1 to f3
OBOOBBOOO
OOOOBOOOO
OOOOWOOOO
OOOOOWOOB
BBOBKBOBB
OOOOOOOOO
OOOOWOOOO
OOOOBOOOO
OOOOBOOOO
-
W
OBOOBBOOO
OOOOBOOOO
OOOOWOOOO
OOOOOOWOB
BBOBKBOBB
OOOOOOOOO
OOOOWOOOO
OOOOBOOOO
OOOOBOOOO
-
B
OOBOBBOOO
OOOOBOOOO
OOOOWOOOO
OOOOOOWOB
BBOBKBOBB
OOOOOOOOO
OOOOWOOOO
OOOOBOOOO
OOOOBOOOO
-
W
OOBOBBOOO
OOOOBOOOO
OOOOWOOOO
OOOOOOOWB
BBOBKBOBB
OOOOOOOOO
OOOOWOOOO
OOOOBOOOO
OOOOBOOOO
-
B
Stato:
OOBOBOOOO
OOOOBOOOO
OOOOWBOOO
OOOOOOOWB
BBOBKBOBB
OOOOOOOOO
OOOOWOOOO
OOOOBOOOO
OOOOBOOOO
-
W
Waiting for W...
Suggested move: Turn: W Pawn from h4 to g4
OBOOBBOOO
OOOOBOOOO
OOOOWOOOO
OOOOOWOOB
BBOBKBOBB
OOOOOOOOO
OOOOWOOOO
OOOOBOOOO
OOOOBOOOO
-
W
OBOOBBOOO
OOOOBOOOO
OOOOWOOOO
OOOOOOWOB
BBOBKBOBB
OOOOOOOOO
OOOOWOOOO
OOOOBOOOO
OOOOBOOOO
-
B
OOBOBBOOO
OOOOBOOOO
OOOOWOOOO
OOOOOOWOB
BBOBKBOBB
OOOOOOOOO
OOOOWOOOO
OOOOBOOOO
OOOOBOOOO
-
W
OOBOBBOOO
OOOOBOOOO
OOOOWOOOO
OOOOOOOWB
BBOBKBOBB
OOOOOOOOO
OOOOWOOOO
OOOOBOOOO
OOOOBOOOO
-
B
OOBOBOOOO
OOOOBOOOO
OOOOWBOOO
OOOOOOOWB
BBOBKBOBB
OOOOOOOOO
OOOOWOOOO
OOOOBOOOO
OOOOBOOOO
-
W
Stato:
OOBOBOOOO
OOOOBOOOO
OOOOWBOOO
OOOOOOWOB
BBOBKBOBB
OOOOOOOOO
OOOOWOOOO
OOOOBOOOO
OOOOBOOOO
-
B
Waiting for B...
Suggested move: Turn: B Pawn from d5 to d3
Stato:
OOBOBOOOO
OOOOBOOOO
OOOBOBOOO
OOOOOOWOB
BBOOKBOBB
OOOOOOOOO
OOOOWOOOO
OOOOBOOOO
OOOOBOOOO
-
W
Waiting for W...
Suggested move: Turn: W Pawn from g4 to g5
Stato:
OOBOBOOOO
OOOOBOOOO
OOOBOBOOO
OOOOOOOOB
BBOOKOWBB
OOOOOOOOO
OOOOWOOOO
OOOOBOOOO
OOOOBOOOO
-
B
Waiting for B...
Suggested move: Turn: B Pawn from b5 to d5
OOBOBOOOO
OOOOBOOOO
OOOBOBOOO
OOOOOOOOB
BBOOKOWBB
OOOOOOOOO
OOOOWOOOO
OOOOBOOOO
OOOOBOOOO
-
B
Stato:
OOBOBOOOO
OOOOBOOOO
OOOBOBOOO
OOOOOOOOB
BOOBKOWBB
OOOOOOOOO
OOOOWOOOO
OOOOBOOOO
OOOOBOOOO
-
W
Waiting for W...
Suggested move: Turn: W Pawn from e7 to e6
OOBOBOOOO
OOOOBOOOO
OOOBOBOOO
OOOOOOOOB
BBOOKOWBB
OOOOOOOOO
OOOOWOOOO
OOOOBOOOO
OOOOBOOOO
-
B
OOBOBOOOO
OOOOBOOOO
OOOBOBOOO
OOOOOOOOB
BOOBKOWBB
OOOOOOOOO
OOOOWOOOO
OOOOBOOOO
OOOOBOOOO
-
W
Stato:
OOBOBOOOO
OOOOBOOOO
OOOBOBOOO
OOOOOOOOB
BOOBKOWBB
OOOOWOOOO
OOOOOOOOO
OOOOBOOOO
OOOOBOOOO
-
B
Waiting for B...
Suggested move: Turn: B Pawn from e2 to e4
Ho il re sotto
OOBOBOOOO
OOOOBOOOO
OOOBOBOOO
OOOOOOOOB
BBOOKOWBB
OOOOOOOOO
OOOOWOOOO
OOOOBOOOO
OOOOBOOOO
-
B
OOBOBOOOO
OOOOBOOOO
OOOBOBOOO
OOOOOOOOB
BOOBKOWBB
OOOOOOOOO
OOOOWOOOO
OOOOBOOOO
OOOOBOOOO
-
W
OOBOBOOOO
OOOOBOOOO
OOOBOBOOO
OOOOOOOOB
BOOBKOWBB
OOOOWOOOO
OOOOOOOOO
OOOOBOOOO
OOOOBOOOO
-
B
Stato:
OOBOBOOOO
OOOOOOOOO
OOOBOBOOO
OOOOBOOOB
BOOBKOWBB
OOOOWOOOO
OOOOOOOOO
OOOOBOOOO
OOOOBOOOO
-
W
Waiting for W...
Suggested move: Turn: W Pawn from g5 to f5
OOBOBOOOO
OOOOBOOOO
OOOBOBOOO
OOOOOOOOB
BBOOKOWBB
OOOOOOOOO
OOOOWOOOO
OOOOBOOOO
OOOOBOOOO
-
B
OOBOBOOOO
OOOOBOOOO
OOOBOBOOO
OOOOOOOOB
BOOBKOWBB
OOOOOOOOO
OOOOWOOOO
OOOOBOOOO
OOOOBOOOO
-
W
OOBOBOOOO
OOOOBOOOO
OOOBOBOOO
OOOOOOOOB
BOOBKOWBB
OOOOWOOOO
OOOOOOOOO
OOOOBOOOO
OOOOBOOOO
-
B
OOBOBOOOO
OOOOOOOOO
OOOBOBOOO
OOOOBOOOB
BOOBKOWBB
OOOOWOOOO
OOOOOOOOO
OOOOBOOOO
OOOOBOOOO
-
W
Stato:
OOBOBOOOO
OOOOOOOOO
OOOBOBOOO
OOOOBOOOB
BOOBKWOBB
OOOOWOOOO
OOOOOOOOO
OOOOBOOOO
OOOOBOOOO
-
B
Waiting for B...
Suggested move: Turn: B Pawn from i4 to g4
OOBOBOOOO
OOOOBOOOO
OOOBOBOOO
OOOOOOOOB
BBOOKOWBB
OOOOOOOOO
OOOOWOOOO
OOOOBOOOO
OOOOBOOOO
-
B
OOBOBOOOO
OOOOBOOOO
OOOBOBOOO
OOOOOOOOB
BOOBKOWBB
OOOOOOOOO
OOOOWOOOO
OOOOBOOOO
OOOOBOOOO
-
W
OOBOBOOOO
OOOOBOOOO
OOOBOBOOO
OOOOOOOOB
BOOBKOWBB
OOOOWOOOO
OOOOOOOOO
OOOOBOOOO
OOOOBOOOO
-
B
OOBOBOOOO
OOOOOOOOO
OOOBOBOOO
OOOOBOOOB
BOOBKOWBB
OOOOWOOOO
OOOOOOOOO
OOOOBOOOO
OOOOBOOOO
-
W
OOBOBOOOO
OOOOOOOOO
OOOBOBOOO
OOOOBOOOB
BOOBKWOBB
OOOOWOOOO
OOOOOOOOO
OOOOBOOOO
OOOOBOOOO
-
B
Stato:
OOBOBOOOO
OOOOOOOOO
OOOBOBOOO
OOOOBOBOO
BOOBKWOBB
OOOOWOOOO
OOOOOOOOO
OOOOBOOOO
OOOOBOOOO
-
W
Waiting for W...
Suggested move: Turn: W Pawn from e6 to e7
OOBOBOOOO
OOOOBOOOO
OOOBOBOOO
OOOOOOOOB
BBOOKOWBB
OOOOOOOOO
OOOOWOOOO
OOOOBOOOO
OOOOBOOOO
-
B
OOBOBOOOO
OOOOBOOOO
OOOBOBOOO
OOOOOOOOB
BOOBKOWBB
OOOOOOOOO
OOOOWOOOO
OOOOBOOOO
OOOOBOOOO
-
W
OOBOBOOOO
OOOOBOOOO
OOOBOBOOO
OOOOOOOOB
BOOBKOWBB
OOOOWOOOO
OOOOOOOOO
OOOOBOOOO
OOOOBOOOO
-
B
OOBOBOOOO
OOOOOOOOO
OOOBOBOOO
OOOOBOOOB
BOOBKOWBB
OOOOWOOOO
OOOOOOOOO
OOOOBOOOO
OOOOBOOOO
-
W
OOBOBOOOO
OOOOOOOOO
OOOBOBOOO
OOOOBOOOB
BOOBKWOBB
OOOOWOOOO
OOOOOOOOO
OOOOBOOOO
OOOOBOOOO
-
B
OOBOBOOOO
OOOOOOOOO
OOOBOBOOO
OOOOBOBOO
BOOBKWOBB
OOOOWOOOO
OOOOOOOOO
OOOOBOOOO
OOOOBOOOO
-
W
Stato:
OOBOBOOOO
OOOOOOOOO
OOOBOBOOO
OOOOBOBOO
BOOBKWOBB
OOOOOOOOO
OOOOWOOOO
OOOOBOOOO
OOOOBOOOO
-
B
Waiting for B...
Suggested move: Turn: B Pawn from c1 to c2
OOBOBOOOO
OOOOBOOOO
OOOBOBOOO
OOOOOOOOB
BBOOKOWBB
OOOOOOOOO
OOOOWOOOO
OOOOBOOOO
OOOOBOOOO
-
B
OOBOBOOOO
OOOOBOOOO
OOOBOBOOO
OOOOOOOOB
BOOBKOWBB
OOOOOOOOO
OOOOWOOOO
OOOOBOOOO
OOOOBOOOO
-
W
OOBOBOOOO
OOOOBOOOO
OOOBOBOOO
OOOOOOOOB
BOOBKOWBB
OOOOWOOOO
OOOOOOOOO
OOOOBOOOO
OOOOBOOOO
-
B
OOBOBOOOO
OOOOOOOOO
OOOBOBOOO
OOOOBOOOB
BOOBKOWBB
OOOOWOOOO
OOOOOOOOO
OOOOBOOOO
OOOOBOOOO
-
W
OOBOBOOOO
OOOOOOOOO
OOOBOBOOO
OOOOBOOOB
BOOBKWOBB
OOOOWOOOO
OOOOOOOOO
OOOOBOOOO
OOOOBOOOO
-
B
OOBOBOOOO
OOOOOOOOO
OOOBOBOOO
OOOOBOBOO
BOOBKWOBB
OOOOWOOOO
OOOOOOOOO
OOOOBOOOO
OOOOBOOOO
-
W
OOBOBOOOO
OOOOOOOOO
OOOBOBOOO
OOOOBOBOO
BOOBKWOBB
OOOOOOOOO
OOOOWOOOO
OOOOBOOOO
OOOOBOOOO
-
B
Stato:
OOOOBOOOO
OOBOOOOOO
OOOBOBOOO
OOOOBOBOO
BOOBKWOBB
OOOOOOOOO
OOOOWOOOO
OOOOBOOOO
OOOOBOOOO
-
W
Waiting for W...
Suggested move: Turn: W Pawn from e7 to e6
OOBOBOOOO
OOOOBOOOO
OOOBOBOOO
OOOOOOOOB
BBOOKOWBB
OOOOOOOOO
OOOOWOOOO
OOOOBOOOO
OOOOBOOOO
-
B
OOBOBOOOO
OOOOBOOOO
OOOBOBOOO
OOOOOOOOB
BOOBKOWBB
OOOOOOOOO
OOOOWOOOO
OOOOBOOOO
OOOOBOOOO
-
W
OOBOBOOOO
OOOOBOOOO
OOOBOBOOO
OOOOOOOOB
BOOBKOWBB
OOOOWOOOO
OOOOOOOOO
OOOOBOOOO
OOOOBOOOO
-
B
OOBOBOOOO
OOOOOOOOO
OOOBOBOOO
OOOOBOOOB
BOOBKOWBB
OOOOWOOOO
OOOOOOOOO
OOOOBOOOO
OOOOBOOOO
-
W
OOBOBOOOO
OOOOOOOOO
OOOBOBOOO
OOOOBOOOB
BOOBKWOBB
OOOOWOOOO
OOOOOOOOO
OOOOBOOOO
OOOOBOOOO
-
B
OOBOBOOOO
OOOOOOOOO
OOOBOBOOO
OOOOBOBOO
BOOBKWOBB
OOOOWOOOO
OOOOOOOOO
OOOOBOOOO
OOOOBOOOO
-
W
OOBOBOOOO
OOOOOOOOO
OOOBOBOOO
OOOOBOBOO
BOOBKWOBB
OOOOOOOOO
OOOOWOOOO
OOOOBOOOO
OOOOBOOOO
-
B
OOOOBOOOO
OOBOOOOOO
OOOBOBOOO
OOOOBOBOO
BOOBKWOBB
OOOOOOOOO
OOOOWOOOO
OOOOBOOOO
OOOOBOOOO
-
W
Stato:
OOOOBOOOO
OOBOOOOOO
OOOBOBOOO
OOOOBOBOO
BOOBKWOBB
OOOOWOOOO
OOOOOOOOO
OOOOBOOOO
OOOOBOOOO
-
B
Waiting for B...
Suggested move: Turn: B Pawn from c2 to c1
OOBOBOOOO
OOOOBOOOO
OOOBOBOOO
OOOOOOOOB
BBOOKOWBB
OOOOOOOOO
OOOOWOOOO
OOOOBOOOO
OOOOBOOOO
-
B
OOBOBOOOO
OOOOBOOOO
OOOBOBOOO
OOOOOOOOB
BOOBKOWBB
OOOOOOOOO
OOOOWOOOO
OOOOBOOOO
OOOOBOOOO
-
W
OOBOBOOOO
OOOOBOOOO
OOOBOBOOO
OOOOOOOOB
BOOBKOWBB
OOOOWOOOO
OOOOOOOOO
OOOOBOOOO
OOOOBOOOO
-
B
OOBOBOOOO
OOOOOOOOO
OOOBOBOOO
OOOOBOOOB
BOOBKOWBB
OOOOWOOOO
OOOOOOOOO
OOOOBOOOO
OOOOBOOOO
-
W
OOBOBOOOO
OOOOOOOOO
OOOBOBOOO
OOOOBOOOB
BOOBKWOBB
OOOOWOOOO
OOOOOOOOO
OOOOBOOOO
OOOOBOOOO
-
B
OOBOBOOOO
OOOOOOOOO
OOOBOBOOO
OOOOBOBOO
BOOBKWOBB
OOOOWOOOO
OOOOOOOOO
OOOOBOOOO
OOOOBOOOO
-
W
Stato:
OOBOBOOOO
OOOOOOOOO
OOOBOBOOO
OOOOBOBOO
BOOBKWOBB
OOOOWOOOO
OOOOOOOOO
OOOOBOOOO
OOOOBOOOO
-
D
END OF THE GAME
RESULT: DRAW
