usage: java Server
 -c,--cache <arg>           cache must be an integer, negative value means
                            infinite; default: infinite
 -e,--errors <arg>          errors must be an integer >= 0; default: 0
 -g,--enableGUI             enableGUI if option is present
 -r,--game rules <arg>      game rules must be an integer; 1 for Tablut, 2
                            for Modern, 3 for Brandub, 4 for Ashton;
                            default: 4
 -s,--repeatedState <arg>   repeatedStates must be an integer >= 0;
                            default: 0
 -t,--time <arg>            time must be an integer (number of seconds);
                            default: 60
/Users/pelle/Development/GitHub/tablut-challenge/games_executor/logs/1732708156875_systemLog.txt
Waiting for connections...
White player name:	flag3
Black player name:	flag_1
Clients connected..
Waiting for W...
Suggested move: Turn: W Pawn from c5 to c4
Stato:
OOOBBBOOO
OOOOBOOOO
OOOOWOOOO
BOWOWOOOB
BBOWKWWBB
BOOOWOOOB
OOOOWOOOO
OOOOBOOOO
OOOBBBOOO
-
B
Waiting for B...
Suggested move: Turn: B Pawn from a4 to a3
OOOBBBOOO
OOOOBOOOO
OOOOWOOOO
BOWOWOOOB
BBOWKWWBB
BOOOWOOOB
OOOOWOOOO
OOOOBOOOO
OOOBBBOOO
-
B
Stato:
OOOBBBOOO
OOOOBOOOO
BOOOWOOOO
OOWOWOOOB
BBOWKWWBB
BOOOWOOOB
OOOOWOOOO
OOOOBOOOO
OOOBBBOOO
-
W
Waiting for W...
Suggested move: Turn: W Pawn from c4 to c3
OOOBBBOOO
OOOOBOOOO
OOOOWOOOO
BOWOWOOOB
BBOWKWWBB
BOOOWOOOB
OOOOWOOOO
OOOOBOOOO
OOOBBBOOO
-
B
OOOBBBOOO
OOOOBOOOO
BOOOWOOOO
OOWOWOOOB
BBOWKWWBB
BOOOWOOOB
OOOOWOOOO
OOOOBOOOO
OOOBBBOOO
-
W
Stato:
OOOBBBOOO
OOOOBOOOO
BOWOWOOOO
OOOOWOOOB
BBOWKWWBB
BOOOWOOOB
OOOOWOOOO
OOOOBOOOO
OOOBBBOOO
-
B
Waiting for B...
Suggested move: Turn: B Pawn from a3 to a2
OOOBBBOOO
OOOOBOOOO
OOOOWOOOO
BOWOWOOOB
BBOWKWWBB
BOOOWOOOB
OOOOWOOOO
OOOOBOOOO
OOOBBBOOO
-
B
OOOBBBOOO
OOOOBOOOO
BOOOWOOOO
OOWOWOOOB
BBOWKWWBB
BOOOWOOOB
OOOOWOOOO
OOOOBOOOO
OOOBBBOOO
-
W
OOOBBBOOO
OOOOBOOOO
BOWOWOOOO
OOOOWOOOB
BBOWKWWBB
BOOOWOOOB
OOOOWOOOO
OOOOBOOOO
OOOBBBOOO
-
B
Stato:
OOOBBBOOO
BOOOBOOOO
OOWOWOOOO
OOOOWOOOB
BBOWKWWBB
BOOOWOOOB
OOOOWOOOO
OOOOBOOOO
OOOBBBOOO
-
W
Waiting for W...
Suggested move: Turn: W Pawn from c3 to c2
OOOBBBOOO
OOOOBOOOO
OOOOWOOOO
BOWOWOOOB
BBOWKWWBB
BOOOWOOOB
OOOOWOOOO
OOOOBOOOO
OOOBBBOOO
-
B
OOOBBBOOO
OOOOBOOOO
BOOOWOOOO
OOWOWOOOB
BBOWKWWBB
BOOOWOOOB
OOOOWOOOO
OOOOBOOOO
OOOBBBOOO
-
W
OOOBBBOOO
OOOOBOOOO
BOWOWOOOO
OOOOWOOOB
BBOWKWWBB
BOOOWOOOB
OOOOWOOOO
OOOOBOOOO
OOOBBBOOO
-
B
OOOBBBOOO
BOOOBOOOO
OOWOWOOOO
OOOOWOOOB
BBOWKWWBB
BOOOWOOOB
OOOOWOOOO
OOOOBOOOO
OOOBBBOOO
-
W
Stato:
OOOBBBOOO
BOWOBOOOO
OOOOWOOOO
OOOOWOOOB
BBOWKWWBB
BOOOWOOOB
OOOOWOOOO
OOOOBOOOO
OOOBBBOOO
-
B
Waiting for B...
Suggested move: Turn: B Pawn from a2 to a1
OOOBBBOOO
OOOOBOOOO
OOOOWOOOO
BOWOWOOOB
BBOWKWWBB
BOOOWOOOB
OOOOWOOOO
OOOOBOOOO
OOOBBBOOO
-
B
OOOBBBOOO
OOOOBOOOO
BOOOWOOOO
OOWOWOOOB
BBOWKWWBB
BOOOWOOOB
OOOOWOOOO
OOOOBOOOO
OOOBBBOOO
-
W
OOOBBBOOO
OOOOBOOOO
BOWOWOOOO
OOOOWOOOB
BBOWKWWBB
BOOOWOOOB
OOOOWOOOO
OOOOBOOOO
OOOBBBOOO
-
B
OOOBBBOOO
BOOOBOOOO
OOWOWOOOO
OOOOWOOOB
BBOWKWWBB
BOOOWOOOB
OOOOWOOOO
OOOOBOOOO
OOOBBBOOO
-
W
OOOBBBOOO
BOWOBOOOO
OOOOWOOOO
OOOOWOOOB
BBOWKWWBB
BOOOWOOOB
OOOOWOOOO
OOOOBOOOO
OOOBBBOOO
-
B
Stato:
BOOBBBOOO
OOWOBOOOO
OOOOWOOOO
OOOOWOOOB
BBOWKWWBB
BOOOWOOOB
OOOOWOOOO
OOOOBOOOO
OOOBBBOOO
-
W
Waiting for W...
Suggested move: Turn: W Pawn from c2 to c1
OOOBBBOOO
OOOOBOOOO
OOOOWOOOO
BOWOWOOOB
BBOWKWWBB
BOOOWOOOB
OOOOWOOOO
OOOOBOOOO
OOOBBBOOO
-
B
OOOBBBOOO
OOOOBOOOO
BOOOWOOOO
OOWOWOOOB
BBOWKWWBB
BOOOWOOOB
OOOOWOOOO
OOOOBOOOO
OOOBBBOOO
-
W
OOOBBBOOO
OOOOBOOOO
BOWOWOOOO
OOOOWOOOB
BBOWKWWBB
BOOOWOOOB
OOOOWOOOO
OOOOBOOOO
OOOBBBOOO
-
B
OOOBBBOOO
BOOOBOOOO
OOWOWOOOO
OOOOWOOOB
BBOWKWWBB
BOOOWOOOB
OOOOWOOOO
OOOOBOOOO
OOOBBBOOO
-
W
OOOBBBOOO
BOWOBOOOO
OOOOWOOOO
OOOOWOOOB
BBOWKWWBB
BOOOWOOOB
OOOOWOOOO
OOOOBOOOO
OOOBBBOOO
-
B
BOOBBBOOO
OOWOBOOOO
OOOOWOOOO
OOOOWOOOB
BBOWKWWBB
BOOOWOOOB
OOOOWOOOO
OOOOBOOOO
OOOBBBOOO
-
W
Stato:
BOWBBBOOO
OOOOBOOOO
OOOOWOOOO
OOOOWOOOB
BBOWKWWBB
BOOOWOOOB
OOOOWOOOO
OOOOBOOOO
OOOBBBOOO
-
B
Waiting for B...
Suggested move: Turn: B Pawn from a1 to b1
Stato:
OBOBBBOOO
OOOOBOOOO
OOOOWOOOO
OOOOWOOOB
BBOWKWWBB
BOOOWOOOB
OOOOWOOOO
OOOOBOOOO
OOOBBBOOO
-
W
Waiting for W...
Suggested move: Turn: W Pawn from d5 to d4
OBOBBBOOO
OOOOBOOOO
OOOOWOOOO
OOOOWOOOB
BBOWKWWBB
BOOOWOOOB
OOOOWOOOO
OOOOBOOOO
OOOBBBOOO
-
W
Stato:
OBOBBBOOO
OOOOBOOOO
OOOOWOOOO
OOOWWOOOB
BBOOKWWBB
BOOOWOOOB
OOOOWOOOO
OOOOBOOOO
OOOBBBOOO
-
B
Waiting for B...
Suggested move: Turn: B Pawn from a6 to b6
OBOBBBOOO
OOOOBOOOO
OOOOWOOOO
OOOOWOOOB
BBOWKWWBB
BOOOWOOOB
OOOOWOOOO
OOOOBOOOO
OOOBBBOOO
-
W
OBOBBBOOO
OOOOBOOOO
OOOOWOOOO
OOOWWOOOB
BBOOKWWBB
BOOOWOOOB
OOOOWOOOO
OOOOBOOOO
OOOBBBOOO
-
B
Stato:
OBOBBBOOO
OOOOBOOOO
OOOOWOOOO
OOOWWOOOB
BBOOKWWBB
OBOOWOOOB
OOOOWOOOO
OOOOBOOOO
OOOBBBOOO
-
W
Waiting for W...
Suggested move: Turn: W Pawn from d4 to d3
OBOBBBOOO
OOOOBOOOO
OOOOWOOOO
OOOOWOOOB
BBOWKWWBB
BOOOWOOOB
OOOOWOOOO
OOOOBOOOO
OOOBBBOOO
-
W
OBOBBBOOO
OOOOBOOOO
OOOOWOOOO
OOOWWOOOB
BBOOKWWBB
BOOOWOOOB
OOOOWOOOO
OOOOBOOOO
OOOBBBOOO
-
B
OBOBBBOOO
OOOOBOOOO
OOOOWOOOO
OOOWWOOOB
BBOOKWWBB
OBOOWOOOB
OOOOWOOOO
OOOOBOOOO
OOOBBBOOO
-
W
Stato:
OBOBBBOOO
OOOOBOOOO
OOOWWOOOO
OOOOWOOOB
BBOOKWWBB
OBOOWOOOB
OOOOWOOOO
OOOOBOOOO
OOOBBBOOO
-
B
Waiting for B...
Suggested move: Turn: B Pawn from b1 to c1
OBOBBBOOO
OOOOBOOOO
OOOOWOOOO
OOOOWOOOB
BBOWKWWBB
BOOOWOOOB
OOOOWOOOO
OOOOBOOOO
OOOBBBOOO
-
W
OBOBBBOOO
OOOOBOOOO
OOOOWOOOO
OOOWWOOOB
BBOOKWWBB
BOOOWOOOB
OOOOWOOOO
OOOOBOOOO
OOOBBBOOO
-
B
OBOBBBOOO
OOOOBOOOO
OOOOWOOOO
OOOWWOOOB
BBOOKWWBB
OBOOWOOOB
OOOOWOOOO
OOOOBOOOO
OOOBBBOOO
-
W
OBOBBBOOO
OOOOBOOOO
OOOWWOOOO
OOOOWOOOB
BBOOKWWBB
OBOOWOOOB
OOOOWOOOO
OOOOBOOOO
OOOBBBOOO
-
B
Stato:
OOBBBBOOO
OOOOBOOOO
OOOWWOOOO
OOOOWOOOB
BBOOKWWBB
OBOOWOOOB
OOOOWOOOO
OOOOBOOOO
OOOBBBOOO
-
W
Waiting for W...
Suggested move: Turn: W Pawn from d3 to d2
OBOBBBOOO
OOOOBOOOO
OOOOWOOOO
OOOOWOOOB
BBOWKWWBB
BOOOWOOOB
OOOOWOOOO
OOOOBOOOO
OOOBBBOOO
-
W
OBOBBBOOO
OOOOBOOOO
OOOOWOOOO
OOOWWOOOB
BBOOKWWBB
BOOOWOOOB
OOOOWOOOO
OOOOBOOOO
OOOBBBOOO
-
B
OBOBBBOOO
OOOOBOOOO
OOOOWOOOO
OOOWWOOOB
BBOOKWWBB
OBOOWOOOB
OOOOWOOOO
OOOOBOOOO
OOOBBBOOO
-
W
OBOBBBOOO
OOOOBOOOO
OOOWWOOOO
OOOOWOOOB
BBOOKWWBB
OBOOWOOOB
OOOOWOOOO
OOOOBOOOO
OOOBBBOOO
-
B
OOBBBBOOO
OOOOBOOOO
OOOWWOOOO
OOOOWOOOB
BBOOKWWBB
OBOOWOOOB
OOOOWOOOO
OOOOBOOOO
OOOBBBOOO
-
W
Stato:
OOBBBBOOO
OOOWBOOOO
OOOOWOOOO
OOOOWOOOB
BBOOKWWBB
OBOOWOOOB
OOOOWOOOO
OOOOBOOOO
OOOBBBOOO
-
B
Waiting for B...
Suggested move: Turn: B Pawn from b5 to b4
OBOBBBOOO
OOOOBOOOO
OOOOWOOOO
OOOOWOOOB
BBOWKWWBB
BOOOWOOOB
OOOOWOOOO
OOOOBOOOO
OOOBBBOOO
-
W
OBOBBBOOO
OOOOBOOOO
OOOOWOOOO
OOOWWOOOB
BBOOKWWBB
BOOOWOOOB
OOOOWOOOO
OOOOBOOOO
OOOBBBOOO
-
B
OBOBBBOOO
OOOOBOOOO
OOOOWOOOO
OOOWWOOOB
BBOOKWWBB
OBOOWOOOB
OOOOWOOOO
OOOOBOOOO
OOOBBBOOO
-
W
OBOBBBOOO
OOOOBOOOO
OOOWWOOOO
OOOOWOOOB
BBOOKWWBB
OBOOWOOOB
OOOOWOOOO
OOOOBOOOO
OOOBBBOOO
-
B
OOBBBBOOO
OOOOBOOOO
OOOWWOOOO
OOOOWOOOB
BBOOKWWBB
OBOOWOOOB
OOOOWOOOO
OOOOBOOOO
OOOBBBOOO
-
W
OOBBBBOOO
OOOWBOOOO
OOOOWOOOO
OOOOWOOOB
BBOOKWWBB
OBOOWOOOB
OOOOWOOOO
OOOOBOOOO
OOOBBBOOO
-
B
Stato:
OOBBBBOOO
OOOWBOOOO
OOOOWOOOO
OBOOWOOOB
BOOOKWWBB
OBOOWOOOB
OOOOWOOOO
OOOOBOOOO
OOOBBBOOO
-
W
Waiting for W...
Suggested move: Turn: W Pawn from d2 to d3
OBOBBBOOO
OOOOBOOOO
OOOOWOOOO
OOOOWOOOB
BBOWKWWBB
BOOOWOOOB
OOOOWOOOO
OOOOBOOOO
OOOBBBOOO
-
W
OBOBBBOOO
OOOOBOOOO
OOOOWOOOO
OOOWWOOOB
BBOOKWWBB
BOOOWOOOB
OOOOWOOOO
OOOOBOOOO
OOOBBBOOO
-
B
OBOBBBOOO
OOOOBOOOO
OOOOWOOOO
OOOWWOOOB
BBOOKWWBB
OBOOWOOOB
OOOOWOOOO
OOOOBOOOO
OOOBBBOOO
-
W
OBOBBBOOO
OOOOBOOOO
OOOWWOOOO
OOOOWOOOB
BBOOKWWBB
OBOOWOOOB
OOOOWOOOO
OOOOBOOOO
OOOBBBOOO
-
B
OOBBBBOOO
OOOOBOOOO
OOOWWOOOO
OOOOWOOOB
BBOOKWWBB
OBOOWOOOB
OOOOWOOOO
OOOOBOOOO
OOOBBBOOO
-
W
OOBBBBOOO
OOOWBOOOO
OOOOWOOOO
OOOOWOOOB
BBOOKWWBB
OBOOWOOOB
OOOOWOOOO
OOOOBOOOO
OOOBBBOOO
-
B
OOBBBBOOO
OOOWBOOOO
OOOOWOOOO
OBOOWOOOB
BOOOKWWBB
OBOOWOOOB
OOOOWOOOO
OOOOBOOOO
OOOBBBOOO
-
W
Stato:
OOBBBBOOO
OOOOBOOOO
OOOWWOOOO
OBOOWOOOB
BOOOKWWBB
OBOOWOOOB
OOOOWOOOO
OOOOBOOOO
OOOBBBOOO
-
B
Waiting for B...
Suggested move: Turn: B Pawn from b4 to b3
OBOBBBOOO
OOOOBOOOO
OOOOWOOOO
OOOOWOOOB
BBOWKWWBB
BOOOWOOOB
OOOOWOOOO
OOOOBOOOO
OOOBBBOOO
-
W
OBOBBBOOO
OOOOBOOOO
OOOOWOOOO
OOOWWOOOB
BBOOKWWBB
BOOOWOOOB
OOOOWOOOO
OOOOBOOOO
OOOBBBOOO
-
B
OBOBBBOOO
OOOOBOOOO
OOOOWOOOO
OOOWWOOOB
BBOOKWWBB
OBOOWOOOB
OOOOWOOOO
OOOOBOOOO
OOOBBBOOO
-
W
OBOBBBOOO
OOOOBOOOO
OOOWWOOOO
OOOOWOOOB
BBOOKWWBB
OBOOWOOOB
OOOOWOOOO
OOOOBOOOO
OOOBBBOOO
-
B
OOBBBBOOO
OOOOBOOOO
OOOWWOOOO
OOOOWOOOB
BBOOKWWBB
OBOOWOOOB
OOOOWOOOO
OOOOBOOOO
OOOBBBOOO
-
W
OOBBBBOOO
OOOWBOOOO
OOOOWOOOO
OOOOWOOOB
BBOOKWWBB
OBOOWOOOB
OOOOWOOOO
OOOOBOOOO
OOOBBBOOO
-
B
OOBBBBOOO
OOOWBOOOO
OOOOWOOOO
OBOOWOOOB
BOOOKWWBB
OBOOWOOOB
OOOOWOOOO
OOOOBOOOO
OOOBBBOOO
-
W
OOBBBBOOO
OOOOBOOOO
OOOWWOOOO
OBOOWOOOB
BOOOKWWBB
OBOOWOOOB
OOOOWOOOO
OOOOBOOOO
OOOBBBOOO
-
B
Stato:
OOBBBBOOO
OOOOBOOOO
OBOWWOOOO
OOOOWOOOB
BOOOKWWBB
OBOOWOOOB
OOOOWOOOO
OOOOBOOOO
OOOBBBOOO
-
W
Waiting for W...
Suggested move: Turn: W Pawn from d3 to d2
OBOBBBOOO
OOOOBOOOO
OOOOWOOOO
OOOOWOOOB
BBOWKWWBB
BOOOWOOOB
OOOOWOOOO
OOOOBOOOO
OOOBBBOOO
-
W
OBOBBBOOO
OOOOBOOOO
OOOOWOOOO
OOOWWOOOB
BBOOKWWBB
BOOOWOOOB
OOOOWOOOO
OOOOBOOOO
OOOBBBOOO
-
B
OBOBBBOOO
OOOOBOOOO
OOOOWOOOO
OOOWWOOOB
BBOOKWWBB
OBOOWOOOB
OOOOWOOOO
OOOOBOOOO
OOOBBBOOO
-
W
OBOBBBOOO
OOOOBOOOO
OOOWWOOOO
OOOOWOOOB
BBOOKWWBB
OBOOWOOOB
OOOOWOOOO
OOOOBOOOO
OOOBBBOOO
-
B
OOBBBBOOO
OOOOBOOOO
OOOWWOOOO
OOOOWOOOB
BBOOKWWBB
OBOOWOOOB
OOOOWOOOO
OOOOBOOOO
OOOBBBOOO
-
W
OOBBBBOOO
OOOWBOOOO
OOOOWOOOO
OOOOWOOOB
BBOOKWWBB
OBOOWOOOB
OOOOWOOOO
OOOOBOOOO
OOOBBBOOO
-
B
OOBBBBOOO
OOOWBOOOO
OOOOWOOOO
OBOOWOOOB
BOOOKWWBB
OBOOWOOOB
OOOOWOOOO
OOOOBOOOO
OOOBBBOOO
-
W
OOBBBBOOO
OOOOBOOOO
OOOWWOOOO
OBOOWOOOB
BOOOKWWBB
OBOOWOOOB
OOOOWOOOO
OOOOBOOOO
OOOBBBOOO
-
B
OOBBBBOOO
OOOOBOOOO
OBOWWOOOO
OOOOWOOOB
BOOOKWWBB
OBOOWOOOB
OOOOWOOOO
OOOOBOOOO
OOOBBBOOO
-
W
Stato:
OOBBBBOOO
OOOWBOOOO
OBOOWOOOO
OOOOWOOOB
BOOOKWWBB
OBOOWOOOB
OOOOWOOOO
OOOOBOOOO
OOOBBBOOO
-
B
Waiting for B...
Suggested move: Turn: B Pawn from b3 to b2
OBOBBBOOO
OOOOBOOOO
OOOOWOOOO
OOOOWOOOB
BBOWKWWBB
BOOOWOOOB
OOOOWOOOO
OOOOBOOOO
OOOBBBOOO
-
W
OBOBBBOOO
OOOOBOOOO
OOOOWOOOO
OOOWWOOOB
BBOOKWWBB
BOOOWOOOB
OOOOWOOOO
OOOOBOOOO
OOOBBBOOO
-
B
OBOBBBOOO
OOOOBOOOO
OOOOWOOOO
OOOWWOOOB
BBOOKWWBB
OBOOWOOOB
OOOOWOOOO
OOOOBOOOO
OOOBBBOOO
-
W
OBOBBBOOO
OOOOBOOOO
OOOWWOOOO
OOOOWOOOB
BBOOKWWBB
OBOOWOOOB
OOOOWOOOO
OOOOBOOOO
OOOBBBOOO
-
B
OOBBBBOOO
OOOOBOOOO
OOOWWOOOO
OOOOWOOOB
BBOOKWWBB
OBOOWOOOB
OOOOWOOOO
OOOOBOOOO
OOOBBBOOO
-
W
OOBBBBOOO
OOOWBOOOO
OOOOWOOOO
OOOOWOOOB
BBOOKWWBB
OBOOWOOOB
OOOOWOOOO
OOOOBOOOO
OOOBBBOOO
-
B
OOBBBBOOO
OOOWBOOOO
OOOOWOOOO
OBOOWOOOB
BOOOKWWBB
OBOOWOOOB
OOOOWOOOO
OOOOBOOOO
OOOBBBOOO
-
W
OOBBBBOOO
OOOOBOOOO
OOOWWOOOO
OBOOWOOOB
BOOOKWWBB
OBOOWOOOB
OOOOWOOOO
OOOOBOOOO
OOOBBBOOO
-
B
OOBBBBOOO
OOOOBOOOO
OBOWWOOOO
OOOOWOOOB
BOOOKWWBB
OBOOWOOOB
OOOOWOOOO
OOOOBOOOO
OOOBBBOOO
-
W
OOBBBBOOO
OOOWBOOOO
OBOOWOOOO
OOOOWOOOB
BOOOKWWBB
OBOOWOOOB
OOOOWOOOO
OOOOBOOOO
OOOBBBOOO
-
B
Stato:
OOBBBBOOO
OBOWBOOOO
OOOOWOOOO
OOOOWOOOB
BOOOKWWBB
OBOOWOOOB
OOOOWOOOO
OOOOBOOOO
OOOBBBOOO
-
W
Waiting for W...
Suggested move: Turn: W Pawn from d2 to d3
OBOBBBOOO
OOOOBOOOO
OOOOWOOOO
OOOOWOOOB
BBOWKWWBB
BOOOWOOOB
OOOOWOOOO
OOOOBOOOO
OOOBBBOOO
-
W
OBOBBBOOO
OOOOBOOOO
OOOOWOOOO
OOOWWOOOB
BBOOKWWBB
BOOOWOOOB
OOOOWOOOO
OOOOBOOOO
OOOBBBOOO
-
B
OBOBBBOOO
OOOOBOOOO
OOOOWOOOO
OOOWWOOOB
BBOOKWWBB
OBOOWOOOB
OOOOWOOOO
OOOOBOOOO
OOOBBBOOO
-
W
OBOBBBOOO
OOOOBOOOO
OOOWWOOOO
OOOOWOOOB
BBOOKWWBB
OBOOWOOOB
OOOOWOOOO
OOOOBOOOO
OOOBBBOOO
-
B
OOBBBBOOO
OOOOBOOOO
OOOWWOOOO
OOOOWOOOB
BBOOKWWBB
OBOOWOOOB
OOOOWOOOO
OOOOBOOOO
OOOBBBOOO
-
W
OOBBBBOOO
OOOWBOOOO
OOOOWOOOO
OOOOWOOOB
BBOOKWWBB
OBOOWOOOB
OOOOWOOOO
OOOOBOOOO
OOOBBBOOO
-
B
OOBBBBOOO
OOOWBOOOO
OOOOWOOOO
OBOOWOOOB
BOOOKWWBB
OBOOWOOOB
OOOOWOOOO
OOOOBOOOO
OOOBBBOOO
-
W
OOBBBBOOO
OOOOBOOOO
OOOWWOOOO
OBOOWOOOB
BOOOKWWBB
OBOOWOOOB
OOOOWOOOO
OOOOBOOOO
OOOBBBOOO
-
B
OOBBBBOOO
OOOOBOOOO
OBOWWOOOO
OOOOWOOOB
BOOOKWWBB
OBOOWOOOB
OOOOWOOOO
OOOOBOOOO
OOOBBBOOO
-
W
OOBBBBOOO
OOOWBOOOO
OBOOWOOOO
OOOOWOOOB
BOOOKWWBB
OBOOWOOOB
OOOOWOOOO
OOOOBOOOO
OOOBBBOOO
-
B
OOBBBBOOO
OBOWBOOOO
OOOOWOOOO
OOOOWOOOB
BOOOKWWBB
OBOOWOOOB
OOOOWOOOO
OOOOBOOOO
OOOBBBOOO
-
W
Stato:
OOBBBBOOO
OBOOBOOOO
OOOWWOOOO
OOOOWOOOB
BOOOKWWBB
OBOOWOOOB
OOOOWOOOO
OOOOBOOOO
OOOBBBOOO
-
B
Waiting for B...
Suggested move: Turn: B Pawn from b2 to b1
OBOBBBOOO
OOOOBOOOO
OOOOWOOOO
OOOOWOOOB
BBOWKWWBB
BOOOWOOOB
OOOOWOOOO
OOOOBOOOO
OOOBBBOOO
-
W
OBOBBBOOO
OOOOBOOOO
OOOOWOOOO
OOOWWOOOB
BBOOKWWBB
BOOOWOOOB
OOOOWOOOO
OOOOBOOOO
OOOBBBOOO
-
B
OBOBBBOOO
OOOOBOOOO
OOOOWOOOO
OOOWWOOOB
BBOOKWWBB
OBOOWOOOB
OOOOWOOOO
OOOOBOOOO
OOOBBBOOO
-
W
OBOBBBOOO
OOOOBOOOO
OOOWWOOOO
OOOOWOOOB
BBOOKWWBB
OBOOWOOOB
OOOOWOOOO
OOOOBOOOO
OOOBBBOOO
-
B
OOBBBBOOO
OOOOBOOOO
OOOWWOOOO
OOOOWOOOB
BBOOKWWBB
OBOOWOOOB
OOOOWOOOO
OOOOBOOOO
OOOBBBOOO
-
W
OOBBBBOOO
OOOWBOOOO
OOOOWOOOO
OOOOWOOOB
BBOOKWWBB
OBOOWOOOB
OOOOWOOOO
OOOOBOOOO
OOOBBBOOO
-
B
OOBBBBOOO
OOOWBOOOO
OOOOWOOOO
OBOOWOOOB
BOOOKWWBB
OBOOWOOOB
OOOOWOOOO
OOOOBOOOO
OOOBBBOOO
-
W
OOBBBBOOO
OOOOBOOOO
OOOWWOOOO
OBOOWOOOB
BOOOKWWBB
OBOOWOOOB
OOOOWOOOO
OOOOBOOOO
OOOBBBOOO
-
B
OOBBBBOOO
OOOOBOOOO
OBOWWOOOO
OOOOWOOOB
BOOOKWWBB
OBOOWOOOB
OOOOWOOOO
OOOOBOOOO
OOOBBBOOO
-
W
OOBBBBOOO
OOOWBOOOO
OBOOWOOOO
OOOOWOOOB
BOOOKWWBB
OBOOWOOOB
OOOOWOOOO
OOOOBOOOO
OOOBBBOOO
-
B
OOBBBBOOO
OBOWBOOOO
OOOOWOOOO
OOOOWOOOB
BOOOKWWBB
OBOOWOOOB
OOOOWOOOO
OOOOBOOOO
OOOBBBOOO
-
W
OOBBBBOOO
OBOOBOOOO
OOOWWOOOO
OOOOWOOOB
BOOOKWWBB
OBOOWOOOB
OOOOWOOOO
OOOOBOOOO
OOOBBBOOO
-
B
Stato:
OBBBBBOOO
OOOOBOOOO
OOOWWOOOO
OOOOWOOOB
BOOOKWWBB
OBOOWOOOB
OOOOWOOOO
OOOOBOOOO
OOOBBBOOO
-
W
Waiting for W...
Suggested move: Turn: W Pawn from d3 to d2
OBOBBBOOO
OOOOBOOOO
OOOOWOOOO
OOOOWOOOB
BBOWKWWBB
BOOOWOOOB
OOOOWOOOO
OOOOBOOOO
OOOBBBOOO
-
W
OBOBBBOOO
OOOOBOOOO
OOOOWOOOO
OOOWWOOOB
BBOOKWWBB
BOOOWOOOB
OOOOWOOOO
OOOOBOOOO
OOOBBBOOO
-
B
OBOBBBOOO
OOOOBOOOO
OOOOWOOOO
OOOWWOOOB
BBOOKWWBB
OBOOWOOOB
OOOOWOOOO
OOOOBOOOO
OOOBBBOOO
-
W
OBOBBBOOO
OOOOBOOOO
OOOWWOOOO
OOOOWOOOB
BBOOKWWBB
OBOOWOOOB
OOOOWOOOO
OOOOBOOOO
OOOBBBOOO
-
B
OOBBBBOOO
OOOOBOOOO
OOOWWOOOO
OOOOWOOOB
BBOOKWWBB
OBOOWOOOB
OOOOWOOOO
OOOOBOOOO
OOOBBBOOO
-
W
OOBBBBOOO
OOOWBOOOO
OOOOWOOOO
OOOOWOOOB
BBOOKWWBB
OBOOWOOOB
OOOOWOOOO
OOOOBOOOO
OOOBBBOOO
-
B
OOBBBBOOO
OOOWBOOOO
OOOOWOOOO
OBOOWOOOB
BOOOKWWBB
OBOOWOOOB
OOOOWOOOO
OOOOBOOOO
OOOBBBOOO
-
W
OOBBBBOOO
OOOOBOOOO
OOOWWOOOO
OBOOWOOOB
BOOOKWWBB
OBOOWOOOB
OOOOWOOOO
OOOOBOOOO
OOOBBBOOO
-
B
OOBBBBOOO
OOOOBOOOO
OBOWWOOOO
OOOOWOOOB
BOOOKWWBB
OBOOWOOOB
OOOOWOOOO
OOOOBOOOO
OOOBBBOOO
-
W
OOBBBBOOO
OOOWBOOOO
OBOOWOOOO
OOOOWOOOB
BOOOKWWBB
OBOOWOOOB
OOOOWOOOO
OOOOBOOOO
OOOBBBOOO
-
B
OOBBBBOOO
OBOWBOOOO
OOOOWOOOO
OOOOWOOOB
BOOOKWWBB
OBOOWOOOB
OOOOWOOOO
OOOOBOOOO
OOOBBBOOO
-
W
OOBBBBOOO
OBOOBOOOO
OOOWWOOOO
OOOOWOOOB
BOOOKWWBB
OBOOWOOOB
OOOOWOOOO
OOOOBOOOO
OOOBBBOOO
-
B
OBBBBBOOO
OOOOBOOOO
OOOWWOOOO
OOOOWOOOB
BOOOKWWBB
OBOOWOOOB
OOOOWOOOO
OOOOBOOOO
OOOBBBOOO
-
W
Stato:
OBBBBBOOO
OOOWBOOOO
OOOOWOOOO
OOOOWOOOB
BOOOKWWBB
OBOOWOOOB
OOOOWOOOO
OOOOBOOOO
OOOBBBOOO
-
B
Waiting for B...
Suggested move: Turn: B Pawn from b1 to b2
OBOBBBOOO
OOOOBOOOO
OOOOWOOOO
OOOOWOOOB
BBOWKWWBB
BOOOWOOOB
OOOOWOOOO
OOOOBOOOO
OOOBBBOOO
-
W
OBOBBBOOO
OOOOBOOOO
OOOOWOOOO
OOOWWOOOB
BBOOKWWBB
BOOOWOOOB
OOOOWOOOO
OOOOBOOOO
OOOBBBOOO
-
B
OBOBBBOOO
OOOOBOOOO
OOOOWOOOO
OOOWWOOOB
BBOOKWWBB
OBOOWOOOB
OOOOWOOOO
OOOOBOOOO
OOOBBBOOO
-
W
OBOBBBOOO
OOOOBOOOO
OOOWWOOOO
OOOOWOOOB
BBOOKWWBB
OBOOWOOOB
OOOOWOOOO
OOOOBOOOO
OOOBBBOOO
-
B
OOBBBBOOO
OOOOBOOOO
OOOWWOOOO
OOOOWOOOB
BBOOKWWBB
OBOOWOOOB
OOOOWOOOO
OOOOBOOOO
OOOBBBOOO
-
W
OOBBBBOOO
OOOWBOOOO
OOOOWOOOO
OOOOWOOOB
BBOOKWWBB
OBOOWOOOB
OOOOWOOOO
OOOOBOOOO
OOOBBBOOO
-
B
OOBBBBOOO
OOOWBOOOO
OOOOWOOOO
OBOOWOOOB
BOOOKWWBB
OBOOWOOOB
OOOOWOOOO
OOOOBOOOO
OOOBBBOOO
-
W
OOBBBBOOO
OOOOBOOOO
OOOWWOOOO
OBOOWOOOB
BOOOKWWBB
OBOOWOOOB
OOOOWOOOO
OOOOBOOOO
OOOBBBOOO
-
B
OOBBBBOOO
OOOOBOOOO
OBOWWOOOO
OOOOWOOOB
BOOOKWWBB
OBOOWOOOB
OOOOWOOOO
OOOOBOOOO
OOOBBBOOO
-
W
OOBBBBOOO
OOOWBOOOO
OBOOWOOOO
OOOOWOOOB
BOOOKWWBB
OBOOWOOOB
OOOOWOOOO
OOOOBOOOO
OOOBBBOOO
-
B
OOBBBBOOO
OBOWBOOOO
OOOOWOOOO
OOOOWOOOB
BOOOKWWBB
OBOOWOOOB
OOOOWOOOO
OOOOBOOOO
OOOBBBOOO
-
W
Stato:
OOBBBBOOO
OBOWBOOOO
OOOOWOOOO
OOOOWOOOB
BOOOKWWBB
OBOOWOOOB
OOOOWOOOO
OOOOBOOOO
OOOBBBOOO
-
D
END OF THE GAME
RESULT: DRAW
