Connected to the server 127.0.0.1:5800
Current table:

    A   B   C   D   E   F   G   H   I
  +---+---+---+---+---+---+---+---+---+
 1    |   |   | B | B | B |   |   |    |
  +---+---+---+---+---+---+---+---+---+
 2    |   |   |   | B |   |   |   |    |
  +---+---+---+---+---+---+---+---+---+
 3    |   |   |   | W |   |   |   |    |
  +---+---+---+---+---+---+---+---+---+
 4  B |   |   |   | W |   |   |   | B  |
  +---+---+---+---+---+---+---+---+---+
 5  B | B | W | W | K | W | W | B | B  |
  +---+---+---+---+---+---+---+---+---+
 6  B |   |   |   | W |   |   |   | B  |
  +---+---+---+---+---+---+---+---+---+
 7    |   |   |   | W |   |   |   |    |
  +---+---+---+---+---+---+---+---+---+
 8    |   |   |   | B |   |   |   |    |
  +---+---+---+---+---+---+---+---+---+
 9    |   |   | B | B | B |   |   |    |
  +---+---+---+---+---+---+---+---+---+
It's your turn
Move WHITE : c5 --> c1
After my move:

    A   B   C   D   E   F   G   H   I
  +---+---+---+---+---+---+---+---+---+
 1    |   | W | B | B | B |   |   |    |
  +---+---+---+---+---+---+---+---+---+
 2    |   |   |   | B |   |   |   |    |
  +---+---+---+---+---+---+---+---+---+
 3    |   |   |   | W |   |   |   |    |
  +---+---+---+---+---+---+---+---+---+
 4  B |   |   |   | W |   |   |   | B  |
  +---+---+---+---+---+---+---+---+---+
 5  B | B |   | W | K | W | W | B | B  |
  +---+---+---+---+---+---+---+---+---+
 6  B |   |   |   | W |   |   |   | B  |
  +---+---+---+---+---+---+---+---+---+
 7    |   |   |   | W |   |   |   |    |
  +---+---+---+---+---+---+---+---+---+
 8    |   |   |   | B |   |   |   |    |
  +---+---+---+---+---+---+---+---+---+
 9    |   |   | B | B | B |   |   |    |
  +---+---+---+---+---+---+---+---+---+
Current table:

    A   B   C   D   E   F   G   H   I
  +---+---+---+---+---+---+---+---+---+
 1    |   | W | B | B | B |   |   |    |
  +---+---+---+---+---+---+---+---+---+
 2    |   |   |   | B |   |   |   |    |
  +---+---+---+---+---+---+---+---+---+
 3    |   |   |   | W |   |   |   |    |
  +---+---+---+---+---+---+---+---+---+
 4  B |   |   |   | W |   |   |   | B  |
  +---+---+---+---+---+---+---+---+---+
 5  B | B |   | W | K | W | W | B | B  |
  +---+---+---+---+---+---+---+---+---+
 6  B |   |   |   | W | B |   |   |    |
  +---+---+---+---+---+---+---+---+---+
 7    |   |   |   | W |   |   |   |    |
  +---+---+---+---+---+---+---+---+---+
 8    |   |   |   | B |   |   |   |    |
  +---+---+---+---+---+---+---+---+---+
 9    |   |   | B | B | B |   |   |    |
  +---+---+---+---+---+---+---+---+---+
It's your turn
Move WHITE : c1 --> c5
After my move:

    A   B   C   D   E   F   G   H   I
  +---+---+---+---+---+---+---+---+---+
 1    |   |   | B | B | B |   |   |    |
  +---+---+---+---+---+---+---+---+---+
 2    |   |   |   | B |   |   |   |    |
  +---+---+---+---+---+---+---+---+---+
 3    |   |   |   | W |   |   |   |    |
  +---+---+---+---+---+---+---+---+---+
 4  B |   |   |   | W |   |   |   | B  |
  +---+---+---+---+---+---+---+---+---+
 5  B | B | W | W | K | W | W | B | B  |
  +---+---+---+---+---+---+---+---+---+
 6  B |   |   |   | W | B |   |   |    |
  +---+---+---+---+---+---+---+---+---+
 7    |   |   |   | W |   |   |   |    |
  +---+---+---+---+---+---+---+---+---+
 8    |   |   |   | B |   |   |   |    |
  +---+---+---+---+---+---+---+---+---+
 9    |   |   | B | B | B |   |   |    |
  +---+---+---+---+---+---+---+---+---+
Current table:

    A   B   C   D   E   F   G   H   I
  +---+---+---+---+---+---+---+---+---+
 1    |   |   | B | B | B |   |   |    |
  +---+---+---+---+---+---+---+---+---+
 2    |   |   |   | B |   |   |   |    |
  +---+---+---+---+---+---+---+---+---+
 3    |   |   |   | W |   |   |   |    |
  +---+---+---+---+---+---+---+---+---+
 4  B |   |   |   | W | B |   |   |    |
  +---+---+---+---+---+---+---+---+---+
 5  B | B | W | W | K |   | W | B | B  |
  +---+---+---+---+---+---+---+---+---+
 6  B |   |   |   | W | B |   |   |    |
  +---+---+---+---+---+---+---+---+---+
 7    |   |   |   | W |   |   |   |    |
  +---+---+---+---+---+---+---+---+---+
 8    |   |   |   | B |   |   |   |    |
  +---+---+---+---+---+---+---+---+---+
 9    |   |   | B | B | B |   |   |    |
  +---+---+---+---+---+---+---+---+---+
It's your turn
Move WHITE : c5 --> c6
After my move:

    A   B   C   D   E   F   G   H   I
  +---+---+---+---+---+---+---+---+---+
 1    |   |   | B | B | B |   |   |    |
  +---+---+---+---+---+---+---+---+---+
 2    |   |   |   | B |   |   |   |    |
  +---+---+---+---+---+---+---+---+---+
 3    |   |   |   | W |   |   |   |    |
  +---+---+---+---+---+---+---+---+---+
 4  B |   |   |   | W | B |   |   |    |
  +---+---+---+---+---+---+---+---+---+
 5  B | B |   | W | K |   | W | B | B  |
  +---+---+---+---+---+---+---+---+---+
 6  B |   | W |   | W | B |   |   |    |
  +---+---+---+---+---+---+---+---+---+
 7    |   |   |   | W |   |   |   |    |
  +---+---+---+---+---+---+---+---+---+
 8    |   |   |   | B |   |   |   |    |
  +---+---+---+---+---+---+---+---+---+
 9    |   |   | B | B | B |   |   |    |
  +---+---+---+---+---+---+---+---+---+
Current table:

    A   B   C   D   E   F   G   H   I
  +---+---+---+---+---+---+---+---+---+
 1    |   |   | B | B | B |   |   |    |
  +---+---+---+---+---+---+---+---+---+
 2    |   |   |   | B |   |   |   |    |
  +---+---+---+---+---+---+---+---+---+
 3    |   |   |   | W |   |   |   |    |
  +---+---+---+---+---+---+---+---+---+
 4  B |   |   |   | W | B |   |   |    |
  +---+---+---+---+---+---+---+---+---+
 5  B | B |   | W | K |   | W | B | B  |
  +---+---+---+---+---+---+---+---+---+
 6  B |   | W |   | W |   | B |   |    |
  +---+---+---+---+---+---+---+---+---+
 7    |   |   |   | W |   |   |   |    |
  +---+---+---+---+---+---+---+---+---+
 8    |   |   |   | B |   |   |   |    |
  +---+---+---+---+---+---+---+---+---+
 9    |   |   | B | B | B |   |   |    |
  +---+---+---+---+---+---+---+---+---+
It's your turn
Move WHITE : g5 --> g2
After my move:

    A   B   C   D   E   F   G   H   I
  +---+---+---+---+---+---+---+---+---+
 1    |   |   | B | B | B |   |   |    |
  +---+---+---+---+---+---+---+---+---+
 2    |   |   |   | B |   | W |   |    |
  +---+---+---+---+---+---+---+---+---+
 3    |   |   |   | W |   |   |   |    |
  +---+---+---+---+---+---+---+---+---+
 4  B |   |   |   | W | B |   |   |    |
  +---+---+---+---+---+---+---+---+---+
 5  B | B |   | W | K |   |   | B | B  |
  +---+---+---+---+---+---+---+---+---+
 6  B |   | W |   | W |   | B |   |    |
  +---+---+---+---+---+---+---+---+---+
 7    |   |   |   | W |   |   |   |    |
  +---+---+---+---+---+---+---+---+---+
 8    |   |   |   | B |   |   |   |    |
  +---+---+---+---+---+---+---+---+---+
 9    |   |   | B | B | B |   |   |    |
  +---+---+---+---+---+---+---+---+---+
Current table:

    A   B   C   D   E   F   G   H   I
  +---+---+---+---+---+---+---+---+---+
 1    |   |   | B | B | B |   |   |    |
  +---+---+---+---+---+---+---+---+---+
 2    |   |   |   | B |   | W |   |    |
  +---+---+---+---+---+---+---+---+---+
 3    |   |   |   | W |   |   |   |    |
  +---+---+---+---+---+---+---+---+---+
 4  B |   |   |   | W | B |   |   |    |
  +---+---+---+---+---+---+---+---+---+
 5  B | B |   | W | K | B |   |   | B  |
  +---+---+---+---+---+---+---+---+---+
 6  B |   | W |   | W |   | B |   |    |
  +---+---+---+---+---+---+---+---+---+
 7    |   |   |   | W |   |   |   |    |
  +---+---+---+---+---+---+---+---+---+
 8    |   |   |   | B |   |   |   |    |
  +---+---+---+---+---+---+---+---+---+
 9    |   |   | B | B | B |   |   |    |
  +---+---+---+---+---+---+---+---+---+
It's your turn
Move WHITE : d5 --> d3
After my move:

    A   B   C   D   E   F   G   H   I
  +---+---+---+---+---+---+---+---+---+
 1    |   |   | B | B | B |   |   |    |
  +---+---+---+---+---+---+---+---+---+
 2    |   |   |   | B |   | W |   |    |
  +---+---+---+---+---+---+---+---+---+
 3    |   |   | W | W |   |   |   |    |
  +---+---+---+---+---+---+---+---+---+
 4  B |   |   |   | W | B |   |   |    |
  +---+---+---+---+---+---+---+---+---+
 5  B | B |   |   | K | B |   |   | B  |
  +---+---+---+---+---+---+---+---+---+
 6  B |   | W |   | W |   | B |   |    |
  +---+---+---+---+---+---+---+---+---+
 7    |   |   |   | W |   |   |   |    |
  +---+---+---+---+---+---+---+---+---+
 8    |   |   |   | B |   |   |   |    |
  +---+---+---+---+---+---+---+---+---+
 9    |   |   | B | B | B |   |   |    |
  +---+---+---+---+---+---+---+---+---+
Current table:

    A   B   C   D   E   F   G   H   I
  +---+---+---+---+---+---+---+---+---+
 1    |   |   | B | B | B |   |   |    |
  +---+---+---+---+---+---+---+---+---+
 2    |   |   |   | B |   | W |   |    |
  +---+---+---+---+---+---+---+---+---+
 3    |   |   | W | W |   |   |   |    |
  +---+---+---+---+---+---+---+---+---+
 4  B |   |   |   | W | B | B |   |    |
  +---+---+---+---+---+---+---+---+---+
 5  B | B |   |   | K | B |   |   | B  |
  +---+---+---+---+---+---+---+---+---+
 6  B |   | W |   | W |   |   |   |    |
  +---+---+---+---+---+---+---+---+---+
 7    |   |   |   | W |   |   |   |    |
  +---+---+---+---+---+---+---+---+---+
 8    |   |   |   | B |   |   |   |    |
  +---+---+---+---+---+---+---+---+---+
 9    |   |   | B | B | B |   |   |    |
  +---+---+---+---+---+---+---+---+---+
It's your turn
Move WHITE : d3 --> a3
After my move:

    A   B   C   D   E   F   G   H   I
  +---+---+---+---+---+---+---+---+---+
 1    |   |   | B | B | B |   |   |    |
  +---+---+---+---+---+---+---+---+---+
 2    |   |   |   | B |   | W |   |    |
  +---+---+---+---+---+---+---+---+---+
 3  W |   |   |   | W |   |   |   |    |
  +---+---+---+---+---+---+---+---+---+
 4  B |   |   |   | W | B | B |   |    |
  +---+---+---+---+---+---+---+---+---+
 5  B | B |   |   | K | B |   |   | B  |
  +---+---+---+---+---+---+---+---+---+
 6  B |   | W |   | W |   |   |   |    |
  +---+---+---+---+---+---+---+---+---+
 7    |   |   |   | W |   |   |   |    |
  +---+---+---+---+---+---+---+---+---+
 8    |   |   |   | B |   |   |   |    |
  +---+---+---+---+---+---+---+---+---+
 9    |   |   | B | B | B |   |   |    |
  +---+---+---+---+---+---+---+---+---+
Current table:

    A   B   C   D   E   F   G   H   I
  +---+---+---+---+---+---+---+---+---+
 1    |   |   | B | B | B |   |   |    |
  +---+---+---+---+---+---+---+---+---+
 2    |   |   |   | B |   | W |   |    |
  +---+---+---+---+---+---+---+---+---+
 3  W |   |   |   | W |   |   |   |    |
  +---+---+---+---+---+---+---+---+---+
 4  B |   |   |   | W | B |   |   |    |
  +---+---+---+---+---+---+---+---+---+
 5  B | B |   |   | K | B |   |   | B  |
  +---+---+---+---+---+---+---+---+---+
 6  B |   | W |   | W |   | B |   |    |
  +---+---+---+---+---+---+---+---+---+
 7    |   |   |   | W |   |   |   |    |
  +---+---+---+---+---+---+---+---+---+
 8    |   |   |   | B |   |   |   |    |
  +---+---+---+---+---+---+---+---+---+
 9    |   |   | B | B | B |   |   |    |
  +---+---+---+---+---+---+---+---+---+
It's your turn
Move WHITE : e3 --> i3
After my move:

    A   B   C   D   E   F   G   H   I
  +---+---+---+---+---+---+---+---+---+
 1    |   |   | B | B | B |   |   |    |
  +---+---+---+---+---+---+---+---+---+
 2    |   |   |   | B |   | W |   |    |
  +---+---+---+---+---+---+---+---+---+
 3  W |   |   |   |   |   |   |   | W  |
  +---+---+---+---+---+---+---+---+---+
 4  B |   |   |   | W | B |   |   |    |
  +---+---+---+---+---+---+---+---+---+
 5  B | B |   |   | K | B |   |   | B  |
  +---+---+---+---+---+---+---+---+---+
 6  B |   | W |   | W |   | B |   |    |
  +---+---+---+---+---+---+---+---+---+
 7    |   |   |   | W |   |   |   |    |
  +---+---+---+---+---+---+---+---+---+
 8    |   |   |   | B |   |   |   |    |
  +---+---+---+---+---+---+---+---+---+
 9    |   |   | B | B | B |   |   |    |
  +---+---+---+---+---+---+---+---+---+
Current table:

    A   B   C   D   E   F   G   H   I
  +---+---+---+---+---+---+---+---+---+
 1    |   |   | B | B | B |   |   |    |
  +---+---+---+---+---+---+---+---+---+
 2    |   |   |   | B |   | W |   |    |
  +---+---+---+---+---+---+---+---+---+
 3  W |   |   |   |   |   |   |   | W  |
  +---+---+---+---+---+---+---+---+---+
 4  B |   |   |   | W | B | B |   |    |
  +---+---+---+---+---+---+---+---+---+
 5  B | B |   |   | K | B |   |   | B  |
  +---+---+---+---+---+---+---+---+---+
 6  B |   | W |   | W |   |   |   |    |
  +---+---+---+---+---+---+---+---+---+
 7    |   |   |   | W |   |   |   |    |
  +---+---+---+---+---+---+---+---+---+
 8    |   |   |   | B |   |   |   |    |
  +---+---+---+---+---+---+---+---+---+
 9    |   |   | B | B | B |   |   |    |
  +---+---+---+---+---+---+---+---+---+
It's your turn
Move WHITE : e4 --> d4
After my move:

    A   B   C   D   E   F   G   H   I
  +---+---+---+---+---+---+---+---+---+
 1    |   |   | B | B | B |   |   |    |
  +---+---+---+---+---+---+---+---+---+
 2    |   |   |   | B |   | W |   |    |
  +---+---+---+---+---+---+---+---+---+
 3  W |   |   |   |   |   |   |   | W  |
  +---+---+---+---+---+---+---+---+---+
 4  B |   |   | W |   | B | B |   |    |
  +---+---+---+---+---+---+---+---+---+
 5  B | B |   |   | K | B |   |   | B  |
  +---+---+---+---+---+---+---+---+---+
 6  B |   | W |   | W |   |   |   |    |
  +---+---+---+---+---+---+---+---+---+
 7    |   |   |   | W |   |   |   |    |
  +---+---+---+---+---+---+---+---+---+
 8    |   |   |   | B |   |   |   |    |
  +---+---+---+---+---+---+---+---+---+
 9    |   |   | B | B | B |   |   |    |
  +---+---+---+---+---+---+---+---+---+
Current table:

    A   B   C   D   E   F   G   H   I
  +---+---+---+---+---+---+---+---+---+
 1    |   |   | B | B | B |   |   |    |
  +---+---+---+---+---+---+---+---+---+
 2    |   |   |   | B |   | W |   |    |
  +---+---+---+---+---+---+---+---+---+
 3  W |   |   |   |   |   |   |   | W  |
  +---+---+---+---+---+---+---+---+---+
 4  B |   |   | W |   | B |   |   |    |
  +---+---+---+---+---+---+---+---+---+
 5  B | B |   |   | K | B |   |   | B  |
  +---+---+---+---+---+---+---+---+---+
 6  B |   | W |   | W |   |   |   |    |
  +---+---+---+---+---+---+---+---+---+
 7    |   |   |   | W |   |   |   |    |
  +---+---+---+---+---+---+---+---+---+
 8    |   |   |   | B |   |   |   |    |
  +---+---+---+---+---+---+---+---+---+
 9    |   |   | B | B | B | B |   |    |
  +---+---+---+---+---+---+---+---+---+
It's your turn
Move WHITE : e6 --> f6
After my move:

    A   B   C   D   E   F   G   H   I
  +---+---+---+---+---+---+---+---+---+
 1    |   |   | B | B | B |   |   |    |
  +---+---+---+---+---+---+---+---+---+
 2    |   |   |   | B |   | W |   |    |
  +---+---+---+---+---+---+---+---+---+
 3  W |   |   |   |   |   |   |   | W  |
  +---+---+---+---+---+---+---+---+---+
 4  B |   |   | W |   | B |   |   |    |
  +---+---+---+---+---+---+---+---+---+
 5  B | B |   |   | K | B |   |   | B  |
  +---+---+---+---+---+---+---+---+---+
 6  B |   | W |   |   | W |   |   |    |
  +---+---+---+---+---+---+---+---+---+
 7    |   |   |   | W |   |   |   |    |
  +---+---+---+---+---+---+---+---+---+
 8    |   |   |   | B |   |   |   |    |
  +---+---+---+---+---+---+---+---+---+
 9    |   |   | B | B | B | B |   |    |
  +---+---+---+---+---+---+---+---+---+
Current table:

    A   B   C   D   E   F   G   H   I
  +---+---+---+---+---+---+---+---+---+
 1    |   |   | B | B | B |   |   |    |
  +---+---+---+---+---+---+---+---+---+
 2    |   |   |   | B |   | W |   |    |
  +---+---+---+---+---+---+---+---+---+
 3  W |   |   |   |   |   |   |   | W  |
  +---+---+---+---+---+---+---+---+---+
 4  B |   |   | W |   | B |   |   |    |
  +---+---+---+---+---+---+---+---+---+
 5  B | B |   |   | K | B |   |   | B  |
  +---+---+---+---+---+---+---+---+---+
 6  B |   | W |   |   | W |   |   |    |
  +---+---+---+---+---+---+---+---+---+
 7    |   |   |   | W |   |   |   |    |
  +---+---+---+---+---+---+---+---+---+
 8    |   |   |   | B |   |   |   |    |
  +---+---+---+---+---+---+---+---+---+
 9    |   |   | B | B | B |   |   | B  |
  +---+---+---+---+---+---+---+---+---+
It's your turn
Move WHITE : g2 --> g9
After my move:

    A   B   C   D   E   F   G   H   I
  +---+---+---+---+---+---+---+---+---+
 1    |   |   | B | B | B |   |   |    |
  +---+---+---+---+---+---+---+---+---+
 2    |   |   |   | B |   |   |   |    |
  +---+---+---+---+---+---+---+---+---+
 3  W |   |   |   |   |   |   |   | W  |
  +---+---+---+---+---+---+---+---+---+
 4  B |   |   | W |   | B |   |   |    |
  +---+---+---+---+---+---+---+---+---+
 5  B | B |   |   | K | B |   |   | B  |
  +---+---+---+---+---+---+---+---+---+
 6  B |   | W |   |   | W |   |   |    |
  +---+---+---+---+---+---+---+---+---+
 7    |   |   |   | W |   |   |   |    |
  +---+---+---+---+---+---+---+---+---+
 8    |   |   |   | B |   |   |   |    |
  +---+---+---+---+---+---+---+---+---+
 9    |   |   | B | B | B | W |   | B  |
  +---+---+---+---+---+---+---+---+---+
Current table:

    A   B   C   D   E   F   G   H   I
  +---+---+---+---+---+---+---+---+---+
 1    |   |   | B | B | B |   |   |    |
  +---+---+---+---+---+---+---+---+---+
 2    |   |   |   | B |   |   |   |    |
  +---+---+---+---+---+---+---+---+---+
 3  W |   |   |   |   |   |   |   | W  |
  +---+---+---+---+---+---+---+---+---+
 4  B |   |   | W |   | B |   |   |    |
  +---+---+---+---+---+---+---+---+---+
 5  B | B |   |   | K | B |   |   | B  |
  +---+---+---+---+---+---+---+---+---+
 6  B |   | W |   |   | W |   |   |    |
  +---+---+---+---+---+---+---+---+---+
 7    |   |   |   | W |   |   |   |    |
  +---+---+---+---+---+---+---+---+---+
 8    |   |   |   | B |   |   |   |    |
  +---+---+---+---+---+---+---+---+---+
 9    |   |   | B | B | B |   | B |    |
  +---+---+---+---+---+---+---+---+---+
It's your turn
Move WHITE : c6 --> c2
After my move:

    A   B   C   D   E   F   G   H   I
  +---+---+---+---+---+---+---+---+---+
 1    |   |   | B | B | B |   |   |    |
  +---+---+---+---+---+---+---+---+---+
 2    |   | W |   | B |   |   |   |    |
  +---+---+---+---+---+---+---+---+---+
 3  W |   |   |   |   |   |   |   | W  |
  +---+---+---+---+---+---+---+---+---+
 4  B |   |   | W |   | B |   |   |    |
  +---+---+---+---+---+---+---+---+---+
 5  B | B |   |   | K | B |   |   | B  |
  +---+---+---+---+---+---+---+---+---+
 6  B |   |   |   |   | W |   |   |    |
  +---+---+---+---+---+---+---+---+---+
 7    |   |   |   | W |   |   |   |    |
  +---+---+---+---+---+---+---+---+---+
 8    |   |   |   | B |   |   |   |    |
  +---+---+---+---+---+---+---+---+---+
 9    |   |   | B | B | B |   | B |    |
  +---+---+---+---+---+---+---+---+---+
Current table:

    A   B   C   D   E   F   G   H   I
  +---+---+---+---+---+---+---+---+---+
 1    |   |   | B | B | B |   |   |    |
  +---+---+---+---+---+---+---+---+---+
 2    |   | W |   | B |   |   |   |    |
  +---+---+---+---+---+---+---+---+---+
 3  W |   |   |   |   |   |   |   | W  |
  +---+---+---+---+---+---+---+---+---+
 4  B |   |   | W |   | B |   |   |    |
  +---+---+---+---+---+---+---+---+---+
 5  B | B |   |   | K | B |   |   | B  |
  +---+---+---+---+---+---+---+---+---+
 6  B |   |   |   |   | W |   |   |    |
  +---+---+---+---+---+---+---+---+---+
 7    |   |   |   | W |   |   |   |    |
  +---+---+---+---+---+---+---+---+---+
 8    |   |   |   | B |   |   |   |    |
  +---+---+---+---+---+---+---+---+---+
 9    |   |   | B | B | B | B |   |    |
  +---+---+---+---+---+---+---+---+---+
It's your turn
Move WHITE : d4 --> d5
After my move:

    A   B   C   D   E   F   G   H   I
  +---+---+---+---+---+---+---+---+---+
 1    |   |   | B | B | B |   |   |    |
  +---+---+---+---+---+---+---+---+---+
 2    |   | W |   | B |   |   |   |    |
  +---+---+---+---+---+---+---+---+---+
 3  W |   |   |   |   |   |   |   | W  |
  +---+---+---+---+---+---+---+---+---+
 4  B |   |   |   |   | B |   |   |    |
  +---+---+---+---+---+---+---+---+---+
 5  B | B |   | W | K | B |   |   | B  |
  +---+---+---+---+---+---+---+---+---+
 6  B |   |   |   |   | W |   |   |    |
  +---+---+---+---+---+---+---+---+---+
 7    |   |   |   | W |   |   |   |    |
  +---+---+---+---+---+---+---+---+---+
 8    |   |   |   | B |   |   |   |    |
  +---+---+---+---+---+---+---+---+---+
 9    |   |   | B | B | B | B |   |    |
  +---+---+---+---+---+---+---+---+---+
Current table:

    A   B   C   D   E   F   G   H   I
  +---+---+---+---+---+---+---+---+---+
 1    |   |   | B | B | B |   |   |    |
  +---+---+---+---+---+---+---+---+---+
 2    |   | W |   | B |   |   |   |    |
  +---+---+---+---+---+---+---+---+---+
 3  W |   |   |   |   |   |   |   | W  |
  +---+---+---+---+---+---+---+---+---+
 4  B |   |   |   |   | B |   |   |    |
  +---+---+---+---+---+---+---+---+---+
 5  B | B |   | W | K | B |   |   | B  |
  +---+---+---+---+---+---+---+---+---+
 6  B |   |   |   |   | W |   |   |    |
  +---+---+---+---+---+---+---+---+---+
 7    |   |   |   | W |   |   |   |    |
  +---+---+---+---+---+---+---+---+---+
 8    |   |   |   | B |   |   |   |    |
  +---+---+---+---+---+---+---+---+---+
 9    |   |   | B | B | B |   |   | B  |
  +---+---+---+---+---+---+---+---+---+
It's your turn
Move WHITE : c2 --> d2
After my move:

    A   B   C   D   E   F   G   H   I
  +---+---+---+---+---+---+---+---+---+
 1    |   |   | B | B | B |   |   |    |
  +---+---+---+---+---+---+---+---+---+
 2    |   |   | W | B |   |   |   |    |
  +---+---+---+---+---+---+---+---+---+
 3  W |   |   |   |   |   |   |   | W  |
  +---+---+---+---+---+---+---+---+---+
 4  B |   |   |   |   | B |   |   |    |
  +---+---+---+---+---+---+---+---+---+
 5  B | B |   | W | K | B |   |   | B  |
  +---+---+---+---+---+---+---+---+---+
 6  B |   |   |   |   | W |   |   |    |
  +---+---+---+---+---+---+---+---+---+
 7    |   |   |   | W |   |   |   |    |
  +---+---+---+---+---+---+---+---+---+
 8    |   |   |   | B |   |   |   |    |
  +---+---+---+---+---+---+---+---+---+
 9    |   |   | B | B | B |   |   | B  |
  +---+---+---+---+---+---+---+---+---+
Current table:

    A   B   C   D   E   F   G   H   I
  +---+---+---+---+---+---+---+---+---+
 1    |   |   | B | B | B |   |   |    |
  +---+---+---+---+---+---+---+---+---+
 2    |   |   | W | B |   |   |   |    |
  +---+---+---+---+---+---+---+---+---+
 3  W |   |   |   |   |   |   |   | W  |
  +---+---+---+---+---+---+---+---+---+
 4  B |   |   |   |   | B |   |   |    |
  +---+---+---+---+---+---+---+---+---+
 5  B | B |   | W | K | B |   |   | B  |
  +---+---+---+---+---+---+---+---+---+
 6  B |   |   |   |   | W |   |   |    |
  +---+---+---+---+---+---+---+---+---+
 7    |   |   |   | W |   |   |   |    |
  +---+---+---+---+---+---+---+---+---+
 8    |   |   |   | B |   |   |   |    |
  +---+---+---+---+---+---+---+---+---+
 9    |   |   | B | B | B | B |   |    |
  +---+---+---+---+---+---+---+---+---+
It's your turn
Move WHITE : a3 --> g3
After my move:

    A   B   C   D   E   F   G   H   I
  +---+---+---+---+---+---+---+---+---+
 1    |   |   | B | B | B |   |   |    |
  +---+---+---+---+---+---+---+---+---+
 2    |   |   | W | B |   |   |   |    |
  +---+---+---+---+---+---+---+---+---+
 3    |   |   |   |   |   | W |   | W  |
  +---+---+---+---+---+---+---+---+---+
 4  B |   |   |   |   | B |   |   |    |
  +---+---+---+---+---+---+---+---+---+
 5  B | B |   | W | K | B |   |   | B  |
  +---+---+---+---+---+---+---+---+---+
 6  B |   |   |   |   | W |   |   |    |
  +---+---+---+---+---+---+---+---+---+
 7    |   |   |   | W |   |   |   |    |
  +---+---+---+---+---+---+---+---+---+
 8    |   |   |   | B |   |   |   |    |
  +---+---+---+---+---+---+---+---+---+
 9    |   |   | B | B | B | B |   |    |
  +---+---+---+---+---+---+---+---+---+
Current table:

    A   B   C   D   E   F   G   H   I
  +---+---+---+---+---+---+---+---+---+
 1    |   |   | B | B | B |   |   |    |
  +---+---+---+---+---+---+---+---+---+
 2    |   |   | W | B |   |   |   |    |
  +---+---+---+---+---+---+---+---+---+
 3    |   |   |   |   |   | W |   | W  |
  +---+---+---+---+---+---+---+---+---+
 4  B |   |   |   |   | B |   |   |    |
  +---+---+---+---+---+---+---+---+---+
 5  B | B |   | W | K | B |   |   | B  |
  +---+---+---+---+---+---+---+---+---+
 6  B |   |   |   |   | W |   |   |    |
  +---+---+---+---+---+---+---+---+---+
 7    |   |   |   | W |   |   |   |    |
  +---+---+---+---+---+---+---+---+---+
 8    |   |   |   | B |   |   |   |    |
  +---+---+---+---+---+---+---+---+---+
 9    |   |   | B | B | B |   |   | B  |
  +---+---+---+---+---+---+---+---+---+
It's your turn
Move WHITE : e7 --> d7
After my move:

    A   B   C   D   E   F   G   H   I
  +---+---+---+---+---+---+---+---+---+
 1    |   |   | B | B | B |   |   |    |
  +---+---+---+---+---+---+---+---+---+
 2    |   |   | W | B |   |   |   |    |
  +---+---+---+---+---+---+---+---+---+
 3    |   |   |   |   |   | W |   | W  |
  +---+---+---+---+---+---+---+---+---+
 4  B |   |   |   |   | B |   |   |    |
  +---+---+---+---+---+---+---+---+---+
 5  B | B |   | W | K | B |   |   | B  |
  +---+---+---+---+---+---+---+---+---+
 6  B |   |   |   |   | W |   |   |    |
  +---+---+---+---+---+---+---+---+---+
 7    |   |   | W |   |   |   |   |    |
  +---+---+---+---+---+---+---+---+---+
 8    |   |   |   | B |   |   |   |    |
  +---+---+---+---+---+---+---+---+---+
 9    |   |   | B | B | B |   |   | B  |
  +---+---+---+---+---+---+---+---+---+
Current table:

    A   B   C   D   E   F   G   H   I
  +---+---+---+---+---+---+---+---+---+
 1    |   |   | B | B | B |   |   |    |
  +---+---+---+---+---+---+---+---+---+
 2    |   |   | W | B |   |   |   |    |
  +---+---+---+---+---+---+---+---+---+
 3    |   |   |   |   |   | W |   | W  |
  +---+---+---+---+---+---+---+---+---+
 4  B |   |   |   |   | B |   |   |    |
  +---+---+---+---+---+---+---+---+---+
 5  B | B |   | W | K | B |   |   | B  |
  +---+---+---+---+---+---+---+---+---+
 6  B |   |   |   |   | W |   |   |    |
  +---+---+---+---+---+---+---+---+---+
 7    |   |   | W |   |   |   |   |    |
  +---+---+---+---+---+---+---+---+---+
 8    |   |   |   | B |   |   |   |    |
  +---+---+---+---+---+---+---+---+---+
 9    |   |   | B | B | B | B |   |    |
  +---+---+---+---+---+---+---+---+---+
It's your turn
Move WHITE : g3 --> g6
After my move:

    A   B   C   D   E   F   G   H   I
  +---+---+---+---+---+---+---+---+---+
 1    |   |   | B | B | B |   |   |    |
  +---+---+---+---+---+---+---+---+---+
 2    |   |   | W | B |   |   |   |    |
  +---+---+---+---+---+---+---+---+---+
 3    |   |   |   |   |   |   |   | W  |
  +---+---+---+---+---+---+---+---+---+
 4  B |   |   |   |   | B |   |   |    |
  +---+---+---+---+---+---+---+---+---+
 5  B | B |   | W | K | B |   |   | B  |
  +---+---+---+---+---+---+---+---+---+
 6  B |   |   |   |   | W | W |   |    |
  +---+---+---+---+---+---+---+---+---+
 7    |   |   | W |   |   |   |   |    |
  +---+---+---+---+---+---+---+---+---+
 8    |   |   |   | B |   |   |   |    |
  +---+---+---+---+---+---+---+---+---+
 9    |   |   | B | B | B | B |   |    |
  +---+---+---+---+---+---+---+---+---+
Current table:

    A   B   C   D   E   F   G   H   I
  +---+---+---+---+---+---+---+---+---+
 1    |   |   | B | B | B |   |   |    |
  +---+---+---+---+---+---+---+---+---+
 2    |   |   | W | B |   |   |   |    |
  +---+---+---+---+---+---+---+---+---+
 3    |   |   |   |   |   |   |   | W  |
  +---+---+---+---+---+---+---+---+---+
 4  B |   |   |   |   | B |   |   |    |
  +---+---+---+---+---+---+---+---+---+
 5  B | B |   | W | K | B |   |   | B  |
  +---+---+---+---+---+---+---+---+---+
 6  B |   |   |   |   | W | W |   |    |
  +---+---+---+---+---+---+---+---+---+
 7    |   |   | W |   |   |   |   |    |
  +---+---+---+---+---+---+---+---+---+
 8    |   |   |   | B |   |   |   |    |
  +---+---+---+---+---+---+---+---+---+
 9    |   |   | B | B | B |   |   | B  |
  +---+---+---+---+---+---+---+---+---+
It's your turn
Move WHITE : g6 --> g5
After my move:

    A   B   C   D   E   F   G   H   I
  +---+---+---+---+---+---+---+---+---+
 1    |   |   | B | B | B |   |   |    |
  +---+---+---+---+---+---+---+---+---+
 2    |   |   | W | B |   |   |   |    |
  +---+---+---+---+---+---+---+---+---+
 3    |   |   |   |   |   |   |   | W  |
  +---+---+---+---+---+---+---+---+---+
 4  B |   |   |   |   | B |   |   |    |
  +---+---+---+---+---+---+---+---+---+
 5  B | B |   | W | K |   | W |   | B  |
  +---+---+---+---+---+---+---+---+---+
 6  B |   |   |   |   | W |   |   |    |
  +---+---+---+---+---+---+---+---+---+
 7    |   |   | W |   |   |   |   |    |
  +---+---+---+---+---+---+---+---+---+
 8    |   |   |   | B |   |   |   |    |
  +---+---+---+---+---+---+---+---+---+
 9    |   |   | B | B | B |   |   | B  |
  +---+---+---+---+---+---+---+---+---+
Current table:

    A   B   C   D   E   F   G   H   I
  +---+---+---+---+---+---+---+---+---+
 1    |   |   | B | B | B |   |   |    |
  +---+---+---+---+---+---+---+---+---+
 2    |   |   | W | B |   |   |   |    |
  +---+---+---+---+---+---+---+---+---+
 3    |   |   |   |   |   |   |   | W  |
  +---+---+---+---+---+---+---+---+---+
 4  B |   |   |   |   | B |   |   |    |
  +---+---+---+---+---+---+---+---+---+
 5  B | B |   | W | K |   | W |   | B  |
  +---+---+---+---+---+---+---+---+---+
 6  B |   |   |   |   | W |   |   |    |
  +---+---+---+---+---+---+---+---+---+
 7    |   |   | W |   |   |   |   |    |
  +---+---+---+---+---+---+---+---+---+
 8    |   |   |   | B |   |   |   |    |
  +---+---+---+---+---+---+---+---+---+
 9    |   |   | B | B | B | B |   |    |
  +---+---+---+---+---+---+---+---+---+
It's your turn
Move WHITE : d2 --> a2
After my move:

    A   B   C   D   E   F   G   H   I
  +---+---+---+---+---+---+---+---+---+
 1    |   |   | B | B | B |   |   |    |
  +---+---+---+---+---+---+---+---+---+
 2  W |   |   |   | B |   |   |   |    |
  +---+---+---+---+---+---+---+---+---+
 3    |   |   |   |   |   |   |   | W  |
  +---+---+---+---+---+---+---+---+---+
 4  B |   |   |   |   | B |   |   |    |
  +---+---+---+---+---+---+---+---+---+
 5  B | B |   | W | K |   | W |   | B  |
  +---+---+---+---+---+---+---+---+---+
 6  B |   |   |   |   | W |   |   |    |
  +---+---+---+---+---+---+---+---+---+
 7    |   |   | W |   |   |   |   |    |
  +---+---+---+---+---+---+---+---+---+
 8    |   |   |   | B |   |   |   |    |
  +---+---+---+---+---+---+---+---+---+
 9    |   |   | B | B | B | B |   |    |
  +---+---+---+---+---+---+---+---+---+
Current table:

    A   B   C   D   E   F   G   H   I
  +---+---+---+---+---+---+---+---+---+
 1    |   |   | B | B | B |   |   |    |
  +---+---+---+---+---+---+---+---+---+
 2  W |   |   |   | B |   |   |   |    |
  +---+---+---+---+---+---+---+---+---+
 3    |   |   |   |   |   |   |   | W  |
  +---+---+---+---+---+---+---+---+---+
 4  B |   |   |   |   | B |   |   |    |
  +---+---+---+---+---+---+---+---+---+
 5  B | B |   | W | K |   | W |   | B  |
  +---+---+---+---+---+---+---+---+---+
 6  B |   |   |   |   | W | B |   |    |
  +---+---+---+---+---+---+---+---+---+
 7    |   |   | W |   |   |   |   |    |
  +---+---+---+---+---+---+---+---+---+
 8    |   |   |   | B |   |   |   |    |
  +---+---+---+---+---+---+---+---+---+
 9    |   |   | B | B | B |   |   |    |
  +---+---+---+---+---+---+---+---+---+
It's your turn
Move KING : e5 --> e3
After my move:

    A   B   C   D   E   F   G   H   I
  +---+---+---+---+---+---+---+---+---+
 1    |   |   | B | B | B |   |   |    |
  +---+---+---+---+---+---+---+---+---+
 2  W |   |   |   | B |   |   |   |    |
  +---+---+---+---+---+---+---+---+---+
 3    |   |   |   | K |   |   |   | W  |
  +---+---+---+---+---+---+---+---+---+
 4  B |   |   |   |   | B |   |   |    |
  +---+---+---+---+---+---+---+---+---+
 5  B | B |   | W | T |   | W |   | B  |
  +---+---+---+---+---+---+---+---+---+
 6  B |   |   |   |   | W | B |   |    |
  +---+---+---+---+---+---+---+---+---+
 7    |   |   | W |   |   |   |   |    |
  +---+---+---+---+---+---+---+---+---+
 8    |   |   |   | B |   |   |   |    |
  +---+---+---+---+---+---+---+---+---+
 9    |   |   | B | B | B |   |   |    |
  +---+---+---+---+---+---+---+---+---+
Current table:

    A   B   C   D   E   F   G   H   I
  +---+---+---+---+---+---+---+---+---+
 1    |   |   | B | B | B |   |   |    |
  +---+---+---+---+---+---+---+---+---+
 2  W |   |   |   | B |   |   |   |    |
  +---+---+---+---+---+---+---+---+---+
 3    |   |   |   | K |   |   |   | W  |
  +---+---+---+---+---+---+---+---+---+
 4  B |   |   |   |   | B |   |   |    |
  +---+---+---+---+---+---+---+---+---+
 5  B | B |   | W | T |   | W |   | B  |
  +---+---+---+---+---+---+---+---+---+
 6  B |   |   |   |   | W |   |   |    |
  +---+---+---+---+---+---+---+---+---+
 7    |   |   | W |   |   |   |   |    |
  +---+---+---+---+---+---+---+---+---+
 8    |   |   |   | B |   |   |   |    |
  +---+---+---+---+---+---+---+---+---+
 9    |   |   | B | B | B | B |   |    |
  +---+---+---+---+---+---+---+---+---+
It's your turn
Move WHITE : i3 --> i2
After my move:

    A   B   C   D   E   F   G   H   I
  +---+---+---+---+---+---+---+---+---+
 1    |   |   | B | B | B |   |   |    |
  +---+---+---+---+---+---+---+---+---+
 2  W |   |   |   | B |   |   |   | W  |
  +---+---+---+---+---+---+---+---+---+
 3    |   |   |   | K |   |   |   |    |
  +---+---+---+---+---+---+---+---+---+
 4  B |   |   |   |   | B |   |   |    |
  +---+---+---+---+---+---+---+---+---+
 5  B | B |   | W | T |   | W |   | B  |
  +---+---+---+---+---+---+---+---+---+
 6  B |   |   |   |   | W |   |   |    |
  +---+---+---+---+---+---+---+---+---+
 7    |   |   | W |   |   |   |   |    |
  +---+---+---+---+---+---+---+---+---+
 8    |   |   |   | B |   |   |   |    |
  +---+---+---+---+---+---+---+---+---+
 9    |   |   | B | B | B | B |   |    |
  +---+---+---+---+---+---+---+---+---+
Current table:

    A   B   C   D   E   F   G   H   I
  +---+---+---+---+---+---+---+---+---+
 1    |   |   | B | B | B |   |   |    |
  +---+---+---+---+---+---+---+---+---+
 2  W |   |   |   | B |   |   |   | W  |
  +---+---+---+---+---+---+---+---+---+
 3    |   |   |   | K |   |   |   |    |
  +---+---+---+---+---+---+---+---+---+
 4  B |   |   |   |   | B |   |   |    |
  +---+---+---+---+---+---+---+---+---+
 5  B | B |   | W | T |   | W |   | B  |
  +---+---+---+---+---+---+---+---+---+
 6  B |   |   |   |   | W |   |   |    |
  +---+---+---+---+---+---+---+---+---+
 7    |   |   | W |   |   |   |   |    |
  +---+---+---+---+---+---+---+---+---+
 8    |   |   |   | B |   |   |   |    |
  +---+---+---+---+---+---+---+---+---+
 9    |   |   | B | B | B |   |   | B  |
  +---+---+---+---+---+---+---+---+---+
It's your turn
Move WHITE : g5 --> g7
After my move:

    A   B   C   D   E   F   G   H   I
  +---+---+---+---+---+---+---+---+---+
 1    |   |   | B | B | B |   |   |    |
  +---+---+---+---+---+---+---+---+---+
 2  W |   |   |   | B |   |   |   | W  |
  +---+---+---+---+---+---+---+---+---+
 3    |   |   |   | K |   |   |   |    |
  +---+---+---+---+---+---+---+---+---+
 4  B |   |   |   |   | B |   |   |    |
  +---+---+---+---+---+---+---+---+---+
 5  B | B |   | W | T |   |   |   | B  |
  +---+---+---+---+---+---+---+---+---+
 6  B |   |   |   |   | W |   |   |    |
  +---+---+---+---+---+---+---+---+---+
 7    |   |   | W |   |   | W |   |    |
  +---+---+---+---+---+---+---+---+---+
 8    |   |   |   | B |   |   |   |    |
  +---+---+---+---+---+---+---+---+---+
 9    |   |   | B | B | B |   |   | B  |
  +---+---+---+---+---+---+---+---+---+
Current table:

    A   B   C   D   E   F   G   H   I
  +---+---+---+---+---+---+---+---+---+
 1    |   |   | B | B | B |   |   |    |
  +---+---+---+---+---+---+---+---+---+
 2  W |   |   |   | B |   |   |   | W  |
  +---+---+---+---+---+---+---+---+---+
 3    |   |   |   | K |   |   |   |    |
  +---+---+---+---+---+---+---+---+---+
 4  B |   |   |   |   | B |   |   |    |
  +---+---+---+---+---+---+---+---+---+
 5  B | B |   | W | T |   |   |   | B  |
  +---+---+---+---+---+---+---+---+---+
 6  B |   |   |   |   | W |   |   |    |
  +---+---+---+---+---+---+---+---+---+
 7    |   |   | W |   |   | W |   |    |
  +---+---+---+---+---+---+---+---+---+
 8    |   |   |   | B |   |   |   |    |
  +---+---+---+---+---+---+---+---+---+
 9    |   |   | B | B | B | B |   |    |
  +---+---+---+---+---+---+---+---+---+
It's your turn
Move WHITE : d7 --> c7
After my move:

    A   B   C   D   E   F   G   H   I
  +---+---+---+---+---+---+---+---+---+
 1    |   |   | B | B | B |   |   |    |
  +---+---+---+---+---+---+---+---+---+
 2  W |   |   |   | B |   |   |   | W  |
  +---+---+---+---+---+---+---+---+---+
 3    |   |   |   | K |   |   |   |    |
  +---+---+---+---+---+---+---+---+---+
 4  B |   |   |   |   | B |   |   |    |
  +---+---+---+---+---+---+---+---+---+
 5  B | B |   | W | T |   |   |   | B  |
  +---+---+---+---+---+---+---+---+---+
 6  B |   |   |   |   | W |   |   |    |
  +---+---+---+---+---+---+---+---+---+
 7    |   | W |   |   |   | W |   |    |
  +---+---+---+---+---+---+---+---+---+
 8    |   |   |   | B |   |   |   |    |
  +---+---+---+---+---+---+---+---+---+
 9    |   |   | B | B | B | B |   |    |
  +---+---+---+---+---+---+---+---+---+
Current table:

    A   B   C   D   E   F   G   H   I
  +---+---+---+---+---+---+---+---+---+
 1    |   |   | B | B | B |   |   |    |
  +---+---+---+---+---+---+---+---+---+
 2  W |   |   |   | B |   |   |   | W  |
  +---+---+---+---+---+---+---+---+---+
 3    |   |   |   | K |   |   |   |    |
  +---+---+---+---+---+---+---+---+---+
 4  B |   |   |   |   | B |   |   |    |
  +---+---+---+---+---+---+---+---+---+
 5  B | B |   | W | T |   |   |   | B  |
  +---+---+---+---+---+---+---+---+---+
 6  B |   |   |   |   | W |   |   |    |
  +---+---+---+---+---+---+---+---+---+
 7    |   | W |   |   |   | W |   |    |
  +---+---+---+---+---+---+---+---+---+
 8    |   |   |   | B |   |   |   |    |
  +---+---+---+---+---+---+---+---+---+
 9    |   |   | B | B | B |   |   | B  |
  +---+---+---+---+---+---+---+---+---+
It's your turn
Move WHITE : c7 --> c1
After my move:

    A   B   C   D   E   F   G   H   I
  +---+---+---+---+---+---+---+---+---+
 1    |   | W | B | B | B |   |   |    |
  +---+---+---+---+---+---+---+---+---+
 2  W |   |   |   | B |   |   |   | W  |
  +---+---+---+---+---+---+---+---+---+
 3    |   |   |   | K |   |   |   |    |
  +---+---+---+---+---+---+---+---+---+
 4  B |   |   |   |   | B |   |   |    |
  +---+---+---+---+---+---+---+---+---+
 5  B | B |   | W | T |   |   |   | B  |
  +---+---+---+---+---+---+---+---+---+
 6  B |   |   |   |   | W |   |   |    |
  +---+---+---+---+---+---+---+---+---+
 7    |   |   |   |   |   | W |   |    |
  +---+---+---+---+---+---+---+---+---+
 8    |   |   |   | B |   |   |   |    |
  +---+---+---+---+---+---+---+---+---+
 9    |   |   | B | B | B |   |   | B  |
  +---+---+---+---+---+---+---+---+---+
Current table:

    A   B   C   D   E   F   G   H   I
  +---+---+---+---+---+---+---+---+---+
 1    |   | W | B | B | B |   |   |    |
  +---+---+---+---+---+---+---+---+---+
 2  W |   |   |   | B |   |   |   | W  |
  +---+---+---+---+---+---+---+---+---+
 3    |   |   |   | K |   |   |   |    |
  +---+---+---+---+---+---+---+---+---+
 4  B |   |   |   |   | B |   |   |    |
  +---+---+---+---+---+---+---+---+---+
 5  B | B |   | W | T |   |   |   | B  |
  +---+---+---+---+---+---+---+---+---+
 6  B |   |   |   |   | W |   |   |    |
  +---+---+---+---+---+---+---+---+---+
 7    |   |   |   |   |   | W |   |    |
  +---+---+---+---+---+---+---+---+---+
 8    |   |   |   | B |   |   |   |    |
  +---+---+---+---+---+---+---+---+---+
 9    |   |   | B | B | B | B |   |    |
  +---+---+---+---+---+---+---+---+---+
It's your turn
Move WHITE : i2 --> g2
After my move:

    A   B   C   D   E   F   G   H   I
  +---+---+---+---+---+---+---+---+---+
 1    |   | W | B | B | B |   |   |    |
  +---+---+---+---+---+---+---+---+---+
 2  W |   |   |   | B |   | W |   |    |
  +---+---+---+---+---+---+---+---+---+
 3    |   |   |   | K |   |   |   |    |
  +---+---+---+---+---+---+---+---+---+
 4  B |   |   |   |   | B |   |   |    |
  +---+---+---+---+---+---+---+---+---+
 5  B | B |   | W | T |   |   |   | B  |
  +---+---+---+---+---+---+---+---+---+
 6  B |   |   |   |   | W |   |   |    |
  +---+---+---+---+---+---+---+---+---+
 7    |   |   |   |   |   | W |   |    |
  +---+---+---+---+---+---+---+---+---+
 8    |   |   |   | B |   |   |   |    |
  +---+---+---+---+---+---+---+---+---+
 9    |   |   | B | B | B | B |   |    |
  +---+---+---+---+---+---+---+---+---+
Current table:

    A   B   C   D   E   F   G   H   I
  +---+---+---+---+---+---+---+---+---+
 1    |   | W | B | B | B |   |   |    |
  +---+---+---+---+---+---+---+---+---+
 2  W |   |   |   | B |   | W |   |    |
  +---+---+---+---+---+---+---+---+---+
 3    |   |   |   | K |   |   |   |    |
  +---+---+---+---+---+---+---+---+---+
 4  B |   |   |   |   | B |   |   |    |
  +---+---+---+---+---+---+---+---+---+
 5  B | B |   | W | T |   |   |   | B  |
  +---+---+---+---+---+---+---+---+---+
 6  B |   |   |   |   | W |   |   |    |
  +---+---+---+---+---+---+---+---+---+
 7    |   |   |   |   |   | W |   |    |
  +---+---+---+---+---+---+---+---+---+
 8    |   |   |   | B |   |   |   |    |
  +---+---+---+---+---+---+---+---+---+
 9    |   |   | B | B | B |   |   | B  |
  +---+---+---+---+---+---+---+---+---+
It's your turn
Move WHITE : a2 --> c2
After my move:

    A   B   C   D   E   F   G   H   I
  +---+---+---+---+---+---+---+---+---+
 1    |   | W | B | B | B |   |   |    |
  +---+---+---+---+---+---+---+---+---+
 2    |   | W |   | B |   | W |   |    |
  +---+---+---+---+---+---+---+---+---+
 3    |   |   |   | K |   |   |   |    |
  +---+---+---+---+---+---+---+---+---+
 4  B |   |   |   |   | B |   |   |    |
  +---+---+---+---+---+---+---+---+---+
 5  B | B |   | W | T |   |   |   | B  |
  +---+---+---+---+---+---+---+---+---+
 6  B |   |   |   |   | W |   |   |    |
  +---+---+---+---+---+---+---+---+---+
 7    |   |   |   |   |   | W |   |    |
  +---+---+---+---+---+---+---+---+---+
 8    |   |   |   | B |   |   |   |    |
  +---+---+---+---+---+---+---+---+---+
 9    |   |   | B | B | B |   |   | B  |
  +---+---+---+---+---+---+---+---+---+
Current table:

    A   B   C   D   E   F   G   H   I
  +---+---+---+---+---+---+---+---+---+
 1    |   | W | B | B | B |   |   |    |
  +---+---+---+---+---+---+---+---+---+
 2    |   | W |   | B |   | W |   |    |
  +---+---+---+---+---+---+---+---+---+
 3    |   |   |   | K |   |   |   |    |
  +---+---+---+---+---+---+---+---+---+
 4  B |   |   |   |   | B |   |   |    |
  +---+---+---+---+---+---+---+---+---+
 5  B | B |   | W | T |   |   |   | B  |
  +---+---+---+---+---+---+---+---+---+
 6  B |   |   |   |   | W |   |   |    |
  +---+---+---+---+---+---+---+---+---+
 7    |   |   |   |   |   | W |   |    |
  +---+---+---+---+---+---+---+---+---+
 8    |   |   |   | B |   |   |   |    |
  +---+---+---+---+---+---+---+---+---+
 9    |   |   | B | B | B | B |   |    |
  +---+---+---+---+---+---+---+---+---+
It's your turn
Move WHITE : g7 --> g8
After my move:

    A   B   C   D   E   F   G   H   I
  +---+---+---+---+---+---+---+---+---+
 1    |   | W | B | B | B |   |   |    |
  +---+---+---+---+---+---+---+---+---+
 2    |   | W |   | B |   | W |   |    |
  +---+---+---+---+---+---+---+---+---+
 3    |   |   |   | K |   |   |   |    |
  +---+---+---+---+---+---+---+---+---+
 4  B |   |   |   |   | B |   |   |    |
  +---+---+---+---+---+---+---+---+---+
 5  B | B |   | W | T |   |   |   | B  |
  +---+---+---+---+---+---+---+---+---+
 6  B |   |   |   |   | W |   |   |    |
  +---+---+---+---+---+---+---+---+---+
 7    |   |   |   |   |   |   |   |    |
  +---+---+---+---+---+---+---+---+---+
 8    |   |   |   | B |   | W |   |    |
  +---+---+---+---+---+---+---+---+---+
 9    |   |   | B | B | B | B |   |    |
  +---+---+---+---+---+---+---+---+---+
Current table:

    A   B   C   D   E   F   G   H   I
  +---+---+---+---+---+---+---+---+---+
 1    |   | W | B | B | B |   |   |    |
  +---+---+---+---+---+---+---+---+---+
 2    |   | W |   | B |   | W |   |    |
  +---+---+---+---+---+---+---+---+---+
 3    |   |   |   | K |   |   |   |    |
  +---+---+---+---+---+---+---+---+---+
 4  B |   |   |   |   | B |   |   |    |
  +---+---+---+---+---+---+---+---+---+
 5  B | B |   | W | T |   |   |   | B  |
  +---+---+---+---+---+---+---+---+---+
 6  B |   |   |   |   | W |   |   |    |
  +---+---+---+---+---+---+---+---+---+
 7    |   |   |   |   |   |   |   |    |
  +---+---+---+---+---+---+---+---+---+
 8    |   |   |   | B |   | W |   |    |
  +---+---+---+---+---+---+---+---+---+
 9    |   |   | B | B | B |   |   | B  |
  +---+---+---+---+---+---+---+---+---+
It's your turn
Move WHITE : g2 --> g3
After my move:

    A   B   C   D   E   F   G   H   I
  +---+---+---+---+---+---+---+---+---+
 1    |   | W | B | B | B |   |   |    |
  +---+---+---+---+---+---+---+---+---+
 2    |   | W |   | B |   |   |   |    |
  +---+---+---+---+---+---+---+---+---+
 3    |   |   |   | K |   | W |   |    |
  +---+---+---+---+---+---+---+---+---+
 4  B |   |   |   |   | B |   |   |    |
  +---+---+---+---+---+---+---+---+---+
 5  B | B |   | W | T |   |   |   | B  |
  +---+---+---+---+---+---+---+---+---+
 6  B |   |   |   |   | W |   |   |    |
  +---+---+---+---+---+---+---+---+---+
 7    |   |   |   |   |   |   |   |    |
  +---+---+---+---+---+---+---+---+---+
 8    |   |   |   | B |   | W |   |    |
  +---+---+---+---+---+---+---+---+---+
 9    |   |   | B | B | B |   |   | B  |
  +---+---+---+---+---+---+---+---+---+
Current table:

    A   B   C   D   E   F   G   H   I
  +---+---+---+---+---+---+---+---+---+
 1    |   | W | B | B | B |   |   |    |
  +---+---+---+---+---+---+---+---+---+
 2    |   | W |   | B |   |   |   |    |
  +---+---+---+---+---+---+---+---+---+
 3    |   |   |   | K |   | W |   |    |
  +---+---+---+---+---+---+---+---+---+
 4  B |   |   |   |   | B |   |   |    |
  +---+---+---+---+---+---+---+---+---+
 5  B | B |   | W | T |   |   |   | B  |
  +---+---+---+---+---+---+---+---+---+
 6  B |   |   |   |   | W |   |   |    |
  +---+---+---+---+---+---+---+---+---+
 7    |   |   |   |   |   |   |   |    |
  +---+---+---+---+---+---+---+---+---+
 8    |   |   |   | B |   | W |   |    |
  +---+---+---+---+---+---+---+---+---+
 9    |   |   | B | B | B | B |   |    |
  +---+---+---+---+---+---+---+---+---+
It's your turn
Move WHITE : g3 --> g6
After my move:

    A   B   C   D   E   F   G   H   I
  +---+---+---+---+---+---+---+---+---+
 1    |   | W | B | B | B |   |   |    |
  +---+---+---+---+---+---+---+---+---+
 2    |   | W |   | B |   |   |   |    |
  +---+---+---+---+---+---+---+---+---+
 3    |   |   |   | K |   |   |   |    |
  +---+---+---+---+---+---+---+---+---+
 4  B |   |   |   |   | B |   |   |    |
  +---+---+---+---+---+---+---+---+---+
 5  B | B |   | W | T |   |   |   | B  |
  +---+---+---+---+---+---+---+---+---+
 6  B |   |   |   |   | W | W |   |    |
  +---+---+---+---+---+---+---+---+---+
 7    |   |   |   |   |   |   |   |    |
  +---+---+---+---+---+---+---+---+---+
 8    |   |   |   | B |   | W |   |    |
  +---+---+---+---+---+---+---+---+---+
 9    |   |   | B | B | B | B |   |    |
  +---+---+---+---+---+---+---+---+---+
Current table:

    A   B   C   D   E   F   G   H   I
  +---+---+---+---+---+---+---+---+---+
 1    |   | W | B | B | B |   |   |    |
  +---+---+---+---+---+---+---+---+---+
 2    |   | W |   | B |   |   |   |    |
  +---+---+---+---+---+---+---+---+---+
 3    |   |   |   | K |   |   |   |    |
  +---+---+---+---+---+---+---+---+---+
 4  B |   |   |   |   | B |   |   |    |
  +---+---+---+---+---+---+---+---+---+
 5  B | B |   | W | T |   |   |   | B  |
  +---+---+---+---+---+---+---+---+---+
 6  B |   |   |   |   | W | W |   |    |
  +---+---+---+---+---+---+---+---+---+
 7    |   |   |   |   |   |   |   |    |
  +---+---+---+---+---+---+---+---+---+
 8    |   |   |   | B |   | W |   |    |
  +---+---+---+---+---+---+---+---+---+
 9    |   |   | B | B | B |   |   | B  |
  +---+---+---+---+---+---+---+---+---+
It's your turn
Move WHITE : c2 --> c8
After my move:

    A   B   C   D   E   F   G   H   I
  +---+---+---+---+---+---+---+---+---+
 1    |   | W | B | B | B |   |   |    |
  +---+---+---+---+---+---+---+---+---+
 2    |   |   |   | B |   |   |   |    |
  +---+---+---+---+---+---+---+---+---+
 3    |   |   |   | K |   |   |   |    |
  +---+---+---+---+---+---+---+---+---+
 4  B |   |   |   |   | B |   |   |    |
  +---+---+---+---+---+---+---+---+---+
 5  B | B |   | W | T |   |   |   | B  |
  +---+---+---+---+---+---+---+---+---+
 6  B |   |   |   |   | W | W |   |    |
  +---+---+---+---+---+---+---+---+---+
 7    |   |   |   |   |   |   |   |    |
  +---+---+---+---+---+---+---+---+---+
 8    |   | W |   | B |   | W |   |    |
  +---+---+---+---+---+---+---+---+---+
 9    |   |   | B | B | B |   |   | B  |
  +---+---+---+---+---+---+---+---+---+
Current table:

    A   B   C   D   E   F   G   H   I
  +---+---+---+---+---+---+---+---+---+
 1    |   | W | B | B | B |   |   |    |
  +---+---+---+---+---+---+---+---+---+
 2    |   |   |   | B |   |   |   |    |
  +---+---+---+---+---+---+---+---+---+
 3    |   |   |   | K |   |   |   |    |
  +---+---+---+---+---+---+---+---+---+
 4  B |   |   |   |   | B |   |   |    |
  +---+---+---+---+---+---+---+---+---+
 5  B | B |   | W | T |   |   |   | B  |
  +---+---+---+---+---+---+---+---+---+
 6  B |   |   |   |   | W | W |   |    |
  +---+---+---+---+---+---+---+---+---+
 7    |   |   |   |   |   |   |   |    |
  +---+---+---+---+---+---+---+---+---+
 8    |   | W |   | B |   | W |   |    |
  +---+---+---+---+---+---+---+---+---+
 9    |   |   | B | B | B | B |   |    |
  +---+---+---+---+---+---+---+---+---+
It's your turn
Move WHITE : d5 --> d4
After my move:

    A   B   C   D   E   F   G   H   I
  +---+---+---+---+---+---+---+---+---+
 1    |   | W | B | B | B |   |   |    |
  +---+---+---+---+---+---+---+---+---+
 2    |   |   |   | B |   |   |   |    |
  +---+---+---+---+---+---+---+---+---+
 3    |   |   |   | K |   |   |   |    |
  +---+---+---+---+---+---+---+---+---+
 4  B |   |   | W |   | B |   |   |    |
  +---+---+---+---+---+---+---+---+---+
 5  B | B |   |   | T |   |   |   | B  |
  +---+---+---+---+---+---+---+---+---+
 6  B |   |   |   |   | W | W |   |    |
  +---+---+---+---+---+---+---+---+---+
 7    |   |   |   |   |   |   |   |    |
  +---+---+---+---+---+---+---+---+---+
 8    |   | W |   | B |   | W |   |    |
  +---+---+---+---+---+---+---+---+---+
 9    |   |   | B | B | B | B |   |    |
  +---+---+---+---+---+---+---+---+---+
Current table:

    A   B   C   D   E   F   G   H   I
  +---+---+---+---+---+---+---+---+---+
 1    |   | W | B | B | B |   |   |    |
  +---+---+---+---+---+---+---+---+---+
 2    |   |   |   | B |   |   |   |    |
  +---+---+---+---+---+---+---+---+---+
 3    |   |   |   | K |   |   |   |    |
  +---+---+---+---+---+---+---+---+---+
 4  B |   |   | W |   | B |   |   |    |
  +---+---+---+---+---+---+---+---+---+
 5  B | B |   |   | T |   |   |   | B  |
  +---+---+---+---+---+---+---+---+---+
 6  B |   |   |   |   | W | W |   |    |
  +---+---+---+---+---+---+---+---+---+
 7    |   |   |   |   |   |   |   |    |
  +---+---+---+---+---+---+---+---+---+
 8    |   | W |   | B |   | W |   |    |
  +---+---+---+---+---+---+---+---+---+
 9    |   |   | B | B | B |   |   | B  |
  +---+---+---+---+---+---+---+---+---+
It's your turn
Move WHITE : d4 --> d5
After my move:

    A   B   C   D   E   F   G   H   I
  +---+---+---+---+---+---+---+---+---+
 1    |   | W | B | B | B |   |   |    |
  +---+---+---+---+---+---+---+---+---+
 2    |   |   |   | B |   |   |   |    |
  +---+---+---+---+---+---+---+---+---+
 3    |   |   |   | K |   |   |   |    |
  +---+---+---+---+---+---+---+---+---+
 4  B |   |   |   |   | B |   |   |    |
  +---+---+---+---+---+---+---+---+---+
 5  B | B |   | W | T |   |   |   | B  |
  +---+---+---+---+---+---+---+---+---+
 6  B |   |   |   |   | W | W |   |    |
  +---+---+---+---+---+---+---+---+---+
 7    |   |   |   |   |   |   |   |    |
  +---+---+---+---+---+---+---+---+---+
 8    |   | W |   | B |   | W |   |    |
  +---+---+---+---+---+---+---+---+---+
 9    |   |   | B | B | B |   |   | B  |
  +---+---+---+---+---+---+---+---+---+
Current table:

    A   B   C   D   E   F   G   H   I
  +---+---+---+---+---+---+---+---+---+
 1    |   | W | B | B | B |   |   |    |
  +---+---+---+---+---+---+---+---+---+
 2    |   |   |   | B |   |   |   |    |
  +---+---+---+---+---+---+---+---+---+
 3    |   |   |   | K |   |   |   |    |
  +---+---+---+---+---+---+---+---+---+
 4  B |   |   |   |   | B |   |   |    |
  +---+---+---+---+---+---+---+---+---+
 5  B | B |   | W | T |   |   |   | B  |
  +---+---+---+---+---+---+---+---+---+
 6  B |   |   |   |   | W | W |   |    |
  +---+---+---+---+---+---+---+---+---+
 7    |   |   |   |   |   |   |   |    |
  +---+---+---+---+---+---+---+---+---+
 8    |   | W |   | B |   | W |   |    |
  +---+---+---+---+---+---+---+---+---+
 9    |   |   | B | B | B |   |   | B  |
  +---+---+---+---+---+---+---+---+---+
It's a draw!
