Connected to the server 127.0.0.1:5800
Current table:

    A   B   C   D   E   F   G   H   I
  +---+---+---+---+---+---+---+---+---+
 1    |   |   | B | B | B |   |   |    |
  +---+---+---+---+---+---+---+---+---+
 2    |   |   |   | B |   |   |   |    |
  +---+---+---+---+---+---+---+---+---+
 3    |   |   |   | W |   |   |   |    |
  +---+---+---+---+---+---+---+---+---+
 4  B |   |   |   | W |   |   |   | B  |
  +---+---+---+---+---+---+---+---+---+
 5  B | B | W | W | K | W | W | B | B  |
  +---+---+---+---+---+---+---+---+---+
 6  B |   |   |   | W |   |   |   | B  |
  +---+---+---+---+---+---+---+---+---+
 7    |   |   |   | W |   |   |   |    |
  +---+---+---+---+---+---+---+---+---+
 8    |   |   |   | B |   |   |   |    |
  +---+---+---+---+---+---+---+---+---+
 9    |   |   | B | B | B |   |   |    |
  +---+---+---+---+---+---+---+---+---+
It's your turn
Move WHITE : g5 --> g2
After my move:

    A   B   C   D   E   F   G   H   I
  +---+---+---+---+---+---+---+---+---+
 1    |   |   | B | B | B |   |   |    |
  +---+---+---+---+---+---+---+---+---+
 2    |   |   |   | B |   | W |   |    |
  +---+---+---+---+---+---+---+---+---+
 3    |   |   |   | W |   |   |   |    |
  +---+---+---+---+---+---+---+---+---+
 4  B |   |   |   | W |   |   |   | B  |
  +---+---+---+---+---+---+---+---+---+
 5  B | B | W | W | K | W |   | B | B  |
  +---+---+---+---+---+---+---+---+---+
 6  B |   |   |   | W |   |   |   | B  |
  +---+---+---+---+---+---+---+---+---+
 7    |   |   |   | W |   |   |   |    |
  +---+---+---+---+---+---+---+---+---+
 8    |   |   |   | B |   |   |   |    |
  +---+---+---+---+---+---+---+---+---+
 9    |   |   | B | B | B |   |   |    |
  +---+---+---+---+---+---+---+---+---+
Current table:

    A   B   C   D   E   F   G   H   I
  +---+---+---+---+---+---+---+---+---+
 1    |   |   | B | B | B |   |   |    |
  +---+---+---+---+---+---+---+---+---+
 2    |   |   |   | B |   | W |   |    |
  +---+---+---+---+---+---+---+---+---+
 3    |   |   |   | W |   |   |   |    |
  +---+---+---+---+---+---+---+---+---+
 4  B |   |   |   | W |   |   |   | B  |
  +---+---+---+---+---+---+---+---+---+
 5  B | B | W | W | K |   | B |   | B  |
  +---+---+---+---+---+---+---+---+---+
 6  B |   |   |   | W |   |   |   | B  |
  +---+---+---+---+---+---+---+---+---+
 7    |   |   |   | W |   |   |   |    |
  +---+---+---+---+---+---+---+---+---+
 8    |   |   |   | B |   |   |   |    |
  +---+---+---+---+---+---+---+---+---+
 9    |   |   | B | B | B |   |   |    |
  +---+---+---+---+---+---+---+---+---+
It's your turn
Move WHITE : d5 --> d3
After my move:

    A   B   C   D   E   F   G   H   I
  +---+---+---+---+---+---+---+---+---+
 1    |   |   | B | B | B |   |   |    |
  +---+---+---+---+---+---+---+---+---+
 2    |   |   |   | B |   | W |   |    |
  +---+---+---+---+---+---+---+---+---+
 3    |   |   | W | W |   |   |   |    |
  +---+---+---+---+---+---+---+---+---+
 4  B |   |   |   | W |   |   |   | B  |
  +---+---+---+---+---+---+---+---+---+
 5  B | B | W |   | K |   | B |   | B  |
  +---+---+---+---+---+---+---+---+---+
 6  B |   |   |   | W |   |   |   | B  |
  +---+---+---+---+---+---+---+---+---+
 7    |   |   |   | W |   |   |   |    |
  +---+---+---+---+---+---+---+---+---+
 8    |   |   |   | B |   |   |   |    |
  +---+---+---+---+---+---+---+---+---+
 9    |   |   | B | B | B |   |   |    |
  +---+---+---+---+---+---+---+---+---+
Current table:

    A   B   C   D   E   F   G   H   I
  +---+---+---+---+---+---+---+---+---+
 1    |   |   | B | B | B |   |   |    |
  +---+---+---+---+---+---+---+---+---+
 2    |   |   |   | B |   | W |   |    |
  +---+---+---+---+---+---+---+---+---+
 3    |   |   | W | W |   |   |   |    |
  +---+---+---+---+---+---+---+---+---+
 4  B |   |   |   | W |   |   |   | B  |
  +---+---+---+---+---+---+---+---+---+
 5  B | B |   | B | K |   | B |   | B  |
  +---+---+---+---+---+---+---+---+---+
 6  B |   |   |   | W |   |   |   | B  |
  +---+---+---+---+---+---+---+---+---+
 7    |   |   |   | W |   |   |   |    |
  +---+---+---+---+---+---+---+---+---+
 8    |   |   |   | B |   |   |   |    |
  +---+---+---+---+---+---+---+---+---+
 9    |   |   |   | B | B |   |   |    |
  +---+---+---+---+---+---+---+---+---+
It's your turn
Move WHITE : e7 --> a7
After my move:

    A   B   C   D   E   F   G   H   I
  +---+---+---+---+---+---+---+---+---+
 1    |   |   | B | B | B |   |   |    |
  +---+---+---+---+---+---+---+---+---+
 2    |   |   |   | B |   | W |   |    |
  +---+---+---+---+---+---+---+---+---+
 3    |   |   | W | W |   |   |   |    |
  +---+---+---+---+---+---+---+---+---+
 4  B |   |   |   | W |   |   |   | B  |
  +---+---+---+---+---+---+---+---+---+
 5  B | B |   | B | K |   | B |   | B  |
  +---+---+---+---+---+---+---+---+---+
 6  B |   |   |   | W |   |   |   | B  |
  +---+---+---+---+---+---+---+---+---+
 7  W |   |   |   |   |   |   |   |    |
  +---+---+---+---+---+---+---+---+---+
 8    |   |   |   | B |   |   |   |    |
  +---+---+---+---+---+---+---+---+---+
 9    |   |   |   | B | B |   |   |    |
  +---+---+---+---+---+---+---+---+---+
Current table:

    A   B   C   D   E   F   G   H   I
  +---+---+---+---+---+---+---+---+---+
 1    |   |   | B | B | B |   |   |    |
  +---+---+---+---+---+---+---+---+---+
 2    |   |   |   | B |   | W |   |    |
  +---+---+---+---+---+---+---+---+---+
 3    |   |   | W | W |   |   |   |    |
  +---+---+---+---+---+---+---+---+---+
 4  B |   |   |   | W |   |   |   | B  |
  +---+---+---+---+---+---+---+---+---+
 5  B | B |   | B | K |   | B |   | B  |
  +---+---+---+---+---+---+---+---+---+
 6  B |   |   |   |   |   |   |   | B  |
  +---+---+---+---+---+---+---+---+---+
 7  W |   |   |   | B |   |   |   |    |
  +---+---+---+---+---+---+---+---+---+
 8    |   |   |   |   |   |   |   |    |
  +---+---+---+---+---+---+---+---+---+
 9    |   |   |   | B | B |   |   |    |
  +---+---+---+---+---+---+---+---+---+
It's your turn
Move WHITE : a7 --> a9
After my move:

    A   B   C   D   E   F   G   H   I
  +---+---+---+---+---+---+---+---+---+
 1    |   |   | B | B | B |   |   |    |
  +---+---+---+---+---+---+---+---+---+
 2    |   |   |   | B |   | W |   |    |
  +---+---+---+---+---+---+---+---+---+
 3    |   |   | W | W |   |   |   |    |
  +---+---+---+---+---+---+---+---+---+
 4  B |   |   |   | W |   |   |   | B  |
  +---+---+---+---+---+---+---+---+---+
 5  B | B |   | B | K |   | B |   | B  |
  +---+---+---+---+---+---+---+---+---+
 6  B |   |   |   |   |   |   |   | B  |
  +---+---+---+---+---+---+---+---+---+
 7    |   |   |   | B |   |   |   |    |
  +---+---+---+---+---+---+---+---+---+
 8    |   |   |   |   |   |   |   |    |
  +---+---+---+---+---+---+---+---+---+
 9  W |   |   |   | B | B |   |   |    |
  +---+---+---+---+---+---+---+---+---+
Current table:

    A   B   C   D   E   F   G   H   I
  +---+---+---+---+---+---+---+---+---+
 1    |   |   | B | B | B |   |   |    |
  +---+---+---+---+---+---+---+---+---+
 2    |   |   |   | B |   | W |   |    |
  +---+---+---+---+---+---+---+---+---+
 3    |   |   | W | W |   |   |   |    |
  +---+---+---+---+---+---+---+---+---+
 4  B |   |   |   | W |   |   |   | B  |
  +---+---+---+---+---+---+---+---+---+
 5  B | B |   | B | K |   | B |   | B  |
  +---+---+---+---+---+---+---+---+---+
 6  B | B |   |   |   |   |   |   |    |
  +---+---+---+---+---+---+---+---+---+
 7    |   |   |   | B |   |   |   |    |
  +---+---+---+---+---+---+---+---+---+
 8    |   |   |   |   |   |   |   |    |
  +---+---+---+---+---+---+---+---+---+
 9  W |   |   |   | B | B |   |   |    |
  +---+---+---+---+---+---+---+---+---+
It's your turn
Move WHITE : e3 --> i3
After my move:

    A   B   C   D   E   F   G   H   I
  +---+---+---+---+---+---+---+---+---+
 1    |   |   | B | B | B |   |   |    |
  +---+---+---+---+---+---+---+---+---+
 2    |   |   |   | B |   | W |   |    |
  +---+---+---+---+---+---+---+---+---+
 3    |   |   | W |   |   |   |   | W  |
  +---+---+---+---+---+---+---+---+---+
 4  B |   |   |   | W |   |   |   | B  |
  +---+---+---+---+---+---+---+---+---+
 5  B | B |   | B | K |   | B |   | B  |
  +---+---+---+---+---+---+---+---+---+
 6  B | B |   |   |   |   |   |   |    |
  +---+---+---+---+---+---+---+---+---+
 7    |   |   |   | B |   |   |   |    |
  +---+---+---+---+---+---+---+---+---+
 8    |   |   |   |   |   |   |   |    |
  +---+---+---+---+---+---+---+---+---+
 9  W |   |   |   | B | B |   |   |    |
  +---+---+---+---+---+---+---+---+---+
Current table:

    A   B   C   D   E   F   G   H   I
  +---+---+---+---+---+---+---+---+---+
 1    |   |   | B | B | B |   |   |    |
  +---+---+---+---+---+---+---+---+---+
 2    |   |   |   | B |   | W |   |    |
  +---+---+---+---+---+---+---+---+---+
 3    |   |   | W |   |   |   |   | W  |
  +---+---+---+---+---+---+---+---+---+
 4  B |   |   |   | W | B |   |   |    |
  +---+---+---+---+---+---+---+---+---+
 5  B | B |   | B | K |   | B |   | B  |
  +---+---+---+---+---+---+---+---+---+
 6  B | B |   |   |   |   |   |   |    |
  +---+---+---+---+---+---+---+---+---+
 7    |   |   |   | B |   |   |   |    |
  +---+---+---+---+---+---+---+---+---+
 8    |   |   |   |   |   |   |   |    |
  +---+---+---+---+---+---+---+---+---+
 9  W |   |   |   | B | B |   |   |    |
  +---+---+---+---+---+---+---+---+---+
It's your turn
Move WHITE : d3 --> f3
After my move:

    A   B   C   D   E   F   G   H   I
  +---+---+---+---+---+---+---+---+---+
 1    |   |   | B | B | B |   |   |    |
  +---+---+---+---+---+---+---+---+---+
 2    |   |   |   | B |   | W |   |    |
  +---+---+---+---+---+---+---+---+---+
 3    |   |   |   |   | W |   |   | W  |
  +---+---+---+---+---+---+---+---+---+
 4  B |   |   |   | W | B |   |   |    |
  +---+---+---+---+---+---+---+---+---+
 5  B | B |   | B | K |   | B |   | B  |
  +---+---+---+---+---+---+---+---+---+
 6  B | B |   |   |   |   |   |   |    |
  +---+---+---+---+---+---+---+---+---+
 7    |   |   |   | B |   |   |   |    |
  +---+---+---+---+---+---+---+---+---+
 8    |   |   |   |   |   |   |   |    |
  +---+---+---+---+---+---+---+---+---+
 9  W |   |   |   | B | B |   |   |    |
  +---+---+---+---+---+---+---+---+---+
Current table:

    A   B   C   D   E   F   G   H   I
  +---+---+---+---+---+---+---+---+---+
 1    |   |   | B | B | B |   |   |    |
  +---+---+---+---+---+---+---+---+---+
 2    |   |   |   | B |   | W |   |    |
  +---+---+---+---+---+---+---+---+---+
 3    |   |   |   |   | W |   |   | W  |
  +---+---+---+---+---+---+---+---+---+
 4  B |   |   |   | W | B |   |   |    |
  +---+---+---+---+---+---+---+---+---+
 5  B | B |   | B | K | B |   |   | B  |
  +---+---+---+---+---+---+---+---+---+
 6  B | B |   |   |   |   |   |   |    |
  +---+---+---+---+---+---+---+---+---+
 7    |   |   |   | B |   |   |   |    |
  +---+---+---+---+---+---+---+---+---+
 8    |   |   |   |   |   |   |   |    |
  +---+---+---+---+---+---+---+---+---+
 9  W |   |   |   | B | B |   |   |    |
  +---+---+---+---+---+---+---+---+---+
It's your turn
Move WHITE : g2 --> g8
After my move:

    A   B   C   D   E   F   G   H   I
  +---+---+---+---+---+---+---+---+---+
 1    |   |   | B | B | B |   |   |    |
  +---+---+---+---+---+---+---+---+---+
 2    |   |   |   | B |   |   |   |    |
  +---+---+---+---+---+---+---+---+---+
 3    |   |   |   |   | W |   |   | W  |
  +---+---+---+---+---+---+---+---+---+
 4  B |   |   |   | W | B |   |   |    |
  +---+---+---+---+---+---+---+---+---+
 5  B | B |   | B | K | B |   |   | B  |
  +---+---+---+---+---+---+---+---+---+
 6  B | B |   |   |   |   |   |   |    |
  +---+---+---+---+---+---+---+---+---+
 7    |   |   |   | B |   |   |   |    |
  +---+---+---+---+---+---+---+---+---+
 8    |   |   |   |   |   | W |   |    |
  +---+---+---+---+---+---+---+---+---+
 9  W |   |   |   | B | B |   |   |    |
  +---+---+---+---+---+---+---+---+---+
Current table:

    A   B   C   D   E   F   G   H   I
  +---+---+---+---+---+---+---+---+---+
 1    |   |   | B | B | B |   |   |    |
  +---+---+---+---+---+---+---+---+---+
 2    |   |   |   | B |   |   |   |    |
  +---+---+---+---+---+---+---+---+---+
 3    |   |   |   |   | W |   |   | W  |
  +---+---+---+---+---+---+---+---+---+
 4  B |   |   |   | W | B |   |   |    |
  +---+---+---+---+---+---+---+---+---+
 5  B | B |   | B | K | B |   |   | B  |
  +---+---+---+---+---+---+---+---+---+
 6  B | B |   |   |   |   |   |   |    |
  +---+---+---+---+---+---+---+---+---+
 7    |   |   |   | B |   |   |   |    |
  +---+---+---+---+---+---+---+---+---+
 8    |   |   |   |   |   | W |   |    |
  +---+---+---+---+---+---+---+---+---+
 9  W |   |   |   | B |   |   |   | B  |
  +---+---+---+---+---+---+---+---+---+
It's your turn
Move WHITE : i3 --> h3
After my move:

    A   B   C   D   E   F   G   H   I
  +---+---+---+---+---+---+---+---+---+
 1    |   |   | B | B | B |   |   |    |
  +---+---+---+---+---+---+---+---+---+
 2    |   |   |   | B |   |   |   |    |
  +---+---+---+---+---+---+---+---+---+
 3    |   |   |   |   | W |   | W |    |
  +---+---+---+---+---+---+---+---+---+
 4  B |   |   |   | W | B |   |   |    |
  +---+---+---+---+---+---+---+---+---+
 5  B | B |   | B | K | B |   |   | B  |
  +---+---+---+---+---+---+---+---+---+
 6  B | B |   |   |   |   |   |   |    |
  +---+---+---+---+---+---+---+---+---+
 7    |   |   |   | B |   |   |   |    |
  +---+---+---+---+---+---+---+---+---+
 8    |   |   |   |   |   | W |   |    |
  +---+---+---+---+---+---+---+---+---+
 9  W |   |   |   | B |   |   |   | B  |
  +---+---+---+---+---+---+---+---+---+
Current table:

    A   B   C   D   E   F   G   H   I
  +---+---+---+---+---+---+---+---+---+
 1    |   |   | B | B | B |   |   |    |
  +---+---+---+---+---+---+---+---+---+
 2    |   |   |   | B |   |   |   |    |
  +---+---+---+---+---+---+---+---+---+
 3    |   |   |   |   | W |   | W |    |
  +---+---+---+---+---+---+---+---+---+
 4  B |   |   |   | W | B |   |   |    |
  +---+---+---+---+---+---+---+---+---+
 5  B | B |   | B | K | B |   |   | B  |
  +---+---+---+---+---+---+---+---+---+
 6  B | B |   |   |   |   |   |   |    |
  +---+---+---+---+---+---+---+---+---+
 7    |   |   |   | B |   |   |   |    |
  +---+---+---+---+---+---+---+---+---+
 8    |   |   |   |   |   | W |   |    |
  +---+---+---+---+---+---+---+---+---+
 9  W |   |   |   | B |   | B |   |    |
  +---+---+---+---+---+---+---+---+---+
It's your turn
Move WHITE : f3 --> b3
After my move:

    A   B   C   D   E   F   G   H   I
  +---+---+---+---+---+---+---+---+---+
 1    |   |   | B | B | B |   |   |    |
  +---+---+---+---+---+---+---+---+---+
 2    |   |   |   | B |   |   |   |    |
  +---+---+---+---+---+---+---+---+---+
 3    | W |   |   |   |   |   | W |    |
  +---+---+---+---+---+---+---+---+---+
 4  B |   |   |   | W | B |   |   |    |
  +---+---+---+---+---+---+---+---+---+
 5  B | B |   | B | K | B |   |   | B  |
  +---+---+---+---+---+---+---+---+---+
 6  B | B |   |   |   |   |   |   |    |
  +---+---+---+---+---+---+---+---+---+
 7    |   |   |   | B |   |   |   |    |
  +---+---+---+---+---+---+---+---+---+
 8    |   |   |   |   |   | W |   |    |
  +---+---+---+---+---+---+---+---+---+
 9  W |   |   |   | B |   | B |   |    |
  +---+---+---+---+---+---+---+---+---+
Current table:

    A   B   C   D   E   F   G   H   I
  +---+---+---+---+---+---+---+---+---+
 1    |   |   | B | B | B |   |   |    |
  +---+---+---+---+---+---+---+---+---+
 2    |   |   |   | B |   |   |   |    |
  +---+---+---+---+---+---+---+---+---+
 3    | W |   |   |   |   |   | W |    |
  +---+---+---+---+---+---+---+---+---+
 4  B |   |   |   | W | B |   |   |    |
  +---+---+---+---+---+---+---+---+---+
 5  B | B |   | B | K | B |   |   | B  |
  +---+---+---+---+---+---+---+---+---+
 6  B | B |   |   |   |   |   |   |    |
  +---+---+---+---+---+---+---+---+---+
 7    |   |   |   | B |   |   |   |    |
  +---+---+---+---+---+---+---+---+---+
 8    |   |   |   |   |   | W |   |    |
  +---+---+---+---+---+---+---+---+---+
 9  W |   |   |   | B |   |   |   | B  |
  +---+---+---+---+---+---+---+---+---+
It's your turn
Move WHITE : h3 --> i3
After my move:

    A   B   C   D   E   F   G   H   I
  +---+---+---+---+---+---+---+---+---+
 1    |   |   | B | B | B |   |   |    |
  +---+---+---+---+---+---+---+---+---+
 2    |   |   |   | B |   |   |   |    |
  +---+---+---+---+---+---+---+---+---+
 3    | W |   |   |   |   |   |   | W  |
  +---+---+---+---+---+---+---+---+---+
 4  B |   |   |   | W | B |   |   |    |
  +---+---+---+---+---+---+---+---+---+
 5  B | B |   | B | K | B |   |   | B  |
  +---+---+---+---+---+---+---+---+---+
 6  B | B |   |   |   |   |   |   |    |
  +---+---+---+---+---+---+---+---+---+
 7    |   |   |   | B |   |   |   |    |
  +---+---+---+---+---+---+---+---+---+
 8    |   |   |   |   |   | W |   |    |
  +---+---+---+---+---+---+---+---+---+
 9  W |   |   |   | B |   |   |   | B  |
  +---+---+---+---+---+---+---+---+---+
Current table:

    A   B   C   D   E   F   G   H   I
  +---+---+---+---+---+---+---+---+---+
 1    |   |   | B | B | B |   |   |    |
  +---+---+---+---+---+---+---+---+---+
 2    |   |   |   | B |   |   |   |    |
  +---+---+---+---+---+---+---+---+---+
 3    | W |   |   |   |   |   |   | W  |
  +---+---+---+---+---+---+---+---+---+
 4  B |   |   |   | W | B |   |   |    |
  +---+---+---+---+---+---+---+---+---+
 5  B | B |   | B | K | B |   |   | B  |
  +---+---+---+---+---+---+---+---+---+
 6  B | B |   |   |   |   |   |   |    |
  +---+---+---+---+---+---+---+---+---+
 7    |   |   |   | B |   |   |   |    |
  +---+---+---+---+---+---+---+---+---+
 8    |   |   |   |   |   | W |   |    |
  +---+---+---+---+---+---+---+---+---+
 9  W |   |   |   | B |   | B |   |    |
  +---+---+---+---+---+---+---+---+---+
It's your turn
Move WHITE : b3 --> c3
After my move:

    A   B   C   D   E   F   G   H   I
  +---+---+---+---+---+---+---+---+---+
 1    |   |   | B | B | B |   |   |    |
  +---+---+---+---+---+---+---+---+---+
 2    |   |   |   | B |   |   |   |    |
  +---+---+---+---+---+---+---+---+---+
 3    |   | W |   |   |   |   |   | W  |
  +---+---+---+---+---+---+---+---+---+
 4  B |   |   |   | W | B |   |   |    |
  +---+---+---+---+---+---+---+---+---+
 5  B | B |   | B | K | B |   |   | B  |
  +---+---+---+---+---+---+---+---+---+
 6  B | B |   |   |   |   |   |   |    |
  +---+---+---+---+---+---+---+---+---+
 7    |   |   |   | B |   |   |   |    |
  +---+---+---+---+---+---+---+---+---+
 8    |   |   |   |   |   | W |   |    |
  +---+---+---+---+---+---+---+---+---+
 9  W |   |   |   | B |   | B |   |    |
  +---+---+---+---+---+---+---+---+---+
Current table:

    A   B   C   D   E   F   G   H   I
  +---+---+---+---+---+---+---+---+---+
 1    |   |   | B | B | B |   |   |    |
  +---+---+---+---+---+---+---+---+---+
 2    |   |   |   | B |   |   |   |    |
  +---+---+---+---+---+---+---+---+---+
 3    |   | W |   |   |   |   |   | W  |
  +---+---+---+---+---+---+---+---+---+
 4  B |   |   |   | W | B |   |   |    |
  +---+---+---+---+---+---+---+---+---+
 5  B | B |   | B | K | B |   |   | B  |
  +---+---+---+---+---+---+---+---+---+
 6  B | B |   |   |   |   |   |   |    |
  +---+---+---+---+---+---+---+---+---+
 7    |   |   |   | B |   |   |   |    |
  +---+---+---+---+---+---+---+---+---+
 8    |   |   |   |   |   | W |   |    |
  +---+---+---+---+---+---+---+---+---+
 9  W |   |   |   | B |   |   |   | B  |
  +---+---+---+---+---+---+---+---+---+
It's your turn
Move WHITE : a9 --> b9
After my move:

    A   B   C   D   E   F   G   H   I
  +---+---+---+---+---+---+---+---+---+
 1    |   |   | B | B | B |   |   |    |
  +---+---+---+---+---+---+---+---+---+
 2    |   |   |   | B |   |   |   |    |
  +---+---+---+---+---+---+---+---+---+
 3    |   | W |   |   |   |   |   | W  |
  +---+---+---+---+---+---+---+---+---+
 4  B |   |   |   | W | B |   |   |    |
  +---+---+---+---+---+---+---+---+---+
 5  B | B |   | B | K | B |   |   | B  |
  +---+---+---+---+---+---+---+---+---+
 6  B | B |   |   |   |   |   |   |    |
  +---+---+---+---+---+---+---+---+---+
 7    |   |   |   | B |   |   |   |    |
  +---+---+---+---+---+---+---+---+---+
 8    |   |   |   |   |   | W |   |    |
  +---+---+---+---+---+---+---+---+---+
 9    | W |   |   | B |   |   |   | B  |
  +---+---+---+---+---+---+---+---+---+
Current table:

    A   B   C   D   E   F   G   H   I
  +---+---+---+---+---+---+---+---+---+
 1    |   |   | B | B | B |   |   |    |
  +---+---+---+---+---+---+---+---+---+
 2    |   |   |   | B |   |   |   |    |
  +---+---+---+---+---+---+---+---+---+
 3    |   | W |   |   |   |   |   | W  |
  +---+---+---+---+---+---+---+---+---+
 4  B |   |   |   | W | B |   |   |    |
  +---+---+---+---+---+---+---+---+---+
 5  B | B |   | B | K | B |   |   | B  |
  +---+---+---+---+---+---+---+---+---+
 6  B | B |   |   |   |   |   |   |    |
  +---+---+---+---+---+---+---+---+---+
 7    |   |   |   | B |   |   |   |    |
  +---+---+---+---+---+---+---+---+---+
 8    |   |   |   |   |   | W |   |    |
  +---+---+---+---+---+---+---+---+---+
 9    | W |   |   | B |   | B |   |    |
  +---+---+---+---+---+---+---+---+---+
It's your turn
Move WHITE : g8 --> g6
After my move:

    A   B   C   D   E   F   G   H   I
  +---+---+---+---+---+---+---+---+---+
 1    |   |   | B | B | B |   |   |    |
  +---+---+---+---+---+---+---+---+---+
 2    |   |   |   | B |   |   |   |    |
  +---+---+---+---+---+---+---+---+---+
 3    |   | W |   |   |   |   |   | W  |
  +---+---+---+---+---+---+---+---+---+
 4  B |   |   |   | W | B |   |   |    |
  +---+---+---+---+---+---+---+---+---+
 5  B | B |   | B | K | B |   |   | B  |
  +---+---+---+---+---+---+---+---+---+
 6  B | B |   |   |   |   | W |   |    |
  +---+---+---+---+---+---+---+---+---+
 7    |   |   |   | B |   |   |   |    |
  +---+---+---+---+---+---+---+---+---+
 8    |   |   |   |   |   |   |   |    |
  +---+---+---+---+---+---+---+---+---+
 9    | W |   |   | B |   | B |   |    |
  +---+---+---+---+---+---+---+---+---+
Current table:

    A   B   C   D   E   F   G   H   I
  +---+---+---+---+---+---+---+---+---+
 1    |   |   | B | B | B |   |   |    |
  +---+---+---+---+---+---+---+---+---+
 2    |   |   |   | B |   |   |   |    |
  +---+---+---+---+---+---+---+---+---+
 3    |   | W |   |   |   |   |   | W  |
  +---+---+---+---+---+---+---+---+---+
 4  B |   |   |   | W | B |   |   |    |
  +---+---+---+---+---+---+---+---+---+
 5  B | B |   | B | K | B |   |   | B  |
  +---+---+---+---+---+---+---+---+---+
 6  B | B |   |   |   |   | W |   |    |
  +---+---+---+---+---+---+---+---+---+
 7    |   |   |   | B |   |   |   |    |
  +---+---+---+---+---+---+---+---+---+
 8    |   |   |   |   |   |   |   |    |
  +---+---+---+---+---+---+---+---+---+
 9    | W |   |   | B |   |   |   | B  |
  +---+---+---+---+---+---+---+---+---+
It's your turn
Move WHITE : g6 --> d6
After my move:

    A   B   C   D   E   F   G   H   I
  +---+---+---+---+---+---+---+---+---+
 1    |   |   | B | B | B |   |   |    |
  +---+---+---+---+---+---+---+---+---+
 2    |   |   |   | B |   |   |   |    |
  +---+---+---+---+---+---+---+---+---+
 3    |   | W |   |   |   |   |   | W  |
  +---+---+---+---+---+---+---+---+---+
 4  B |   |   |   | W | B |   |   |    |
  +---+---+---+---+---+---+---+---+---+
 5  B | B |   | B | K | B |   |   | B  |
  +---+---+---+---+---+---+---+---+---+
 6  B | B |   | W |   |   |   |   |    |
  +---+---+---+---+---+---+---+---+---+
 7    |   |   |   | B |   |   |   |    |
  +---+---+---+---+---+---+---+---+---+
 8    |   |   |   |   |   |   |   |    |
  +---+---+---+---+---+---+---+---+---+
 9    | W |   |   | B |   |   |   | B  |
  +---+---+---+---+---+---+---+---+---+
Current table:

    A   B   C   D   E   F   G   H   I
  +---+---+---+---+---+---+---+---+---+
 1    |   |   | B | B | B |   |   |    |
  +---+---+---+---+---+---+---+---+---+
 2    |   |   |   | B |   |   |   |    |
  +---+---+---+---+---+---+---+---+---+
 3    |   | W |   |   |   |   |   | W  |
  +---+---+---+---+---+---+---+---+---+
 4  B |   |   |   | W | B |   |   |    |
  +---+---+---+---+---+---+---+---+---+
 5  B | B |   | B | K | B |   |   | B  |
  +---+---+---+---+---+---+---+---+---+
 6  B | B |   | W |   |   |   |   |    |
  +---+---+---+---+---+---+---+---+---+
 7    |   |   |   | B |   |   |   |    |
  +---+---+---+---+---+---+---+---+---+
 8    |   |   |   |   |   |   |   |    |
  +---+---+---+---+---+---+---+---+---+
 9    | W |   |   | B |   | B |   |    |
  +---+---+---+---+---+---+---+---+---+
It's your turn
Move WHITE : c3 --> c1
After my move:

    A   B   C   D   E   F   G   H   I
  +---+---+---+---+---+---+---+---+---+
 1    |   | W | B | B | B |   |   |    |
  +---+---+---+---+---+---+---+---+---+
 2    |   |   |   | B |   |   |   |    |
  +---+---+---+---+---+---+---+---+---+
 3    |   |   |   |   |   |   |   | W  |
  +---+---+---+---+---+---+---+---+---+
 4  B |   |   |   | W | B |   |   |    |
  +---+---+---+---+---+---+---+---+---+
 5  B | B |   | B | K | B |   |   | B  |
  +---+---+---+---+---+---+---+---+---+
 6  B | B |   | W |   |   |   |   |    |
  +---+---+---+---+---+---+---+---+---+
 7    |   |   |   | B |   |   |   |    |
  +---+---+---+---+---+---+---+---+---+
 8    |   |   |   |   |   |   |   |    |
  +---+---+---+---+---+---+---+---+---+
 9    | W |   |   | B |   | B |   |    |
  +---+---+---+---+---+---+---+---+---+
Current table:

    A   B   C   D   E   F   G   H   I
  +---+---+---+---+---+---+---+---+---+
 1    |   | W | B | B | B |   |   |    |
  +---+---+---+---+---+---+---+---+---+
 2    |   |   |   | B |   |   |   |    |
  +---+---+---+---+---+---+---+---+---+
 3    |   |   |   |   |   |   |   | W  |
  +---+---+---+---+---+---+---+---+---+
 4  B |   |   |   | W | B |   |   |    |
  +---+---+---+---+---+---+---+---+---+
 5  B | B |   | B | K | B |   |   | B  |
  +---+---+---+---+---+---+---+---+---+
 6  B | B |   | W |   |   |   |   |    |
  +---+---+---+---+---+---+---+---+---+
 7    |   |   |   | B |   |   |   |    |
  +---+---+---+---+---+---+---+---+---+
 8    |   |   |   |   |   |   |   |    |
  +---+---+---+---+---+---+---+---+---+
 9    | W |   |   | B |   |   |   | B  |
  +---+---+---+---+---+---+---+---+---+
It's your turn
Move WHITE : c1 --> b1
After my move:

    A   B   C   D   E   F   G   H   I
  +---+---+---+---+---+---+---+---+---+
 1    | W |   | B | B | B |   |   |    |
  +---+---+---+---+---+---+---+---+---+
 2    |   |   |   | B |   |   |   |    |
  +---+---+---+---+---+---+---+---+---+
 3    |   |   |   |   |   |   |   | W  |
  +---+---+---+---+---+---+---+---+---+
 4  B |   |   |   | W | B |   |   |    |
  +---+---+---+---+---+---+---+---+---+
 5  B | B |   | B | K | B |   |   | B  |
  +---+---+---+---+---+---+---+---+---+
 6  B | B |   | W |   |   |   |   |    |
  +---+---+---+---+---+---+---+---+---+
 7    |   |   |   | B |   |   |   |    |
  +---+---+---+---+---+---+---+---+---+
 8    |   |   |   |   |   |   |   |    |
  +---+---+---+---+---+---+---+---+---+
 9    | W |   |   | B |   |   |   | B  |
  +---+---+---+---+---+---+---+---+---+
Current table:

    A   B   C   D   E   F   G   H   I
  +---+---+---+---+---+---+---+---+---+
 1    | W |   | B | B | B |   |   |    |
  +---+---+---+---+---+---+---+---+---+
 2    |   |   |   | B |   |   |   |    |
  +---+---+---+---+---+---+---+---+---+
 3    |   |   |   |   |   |   |   | W  |
  +---+---+---+---+---+---+---+---+---+
 4  B |   |   |   | W | B |   |   |    |
  +---+---+---+---+---+---+---+---+---+
 5  B | B |   | B | K | B |   |   | B  |
  +---+---+---+---+---+---+---+---+---+
 6  B | B |   | W |   |   |   |   |    |
  +---+---+---+---+---+---+---+---+---+
 7    |   |   |   | B |   |   |   |    |
  +---+---+---+---+---+---+---+---+---+
 8    |   |   |   |   |   |   |   |    |
  +---+---+---+---+---+---+---+---+---+
 9    | W |   |   | B |   | B |   |    |
  +---+---+---+---+---+---+---+---+---+
It's your turn
Move WHITE : e4 --> c4
After my move:

    A   B   C   D   E   F   G   H   I
  +---+---+---+---+---+---+---+---+---+
 1    | W |   | B | B | B |   |   |    |
  +---+---+---+---+---+---+---+---+---+
 2    |   |   |   | B |   |   |   |    |
  +---+---+---+---+---+---+---+---+---+
 3    |   |   |   |   |   |   |   | W  |
  +---+---+---+---+---+---+---+---+---+
 4  B |   | W |   |   | B |   |   |    |
  +---+---+---+---+---+---+---+---+---+
 5  B | B |   | B | K | B |   |   | B  |
  +---+---+---+---+---+---+---+---+---+
 6  B | B |   | W |   |   |   |   |    |
  +---+---+---+---+---+---+---+---+---+
 7    |   |   |   | B |   |   |   |    |
  +---+---+---+---+---+---+---+---+---+
 8    |   |   |   |   |   |   |   |    |
  +---+---+---+---+---+---+---+---+---+
 9    | W |   |   | B |   | B |   |    |
  +---+---+---+---+---+---+---+---+---+
Current table:

    A   B   C   D   E   F   G   H   I
  +---+---+---+---+---+---+---+---+---+
 1    | W |   | B | B | B |   |   |    |
  +---+---+---+---+---+---+---+---+---+
 2    |   |   |   | B |   |   |   |    |
  +---+---+---+---+---+---+---+---+---+
 3    |   |   |   |   |   |   |   | W  |
  +---+---+---+---+---+---+---+---+---+
 4  B |   | W |   |   | B |   |   |    |
  +---+---+---+---+---+---+---+---+---+
 5  B | B |   | B | K | B |   |   | B  |
  +---+---+---+---+---+---+---+---+---+
 6  B | B |   | W |   |   |   |   |    |
  +---+---+---+---+---+---+---+---+---+
 7    |   |   |   | B |   |   |   |    |
  +---+---+---+---+---+---+---+---+---+
 8    |   |   |   |   |   |   |   |    |
  +---+---+---+---+---+---+---+---+---+
 9    | W |   |   | B |   |   |   | B  |
  +---+---+---+---+---+---+---+---+---+
It's your turn
Move WHITE : d6 --> d8
After my move:

    A   B   C   D   E   F   G   H   I
  +---+---+---+---+---+---+---+---+---+
 1    | W |   | B | B | B |   |   |    |
  +---+---+---+---+---+---+---+---+---+
 2    |   |   |   | B |   |   |   |    |
  +---+---+---+---+---+---+---+---+---+
 3    |   |   |   |   |   |   |   | W  |
  +---+---+---+---+---+---+---+---+---+
 4  B |   | W |   |   | B |   |   |    |
  +---+---+---+---+---+---+---+---+---+
 5  B | B |   | B | K | B |   |   | B  |
  +---+---+---+---+---+---+---+---+---+
 6  B | B |   |   |   |   |   |   |    |
  +---+---+---+---+---+---+---+---+---+
 7    |   |   |   | B |   |   |   |    |
  +---+---+---+---+---+---+---+---+---+
 8    |   |   | W |   |   |   |   |    |
  +---+---+---+---+---+---+---+---+---+
 9    | W |   |   | B |   |   |   | B  |
  +---+---+---+---+---+---+---+---+---+
Current table:

    A   B   C   D   E   F   G   H   I
  +---+---+---+---+---+---+---+---+---+
 1    | W |   | B | B | B |   |   |    |
  +---+---+---+---+---+---+---+---+---+
 2    |   |   |   | B |   |   |   |    |
  +---+---+---+---+---+---+---+---+---+
 3    |   |   |   |   |   |   |   | W  |
  +---+---+---+---+---+---+---+---+---+
 4  B |   | W |   |   | B |   |   |    |
  +---+---+---+---+---+---+---+---+---+
 5  B | B |   | B | K | B |   |   | B  |
  +---+---+---+---+---+---+---+---+---+
 6  B | B |   |   |   |   |   |   |    |
  +---+---+---+---+---+---+---+---+---+
 7    |   |   |   | B |   |   |   |    |
  +---+---+---+---+---+---+---+---+---+
 8    |   |   | W |   |   |   |   |    |
  +---+---+---+---+---+---+---+---+---+
 9    | W |   |   | B |   | B |   |    |
  +---+---+---+---+---+---+---+---+---+
It's your turn
Move WHITE : b1 --> b2
After my move:

    A   B   C   D   E   F   G   H   I
  +---+---+---+---+---+---+---+---+---+
 1    |   |   | B | B | B |   |   |    |
  +---+---+---+---+---+---+---+---+---+
 2    | W |   |   | B |   |   |   |    |
  +---+---+---+---+---+---+---+---+---+
 3    |   |   |   |   |   |   |   | W  |
  +---+---+---+---+---+---+---+---+---+
 4  B |   | W |   |   | B |   |   |    |
  +---+---+---+---+---+---+---+---+---+
 5  B | B |   | B | K | B |   |   | B  |
  +---+---+---+---+---+---+---+---+---+
 6  B | B |   |   |   |   |   |   |    |
  +---+---+---+---+---+---+---+---+---+
 7    |   |   |   | B |   |   |   |    |
  +---+---+---+---+---+---+---+---+---+
 8    |   |   | W |   |   |   |   |    |
  +---+---+---+---+---+---+---+---+---+
 9    | W |   |   | B |   | B |   |    |
  +---+---+---+---+---+---+---+---+---+
Current table:

    A   B   C   D   E   F   G   H   I
  +---+---+---+---+---+---+---+---+---+
 1    |   |   | B | B | B |   |   |    |
  +---+---+---+---+---+---+---+---+---+
 2    | W |   |   | B |   |   |   |    |
  +---+---+---+---+---+---+---+---+---+
 3    |   |   |   |   |   |   |   | W  |
  +---+---+---+---+---+---+---+---+---+
 4  B |   | W |   |   | B |   |   |    |
  +---+---+---+---+---+---+---+---+---+
 5  B | B |   | B | K | B |   |   | B  |
  +---+---+---+---+---+---+---+---+---+
 6  B | B |   |   |   |   |   |   |    |
  +---+---+---+---+---+---+---+---+---+
 7    |   |   |   | B |   |   |   |    |
  +---+---+---+---+---+---+---+---+---+
 8    |   |   | W |   |   |   |   |    |
  +---+---+---+---+---+---+---+---+---+
 9    | W |   |   | B |   |   |   | B  |
  +---+---+---+---+---+---+---+---+---+
It's your turn
Move KING : e5 --> e4
After my move:

    A   B   C   D   E   F   G   H   I
  +---+---+---+---+---+---+---+---+---+
 1    |   |   | B | B | B |   |   |    |
  +---+---+---+---+---+---+---+---+---+
 2    | W |   |   | B |   |   |   |    |
  +---+---+---+---+---+---+---+---+---+
 3    |   |   |   |   |   |   |   | W  |
  +---+---+---+---+---+---+---+---+---+
 4  B |   | W |   | K | B |   |   |    |
  +---+---+---+---+---+---+---+---+---+
 5  B | B |   | B | T | B |   |   | B  |
  +---+---+---+---+---+---+---+---+---+
 6  B | B |   |   |   |   |   |   |    |
  +---+---+---+---+---+---+---+---+---+
 7    |   |   |   | B |   |   |   |    |
  +---+---+---+---+---+---+---+---+---+
 8    |   |   | W |   |   |   |   |    |
  +---+---+---+---+---+---+---+---+---+
 9    | W |   |   | B |   |   |   | B  |
  +---+---+---+---+---+---+---+---+---+
Current table:

    A   B   C   D   E   F   G   H   I
  +---+---+---+---+---+---+---+---+---+
 1    |   |   | B | B | B |   |   |    |
  +---+---+---+---+---+---+---+---+---+
 2    | W |   |   | B |   |   |   |    |
  +---+---+---+---+---+---+---+---+---+
 3    |   |   |   |   |   |   |   | W  |
  +---+---+---+---+---+---+---+---+---+
 4  B |   | W |   | K | B |   |   |    |
  +---+---+---+---+---+---+---+---+---+
 5  B | B |   | B | T | B |   |   | B  |
  +---+---+---+---+---+---+---+---+---+
 6  B | B |   |   |   |   |   |   |    |
  +---+---+---+---+---+---+---+---+---+
 7    |   |   |   | B |   |   |   |    |
  +---+---+---+---+---+---+---+---+---+
 8    |   |   | W |   |   |   |   |    |
  +---+---+---+---+---+---+---+---+---+
 9    | W |   |   | B |   | B |   |    |
  +---+---+---+---+---+---+---+---+---+
It's your turn
Move WHITE : i3 --> c3
After my move:

    A   B   C   D   E   F   G   H   I
  +---+---+---+---+---+---+---+---+---+
 1    |   |   | B | B | B |   |   |    |
  +---+---+---+---+---+---+---+---+---+
 2    | W |   |   | B |   |   |   |    |
  +---+---+---+---+---+---+---+---+---+
 3    |   | W |   |   |   |   |   |    |
  +---+---+---+---+---+---+---+---+---+
 4  B |   | W |   | K | B |   |   |    |
  +---+---+---+---+---+---+---+---+---+
 5  B | B |   | B | T | B |   |   | B  |
  +---+---+---+---+---+---+---+---+---+
 6  B | B |   |   |   |   |   |   |    |
  +---+---+---+---+---+---+---+---+---+
 7    |   |   |   | B |   |   |   |    |
  +---+---+---+---+---+---+---+---+---+
 8    |   |   | W |   |   |   |   |    |
  +---+---+---+---+---+---+---+---+---+
 9    | W |   |   | B |   | B |   |    |
  +---+---+---+---+---+---+---+---+---+
Current table:

    A   B   C   D   E   F   G   H   I
  +---+---+---+---+---+---+---+---+---+
 1    |   |   | B | B | B |   |   |    |
  +---+---+---+---+---+---+---+---+---+
 2    | W |   |   | B |   |   |   |    |
  +---+---+---+---+---+---+---+---+---+
 3    |   | W |   |   |   |   |   |    |
  +---+---+---+---+---+---+---+---+---+
 4  B |   | W |   | K | B |   |   |    |
  +---+---+---+---+---+---+---+---+---+
 5  B | B |   | B | T | B |   |   | B  |
  +---+---+---+---+---+---+---+---+---+
 6  B | B |   |   |   |   |   |   |    |
  +---+---+---+---+---+---+---+---+---+
 7    |   |   |   | B |   |   |   |    |
  +---+---+---+---+---+---+---+---+---+
 8    |   |   | W |   |   |   |   |    |
  +---+---+---+---+---+---+---+---+---+
 9    | W |   |   | B |   |   |   | B  |
  +---+---+---+---+---+---+---+---+---+
It's your turn
Move WHITE : c4 --> c5
After my move:

    A   B   C   D   E   F   G   H   I
  +---+---+---+---+---+---+---+---+---+
 1    |   |   | B | B | B |   |   |    |
  +---+---+---+---+---+---+---+---+---+
 2    | W |   |   | B |   |   |   |    |
  +---+---+---+---+---+---+---+---+---+
 3    |   | W |   |   |   |   |   |    |
  +---+---+---+---+---+---+---+---+---+
 4  B |   |   |   | K | B |   |   |    |
  +---+---+---+---+---+---+---+---+---+
 5  B | B | W |   | T | B |   |   | B  |
  +---+---+---+---+---+---+---+---+---+
 6  B | B |   |   |   |   |   |   |    |
  +---+---+---+---+---+---+---+---+---+
 7    |   |   |   | B |   |   |   |    |
  +---+---+---+---+---+---+---+---+---+
 8    |   |   | W |   |   |   |   |    |
  +---+---+---+---+---+---+---+---+---+
 9    | W |   |   | B |   |   |   | B  |
  +---+---+---+---+---+---+---+---+---+
Current table:

    A   B   C   D   E   F   G   H   I
  +---+---+---+---+---+---+---+---+---+
 1    |   |   | B | B | B |   |   |    |
  +---+---+---+---+---+---+---+---+---+
 2    | W |   |   | B |   |   |   |    |
  +---+---+---+---+---+---+---+---+---+
 3    |   | W |   |   |   |   |   |    |
  +---+---+---+---+---+---+---+---+---+
 4  B |   |   |   | K | B |   |   |    |
  +---+---+---+---+---+---+---+---+---+
 5  B | B | W |   | T | B |   |   | B  |
  +---+---+---+---+---+---+---+---+---+
 6  B | B |   |   |   |   |   |   |    |
  +---+---+---+---+---+---+---+---+---+
 7    |   |   |   | B |   |   |   |    |
  +---+---+---+---+---+---+---+---+---+
 8    |   |   | W |   |   |   |   |    |
  +---+---+---+---+---+---+---+---+---+
 9    | W |   |   | B |   | B |   |    |
  +---+---+---+---+---+---+---+---+---+
It's your turn
Move WHITE : c3 --> d3
After my move:

    A   B   C   D   E   F   G   H   I
  +---+---+---+---+---+---+---+---+---+
 1    |   |   | B | B | B |   |   |    |
  +---+---+---+---+---+---+---+---+---+
 2    | W |   |   | B |   |   |   |    |
  +---+---+---+---+---+---+---+---+---+
 3    |   |   | W |   |   |   |   |    |
  +---+---+---+---+---+---+---+---+---+
 4  B |   |   |   | K | B |   |   |    |
  +---+---+---+---+---+---+---+---+---+
 5  B | B | W |   | T | B |   |   | B  |
  +---+---+---+---+---+---+---+---+---+
 6  B | B |   |   |   |   |   |   |    |
  +---+---+---+---+---+---+---+---+---+
 7    |   |   |   | B |   |   |   |    |
  +---+---+---+---+---+---+---+---+---+
 8    |   |   | W |   |   |   |   |    |
  +---+---+---+---+---+---+---+---+---+
 9    | W |   |   | B |   | B |   |    |
  +---+---+---+---+---+---+---+---+---+
Current table:

    A   B   C   D   E   F   G   H   I
  +---+---+---+---+---+---+---+---+---+
 1    |   |   | B | B | B |   |   |    |
  +---+---+---+---+---+---+---+---+---+
 2    | W |   |   | B |   |   |   |    |
  +---+---+---+---+---+---+---+---+---+
 3    |   |   | W |   |   |   |   |    |
  +---+---+---+---+---+---+---+---+---+
 4  B |   |   |   | K | B |   |   |    |
  +---+---+---+---+---+---+---+---+---+
 5  B | B | W |   | T | B |   |   | B  |
  +---+---+---+---+---+---+---+---+---+
 6  B | B |   |   |   |   |   |   |    |
  +---+---+---+---+---+---+---+---+---+
 7    |   |   |   | B |   |   |   |    |
  +---+---+---+---+---+---+---+---+---+
 8    |   |   | W |   |   |   |   |    |
  +---+---+---+---+---+---+---+---+---+
 9    | W |   |   | B |   |   |   | B  |
  +---+---+---+---+---+---+---+---+---+
It's your turn
Move WHITE : b9 --> b8
After my move:

    A   B   C   D   E   F   G   H   I
  +---+---+---+---+---+---+---+---+---+
 1    |   |   | B | B | B |   |   |    |
  +---+---+---+---+---+---+---+---+---+
 2    | W |   |   | B |   |   |   |    |
  +---+---+---+---+---+---+---+---+---+
 3    |   |   | W |   |   |   |   |    |
  +---+---+---+---+---+---+---+---+---+
 4  B |   |   |   | K | B |   |   |    |
  +---+---+---+---+---+---+---+---+---+
 5  B | B | W |   | T | B |   |   | B  |
  +---+---+---+---+---+---+---+---+---+
 6  B | B |   |   |   |   |   |   |    |
  +---+---+---+---+---+---+---+---+---+
 7    |   |   |   | B |   |   |   |    |
  +---+---+---+---+---+---+---+---+---+
 8    | W |   | W |   |   |   |   |    |
  +---+---+---+---+---+---+---+---+---+
 9    |   |   |   | B |   |   |   | B  |
  +---+---+---+---+---+---+---+---+---+
Current table:

    A   B   C   D   E   F   G   H   I
  +---+---+---+---+---+---+---+---+---+
 1    |   |   | B | B | B |   |   |    |
  +---+---+---+---+---+---+---+---+---+
 2    | W |   |   | B |   |   |   |    |
  +---+---+---+---+---+---+---+---+---+
 3    |   |   | W |   |   |   |   |    |
  +---+---+---+---+---+---+---+---+---+
 4  B |   |   |   | K | B |   |   |    |
  +---+---+---+---+---+---+---+---+---+
 5  B | B | W |   | T | B |   |   | B  |
  +---+---+---+---+---+---+---+---+---+
 6  B | B |   |   |   |   |   |   |    |
  +---+---+---+---+---+---+---+---+---+
 7    |   |   |   | B |   |   |   |    |
  +---+---+---+---+---+---+---+---+---+
 8    | W |   | W |   |   |   |   |    |
  +---+---+---+---+---+---+---+---+---+
 9    |   |   |   | B |   | B |   |    |
  +---+---+---+---+---+---+---+---+---+
It's your turn
Move WHITE : c5 --> c6
After my move:

    A   B   C   D   E   F   G   H   I
  +---+---+---+---+---+---+---+---+---+
 1    |   |   | B | B | B |   |   |    |
  +---+---+---+---+---+---+---+---+---+
 2    | W |   |   | B |   |   |   |    |
  +---+---+---+---+---+---+---+---+---+
 3    |   |   | W |   |   |   |   |    |
  +---+---+---+---+---+---+---+---+---+
 4  B |   |   |   | K | B |   |   |    |
  +---+---+---+---+---+---+---+---+---+
 5  B | B |   |   | T | B |   |   | B  |
  +---+---+---+---+---+---+---+---+---+
 6  B |   | W |   |   |   |   |   |    |
  +---+---+---+---+---+---+---+---+---+
 7    |   |   |   | B |   |   |   |    |
  +---+---+---+---+---+---+---+---+---+
 8    | W |   | W |   |   |   |   |    |
  +---+---+---+---+---+---+---+---+---+
 9    |   |   |   | B |   | B |   |    |
  +---+---+---+---+---+---+---+---+---+
Current table:

    A   B   C   D   E   F   G   H   I
  +---+---+---+---+---+---+---+---+---+
 1    |   |   | B | B | B |   |   |    |
  +---+---+---+---+---+---+---+---+---+
 2    | W |   |   | B |   |   |   |    |
  +---+---+---+---+---+---+---+---+---+
 3    |   |   | W |   |   |   |   |    |
  +---+---+---+---+---+---+---+---+---+
 4  B |   |   |   | K | B |   |   |    |
  +---+---+---+---+---+---+---+---+---+
 5  B | B |   |   | T | B |   |   | B  |
  +---+---+---+---+---+---+---+---+---+
 6  B |   | W |   |   |   |   |   |    |
  +---+---+---+---+---+---+---+---+---+
 7    |   |   |   | B |   |   |   |    |
  +---+---+---+---+---+---+---+---+---+
 8    | W |   | W |   |   |   |   |    |
  +---+---+---+---+---+---+---+---+---+
 9    |   |   |   | B |   |   |   | B  |
  +---+---+---+---+---+---+---+---+---+
It's your turn
Move WHITE : c6 --> e6
After my move:

    A   B   C   D   E   F   G   H   I
  +---+---+---+---+---+---+---+---+---+
 1    |   |   | B | B | B |   |   |    |
  +---+---+---+---+---+---+---+---+---+
 2    | W |   |   | B |   |   |   |    |
  +---+---+---+---+---+---+---+---+---+
 3    |   |   | W |   |   |   |   |    |
  +---+---+---+---+---+---+---+---+---+
 4  B |   |   |   | K | B |   |   |    |
  +---+---+---+---+---+---+---+---+---+
 5  B | B |   |   | T | B |   |   | B  |
  +---+---+---+---+---+---+---+---+---+
 6  B |   |   |   | W |   |   |   |    |
  +---+---+---+---+---+---+---+---+---+
 7    |   |   |   |   |   |   |   |    |
  +---+---+---+---+---+---+---+---+---+
 8    | W |   | W |   |   |   |   |    |
  +---+---+---+---+---+---+---+---+---+
 9    |   |   |   | B |   |   |   | B  |
  +---+---+---+---+---+---+---+---+---+
Current table:

    A   B   C   D   E   F   G   H   I
  +---+---+---+---+---+---+---+---+---+
 1    |   |   | B | B | B |   |   |    |
  +---+---+---+---+---+---+---+---+---+
 2    | W |   |   | B |   |   |   |    |
  +---+---+---+---+---+---+---+---+---+
 3    |   |   | W |   |   |   |   |    |
  +---+---+---+---+---+---+---+---+---+
 4  B |   |   |   | K | B |   |   |    |
  +---+---+---+---+---+---+---+---+---+
 5  B | B |   |   | T | B |   |   | B  |
  +---+---+---+---+---+---+---+---+---+
 6  B |   |   |   | W |   |   |   |    |
  +---+---+---+---+---+---+---+---+---+
 7    |   |   |   |   |   |   |   |    |
  +---+---+---+---+---+---+---+---+---+
 8    | W |   | W |   |   |   |   |    |
  +---+---+---+---+---+---+---+---+---+
 9    |   |   |   | B |   | B |   |    |
  +---+---+---+---+---+---+---+---+---+
It's your turn
Move WHITE : d3 --> c3
After my move:

    A   B   C   D   E   F   G   H   I
  +---+---+---+---+---+---+---+---+---+
 1    |   |   | B | B | B |   |   |    |
  +---+---+---+---+---+---+---+---+---+
 2    | W |   |   | B |   |   |   |    |
  +---+---+---+---+---+---+---+---+---+
 3    |   | W |   |   |   |   |   |    |
  +---+---+---+---+---+---+---+---+---+
 4  B |   |   |   | K | B |   |   |    |
  +---+---+---+---+---+---+---+---+---+
 5  B | B |   |   | T | B |   |   | B  |
  +---+---+---+---+---+---+---+---+---+
 6  B |   |   |   | W |   |   |   |    |
  +---+---+---+---+---+---+---+---+---+
 7    |   |   |   |   |   |   |   |    |
  +---+---+---+---+---+---+---+---+---+
 8    | W |   | W |   |   |   |   |    |
  +---+---+---+---+---+---+---+---+---+
 9    |   |   |   | B |   | B |   |    |
  +---+---+---+---+---+---+---+---+---+
Current table:

    A   B   C   D   E   F   G   H   I
  +---+---+---+---+---+---+---+---+---+
 1    |   |   | B | B | B |   |   |    |
  +---+---+---+---+---+---+---+---+---+
 2    | W |   |   | B |   |   |   |    |
  +---+---+---+---+---+---+---+---+---+
 3    |   | W |   |   |   |   |   |    |
  +---+---+---+---+---+---+---+---+---+
 4  B |   |   |   | K | B |   |   |    |
  +---+---+---+---+---+---+---+---+---+
 5  B | B |   |   | T | B |   |   | B  |
  +---+---+---+---+---+---+---+---+---+
 6  B |   |   |   | W |   |   |   |    |
  +---+---+---+---+---+---+---+---+---+
 7    |   |   |   |   |   |   |   |    |
  +---+---+---+---+---+---+---+---+---+
 8    | W |   | W |   |   |   |   |    |
  +---+---+---+---+---+---+---+---+---+
 9    |   |   |   | B |   |   |   | B  |
  +---+---+---+---+---+---+---+---+---+
It's your turn
Move WHITE : b2 --> b1
After my move:

    A   B   C   D   E   F   G   H   I
  +---+---+---+---+---+---+---+---+---+
 1    | W |   | B | B | B |   |   |    |
  +---+---+---+---+---+---+---+---+---+
 2    |   |   |   | B |   |   |   |    |
  +---+---+---+---+---+---+---+---+---+
 3    |   | W |   |   |   |   |   |    |
  +---+---+---+---+---+---+---+---+---+
 4  B |   |   |   | K | B |   |   |    |
  +---+---+---+---+---+---+---+---+---+
 5  B | B |   |   | T | B |   |   | B  |
  +---+---+---+---+---+---+---+---+---+
 6  B |   |   |   | W |   |   |   |    |
  +---+---+---+---+---+---+---+---+---+
 7    |   |   |   |   |   |   |   |    |
  +---+---+---+---+---+---+---+---+---+
 8    | W |   | W |   |   |   |   |    |
  +---+---+---+---+---+---+---+---+---+
 9    |   |   |   | B |   |   |   | B  |
  +---+---+---+---+---+---+---+---+---+
Current table:

    A   B   C   D   E   F   G   H   I
  +---+---+---+---+---+---+---+---+---+
 1    | W |   | B | B | B |   |   |    |
  +---+---+---+---+---+---+---+---+---+
 2    |   |   |   | B |   |   |   |    |
  +---+---+---+---+---+---+---+---+---+
 3    |   | W |   |   |   |   |   |    |
  +---+---+---+---+---+---+---+---+---+
 4  B |   |   |   | K | B |   |   |    |
  +---+---+---+---+---+---+---+---+---+
 5  B | B |   |   | T | B |   |   | B  |
  +---+---+---+---+---+---+---+---+---+
 6  B |   |   |   | W |   |   |   |    |
  +---+---+---+---+---+---+---+---+---+
 7    |   |   |   |   |   |   |   |    |
  +---+---+---+---+---+---+---+---+---+
 8    | W |   | W |   |   |   |   |    |
  +---+---+---+---+---+---+---+---+---+
 9    |   |   |   | B |   | B |   |    |
  +---+---+---+---+---+---+---+---+---+
It's your turn
Move WHITE : b1 --> c1
After my move:

    A   B   C   D   E   F   G   H   I
  +---+---+---+---+---+---+---+---+---+
 1    |   | W | B | B | B |   |   |    |
  +---+---+---+---+---+---+---+---+---+
 2    |   |   |   | B |   |   |   |    |
  +---+---+---+---+---+---+---+---+---+
 3    |   | W |   |   |   |   |   |    |
  +---+---+---+---+---+---+---+---+---+
 4  B |   |   |   | K | B |   |   |    |
  +---+---+---+---+---+---+---+---+---+
 5  B | B |   |   | T | B |   |   | B  |
  +---+---+---+---+---+---+---+---+---+
 6  B |   |   |   | W |   |   |   |    |
  +---+---+---+---+---+---+---+---+---+
 7    |   |   |   |   |   |   |   |    |
  +---+---+---+---+---+---+---+---+---+
 8    | W |   | W |   |   |   |   |    |
  +---+---+---+---+---+---+---+---+---+
 9    |   |   |   | B |   | B |   |    |
  +---+---+---+---+---+---+---+---+---+
Current table:

    A   B   C   D   E   F   G   H   I
  +---+---+---+---+---+---+---+---+---+
 1    |   | W | B | B | B |   |   |    |
  +---+---+---+---+---+---+---+---+---+
 2    |   |   |   | B |   |   |   |    |
  +---+---+---+---+---+---+---+---+---+
 3    |   | W |   |   |   |   |   |    |
  +---+---+---+---+---+---+---+---+---+
 4  B |   |   |   | K | B |   |   |    |
  +---+---+---+---+---+---+---+---+---+
 5  B | B |   |   | T | B |   |   | B  |
  +---+---+---+---+---+---+---+---+---+
 6  B |   |   |   | W |   |   |   |    |
  +---+---+---+---+---+---+---+---+---+
 7    |   |   |   |   |   |   |   |    |
  +---+---+---+---+---+---+---+---+---+
 8    | W |   | W |   |   |   |   |    |
  +---+---+---+---+---+---+---+---+---+
 9    |   |   |   | B |   |   |   | B  |
  +---+---+---+---+---+---+---+---+---+
It's your turn
Move WHITE : d8 --> d5
After my move:

    A   B   C   D   E   F   G   H   I
  +---+---+---+---+---+---+---+---+---+
 1    |   | W | B | B | B |   |   |    |
  +---+---+---+---+---+---+---+---+---+
 2    |   |   |   | B |   |   |   |    |
  +---+---+---+---+---+---+---+---+---+
 3    |   | W |   |   |   |   |   |    |
  +---+---+---+---+---+---+---+---+---+
 4  B |   |   |   | K | B |   |   |    |
  +---+---+---+---+---+---+---+---+---+
 5  B | B |   | W | T | B |   |   | B  |
  +---+---+---+---+---+---+---+---+---+
 6  B |   |   |   | W |   |   |   |    |
  +---+---+---+---+---+---+---+---+---+
 7    |   |   |   |   |   |   |   |    |
  +---+---+---+---+---+---+---+---+---+
 8    | W |   |   |   |   |   |   |    |
  +---+---+---+---+---+---+---+---+---+
 9    |   |   |   | B |   |   |   | B  |
  +---+---+---+---+---+---+---+---+---+
Current table:

    A   B   C   D   E   F   G   H   I
  +---+---+---+---+---+---+---+---+---+
 1    |   | W | B | B | B |   |   |    |
  +---+---+---+---+---+---+---+---+---+
 2    |   |   |   | B |   |   |   |    |
  +---+---+---+---+---+---+---+---+---+
 3    |   | W |   |   |   |   |   |    |
  +---+---+---+---+---+---+---+---+---+
 4  B |   |   |   | K | B |   |   |    |
  +---+---+---+---+---+---+---+---+---+
 5  B | B |   | W | T | B |   |   | B  |
  +---+---+---+---+---+---+---+---+---+
 6  B |   |   |   | W |   |   |   |    |
  +---+---+---+---+---+---+---+---+---+
 7    |   |   |   |   |   |   |   |    |
  +---+---+---+---+---+---+---+---+---+
 8    | W |   |   |   |   |   |   |    |
  +---+---+---+---+---+---+---+---+---+
 9    |   |   |   | B |   | B |   |    |
  +---+---+---+---+---+---+---+---+---+
It's your turn
Move WHITE : d5 --> c5
After my move:

    A   B   C   D   E   F   G   H   I
  +---+---+---+---+---+---+---+---+---+
 1    |   | W | B | B | B |   |   |    |
  +---+---+---+---+---+---+---+---+---+
 2    |   |   |   | B |   |   |   |    |
  +---+---+---+---+---+---+---+---+---+
 3    |   | W |   |   |   |   |   |    |
  +---+---+---+---+---+---+---+---+---+
 4  B |   |   |   | K | B |   |   |    |
  +---+---+---+---+---+---+---+---+---+
 5  B | B | W |   | T | B |   |   | B  |
  +---+---+---+---+---+---+---+---+---+
 6  B |   |   |   | W |   |   |   |    |
  +---+---+---+---+---+---+---+---+---+
 7    |   |   |   |   |   |   |   |    |
  +---+---+---+---+---+---+---+---+---+
 8    | W |   |   |   |   |   |   |    |
  +---+---+---+---+---+---+---+---+---+
 9    |   |   |   | B |   | B |   |    |
  +---+---+---+---+---+---+---+---+---+
Current table:

    A   B   C   D   E   F   G   H   I
  +---+---+---+---+---+---+---+---+---+
 1    |   | W | B | B | B |   |   |    |
  +---+---+---+---+---+---+---+---+---+
 2    |   |   |   | B |   |   |   |    |
  +---+---+---+---+---+---+---+---+---+
 3    |   | W |   |   |   |   |   |    |
  +---+---+---+---+---+---+---+---+---+
 4  B |   |   |   | K | B |   |   |    |
  +---+---+---+---+---+---+---+---+---+
 5  B | B | W |   | T | B |   |   | B  |
  +---+---+---+---+---+---+---+---+---+
 6  B |   |   |   | W |   |   |   |    |
  +---+---+---+---+---+---+---+---+---+
 7    |   |   |   |   |   |   |   |    |
  +---+---+---+---+---+---+---+---+---+
 8    | W |   |   |   |   |   |   |    |
  +---+---+---+---+---+---+---+---+---+
 9    |   |   |   | B |   |   |   | B  |
  +---+---+---+---+---+---+---+---+---+
It's your turn
Move WHITE : b8 --> b6
After my move:

    A   B   C   D   E   F   G   H   I
  +---+---+---+---+---+---+---+---+---+
 1    |   | W | B | B | B |   |   |    |
  +---+---+---+---+---+---+---+---+---+
 2    |   |   |   | B |   |   |   |    |
  +---+---+---+---+---+---+---+---+---+
 3    |   | W |   |   |   |   |   |    |
  +---+---+---+---+---+---+---+---+---+
 4  B |   |   |   | K | B |   |   |    |
  +---+---+---+---+---+---+---+---+---+
 5  B | B | W |   | T | B |   |   | B  |
  +---+---+---+---+---+---+---+---+---+
 6  B | W |   |   | W |   |   |   |    |
  +---+---+---+---+---+---+---+---+---+
 7    |   |   |   |   |   |   |   |    |
  +---+---+---+---+---+---+---+---+---+
 8    |   |   |   |   |   |   |   |    |
  +---+---+---+---+---+---+---+---+---+
 9    |   |   |   | B |   |   |   | B  |
  +---+---+---+---+---+---+---+---+---+
Current table:

    A   B   C   D   E   F   G   H   I
  +---+---+---+---+---+---+---+---+---+
 1    |   | W | B | B | B |   |   |    |
  +---+---+---+---+---+---+---+---+---+
 2    |   |   |   | B |   |   |   |    |
  +---+---+---+---+---+---+---+---+---+
 3    |   | W |   |   |   |   |   |    |
  +---+---+---+---+---+---+---+---+---+
 4  B |   |   |   | K | B |   |   |    |
  +---+---+---+---+---+---+---+---+---+
 5  B | B | W |   | T | B |   |   | B  |
  +---+---+---+---+---+---+---+---+---+
 6  B | W |   |   | W |   |   |   |    |
  +---+---+---+---+---+---+---+---+---+
 7    |   |   |   |   |   |   |   |    |
  +---+---+---+---+---+---+---+---+---+
 8    |   |   |   |   |   |   |   |    |
  +---+---+---+---+---+---+---+---+---+
 9    |   |   |   | B |   | B |   |    |
  +---+---+---+---+---+---+---+---+---+
It's your turn
Move WHITE : c3 --> i3
After my move:

    A   B   C   D   E   F   G   H   I
  +---+---+---+---+---+---+---+---+---+
 1    |   | W | B | B | B |   |   |    |
  +---+---+---+---+---+---+---+---+---+
 2    |   |   |   | B |   |   |   |    |
  +---+---+---+---+---+---+---+---+---+
 3    |   |   |   |   |   |   |   | W  |
  +---+---+---+---+---+---+---+---+---+
 4  B |   |   |   | K | B |   |   |    |
  +---+---+---+---+---+---+---+---+---+
 5  B | B | W |   | T | B |   |   | B  |
  +---+---+---+---+---+---+---+---+---+
 6  B | W |   |   | W |   |   |   |    |
  +---+---+---+---+---+---+---+---+---+
 7    |   |   |   |   |   |   |   |    |
  +---+---+---+---+---+---+---+---+---+
 8    |   |   |   |   |   |   |   |    |
  +---+---+---+---+---+---+---+---+---+
 9    |   |   |   | B |   | B |   |    |
  +---+---+---+---+---+---+---+---+---+
Current table:

    A   B   C   D   E   F   G   H   I
  +---+---+---+---+---+---+---+---+---+
 1    |   | W | B | B | B |   |   |    |
  +---+---+---+---+---+---+---+---+---+
 2    |   |   |   | B |   |   |   |    |
  +---+---+---+---+---+---+---+---+---+
 3    |   |   |   |   |   |   |   | W  |
  +---+---+---+---+---+---+---+---+---+
 4  B |   |   |   | K | B |   |   |    |
  +---+---+---+---+---+---+---+---+---+
 5  B | B | W |   | T | B |   |   | B  |
  +---+---+---+---+---+---+---+---+---+
 6  B | W |   |   | W |   |   |   |    |
  +---+---+---+---+---+---+---+---+---+
 7    |   |   |   |   |   |   |   |    |
  +---+---+---+---+---+---+---+---+---+
 8    |   |   |   |   |   |   |   |    |
  +---+---+---+---+---+---+---+---+---+
 9    |   |   |   | B |   |   |   | B  |
  +---+---+---+---+---+---+---+---+---+
It's your turn
Move WHITE : e6 --> e7
After my move:

    A   B   C   D   E   F   G   H   I
  +---+---+---+---+---+---+---+---+---+
 1    |   | W | B | B | B |   |   |    |
  +---+---+---+---+---+---+---+---+---+
 2    |   |   |   | B |   |   |   |    |
  +---+---+---+---+---+---+---+---+---+
 3    |   |   |   |   |   |   |   | W  |
  +---+---+---+---+---+---+---+---+---+
 4  B |   |   |   | K | B |   |   |    |
  +---+---+---+---+---+---+---+---+---+
 5  B | B | W |   | T | B |   |   | B  |
  +---+---+---+---+---+---+---+---+---+
 6  B | W |   |   |   |   |   |   |    |
  +---+---+---+---+---+---+---+---+---+
 7    |   |   |   | W |   |   |   |    |
  +---+---+---+---+---+---+---+---+---+
 8    |   |   |   |   |   |   |   |    |
  +---+---+---+---+---+---+---+---+---+
 9    |   |   |   | B |   |   |   | B  |
  +---+---+---+---+---+---+---+---+---+
Current table:

    A   B   C   D   E   F   G   H   I
  +---+---+---+---+---+---+---+---+---+
 1    |   | W | B | B | B |   |   |    |
  +---+---+---+---+---+---+---+---+---+
 2    |   |   |   | B |   |   |   |    |
  +---+---+---+---+---+---+---+---+---+
 3    |   |   |   |   |   |   |   | W  |
  +---+---+---+---+---+---+---+---+---+
 4  B |   |   |   | K | B |   |   |    |
  +---+---+---+---+---+---+---+---+---+
 5  B | B | W |   | T | B |   |   | B  |
  +---+---+---+---+---+---+---+---+---+
 6  B | W |   |   |   |   |   |   |    |
  +---+---+---+---+---+---+---+---+---+
 7    |   |   |   | W |   |   |   |    |
  +---+---+---+---+---+---+---+---+---+
 8    |   |   |   |   |   |   |   |    |
  +---+---+---+---+---+---+---+---+---+
 9    |   |   |   | B |   | B |   |    |
  +---+---+---+---+---+---+---+---+---+
It's your turn
Move WHITE : i3 --> i2
After my move:

    A   B   C   D   E   F   G   H   I
  +---+---+---+---+---+---+---+---+---+
 1    |   | W | B | B | B |   |   |    |
  +---+---+---+---+---+---+---+---+---+
 2    |   |   |   | B |   |   |   | W  |
  +---+---+---+---+---+---+---+---+---+
 3    |   |   |   |   |   |   |   |    |
  +---+---+---+---+---+---+---+---+---+
 4  B |   |   |   | K | B |   |   |    |
  +---+---+---+---+---+---+---+---+---+
 5  B | B | W |   | T | B |   |   | B  |
  +---+---+---+---+---+---+---+---+---+
 6  B | W |   |   |   |   |   |   |    |
  +---+---+---+---+---+---+---+---+---+
 7    |   |   |   | W |   |   |   |    |
  +---+---+---+---+---+---+---+---+---+
 8    |   |   |   |   |   |   |   |    |
  +---+---+---+---+---+---+---+---+---+
 9    |   |   |   | B |   | B |   |    |
  +---+---+---+---+---+---+---+---+---+
Current table:

    A   B   C   D   E   F   G   H   I
  +---+---+---+---+---+---+---+---+---+
 1    |   | W | B | B | B |   |   |    |
  +---+---+---+---+---+---+---+---+---+
 2    |   |   |   | B |   |   |   | W  |
  +---+---+---+---+---+---+---+---+---+
 3    |   |   |   |   |   |   |   |    |
  +---+---+---+---+---+---+---+---+---+
 4  B |   |   |   | K | B |   |   |    |
  +---+---+---+---+---+---+---+---+---+
 5  B | B | W |   | T | B |   |   | B  |
  +---+---+---+---+---+---+---+---+---+
 6  B | W |   |   |   |   |   |   |    |
  +---+---+---+---+---+---+---+---+---+
 7    |   |   |   | W |   |   |   |    |
  +---+---+---+---+---+---+---+---+---+
 8    |   |   |   |   |   |   |   |    |
  +---+---+---+---+---+---+---+---+---+
 9    |   |   |   | B |   |   |   | B  |
  +---+---+---+---+---+---+---+---+---+
It's your turn
Move WHITE : c1 --> c2
After my move:

    A   B   C   D   E   F   G   H   I
  +---+---+---+---+---+---+---+---+---+
 1    |   |   | B | B | B |   |   |    |
  +---+---+---+---+---+---+---+---+---+
 2    |   | W |   | B |   |   |   | W  |
  +---+---+---+---+---+---+---+---+---+
 3    |   |   |   |   |   |   |   |    |
  +---+---+---+---+---+---+---+---+---+
 4  B |   |   |   | K | B |   |   |    |
  +---+---+---+---+---+---+---+---+---+
 5  B | B | W |   | T | B |   |   | B  |
  +---+---+---+---+---+---+---+---+---+
 6  B | W |   |   |   |   |   |   |    |
  +---+---+---+---+---+---+---+---+---+
 7    |   |   |   | W |   |   |   |    |
  +---+---+---+---+---+---+---+---+---+
 8    |   |   |   |   |   |   |   |    |
  +---+---+---+---+---+---+---+---+---+
 9    |   |   |   | B |   |   |   | B  |
  +---+---+---+---+---+---+---+---+---+
Current table:

    A   B   C   D   E   F   G   H   I
  +---+---+---+---+---+---+---+---+---+
 1    |   |   | B | B | B |   |   |    |
  +---+---+---+---+---+---+---+---+---+
 2    |   | W |   | B |   |   |   | W  |
  +---+---+---+---+---+---+---+---+---+
 3    |   |   |   |   |   |   |   |    |
  +---+---+---+---+---+---+---+---+---+
 4  B |   |   |   | K | B |   |   |    |
  +---+---+---+---+---+---+---+---+---+
 5  B | B | W |   | T | B |   |   | B  |
  +---+---+---+---+---+---+---+---+---+
 6  B | W |   |   |   |   |   |   |    |
  +---+---+---+---+---+---+---+---+---+
 7    |   |   |   | W |   |   |   |    |
  +---+---+---+---+---+---+---+---+---+
 8    |   |   |   |   |   |   |   |    |
  +---+---+---+---+---+---+---+---+---+
 9    |   |   |   | B |   | B |   |    |
  +---+---+---+---+---+---+---+---+---+
It's your turn
Move WHITE : b6 --> d6
After my move:

    A   B   C   D   E   F   G   H   I
  +---+---+---+---+---+---+---+---+---+
 1    |   |   | B | B | B |   |   |    |
  +---+---+---+---+---+---+---+---+---+
 2    |   | W |   | B |   |   |   | W  |
  +---+---+---+---+---+---+---+---+---+
 3    |   |   |   |   |   |   |   |    |
  +---+---+---+---+---+---+---+---+---+
 4  B |   |   |   | K | B |   |   |    |
  +---+---+---+---+---+---+---+---+---+
 5  B | B | W |   | T | B |   |   | B  |
  +---+---+---+---+---+---+---+---+---+
 6  B |   |   | W |   |   |   |   |    |
  +---+---+---+---+---+---+---+---+---+
 7    |   |   |   | W |   |   |   |    |
  +---+---+---+---+---+---+---+---+---+
 8    |   |   |   |   |   |   |   |    |
  +---+---+---+---+---+---+---+---+---+
 9    |   |   |   | B |   | B |   |    |
  +---+---+---+---+---+---+---+---+---+
Current table:

    A   B   C   D   E   F   G   H   I
  +---+---+---+---+---+---+---+---+---+
 1    |   |   | B | B | B |   |   |    |
  +---+---+---+---+---+---+---+---+---+
 2    |   | W |   | B |   |   |   | W  |
  +---+---+---+---+---+---+---+---+---+
 3    |   |   |   |   |   |   |   |    |
  +---+---+---+---+---+---+---+---+---+
 4  B |   |   |   | K | B |   |   |    |
  +---+---+---+---+---+---+---+---+---+
 5  B | B | W |   | T | B |   |   | B  |
  +---+---+---+---+---+---+---+---+---+
 6  B |   |   | W |   |   |   |   |    |
  +---+---+---+---+---+---+---+---+---+
 7    |   |   |   | W |   |   |   |    |
  +---+---+---+---+---+---+---+---+---+
 8    |   |   |   |   |   |   |   |    |
  +---+---+---+---+---+---+---+---+---+
 9    |   |   |   | B |   |   |   | B  |
  +---+---+---+---+---+---+---+---+---+
It's your turn
Move WHITE : d6 --> b6
After my move:

    A   B   C   D   E   F   G   H   I
  +---+---+---+---+---+---+---+---+---+
 1    |   |   | B | B | B |   |   |    |
  +---+---+---+---+---+---+---+---+---+
 2    |   | W |   | B |   |   |   | W  |
  +---+---+---+---+---+---+---+---+---+
 3    |   |   |   |   |   |   |   |    |
  +---+---+---+---+---+---+---+---+---+
 4  B |   |   |   | K | B |   |   |    |
  +---+---+---+---+---+---+---+---+---+
 5  B | B | W |   | T | B |   |   | B  |
  +---+---+---+---+---+---+---+---+---+
 6  B | W |   |   |   |   |   |   |    |
  +---+---+---+---+---+---+---+---+---+
 7    |   |   |   | W |   |   |   |    |
  +---+---+---+---+---+---+---+---+---+
 8    |   |   |   |   |   |   |   |    |
  +---+---+---+---+---+---+---+---+---+
 9    |   |   |   | B |   |   |   | B  |
  +---+---+---+---+---+---+---+---+---+
Current table:

    A   B   C   D   E   F   G   H   I
  +---+---+---+---+---+---+---+---+---+
 1    |   |   | B | B | B |   |   |    |
  +---+---+---+---+---+---+---+---+---+
 2    |   | W |   | B |   |   |   | W  |
  +---+---+---+---+---+---+---+---+---+
 3    |   |   |   |   |   |   |   |    |
  +---+---+---+---+---+---+---+---+---+
 4  B |   |   |   | K | B |   |   |    |
  +---+---+---+---+---+---+---+---+---+
 5  B | B | W |   | T | B |   |   | B  |
  +---+---+---+---+---+---+---+---+---+
 6  B | W |   |   |   |   |   |   |    |
  +---+---+---+---+---+---+---+---+---+
 7    |   |   |   | W |   |   |   |    |
  +---+---+---+---+---+---+---+---+---+
 8    |   |   |   |   |   |   |   |    |
  +---+---+---+---+---+---+---+---+---+
 9    |   |   |   | B |   |   |   | B  |
  +---+---+---+---+---+---+---+---+---+
It's a draw!
