Connected to the server 127.0.0.1:5800
Current table:

    A   B   C   D   E   F   G   H   I
  +---+---+---+---+---+---+---+---+---+
 1    |   |   | B | B | B |   |   |    |
  +---+---+---+---+---+---+---+---+---+
 2    |   |   |   | B |   |   |   |    |
  +---+---+---+---+---+---+---+---+---+
 3    |   |   |   | W |   |   |   |    |
  +---+---+---+---+---+---+---+---+---+
 4  B |   |   |   | W |   |   |   | B  |
  +---+---+---+---+---+---+---+---+---+
 5  B | B | W | W | K | W | W | B | B  |
  +---+---+---+---+---+---+---+---+---+
 6  B |   |   |   | W |   |   |   | B  |
  +---+---+---+---+---+---+---+---+---+
 7    |   |   |   | W |   |   |   |    |
  +---+---+---+---+---+---+---+---+---+
 8    |   |   |   | B |   |   |   |    |
  +---+---+---+---+---+---+---+---+---+
 9    |   |   | B | B | B |   |   |    |
  +---+---+---+---+---+---+---+---+---+
It's your turn
Move WHITE : f5 --> f4
After my move:

    A   B   C   D   E   F   G   H   I
  +---+---+---+---+---+---+---+---+---+
 1    |   |   | B | B | B |   |   |    |
  +---+---+---+---+---+---+---+---+---+
 2    |   |   |   | B |   |   |   |    |
  +---+---+---+---+---+---+---+---+---+
 3    |   |   |   | W |   |   |   |    |
  +---+---+---+---+---+---+---+---+---+
 4  B |   |   |   | W | W |   |   | B  |
  +---+---+---+---+---+---+---+---+---+
 5  B | B | W | W | K |   | W | B | B  |
  +---+---+---+---+---+---+---+---+---+
 6  B |   |   |   | W |   |   |   | B  |
  +---+---+---+---+---+---+---+---+---+
 7    |   |   |   | W |   |   |   |    |
  +---+---+---+---+---+---+---+---+---+
 8    |   |   |   | B |   |   |   |    |
  +---+---+---+---+---+---+---+---+---+
 9    |   |   | B | B | B |   |   |    |
  +---+---+---+---+---+---+---+---+---+
Current table:

    A   B   C   D   E   F   G   H   I
  +---+---+---+---+---+---+---+---+---+
 1    |   |   | B | B | B |   |   |    |
  +---+---+---+---+---+---+---+---+---+
 2    |   |   |   | B |   |   |   |    |
  +---+---+---+---+---+---+---+---+---+
 3    |   |   |   | W |   |   |   |    |
  +---+---+---+---+---+---+---+---+---+
 4  B |   |   |   | W | W |   |   | B  |
  +---+---+---+---+---+---+---+---+---+
 5  B | B | W | W | K |   | W | B | B  |
  +---+---+---+---+---+---+---+---+---+
 6  B |   |   |   | W | B |   |   |    |
  +---+---+---+---+---+---+---+---+---+
 7    |   |   |   | W |   |   |   |    |
  +---+---+---+---+---+---+---+---+---+
 8    |   |   |   | B |   |   |   |    |
  +---+---+---+---+---+---+---+---+---+
 9    |   |   | B | B | B |   |   |    |
  +---+---+---+---+---+---+---+---+---+
It's your turn
Move WHITE : c5 --> c1
After my move:

    A   B   C   D   E   F   G   H   I
  +---+---+---+---+---+---+---+---+---+
 1    |   | W | B | B | B |   |   |    |
  +---+---+---+---+---+---+---+---+---+
 2    |   |   |   | B |   |   |   |    |
  +---+---+---+---+---+---+---+---+---+
 3    |   |   |   | W |   |   |   |    |
  +---+---+---+---+---+---+---+---+---+
 4  B |   |   |   | W | W |   |   | B  |
  +---+---+---+---+---+---+---+---+---+
 5  B | B |   | W | K |   | W | B | B  |
  +---+---+---+---+---+---+---+---+---+
 6  B |   |   |   | W | B |   |   |    |
  +---+---+---+---+---+---+---+---+---+
 7    |   |   |   | W |   |   |   |    |
  +---+---+---+---+---+---+---+---+---+
 8    |   |   |   | B |   |   |   |    |
  +---+---+---+---+---+---+---+---+---+
 9    |   |   | B | B | B |   |   |    |
  +---+---+---+---+---+---+---+---+---+
Current table:

    A   B   C   D   E   F   G   H   I
  +---+---+---+---+---+---+---+---+---+
 1    |   | W | B | B | B |   |   |    |
  +---+---+---+---+---+---+---+---+---+
 2    |   |   |   | B |   |   |   |    |
  +---+---+---+---+---+---+---+---+---+
 3    |   |   |   | W |   |   |   |    |
  +---+---+---+---+---+---+---+---+---+
 4  B |   |   |   | W | W | B |   |    |
  +---+---+---+---+---+---+---+---+---+
 5  B | B |   | W | K |   | W | B | B  |
  +---+---+---+---+---+---+---+---+---+
 6  B |   |   |   | W | B |   |   |    |
  +---+---+---+---+---+---+---+---+---+
 7    |   |   |   | W |   |   |   |    |
  +---+---+---+---+---+---+---+---+---+
 8    |   |   |   | B |   |   |   |    |
  +---+---+---+---+---+---+---+---+---+
 9    |   |   | B | B | B |   |   |    |
  +---+---+---+---+---+---+---+---+---+
It's your turn
Move WHITE : e7 --> a7
After my move:

    A   B   C   D   E   F   G   H   I
  +---+---+---+---+---+---+---+---+---+
 1    |   | W | B | B | B |   |   |    |
  +---+---+---+---+---+---+---+---+---+
 2    |   |   |   | B |   |   |   |    |
  +---+---+---+---+---+---+---+---+---+
 3    |   |   |   | W |   |   |   |    |
  +---+---+---+---+---+---+---+---+---+
 4  B |   |   |   | W | W | B |   |    |
  +---+---+---+---+---+---+---+---+---+
 5  B | B |   | W | K |   | W | B | B  |
  +---+---+---+---+---+---+---+---+---+
 6  B |   |   |   | W | B |   |   |    |
  +---+---+---+---+---+---+---+---+---+
 7  W |   |   |   |   |   |   |   |    |
  +---+---+---+---+---+---+---+---+---+
 8    |   |   |   | B |   |   |   |    |
  +---+---+---+---+---+---+---+---+---+
 9    |   |   | B | B | B |   |   |    |
  +---+---+---+---+---+---+---+---+---+
Current table:

    A   B   C   D   E   F   G   H   I
  +---+---+---+---+---+---+---+---+---+
 1    |   | W | B | B | B |   |   |    |
  +---+---+---+---+---+---+---+---+---+
 2    |   |   |   | B |   |   |   |    |
  +---+---+---+---+---+---+---+---+---+
 3    |   |   |   | W |   |   |   |    |
  +---+---+---+---+---+---+---+---+---+
 4  B |   |   |   | W | W | B |   |    |
  +---+---+---+---+---+---+---+---+---+
 5  B | B |   | W | K |   |   | B | B  |
  +---+---+---+---+---+---+---+---+---+
 6  B |   |   |   | W |   | B |   |    |
  +---+---+---+---+---+---+---+---+---+
 7  W |   |   |   |   |   |   |   |    |
  +---+---+---+---+---+---+---+---+---+
 8    |   |   |   | B |   |   |   |    |
  +---+---+---+---+---+---+---+---+---+
 9    |   |   | B | B | B |   |   |    |
  +---+---+---+---+---+---+---+---+---+
It's your turn
Move WHITE : f4 --> f6
After my move:

    A   B   C   D   E   F   G   H   I
  +---+---+---+---+---+---+---+---+---+
 1    |   | W | B | B | B |   |   |    |
  +---+---+---+---+---+---+---+---+---+
 2    |   |   |   | B |   |   |   |    |
  +---+---+---+---+---+---+---+---+---+
 3    |   |   |   | W |   |   |   |    |
  +---+---+---+---+---+---+---+---+---+
 4  B |   |   |   | W |   | B |   |    |
  +---+---+---+---+---+---+---+---+---+
 5  B | B |   | W | K |   |   | B | B  |
  +---+---+---+---+---+---+---+---+---+
 6  B |   |   |   | W | W | B |   |    |
  +---+---+---+---+---+---+---+---+---+
 7  W |   |   |   |   |   |   |   |    |
  +---+---+---+---+---+---+---+---+---+
 8    |   |   |   | B |   |   |   |    |
  +---+---+---+---+---+---+---+---+---+
 9    |   |   | B | B | B |   |   |    |
  +---+---+---+---+---+---+---+---+---+
Current table:

    A   B   C   D   E   F   G   H   I
  +---+---+---+---+---+---+---+---+---+
 1    |   | W | B | B | B |   |   |    |
  +---+---+---+---+---+---+---+---+---+
 2    |   |   |   | B |   |   |   |    |
  +---+---+---+---+---+---+---+---+---+
 3    |   |   |   | W |   |   |   |    |
  +---+---+---+---+---+---+---+---+---+
 4  B |   |   |   | W |   | B |   |    |
  +---+---+---+---+---+---+---+---+---+
 5  B | B |   | W | K | B |   |   | B  |
  +---+---+---+---+---+---+---+---+---+
 6  B |   |   |   | W | W | B |   |    |
  +---+---+---+---+---+---+---+---+---+
 7  W |   |   |   |   |   |   |   |    |
  +---+---+---+---+---+---+---+---+---+
 8    |   |   |   | B |   |   |   |    |
  +---+---+---+---+---+---+---+---+---+
 9    |   |   | B | B | B |   |   |    |
  +---+---+---+---+---+---+---+---+---+
It's your turn
Move WHITE : e3 --> c3
After my move:

    A   B   C   D   E   F   G   H   I
  +---+---+---+---+---+---+---+---+---+
 1    |   | W | B | B | B |   |   |    |
  +---+---+---+---+---+---+---+---+---+
 2    |   |   |   | B |   |   |   |    |
  +---+---+---+---+---+---+---+---+---+
 3    |   | W |   |   |   |   |   |    |
  +---+---+---+---+---+---+---+---+---+
 4  B |   |   |   | W |   | B |   |    |
  +---+---+---+---+---+---+---+---+---+
 5  B | B |   | W | K | B |   |   | B  |
  +---+---+---+---+---+---+---+---+---+
 6  B |   |   |   | W | W | B |   |    |
  +---+---+---+---+---+---+---+---+---+
 7  W |   |   |   |   |   |   |   |    |
  +---+---+---+---+---+---+---+---+---+
 8    |   |   |   | B |   |   |   |    |
  +---+---+---+---+---+---+---+---+---+
 9    |   |   | B | B | B |   |   |    |
  +---+---+---+---+---+---+---+---+---+
Current table:

    A   B   C   D   E   F   G   H   I
  +---+---+---+---+---+---+---+---+---+
 1    |   | W | B | B | B |   |   |    |
  +---+---+---+---+---+---+---+---+---+
 2    |   |   |   | B |   |   |   |    |
  +---+---+---+---+---+---+---+---+---+
 3    |   | W |   |   |   |   |   |    |
  +---+---+---+---+---+---+---+---+---+
 4  B |   |   |   | W |   | B |   |    |
  +---+---+---+---+---+---+---+---+---+
 5  B | B |   | W | K | B |   |   | B  |
  +---+---+---+---+---+---+---+---+---+
 6  B |   |   |   | W |   | B |   |    |
  +---+---+---+---+---+---+---+---+---+
 7  W |   |   |   |   | B |   |   |    |
  +---+---+---+---+---+---+---+---+---+
 8    |   |   |   | B |   |   |   |    |
  +---+---+---+---+---+---+---+---+---+
 9    |   |   | B | B |   |   |   |    |
  +---+---+---+---+---+---+---+---+---+
It's your turn
Move WHITE : d5 --> d4
After my move:

    A   B   C   D   E   F   G   H   I
  +---+---+---+---+---+---+---+---+---+
 1    |   | W | B | B | B |   |   |    |
  +---+---+---+---+---+---+---+---+---+
 2    |   |   |   | B |   |   |   |    |
  +---+---+---+---+---+---+---+---+---+
 3    |   | W |   |   |   |   |   |    |
  +---+---+---+---+---+---+---+---+---+
 4  B |   |   | W | W |   | B |   |    |
  +---+---+---+---+---+---+---+---+---+
 5  B | B |   |   | K | B |   |   | B  |
  +---+---+---+---+---+---+---+---+---+
 6  B |   |   |   | W |   | B |   |    |
  +---+---+---+---+---+---+---+---+---+
 7  W |   |   |   |   | B |   |   |    |
  +---+---+---+---+---+---+---+---+---+
 8    |   |   |   | B |   |   |   |    |
  +---+---+---+---+---+---+---+---+---+
 9    |   |   | B | B |   |   |   |    |
  +---+---+---+---+---+---+---+---+---+
Current table:

    A   B   C   D   E   F   G   H   I
  +---+---+---+---+---+---+---+---+---+
 1    |   | W | B | B | B |   |   |    |
  +---+---+---+---+---+---+---+---+---+
 2    |   |   |   | B |   |   |   |    |
  +---+---+---+---+---+---+---+---+---+
 3    |   | W |   |   |   |   |   |    |
  +---+---+---+---+---+---+---+---+---+
 4  B |   |   | W | W |   | B |   |    |
  +---+---+---+---+---+---+---+---+---+
 5  B | B |   |   | K | B |   |   | B  |
  +---+---+---+---+---+---+---+---+---+
 6  B |   |   |   |   |   | B |   |    |
  +---+---+---+---+---+---+---+---+---+
 7  W |   |   |   | B |   |   |   |    |
  +---+---+---+---+---+---+---+---+---+
 8    |   |   |   | B |   |   |   |    |
  +---+---+---+---+---+---+---+---+---+
 9    |   |   | B | B |   |   |   |    |
  +---+---+---+---+---+---+---+---+---+
It's your turn
Move WHITE : d4 --> d8
After my move:

    A   B   C   D   E   F   G   H   I
  +---+---+---+---+---+---+---+---+---+
 1    |   | W | B | B | B |   |   |    |
  +---+---+---+---+---+---+---+---+---+
 2    |   |   |   | B |   |   |   |    |
  +---+---+---+---+---+---+---+---+---+
 3    |   | W |   |   |   |   |   |    |
  +---+---+---+---+---+---+---+---+---+
 4  B |   |   |   | W |   | B |   |    |
  +---+---+---+---+---+---+---+---+---+
 5  B | B |   |   | K | B |   |   | B  |
  +---+---+---+---+---+---+---+---+---+
 6  B |   |   |   |   |   | B |   |    |
  +---+---+---+---+---+---+---+---+---+
 7  W |   |   |   | B |   |   |   |    |
  +---+---+---+---+---+---+---+---+---+
 8    |   |   | W | B |   |   |   |    |
  +---+---+---+---+---+---+---+---+---+
 9    |   |   | B | B |   |   |   |    |
  +---+---+---+---+---+---+---+---+---+
Current table:

    A   B   C   D   E   F   G   H   I
  +---+---+---+---+---+---+---+---+---+
 1    |   | W | B | B | B |   |   |    |
  +---+---+---+---+---+---+---+---+---+
 2    |   |   |   | B |   |   |   |    |
  +---+---+---+---+---+---+---+---+---+
 3    |   | W |   |   |   |   |   |    |
  +---+---+---+---+---+---+---+---+---+
 4  B |   |   |   | W |   | B |   |    |
  +---+---+---+---+---+---+---+---+---+
 5  B | B |   |   | K | B |   |   | B  |
  +---+---+---+---+---+---+---+---+---+
 6  B |   |   |   |   |   | B |   |    |
  +---+---+---+---+---+---+---+---+---+
 7  W |   |   | B |   |   |   |   |    |
  +---+---+---+---+---+---+---+---+---+
 8    |   |   |   | B |   |   |   |    |
  +---+---+---+---+---+---+---+---+---+
 9    |   |   | B | B |   |   |   |    |
  +---+---+---+---+---+---+---+---+---+
It's your turn
Move WHITE : c1 --> b1
After my move:

    A   B   C   D   E   F   G   H   I
  +---+---+---+---+---+---+---+---+---+
 1    | W |   | B | B | B |   |   |    |
  +---+---+---+---+---+---+---+---+---+
 2    |   |   |   | B |   |   |   |    |
  +---+---+---+---+---+---+---+---+---+
 3    |   | W |   |   |   |   |   |    |
  +---+---+---+---+---+---+---+---+---+
 4  B |   |   |   | W |   | B |   |    |
  +---+---+---+---+---+---+---+---+---+
 5  B | B |   |   | K | B |   |   | B  |
  +---+---+---+---+---+---+---+---+---+
 6  B |   |   |   |   |   | B |   |    |
  +---+---+---+---+---+---+---+---+---+
 7  W |   |   | B |   |   |   |   |    |
  +---+---+---+---+---+---+---+---+---+
 8    |   |   |   | B |   |   |   |    |
  +---+---+---+---+---+---+---+---+---+
 9    |   |   | B | B |   |   |   |    |
  +---+---+---+---+---+---+---+---+---+
Current table:

    A   B   C   D   E   F   G   H   I
  +---+---+---+---+---+---+---+---+---+
 1    | W |   | B | B | B |   |   |    |
  +---+---+---+---+---+---+---+---+---+
 2    |   |   |   | B |   |   |   |    |
  +---+---+---+---+---+---+---+---+---+
 3    |   | W |   |   |   |   |   |    |
  +---+---+---+---+---+---+---+---+---+
 4  B |   |   |   | W |   | B |   |    |
  +---+---+---+---+---+---+---+---+---+
 5  B | B |   |   | K | B |   |   | B  |
  +---+---+---+---+---+---+---+---+---+
 6  B | B |   |   |   |   |   |   |    |
  +---+---+---+---+---+---+---+---+---+
 7  W |   |   | B |   |   |   |   |    |
  +---+---+---+---+---+---+---+---+---+
 8    |   |   |   | B |   |   |   |    |
  +---+---+---+---+---+---+---+---+---+
 9    |   |   | B | B |   |   |   |    |
  +---+---+---+---+---+---+---+---+---+
It's your turn
Move KING : e5 --> c5
After my move:

    A   B   C   D   E   F   G   H   I
  +---+---+---+---+---+---+---+---+---+
 1    | W |   | B | B | B |   |   |    |
  +---+---+---+---+---+---+---+---+---+
 2    |   |   |   | B |   |   |   |    |
  +---+---+---+---+---+---+---+---+---+
 3    |   | W |   |   |   |   |   |    |
  +---+---+---+---+---+---+---+---+---+
 4  B |   |   |   | W |   | B |   |    |
  +---+---+---+---+---+---+---+---+---+
 5  B | B | K |   | T | B |   |   | B  |
  +---+---+---+---+---+---+---+---+---+
 6  B | B |   |   |   |   |   |   |    |
  +---+---+---+---+---+---+---+---+---+
 7  W |   |   | B |   |   |   |   |    |
  +---+---+---+---+---+---+---+---+---+
 8    |   |   |   | B |   |   |   |    |
  +---+---+---+---+---+---+---+---+---+
 9    |   |   | B | B |   |   |   |    |
  +---+---+---+---+---+---+---+---+---+
Current table:

    A   B   C   D   E   F   G   H   I
  +---+---+---+---+---+---+---+---+---+
 1    | W |   | B | B | B |   |   |    |
  +---+---+---+---+---+---+---+---+---+
 2    |   |   |   | B |   |   |   |    |
  +---+---+---+---+---+---+---+---+---+
 3    |   | W |   |   |   |   |   |    |
  +---+---+---+---+---+---+---+---+---+
 4  B |   |   |   | W | B |   |   |    |
  +---+---+---+---+---+---+---+---+---+
 5  B | B | K |   | T | B |   |   | B  |
  +---+---+---+---+---+---+---+---+---+
 6  B | B |   |   |   |   |   |   |    |
  +---+---+---+---+---+---+---+---+---+
 7  W |   |   | B |   |   |   |   |    |
  +---+---+---+---+---+---+---+---+---+
 8    |   |   |   | B |   |   |   |    |
  +---+---+---+---+---+---+---+---+---+
 9    |   |   | B | B |   |   |   |    |
  +---+---+---+---+---+---+---+---+---+
It's your turn
Move WHITE : c3 --> f3
After my move:

    A   B   C   D   E   F   G   H   I
  +---+---+---+---+---+---+---+---+---+
 1    | W |   | B | B | B |   |   |    |
  +---+---+---+---+---+---+---+---+---+
 2    |   |   |   | B |   |   |   |    |
  +---+---+---+---+---+---+---+---+---+
 3    |   |   |   |   | W |   |   |    |
  +---+---+---+---+---+---+---+---+---+
 4  B |   |   |   | W | B |   |   |    |
  +---+---+---+---+---+---+---+---+---+
 5  B | B | K |   | T | B |   |   | B  |
  +---+---+---+---+---+---+---+---+---+
 6  B | B |   |   |   |   |   |   |    |
  +---+---+---+---+---+---+---+---+---+
 7  W |   |   | B |   |   |   |   |    |
  +---+---+---+---+---+---+---+---+---+
 8    |   |   |   | B |   |   |   |    |
  +---+---+---+---+---+---+---+---+---+
 9    |   |   | B | B |   |   |   |    |
  +---+---+---+---+---+---+---+---+---+
Current table:

    A   B   C   D   E   F   G   H   I
  +---+---+---+---+---+---+---+---+---+
 1    | W |   | B | B |   |   |   |    |
  +---+---+---+---+---+---+---+---+---+
 2    |   |   |   | B | B |   |   |    |
  +---+---+---+---+---+---+---+---+---+
 3    |   |   |   |   |   |   |   |    |
  +---+---+---+---+---+---+---+---+---+
 4  B |   |   |   | W | B |   |   |    |
  +---+---+---+---+---+---+---+---+---+
 5  B | B | K |   | T | B |   |   | B  |
  +---+---+---+---+---+---+---+---+---+
 6  B | B |   |   |   |   |   |   |    |
  +---+---+---+---+---+---+---+---+---+
 7  W |   |   | B |   |   |   |   |    |
  +---+---+---+---+---+---+---+---+---+
 8    |   |   |   | B |   |   |   |    |
  +---+---+---+---+---+---+---+---+---+
 9    |   |   | B | B |   |   |   |    |
  +---+---+---+---+---+---+---+---+---+
It's your turn
Move KING : c5 --> d5
After my move:

    A   B   C   D   E   F   G   H   I
  +---+---+---+---+---+---+---+---+---+
 1    | W |   | B | B |   |   |   |    |
  +---+---+---+---+---+---+---+---+---+
 2    |   |   |   | B | B |   |   |    |
  +---+---+---+---+---+---+---+---+---+
 3    |   |   |   |   |   |   |   |    |
  +---+---+---+---+---+---+---+---+---+
 4  B |   |   |   | W | B |   |   |    |
  +---+---+---+---+---+---+---+---+---+
 5  B | B |   | K | T | B |   |   | B  |
  +---+---+---+---+---+---+---+---+---+
 6  B | B |   |   |   |   |   |   |    |
  +---+---+---+---+---+---+---+---+---+
 7  W |   |   | B |   |   |   |   |    |
  +---+---+---+---+---+---+---+---+---+
 8    |   |   |   | B |   |   |   |    |
  +---+---+---+---+---+---+---+---+---+
 9    |   |   | B | B |   |   |   |    |
  +---+---+---+---+---+---+---+---+---+
Current table:

    A   B   C   D   E   F   G   H   I
  +---+---+---+---+---+---+---+---+---+
 1    | W |   | B | B |   |   |   |    |
  +---+---+---+---+---+---+---+---+---+
 2    |   |   |   | B | B |   |   |    |
  +---+---+---+---+---+---+---+---+---+
 3    |   |   |   |   |   |   |   |    |
  +---+---+---+---+---+---+---+---+---+
 4  B |   |   |   | W | B |   |   |    |
  +---+---+---+---+---+---+---+---+---+
 5  B | B |   | K | T |   |   |   | B  |
  +---+---+---+---+---+---+---+---+---+
 6  B | B |   |   |   |   |   |   |    |
  +---+---+---+---+---+---+---+---+---+
 7  W |   |   | B |   |   |   |   |    |
  +---+---+---+---+---+---+---+---+---+
 8    |   |   |   | B | B |   |   |    |
  +---+---+---+---+---+---+---+---+---+
 9    |   |   | B | B |   |   |   |    |
  +---+---+---+---+---+---+---+---+---+
It's your turn
Move WHITE : a7 --> c7
After my move:

    A   B   C   D   E   F   G   H   I
  +---+---+---+---+---+---+---+---+---+
 1    | W |   | B | B |   |   |   |    |
  +---+---+---+---+---+---+---+---+---+
 2    |   |   |   | B | B |   |   |    |
  +---+---+---+---+---+---+---+---+---+
 3    |   |   |   |   |   |   |   |    |
  +---+---+---+---+---+---+---+---+---+
 4  B |   |   |   | W | B |   |   |    |
  +---+---+---+---+---+---+---+---+---+
 5  B | B |   | K | T |   |   |   | B  |
  +---+---+---+---+---+---+---+---+---+
 6  B | B |   |   |   |   |   |   |    |
  +---+---+---+---+---+---+---+---+---+
 7    |   | W | B |   |   |   |   |    |
  +---+---+---+---+---+---+---+---+---+
 8    |   |   |   | B | B |   |   |    |
  +---+---+---+---+---+---+---+---+---+
 9    |   |   | B | B |   |   |   |    |
  +---+---+---+---+---+---+---+---+---+
Current table:

    A   B   C   D   E   F   G   H   I
  +---+---+---+---+---+---+---+---+---+
 1    | W |   | B | B |   |   |   |    |
  +---+---+---+---+---+---+---+---+---+
 2    |   |   |   | B | B |   |   |    |
  +---+---+---+---+---+---+---+---+---+
 3    |   |   |   |   |   |   |   |    |
  +---+---+---+---+---+---+---+---+---+
 4  B |   |   |   | W | B |   |   |    |
  +---+---+---+---+---+---+---+---+---+
 5  B | B |   | K | T |   |   |   | B  |
  +---+---+---+---+---+---+---+---+---+
 6  B | B |   |   |   |   |   |   |    |
  +---+---+---+---+---+---+---+---+---+
 7    |   | W | B |   |   |   |   |    |
  +---+---+---+---+---+---+---+---+---+
 8    |   |   |   | B |   |   |   | B  |
  +---+---+---+---+---+---+---+---+---+
 9    |   |   | B | B |   |   |   |    |
  +---+---+---+---+---+---+---+---+---+
It's your turn
Move KING : d5 --> d2
After my move:

    A   B   C   D   E   F   G   H   I
  +---+---+---+---+---+---+---+---+---+
 1    | W |   | B | B |   |   |   |    |
  +---+---+---+---+---+---+---+---+---+
 2    |   |   | K | B | B |   |   |    |
  +---+---+---+---+---+---+---+---+---+
 3    |   |   |   |   |   |   |   |    |
  +---+---+---+---+---+---+---+---+---+
 4  B |   |   |   | W | B |   |   |    |
  +---+---+---+---+---+---+---+---+---+
 5  B | B |   |   | T |   |   |   | B  |
  +---+---+---+---+---+---+---+---+---+
 6  B | B |   |   |   |   |   |   |    |
  +---+---+---+---+---+---+---+---+---+
 7    |   | W | B |   |   |   |   |    |
  +---+---+---+---+---+---+---+---+---+
 8    |   |   |   | B |   |   |   | B  |
  +---+---+---+---+---+---+---+---+---+
 9    |   |   | B | B |   |   |   |    |
  +---+---+---+---+---+---+---+---+---+
Current table:

    A   B   C   D   E   F   G   H   I
  +---+---+---+---+---+---+---+---+---+
 1    | W |   | B | B |   |   |   |    |
  +---+---+---+---+---+---+---+---+---+
 2    |   |   | K | B | B |   |   |    |
  +---+---+---+---+---+---+---+---+---+
 3    |   |   |   |   |   |   |   |    |
  +---+---+---+---+---+---+---+---+---+
 4  B |   |   |   | W | B |   |   |    |
  +---+---+---+---+---+---+---+---+---+
 5  B | B |   |   | T |   |   |   | B  |
  +---+---+---+---+---+---+---+---+---+
 6  B | B |   |   |   |   |   |   |    |
  +---+---+---+---+---+---+---+---+---+
 7    |   | W | B |   |   |   |   |    |
  +---+---+---+---+---+---+---+---+---+
 8    |   |   |   | B | B |   |   |    |
  +---+---+---+---+---+---+---+---+---+
 9    |   |   | B | B |   |   |   |    |
  +---+---+---+---+---+---+---+---+---+
It's your turn
Move WHITE : e4 --> c4
After my move:

    A   B   C   D   E   F   G   H   I
  +---+---+---+---+---+---+---+---+---+
 1    | W |   | B | B |   |   |   |    |
  +---+---+---+---+---+---+---+---+---+
 2    |   |   | K | B | B |   |   |    |
  +---+---+---+---+---+---+---+---+---+
 3    |   |   |   |   |   |   |   |    |
  +---+---+---+---+---+---+---+---+---+
 4  B |   | W |   |   | B |   |   |    |
  +---+---+---+---+---+---+---+---+---+
 5  B | B |   |   | T |   |   |   | B  |
  +---+---+---+---+---+---+---+---+---+
 6  B | B |   |   |   |   |   |   |    |
  +---+---+---+---+---+---+---+---+---+
 7    |   | W | B |   |   |   |   |    |
  +---+---+---+---+---+---+---+---+---+
 8    |   |   |   | B | B |   |   |    |
  +---+---+---+---+---+---+---+---+---+
 9    |   |   | B | B |   |   |   |    |
  +---+---+---+---+---+---+---+---+---+
Current table:

    A   B   C   D   E   F   G   H   I
  +---+---+---+---+---+---+---+---+---+
 1    | W |   | B | B |   |   |   |    |
  +---+---+---+---+---+---+---+---+---+
 2    |   |   | K | B | B |   |   |    |
  +---+---+---+---+---+---+---+---+---+
 3    |   |   |   |   |   |   |   |    |
  +---+---+---+---+---+---+---+---+---+
 4  B |   | W |   |   | B |   |   |    |
  +---+---+---+---+---+---+---+---+---+
 5  B | B |   |   | T |   |   |   | B  |
  +---+---+---+---+---+---+---+---+---+
 6  B | B |   |   |   |   |   |   |    |
  +---+---+---+---+---+---+---+---+---+
 7    |   | W | B |   |   |   |   |    |
  +---+---+---+---+---+---+---+---+---+
 8    |   |   |   | B |   |   |   | B  |
  +---+---+---+---+---+---+---+---+---+
 9    |   |   | B | B |   |   |   |    |
  +---+---+---+---+---+---+---+---+---+
It's your turn
Move WHITE : c4 --> c1
After my move:

    A   B   C   D   E   F   G   H   I
  +---+---+---+---+---+---+---+---+---+
 1    | W | W | B | B |   |   |   |    |
  +---+---+---+---+---+---+---+---+---+
 2    |   |   | K | B | B |   |   |    |
  +---+---+---+---+---+---+---+---+---+
 3    |   |   |   |   |   |   |   |    |
  +---+---+---+---+---+---+---+---+---+
 4  B |   |   |   |   | B |   |   |    |
  +---+---+---+---+---+---+---+---+---+
 5  B | B |   |   | T |   |   |   | B  |
  +---+---+---+---+---+---+---+---+---+
 6  B | B |   |   |   |   |   |   |    |
  +---+---+---+---+---+---+---+---+---+
 7    |   | W | B |   |   |   |   |    |
  +---+---+---+---+---+---+---+---+---+
 8    |   |   |   | B |   |   |   | B  |
  +---+---+---+---+---+---+---+---+---+
 9    |   |   | B | B |   |   |   |    |
  +---+---+---+---+---+---+---+---+---+
Current table:

    A   B   C   D   E   F   G   H   I
  +---+---+---+---+---+---+---+---+---+
 1    | W | W | B | B |   |   |   |    |
  +---+---+---+---+---+---+---+---+---+
 2    |   |   | K | B | B |   |   |    |
  +---+---+---+---+---+---+---+---+---+
 3    |   |   |   |   |   |   |   |    |
  +---+---+---+---+---+---+---+---+---+
 4  B |   |   |   |   | B |   |   |    |
  +---+---+---+---+---+---+---+---+---+
 5  B | B |   |   | T |   |   |   | B  |
  +---+---+---+---+---+---+---+---+---+
 6  B | B |   |   |   |   |   |   |    |
  +---+---+---+---+---+---+---+---+---+
 7    |   | W | B |   |   |   |   |    |
  +---+---+---+---+---+---+---+---+---+
 8    |   |   |   | B | B |   |   |    |
  +---+---+---+---+---+---+---+---+---+
 9    |   |   | B | B |   |   |   |    |
  +---+---+---+---+---+---+---+---+---+
It's your turn
Move KING : d2 --> d5
After my move:

    A   B   C   D   E   F   G   H   I
  +---+---+---+---+---+---+---+---+---+
 1    | W | W | B | B |   |   |   |    |
  +---+---+---+---+---+---+---+---+---+
 2    |   |   |   | B | B |   |   |    |
  +---+---+---+---+---+---+---+---+---+
 3    |   |   |   |   |   |   |   |    |
  +---+---+---+---+---+---+---+---+---+
 4  B |   |   |   |   | B |   |   |    |
  +---+---+---+---+---+---+---+---+---+
 5  B | B |   | K | T |   |   |   | B  |
  +---+---+---+---+---+---+---+---+---+
 6  B | B |   |   |   |   |   |   |    |
  +---+---+---+---+---+---+---+---+---+
 7    |   | W | B |   |   |   |   |    |
  +---+---+---+---+---+---+---+---+---+
 8    |   |   |   | B | B |   |   |    |
  +---+---+---+---+---+---+---+---+---+
 9    |   |   | B | B |   |   |   |    |
  +---+---+---+---+---+---+---+---+---+
Current table:

    A   B   C   D   E   F   G   H   I
  +---+---+---+---+---+---+---+---+---+
 1    | W | W | B | B |   |   |   |    |
  +---+---+---+---+---+---+---+---+---+
 2    |   |   |   | B | B |   |   |    |
  +---+---+---+---+---+---+---+---+---+
 3    |   |   |   |   |   |   |   |    |
  +---+---+---+---+---+---+---+---+---+
 4  B |   |   |   |   | B |   |   |    |
  +---+---+---+---+---+---+---+---+---+
 5  B | B |   | K | T |   |   |   | B  |
  +---+---+---+---+---+---+---+---+---+
 6  B | B |   |   |   |   |   |   |    |
  +---+---+---+---+---+---+---+---+---+
 7    |   | W | B |   |   |   |   |    |
  +---+---+---+---+---+---+---+---+---+
 8    |   |   |   | B |   |   |   | B  |
  +---+---+---+---+---+---+---+---+---+
 9    |   |   | B | B |   |   |   |    |
  +---+---+---+---+---+---+---+---+---+
It's your turn
Move WHITE : c1 --> c2
After my move:

    A   B   C   D   E   F   G   H   I
  +---+---+---+---+---+---+---+---+---+
 1    | W |   | B | B |   |   |   |    |
  +---+---+---+---+---+---+---+---+---+
 2    |   | W |   | B | B |   |   |    |
  +---+---+---+---+---+---+---+---+---+
 3    |   |   |   |   |   |   |   |    |
  +---+---+---+---+---+---+---+---+---+
 4  B |   |   |   |   | B |   |   |    |
  +---+---+---+---+---+---+---+---+---+
 5  B | B |   | K | T |   |   |   | B  |
  +---+---+---+---+---+---+---+---+---+
 6  B | B |   |   |   |   |   |   |    |
  +---+---+---+---+---+---+---+---+---+
 7    |   | W | B |   |   |   |   |    |
  +---+---+---+---+---+---+---+---+---+
 8    |   |   |   | B |   |   |   | B  |
  +---+---+---+---+---+---+---+---+---+
 9    |   |   | B | B |   |   |   |    |
  +---+---+---+---+---+---+---+---+---+
Current table:

    A   B   C   D   E   F   G   H   I
  +---+---+---+---+---+---+---+---+---+
 1    | W |   | B | B |   |   |   |    |
  +---+---+---+---+---+---+---+---+---+
 2    |   | W |   | B | B |   |   |    |
  +---+---+---+---+---+---+---+---+---+
 3    |   |   |   |   |   |   |   |    |
  +---+---+---+---+---+---+---+---+---+
 4  B |   |   |   |   | B |   |   |    |
  +---+---+---+---+---+---+---+---+---+
 5  B | B |   | K | T |   |   |   | B  |
  +---+---+---+---+---+---+---+---+---+
 6  B | B |   |   |   |   |   |   |    |
  +---+---+---+---+---+---+---+---+---+
 7    |   | W | B |   |   |   |   |    |
  +---+---+---+---+---+---+---+---+---+
 8    |   |   |   | B | B |   |   |    |
  +---+---+---+---+---+---+---+---+---+
 9    |   |   | B | B |   |   |   |    |
  +---+---+---+---+---+---+---+---+---+
It's your turn
Move KING : d5 --> d6
After my move:

    A   B   C   D   E   F   G   H   I
  +---+---+---+---+---+---+---+---+---+
 1    | W |   | B | B |   |   |   |    |
  +---+---+---+---+---+---+---+---+---+
 2    |   | W |   | B | B |   |   |    |
  +---+---+---+---+---+---+---+---+---+
 3    |   |   |   |   |   |   |   |    |
  +---+---+---+---+---+---+---+---+---+
 4  B |   |   |   |   | B |   |   |    |
  +---+---+---+---+---+---+---+---+---+
 5  B | B |   |   | T |   |   |   | B  |
  +---+---+---+---+---+---+---+---+---+
 6  B | B |   | K |   |   |   |   |    |
  +---+---+---+---+---+---+---+---+---+
 7    |   | W | B |   |   |   |   |    |
  +---+---+---+---+---+---+---+---+---+
 8    |   |   |   | B | B |   |   |    |
  +---+---+---+---+---+---+---+---+---+
 9    |   |   | B | B |   |   |   |    |
  +---+---+---+---+---+---+---+---+---+
Current table:

    A   B   C   D   E   F   G   H   I
  +---+---+---+---+---+---+---+---+---+
 1    | W |   | B | B |   |   |   |    |
  +---+---+---+---+---+---+---+---+---+
 2    |   | W |   | B | B |   |   |    |
  +---+---+---+---+---+---+---+---+---+
 3    |   |   |   |   |   |   |   |    |
  +---+---+---+---+---+---+---+---+---+
 4  B |   |   |   |   | B |   |   |    |
  +---+---+---+---+---+---+---+---+---+
 5  B | B |   |   | T |   |   |   | B  |
  +---+---+---+---+---+---+---+---+---+
 6  B | B |   | K |   |   |   |   |    |
  +---+---+---+---+---+---+---+---+---+
 7    |   | W | B |   |   |   |   |    |
  +---+---+---+---+---+---+---+---+---+
 8    |   |   |   | B |   |   |   | B  |
  +---+---+---+---+---+---+---+---+---+
 9    |   |   | B | B |   |   |   |    |
  +---+---+---+---+---+---+---+---+---+
It's your turn
Move WHITE : c2 --> c3
After my move:

    A   B   C   D   E   F   G   H   I
  +---+---+---+---+---+---+---+---+---+
 1    | W |   | B | B |   |   |   |    |
  +---+---+---+---+---+---+---+---+---+
 2    |   |   |   | B | B |   |   |    |
  +---+---+---+---+---+---+---+---+---+
 3    |   | W |   |   |   |   |   |    |
  +---+---+---+---+---+---+---+---+---+
 4  B |   |   |   |   | B |   |   |    |
  +---+---+---+---+---+---+---+---+---+
 5  B | B |   |   | T |   |   |   | B  |
  +---+---+---+---+---+---+---+---+---+
 6  B | B |   | K |   |   |   |   |    |
  +---+---+---+---+---+---+---+---+---+
 7    |   | W | B |   |   |   |   |    |
  +---+---+---+---+---+---+---+---+---+
 8    |   |   |   | B |   |   |   | B  |
  +---+---+---+---+---+---+---+---+---+
 9    |   |   | B | B |   |   |   |    |
  +---+---+---+---+---+---+---+---+---+
Current table:

    A   B   C   D   E   F   G   H   I
  +---+---+---+---+---+---+---+---+---+
 1    | W |   | B | B |   |   |   |    |
  +---+---+---+---+---+---+---+---+---+
 2    |   |   |   | B | B |   |   |    |
  +---+---+---+---+---+---+---+---+---+
 3    |   | W |   |   |   |   |   |    |
  +---+---+---+---+---+---+---+---+---+
 4  B |   |   |   |   | B |   |   |    |
  +---+---+---+---+---+---+---+---+---+
 5  B | B |   |   | T |   |   |   | B  |
  +---+---+---+---+---+---+---+---+---+
 6  B | B |   | K |   |   |   |   |    |
  +---+---+---+---+---+---+---+---+---+
 7    |   | W | B |   |   |   |   |    |
  +---+---+---+---+---+---+---+---+---+
 8    |   |   |   | B | B |   |   |    |
  +---+---+---+---+---+---+---+---+---+
 9    |   |   | B | B |   |   |   |    |
  +---+---+---+---+---+---+---+---+---+
It's your turn
Move WHITE : b1 --> c1
After my move:

    A   B   C   D   E   F   G   H   I
  +---+---+---+---+---+---+---+---+---+
 1    |   | W | B | B |   |   |   |    |
  +---+---+---+---+---+---+---+---+---+
 2    |   |   |   | B | B |   |   |    |
  +---+---+---+---+---+---+---+---+---+
 3    |   | W |   |   |   |   |   |    |
  +---+---+---+---+---+---+---+---+---+
 4  B |   |   |   |   | B |   |   |    |
  +---+---+---+---+---+---+---+---+---+
 5  B | B |   |   | T |   |   |   | B  |
  +---+---+---+---+---+---+---+---+---+
 6  B | B |   | K |   |   |   |   |    |
  +---+---+---+---+---+---+---+---+---+
 7    |   | W | B |   |   |   |   |    |
  +---+---+---+---+---+---+---+---+---+
 8    |   |   |   | B | B |   |   |    |
  +---+---+---+---+---+---+---+---+---+
 9    |   |   | B | B |   |   |   |    |
  +---+---+---+---+---+---+---+---+---+
Current table:

    A   B   C   D   E   F   G   H   I
  +---+---+---+---+---+---+---+---+---+
 1    |   | W | B | B |   |   |   |    |
  +---+---+---+---+---+---+---+---+---+
 2    |   |   |   | B | B |   |   |    |
  +---+---+---+---+---+---+---+---+---+
 3    |   | W |   |   |   |   |   |    |
  +---+---+---+---+---+---+---+---+---+
 4  B |   |   |   |   | B |   |   |    |
  +---+---+---+---+---+---+---+---+---+
 5  B | B |   |   | T |   |   |   | B  |
  +---+---+---+---+---+---+---+---+---+
 6  B | B |   | K |   |   |   |   |    |
  +---+---+---+---+---+---+---+---+---+
 7    |   | W | B |   |   |   |   |    |
  +---+---+---+---+---+---+---+---+---+
 8    |   |   |   | B |   |   |   | B  |
  +---+---+---+---+---+---+---+---+---+
 9    |   |   | B | B |   |   |   |    |
  +---+---+---+---+---+---+---+---+---+
It's your turn
Move KING : d6 --> d2
After my move:

    A   B   C   D   E   F   G   H   I
  +---+---+---+---+---+---+---+---+---+
 1    |   | W | B | B |   |   |   |    |
  +---+---+---+---+---+---+---+---+---+
 2    |   |   | K | B | B |   |   |    |
  +---+---+---+---+---+---+---+---+---+
 3    |   | W |   |   |   |   |   |    |
  +---+---+---+---+---+---+---+---+---+
 4  B |   |   |   |   | B |   |   |    |
  +---+---+---+---+---+---+---+---+---+
 5  B | B |   |   | T |   |   |   | B  |
  +---+---+---+---+---+---+---+---+---+
 6  B | B |   |   |   |   |   |   |    |
  +---+---+---+---+---+---+---+---+---+
 7    |   | W | B |   |   |   |   |    |
  +---+---+---+---+---+---+---+---+---+
 8    |   |   |   | B |   |   |   | B  |
  +---+---+---+---+---+---+---+---+---+
 9    |   |   | B | B |   |   |   |    |
  +---+---+---+---+---+---+---+---+---+
Current table:

    A   B   C   D   E   F   G   H   I
  +---+---+---+---+---+---+---+---+---+
 1    |   | W | B | B |   |   |   |    |
  +---+---+---+---+---+---+---+---+---+
 2    |   |   | K | B | B |   |   |    |
  +---+---+---+---+---+---+---+---+---+
 3    |   | W |   |   |   |   |   |    |
  +---+---+---+---+---+---+---+---+---+
 4  B |   |   |   |   | B |   |   |    |
  +---+---+---+---+---+---+---+---+---+
 5  B | B |   |   | T |   |   |   | B  |
  +---+---+---+---+---+---+---+---+---+
 6  B | B |   |   |   |   |   |   |    |
  +---+---+---+---+---+---+---+---+---+
 7    |   | W | B |   |   |   |   |    |
  +---+---+---+---+---+---+---+---+---+
 8    |   |   |   | B | B |   |   |    |
  +---+---+---+---+---+---+---+---+---+
 9    |   |   | B | B |   |   |   |    |
  +---+---+---+---+---+---+---+---+---+
It's your turn
Move KING : d2 --> a2
After my move:

    A   B   C   D   E   F   G   H   I
  +---+---+---+---+---+---+---+---+---+
 1    |   | W | B | B |   |   |   |    |
  +---+---+---+---+---+---+---+---+---+
 2  K |   |   |   | B | B |   |   |    |
  +---+---+---+---+---+---+---+---+---+
 3    |   | W |   |   |   |   |   |    |
  +---+---+---+---+---+---+---+---+---+
 4  B |   |   |   |   | B |   |   |    |
  +---+---+---+---+---+---+---+---+---+
 5  B | B |   |   | T |   |   |   | B  |
  +---+---+---+---+---+---+---+---+---+
 6  B | B |   |   |   |   |   |   |    |
  +---+---+---+---+---+---+---+---+---+
 7    |   | W | B |   |   |   |   |    |
  +---+---+---+---+---+---+---+---+---+
 8    |   |   |   | B | B |   |   |    |
  +---+---+---+---+---+---+---+---+---+
 9    |   |   | B | B |   |   |   |    |
  +---+---+---+---+---+---+---+---+---+
Current table:

    A   B   C   D   E   F   G   H   I
  +---+---+---+---+---+---+---+---+---+
 1    |   | W | B | B |   |   |   |    |
  +---+---+---+---+---+---+---+---+---+
 2  K |   |   |   | B | B |   |   |    |
  +---+---+---+---+---+---+---+---+---+
 3    |   | W |   |   |   |   |   |    |
  +---+---+---+---+---+---+---+---+---+
 4  B |   |   |   |   | B |   |   |    |
  +---+---+---+---+---+---+---+---+---+
 5  B | B |   |   | T |   |   |   | B  |
  +---+---+---+---+---+---+---+---+---+
 6  B | B |   |   |   |   |   |   |    |
  +---+---+---+---+---+---+---+---+---+
 7    |   | W | B |   |   |   |   |    |
  +---+---+---+---+---+---+---+---+---+
 8    |   |   |   | B | B |   |   |    |
  +---+---+---+---+---+---+---+---+---+
 9    |   |   | B | B |   |   |   |    |
  +---+---+---+---+---+---+---+---+---+
WHITE wins!
