Connected to the server 127.0.0.1:5800
Current table:

    A   B   C   D   E   F   G   H   I
  +---+---+---+---+---+---+---+---+---+
 1    |   |   | B | B | B |   |   |    |
  +---+---+---+---+---+---+---+---+---+
 2    |   |   |   | B |   |   |   |    |
  +---+---+---+---+---+---+---+---+---+
 3    |   |   |   | W |   |   |   |    |
  +---+---+---+---+---+---+---+---+---+
 4  B |   |   |   | W |   |   |   | B  |
  +---+---+---+---+---+---+---+---+---+
 5  B | B | W | W | K | W | W | B | B  |
  +---+---+---+---+---+---+---+---+---+
 6  B |   |   |   | W |   |   |   | B  |
  +---+---+---+---+---+---+---+---+---+
 7    |   |   |   | W |   |   |   |    |
  +---+---+---+---+---+---+---+---+---+
 8    |   |   |   | B |   |   |   |    |
  +---+---+---+---+---+---+---+---+---+
 9    |   |   | B | B | B |   |   |    |
  +---+---+---+---+---+---+---+---+---+
It's your turn

Exploration recap:
- Score=0.0
- Nodes_explored=191
- Time=2.673s

Move WHITE : g5 --> g9
After my move:

    A   B   C   D   E   F   G   H   I
  +---+---+---+---+---+---+---+---+---+
 1    |   |   | B | B | B |   |   |    |
  +---+---+---+---+---+---+---+---+---+
 2    |   |   |   | B |   |   |   |    |
  +---+---+---+---+---+---+---+---+---+
 3    |   |   |   | W |   |   |   |    |
  +---+---+---+---+---+---+---+---+---+
 4  B |   |   |   | W |   |   |   | B  |
  +---+---+---+---+---+---+---+---+---+
 5  B | B | W | W | K | W |   | B | B  |
  +---+---+---+---+---+---+---+---+---+
 6  B |   |   |   | W |   |   |   | B  |
  +---+---+---+---+---+---+---+---+---+
 7    |   |   |   | W |   |   |   |    |
  +---+---+---+---+---+---+---+---+---+
 8    |   |   |   | B |   |   |   |    |
  +---+---+---+---+---+---+---+---+---+
 9    |   |   | B | B | B | W |   |    |
  +---+---+---+---+---+---+---+---+---+
Current table:

    A   B   C   D   E   F   G   H   I
  +---+---+---+---+---+---+---+---+---+
 1  B |   |   |   | B | B |   |   |    |
  +---+---+---+---+---+---+---+---+---+
 2    |   |   |   | B |   |   |   |    |
  +---+---+---+---+---+---+---+---+---+
 3    |   |   |   | W |   |   |   |    |
  +---+---+---+---+---+---+---+---+---+
 4  B |   |   |   | W |   |   |   | B  |
  +---+---+---+---+---+---+---+---+---+
 5  B | B | W | W | K | W |   | B | B  |
  +---+---+---+---+---+---+---+---+---+
 6  B |   |   |   | W |   |   |   | B  |
  +---+---+---+---+---+---+---+---+---+
 7    |   |   |   | W |   |   |   |    |
  +---+---+---+---+---+---+---+---+---+
 8    |   |   |   | B |   |   |   |    |
  +---+---+---+---+---+---+---+---+---+
 9    |   |   | B | B | B | W |   |    |
  +---+---+---+---+---+---+---+---+---+
It's your turn

Exploration recap:
- Score=0.0
- Nodes_explored=727
- Time=2.79s

Move WHITE : g9 --> i9
After my move:

    A   B   C   D   E   F   G   H   I
  +---+---+---+---+---+---+---+---+---+
 1  B |   |   |   | B | B |   |   |    |
  +---+---+---+---+---+---+---+---+---+
 2    |   |   |   | B |   |   |   |    |
  +---+---+---+---+---+---+---+---+---+
 3    |   |   |   | W |   |   |   |    |
  +---+---+---+---+---+---+---+---+---+
 4  B |   |   |   | W |   |   |   | B  |
  +---+---+---+---+---+---+---+---+---+
 5  B | B | W | W | K | W |   | B | B  |
  +---+---+---+---+---+---+---+---+---+
 6  B |   |   |   | W |   |   |   | B  |
  +---+---+---+---+---+---+---+---+---+
 7    |   |   |   | W |   |   |   |    |
  +---+---+---+---+---+---+---+---+---+
 8    |   |   |   | B |   |   |   |    |
  +---+---+---+---+---+---+---+---+---+
 9    |   |   | B | B | B |   |   | W  |
  +---+---+---+---+---+---+---+---+---+
Current table:

    A   B   C   D   E   F   G   H   I
  +---+---+---+---+---+---+---+---+---+
 1  B |   |   |   | B | B |   |   | B  |
  +---+---+---+---+---+---+---+---+---+
 2    |   |   |   | B |   |   |   |    |
  +---+---+---+---+---+---+---+---+---+
 3    |   |   |   | W |   |   |   |    |
  +---+---+---+---+---+---+---+---+---+
 4  B |   |   |   | W |   |   |   |    |
  +---+---+---+---+---+---+---+---+---+
 5  B | B | W | W | K | W |   | B | B  |
  +---+---+---+---+---+---+---+---+---+
 6  B |   |   |   | W |   |   |   | B  |
  +---+---+---+---+---+---+---+---+---+
 7    |   |   |   | W |   |   |   |    |
  +---+---+---+---+---+---+---+---+---+
 8    |   |   |   | B |   |   |   |    |
  +---+---+---+---+---+---+---+---+---+
 9    |   |   | B | B | B |   |   | W  |
  +---+---+---+---+---+---+---+---+---+
It's your turn

Exploration recap:
- Score=0.0
- Nodes_explored=578
- Time=2.409s

Move WHITE : i9 --> g9
After my move:

    A   B   C   D   E   F   G   H   I
  +---+---+---+---+---+---+---+---+---+
 1  B |   |   |   | B | B |   |   | B  |
  +---+---+---+---+---+---+---+---+---+
 2    |   |   |   | B |   |   |   |    |
  +---+---+---+---+---+---+---+---+---+
 3    |   |   |   | W |   |   |   |    |
  +---+---+---+---+---+---+---+---+---+
 4  B |   |   |   | W |   |   |   |    |
  +---+---+---+---+---+---+---+---+---+
 5  B | B | W | W | K | W |   | B | B  |
  +---+---+---+---+---+---+---+---+---+
 6  B |   |   |   | W |   |   |   | B  |
  +---+---+---+---+---+---+---+---+---+
 7    |   |   |   | W |   |   |   |    |
  +---+---+---+---+---+---+---+---+---+
 8    |   |   |   | B |   |   |   |    |
  +---+---+---+---+---+---+---+---+---+
 9    |   |   | B | B | B | W |   |    |
  +---+---+---+---+---+---+---+---+---+
Current table:

    A   B   C   D   E   F   G   H   I
  +---+---+---+---+---+---+---+---+---+
 1  B |   |   |   | B | B |   |   | B  |
  +---+---+---+---+---+---+---+---+---+
 2    |   |   |   | B |   |   |   |    |
  +---+---+---+---+---+---+---+---+---+
 3    |   |   |   | W |   |   |   |    |
  +---+---+---+---+---+---+---+---+---+
 4  B |   |   |   | W |   |   |   |    |
  +---+---+---+---+---+---+---+---+---+
 5  B |   | W | W | K | W |   | B | B  |
  +---+---+---+---+---+---+---+---+---+
 6  B |   |   |   | W |   |   |   | B  |
  +---+---+---+---+---+---+---+---+---+
 7    |   |   |   | W |   |   |   |    |
  +---+---+---+---+---+---+---+---+---+
 8    |   |   |   | B |   |   |   |    |
  +---+---+---+---+---+---+---+---+---+
 9    | B |   | B | B | B | W |   |    |
  +---+---+---+---+---+---+---+---+---+
It's your turn

Exploration recap:
- Score=0.0
- Nodes_explored=690
- Time=2.546s

Move WHITE : g9 --> i9
After my move:

    A   B   C   D   E   F   G   H   I
  +---+---+---+---+---+---+---+---+---+
 1  B |   |   |   | B | B |   |   | B  |
  +---+---+---+---+---+---+---+---+---+
 2    |   |   |   | B |   |   |   |    |
  +---+---+---+---+---+---+---+---+---+
 3    |   |   |   | W |   |   |   |    |
  +---+---+---+---+---+---+---+---+---+
 4  B |   |   |   | W |   |   |   |    |
  +---+---+---+---+---+---+---+---+---+
 5  B |   | W | W | K | W |   | B | B  |
  +---+---+---+---+---+---+---+---+---+
 6  B |   |   |   | W |   |   |   | B  |
  +---+---+---+---+---+---+---+---+---+
 7    |   |   |   | W |   |   |   |    |
  +---+---+---+---+---+---+---+---+---+
 8    |   |   |   | B |   |   |   |    |
  +---+---+---+---+---+---+---+---+---+
 9    | B |   | B | B | B |   |   | W  |
  +---+---+---+---+---+---+---+---+---+
Current table:

    A   B   C   D   E   F   G   H   I
  +---+---+---+---+---+---+---+---+---+
 1  B |   |   |   | B | B |   |   | B  |
  +---+---+---+---+---+---+---+---+---+
 2    |   |   |   | B |   |   |   |    |
  +---+---+---+---+---+---+---+---+---+
 3    |   |   |   | W |   |   |   |    |
  +---+---+---+---+---+---+---+---+---+
 4  B |   |   |   | W |   |   |   |    |
  +---+---+---+---+---+---+---+---+---+
 5  B |   | W | W | K | W |   | B | B  |
  +---+---+---+---+---+---+---+---+---+
 6  B |   |   |   | W |   |   |   | B  |
  +---+---+---+---+---+---+---+---+---+
 7    |   |   |   | W |   |   |   |    |
  +---+---+---+---+---+---+---+---+---+
 8    |   |   |   | B |   |   |   |    |
  +---+---+---+---+---+---+---+---+---+
 9    | B |   | B | B |   | B |   | W  |
  +---+---+---+---+---+---+---+---+---+
It's your turn

Exploration recap:
- Score=0.0
- Nodes_explored=532
- Time=2.268s

Move WHITE : i9 --> h9
After my move:

    A   B   C   D   E   F   G   H   I
  +---+---+---+---+---+---+---+---+---+
 1  B |   |   |   | B | B |   |   | B  |
  +---+---+---+---+---+---+---+---+---+
 2    |   |   |   | B |   |   |   |    |
  +---+---+---+---+---+---+---+---+---+
 3    |   |   |   | W |   |   |   |    |
  +---+---+---+---+---+---+---+---+---+
 4  B |   |   |   | W |   |   |   |    |
  +---+---+---+---+---+---+---+---+---+
 5  B |   | W | W | K | W |   | B | B  |
  +---+---+---+---+---+---+---+---+---+
 6  B |   |   |   | W |   |   |   | B  |
  +---+---+---+---+---+---+---+---+---+
 7    |   |   |   | W |   |   |   |    |
  +---+---+---+---+---+---+---+---+---+
 8    |   |   |   | B |   |   |   |    |
  +---+---+---+---+---+---+---+---+---+
 9    | B |   | B | B |   |   | W |    |
  +---+---+---+---+---+---+---+---+---+
Current table:

    A   B   C   D   E   F   G   H   I
  +---+---+---+---+---+---+---+---+---+
 1  B |   |   |   | B | B |   |   | B  |
  +---+---+---+---+---+---+---+---+---+
 2    |   |   |   | B |   |   |   |    |
  +---+---+---+---+---+---+---+---+---+
 3    |   |   |   | W |   |   |   |    |
  +---+---+---+---+---+---+---+---+---+
 4  B |   |   |   | W |   |   |   |    |
  +---+---+---+---+---+---+---+---+---+
 5  B |   | W | W | K | W |   |   | B  |
  +---+---+---+---+---+---+---+---+---+
 6  B |   |   |   | W |   |   |   | B  |
  +---+---+---+---+---+---+---+---+---+
 7    |   |   |   | W |   |   | B |    |
  +---+---+---+---+---+---+---+---+---+
 8    |   |   |   | B |   |   |   |    |
  +---+---+---+---+---+---+---+---+---+
 9    | B |   | B | B |   |   | W |    |
  +---+---+---+---+---+---+---+---+---+
It's your turn

Exploration recap:
- Score=0.0
- Nodes_explored=504
- Time=2.093s

Move WHITE : h9 --> g9
After my move:

    A   B   C   D   E   F   G   H   I
  +---+---+---+---+---+---+---+---+---+
 1  B |   |   |   | B | B |   |   | B  |
  +---+---+---+---+---+---+---+---+---+
 2    |   |   |   | B |   |   |   |    |
  +---+---+---+---+---+---+---+---+---+
 3    |   |   |   | W |   |   |   |    |
  +---+---+---+---+---+---+---+---+---+
 4  B |   |   |   | W |   |   |   |    |
  +---+---+---+---+---+---+---+---+---+
 5  B |   | W | W | K | W |   |   | B  |
  +---+---+---+---+---+---+---+---+---+
 6  B |   |   |   | W |   |   |   | B  |
  +---+---+---+---+---+---+---+---+---+
 7    |   |   |   | W |   |   | B |    |
  +---+---+---+---+---+---+---+---+---+
 8    |   |   |   | B |   |   |   |    |
  +---+---+---+---+---+---+---+---+---+
 9    | B |   | B | B |   | W |   |    |
  +---+---+---+---+---+---+---+---+---+
Current table:

    A   B   C   D   E   F   G   H   I
  +---+---+---+---+---+---+---+---+---+
 1  B |   |   |   | B | B |   |   | B  |
  +---+---+---+---+---+---+---+---+---+
 2    |   |   |   | B |   |   |   |    |
  +---+---+---+---+---+---+---+---+---+
 3    |   |   |   | W |   |   |   |    |
  +---+---+---+---+---+---+---+---+---+
 4  B |   |   |   | W |   |   |   |    |
  +---+---+---+---+---+---+---+---+---+
 5  B |   | W | W | K | W |   |   | B  |
  +---+---+---+---+---+---+---+---+---+
 6  B |   |   |   | W |   |   |   | B  |
  +---+---+---+---+---+---+---+---+---+
 7    |   |   | B | W |   |   | B |    |
  +---+---+---+---+---+---+---+---+---+
 8    |   |   |   | B |   |   |   |    |
  +---+---+---+---+---+---+---+---+---+
 9    | B |   |   | B |   | W |   |    |
  +---+---+---+---+---+---+---+---+---+
It's your turn

Exploration recap:
- Score=0.0
- Nodes_explored=628
- Time=2.253s

Move WHITE : g9 --> i9
After my move:

    A   B   C   D   E   F   G   H   I
  +---+---+---+---+---+---+---+---+---+
 1  B |   |   |   | B | B |   |   | B  |
  +---+---+---+---+---+---+---+---+---+
 2    |   |   |   | B |   |   |   |    |
  +---+---+---+---+---+---+---+---+---+
 3    |   |   |   | W |   |   |   |    |
  +---+---+---+---+---+---+---+---+---+
 4  B |   |   |   | W |   |   |   |    |
  +---+---+---+---+---+---+---+---+---+
 5  B |   | W | W | K | W |   |   | B  |
  +---+---+---+---+---+---+---+---+---+
 6  B |   |   |   | W |   |   |   | B  |
  +---+---+---+---+---+---+---+---+---+
 7    |   |   | B | W |   |   | B |    |
  +---+---+---+---+---+---+---+---+---+
 8    |   |   |   | B |   |   |   |    |
  +---+---+---+---+---+---+---+---+---+
 9    | B |   |   | B |   |   |   | W  |
  +---+---+---+---+---+---+---+---+---+
Current table:

    A   B   C   D   E   F   G   H   I
  +---+---+---+---+---+---+---+---+---+
 1  B |   |   |   | B |   |   |   | B  |
  +---+---+---+---+---+---+---+---+---+
 2    |   |   |   | B |   |   |   |    |
  +---+---+---+---+---+---+---+---+---+
 3    |   |   |   | W | B |   |   |    |
  +---+---+---+---+---+---+---+---+---+
 4  B |   |   |   | W |   |   |   |    |
  +---+---+---+---+---+---+---+---+---+
 5  B |   | W | W | K | W |   |   | B  |
  +---+---+---+---+---+---+---+---+---+
 6  B |   |   |   | W |   |   |   | B  |
  +---+---+---+---+---+---+---+---+---+
 7    |   |   | B | W |   |   | B |    |
  +---+---+---+---+---+---+---+---+---+
 8    |   |   |   | B |   |   |   |    |
  +---+---+---+---+---+---+---+---+---+
 9    | B |   |   | B |   |   |   | W  |
  +---+---+---+---+---+---+---+---+---+
It's your turn

Exploration recap:
- Score=-0.3333333333333333
- Nodes_explored=1047
- Time=5.645s

Move WHITE : i9 --> g9
After my move:

    A   B   C   D   E   F   G   H   I
  +---+---+---+---+---+---+---+---+---+
 1  B |   |   |   | B |   |   |   | B  |
  +---+---+---+---+---+---+---+---+---+
 2    |   |   |   | B |   |   |   |    |
  +---+---+---+---+---+---+---+---+---+
 3    |   |   |   | W | B |   |   |    |
  +---+---+---+---+---+---+---+---+---+
 4  B |   |   |   | W |   |   |   |    |
  +---+---+---+---+---+---+---+---+---+
 5  B |   | W | W | K | W |   |   | B  |
  +---+---+---+---+---+---+---+---+---+
 6  B |   |   |   | W |   |   |   | B  |
  +---+---+---+---+---+---+---+---+---+
 7    |   |   | B | W |   |   | B |    |
  +---+---+---+---+---+---+---+---+---+
 8    |   |   |   | B |   |   |   |    |
  +---+---+---+---+---+---+---+---+---+
 9    | B |   |   | B |   | W |   |    |
  +---+---+---+---+---+---+---+---+---+
Current table:

    A   B   C   D   E   F   G   H   I
  +---+---+---+---+---+---+---+---+---+
 1  B |   |   |   | B |   |   |   | B  |
  +---+---+---+---+---+---+---+---+---+
 2    |   |   |   | B |   |   |   |    |
  +---+---+---+---+---+---+---+---+---+
 3    |   |   |   | W | B |   |   |    |
  +---+---+---+---+---+---+---+---+---+
 4  B |   |   |   | W |   |   |   |    |
  +---+---+---+---+---+---+---+---+---+
 5  B |   | W | W | K | W |   |   | B  |
  +---+---+---+---+---+---+---+---+---+
 6  B |   |   | B | W |   |   |   | B  |
  +---+---+---+---+---+---+---+---+---+
 7    |   |   |   | W |   |   | B |    |
  +---+---+---+---+---+---+---+---+---+
 8    |   |   |   | B |   |   |   |    |
  +---+---+---+---+---+---+---+---+---+
 9    | B |   |   | B |   | W |   |    |
  +---+---+---+---+---+---+---+---+---+
It's your turn

Exploration recap:
- Score=0.0
- Nodes_explored=723
- Time=5.562s

Move WHITE : g9 --> g1
After my move:

    A   B   C   D   E   F   G   H   I
  +---+---+---+---+---+---+---+---+---+
 1  B |   |   |   | B |   | W |   | B  |
  +---+---+---+---+---+---+---+---+---+
 2    |   |   |   | B |   |   |   |    |
  +---+---+---+---+---+---+---+---+---+
 3    |   |   |   | W | B |   |   |    |
  +---+---+---+---+---+---+---+---+---+
 4  B |   |   |   | W |   |   |   |    |
  +---+---+---+---+---+---+---+---+---+
 5  B |   | W | W | K | W |   |   | B  |
  +---+---+---+---+---+---+---+---+---+
 6  B |   |   | B | W |   |   |   | B  |
  +---+---+---+---+---+---+---+---+---+
 7    |   |   |   | W |   |   | B |    |
  +---+---+---+---+---+---+---+---+---+
 8    |   |   |   | B |   |   |   |    |
  +---+---+---+---+---+---+---+---+---+
 9    | B |   |   | B |   |   |   |    |
  +---+---+---+---+---+---+---+---+---+
Current table:

    A   B   C   D   E   F   G   H   I
  +---+---+---+---+---+---+---+---+---+
 1  B |   |   |   | B |   | W |   | B  |
  +---+---+---+---+---+---+---+---+---+
 2    |   |   |   | B |   |   |   |    |
  +---+---+---+---+---+---+---+---+---+
 3    |   |   |   | W |   | B |   |    |
  +---+---+---+---+---+---+---+---+---+
 4  B |   |   |   | W |   |   |   |    |
  +---+---+---+---+---+---+---+---+---+
 5  B |   | W | W | K | W |   |   | B  |
  +---+---+---+---+---+---+---+---+---+
 6  B |   |   | B | W |   |   |   | B  |
  +---+---+---+---+---+---+---+---+---+
 7    |   |   |   | W |   |   | B |    |
  +---+---+---+---+---+---+---+---+---+
 8    |   |   |   | B |   |   |   |    |
  +---+---+---+---+---+---+---+---+---+
 9    | B |   |   | B |   |   |   |    |
  +---+---+---+---+---+---+---+---+---+
It's your turn

Exploration recap:
- Score=0.0
- Nodes_explored=1541
- Time=3.431s

Move WHITE : g1 --> g2
After my move:

    A   B   C   D   E   F   G   H   I
  +---+---+---+---+---+---+---+---+---+
 1  B |   |   |   | B |   |   |   | B  |
  +---+---+---+---+---+---+---+---+---+
 2    |   |   |   | B |   | W |   |    |
  +---+---+---+---+---+---+---+---+---+
 3    |   |   |   | W |   | B |   |    |
  +---+---+---+---+---+---+---+---+---+
 4  B |   |   |   | W |   |   |   |    |
  +---+---+---+---+---+---+---+---+---+
 5  B |   | W | W | K | W |   |   | B  |
  +---+---+---+---+---+---+---+---+---+
 6  B |   |   | B | W |   |   |   | B  |
  +---+---+---+---+---+---+---+---+---+
 7    |   |   |   | W |   |   | B |    |
  +---+---+---+---+---+---+---+---+---+
 8    |   |   |   | B |   |   |   |    |
  +---+---+---+---+---+---+---+---+---+
 9    | B |   |   | B |   |   |   |    |
  +---+---+---+---+---+---+---+---+---+
Current table:

    A   B   C   D   E   F   G   H   I
  +---+---+---+---+---+---+---+---+---+
 1  B |   |   |   | B |   |   |   | B  |
  +---+---+---+---+---+---+---+---+---+
 2    |   |   |   | B |   | W |   |    |
  +---+---+---+---+---+---+---+---+---+
 3    |   |   |   | W |   | B |   |    |
  +---+---+---+---+---+---+---+---+---+
 4  B |   |   |   | W |   |   |   |    |
  +---+---+---+---+---+---+---+---+---+
 5  B |   | W | W | K | W |   |   | B  |
  +---+---+---+---+---+---+---+---+---+
 6  B |   |   | B | W |   |   |   |    |
  +---+---+---+---+---+---+---+---+---+
 7    |   |   |   | W |   |   | B | B  |
  +---+---+---+---+---+---+---+---+---+
 8    |   |   |   | B |   |   |   |    |
  +---+---+---+---+---+---+---+---+---+
 9    | B |   |   | B |   |   |   |    |
  +---+---+---+---+---+---+---+---+---+
It's your turn

Exploration recap:
- Score=0.0
- Nodes_explored=712
- Time=2.882s

Move WHITE : g2 --> f2
After my move:

    A   B   C   D   E   F   G   H   I
  +---+---+---+---+---+---+---+---+---+
 1  B |   |   |   | B |   |   |   | B  |
  +---+---+---+---+---+---+---+---+---+
 2    |   |   |   | B | W |   |   |    |
  +---+---+---+---+---+---+---+---+---+
 3    |   |   |   | W |   | B |   |    |
  +---+---+---+---+---+---+---+---+---+
 4  B |   |   |   | W |   |   |   |    |
  +---+---+---+---+---+---+---+---+---+
 5  B |   | W | W | K | W |   |   | B  |
  +---+---+---+---+---+---+---+---+---+
 6  B |   |   | B | W |   |   |   |    |
  +---+---+---+---+---+---+---+---+---+
 7    |   |   |   | W |   |   | B | B  |
  +---+---+---+---+---+---+---+---+---+
 8    |   |   |   | B |   |   |   |    |
  +---+---+---+---+---+---+---+---+---+
 9    | B |   |   | B |   |   |   |    |
  +---+---+---+---+---+---+---+---+---+
Current table:

    A   B   C   D   E   F   G   H   I
  +---+---+---+---+---+---+---+---+---+
 1  B |   |   |   | B |   |   |   | B  |
  +---+---+---+---+---+---+---+---+---+
 2    |   |   |   | B | W |   |   |    |
  +---+---+---+---+---+---+---+---+---+
 3    |   |   |   | W |   | B |   |    |
  +---+---+---+---+---+---+---+---+---+
 4  B |   |   |   | W |   |   |   |    |
  +---+---+---+---+---+---+---+---+---+
 5  B |   | W | W | K | W |   |   | B  |
  +---+---+---+---+---+---+---+---+---+
 6  B |   |   | B | W |   |   |   |    |
  +---+---+---+---+---+---+---+---+---+
 7    |   |   |   | W |   |   |   | B  |
  +---+---+---+---+---+---+---+---+---+
 8    |   |   |   | B |   |   |   |    |
  +---+---+---+---+---+---+---+---+---+
 9    | B |   |   | B |   |   | B |    |
  +---+---+---+---+---+---+---+---+---+
It's your turn

Exploration recap:
- Score=0.0
- Nodes_explored=735
- Time=2.673s

Move WHITE : f5 --> f8
After my move:

    A   B   C   D   E   F   G   H   I
  +---+---+---+---+---+---+---+---+---+
 1  B |   |   |   | B |   |   |   | B  |
  +---+---+---+---+---+---+---+---+---+
 2    |   |   |   | B | W |   |   |    |
  +---+---+---+---+---+---+---+---+---+
 3    |   |   |   | W |   | B |   |    |
  +---+---+---+---+---+---+---+---+---+
 4  B |   |   |   | W |   |   |   |    |
  +---+---+---+---+---+---+---+---+---+
 5  B |   | W | W | K |   |   |   | B  |
  +---+---+---+---+---+---+---+---+---+
 6  B |   |   | B | W |   |   |   |    |
  +---+---+---+---+---+---+---+---+---+
 7    |   |   |   | W |   |   |   | B  |
  +---+---+---+---+---+---+---+---+---+
 8    |   |   |   | B | W |   |   |    |
  +---+---+---+---+---+---+---+---+---+
 9    | B |   |   | B |   |   | B |    |
  +---+---+---+---+---+---+---+---+---+
Current table:

    A   B   C   D   E   F   G   H   I
  +---+---+---+---+---+---+---+---+---+
 1  B |   |   |   | B |   |   |   | B  |
  +---+---+---+---+---+---+---+---+---+
 2    |   |   |   | B | W |   |   |    |
  +---+---+---+---+---+---+---+---+---+
 3    |   |   |   | W |   | B |   |    |
  +---+---+---+---+---+---+---+---+---+
 4  B |   |   |   | W |   |   |   |    |
  +---+---+---+---+---+---+---+---+---+
 5  B |   | W | W | K |   |   |   | B  |
  +---+---+---+---+---+---+---+---+---+
 6  B |   |   | B | W |   |   |   |    |
  +---+---+---+---+---+---+---+---+---+
 7    |   |   |   | W |   |   |   | B  |
  +---+---+---+---+---+---+---+---+---+
 8    |   |   | B |   | W |   |   |    |
  +---+---+---+---+---+---+---+---+---+
 9    | B |   |   | B |   |   | B |    |
  +---+---+---+---+---+---+---+---+---+
It's your turn

Exploration recap:
- Score=0.0
- Nodes_explored=198
- Time=2.726s

Move KING : e5 --> g5
After my move:

    A   B   C   D   E   F   G   H   I
  +---+---+---+---+---+---+---+---+---+
 1  B |   |   |   | B |   |   |   | B  |
  +---+---+---+---+---+---+---+---+---+
 2    |   |   |   | B | W |   |   |    |
  +---+---+---+---+---+---+---+---+---+
 3    |   |   |   | W |   | B |   |    |
  +---+---+---+---+---+---+---+---+---+
 4  B |   |   |   | W |   |   |   |    |
  +---+---+---+---+---+---+---+---+---+
 5  B |   | W | W | T |   | K |   | B  |
  +---+---+---+---+---+---+---+---+---+
 6  B |   |   | B | W |   |   |   |    |
  +---+---+---+---+---+---+---+---+---+
 7    |   |   |   | W |   |   |   | B  |
  +---+---+---+---+---+---+---+---+---+
 8    |   |   | B |   | W |   |   |    |
  +---+---+---+---+---+---+---+---+---+
 9    | B |   |   | B |   |   | B |    |
  +---+---+---+---+---+---+---+---+---+
Current table:

    A   B   C   D   E   F   G   H   I
  +---+---+---+---+---+---+---+---+---+
 1  B |   |   |   | B |   |   |   | B  |
  +---+---+---+---+---+---+---+---+---+
 2    |   |   |   | B | W |   |   |    |
  +---+---+---+---+---+---+---+---+---+
 3    |   |   |   | W |   | B |   |    |
  +---+---+---+---+---+---+---+---+---+
 4  B |   |   |   | W |   |   |   |    |
  +---+---+---+---+---+---+---+---+---+
 5  B |   | W | W | T |   | K |   | B  |
  +---+---+---+---+---+---+---+---+---+
 6  B |   |   | B | W |   |   |   |    |
  +---+---+---+---+---+---+---+---+---+
 7    |   |   |   | W |   |   |   |    |
  +---+---+---+---+---+---+---+---+---+
 8    |   |   | B |   | W |   |   | B  |
  +---+---+---+---+---+---+---+---+---+
 9    | B |   |   | B |   |   | B |    |
  +---+---+---+---+---+---+---+---+---+
It's your turn

Exploration recap:
- Score=0.3333333333333333
- Nodes_explored=2024
- Time=28.505s

Move KING : g5 --> g9
After my move:

    A   B   C   D   E   F   G   H   I
  +---+---+---+---+---+---+---+---+---+
 1  B |   |   |   | B |   |   |   | B  |
  +---+---+---+---+---+---+---+---+---+
 2    |   |   |   | B | W |   |   |    |
  +---+---+---+---+---+---+---+---+---+
 3    |   |   |   | W |   | B |   |    |
  +---+---+---+---+---+---+---+---+---+
 4  B |   |   |   | W |   |   |   |    |
  +---+---+---+---+---+---+---+---+---+
 5  B |   | W | W | T |   |   |   | B  |
  +---+---+---+---+---+---+---+---+---+
 6  B |   |   | B | W |   |   |   |    |
  +---+---+---+---+---+---+---+---+---+
 7    |   |   |   | W |   |   |   |    |
  +---+---+---+---+---+---+---+---+---+
 8    |   |   | B |   | W |   |   | B  |
  +---+---+---+---+---+---+---+---+---+
 9    | B |   |   | B |   | K | B |    |
  +---+---+---+---+---+---+---+---+---+
Current table:

    A   B   C   D   E   F   G   H   I
  +---+---+---+---+---+---+---+---+---+
 1  B |   |   |   | B |   |   |   | B  |
  +---+---+---+---+---+---+---+---+---+
 2    |   |   |   | B | W |   |   |    |
  +---+---+---+---+---+---+---+---+---+
 3    |   |   |   | W |   | B |   |    |
  +---+---+---+---+---+---+---+---+---+
 4  B |   |   |   | W |   |   |   |    |
  +---+---+---+---+---+---+---+---+---+
 5  B |   | W | W | T |   |   |   | B  |
  +---+---+---+---+---+---+---+---+---+
 6  B |   |   | B | W |   |   |   |    |
  +---+---+---+---+---+---+---+---+---+
 7    |   |   |   | W |   |   |   |    |
  +---+---+---+---+---+---+---+---+---+
 8    |   |   | B |   | W |   |   | B  |
  +---+---+---+---+---+---+---+---+---+
 9    | B |   |   | B |   | K | B |    |
  +---+---+---+---+---+---+---+---+---+
WHITE wins!
