Connected to the server 127.0.0.1:5800
Current table:

    A   B   C   D   E   F   G   H   I
  +---+---+---+---+---+---+---+---+---+
 1    |   |   | B | B | B |   |   |    |
  +---+---+---+---+---+---+---+---+---+
 2    |   |   |   | B |   |   |   |    |
  +---+---+---+---+---+---+---+---+---+
 3    |   |   |   | W |   |   |   |    |
  +---+---+---+---+---+---+---+---+---+
 4  B |   |   |   | W |   |   |   | B  |
  +---+---+---+---+---+---+---+---+---+
 5  B | B | W | W | K | W | W | B | B  |
  +---+---+---+---+---+---+---+---+---+
 6  B |   |   |   | W |   |   |   | B  |
  +---+---+---+---+---+---+---+---+---+
 7    |   |   |   | W |   |   |   |    |
  +---+---+---+---+---+---+---+---+---+
 8    |   |   |   | B |   |   |   |    |
  +---+---+---+---+---+---+---+---+---+
 9    |   |   | B | B | B |   |   |    |
  +---+---+---+---+---+---+---+---+---+
It's your turn

Exploration recap:
- Score=-4.666666666666667
- Nodes_explored=265
- Time=1.745s

Move WHITE : g5 --> g9
After my move:

    A   B   C   D   E   F   G   H   I
  +---+---+---+---+---+---+---+---+---+
 1    |   |   | B | B | B |   |   |    |
  +---+---+---+---+---+---+---+---+---+
 2    |   |   |   | B |   |   |   |    |
  +---+---+---+---+---+---+---+---+---+
 3    |   |   |   | W |   |   |   |    |
  +---+---+---+---+---+---+---+---+---+
 4  B |   |   |   | W |   |   |   | B  |
  +---+---+---+---+---+---+---+---+---+
 5  B | B | W | W | K | W |   | B | B  |
  +---+---+---+---+---+---+---+---+---+
 6  B |   |   |   | W |   |   |   | B  |
  +---+---+---+---+---+---+---+---+---+
 7    |   |   |   | W |   |   |   |    |
  +---+---+---+---+---+---+---+---+---+
 8    |   |   |   | B |   |   |   |    |
  +---+---+---+---+---+---+---+---+---+
 9    |   |   | B | B | B | W |   |    |
  +---+---+---+---+---+---+---+---+---+
Current table:

    A   B   C   D   E   F   G   H   I
  +---+---+---+---+---+---+---+---+---+
 1    |   |   | B | B | B |   |   |    |
  +---+---+---+---+---+---+---+---+---+
 2    |   |   |   | B |   |   |   |    |
  +---+---+---+---+---+---+---+---+---+
 3    |   |   |   | W |   |   |   |    |
  +---+---+---+---+---+---+---+---+---+
 4  B |   |   |   | W |   |   |   | B  |
  +---+---+---+---+---+---+---+---+---+
 5  B | B | W | W | K | W |   | B | B  |
  +---+---+---+---+---+---+---+---+---+
 6  B |   |   |   | W |   |   |   | B  |
  +---+---+---+---+---+---+---+---+---+
 7    |   |   |   | W |   |   |   |    |
  +---+---+---+---+---+---+---+---+---+
 8    |   |   | B |   |   |   |   |    |
  +---+---+---+---+---+---+---+---+---+
 9    |   |   | B | B | B | W |   |    |
  +---+---+---+---+---+---+---+---+---+
It's your turn

Exploration recap:
- Score=-4.666666666666667
- Nodes_explored=253
- Time=1.717s

Move WHITE : g9 --> g1
After my move:

    A   B   C   D   E   F   G   H   I
  +---+---+---+---+---+---+---+---+---+
 1    |   |   | B | B | B | W |   |    |
  +---+---+---+---+---+---+---+---+---+
 2    |   |   |   | B |   |   |   |    |
  +---+---+---+---+---+---+---+---+---+
 3    |   |   |   | W |   |   |   |    |
  +---+---+---+---+---+---+---+---+---+
 4  B |   |   |   | W |   |   |   | B  |
  +---+---+---+---+---+---+---+---+---+
 5  B | B | W | W | K | W |   | B | B  |
  +---+---+---+---+---+---+---+---+---+
 6  B |   |   |   | W |   |   |   | B  |
  +---+---+---+---+---+---+---+---+---+
 7    |   |   |   | W |   |   |   |    |
  +---+---+---+---+---+---+---+---+---+
 8    |   |   | B |   |   |   |   |    |
  +---+---+---+---+---+---+---+---+---+
 9    |   |   | B | B | B |   |   |    |
  +---+---+---+---+---+---+---+---+---+
Current table:

    A   B   C   D   E   F   G   H   I
  +---+---+---+---+---+---+---+---+---+
 1    |   |   | B | B | B | W |   |    |
  +---+---+---+---+---+---+---+---+---+
 2    | B |   |   |   |   |   |   |    |
  +---+---+---+---+---+---+---+---+---+
 3    |   |   |   | W |   |   |   |    |
  +---+---+---+---+---+---+---+---+---+
 4  B |   |   |   | W |   |   |   | B  |
  +---+---+---+---+---+---+---+---+---+
 5  B | B | W | W | K | W |   | B | B  |
  +---+---+---+---+---+---+---+---+---+
 6  B |   |   |   | W |   |   |   | B  |
  +---+---+---+---+---+---+---+---+---+
 7    |   |   |   | W |   |   |   |    |
  +---+---+---+---+---+---+---+---+---+
 8    |   |   | B |   |   |   |   |    |
  +---+---+---+---+---+---+---+---+---+
 9    |   |   | B | B | B |   |   |    |
  +---+---+---+---+---+---+---+---+---+
It's your turn

Exploration recap:
- Score=-4.666666666666667
- Nodes_explored=245
- Time=1.665s

Move WHITE : g1 --> g9
After my move:

    A   B   C   D   E   F   G   H   I
  +---+---+---+---+---+---+---+---+---+
 1    |   |   | B | B | B |   |   |    |
  +---+---+---+---+---+---+---+---+---+
 2    | B |   |   |   |   |   |   |    |
  +---+---+---+---+---+---+---+---+---+
 3    |   |   |   | W |   |   |   |    |
  +---+---+---+---+---+---+---+---+---+
 4  B |   |   |   | W |   |   |   | B  |
  +---+---+---+---+---+---+---+---+---+
 5  B | B | W | W | K | W |   | B | B  |
  +---+---+---+---+---+---+---+---+---+
 6  B |   |   |   | W |   |   |   | B  |
  +---+---+---+---+---+---+---+---+---+
 7    |   |   |   | W |   |   |   |    |
  +---+---+---+---+---+---+---+---+---+
 8    |   |   | B |   |   |   |   |    |
  +---+---+---+---+---+---+---+---+---+
 9    |   |   | B | B | B | W |   |    |
  +---+---+---+---+---+---+---+---+---+
Current table:

    A   B   C   D   E   F   G   H   I
  +---+---+---+---+---+---+---+---+---+
 1    |   |   | B | B | B |   |   |    |
  +---+---+---+---+---+---+---+---+---+
 2    | B |   |   |   |   |   |   |    |
  +---+---+---+---+---+---+---+---+---+
 3    |   |   |   | W |   |   |   |    |
  +---+---+---+---+---+---+---+---+---+
 4  B |   |   |   | W |   |   |   | B  |
  +---+---+---+---+---+---+---+---+---+
 5  B | B | W | W | K | W |   |   | B  |
  +---+---+---+---+---+---+---+---+---+
 6  B |   |   |   | W |   |   |   | B  |
  +---+---+---+---+---+---+---+---+---+
 7    |   |   |   | W |   |   |   |    |
  +---+---+---+---+---+---+---+---+---+
 8    |   |   | B |   |   |   |   |    |
  +---+---+---+---+---+---+---+---+---+
 9    |   |   | B | B | B |   | B |    |
  +---+---+---+---+---+---+---+---+---+
It's your turn

Exploration recap:
- Score=-4.666666666666667
- Nodes_explored=219
- Time=1.511s

Move WHITE : e7 --> a7
After my move:

    A   B   C   D   E   F   G   H   I
  +---+---+---+---+---+---+---+---+---+
 1    |   |   | B | B | B |   |   |    |
  +---+---+---+---+---+---+---+---+---+
 2    | B |   |   |   |   |   |   |    |
  +---+---+---+---+---+---+---+---+---+
 3    |   |   |   | W |   |   |   |    |
  +---+---+---+---+---+---+---+---+---+
 4  B |   |   |   | W |   |   |   | B  |
  +---+---+---+---+---+---+---+---+---+
 5  B | B | W | W | K | W |   |   | B  |
  +---+---+---+---+---+---+---+---+---+
 6  B |   |   |   | W |   |   |   | B  |
  +---+---+---+---+---+---+---+---+---+
 7  W |   |   |   |   |   |   |   |    |
  +---+---+---+---+---+---+---+---+---+
 8    |   |   | B |   |   |   |   |    |
  +---+---+---+---+---+---+---+---+---+
 9    |   |   | B | B | B |   | B |    |
  +---+---+---+---+---+---+---+---+---+
Current table:

    A   B   C   D   E   F   G   H   I
  +---+---+---+---+---+---+---+---+---+
 1    |   |   | B | B | B |   |   |    |
  +---+---+---+---+---+---+---+---+---+
 2    | B |   |   |   |   |   |   |    |
  +---+---+---+---+---+---+---+---+---+
 3    |   |   |   | W |   |   |   |    |
  +---+---+---+---+---+---+---+---+---+
 4  B | B |   |   | W |   |   |   | B  |
  +---+---+---+---+---+---+---+---+---+
 5  B |   | W | W | K | W |   |   | B  |
  +---+---+---+---+---+---+---+---+---+
 6  B |   |   |   | W |   |   |   | B  |
  +---+---+---+---+---+---+---+---+---+
 7  W |   |   |   |   |   |   |   |    |
  +---+---+---+---+---+---+---+---+---+
 8    |   |   | B |   |   |   |   |    |
  +---+---+---+---+---+---+---+---+---+
 9    |   |   | B | B | B |   | B |    |
  +---+---+---+---+---+---+---+---+---+
It's your turn

Exploration recap:
- Score=-4.666666666666667
- Nodes_explored=211
- Time=1.496s

Move WHITE : e4 --> c4
After my move:

    A   B   C   D   E   F   G   H   I
  +---+---+---+---+---+---+---+---+---+
 1    |   |   | B | B | B |   |   |    |
  +---+---+---+---+---+---+---+---+---+
 2    | B |   |   |   |   |   |   |    |
  +---+---+---+---+---+---+---+---+---+
 3    |   |   |   | W |   |   |   |    |
  +---+---+---+---+---+---+---+---+---+
 4  B |   | W |   |   |   |   |   | B  |
  +---+---+---+---+---+---+---+---+---+
 5  B |   | W | W | K | W |   |   | B  |
  +---+---+---+---+---+---+---+---+---+
 6  B |   |   |   | W |   |   |   | B  |
  +---+---+---+---+---+---+---+---+---+
 7  W |   |   |   |   |   |   |   |    |
  +---+---+---+---+---+---+---+---+---+
 8    |   |   | B |   |   |   |   |    |
  +---+---+---+---+---+---+---+---+---+
 9    |   |   | B | B | B |   | B |    |
  +---+---+---+---+---+---+---+---+---+
Current table:

    A   B   C   D   E   F   G   H   I
  +---+---+---+---+---+---+---+---+---+
 1    |   |   | B | B |   |   |   |    |
  +---+---+---+---+---+---+---+---+---+
 2    | B |   |   |   |   |   |   |    |
  +---+---+---+---+---+---+---+---+---+
 3    |   |   |   | W |   |   |   |    |
  +---+---+---+---+---+---+---+---+---+
 4  B |   | W |   |   | B |   |   | B  |
  +---+---+---+---+---+---+---+---+---+
 5  B |   | W | W | K | W |   |   | B  |
  +---+---+---+---+---+---+---+---+---+
 6  B |   |   |   | W |   |   |   | B  |
  +---+---+---+---+---+---+---+---+---+
 7  W |   |   |   |   |   |   |   |    |
  +---+---+---+---+---+---+---+---+---+
 8    |   |   | B |   |   |   |   |    |
  +---+---+---+---+---+---+---+---+---+
 9    |   |   | B | B | B |   | B |    |
  +---+---+---+---+---+---+---+---+---+
It's your turn

Exploration recap:
- Score=-4.333333333333333
- Nodes_explored=199
- Time=1.488s

Move WHITE : e3 --> a3
After my move:

    A   B   C   D   E   F   G   H   I
  +---+---+---+---+---+---+---+---+---+
 1    |   |   | B | B |   |   |   |    |
  +---+---+---+---+---+---+---+---+---+
 2    | B |   |   |   |   |   |   |    |
  +---+---+---+---+---+---+---+---+---+
 3  W |   |   |   |   |   |   |   |    |
  +---+---+---+---+---+---+---+---+---+
 4  B |   | W |   |   | B |   |   | B  |
  +---+---+---+---+---+---+---+---+---+
 5  B |   | W | W | K | W |   |   | B  |
  +---+---+---+---+---+---+---+---+---+
 6  B |   |   |   | W |   |   |   | B  |
  +---+---+---+---+---+---+---+---+---+
 7  W |   |   |   |   |   |   |   |    |
  +---+---+---+---+---+---+---+---+---+
 8    |   |   | B |   |   |   |   |    |
  +---+---+---+---+---+---+---+---+---+
 9    |   |   | B | B | B |   | B |    |
  +---+---+---+---+---+---+---+---+---+
Current table:

    A   B   C   D   E   F   G   H   I
  +---+---+---+---+---+---+---+---+---+
 1    |   |   | B | B |   |   |   |    |
  +---+---+---+---+---+---+---+---+---+
 2    | B |   |   |   |   |   |   |    |
  +---+---+---+---+---+---+---+---+---+
 3  W |   |   |   |   |   |   |   |    |
  +---+---+---+---+---+---+---+---+---+
 4  B |   | W |   | B |   |   |   | B  |
  +---+---+---+---+---+---+---+---+---+
 5  B |   | W | W | K | W |   |   | B  |
  +---+---+---+---+---+---+---+---+---+
 6  B |   |   |   | W |   |   |   | B  |
  +---+---+---+---+---+---+---+---+---+
 7  W |   |   |   |   |   |   |   |    |
  +---+---+---+---+---+---+---+---+---+
 8    |   |   | B |   |   |   |   |    |
  +---+---+---+---+---+---+---+---+---+
 9    |   |   | B | B | B |   | B |    |
  +---+---+---+---+---+---+---+---+---+
It's your turn

Exploration recap:
- Score=-4.333333333333333
- Nodes_explored=195
- Time=1.518s

Move WHITE : d5 --> d7
After my move:

    A   B   C   D   E   F   G   H   I
  +---+---+---+---+---+---+---+---+---+
 1    |   |   | B | B |   |   |   |    |
  +---+---+---+---+---+---+---+---+---+
 2    | B |   |   |   |   |   |   |    |
  +---+---+---+---+---+---+---+---+---+
 3  W |   |   |   |   |   |   |   |    |
  +---+---+---+---+---+---+---+---+---+
 4  B |   | W |   | B |   |   |   | B  |
  +---+---+---+---+---+---+---+---+---+
 5  B |   | W |   | K | W |   |   | B  |
  +---+---+---+---+---+---+---+---+---+
 6  B |   |   |   | W |   |   |   | B  |
  +---+---+---+---+---+---+---+---+---+
 7  W |   |   | W |   |   |   |   |    |
  +---+---+---+---+---+---+---+---+---+
 8    |   |   |   |   |   |   |   |    |
  +---+---+---+---+---+---+---+---+---+
 9    |   |   | B | B | B |   | B |    |
  +---+---+---+---+---+---+---+---+---+
Current table:

    A   B   C   D   E   F   G   H   I
  +---+---+---+---+---+---+---+---+---+
 1    |   |   | B | B |   |   |   |    |
  +---+---+---+---+---+---+---+---+---+
 2    | B |   |   |   |   |   |   |    |
  +---+---+---+---+---+---+---+---+---+
 3  W |   |   |   |   |   |   |   |    |
  +---+---+---+---+---+---+---+---+---+
 4  B |   | W |   | B |   |   |   | B  |
  +---+---+---+---+---+---+---+---+---+
 5  B |   | W |   | K | W |   |   | B  |
  +---+---+---+---+---+---+---+---+---+
 6  B |   |   |   | W |   |   |   | B  |
  +---+---+---+---+---+---+---+---+---+
 7  W |   |   | W |   |   |   |   |    |
  +---+---+---+---+---+---+---+---+---+
 8    |   |   | B |   |   |   |   |    |
  +---+---+---+---+---+---+---+---+---+
 9    |   |   |   | B | B |   | B |    |
  +---+---+---+---+---+---+---+---+---+
It's your turn

Exploration recap:
- Score=-4.0
- Nodes_explored=195
- Time=1.692s

Move WHITE : d7 --> i7
After my move:

    A   B   C   D   E   F   G   H   I
  +---+---+---+---+---+---+---+---+---+
 1    |   |   | B | B |   |   |   |    |
  +---+---+---+---+---+---+---+---+---+
 2    | B |   |   |   |   |   |   |    |
  +---+---+---+---+---+---+---+---+---+
 3  W |   |   |   |   |   |   |   |    |
  +---+---+---+---+---+---+---+---+---+
 4  B |   | W |   | B |   |   |   | B  |
  +---+---+---+---+---+---+---+---+---+
 5  B |   | W |   | K | W |   |   | B  |
  +---+---+---+---+---+---+---+---+---+
 6  B |   |   |   | W |   |   |   | B  |
  +---+---+---+---+---+---+---+---+---+
 7  W |   |   |   |   |   |   |   | W  |
  +---+---+---+---+---+---+---+---+---+
 8    |   |   | B |   |   |   |   |    |
  +---+---+---+---+---+---+---+---+---+
 9    |   |   |   | B | B |   | B |    |
  +---+---+---+---+---+---+---+---+---+
Current table:

    A   B   C   D   E   F   G   H   I
  +---+---+---+---+---+---+---+---+---+
 1    |   |   | B | B |   |   |   |    |
  +---+---+---+---+---+---+---+---+---+
 2    | B |   |   |   |   |   |   |    |
  +---+---+---+---+---+---+---+---+---+
 3  W |   |   |   |   |   |   |   |    |
  +---+---+---+---+---+---+---+---+---+
 4  B |   | W |   | B |   | B |   |    |
  +---+---+---+---+---+---+---+---+---+
 5  B |   | W |   | K | W |   |   | B  |
  +---+---+---+---+---+---+---+---+---+
 6  B |   |   |   | W |   |   |   | B  |
  +---+---+---+---+---+---+---+---+---+
 7  W |   |   |   |   |   |   |   | W  |
  +---+---+---+---+---+---+---+---+---+
 8    |   |   | B |   |   |   |   |    |
  +---+---+---+---+---+---+---+---+---+
 9    |   |   |   | B | B |   | B |    |
  +---+---+---+---+---+---+---+---+---+
It's your turn

Exploration recap:
- Score=-4.0
- Nodes_explored=213
- Time=1.631s

Move WHITE : i7 --> d7
After my move:

    A   B   C   D   E   F   G   H   I
  +---+---+---+---+---+---+---+---+---+
 1    |   |   | B | B |   |   |   |    |
  +---+---+---+---+---+---+---+---+---+
 2    | B |   |   |   |   |   |   |    |
  +---+---+---+---+---+---+---+---+---+
 3  W |   |   |   |   |   |   |   |    |
  +---+---+---+---+---+---+---+---+---+
 4  B |   | W |   | B |   | B |   |    |
  +---+---+---+---+---+---+---+---+---+
 5  B |   | W |   | K | W |   |   | B  |
  +---+---+---+---+---+---+---+---+---+
 6  B |   |   |   | W |   |   |   | B  |
  +---+---+---+---+---+---+---+---+---+
 7  W |   |   | W |   |   |   |   |    |
  +---+---+---+---+---+---+---+---+---+
 8    |   |   |   |   |   |   |   |    |
  +---+---+---+---+---+---+---+---+---+
 9    |   |   |   | B | B |   | B |    |
  +---+---+---+---+---+---+---+---+---+
Current table:

    A   B   C   D   E   F   G   H   I
  +---+---+---+---+---+---+---+---+---+
 1    |   |   | B | B |   |   |   |    |
  +---+---+---+---+---+---+---+---+---+
 2    | B |   |   |   |   |   |   |    |
  +---+---+---+---+---+---+---+---+---+
 3  W |   |   |   |   |   |   |   |    |
  +---+---+---+---+---+---+---+---+---+
 4  B |   | W |   | B |   | B |   |    |
  +---+---+---+---+---+---+---+---+---+
 5  B |   | W |   | K | W |   |   | B  |
  +---+---+---+---+---+---+---+---+---+
 6  B |   |   |   | W | B |   |   | B  |
  +---+---+---+---+---+---+---+---+---+
 7  W |   |   | W |   |   |   |   |    |
  +---+---+---+---+---+---+---+---+---+
 8    |   |   |   |   |   |   |   |    |
  +---+---+---+---+---+---+---+---+---+
 9    |   |   |   | B |   |   | B |    |
  +---+---+---+---+---+---+---+---+---+
It's your turn

Exploration recap:
- Score=-3.6666666666666665
- Nodes_explored=183
- Time=1.498s

Move WHITE : d7 --> i7
After my move:

    A   B   C   D   E   F   G   H   I
  +---+---+---+---+---+---+---+---+---+
 1    |   |   | B | B |   |   |   |    |
  +---+---+---+---+---+---+---+---+---+
 2    | B |   |   |   |   |   |   |    |
  +---+---+---+---+---+---+---+---+---+
 3  W |   |   |   |   |   |   |   |    |
  +---+---+---+---+---+---+---+---+---+
 4  B |   | W |   | B |   | B |   |    |
  +---+---+---+---+---+---+---+---+---+
 5  B |   | W |   | K | W |   |   | B  |
  +---+---+---+---+---+---+---+---+---+
 6  B |   |   |   | W | B |   |   | B  |
  +---+---+---+---+---+---+---+---+---+
 7  W |   |   |   |   |   |   |   | W  |
  +---+---+---+---+---+---+---+---+---+
 8    |   |   |   |   |   |   |   |    |
  +---+---+---+---+---+---+---+---+---+
 9    |   |   |   | B |   |   | B |    |
  +---+---+---+---+---+---+---+---+---+
Current table:

    A   B   C   D   E   F   G   H   I
  +---+---+---+---+---+---+---+---+---+
 1    |   |   | B | B |   |   |   |    |
  +---+---+---+---+---+---+---+---+---+
 2    | B |   |   |   |   |   |   |    |
  +---+---+---+---+---+---+---+---+---+
 3  W |   |   |   |   |   |   |   |    |
  +---+---+---+---+---+---+---+---+---+
 4  B |   | W |   | B |   | B |   |    |
  +---+---+---+---+---+---+---+---+---+
 5  B |   | W |   | K | W |   |   | B  |
  +---+---+---+---+---+---+---+---+---+
 6    | B |   |   | W | B |   |   | B  |
  +---+---+---+---+---+---+---+---+---+
 7  W |   |   |   |   |   |   |   | W  |
  +---+---+---+---+---+---+---+---+---+
 8    |   |   |   |   |   |   |   |    |
  +---+---+---+---+---+---+---+---+---+
 9    |   |   |   | B |   |   | B |    |
  +---+---+---+---+---+---+---+---+---+
It's your turn

Exploration recap:
- Score=-3.6666666666666665
- Nodes_explored=185
- Time=1.429s

Move WHITE : i7 --> b7
After my move:

    A   B   C   D   E   F   G   H   I
  +---+---+---+---+---+---+---+---+---+
 1    |   |   | B | B |   |   |   |    |
  +---+---+---+---+---+---+---+---+---+
 2    | B |   |   |   |   |   |   |    |
  +---+---+---+---+---+---+---+---+---+
 3  W |   |   |   |   |   |   |   |    |
  +---+---+---+---+---+---+---+---+---+
 4  B |   | W |   | B |   | B |   |    |
  +---+---+---+---+---+---+---+---+---+
 5  B |   | W |   | K | W |   |   | B  |
  +---+---+---+---+---+---+---+---+---+
 6    |   |   |   | W | B |   |   | B  |
  +---+---+---+---+---+---+---+---+---+
 7  W | W |   |   |   |   |   |   |    |
  +---+---+---+---+---+---+---+---+---+
 8    |   |   |   |   |   |   |   |    |
  +---+---+---+---+---+---+---+---+---+
 9    |   |   |   | B |   |   | B |    |
  +---+---+---+---+---+---+---+---+---+
Current table:

    A   B   C   D   E   F   G   H   I
  +---+---+---+---+---+---+---+---+---+
 1    |   |   | B | B |   |   |   |    |
  +---+---+---+---+---+---+---+---+---+
 2    | B |   |   |   |   |   |   |    |
  +---+---+---+---+---+---+---+---+---+
 3  W |   |   |   |   |   |   |   |    |
  +---+---+---+---+---+---+---+---+---+
 4  B |   | W |   | B | B |   |   |    |
  +---+---+---+---+---+---+---+---+---+
 5  B |   | W |   | K |   |   |   | B  |
  +---+---+---+---+---+---+---+---+---+
 6    |   |   |   | W | B |   |   | B  |
  +---+---+---+---+---+---+---+---+---+
 7  W | W |   |   |   |   |   |   |    |
  +---+---+---+---+---+---+---+---+---+
 8    |   |   |   |   |   |   |   |    |
  +---+---+---+---+---+---+---+---+---+
 9    |   |   |   | B |   |   | B |    |
  +---+---+---+---+---+---+---+---+---+
It's your turn

Exploration recap:
- Score=-3.3333333333333335
- Nodes_explored=158
- Time=1.377s

Move WHITE : c4 --> c1
After my move:

    A   B   C   D   E   F   G   H   I
  +---+---+---+---+---+---+---+---+---+
 1    |   | W | B | B |   |   |   |    |
  +---+---+---+---+---+---+---+---+---+
 2    | B |   |   |   |   |   |   |    |
  +---+---+---+---+---+---+---+---+---+
 3  W |   |   |   |   |   |   |   |    |
  +---+---+---+---+---+---+---+---+---+
 4  B |   |   |   | B | B |   |   |    |
  +---+---+---+---+---+---+---+---+---+
 5  B |   | W |   | K |   |   |   | B  |
  +---+---+---+---+---+---+---+---+---+
 6    |   |   |   | W | B |   |   | B  |
  +---+---+---+---+---+---+---+---+---+
 7  W | W |   |   |   |   |   |   |    |
  +---+---+---+---+---+---+---+---+---+
 8    |   |   |   |   |   |   |   |    |
  +---+---+---+---+---+---+---+---+---+
 9    |   |   |   | B |   |   | B |    |
  +---+---+---+---+---+---+---+---+---+
Current table:

    A   B   C   D   E   F   G   H   I
  +---+---+---+---+---+---+---+---+---+
 1    |   | W | B | B |   |   |   |    |
  +---+---+---+---+---+---+---+---+---+
 2  B |   |   |   |   |   |   |   |    |
  +---+---+---+---+---+---+---+---+---+
 3    |   |   |   |   |   |   |   |    |
  +---+---+---+---+---+---+---+---+---+
 4  B |   |   |   | B | B |   |   |    |
  +---+---+---+---+---+---+---+---+---+
 5  B |   | W |   | K |   |   |   | B  |
  +---+---+---+---+---+---+---+---+---+
 6    |   |   |   | W | B |   |   | B  |
  +---+---+---+---+---+---+---+---+---+
 7  W | W |   |   |   |   |   |   |    |
  +---+---+---+---+---+---+---+---+---+
 8    |   |   |   |   |   |   |   |    |
  +---+---+---+---+---+---+---+---+---+
 9    |   |   |   | B |   |   | B |    |
  +---+---+---+---+---+---+---+---+---+
It's your turn

Exploration recap:
- Score=-3.6666666666666665
- Nodes_explored=349
- Time=1.857s

Move KING : e5 --> d5
After my move:

    A   B   C   D   E   F   G   H   I
  +---+---+---+---+---+---+---+---+---+
 1    |   | W | B | B |   |   |   |    |
  +---+---+---+---+---+---+---+---+---+
 2  B |   |   |   |   |   |   |   |    |
  +---+---+---+---+---+---+---+---+---+
 3    |   |   |   |   |   |   |   |    |
  +---+---+---+---+---+---+---+---+---+
 4  B |   |   |   | B | B |   |   |    |
  +---+---+---+---+---+---+---+---+---+
 5  B |   | W | K | T |   |   |   | B  |
  +---+---+---+---+---+---+---+---+---+
 6    |   |   |   | W | B |   |   | B  |
  +---+---+---+---+---+---+---+---+---+
 7  W | W |   |   |   |   |   |   |    |
  +---+---+---+---+---+---+---+---+---+
 8    |   |   |   |   |   |   |   |    |
  +---+---+---+---+---+---+---+---+---+
 9    |   |   |   | B |   |   | B |    |
  +---+---+---+---+---+---+---+---+---+
Current table:

    A   B   C   D   E   F   G   H   I
  +---+---+---+---+---+---+---+---+---+
 1    |   | W | B | B |   |   |   |    |
  +---+---+---+---+---+---+---+---+---+
 2  B |   |   |   |   |   |   |   |    |
  +---+---+---+---+---+---+---+---+---+
 3  B |   |   |   |   |   |   |   |    |
  +---+---+---+---+---+---+---+---+---+
 4    |   |   |   | B | B |   |   |    |
  +---+---+---+---+---+---+---+---+---+
 5  B |   | W | K | T |   |   |   | B  |
  +---+---+---+---+---+---+---+---+---+
 6    |   |   |   | W | B |   |   | B  |
  +---+---+---+---+---+---+---+---+---+
 7  W | W |   |   |   |   |   |   |    |
  +---+---+---+---+---+---+---+---+---+
 8    |   |   |   |   |   |   |   |    |
  +---+---+---+---+---+---+---+---+---+
 9    |   |   |   | B |   |   | B |    |
  +---+---+---+---+---+---+---+---+---+
It's your turn

Exploration recap:
- Score=-3.6666666666666665
- Nodes_explored=373
- Time=1.975s

Move KING : d5 --> d8
After my move:

    A   B   C   D   E   F   G   H   I
  +---+---+---+---+---+---+---+---+---+
 1    |   | W | B | B |   |   |   |    |
  +---+---+---+---+---+---+---+---+---+
 2  B |   |   |   |   |   |   |   |    |
  +---+---+---+---+---+---+---+---+---+
 3  B |   |   |   |   |   |   |   |    |
  +---+---+---+---+---+---+---+---+---+
 4    |   |   |   | B | B |   |   |    |
  +---+---+---+---+---+---+---+---+---+
 5  B |   | W |   | T |   |   |   | B  |
  +---+---+---+---+---+---+---+---+---+
 6    |   |   |   | W | B |   |   | B  |
  +---+---+---+---+---+---+---+---+---+
 7  W | W |   |   |   |   |   |   |    |
  +---+---+---+---+---+---+---+---+---+
 8    |   |   | K |   |   |   |   |    |
  +---+---+---+---+---+---+---+---+---+
 9    |   |   |   | B |   |   | B |    |
  +---+---+---+---+---+---+---+---+---+
Current table:

    A   B   C   D   E   F   G   H   I
  +---+---+---+---+---+---+---+---+---+
 1    |   | W |   | B |   |   |   |    |
  +---+---+---+---+---+---+---+---+---+
 2  B |   |   |   |   |   |   |   |    |
  +---+---+---+---+---+---+---+---+---+
 3  B |   |   | B |   |   |   |   |    |
  +---+---+---+---+---+---+---+---+---+
 4    |   |   |   | B | B |   |   |    |
  +---+---+---+---+---+---+---+---+---+
 5  B |   | W |   | T |   |   |   | B  |
  +---+---+---+---+---+---+---+---+---+
 6    |   |   |   | W | B |   |   | B  |
  +---+---+---+---+---+---+---+---+---+
 7  W | W |   |   |   |   |   |   |    |
  +---+---+---+---+---+---+---+---+---+
 8    |   |   | K |   |   |   |   |    |
  +---+---+---+---+---+---+---+---+---+
 9    |   |   |   | B |   |   | B |    |
  +---+---+---+---+---+---+---+---+---+
It's your turn

Exploration recap:
- Score=-3.6666666666666665
- Nodes_explored=376
- Time=1.934s

Move KING : d8 --> a8
After my move:

    A   B   C   D   E   F   G   H   I
  +---+---+---+---+---+---+---+---+---+
 1    |   | W |   | B |   |   |   |    |
  +---+---+---+---+---+---+---+---+---+
 2  B |   |   |   |   |   |   |   |    |
  +---+---+---+---+---+---+---+---+---+
 3  B |   |   | B |   |   |   |   |    |
  +---+---+---+---+---+---+---+---+---+
 4    |   |   |   | B | B |   |   |    |
  +---+---+---+---+---+---+---+---+---+
 5  B |   | W |   | T |   |   |   | B  |
  +---+---+---+---+---+---+---+---+---+
 6    |   |   |   | W | B |   |   | B  |
  +---+---+---+---+---+---+---+---+---+
 7  W | W |   |   |   |   |   |   |    |
  +---+---+---+---+---+---+---+---+---+
 8  K |   |   |   |   |   |   |   |    |
  +---+---+---+---+---+---+---+---+---+
 9    |   |   |   | B |   |   | B |    |
  +---+---+---+---+---+---+---+---+---+
Current table:

    A   B   C   D   E   F   G   H   I
  +---+---+---+---+---+---+---+---+---+
 1    |   | W |   | B |   |   |   |    |
  +---+---+---+---+---+---+---+---+---+
 2  B |   |   |   |   |   |   |   |    |
  +---+---+---+---+---+---+---+---+---+
 3  B |   |   | B |   |   |   |   |    |
  +---+---+---+---+---+---+---+---+---+
 4    |   |   |   | B | B |   |   |    |
  +---+---+---+---+---+---+---+---+---+
 5  B |   | W |   | T |   |   |   | B  |
  +---+---+---+---+---+---+---+---+---+
 6    |   |   |   | W | B |   |   | B  |
  +---+---+---+---+---+---+---+---+---+
 7  W | W |   |   |   |   |   |   |    |
  +---+---+---+---+---+---+---+---+---+
 8  K |   |   |   |   |   |   |   |    |
  +---+---+---+---+---+---+---+---+---+
 9    |   |   |   | B |   |   | B |    |
  +---+---+---+---+---+---+---+---+---+
WHITE wins!
