Connected to the server 127.0.0.1:5800
Current table:

    A   B   C   D   E   F   G   H   I
  +---+---+---+---+---+---+---+---+---+
 1    |   |   | B | B | B |   |   |    |
  +---+---+---+---+---+---+---+---+---+
 2    |   |   |   | B |   |   |   |    |
  +---+---+---+---+---+---+---+---+---+
 3    |   |   |   | W |   |   |   |    |
  +---+---+---+---+---+---+---+---+---+
 4  B |   |   |   | W |   |   |   | B  |
  +---+---+---+---+---+---+---+---+---+
 5  B | B | W | W | K | W | W | B | B  |
  +---+---+---+---+---+---+---+---+---+
 6  B |   |   |   | W |   |   |   | B  |
  +---+---+---+---+---+---+---+---+---+
 7    |   |   |   | W |   |   |   |    |
  +---+---+---+---+---+---+---+---+---+
 8    |   |   |   | B |   |   |   |    |
  +---+---+---+---+---+---+---+---+---+
 9    |   |   | B | B | B |   |   |    |
  +---+---+---+---+---+---+---+---+---+
It's your turn
Score=-1
Move WHITE : c5 --> c4
After my move:

    A   B   C   D   E   F   G   H   I
  +---+---+---+---+---+---+---+---+---+
 1    |   |   | B | B | B |   |   |    |
  +---+---+---+---+---+---+---+---+---+
 2    |   |   |   | B |   |   |   |    |
  +---+---+---+---+---+---+---+---+---+
 3    |   |   |   | W |   |   |   |    |
  +---+---+---+---+---+---+---+---+---+
 4  B |   | W |   | W |   |   |   | B  |
  +---+---+---+---+---+---+---+---+---+
 5  B | B |   | W | K | W | W | B | B  |
  +---+---+---+---+---+---+---+---+---+
 6  B |   |   |   | W |   |   |   | B  |
  +---+---+---+---+---+---+---+---+---+
 7    |   |   |   | W |   |   |   |    |
  +---+---+---+---+---+---+---+---+---+
 8    |   |   |   | B |   |   |   |    |
  +---+---+---+---+---+---+---+---+---+
 9    |   |   | B | B | B |   |   |    |
  +---+---+---+---+---+---+---+---+---+
Current table:

    A   B   C   D   E   F   G   H   I
  +---+---+---+---+---+---+---+---+---+
 1    |   |   | B | B | B |   |   |    |
  +---+---+---+---+---+---+---+---+---+
 2    |   |   |   | B |   |   |   |    |
  +---+---+---+---+---+---+---+---+---+
 3    |   |   |   | W |   |   |   |    |
  +---+---+---+---+---+---+---+---+---+
 4  B |   | W |   | W |   |   |   | B  |
  +---+---+---+---+---+---+---+---+---+
 5  B |   | B |   | K | W | W | B | B  |
  +---+---+---+---+---+---+---+---+---+
 6  B |   |   |   | W |   |   |   | B  |
  +---+---+---+---+---+---+---+---+---+
 7    |   |   |   | W |   |   |   |    |
  +---+---+---+---+---+---+---+---+---+
 8    |   |   |   | B |   |   |   |    |
  +---+---+---+---+---+---+---+---+---+
 9    |   |   | B | B | B |   |   |    |
  +---+---+---+---+---+---+---+---+---+
It's your turn
Score=-1
Move WHITE : c4 --> c3
After my move:

    A   B   C   D   E   F   G   H   I
  +---+---+---+---+---+---+---+---+---+
 1    |   |   | B | B | B |   |   |    |
  +---+---+---+---+---+---+---+---+---+
 2    |   |   |   | B |   |   |   |    |
  +---+---+---+---+---+---+---+---+---+
 3    |   | W |   | W |   |   |   |    |
  +---+---+---+---+---+---+---+---+---+
 4  B |   |   |   | W |   |   |   | B  |
  +---+---+---+---+---+---+---+---+---+
 5  B |   | B |   | K | W | W | B | B  |
  +---+---+---+---+---+---+---+---+---+
 6  B |   |   |   | W |   |   |   | B  |
  +---+---+---+---+---+---+---+---+---+
 7    |   |   |   | W |   |   |   |    |
  +---+---+---+---+---+---+---+---+---+
 8    |   |   |   | B |   |   |   |    |
  +---+---+---+---+---+---+---+---+---+
 9    |   |   | B | B | B |   |   |    |
  +---+---+---+---+---+---+---+---+---+
Current table:

    A   B   C   D   E   F   G   H   I
  +---+---+---+---+---+---+---+---+---+
 1    |   |   | B | B | B |   |   |    |
  +---+---+---+---+---+---+---+---+---+
 2    |   |   |   | B |   |   |   |    |
  +---+---+---+---+---+---+---+---+---+
 3  B |   | W |   | W |   |   |   |    |
  +---+---+---+---+---+---+---+---+---+
 4    |   |   |   | W |   |   |   | B  |
  +---+---+---+---+---+---+---+---+---+
 5  B |   | B |   | K | W | W | B | B  |
  +---+---+---+---+---+---+---+---+---+
 6  B |   |   |   | W |   |   |   | B  |
  +---+---+---+---+---+---+---+---+---+
 7    |   |   |   | W |   |   |   |    |
  +---+---+---+---+---+---+---+---+---+
 8    |   |   |   | B |   |   |   |    |
  +---+---+---+---+---+---+---+---+---+
 9    |   |   | B | B | B |   |   |    |
  +---+---+---+---+---+---+---+---+---+
It's your turn
Score=-1
Move WHITE : c3 --> c2
After my move:

    A   B   C   D   E   F   G   H   I
  +---+---+---+---+---+---+---+---+---+
 1    |   |   | B | B | B |   |   |    |
  +---+---+---+---+---+---+---+---+---+
 2    |   | W |   | B |   |   |   |    |
  +---+---+---+---+---+---+---+---+---+
 3  B |   |   |   | W |   |   |   |    |
  +---+---+---+---+---+---+---+---+---+
 4    |   |   |   | W |   |   |   | B  |
  +---+---+---+---+---+---+---+---+---+
 5  B |   | B |   | K | W | W | B | B  |
  +---+---+---+---+---+---+---+---+---+
 6  B |   |   |   | W |   |   |   | B  |
  +---+---+---+---+---+---+---+---+---+
 7    |   |   |   | W |   |   |   |    |
  +---+---+---+---+---+---+---+---+---+
 8    |   |   |   | B |   |   |   |    |
  +---+---+---+---+---+---+---+---+---+
 9    |   |   | B | B | B |   |   |    |
  +---+---+---+---+---+---+---+---+---+
Current table:

    A   B   C   D   E   F   G   H   I
  +---+---+---+---+---+---+---+---+---+
 1    |   |   | B | B | B |   |   |    |
  +---+---+---+---+---+---+---+---+---+
 2  B |   | W |   | B |   |   |   |    |
  +---+---+---+---+---+---+---+---+---+
 3    |   |   |   | W |   |   |   |    |
  +---+---+---+---+---+---+---+---+---+
 4    |   |   |   | W |   |   |   | B  |
  +---+---+---+---+---+---+---+---+---+
 5  B |   | B |   | K | W | W | B | B  |
  +---+---+---+---+---+---+---+---+---+
 6  B |   |   |   | W |   |   |   | B  |
  +---+---+---+---+---+---+---+---+---+
 7    |   |   |   | W |   |   |   |    |
  +---+---+---+---+---+---+---+---+---+
 8    |   |   |   | B |   |   |   |    |
  +---+---+---+---+---+---+---+---+---+
 9    |   |   | B | B | B |   |   |    |
  +---+---+---+---+---+---+---+---+---+
It's your turn
Score=-1
Move WHITE : c2 --> c1
After my move:

    A   B   C   D   E   F   G   H   I
  +---+---+---+---+---+---+---+---+---+
 1    |   | W | B | B | B |   |   |    |
  +---+---+---+---+---+---+---+---+---+
 2  B |   |   |   | B |   |   |   |    |
  +---+---+---+---+---+---+---+---+---+
 3    |   |   |   | W |   |   |   |    |
  +---+---+---+---+---+---+---+---+---+
 4    |   |   |   | W |   |   |   | B  |
  +---+---+---+---+---+---+---+---+---+
 5  B |   | B |   | K | W | W | B | B  |
  +---+---+---+---+---+---+---+---+---+
 6  B |   |   |   | W |   |   |   | B  |
  +---+---+---+---+---+---+---+---+---+
 7    |   |   |   | W |   |   |   |    |
  +---+---+---+---+---+---+---+---+---+
 8    |   |   |   | B |   |   |   |    |
  +---+---+---+---+---+---+---+---+---+
 9    |   |   | B | B | B |   |   |    |
  +---+---+---+---+---+---+---+---+---+
Current table:

    A   B   C   D   E   F   G   H   I
  +---+---+---+---+---+---+---+---+---+
 1  B |   | W | B | B | B |   |   |    |
  +---+---+---+---+---+---+---+---+---+
 2    |   |   |   | B |   |   |   |    |
  +---+---+---+---+---+---+---+---+---+
 3    |   |   |   | W |   |   |   |    |
  +---+---+---+---+---+---+---+---+---+
 4    |   |   |   | W |   |   |   | B  |
  +---+---+---+---+---+---+---+---+---+
 5  B |   | B |   | K | W | W | B | B  |
  +---+---+---+---+---+---+---+---+---+
 6  B |   |   |   | W |   |   |   | B  |
  +---+---+---+---+---+---+---+---+---+
 7    |   |   |   | W |   |   |   |    |
  +---+---+---+---+---+---+---+---+---+
 8    |   |   |   | B |   |   |   |    |
  +---+---+---+---+---+---+---+---+---+
 9    |   |   | B | B | B |   |   |    |
  +---+---+---+---+---+---+---+---+---+
It's your turn
Score=-1
Move WHITE : c1 --> c2
After my move:

    A   B   C   D   E   F   G   H   I
  +---+---+---+---+---+---+---+---+---+
 1  B |   |   | B | B | B |   |   |    |
  +---+---+---+---+---+---+---+---+---+
 2    |   | W |   | B |   |   |   |    |
  +---+---+---+---+---+---+---+---+---+
 3    |   |   |   | W |   |   |   |    |
  +---+---+---+---+---+---+---+---+---+
 4    |   |   |   | W |   |   |   | B  |
  +---+---+---+---+---+---+---+---+---+
 5  B |   | B |   | K | W | W | B | B  |
  +---+---+---+---+---+---+---+---+---+
 6  B |   |   |   | W |   |   |   | B  |
  +---+---+---+---+---+---+---+---+---+
 7    |   |   |   | W |   |   |   |    |
  +---+---+---+---+---+---+---+---+---+
 8    |   |   |   | B |   |   |   |    |
  +---+---+---+---+---+---+---+---+---+
 9    |   |   | B | B | B |   |   |    |
  +---+---+---+---+---+---+---+---+---+
Current table:

    A   B   C   D   E   F   G   H   I
  +---+---+---+---+---+---+---+---+---+
 1    | B |   | B | B | B |   |   |    |
  +---+---+---+---+---+---+---+---+---+
 2    |   | W |   | B |   |   |   |    |
  +---+---+---+---+---+---+---+---+---+
 3    |   |   |   | W |   |   |   |    |
  +---+---+---+---+---+---+---+---+---+
 4    |   |   |   | W |   |   |   | B  |
  +---+---+---+---+---+---+---+---+---+
 5  B |   | B |   | K | W | W | B | B  |
  +---+---+---+---+---+---+---+---+---+
 6  B |   |   |   | W |   |   |   | B  |
  +---+---+---+---+---+---+---+---+---+
 7    |   |   |   | W |   |   |   |    |
  +---+---+---+---+---+---+---+---+---+
 8    |   |   |   | B |   |   |   |    |
  +---+---+---+---+---+---+---+---+---+
 9    |   |   | B | B | B |   |   |    |
  +---+---+---+---+---+---+---+---+---+
It's your turn
Score=-1
Move WHITE : c2 --> c1
After my move:

    A   B   C   D   E   F   G   H   I
  +---+---+---+---+---+---+---+---+---+
 1    | B | W | B | B | B |   |   |    |
  +---+---+---+---+---+---+---+---+---+
 2    |   |   |   | B |   |   |   |    |
  +---+---+---+---+---+---+---+---+---+
 3    |   |   |   | W |   |   |   |    |
  +---+---+---+---+---+---+---+---+---+
 4    |   |   |   | W |   |   |   | B  |
  +---+---+---+---+---+---+---+---+---+
 5  B |   | B |   | K | W | W | B | B  |
  +---+---+---+---+---+---+---+---+---+
 6  B |   |   |   | W |   |   |   | B  |
  +---+---+---+---+---+---+---+---+---+
 7    |   |   |   | W |   |   |   |    |
  +---+---+---+---+---+---+---+---+---+
 8    |   |   |   | B |   |   |   |    |
  +---+---+---+---+---+---+---+---+---+
 9    |   |   | B | B | B |   |   |    |
  +---+---+---+---+---+---+---+---+---+
Current table:

    A   B   C   D   E   F   G   H   I
  +---+---+---+---+---+---+---+---+---+
 1    | B | W | B | B | B |   |   |    |
  +---+---+---+---+---+---+---+---+---+
 2    |   |   |   | B |   |   |   |    |
  +---+---+---+---+---+---+---+---+---+
 3    |   |   |   | W |   |   |   |    |
  +---+---+---+---+---+---+---+---+---+
 4    |   |   |   | W |   |   |   | B  |
  +---+---+---+---+---+---+---+---+---+
 5  B |   | B |   | K | W | W | B | B  |
  +---+---+---+---+---+---+---+---+---+
 6    | B |   |   | W |   |   |   | B  |
  +---+---+---+---+---+---+---+---+---+
 7    |   |   |   | W |   |   |   |    |
  +---+---+---+---+---+---+---+---+---+
 8    |   |   |   | B |   |   |   |    |
  +---+---+---+---+---+---+---+---+---+
 9    |   |   | B | B | B |   |   |    |
  +---+---+---+---+---+---+---+---+---+
It's your turn
Score=-1
Move WHITE : c1 --> c2
After my move:

    A   B   C   D   E   F   G   H   I
  +---+---+---+---+---+---+---+---+---+
 1    | B |   | B | B | B |   |   |    |
  +---+---+---+---+---+---+---+---+---+
 2    |   | W |   | B |   |   |   |    |
  +---+---+---+---+---+---+---+---+---+
 3    |   |   |   | W |   |   |   |    |
  +---+---+---+---+---+---+---+---+---+
 4    |   |   |   | W |   |   |   | B  |
  +---+---+---+---+---+---+---+---+---+
 5  B |   | B |   | K | W | W | B | B  |
  +---+---+---+---+---+---+---+---+---+
 6    | B |   |   | W |   |   |   | B  |
  +---+---+---+---+---+---+---+---+---+
 7    |   |   |   | W |   |   |   |    |
  +---+---+---+---+---+---+---+---+---+
 8    |   |   |   | B |   |   |   |    |
  +---+---+---+---+---+---+---+---+---+
 9    |   |   | B | B | B |   |   |    |
  +---+---+---+---+---+---+---+---+---+
Current table:

    A   B   C   D   E   F   G   H   I
  +---+---+---+---+---+---+---+---+---+
 1    |   | B | B | B | B |   |   |    |
  +---+---+---+---+---+---+---+---+---+
 2    |   | W |   | B |   |   |   |    |
  +---+---+---+---+---+---+---+---+---+
 3    |   |   |   | W |   |   |   |    |
  +---+---+---+---+---+---+---+---+---+
 4    |   |   |   | W |   |   |   | B  |
  +---+---+---+---+---+---+---+---+---+
 5  B |   | B |   | K | W | W | B | B  |
  +---+---+---+---+---+---+---+---+---+
 6    | B |   |   | W |   |   |   | B  |
  +---+---+---+---+---+---+---+---+---+
 7    |   |   |   | W |   |   |   |    |
  +---+---+---+---+---+---+---+---+---+
 8    |   |   |   | B |   |   |   |    |
  +---+---+---+---+---+---+---+---+---+
 9    |   |   | B | B | B |   |   |    |
  +---+---+---+---+---+---+---+---+---+
It's your turn
Score=-1
Move WHITE : c2 --> d2
After my move:

    A   B   C   D   E   F   G   H   I
  +---+---+---+---+---+---+---+---+---+
 1    |   | B | B | B | B |   |   |    |
  +---+---+---+---+---+---+---+---+---+
 2    |   |   | W | B |   |   |   |    |
  +---+---+---+---+---+---+---+---+---+
 3    |   |   |   | W |   |   |   |    |
  +---+---+---+---+---+---+---+---+---+
 4    |   |   |   | W |   |   |   | B  |
  +---+---+---+---+---+---+---+---+---+
 5  B |   | B |   | K | W | W | B | B  |
  +---+---+---+---+---+---+---+---+---+
 6    | B |   |   | W |   |   |   | B  |
  +---+---+---+---+---+---+---+---+---+
 7    |   |   |   | W |   |   |   |    |
  +---+---+---+---+---+---+---+---+---+
 8    |   |   |   | B |   |   |   |    |
  +---+---+---+---+---+---+---+---+---+
 9    |   |   | B | B | B |   |   |    |
  +---+---+---+---+---+---+---+---+---+
Current table:

    A   B   C   D   E   F   G   H   I
  +---+---+---+---+---+---+---+---+---+
 1    |   |   | B | B | B |   |   |    |
  +---+---+---+---+---+---+---+---+---+
 2    |   | B |   | B |   |   |   |    |
  +---+---+---+---+---+---+---+---+---+
 3    |   |   |   | W |   |   |   |    |
  +---+---+---+---+---+---+---+---+---+
 4    |   |   |   | W |   |   |   | B  |
  +---+---+---+---+---+---+---+---+---+
 5  B |   | B |   | K | W | W | B | B  |
  +---+---+---+---+---+---+---+---+---+
 6    | B |   |   | W |   |   |   | B  |
  +---+---+---+---+---+---+---+---+---+
 7    |   |   |   | W |   |   |   |    |
  +---+---+---+---+---+---+---+---+---+
 8    |   |   |   | B |   |   |   |    |
  +---+---+---+---+---+---+---+---+---+
 9    |   |   | B | B | B |   |   |    |
  +---+---+---+---+---+---+---+---+---+
It's your turn
Score=-1
Move WHITE : e3 --> f3
After my move:

    A   B   C   D   E   F   G   H   I
  +---+---+---+---+---+---+---+---+---+
 1    |   |   | B | B | B |   |   |    |
  +---+---+---+---+---+---+---+---+---+
 2    |   | B |   | B |   |   |   |    |
  +---+---+---+---+---+---+---+---+---+
 3    |   |   |   |   | W |   |   |    |
  +---+---+---+---+---+---+---+---+---+
 4    |   |   |   | W |   |   |   | B  |
  +---+---+---+---+---+---+---+---+---+
 5  B |   | B |   | K | W | W | B | B  |
  +---+---+---+---+---+---+---+---+---+
 6    | B |   |   | W |   |   |   | B  |
  +---+---+---+---+---+---+---+---+---+
 7    |   |   |   | W |   |   |   |    |
  +---+---+---+---+---+---+---+---+---+
 8    |   |   |   | B |   |   |   |    |
  +---+---+---+---+---+---+---+---+---+
 9    |   |   | B | B | B |   |   |    |
  +---+---+---+---+---+---+---+---+---+
Current table:

    A   B   C   D   E   F   G   H   I
  +---+---+---+---+---+---+---+---+---+
 1    |   |   | B | B | B |   |   |    |
  +---+---+---+---+---+---+---+---+---+
 2    |   | B |   |   |   |   |   |    |
  +---+---+---+---+---+---+---+---+---+
 3    |   |   |   | B | W |   |   |    |
  +---+---+---+---+---+---+---+---+---+
 4    |   |   |   |   |   |   |   | B  |
  +---+---+---+---+---+---+---+---+---+
 5  B |   | B |   | K | W | W | B | B  |
  +---+---+---+---+---+---+---+---+---+
 6    | B |   |   | W |   |   |   | B  |
  +---+---+---+---+---+---+---+---+---+
 7    |   |   |   | W |   |   |   |    |
  +---+---+---+---+---+---+---+---+---+
 8    |   |   |   | B |   |   |   |    |
  +---+---+---+---+---+---+---+---+---+
 9    |   |   | B | B | B |   |   |    |
  +---+---+---+---+---+---+---+---+---+
It's your turn
Score=-1
Move WHITE : e6 --> f6
After my move:

    A   B   C   D   E   F   G   H   I
  +---+---+---+---+---+---+---+---+---+
 1    |   |   | B | B | B |   |   |    |
  +---+---+---+---+---+---+---+---+---+
 2    |   | B |   |   |   |   |   |    |
  +---+---+---+---+---+---+---+---+---+
 3    |   |   |   | B | W |   |   |    |
  +---+---+---+---+---+---+---+---+---+
 4    |   |   |   |   |   |   |   | B  |
  +---+---+---+---+---+---+---+---+---+
 5  B |   | B |   | K | W | W | B | B  |
  +---+---+---+---+---+---+---+---+---+
 6    | B |   |   |   | W |   |   | B  |
  +---+---+---+---+---+---+---+---+---+
 7    |   |   |   | W |   |   |   |    |
  +---+---+---+---+---+---+---+---+---+
 8    |   |   |   | B |   |   |   |    |
  +---+---+---+---+---+---+---+---+---+
 9    |   |   | B | B | B |   |   |    |
  +---+---+---+---+---+---+---+---+---+
Current table:

    A   B   C   D   E   F   G   H   I
  +---+---+---+---+---+---+---+---+---+
 1    |   |   | B | B | B |   |   |    |
  +---+---+---+---+---+---+---+---+---+
 2    |   | B |   |   |   |   |   |    |
  +---+---+---+---+---+---+---+---+---+
 3    |   |   |   | B | W |   |   |    |
  +---+---+---+---+---+---+---+---+---+
 4    |   |   |   |   |   |   |   | B  |
  +---+---+---+---+---+---+---+---+---+
 5  B |   | B |   | K | W | W | B | B  |
  +---+---+---+---+---+---+---+---+---+
 6    |   | B |   |   | W |   |   | B  |
  +---+---+---+---+---+---+---+---+---+
 7    |   |   |   | W |   |   |   |    |
  +---+---+---+---+---+---+---+---+---+
 8    |   |   |   | B |   |   |   |    |
  +---+---+---+---+---+---+---+---+---+
 9    |   |   | B | B | B |   |   |    |
  +---+---+---+---+---+---+---+---+---+
It's your turn
Score=-1
Move WHITE : e7 --> e6
After my move:

    A   B   C   D   E   F   G   H   I
  +---+---+---+---+---+---+---+---+---+
 1    |   |   | B | B | B |   |   |    |
  +---+---+---+---+---+---+---+---+---+
 2    |   | B |   |   |   |   |   |    |
  +---+---+---+---+---+---+---+---+---+
 3    |   |   |   | B | W |   |   |    |
  +---+---+---+---+---+---+---+---+---+
 4    |   |   |   |   |   |   |   | B  |
  +---+---+---+---+---+---+---+---+---+
 5  B |   | B |   | K | W | W | B | B  |
  +---+---+---+---+---+---+---+---+---+
 6    |   | B |   | W | W |   |   | B  |
  +---+---+---+---+---+---+---+---+---+
 7    |   |   |   |   |   |   |   |    |
  +---+---+---+---+---+---+---+---+---+
 8    |   |   |   | B |   |   |   |    |
  +---+---+---+---+---+---+---+---+---+
 9    |   |   | B | B | B |   |   |    |
  +---+---+---+---+---+---+---+---+---+
Current table:

    A   B   C   D   E   F   G   H   I
  +---+---+---+---+---+---+---+---+---+
 1    |   |   | B | B | B |   |   |    |
  +---+---+---+---+---+---+---+---+---+
 2    |   | B |   |   |   |   |   |    |
  +---+---+---+---+---+---+---+---+---+
 3    |   |   |   | B | W |   |   |    |
  +---+---+---+---+---+---+---+---+---+
 4    |   |   |   |   |   |   |   | B  |
  +---+---+---+---+---+---+---+---+---+
 5  B |   | B |   | K | W | W | B | B  |
  +---+---+---+---+---+---+---+---+---+
 6    |   | B |   |   | W |   |   | B  |
  +---+---+---+---+---+---+---+---+---+
 7    |   |   |   | B |   |   |   |    |
  +---+---+---+---+---+---+---+---+---+
 8    |   |   |   |   |   |   |   |    |
  +---+---+---+---+---+---+---+---+---+
 9    |   |   | B | B | B |   |   |    |
  +---+---+---+---+---+---+---+---+---+
It's your turn
Score=-1
Move WHITE : f3 --> f2
After my move:

    A   B   C   D   E   F   G   H   I
  +---+---+---+---+---+---+---+---+---+
 1    |   |   | B | B | B |   |   |    |
  +---+---+---+---+---+---+---+---+---+
 2    |   | B |   |   | W |   |   |    |
  +---+---+---+---+---+---+---+---+---+
 3    |   |   |   | B |   |   |   |    |
  +---+---+---+---+---+---+---+---+---+
 4    |   |   |   |   |   |   |   | B  |
  +---+---+---+---+---+---+---+---+---+
 5  B |   | B |   | K | W | W | B | B  |
  +---+---+---+---+---+---+---+---+---+
 6    |   | B |   |   | W |   |   | B  |
  +---+---+---+---+---+---+---+---+---+
 7    |   |   |   | B |   |   |   |    |
  +---+---+---+---+---+---+---+---+---+
 8    |   |   |   |   |   |   |   |    |
  +---+---+---+---+---+---+---+---+---+
 9    |   |   | B | B | B |   |   |    |
  +---+---+---+---+---+---+---+---+---+
Current table:

    A   B   C   D   E   F   G   H   I
  +---+---+---+---+---+---+---+---+---+
 1    |   |   | B | B | B |   |   |    |
  +---+---+---+---+---+---+---+---+---+
 2    |   | B |   |   |   |   |   |    |
  +---+---+---+---+---+---+---+---+---+
 3    |   |   |   |   | B |   |   |    |
  +---+---+---+---+---+---+---+---+---+
 4    |   |   |   |   |   |   |   | B  |
  +---+---+---+---+---+---+---+---+---+
 5  B |   | B |   | K | W | W | B | B  |
  +---+---+---+---+---+---+---+---+---+
 6    |   | B |   |   | W |   |   | B  |
  +---+---+---+---+---+---+---+---+---+
 7    |   |   |   | B |   |   |   |    |
  +---+---+---+---+---+---+---+---+---+
 8    |   |   |   |   |   |   |   |    |
  +---+---+---+---+---+---+---+---+---+
 9    |   |   | B | B | B |   |   |    |
  +---+---+---+---+---+---+---+---+---+
It's your turn
Score=-2
Move WHITE : f5 --> f4
After my move:

    A   B   C   D   E   F   G   H   I
  +---+---+---+---+---+---+---+---+---+
 1    |   |   | B | B | B |   |   |    |
  +---+---+---+---+---+---+---+---+---+
 2    |   | B |   |   |   |   |   |    |
  +---+---+---+---+---+---+---+---+---+
 3    |   |   |   |   | B |   |   |    |
  +---+---+---+---+---+---+---+---+---+
 4    |   |   |   |   | W |   |   | B  |
  +---+---+---+---+---+---+---+---+---+
 5  B |   | B |   | K |   | W | B | B  |
  +---+---+---+---+---+---+---+---+---+
 6    |   | B |   |   | W |   |   | B  |
  +---+---+---+---+---+---+---+---+---+
 7    |   |   |   | B |   |   |   |    |
  +---+---+---+---+---+---+---+---+---+
 8    |   |   |   |   |   |   |   |    |
  +---+---+---+---+---+---+---+---+---+
 9    |   |   | B | B | B |   |   |    |
  +---+---+---+---+---+---+---+---+---+
Current table:

    A   B   C   D   E   F   G   H   I
  +---+---+---+---+---+---+---+---+---+
 1    |   | B | B | B | B |   |   |    |
  +---+---+---+---+---+---+---+---+---+
 2    |   |   |   |   |   |   |   |    |
  +---+---+---+---+---+---+---+---+---+
 3    |   |   |   |   | B |   |   |    |
  +---+---+---+---+---+---+---+---+---+
 4    |   |   |   |   | W |   |   | B  |
  +---+---+---+---+---+---+---+---+---+
 5  B |   | B |   | K |   | W | B | B  |
  +---+---+---+---+---+---+---+---+---+
 6    |   | B |   |   | W |   |   | B  |
  +---+---+---+---+---+---+---+---+---+
 7    |   |   |   | B |   |   |   |    |
  +---+---+---+---+---+---+---+---+---+
 8    |   |   |   |   |   |   |   |    |
  +---+---+---+---+---+---+---+---+---+
 9    |   |   | B | B | B |   |   |    |
  +---+---+---+---+---+---+---+---+---+
It's your turn
Score=-2
Move WHITE : f4 --> g4
After my move:

    A   B   C   D   E   F   G   H   I
  +---+---+---+---+---+---+---+---+---+
 1    |   | B | B | B | B |   |   |    |
  +---+---+---+---+---+---+---+---+---+
 2    |   |   |   |   |   |   |   |    |
  +---+---+---+---+---+---+---+---+---+
 3    |   |   |   |   | B |   |   |    |
  +---+---+---+---+---+---+---+---+---+
 4    |   |   |   |   |   | W |   | B  |
  +---+---+---+---+---+---+---+---+---+
 5  B |   | B |   | K |   | W | B | B  |
  +---+---+---+---+---+---+---+---+---+
 6    |   | B |   |   | W |   |   | B  |
  +---+---+---+---+---+---+---+---+---+
 7    |   |   |   | B |   |   |   |    |
  +---+---+---+---+---+---+---+---+---+
 8    |   |   |   |   |   |   |   |    |
  +---+---+---+---+---+---+---+---+---+
 9    |   |   | B | B | B |   |   |    |
  +---+---+---+---+---+---+---+---+---+
Current table:

    A   B   C   D   E   F   G   H   I
  +---+---+---+---+---+---+---+---+---+
 1    |   |   | B | B | B |   |   |    |
  +---+---+---+---+---+---+---+---+---+
 2    |   | B |   |   |   |   |   |    |
  +---+---+---+---+---+---+---+---+---+
 3    |   |   |   |   | B |   |   |    |
  +---+---+---+---+---+---+---+---+---+
 4    |   |   |   |   |   | W |   | B  |
  +---+---+---+---+---+---+---+---+---+
 5  B |   | B |   | K |   | W | B | B  |
  +---+---+---+---+---+---+---+---+---+
 6    |   | B |   |   | W |   |   | B  |
  +---+---+---+---+---+---+---+---+---+
 7    |   |   |   | B |   |   |   |    |
  +---+---+---+---+---+---+---+---+---+
 8    |   |   |   |   |   |   |   |    |
  +---+---+---+---+---+---+---+---+---+
 9    |   |   | B | B | B |   |   |    |
  +---+---+---+---+---+---+---+---+---+
It's your turn
Score=-2
Move WHITE : f6 --> f5
After my move:

    A   B   C   D   E   F   G   H   I
  +---+---+---+---+---+---+---+---+---+
 1    |   |   | B | B | B |   |   |    |
  +---+---+---+---+---+---+---+---+---+
 2    |   | B |   |   |   |   |   |    |
  +---+---+---+---+---+---+---+---+---+
 3    |   |   |   |   | B |   |   |    |
  +---+---+---+---+---+---+---+---+---+
 4    |   |   |   |   |   | W |   | B  |
  +---+---+---+---+---+---+---+---+---+
 5  B |   | B |   | K | W | W | B | B  |
  +---+---+---+---+---+---+---+---+---+
 6    |   | B |   |   |   |   |   | B  |
  +---+---+---+---+---+---+---+---+---+
 7    |   |   |   | B |   |   |   |    |
  +---+---+---+---+---+---+---+---+---+
 8    |   |   |   |   |   |   |   |    |
  +---+---+---+---+---+---+---+---+---+
 9    |   |   | B | B | B |   |   |    |
  +---+---+---+---+---+---+---+---+---+
Current table:

    A   B   C   D   E   F   G   H   I
  +---+---+---+---+---+---+---+---+---+
 1    |   | B | B | B | B |   |   |    |
  +---+---+---+---+---+---+---+---+---+
 2    |   |   |   |   |   |   |   |    |
  +---+---+---+---+---+---+---+---+---+
 3    |   |   |   |   | B |   |   |    |
  +---+---+---+---+---+---+---+---+---+
 4    |   |   |   |   |   | W |   | B  |
  +---+---+---+---+---+---+---+---+---+
 5  B |   | B |   | K | W | W | B | B  |
  +---+---+---+---+---+---+---+---+---+
 6    |   | B |   |   |   |   |   | B  |
  +---+---+---+---+---+---+---+---+---+
 7    |   |   |   | B |   |   |   |    |
  +---+---+---+---+---+---+---+---+---+
 8    |   |   |   |   |   |   |   |    |
  +---+---+---+---+---+---+---+---+---+
 9    |   |   | B | B | B |   |   |    |
  +---+---+---+---+---+---+---+---+---+
It's your turn
Score=-2
Move WHITE : f5 --> f4
After my move:

    A   B   C   D   E   F   G   H   I
  +---+---+---+---+---+---+---+---+---+
 1    |   | B | B | B | B |   |   |    |
  +---+---+---+---+---+---+---+---+---+
 2    |   |   |   |   |   |   |   |    |
  +---+---+---+---+---+---+---+---+---+
 3    |   |   |   |   | B |   |   |    |
  +---+---+---+---+---+---+---+---+---+
 4    |   |   |   |   | W | W |   | B  |
  +---+---+---+---+---+---+---+---+---+
 5  B |   | B |   | K |   | W | B | B  |
  +---+---+---+---+---+---+---+---+---+
 6    |   | B |   |   |   |   |   | B  |
  +---+---+---+---+---+---+---+---+---+
 7    |   |   |   | B |   |   |   |    |
  +---+---+---+---+---+---+---+---+---+
 8    |   |   |   |   |   |   |   |    |
  +---+---+---+---+---+---+---+---+---+
 9    |   |   | B | B | B |   |   |    |
  +---+---+---+---+---+---+---+---+---+
Current table:

    A   B   C   D   E   F   G   H   I
  +---+---+---+---+---+---+---+---+---+
 1    |   |   | B | B | B |   |   |    |
  +---+---+---+---+---+---+---+---+---+
 2    |   | B |   |   |   |   |   |    |
  +---+---+---+---+---+---+---+---+---+
 3    |   |   |   |   | B |   |   |    |
  +---+---+---+---+---+---+---+---+---+
 4    |   |   |   |   | W | W |   | B  |
  +---+---+---+---+---+---+---+---+---+
 5  B |   | B |   | K |   | W | B | B  |
  +---+---+---+---+---+---+---+---+---+
 6    |   | B |   |   |   |   |   | B  |
  +---+---+---+---+---+---+---+---+---+
 7    |   |   |   | B |   |   |   |    |
  +---+---+---+---+---+---+---+---+---+
 8    |   |   |   |   |   |   |   |    |
  +---+---+---+---+---+---+---+---+---+
 9    |   |   | B | B | B |   |   |    |
  +---+---+---+---+---+---+---+---+---+
It's your turn
Score=-2
Move WHITE : f4 --> f5
After my move:

    A   B   C   D   E   F   G   H   I
  +---+---+---+---+---+---+---+---+---+
 1    |   |   | B | B | B |   |   |    |
  +---+---+---+---+---+---+---+---+---+
 2    |   | B |   |   |   |   |   |    |
  +---+---+---+---+---+---+---+---+---+
 3    |   |   |   |   | B |   |   |    |
  +---+---+---+---+---+---+---+---+---+
 4    |   |   |   |   |   | W |   | B  |
  +---+---+---+---+---+---+---+---+---+
 5  B |   | B |   | K | W | W | B | B  |
  +---+---+---+---+---+---+---+---+---+
 6    |   | B |   |   |   |   |   | B  |
  +---+---+---+---+---+---+---+---+---+
 7    |   |   |   | B |   |   |   |    |
  +---+---+---+---+---+---+---+---+---+
 8    |   |   |   |   |   |   |   |    |
  +---+---+---+---+---+---+---+---+---+
 9    |   |   | B | B | B |   |   |    |
  +---+---+---+---+---+---+---+---+---+
Current table:

    A   B   C   D   E   F   G   H   I
  +---+---+---+---+---+---+---+---+---+
 1    |   |   | B | B | B |   |   |    |
  +---+---+---+---+---+---+---+---+---+
 2    |   | B |   |   |   |   |   |    |
  +---+---+---+---+---+---+---+---+---+
 3    |   |   |   |   | B |   |   |    |
  +---+---+---+---+---+---+---+---+---+
 4    |   |   |   |   |   | W |   | B  |
  +---+---+---+---+---+---+---+---+---+
 5  B |   | B |   | K | W | W | B | B  |
  +---+---+---+---+---+---+---+---+---+
 6    |   | B |   |   |   |   |   | B  |
  +---+---+---+---+---+---+---+---+---+
 7    |   |   |   | B |   |   |   |    |
  +---+---+---+---+---+---+---+---+---+
 8    |   |   |   |   |   |   |   |    |
  +---+---+---+---+---+---+---+---+---+
 9    |   |   | B | B | B |   |   |    |
  +---+---+---+---+---+---+---+---+---+
It's a draw!
