Connected to the server 127.0.0.1:5800
Current table:

    A   B   C   D   E   F   G   H   I
  +---+---+---+---+---+---+---+---+---+
 1    |   |   | B | B | B |   |   |    |
  +---+---+---+---+---+---+---+---+---+
 2    |   |   |   | B |   |   |   |    |
  +---+---+---+---+---+---+---+---+---+
 3    |   |   |   | W |   |   |   |    |
  +---+---+---+---+---+---+---+---+---+
 4  B |   |   |   | W |   |   |   | B  |
  +---+---+---+---+---+---+---+---+---+
 5  B | B | W | W | K | W | W | B | B  |
  +---+---+---+---+---+---+---+---+---+
 6  B |   |   |   | W |   |   |   | B  |
  +---+---+---+---+---+---+---+---+---+
 7    |   |   |   | W |   |   |   |    |
  +---+---+---+---+---+---+---+---+---+
 8    |   |   |   | B |   |   |   |    |
  +---+---+---+---+---+---+---+---+---+
 9    |   |   | B | B | B |   |   |    |
  +---+---+---+---+---+---+---+---+---+
It's your turn
Score=-15
Move WHITE : c5 --> c1
After my move:

    A   B   C   D   E   F   G   H   I
  +---+---+---+---+---+---+---+---+---+
 1    |   | W | B | B | B |   |   |    |
  +---+---+---+---+---+---+---+---+---+
 2    |   |   |   | B |   |   |   |    |
  +---+---+---+---+---+---+---+---+---+
 3    |   |   |   | W |   |   |   |    |
  +---+---+---+---+---+---+---+---+---+
 4  B |   |   |   | W |   |   |   | B  |
  +---+---+---+---+---+---+---+---+---+
 5  B | B |   | W | K | W | W | B | B  |
  +---+---+---+---+---+---+---+---+---+
 6  B |   |   |   | W |   |   |   | B  |
  +---+---+---+---+---+---+---+---+---+
 7    |   |   |   | W |   |   |   |    |
  +---+---+---+---+---+---+---+---+---+
 8    |   |   |   | B |   |   |   |    |
  +---+---+---+---+---+---+---+---+---+
 9    |   |   | B | B | B |   |   |    |
  +---+---+---+---+---+---+---+---+---+
Current table:

    A   B   C   D   E   F   G   H   I
  +---+---+---+---+---+---+---+---+---+
 1    |   | W | B | B | B |   |   |    |
  +---+---+---+---+---+---+---+---+---+
 2    |   |   |   | B |   |   |   |    |
  +---+---+---+---+---+---+---+---+---+
 3  B |   |   |   | W |   |   |   |    |
  +---+---+---+---+---+---+---+---+---+
 4    |   |   |   | W |   |   |   | B  |
  +---+---+---+---+---+---+---+---+---+
 5  B | B |   | W | K | W | W | B | B  |
  +---+---+---+---+---+---+---+---+---+
 6  B |   |   |   | W |   |   |   | B  |
  +---+---+---+---+---+---+---+---+---+
 7    |   |   |   | W |   |   |   |    |
  +---+---+---+---+---+---+---+---+---+
 8    |   |   |   | B |   |   |   |    |
  +---+---+---+---+---+---+---+---+---+
 9    |   |   | B | B | B |   |   |    |
  +---+---+---+---+---+---+---+---+---+
It's your turn
Score=-15
Move WHITE : c1 --> c5
After my move:

    A   B   C   D   E   F   G   H   I
  +---+---+---+---+---+---+---+---+---+
 1    |   |   | B | B | B |   |   |    |
  +---+---+---+---+---+---+---+---+---+
 2    |   |   |   | B |   |   |   |    |
  +---+---+---+---+---+---+---+---+---+
 3  B |   |   |   | W |   |   |   |    |
  +---+---+---+---+---+---+---+---+---+
 4    |   |   |   | W |   |   |   | B  |
  +---+---+---+---+---+---+---+---+---+
 5  B | B | W | W | K | W | W | B | B  |
  +---+---+---+---+---+---+---+---+---+
 6  B |   |   |   | W |   |   |   | B  |
  +---+---+---+---+---+---+---+---+---+
 7    |   |   |   | W |   |   |   |    |
  +---+---+---+---+---+---+---+---+---+
 8    |   |   |   | B |   |   |   |    |
  +---+---+---+---+---+---+---+---+---+
 9    |   |   | B | B | B |   |   |    |
  +---+---+---+---+---+---+---+---+---+
Current table:

    A   B   C   D   E   F   G   H   I
  +---+---+---+---+---+---+---+---+---+
 1    |   |   | B | B | B |   |   |    |
  +---+---+---+---+---+---+---+---+---+
 2  B |   |   |   | B |   |   |   |    |
  +---+---+---+---+---+---+---+---+---+
 3    |   |   |   | W |   |   |   |    |
  +---+---+---+---+---+---+---+---+---+
 4    |   |   |   | W |   |   |   | B  |
  +---+---+---+---+---+---+---+---+---+
 5  B | B | W | W | K | W | W | B | B  |
  +---+---+---+---+---+---+---+---+---+
 6  B |   |   |   | W |   |   |   | B  |
  +---+---+---+---+---+---+---+---+---+
 7    |   |   |   | W |   |   |   |    |
  +---+---+---+---+---+---+---+---+---+
 8    |   |   |   | B |   |   |   |    |
  +---+---+---+---+---+---+---+---+---+
 9    |   |   | B | B | B |   |   |    |
  +---+---+---+---+---+---+---+---+---+
It's your turn
Score=-15
Move WHITE : c5 --> c1
After my move:

    A   B   C   D   E   F   G   H   I
  +---+---+---+---+---+---+---+---+---+
 1    |   | W | B | B | B |   |   |    |
  +---+---+---+---+---+---+---+---+---+
 2  B |   |   |   | B |   |   |   |    |
  +---+---+---+---+---+---+---+---+---+
 3    |   |   |   | W |   |   |   |    |
  +---+---+---+---+---+---+---+---+---+
 4    |   |   |   | W |   |   |   | B  |
  +---+---+---+---+---+---+---+---+---+
 5  B | B |   | W | K | W | W | B | B  |
  +---+---+---+---+---+---+---+---+---+
 6  B |   |   |   | W |   |   |   | B  |
  +---+---+---+---+---+---+---+---+---+
 7    |   |   |   | W |   |   |   |    |
  +---+---+---+---+---+---+---+---+---+
 8    |   |   |   | B |   |   |   |    |
  +---+---+---+---+---+---+---+---+---+
 9    |   |   | B | B | B |   |   |    |
  +---+---+---+---+---+---+---+---+---+
Current table:

    A   B   C   D   E   F   G   H   I
  +---+---+---+---+---+---+---+---+---+
 1  B |   | W | B | B | B |   |   |    |
  +---+---+---+---+---+---+---+---+---+
 2    |   |   |   | B |   |   |   |    |
  +---+---+---+---+---+---+---+---+---+
 3    |   |   |   | W |   |   |   |    |
  +---+---+---+---+---+---+---+---+---+
 4    |   |   |   | W |   |   |   | B  |
  +---+---+---+---+---+---+---+---+---+
 5  B | B |   | W | K | W | W | B | B  |
  +---+---+---+---+---+---+---+---+---+
 6  B |   |   |   | W |   |   |   | B  |
  +---+---+---+---+---+---+---+---+---+
 7    |   |   |   | W |   |   |   |    |
  +---+---+---+---+---+---+---+---+---+
 8    |   |   |   | B |   |   |   |    |
  +---+---+---+---+---+---+---+---+---+
 9    |   |   | B | B | B |   |   |    |
  +---+---+---+---+---+---+---+---+---+
It's your turn
Score=-15
Move WHITE : c1 --> c5
After my move:

    A   B   C   D   E   F   G   H   I
  +---+---+---+---+---+---+---+---+---+
 1  B |   |   | B | B | B |   |   |    |
  +---+---+---+---+---+---+---+---+---+
 2    |   |   |   | B |   |   |   |    |
  +---+---+---+---+---+---+---+---+---+
 3    |   |   |   | W |   |   |   |    |
  +---+---+---+---+---+---+---+---+---+
 4    |   |   |   | W |   |   |   | B  |
  +---+---+---+---+---+---+---+---+---+
 5  B | B | W | W | K | W | W | B | B  |
  +---+---+---+---+---+---+---+---+---+
 6  B |   |   |   | W |   |   |   | B  |
  +---+---+---+---+---+---+---+---+---+
 7    |   |   |   | W |   |   |   |    |
  +---+---+---+---+---+---+---+---+---+
 8    |   |   |   | B |   |   |   |    |
  +---+---+---+---+---+---+---+---+---+
 9    |   |   | B | B | B |   |   |    |
  +---+---+---+---+---+---+---+---+---+
Current table:

    A   B   C   D   E   F   G   H   I
  +---+---+---+---+---+---+---+---+---+
 1    | B |   | B | B | B |   |   |    |
  +---+---+---+---+---+---+---+---+---+
 2    |   |   |   | B |   |   |   |    |
  +---+---+---+---+---+---+---+---+---+
 3    |   |   |   | W |   |   |   |    |
  +---+---+---+---+---+---+---+---+---+
 4    |   |   |   | W |   |   |   | B  |
  +---+---+---+---+---+---+---+---+---+
 5  B | B | W | W | K | W | W | B | B  |
  +---+---+---+---+---+---+---+---+---+
 6  B |   |   |   | W |   |   |   | B  |
  +---+---+---+---+---+---+---+---+---+
 7    |   |   |   | W |   |   |   |    |
  +---+---+---+---+---+---+---+---+---+
 8    |   |   |   | B |   |   |   |    |
  +---+---+---+---+---+---+---+---+---+
 9    |   |   | B | B | B |   |   |    |
  +---+---+---+---+---+---+---+---+---+
It's your turn
Score=-15
Move WHITE : c5 --> c1
After my move:

    A   B   C   D   E   F   G   H   I
  +---+---+---+---+---+---+---+---+---+
 1    | B | W | B | B | B |   |   |    |
  +---+---+---+---+---+---+---+---+---+
 2    |   |   |   | B |   |   |   |    |
  +---+---+---+---+---+---+---+---+---+
 3    |   |   |   | W |   |   |   |    |
  +---+---+---+---+---+---+---+---+---+
 4    |   |   |   | W |   |   |   | B  |
  +---+---+---+---+---+---+---+---+---+
 5  B | B |   | W | K | W | W | B | B  |
  +---+---+---+---+---+---+---+---+---+
 6  B |   |   |   | W |   |   |   | B  |
  +---+---+---+---+---+---+---+---+---+
 7    |   |   |   | W |   |   |   |    |
  +---+---+---+---+---+---+---+---+---+
 8    |   |   |   | B |   |   |   |    |
  +---+---+---+---+---+---+---+---+---+
 9    |   |   | B | B | B |   |   |    |
  +---+---+---+---+---+---+---+---+---+
Current table:

    A   B   C   D   E   F   G   H   I
  +---+---+---+---+---+---+---+---+---+
 1    | B | W | B | B | B |   |   |    |
  +---+---+---+---+---+---+---+---+---+
 2    |   |   |   | B |   |   |   |    |
  +---+---+---+---+---+---+---+---+---+
 3    |   |   |   | W |   |   |   |    |
  +---+---+---+---+---+---+---+---+---+
 4    |   |   |   | W |   |   |   | B  |
  +---+---+---+---+---+---+---+---+---+
 5  B | B |   | W | K | W | W | B | B  |
  +---+---+---+---+---+---+---+---+---+
 6    | B |   |   | W |   |   |   | B  |
  +---+---+---+---+---+---+---+---+---+
 7    |   |   |   | W |   |   |   |    |
  +---+---+---+---+---+---+---+---+---+
 8    |   |   |   | B |   |   |   |    |
  +---+---+---+---+---+---+---+---+---+
 9    |   |   | B | B | B |   |   |    |
  +---+---+---+---+---+---+---+---+---+
It's your turn
Score=-15
Move WHITE : c1 --> c5
After my move:

    A   B   C   D   E   F   G   H   I
  +---+---+---+---+---+---+---+---+---+
 1    | B |   | B | B | B |   |   |    |
  +---+---+---+---+---+---+---+---+---+
 2    |   |   |   | B |   |   |   |    |
  +---+---+---+---+---+---+---+---+---+
 3    |   |   |   | W |   |   |   |    |
  +---+---+---+---+---+---+---+---+---+
 4    |   |   |   | W |   |   |   | B  |
  +---+---+---+---+---+---+---+---+---+
 5  B | B | W | W | K | W | W | B | B  |
  +---+---+---+---+---+---+---+---+---+
 6    | B |   |   | W |   |   |   | B  |
  +---+---+---+---+---+---+---+---+---+
 7    |   |   |   | W |   |   |   |    |
  +---+---+---+---+---+---+---+---+---+
 8    |   |   |   | B |   |   |   |    |
  +---+---+---+---+---+---+---+---+---+
 9    |   |   | B | B | B |   |   |    |
  +---+---+---+---+---+---+---+---+---+
Current table:

    A   B   C   D   E   F   G   H   I
  +---+---+---+---+---+---+---+---+---+
 1    |   | B | B | B | B |   |   |    |
  +---+---+---+---+---+---+---+---+---+
 2    |   |   |   | B |   |   |   |    |
  +---+---+---+---+---+---+---+---+---+
 3    |   |   |   | W |   |   |   |    |
  +---+---+---+---+---+---+---+---+---+
 4    |   |   |   | W |   |   |   | B  |
  +---+---+---+---+---+---+---+---+---+
 5  B | B | W | W | K | W | W | B | B  |
  +---+---+---+---+---+---+---+---+---+
 6    | B |   |   | W |   |   |   | B  |
  +---+---+---+---+---+---+---+---+---+
 7    |   |   |   | W |   |   |   |    |
  +---+---+---+---+---+---+---+---+---+
 8    |   |   |   | B |   |   |   |    |
  +---+---+---+---+---+---+---+---+---+
 9    |   |   | B | B | B |   |   |    |
  +---+---+---+---+---+---+---+---+---+
It's your turn
Score=-15
Move WHITE : c5 --> c6
After my move:

    A   B   C   D   E   F   G   H   I
  +---+---+---+---+---+---+---+---+---+
 1    |   | B | B | B | B |   |   |    |
  +---+---+---+---+---+---+---+---+---+
 2    |   |   |   | B |   |   |   |    |
  +---+---+---+---+---+---+---+---+---+
 3    |   |   |   | W |   |   |   |    |
  +---+---+---+---+---+---+---+---+---+
 4    |   |   |   | W |   |   |   | B  |
  +---+---+---+---+---+---+---+---+---+
 5  B | B |   | W | K | W | W | B | B  |
  +---+---+---+---+---+---+---+---+---+
 6    |   | W |   | W |   |   |   | B  |
  +---+---+---+---+---+---+---+---+---+
 7    |   |   |   | W |   |   |   |    |
  +---+---+---+---+---+---+---+---+---+
 8    |   |   |   | B |   |   |   |    |
  +---+---+---+---+---+---+---+---+---+
 9    |   |   | B | B | B |   |   |    |
  +---+---+---+---+---+---+---+---+---+
Current table:

    A   B   C   D   E   F   G   H   I
  +---+---+---+---+---+---+---+---+---+
 1    |   | B | B | B | B |   |   |    |
  +---+---+---+---+---+---+---+---+---+
 2    |   |   |   | B |   |   |   |    |
  +---+---+---+---+---+---+---+---+---+
 3    |   |   |   | W |   |   |   |    |
  +---+---+---+---+---+---+---+---+---+
 4    | B |   |   | W |   |   |   | B  |
  +---+---+---+---+---+---+---+---+---+
 5  B |   |   | W | K | W | W | B | B  |
  +---+---+---+---+---+---+---+---+---+
 6    |   | W |   | W |   |   |   | B  |
  +---+---+---+---+---+---+---+---+---+
 7    |   |   |   | W |   |   |   |    |
  +---+---+---+---+---+---+---+---+---+
 8    |   |   |   | B |   |   |   |    |
  +---+---+---+---+---+---+---+---+---+
 9    |   |   | B | B | B |   |   |    |
  +---+---+---+---+---+---+---+---+---+
It's your turn
Score=-14
Move WHITE : c6 --> c4
After my move:

    A   B   C   D   E   F   G   H   I
  +---+---+---+---+---+---+---+---+---+
 1    |   | B | B | B | B |   |   |    |
  +---+---+---+---+---+---+---+---+---+
 2    |   |   |   | B |   |   |   |    |
  +---+---+---+---+---+---+---+---+---+
 3    |   |   |   | W |   |   |   |    |
  +---+---+---+---+---+---+---+---+---+
 4    |   | W |   | W |   |   |   | B  |
  +---+---+---+---+---+---+---+---+---+
 5  B |   |   | W | K | W | W | B | B  |
  +---+---+---+---+---+---+---+---+---+
 6    |   |   |   | W |   |   |   | B  |
  +---+---+---+---+---+---+---+---+---+
 7    |   |   |   | W |   |   |   |    |
  +---+---+---+---+---+---+---+---+---+
 8    |   |   |   | B |   |   |   |    |
  +---+---+---+---+---+---+---+---+---+
 9    |   |   | B | B | B |   |   |    |
  +---+---+---+---+---+---+---+---+---+
Current table:

    A   B   C   D   E   F   G   H   I
  +---+---+---+---+---+---+---+---+---+
 1    |   |   | B | B | B |   |   |    |
  +---+---+---+---+---+---+---+---+---+
 2    |   | B |   | B |   |   |   |    |
  +---+---+---+---+---+---+---+---+---+
 3    |   |   |   | W |   |   |   |    |
  +---+---+---+---+---+---+---+---+---+
 4    |   | W |   | W |   |   |   | B  |
  +---+---+---+---+---+---+---+---+---+
 5  B |   |   | W | K | W | W | B | B  |
  +---+---+---+---+---+---+---+---+---+
 6    |   |   |   | W |   |   |   | B  |
  +---+---+---+---+---+---+---+---+---+
 7    |   |   |   | W |   |   |   |    |
  +---+---+---+---+---+---+---+---+---+
 8    |   |   |   | B |   |   |   |    |
  +---+---+---+---+---+---+---+---+---+
 9    |   |   | B | B | B |   |   |    |
  +---+---+---+---+---+---+---+---+---+
It's your turn
Score=-13
Move WHITE : c4 --> c9
After my move:

    A   B   C   D   E   F   G   H   I
  +---+---+---+---+---+---+---+---+---+
 1    |   |   | B | B | B |   |   |    |
  +---+---+---+---+---+---+---+---+---+
 2    |   | B |   | B |   |   |   |    |
  +---+---+---+---+---+---+---+---+---+
 3    |   |   |   | W |   |   |   |    |
  +---+---+---+---+---+---+---+---+---+
 4    |   |   |   | W |   |   |   | B  |
  +---+---+---+---+---+---+---+---+---+
 5  B |   |   | W | K | W | W | B | B  |
  +---+---+---+---+---+---+---+---+---+
 6    |   |   |   | W |   |   |   | B  |
  +---+---+---+---+---+---+---+---+---+
 7    |   |   |   | W |   |   |   |    |
  +---+---+---+---+---+---+---+---+---+
 8    |   |   |   | B |   |   |   |    |
  +---+---+---+---+---+---+---+---+---+
 9    |   | W | B | B | B |   |   |    |
  +---+---+---+---+---+---+---+---+---+
Current table:

    A   B   C   D   E   F   G   H   I
  +---+---+---+---+---+---+---+---+---+
 1    |   | B | B | B | B |   |   |    |
  +---+---+---+---+---+---+---+---+---+
 2    |   |   |   | B |   |   |   |    |
  +---+---+---+---+---+---+---+---+---+
 3    |   |   |   | W |   |   |   |    |
  +---+---+---+---+---+---+---+---+---+
 4    |   |   |   | W |   |   |   | B  |
  +---+---+---+---+---+---+---+---+---+
 5  B |   |   | W | K | W | W | B | B  |
  +---+---+---+---+---+---+---+---+---+
 6    |   |   |   | W |   |   |   | B  |
  +---+---+---+---+---+---+---+---+---+
 7    |   |   |   | W |   |   |   |    |
  +---+---+---+---+---+---+---+---+---+
 8    |   |   |   | B |   |   |   |    |
  +---+---+---+---+---+---+---+---+---+
 9    |   | W | B | B | B |   |   |    |
  +---+---+---+---+---+---+---+---+---+
It's your turn
Score=-13
Move WHITE : e3 --> i3
After my move:

    A   B   C   D   E   F   G   H   I
  +---+---+---+---+---+---+---+---+---+
 1    |   | B | B | B | B |   |   |    |
  +---+---+---+---+---+---+---+---+---+
 2    |   |   |   | B |   |   |   |    |
  +---+---+---+---+---+---+---+---+---+
 3    |   |   |   |   |   |   |   | W  |
  +---+---+---+---+---+---+---+---+---+
 4    |   |   |   | W |   |   |   | B  |
  +---+---+---+---+---+---+---+---+---+
 5  B |   |   | W | K | W | W | B | B  |
  +---+---+---+---+---+---+---+---+---+
 6    |   |   |   | W |   |   |   | B  |
  +---+---+---+---+---+---+---+---+---+
 7    |   |   |   | W |   |   |   |    |
  +---+---+---+---+---+---+---+---+---+
 8    |   |   |   | B |   |   |   |    |
  +---+---+---+---+---+---+---+---+---+
 9    |   | W | B | B | B |   |   |    |
  +---+---+---+---+---+---+---+---+---+
Current table:

    A   B   C   D   E   F   G   H   I
  +---+---+---+---+---+---+---+---+---+
 1    |   | B |   | B | B |   |   |    |
  +---+---+---+---+---+---+---+---+---+
 2    |   |   |   | B |   |   |   |    |
  +---+---+---+---+---+---+---+---+---+
 3    |   |   | B |   |   |   |   | W  |
  +---+---+---+---+---+---+---+---+---+
 4    |   |   |   | W |   |   |   | B  |
  +---+---+---+---+---+---+---+---+---+
 5  B |   |   | W | K | W | W | B | B  |
  +---+---+---+---+---+---+---+---+---+
 6    |   |   |   | W |   |   |   | B  |
  +---+---+---+---+---+---+---+---+---+
 7    |   |   |   | W |   |   |   |    |
  +---+---+---+---+---+---+---+---+---+
 8    |   |   |   | B |   |   |   |    |
  +---+---+---+---+---+---+---+---+---+
 9    |   | W | B | B | B |   |   |    |
  +---+---+---+---+---+---+---+---+---+
It's your turn
Score=-13
Move WHITE : e4 --> e3
After my move:

    A   B   C   D   E   F   G   H   I
  +---+---+---+---+---+---+---+---+---+
 1    |   | B |   | B | B |   |   |    |
  +---+---+---+---+---+---+---+---+---+
 2    |   |   |   | B |   |   |   |    |
  +---+---+---+---+---+---+---+---+---+
 3    |   |   | B | W |   |   |   | W  |
  +---+---+---+---+---+---+---+---+---+
 4    |   |   |   |   |   |   |   | B  |
  +---+---+---+---+---+---+---+---+---+
 5  B |   |   | W | K | W | W | B | B  |
  +---+---+---+---+---+---+---+---+---+
 6    |   |   |   | W |   |   |   | B  |
  +---+---+---+---+---+---+---+---+---+
 7    |   |   |   | W |   |   |   |    |
  +---+---+---+---+---+---+---+---+---+
 8    |   |   |   | B |   |   |   |    |
  +---+---+---+---+---+---+---+---+---+
 9    |   | W | B | B | B |   |   |    |
  +---+---+---+---+---+---+---+---+---+
Current table:

    A   B   C   D   E   F   G   H   I
  +---+---+---+---+---+---+---+---+---+
 1    |   | B |   | B |   |   |   |    |
  +---+---+---+---+---+---+---+---+---+
 2    |   |   |   | B |   |   |   |    |
  +---+---+---+---+---+---+---+---+---+
 3    |   |   | B |   | B |   |   | W  |
  +---+---+---+---+---+---+---+---+---+
 4    |   |   |   |   |   |   |   | B  |
  +---+---+---+---+---+---+---+---+---+
 5  B |   |   | W | K | W | W | B | B  |
  +---+---+---+---+---+---+---+---+---+
 6    |   |   |   | W |   |   |   | B  |
  +---+---+---+---+---+---+---+---+---+
 7    |   |   |   | W |   |   |   |    |
  +---+---+---+---+---+---+---+---+---+
 8    |   |   |   | B |   |   |   |    |
  +---+---+---+---+---+---+---+---+---+
 9    |   | W | B | B | B |   |   |    |
  +---+---+---+---+---+---+---+---+---+
It's your turn
Score=-13
Move WHITE : e7 --> i7
After my move:

    A   B   C   D   E   F   G   H   I
  +---+---+---+---+---+---+---+---+---+
 1    |   | B |   | B |   |   |   |    |
  +---+---+---+---+---+---+---+---+---+
 2    |   |   |   | B |   |   |   |    |
  +---+---+---+---+---+---+---+---+---+
 3    |   |   | B |   | B |   |   | W  |
  +---+---+---+---+---+---+---+---+---+
 4    |   |   |   |   |   |   |   | B  |
  +---+---+---+---+---+---+---+---+---+
 5  B |   |   | W | K | W | W | B | B  |
  +---+---+---+---+---+---+---+---+---+
 6    |   |   |   | W |   |   |   | B  |
  +---+---+---+---+---+---+---+---+---+
 7    |   |   |   |   |   |   |   | W  |
  +---+---+---+---+---+---+---+---+---+
 8    |   |   |   | B |   |   |   |    |
  +---+---+---+---+---+---+---+---+---+
 9    |   | W | B | B | B |   |   |    |
  +---+---+---+---+---+---+---+---+---+
Current table:

    A   B   C   D   E   F   G   H   I
  +---+---+---+---+---+---+---+---+---+
 1    |   | B |   | B |   |   |   |    |
  +---+---+---+---+---+---+---+---+---+
 2    |   |   |   |   |   |   |   |    |
  +---+---+---+---+---+---+---+---+---+
 3    |   |   | B |   | B |   |   | W  |
  +---+---+---+---+---+---+---+---+---+
 4    |   |   |   | B |   |   |   | B  |
  +---+---+---+---+---+---+---+---+---+
 5  B |   |   | W | K | W | W | B | B  |
  +---+---+---+---+---+---+---+---+---+
 6    |   |   |   | W |   |   |   | B  |
  +---+---+---+---+---+---+---+---+---+
 7    |   |   |   |   |   |   |   | W  |
  +---+---+---+---+---+---+---+---+---+
 8    |   |   |   | B |   |   |   |    |
  +---+---+---+---+---+---+---+---+---+
 9    |   | W | B | B | B |   |   |    |
  +---+---+---+---+---+---+---+---+---+
It's your turn
Score=-13
Move WHITE : e6 --> e7
After my move:

    A   B   C   D   E   F   G   H   I
  +---+---+---+---+---+---+---+---+---+
 1    |   | B |   | B |   |   |   |    |
  +---+---+---+---+---+---+---+---+---+
 2    |   |   |   |   |   |   |   |    |
  +---+---+---+---+---+---+---+---+---+
 3    |   |   | B |   | B |   |   | W  |
  +---+---+---+---+---+---+---+---+---+
 4    |   |   |   | B |   |   |   | B  |
  +---+---+---+---+---+---+---+---+---+
 5  B |   |   | W | K | W | W | B | B  |
  +---+---+---+---+---+---+---+---+---+
 6    |   |   |   |   |   |   |   | B  |
  +---+---+---+---+---+---+---+---+---+
 7    |   |   |   | W |   |   |   | W  |
  +---+---+---+---+---+---+---+---+---+
 8    |   |   |   | B |   |   |   |    |
  +---+---+---+---+---+---+---+---+---+
 9    |   | W | B | B | B |   |   |    |
  +---+---+---+---+---+---+---+---+---+
Current table:

    A   B   C   D   E   F   G   H   I
  +---+---+---+---+---+---+---+---+---+
 1    |   | B |   | B |   |   |   |    |
  +---+---+---+---+---+---+---+---+---+
 2    |   |   |   |   |   |   |   |    |
  +---+---+---+---+---+---+---+---+---+
 3    |   |   | B |   | B |   |   | W  |
  +---+---+---+---+---+---+---+---+---+
 4    |   |   |   | B |   |   |   | B  |
  +---+---+---+---+---+---+---+---+---+
 5  B |   |   | W | K | W | W | B | B  |
  +---+---+---+---+---+---+---+---+---+
 6    |   |   |   | B |   |   |   |    |
  +---+---+---+---+---+---+---+---+---+
 7    |   |   |   |   |   |   |   | W  |
  +---+---+---+---+---+---+---+---+---+
 8    |   |   |   | B |   |   |   |    |
  +---+---+---+---+---+---+---+---+---+
 9    |   | W | B | B | B |   |   |    |
  +---+---+---+---+---+---+---+---+---+
It's your turn
Score=-13
Move WHITE : g5 --> g9
After my move:

    A   B   C   D   E   F   G   H   I
  +---+---+---+---+---+---+---+---+---+
 1    |   | B |   | B |   |   |   |    |
  +---+---+---+---+---+---+---+---+---+
 2    |   |   |   |   |   |   |   |    |
  +---+---+---+---+---+---+---+---+---+
 3    |   |   | B |   | B |   |   | W  |
  +---+---+---+---+---+---+---+---+---+
 4    |   |   |   | B |   |   |   | B  |
  +---+---+---+---+---+---+---+---+---+
 5  B |   |   | W | K | W |   | B | B  |
  +---+---+---+---+---+---+---+---+---+
 6    |   |   |   | B |   |   |   |    |
  +---+---+---+---+---+---+---+---+---+
 7    |   |   |   |   |   |   |   | W  |
  +---+---+---+---+---+---+---+---+---+
 8    |   |   |   | B |   |   |   |    |
  +---+---+---+---+---+---+---+---+---+
 9    |   | W | B | B | B | W |   |    |
  +---+---+---+---+---+---+---+---+---+
Current table:

    A   B   C   D   E   F   G   H   I
  +---+---+---+---+---+---+---+---+---+
 1    |   | B |   | B |   |   |   |    |
  +---+---+---+---+---+---+---+---+---+
 2    |   |   |   |   |   |   |   |    |
  +---+---+---+---+---+---+---+---+---+
 3    |   |   | B |   | B |   |   | W  |
  +---+---+---+---+---+---+---+---+---+
 4    |   |   |   | B |   |   |   | B  |
  +---+---+---+---+---+---+---+---+---+
 5  B |   |   | W | K | W |   | B | B  |
  +---+---+---+---+---+---+---+---+---+
 6    |   |   |   |   |   | B |   |    |
  +---+---+---+---+---+---+---+---+---+
 7    |   |   |   |   |   |   |   | W  |
  +---+---+---+---+---+---+---+---+---+
 8    |   |   |   | B |   |   |   |    |
  +---+---+---+---+---+---+---+---+---+
 9    |   | W | B | B | B | W |   |    |
  +---+---+---+---+---+---+---+---+---+
It's your turn
Score=-13
Move WHITE : f5 --> g5
After my move:

    A   B   C   D   E   F   G   H   ITraceback (most recent call last):
  File "/Users/pelle/Development/GitHub/tablut-challenge/games_executor/../LoDaLe_tablut/PLAYER.py", line 73, in main
    try: current_state = sock.get_state()
                         ~~~~~~~~~~~~~~^^
  File "/Users/pelle/Development/GitHub/tablut-challenge/LoDaLe_tablut/socket_manager.py", line 55, in get_state
    len_bytes = struct.unpack('>i', self.recvall(4))[0]
                ~~~~~~~~~~~~~^^^^^^^^^^^^^^^^^^^^^^^
TypeError: a bytes-like object is required, not 'NoneType'

During handling of the above exception, another exception occurred:

Traceback (most recent call last):
  File "/Users/pelle/Development/GitHub/tablut-challenge/games_executor/../LoDaLe_tablut/PLAYER.py", line 78, in main
    else : raise Exception("Server error")
           ^^^^^^^^^^^^^^^^^^^^^^^^^^^^^^^
Exception: Server error

  +---+---+---+---+---+---+---+---+---+
 1    |   | B |   | B |   |   |   |    |
  +---+---+---+---+---+---+---+---+---+
 2    |   |   |   |   |   |   |   |    |
  +---+---+---+---+---+---+---+---+---+
 3    |   |   | B |   | B |   |   | W  |
  +---+---+---+---+---+---+---+---+---+
 4    |   |   |   | B |   |   |   | B  |
  +---+---+---+---+---+---+---+---+---+
 5  B |   |   | W | K |   | W | B | B  |
  +---+---+---+---+---+---+---+---+---+
 6    |   |   |   |   |   | B |   |    |
  +---+---+---+---+---+---+---+---+---+
 7    |   |   |   |   |   |   |   | W  |
  +---+---+---+---+---+---+---+---+---+
 8    |   |   |   | B |   |   |   |    |
  +---+---+---+---+---+---+---+---+---+
 9    |   | W | B | B | B | W |   |    |
  +---+---+---+---+---+---+---+---+---+
Current table:

    A   B   C   D   E   F   G   H   I
  +---+---+---+---+---+---+---+---+---+
 1    |   | B |   | B |   |   |   |    |
  +---+---+---+---+---+---+---+---+---+
 2    |   |   |   |   |   |   |   |    |
  +---+---+---+---+---+---+---+---+---+
 3    |   |   | B |   | B |   |   | W  |
  +---+---+---+---+---+---+---+---+---+
 4    |   |   |   | B |   | B |   |    |
  +---+---+---+---+---+---+---+---+---+
 5  B |   |   | W | K |   |   | B | B  |
  +---+---+---+---+---+---+---+---+---+
 6    |   |   |   |   |   | B |   |    |
  +---+---+---+---+---+---+---+---+---+
 7    |   |   |   |   |   |   |   | W  |
  +---+---+---+---+---+---+---+---+---+
 8    |   |   |   | B |   |   |   |    |
  +---+---+---+---+---+---+---+---+---+
 9    |   | W | B | B | B | W |   |    |
  +---+---+---+---+---+---+---+---+---+
It's your turn
Score=-13
Move WHITE : i7 --> e7
After my move:

    A   B   C   D   E   F   G   H   I
  +---+---+---+---+---+---+---+---+---+
 1    |   | B |   | B |   |   |   |    |
  +---+---+---+---+---+---+---+---+---+
 2    |   |   |   |   |   |   |   |    |
  +---+---+---+---+---+---+---+---+---+
 3    |   |   | B |   | B |   |   | W  |
  +---+---+---+---+---+---+---+---+---+
 4    |   |   |   | B |   | B |   |    |
  +---+---+---+---+---+---+---+---+---+
 5  B |   |   | W | K |   |   | B | B  |
  +---+---+---+---+---+---+---+---+---+
 6    |   |   |   |   |   | B |   |    |
  +---+---+---+---+---+---+---+---+---+
 7    |   |   |   | W |   |   |   |    |
  +---+---+---+---+---+---+---+---+---+
 8    |   |   |   | B |   |   |   |    |
  +---+---+---+---+---+---+---+---+---+
 9    |   | W | B | B | B | W |   |    |
  +---+---+---+---+---+---+---+---+---+
Current table:

    A   B   C   D   E   F   G   H   I
  +---+---+---+---+---+---+---+---+---+
 1    |   | B |   | B |   |   |   |    |
  +---+---+---+---+---+---+---+---+---+
 2    |   |   |   |   |   |   |   |    |
  +---+---+---+---+---+---+---+---+---+
 3    |   |   | B |   | B |   |   | W  |
  +---+---+---+---+---+---+---+---+---+
 4    |   |   |   | B |   | B |   |    |
  +---+---+---+---+---+---+---+---+---+
 5  B |   |   | W | K | B |   | B | B  |
  +---+---+---+---+---+---+---+---+---+
 6    |   |   |   |   |   | B |   |    |
  +---+---+---+---+---+---+---+---+---+
 7    |   |   |   | W |   |   |   |    |
  +---+---+---+---+---+---+---+---+---+
 8    |   |   |   | B |   |   |   |    |
  +---+---+---+---+---+---+---+---+---+
 9    |   | W | B | B |   | W |   |    |
  +---+---+---+---+---+---+---+---+---+
It's your turn
Score=-14
Move WHITE : c9 --> c8
After my move:

    A   B   C   D   E   F   G   H   I
  +---+---+---+---+---+---+---+---+---+
 1    |   | B |   | B |   |   |   |    |
  +---+---+---+---+---+---+---+---+---+
 2    |   |   |   |   |   |   |   |    |
  +---+---+---+---+---+---+---+---+---+
 3    |   |   | B |   | B |   |   | W  |
  +---+---+---+---+---+---+---+---+---+
 4    |   |   |   | B |   | B |   |    |
  +---+---+---+---+---+---+---+---+---+
 5  B |   |   | W | K | B |   | B | B  |
  +---+---+---+---+---+---+---+---+---+
 6    |   |   |   |   |   | B |   |    |
  +---+---+---+---+---+---+---+---+---+
 7    |   |   |   | W |   |   |   |    |
  +---+---+---+---+---+---+---+---+---+
 8    |   | W |   | B |   |   |   |    |
  +---+---+---+---+---+---+---+---+---+
 9    |   |   | B | B |   | W |   |    |
  +---+---+---+---+---+---+---+---+---+
Current table:

    A   B   C   D   E   F   G   H   I
  +---+---+---+---+---+---+---+---+---+
 1    |   | B |   | B |   |   |   |    |
  +---+---+---+---+---+---+---+---+---+
 2    |   |   |   |   |   |   |   |    |
  +---+---+---+---+---+---+---+---+---+
 3    |   |   | B |   | B |   |   | W  |
  +---+---+---+---+---+---+---+---+---+
 4    |   |   |   | B |   | B |   |    |
  +---+---+---+---+---+---+---+---+---+
 5  B |   |   | W | K | B |   | B | B  |
  +---+---+---+---+---+---+---+---+---+
 6    |   |   |   |   |   | B |   |    |
  +---+---+---+---+---+---+---+---+---+
 7    |   |   |   | W |   |   |   |    |
  +---+---+---+---+---+---+---+---+---+
 8    |   | W |   | B |   |   |   |    |
  +---+---+---+---+---+---+---+---+---+
 9    |   |   | B | B |   | W |   |    |
  +---+---+---+---+---+---+---+---+---+
Waiting for your opponent move...
An error occurred during the game:
