Connected to the server 127.0.0.1:5800
Current table:

    A   B   C   D   E   F   G   H   I
  +---+---+---+---+---+---+---+---+---+
 1    |   |   | B | B | B |   |   |    |
  +---+---+---+---+---+---+---+---+---+
 2    |   |   |   | B |   |   |   |    |
  +---+---+---+---+---+---+---+---+---+
 3    |   |   |   | W |   |   |   |    |
  +---+---+---+---+---+---+---+---+---+
 4  B |   |   |   | W |   |   |   | B  |
  +---+---+---+---+---+---+---+---+---+
 5  B | B | W | W | K | W | W | B | B  |
  +---+---+---+---+---+---+---+---+---+
 6  B |   |   |   | W |   |   |   | B  |
  +---+---+---+---+---+---+---+---+---+
 7    |   |   |   | W |   |   |   |    |
  +---+---+---+---+---+---+---+---+---+
 8    |   |   |   | B |   |   |   |    |
  +---+---+---+---+---+---+---+---+---+
 9    |   |   | B | B | B |   |   |    |
  +---+---+---+---+---+---+---+---+---+
It's your turn
Score=8
Move WHITE : d5 --> d4
After my move:

    A   B   C   D   E   F   G   H   I
  +---+---+---+---+---+---+---+---+---+
 1    |   |   | B | B | B |   |   |    |
  +---+---+---+---+---+---+---+---+---+
 2    |   |   |   | B |   |   |   |    |
  +---+---+---+---+---+---+---+---+---+
 3    |   |   |   | W |   |   |   |    |
  +---+---+---+---+---+---+---+---+---+
 4  B |   |   | W | W |   |   |   | B  |
  +---+---+---+---+---+---+---+---+---+
 5  B | B | W |   | K | W | W | B | B  |
  +---+---+---+---+---+---+---+---+---+
 6  B |   |   |   | W |   |   |   | B  |
  +---+---+---+---+---+---+---+---+---+
 7    |   |   |   | W |   |   |   |    |
  +---+---+---+---+---+---+---+---+---+
 8    |   |   |   | B |   |   |   |    |
  +---+---+---+---+---+---+---+---+---+
 9    |   |   | B | B | B |   |   |    |
  +---+---+---+---+---+---+---+---+---+
Current table:

    A   B   C   D   E   F   G   H   I
  +---+---+---+---+---+---+---+---+---+
 1    |   |   | B | B | B |   |   |    |
  +---+---+---+---+---+---+---+---+---+
 2    | B |   |   | B |   |   |   |    |
  +---+---+---+---+---+---+---+---+---+
 3    |   |   |   | W |   |   |   |    |
  +---+---+---+---+---+---+---+---+---+
 4  B |   |   | W | W |   |   |   | B  |
  +---+---+---+---+---+---+---+---+---+
 5  B |   | W |   | K | W | W | B | B  |
  +---+---+---+---+---+---+---+---+---+
 6  B |   |   |   | W |   |   |   | B  |
  +---+---+---+---+---+---+---+---+---+
 7    |   |   |   | W |   |   |   |    |
  +---+---+---+---+---+---+---+---+---+
 8    |   |   |   | B |   |   |   |    |
  +---+---+---+---+---+---+---+---+---+
 9    |   |   | B | B | B |   |   |    |
  +---+---+---+---+---+---+---+---+---+
It's your turn
Score=8
Move WHITE : c5 --> c4
After my move:

    A   B   C   D   E   F   G   H   I
  +---+---+---+---+---+---+---+---+---+
 1    |   |   | B | B | B |   |   |    |
  +---+---+---+---+---+---+---+---+---+
 2    | B |   |   | B |   |   |   |    |
  +---+---+---+---+---+---+---+---+---+
 3    |   |   |   | W |   |   |   |    |
  +---+---+---+---+---+---+---+---+---+
 4  B |   | W | W | W |   |   |   | B  |
  +---+---+---+---+---+---+---+---+---+
 5  B |   |   |   | K | W | W | B | B  |
  +---+---+---+---+---+---+---+---+---+
 6  B |   |   |   | W |   |   |   | B  |
  +---+---+---+---+---+---+---+---+---+
 7    |   |   |   | W |   |   |   |    |
  +---+---+---+---+---+---+---+---+---+
 8    |   |   |   | B |   |   |   |    |
  +---+---+---+---+---+---+---+---+---+
 9    |   |   | B | B | B |   |   |    |
  +---+---+---+---+---+---+---+---+---+
Current table:

    A   B   C   D   E   F   G   H   I
  +---+---+---+---+---+---+---+---+---+
 1    |   |   | B | B | B |   |   |    |
  +---+---+---+---+---+---+---+---+---+
 2    | B |   |   |   |   |   | B |    |
  +---+---+---+---+---+---+---+---+---+
 3    |   |   |   | W |   |   |   |    |
  +---+---+---+---+---+---+---+---+---+
 4  B |   | W | W | W |   |   |   | B  |
  +---+---+---+---+---+---+---+---+---+
 5  B |   |   |   | K | W | W | B | B  |
  +---+---+---+---+---+---+---+---+---+
 6  B |   |   |   | W |   |   |   | B  |
  +---+---+---+---+---+---+---+---+---+
 7    |   |   |   | W |   |   |   |    |
  +---+---+---+---+---+---+---+---+---+
 8    |   |   |   | B |   |   |   |    |
  +---+---+---+---+---+---+---+---+---+
 9    |   |   | B | B | B |   |   |    |
  +---+---+---+---+---+---+---+---+---+
It's your turn
Score=8
Move WHITE : c4 --> c3
After my move:

    A   B   C   D   E   F   G   H   I
  +---+---+---+---+---+---+---+---+---+
 1    |   |   | B | B | B |   |   |    |
  +---+---+---+---+---+---+---+---+---+
 2    | B |   |   |   |   |   | B |    |
  +---+---+---+---+---+---+---+---+---+
 3    |   | W |   | W |   |   |   |    |
  +---+---+---+---+---+---+---+---+---+
 4  B |   |   | W | W |   |   |   | B  |
  +---+---+---+---+---+---+---+---+---+
 5  B |   |   |   | K | W | W | B | B  |
  +---+---+---+---+---+---+---+---+---+
 6  B |   |   |   | W |   |   |   | B  |
  +---+---+---+---+---+---+---+---+---+
 7    |   |   |   | W |   |   |   |    |
  +---+---+---+---+---+---+---+---+---+
 8    |   |   |   | B |   |   |   |    |
  +---+---+---+---+---+---+---+---+---+
 9    |   |   | B | B | B |   |   |    |
  +---+---+---+---+---+---+---+---+---+
Current table:

    A   B   C   D   E   F   G   H   I
  +---+---+---+---+---+---+---+---+---+
 1    |   |   | B | B | B |   |   |    |
  +---+---+---+---+---+---+---+---+---+
 2    | B |   |   |   |   |   | B |    |
  +---+---+---+---+---+---+---+---+---+
 3    |   | W |   | W |   |   |   |    |
  +---+---+---+---+---+---+---+---+---+
 4  B |   |   | W | W |   |   |   | B  |
  +---+---+---+---+---+---+---+---+---+
 5  B |   |   |   | K | W | W | B | B  |
  +---+---+---+---+---+---+---+---+---+
 6  B |   |   |   | W |   |   |   | B  |
  +---+---+---+---+---+---+---+---+---+
 7    |   |   |   | W |   |   |   |    |
  +---+---+---+---+---+---+---+---+---+
 8    |   |   |   |   |   |   | B |    |
  +---+---+---+---+---+---+---+---+---+
 9    |   |   | B | B | B |   |   |    |
  +---+---+---+---+---+---+---+---+---+
It's your turn
Score=8
Move WHITE : c3 --> d3
After my move:

    A   B   C   D   E   F   G   H   I
  +---+---+---+---+---+---+---+---+---+
 1    |   |   | B | B | B |   |   |    |
  +---+---+---+---+---+---+---+---+---+
 2    | B |   |   |   |   |   | B |    |
  +---+---+---+---+---+---+---+---+---+
 3    |   |   | W | W |   |   |   |    |
  +---+---+---+---+---+---+---+---+---+
 4  B |   |   | W | W |   |   |   | B  |
  +---+---+---+---+---+---+---+---+---+
 5  B |   |   |   | K | W | W | B | B  |
  +---+---+---+---+---+---+---+---+---+
 6  B |   |   |   | W |   |   |   | B  |
  +---+---+---+---+---+---+---+---+---+
 7    |   |   |   | W |   |   |   |    |
  +---+---+---+---+---+---+---+---+---+
 8    |   |   |   |   |   |   | B |    |
  +---+---+---+---+---+---+---+---+---+
 9    |   |   | B | B | B |   |   |    |
  +---+---+---+---+---+---+---+---+---+
Current table:

    A   B   C   D   E   F   G   H   I
  +---+---+---+---+---+---+---+---+---+
 1    |   |   | B | B | B |   |   |    |
  +---+---+---+---+---+---+---+---+---+
 2    | B |   |   |   |   |   | B |    |
  +---+---+---+---+---+---+---+---+---+
 3    |   |   | W | W |   |   | B |    |
  +---+---+---+---+---+---+---+---+---+
 4  B |   |   | W | W |   |   |   | B  |
  +---+---+---+---+---+---+---+---+---+
 5  B |   |   |   | K | W | W |   | B  |
  +---+---+---+---+---+---+---+---+---+
 6  B |   |   |   | W |   |   |   | B  |
  +---+---+---+---+---+---+---+---+---+
 7    |   |   |   | W |   |   |   |    |
  +---+---+---+---+---+---+---+---+---+
 8    |   |   |   |   |   |   | B |    |
  +---+---+---+---+---+---+---+---+---+
 9    |   |   | B | B | B |   |   |    |
  +---+---+---+---+---+---+---+---+---+
It's your turn
Score=8
Move WHITE : d3 --> c3
After my move:

    A   B   C   D   E   F   G   H   I
  +---+---+---+---+---+---+---+---+---+
 1    |   |   | B | B | B |   |   |    |
  +---+---+---+---+---+---+---+---+---+
 2    | B |   |   |   |   |   | B |    |
  +---+---+---+---+---+---+---+---+---+
 3    |   | W |   | W |   |   | B |    |
  +---+---+---+---+---+---+---+---+---+
 4  B |   |   | W | W |   |   |   | B  |
  +---+---+---+---+---+---+---+---+---+
 5  B |   |   |   | K | W | W |   | B  |
  +---+---+---+---+---+---+---+---+---+
 6  B |   |   |   | W |   |   |   | B  |
  +---+---+---+---+---+---+---+---+---+
 7    |   |   |   | W |   |   |   |    |
  +---+---+---+---+---+---+---+---+---+
 8    |   |   |   |   |   |   | B |    |
  +---+---+---+---+---+---+---+---+---+
 9    |   |   | B | B | B |   |   |    |
  +---+---+---+---+---+---+---+---+---+
Current table:

    A   B   C   D   E   F   G   H   I
  +---+---+---+---+---+---+---+---+---+
 1    |   |   | B | B | B |   |   |    |
  +---+---+---+---+---+---+---+---+---+
 2    | B |   |   |   |   |   | B |    |
  +---+---+---+---+---+---+---+---+---+
 3    |   | W |   | W |   |   | B |    |
  +---+---+---+---+---+---+---+---+---+
 4  B |   |   | W | W |   |   |   | B  |
  +---+---+---+---+---+---+---+---+---+
 5  B |   |   | B | K | W | W |   | B  |
  +---+---+---+---+---+---+---+---+---+
 6  B |   |   |   | W |   |   |   | B  |
  +---+---+---+---+---+---+---+---+---+
 7    |   |   |   | W |   |   |   |    |
  +---+---+---+---+---+---+---+---+---+
 8    |   |   |   |   |   |   | B |    |
  +---+---+---+---+---+---+---+---+---+
 9    |   |   |   | B | B |   |   |    |
  +---+---+---+---+---+---+---+---+---+
It's your turn
Score=8
Move WHITE : c3 --> d3
After my move:

    A   B   C   D   E   F   G   H   I
  +---+---+---+---+---+---+---+---+---+
 1    |   |   | B | B | B |   |   |    |
  +---+---+---+---+---+---+---+---+---+
 2    | B |   |   |   |   |   | B |    |
  +---+---+---+---+---+---+---+---+---+
 3    |   |   | W | W |   |   | B |    |
  +---+---+---+---+---+---+---+---+---+
 4  B |   |   | W | W |   |   |   | B  |
  +---+---+---+---+---+---+---+---+---+
 5  B |   |   | B | K | W | W |   | B  |
  +---+---+---+---+---+---+---+---+---+
 6  B |   |   |   | W |   |   |   | B  |
  +---+---+---+---+---+---+---+---+---+
 7    |   |   |   | W |   |   |   |    |
  +---+---+---+---+---+---+---+---+---+
 8    |   |   |   |   |   |   | B |    |
  +---+---+---+---+---+---+---+---+---+
 9    |   |   |   | B | B |   |   |    |
  +---+---+---+---+---+---+---+---+---+
Current table:

    A   B   C   D   E   F   G   H   I
  +---+---+---+---+---+---+---+---+---+
 1    |   |   | B | B | B |   |   |    |
  +---+---+---+---+---+---+---+---+---+
 2    | B |   |   |   |   |   | B |    |
  +---+---+---+---+---+---+---+---+---+
 3    |   |   | W | W |   |   | B |    |
  +---+---+---+---+---+---+---+---+---+
 4  B |   |   | W | W |   |   |   | B  |
  +---+---+---+---+---+---+---+---+---+
 5  B |   |   | B | K | W | W |   | B  |
  +---+---+---+---+---+---+---+---+---+
 6    |   |   | B | W |   |   |   | B  |
  +---+---+---+---+---+---+---+---+---+
 7    |   |   |   | W |   |   |   |    |
  +---+---+---+---+---+---+---+---+---+
 8    |   |   |   |   |   |   | B |    |
  +---+---+---+---+---+---+---+---+---+
 9    |   |   |   | B | B |   |   |    |
  +---+---+---+---+---+---+---+---+---+
It's your turn
Score=8
Move WHITE : e6 --> f6
After my move:

    A   B   C   D   E   F   G   H   I
  +---+---+---+---+---+---+---+---+---+
 1    |   |   | B | B | B |   |   |    |
  +---+---+---+---+---+---+---+---+---+
 2    | B |   |   |   |   |   | B |    |
  +---+---+---+---+---+---+---+---+---+
 3    |   |   | W | W |   |   | B |    |
  +---+---+---+---+---+---+---+---+---+
 4  B |   |   | W | W |   |   |   | B  |
  +---+---+---+---+---+---+---+---+---+
 5  B |   |   | B | K | W | W |   | B  |
  +---+---+---+---+---+---+---+---+---+
 6    |   |   | B |   | W |   |   | B  |
  +---+---+---+---+---+---+---+---+---+
 7    |   |   |   | W |   |   |   |    |
  +---+---+---+---+---+---+---+---+---+
 8    |   |   |   |   |   |   | B |    |
  +---+---+---+---+---+---+---+---+---+
 9    |   |   |   | B | B |   |   |    |
  +---+---+---+---+---+---+---+---+---+
Current table:

    A   B   C   D   E   F   G   H   I
  +---+---+---+---+---+---+---+---+---+
 1    |   |   | B | B | B |   |   |    |
  +---+---+---+---+---+---+---+---+---+
 2    | B |   |   |   |   |   | B |    |
  +---+---+---+---+---+---+---+---+---+
 3    |   |   | W | W |   |   | B |    |
  +---+---+---+---+---+---+---+---+---+
 4  B |   |   | W | W |   |   |   | B  |
  +---+---+---+---+---+---+---+---+---+
 5  B |   |   | B | K | W | W |   | B  |
  +---+---+---+---+---+---+---+---+---+
 6    |   |   |   | B | W |   |   | B  |
  +---+---+---+---+---+---+---+---+---+
 7    |   |   |   |   |   |   |   |    |
  +---+---+---+---+---+---+---+---+---+
 8    |   |   |   |   |   |   | B |    |
  +---+---+---+---+---+---+---+---+---+
 9    |   |   |   | B | B |   |   |    |
  +---+---+---+---+---+---+---+---+---+
It's your turn
Score=7
Move WHITE : f6 --> g6
After my move:

    A   B   C   D   E   F   G   H   I
  +---+---+---+---+---+---+---+---+---+
 1    |   |   | B | B | B |   |   |    |
  +---+---+---+---+---+---+---+---+---+
 2    | B |   |   |   |   |   | B |    |
  +---+---+---+---+---+---+---+---+---+
 3    |   |   | W | W |   |   | B |    |
  +---+---+---+---+---+---+---+---+---+
 4  B |   |   | W | W |   |   |   | B  |
  +---+---+---+---+---+---+---+---+---+
 5  B |   |   | B | K | W | W |   | B  |
  +---+---+---+---+---+---+---+---+---+
 6    |   |   |   | B |   | W |   | B  |
  +---+---+---+---+---+---+---+---+---+
 7    |   |   |   |   |   |   |   |    |
  +---+---+---+---+---+---+---+---+---+
 8    |   |   |   |   |   |   | B |    |
  +---+---+---+---+---+---+---+---+---+
 9    |   |   |   | B | B |   |   |    |
  +---+---+---+---+---+---+---+---+---+
Current table:

    A   B   C   D   E   F   G   H   I
  +---+---+---+---+---+---+---+---+---+
 1    |   |   | B | B | B |   |   |    |
  +---+---+---+---+---+---+---+---+---+
 2    | B |   |   |   |   |   | B |    |
  +---+---+---+---+---+---+---+---+---+
 3    |   |   | W | W |   |   | B |    |
  +---+---+---+---+---+---+---+---+---+
 4  B |   |   | W | W |   |   |   | B  |
  +---+---+---+---+---+---+---+---+---+
 5  B |   |   | B | K | W | W |   | B  |
  +---+---+---+---+---+---+---+---+---+
 6    |   |   |   | B |   | W |   | B  |
  +---+---+---+---+---+---+---+---+---+
 7    |   |   |   |   | B |   |   |    |
  +---+---+---+---+---+---+---+---+---+
 8    |   |   |   |   |   |   | B |    |
  +---+---+---+---+---+---+---+---+---+
 9    |   |   |   | B |   |   |   |    |
  +---+---+---+---+---+---+---+---+---+
It's your turn
Score=7
Move WHITE : d4 --> c4
After my move:

    A   B   C   D   E   F   G   H   I
  +---+---+---+---+---+---+---+---+---+
 1    |   |   | B | B | B |   |   |    |
  +---+---+---+---+---+---+---+---+---+
 2    | B |   |   |   |   |   | B |    |
  +---+---+---+---+---+---+---+---+---+
 3    |   |   | W | W |   |   | B |    |
  +---+---+---+---+---+---+---+---+---+
 4  B |   | W |   | W |   |   |   | B  |
  +---+---+---+---+---+---+---+---+---+
 5  B |   |   | B | K | W | W |   | B  |
  +---+---+---+---+---+---+---+---+---+
 6    |   |   |   | B |   | W |   | B  |
  +---+---+---+---+---+---+---+---+---+
 7    |   |   |   |   | B |   |   |    |
  +---+---+---+---+---+---+---+---+---+
 8    |   |   |   |   |   |   | B |    |
  +---+---+---+---+---+---+---+---+---+
 9    |   |   |   | B |   |   |   |    |
  +---+---+---+---+---+---+---+---+---+
Current table:

    A   B   C   D   E   F   G   H   I
  +---+---+---+---+---+---+---+---+---+
 1    |   |   | B | B | B |   |   |    |
  +---+---+---+---+---+---+---+---+---+
 2    | B |   |   |   |   |   | B |    |
  +---+---+---+---+---+---+---+---+---+
 3    |   |   | W | W |   |   | B |    |
  +---+---+---+---+---+---+---+---+---+
 4  B |   | W |   | W |   |   |   | B  |
  +---+---+---+---+---+---+---+---+---+
 5  B |   |   | B | K | W | W |   | B  |
  +---+---+---+---+---+---+---+---+---+
 6    |   |   |   | B |   | W |   | B  |
  +---+---+---+---+---+---+---+---+---+
 7    |   |   |   |   |   | B |   |    |
  +---+---+---+---+---+---+---+---+---+
 8    |   |   |   |   |   |   | B |    |
  +---+---+---+---+---+---+---+---+---+
 9    |   |   |   | B |   |   |   |    |
  +---+---+---+---+---+---+---+---+---+
It's your turn
Score=7
Move WHITE : c4 --> c3
After my move:

    A   B   C   D   E   F   G   H   I
  +---+---+---+---+---+---+---+---+---+
 1    |   |   | B | B | B |   |   |    |
  +---+---+---+---+---+---+---+---+---+
 2    | B |   |   |   |   |   | B |    |
  +---+---+---+---+---+---+---+---+---+
 3    |   | W | W | W |   |   | B |    |
  +---+---+---+---+---+---+---+---+---+
 4  B |   |   |   | W |   |   |   | B  |
  +---+---+---+---+---+---+---+---+---+
 5  B |   |   | B | K | W | W |   | B  |
  +---+---+---+---+---+---+---+---+---+
 6    |   |   |   | B |   | W |   | B  |
  +---+---+---+---+---+---+---+---+---+
 7    |   |   |   |   |   | B |   |    |
  +---+---+---+---+---+---+---+---+---+
 8    |   |   |   |   |   |   | B |    |
  +---+---+---+---+---+---+---+---+---+
 9    |   |   |   | B |   |   |   |    |
  +---+---+---+---+---+---+---+---+---+
Current table:

    A   B   C   D   E   F   G   H   I
  +---+---+---+---+---+---+---+---+---+
 1    |   |   | B | B | B |   |   |    |
  +---+---+---+---+---+---+---+---+---+
 2    | B |   |   |   |   |   | B |    |
  +---+---+---+---+---+---+---+---+---+
 3    |   | W | W | W |   |   | B |    |
  +---+---+---+---+---+---+---+---+---+
 4    |   | B |   | W |   |   |   | B  |
  +---+---+---+---+---+---+---+---+---+
 5  B |   |   | B | K | W | W |   | B  |
  +---+---+---+---+---+---+---+---+---+
 6    |   |   |   | B |   | W |   | B  |
  +---+---+---+---+---+---+---+---+---+
 7    |   |   |   |   |   | B |   |    |
  +---+---+---+---+---+---+---+---+---+
 8    |   |   |   |   |   |   | B |    |
  +---+---+---+---+---+---+---+---+---+
 9    |   |   |   | B |   |   |   |    |
  +---+---+---+---+---+---+---+---+---+
It's your turn
Score=6
Move WHITE : c3 --> c2
After my move:

    A   B   C   D   E   F   G   H   I
  +---+---+---+---+---+---+---+---+---+
 1    |   |   | B | B | B |   |   |    |
  +---+---+---+---+---+---+---+---+---+
 2    | B | W |   |   |   |   | B |    |
  +---+---+---+---+---+---+---+---+---+
 3    |   |   | W | W |   |   | B |    |
  +---+---+---+---+---+---+---+---+---+
 4    |   | B |   | W |   |   |   | B  |
  +---+---+---+---+---+---+---+---+---+
 5  B |   |   | B | K | W | W |   | B  |
  +---+---+---+---+---+---+---+---+---+
 6    |   |   |   | B |   | W |   | B  |
  +---+---+---+---+---+---+---+---+---+
 7    |   |   |   |   |   | B |   |    |
  +---+---+---+---+---+---+---+---+---+
 8    |   |   |   |   |   |   | B |    |
  +---+---+---+---+---+---+---+---+---+
 9    |   |   |   | B |   |   |   |    |
  +---+---+---+---+---+---+---+---+---+
Current table:

    A   B   C   D   E   F   G   H   I
  +---+---+---+---+---+---+---+---+---+
 1    |   |   | B | B | B |   |   |    |
  +---+---+---+---+---+---+---+---+---+
 2    | B | W |   |   |   |   | B |    |
  +---+---+---+---+---+---+---+---+---+
 3    |   |   | W | W |   |   | B |    |
  +---+---+---+---+---+---+---+---+---+
 4    |   |   |   | W |   |   |   | B  |
  +---+---+---+---+---+---+---+---+---+
 5  B |   |   | B | K | W | W |   | B  |
  +---+---+---+---+---+---+---+---+---+
 6    |   |   |   | B |   | W |   | B  |
  +---+---+---+---+---+---+---+---+---+
 7    |   | B |   |   |   | B |   |    |
  +---+---+---+---+---+---+---+---+---+
 8    |   |   |   |   |   |   | B |    |
  +---+---+---+---+---+---+---+---+---+
 9    |   |   |   | B |   |   |   |    |
  +---+---+---+---+---+---+---+---+---+
It's your turn
Score=7
Move WHITE : c2 --> c3
After my move:

    A   B   C   D   E   F   G   H   I
  +---+---+---+---+---+---+---+---+---+
 1    |   |   | B | B | B |   |   |    |
  +---+---+---+---+---+---+---+---+---+
 2    | B |   |   |   |   |   | B |    |
  +---+---+---+---+---+---+---+---+---+
 3    |   | W | W | W |   |   | B |    |
  +---+---+---+---+---+---+---+---+---+
 4    |   |   |   | W |   |   |   | B  |
  +---+---+---+---+---+---+---+---+---+
 5  B |   |   | B | K | W | W |   | B  |
  +---+---+---+---+---+---+---+---+---+
 6    |   |   |   | B |   | W |   | B  |
  +---+---+---+---+---+---+---+---+---+
 7    |   | B |   |   |   | B |   |    |
  +---+---+---+---+---+---+---+---+---+
 8    |   |   |   |   |   |   | B |    |
  +---+---+---+---+---+---+---+---+---+
 9    |   |   |   | B |   |   |   |    |
  +---+---+---+---+---+---+---+---+---+
Current table:

    A   B   C   D   E   F   G   H   I
  +---+---+---+---+---+---+---+---+---+
 1    |   |   | B | B | B |   |   |    |
  +---+---+---+---+---+---+---+---+---+
 2    | B |   |   |   |   |   | B |    |
  +---+---+---+---+---+---+---+---+---+
 3    |   | W | W | W |   |   | B |    |
  +---+---+---+---+---+---+---+---+---+
 4    |   |   |   | W |   |   |   | B  |
  +---+---+---+---+---+---+---+---+---+
 5  B |   |   | B | K | W | W |   | B  |
  +---+---+---+---+---+---+---+---+---+
 6    |   |   |   | B |   | W |   | B  |
  +---+---+---+---+---+---+---+---+---+
 7    |   |   |   |   |   | B |   |    |
  +---+---+---+---+---+---+---+---+---+
 8    |   | B |   |   |   |   | B |    |
  +---+---+---+---+---+---+---+---+---+
 9    |   |   |   | B |   |   |   |    |
  +---+---+---+---+---+---+---+---+---+
It's your turn
Score=7
Move WHITE : c3 --> c4
After my move:

    A   B   C   D   E   F   G   H   I
  +---+---+---+---+---+---+---+---+---+
 1    |   |   | B | B | B |   |   |    |
  +---+---+---+---+---+---+---+---+---+
 2    | B |   |   |   |   |   | B |    |
  +---+---+---+---+---+---+---+---+---+
 3    |   |   | W | W |   |   | B |    |
  +---+---+---+---+---+---+---+---+---+
 4    |   | W |   | W |   |   |   | B  |
  +---+---+---+---+---+---+---+---+---+
 5  B |   |   | B | K | W | W |   | B  |
  +---+---+---+---+---+---+---+---+---+
 6    |   |   |   | B |   | W |   | B  |
  +---+---+---+---+---+---+---+---+---+
 7    |   |   |   |   |   | B |   |    |
  +---+---+---+---+---+---+---+---+---+
 8    |   | B |   |   |   |   | B |    |
  +---+---+---+---+---+---+---+---+---+
 9    |   |   |   | B |   |   |   |    |
  +---+---+---+---+---+---+---+---+---+
Current table:

    A   B   C   D   E   F   G   H   I
  +---+---+---+---+---+---+---+---+---+
 1    |   |   | B | B | B |   |   |    |
  +---+---+---+---+---+---+---+---+---+
 2    | B |   |   |   |   |   | B |    |
  +---+---+---+---+---+---+---+---+---+
 3    |   |   | W | W |   |   | B |    |
  +---+---+---+---+---+---+---+---+---+
 4    |   | W |   | W |   |   |   | B  |
  +---+---+---+---+---+---+---+---+---+
 5  B |   |   | B | K | W | W |   | B  |
  +---+---+---+---+---+---+---+---+---+
 6    |   |   |   | B |   | W |   | B  |
  +---+---+---+---+---+---+---+---+---+
 7    |   |   |   |   |   | B |   |    |
  +---+---+---+---+---+---+---+---+---+
 8    | B |   |   |   |   |   | B |    |
  +---+---+---+---+---+---+---+---+---+
 9    |   |   |   | B |   |   |   |    |
  +---+---+---+---+---+---+---+---+---+
It's your turn
Score=7
Move WHITE : c4 --> c3
After my move:

    A   B   C   D   E   F   G   H   I
  +---+---+---+---+---+---+---+---+---+
 1    |   |   | B | B | B |   |   |    |
  +---+---+---+---+---+---+---+---+---+
 2    | B |   |   |   |   |   | B |    |
  +---+---+---+---+---+---+---+---+---+
 3    |   | W | W | W |   |   | B |    |
  +---+---+---+---+---+---+---+---+---+
 4    |   |   |   | W |   |   |   | B  |
  +---+---+---+---+---+---+---+---+---+
 5  B |   |   | B | K | W | W |   | B  |
  +---+---+---+---+---+---+---+---+---+
 6    |   |   |   | B |   | W |   | B  |
  +---+---+---+---+---+---+---+---+---+
 7    |   |   |   |   |   | B |   |    |
  +---+---+---+---+---+---+---+---+---+
 8    | B |   |   |   |   |   | B |    |
  +---+---+---+---+---+---+---+---+---+
 9    |   |   |   | B |   |   |   |    |
  +---+---+---+---+---+---+---+---+---+
Current table:

    A   B   C   D   E   F   G   H   I
  +---+---+---+---+---+---+---+---+---+
 1    |   |   |   | B | B |   |   |    |
  +---+---+---+---+---+---+---+---+---+
 2    | B |   | B |   |   |   | B |    |
  +---+---+---+---+---+---+---+---+---+
 3    |   | W | W | W |   |   | B |    |
  +---+---+---+---+---+---+---+---+---+
 4    |   |   |   | W |   |   |   | B  |
  +---+---+---+---+---+---+---+---+---+
 5  B |   |   | B | K | W | W |   | B  |
  +---+---+---+---+---+---+---+---+---+
 6    |   |   |   | B |   | W |   | B  |
  +---+---+---+---+---+---+---+---+---+
 7    |   |   |   |   |   | B |   |    |
  +---+---+---+---+---+---+---+---+---+
 8    | B |   |   |   |   |   | B |    |
  +---+---+---+---+---+---+---+---+---+
 9    |   |   |   | B |   |   |   |    |
  +---+---+---+---+---+---+---+---+---+
It's your turn
Score=7
Move WHITE : c3 --> c2
After my move:

    A   B   C   D   E   F   G   H   I
  +---+---+---+---+---+---+---+---+---+
 1    |   |   |   | B | B |   |   |    |
  +---+---+---+---+---+---+---+---+---+
 2    | B | W |   |   |   |   | B |    |
  +---+---+---+---+---+---+---+---+---+
 3    |   |   | W | W |   |   | B |    |
  +---+---+---+---+---+---+---+---+---+
 4    |   |   |   | W |   |   |   | B  |
  +---+---+---+---+---+---+---+---+---+
 5  B |   |   | B | K | W | W |   | B  |
  +---+---+---+---+---+---+---+---+---+
 6    |   |   |   | B |   | W |   | B  |
  +---+---+---+---+---+---+---+---+---+
 7    |   |   |   |   |   | B |   |    |
  +---+---+---+---+---+---+---+---+---+
 8    | B |   |   |   |   |   | B |    |
  +---+---+---+---+---+---+---+---+---+
 9    |   |   |   | B |   |   |   |    |
  +---+---+---+---+---+---+---+---+---+
Current table:

    A   B   C   D   E   F   G   H   I
  +---+---+---+---+---+---+---+---+---+
 1    |   |   |   | B |   | B |   |    |
  +---+---+---+---+---+---+---+---+---+
 2    | B | W |   |   |   |   | B |    |
  +---+---+---+---+---+---+---+---+---+
 3    |   |   | W | W |   |   | B |    |
  +---+---+---+---+---+---+---+---+---+
 4    |   |   |   | W |   |   |   | B  |
  +---+---+---+---+---+---+---+---+---+
 5  B |   |   | B | K | W | W |   | B  |
  +---+---+---+---+---+---+---+---+---+
 6    |   |   |   | B |   | W |   | B  |
  +---+---+---+---+---+---+---+---+---+
 7    |   |   |   |   |   | B |   |    |
  +---+---+---+---+---+---+---+---+---+
 8    | B |   |   |   |   |   | B |    |
  +---+---+---+---+---+---+---+---+---+
 9    |   |   |   | B |   |   |   |    |
  +---+---+---+---+---+---+---+---+---+
It's your turn
Score=7
Move WHITE : c2 --> c3
After my move:

    A   B   C   D   E   F   G   H   I
  +---+---+---+---+---+---+---+---+---+
 1    |   |   |   | B |   | B |   |    |
  +---+---+---+---+---+---+---+---+---+
 2    | B |   |   |   |   |   | B |    |
  +---+---+---+---+---+---+---+---+---+
 3    |   | W | W | W |   |   | B |    |
  +---+---+---+---+---+---+---+---+---+
 4    |   |   |   | W |   |   |   | B  |
  +---+---+---+---+---+---+---+---+---+
 5  B |   |   | B | K | W | W |   | B  |
  +---+---+---+---+---+---+---+---+---+
 6    |   |   |   | B |   | W |   | B  |
  +---+---+---+---+---+---+---+---+---+
 7    |   |   |   |   |   | B |   |    |
  +---+---+---+---+---+---+---+---+---+
 8    | B |   |   |   |   |   | B |    |
  +---+---+---+---+---+---+---+---+---+
 9    |   |   |   | B |   |   |   |    |
  +---+---+---+---+---+---+---+---+---+
Current table:

    A   B   C   D   E   F   G   H   I
  +---+---+---+---+---+---+---+---+---+
 1    |   |   |   | B |   |   |   |    |
  +---+---+---+---+---+---+---+---+---+
 2    | B |   |   |   |   | B | B |    |
  +---+---+---+---+---+---+---+---+---+
 3    |   | W | W | W |   |   | B |    |
  +---+---+---+---+---+---+---+---+---+
 4    |   |   |   | W |   |   |   | B  |
  +---+---+---+---+---+---+---+---+---+
 5  B |   |   | B | K | W | W |   | B  |
  +---+---+---+---+---+---+---+---+---+
 6    |   |   |   | B |   | W |   | B  |
  +---+---+---+---+---+---+---+---+---+
 7    |   |   |   |   |   | B |   |    |
  +---+---+---+---+---+---+---+---+---+
 8    | B |   |   |   |   |   | B |    |
  +---+---+---+---+---+---+---+---+---+
 9    |   |   |   | B |   |   |   |    |
  +---+---+---+---+---+---+---+---+---+
It's your turn
Score=7
Move WHITE : c3 --> c2
After my move:

    A   B   C   D   E   F   G   H   I
  +---+---+---+---+---+---+---+---+---+
 1    |   |   |   | B |   |   |   |    |
  +---+---+---+---+---+---+---+---+---+
 2    | B | W |   |   |   | B | B |    |
  +---+---+---+---+---+---+---+---+---+
 3    |   |   | W | W |   |   | B |    |
  +---+---+---+---+---+---+---+---+---+
 4    |   |   |   | W |   |   |   | B  |
  +---+---+---+---+---+---+---+---+---+
 5  B |   |   | B | K | W | W |   | B  |
  +---+---+---+---+---+---+---+---+---+
 6    |   |   |   | B |   | W |   | B  |
  +---+---+---+---+---+---+---+---+---+
 7    |   |   |   |   |   | B |   |    |
  +---+---+---+---+---+---+---+---+---+
 8    | B |   |   |   |   |   | B |    |
  +---+---+---+---+---+---+---+---+---+
 9    |   |   |   | B |   |   |   |    |
  +---+---+---+---+---+---+---+---+---+
Current table:

    A   B   C   D   E   F   G   H   I
  +---+---+---+---+---+---+---+---+---+
 1    |   |   |   | B |   |   |   |    |
  +---+---+---+---+---+---+---+---+---+
 2    | B | W |   |   |   |   | B |    |
  +---+---+---+---+---+---+---+---+---+
 3    |   |   | W | W |   | B | B |    |
  +---+---+---+---+---+---+---+---+---+
 4    |   |   |   | W |   |   |   | B  |
  +---+---+---+---+---+---+---+---+---+
 5  B |   |   | B | K | W | W |   | B  |
  +---+---+---+---+---+---+---+---+---+
 6    |   |   |   | B |   | W |   | B  |
  +---+---+---+---+---+---+---+---+---+
 7    |   |   |   |   |   | B |   |    |
  +---+---+---+---+---+---+---+---+---+
 8    | B |   |   |   |   |   | B |    |
  +---+---+---+---+---+---+---+---+---+
 9    |   |   |   | B |   |   |   |    |
  +---+---+---+---+---+---+---+---+---+
It's your turn
Score=7
Move WHITE : c2 --> c3
After my move:

    A   B   C   D   E   F   G   H   I
  +---+---+---+---+---+---+---+---+---+
 1    |   |   |   | B |   |   |   |    |
  +---+---+---+---+---+---+---+---+---+
 2    | B |   |   |   |   |   | B |    |
  +---+---+---+---+---+---+---+---+---+
 3    |   | W | W | W |   | B | B |    |
  +---+---+---+---+---+---+---+---+---+
 4    |   |   |   | W |   |   |   | B  |
  +---+---+---+---+---+---+---+---+---+
 5  B |   |   | B | K | W | W |   | B  |
  +---+---+---+---+---+---+---+---+---+
 6    |   |   |   | B |   | W |   | B  |
  +---+---+---+---+---+---+---+---+---+
 7    |   |   |   |   |   | B |   |    |
  +---+---+---+---+---+---+---+---+---+
 8    | B |   |   |   |   |   | B |    |
  +---+---+---+---+---+---+---+---+---+
 9    |   |   |   | B |   |   |   |    |
  +---+---+---+---+---+---+---+---+---+
Current table:

    A   B   C   D   E   F   G   H   I
  +---+---+---+---+---+---+---+---+---+
 1    |   |   |   | B |   |   |   |    |
  +---+---+---+---+---+---+---+---+---+
 2    | B |   |   |   |   | B | B |    |
  +---+---+---+---+---+---+---+---+---+
 3    |   | W | W | W |   |   | B |    |
  +---+---+---+---+---+---+---+---+---+
 4    |   |   |   | W |   |   |   | B  |
  +---+---+---+---+---+---+---+---+---+
 5  B |   |   | B | K | W | W |   | B  |
  +---+---+---+---+---+---+---+---+---+
 6    |   |   |   | B |   | W |   | B  |
  +---+---+---+---+---+---+---+---+---+
 7    |   |   |   |   |   | B |   |    |
  +---+---+---+---+---+---+---+---+---+
 8    | B |   |   |   |   |   | B |    |
  +---+---+---+---+---+---+---+---+---+
 9    |   |   |   | B |   |   |   |    |
  +---+---+---+---+---+---+---+---+---+
It's a draw!
